[2025-12-21T07:53:27.606+0000] {taskinstance.py:1979} INFO - Dependencies all met for dep_context=non-requeueable deps ti=<TaskInstance: air_pollution_pipeline.merge_raw_data manual__2025-12-21T07:48:25.197462+00:00 [queued]>
[2025-12-21T07:53:27.615+0000] {taskinstance.py:1979} INFO - Dependencies all met for dep_context=requeueable deps ti=<TaskInstance: air_pollution_pipeline.merge_raw_data manual__2025-12-21T07:48:25.197462+00:00 [queued]>
[2025-12-21T07:53:27.615+0000] {taskinstance.py:2193} INFO - Starting attempt 2 of 2
[2025-12-21T07:53:27.627+0000] {taskinstance.py:2217} INFO - Executing <Task(BashOperator): merge_raw_data> on 2025-12-21 07:48:25.197462+00:00
[2025-12-21T07:53:27.634+0000] {standard_task_runner.py:60} INFO - Started process 152 to run task
[2025-12-21T07:53:27.637+0000] {standard_task_runner.py:87} INFO - Running: ['***', 'tasks', 'run', 'air_pollution_pipeline', 'merge_raw_data', 'manual__2025-12-21T07:48:25.197462+00:00', '--job-id', '21', '--raw', '--subdir', 'DAGS_FOLDER/air_pollution_dag.py', '--cfg-path', '/tmp/tmpszi9_qfu']
[2025-12-21T07:53:27.639+0000] {standard_task_runner.py:88} INFO - Job 21: Subtask merge_raw_data
[2025-12-21T07:53:27.700+0000] {task_command.py:423} INFO - Running <TaskInstance: air_pollution_pipeline.merge_raw_data manual__2025-12-21T07:48:25.197462+00:00 [running]> on host 78c2b61eb653
[2025-12-21T07:53:27.772+0000] {taskinstance.py:2513} INFO - Exporting env vars: AIRFLOW_CTX_DAG_OWNER='***' AIRFLOW_CTX_DAG_ID='air_pollution_pipeline' AIRFLOW_CTX_TASK_ID='merge_raw_data' AIRFLOW_CTX_EXECUTION_DATE='2025-12-21T07:48:25.197462+00:00' AIRFLOW_CTX_TRY_NUMBER='2' AIRFLOW_CTX_DAG_RUN_ID='manual__2025-12-21T07:48:25.197462+00:00'
[2025-12-21T07:53:27.774+0000] {subprocess.py:63} INFO - Tmp dir root location: /tmp
[2025-12-21T07:53:27.776+0000] {subprocess.py:75} INFO - Running command: ['/usr/bin/bash', '-c', 'python /opt/***/spark/merge.py']
[2025-12-21T07:53:27.791+0000] {subprocess.py:86} INFO - Output:
[2025-12-21T07:53:27.830+0000] {subprocess.py:93} INFO - Traceback (most recent call last):
[2025-12-21T07:53:27.831+0000] {subprocess.py:93} INFO -   File "/opt/***/spark/merge.py", line 1, in <module>
[2025-12-21T07:53:27.831+0000] {subprocess.py:93} INFO -     from pyspark.sql import SparkSession
[2025-12-21T07:53:27.832+0000] {subprocess.py:93} INFO - ModuleNotFoundError: No module named 'pyspark'
[2025-12-21T07:53:27.833+0000] {subprocess.py:97} INFO - Command exited with return code 1
[2025-12-21T07:53:27.846+0000] {taskinstance.py:2731} ERROR - Task failed with exception
Traceback (most recent call last):
  File "/home/airflow/.local/lib/python3.8/site-packages/airflow/models/taskinstance.py", line 444, in _execute_task
    result = _execute_callable(context=context, **execute_callable_kwargs)
  File "/home/airflow/.local/lib/python3.8/site-packages/airflow/models/taskinstance.py", line 414, in _execute_callable
    return execute_callable(context=context, **execute_callable_kwargs)
  File "/home/airflow/.local/lib/python3.8/site-packages/airflow/operators/bash.py", line 212, in execute
    raise AirflowException(
airflow.exceptions.AirflowException: Bash command failed. The command returned a non-zero exit code 1.
[2025-12-21T07:53:27.849+0000] {taskinstance.py:1149} INFO - Marking task as FAILED. dag_id=air_pollution_pipeline, task_id=merge_raw_data, execution_date=20251221T074825, start_date=20251221T075327, end_date=20251221T075327
[2025-12-21T07:53:27.861+0000] {standard_task_runner.py:107} ERROR - Failed to execute job 21 for task merge_raw_data (Bash command failed. The command returned a non-zero exit code 1.; 152)
[2025-12-21T07:53:27.892+0000] {local_task_job_runner.py:234} INFO - Task exited with return code 1
[2025-12-21T07:53:27.917+0000] {taskinstance.py:3312} INFO - 0 downstream tasks scheduled from follow-on schedule check
