[2025-12-21T09:49:03.546+0000] {taskinstance.py:1979} INFO - Dependencies all met for dep_context=non-requeueable deps ti=<TaskInstance: air_pollution_pipeline.transform_data manual__2025-12-21T09:35:30.119293+00:00 [queued]>
[2025-12-21T09:49:03.570+0000] {taskinstance.py:1979} INFO - Dependencies all met for dep_context=requeueable deps ti=<TaskInstance: air_pollution_pipeline.transform_data manual__2025-12-21T09:35:30.119293+00:00 [queued]>
[2025-12-21T09:49:03.571+0000] {taskinstance.py:2193} INFO - Starting attempt 1 of 2
[2025-12-21T09:49:03.594+0000] {taskinstance.py:2217} INFO - Executing <Task(BashOperator): transform_data> on 2025-12-21 09:35:30.119293+00:00
[2025-12-21T09:49:03.606+0000] {standard_task_runner.py:60} INFO - Started process 1262 to run task
[2025-12-21T09:49:03.612+0000] {standard_task_runner.py:87} INFO - Running: ['***', 'tasks', 'run', 'air_pollution_pipeline', 'transform_data', 'manual__2025-12-21T09:35:30.119293+00:00', '--job-id', '55', '--raw', '--subdir', 'DAGS_FOLDER/air_pollution_dag.py', '--cfg-path', '/tmp/tmpp76bn7gn']
[2025-12-21T09:49:03.615+0000] {standard_task_runner.py:88} INFO - Job 55: Subtask transform_data
[2025-12-21T09:49:03.703+0000] {task_command.py:423} INFO - Running <TaskInstance: air_pollution_pipeline.transform_data manual__2025-12-21T09:35:30.119293+00:00 [running]> on host 4e070c5d590e
[2025-12-21T09:49:03.851+0000] {taskinstance.py:2513} INFO - Exporting env vars: AIRFLOW_CTX_DAG_OWNER='***' AIRFLOW_CTX_DAG_ID='air_pollution_pipeline' AIRFLOW_CTX_TASK_ID='transform_data' AIRFLOW_CTX_EXECUTION_DATE='2025-12-21T09:35:30.119293+00:00' AIRFLOW_CTX_TRY_NUMBER='1' AIRFLOW_CTX_DAG_RUN_ID='manual__2025-12-21T09:35:30.119293+00:00'
[2025-12-21T09:49:03.855+0000] {subprocess.py:63} INFO - Tmp dir root location: /tmp
[2025-12-21T09:49:03.860+0000] {subprocess.py:75} INFO - Running command: ['/usr/bin/bash', '-c', 'python /opt/***/spark/transform.py']
[2025-12-21T09:49:03.888+0000] {subprocess.py:86} INFO - Output:
[2025-12-21T09:49:07.756+0000] {subprocess.py:93} INFO - Setting default log level to "WARN".
[2025-12-21T09:49:07.757+0000] {subprocess.py:93} INFO - To adjust logging level use sc.setLogLevel(newLevel). For SparkR, use setLogLevel(newLevel).
[2025-12-21T09:49:08.343+0000] {subprocess.py:93} INFO - 25/12/21 09:49:08 WARN NativeCodeLoader: Unable to load native-hadoop library for your platform... using builtin-java classes where applicable
[2025-12-21T09:49:25.403+0000] {subprocess.py:93} INFO - [Stage 0:>                                                          (0 + 1) / 1]                                                                                [Stage 1:>                                                          (0 + 1) / 1]                                                                                [Stage 6:>                                                          (0 + 1) / 1]                                                                                root
[2025-12-21T09:49:25.404+0000] {subprocess.py:93} INFO -  |-- City: string (nullable = true)
[2025-12-21T09:49:25.405+0000] {subprocess.py:93} INFO -  |-- Date: timestamp (nullable = true)
[2025-12-21T09:49:25.406+0000] {subprocess.py:93} INFO -  |-- PM2_5: double (nullable = true)
[2025-12-21T09:49:25.406+0000] {subprocess.py:93} INFO -  |-- PM10: double (nullable = true)
[2025-12-21T09:49:25.407+0000] {subprocess.py:93} INFO -  |-- NO2: double (nullable = true)
[2025-12-21T09:49:25.409+0000] {subprocess.py:93} INFO -  |-- SO2: double (nullable = true)
[2025-12-21T09:49:25.410+0000] {subprocess.py:93} INFO -  |-- AQI: double (nullable = true)
[2025-12-21T09:49:25.411+0000] {subprocess.py:93} INFO -  |-- AQI_Category: string (nullable = false)
[2025-12-21T09:49:25.412+0000] {subprocess.py:93} INFO - 
[2025-12-21T09:49:25.412+0000] {subprocess.py:93} INFO - +----------+-------------------+------+------+-----+----+------+------------+
[2025-12-21T09:49:25.413+0000] {subprocess.py:93} INFO - |City      |Date               |PM2_5 |PM10  |NO2  |SO2 |AQI   |AQI_Category|
[2025-12-21T09:49:25.414+0000] {subprocess.py:93} INFO - +----------+-------------------+------+------+-----+----+------+------------+
[2025-12-21T09:49:25.415+0000] {subprocess.py:93} INFO - |Agartala  |2025-12-18 14:00:00|31.0  |63.0  |13.0 |8.0 |63.0  |Satisfactory|
[2025-12-21T09:49:25.416+0000] {subprocess.py:93} INFO - |Agra      |2025-12-18 14:00:00|150.0 |145.6 |21.33|26.0|150.0 |Moderate    |
[2025-12-21T09:49:25.417+0000] {subprocess.py:93} INFO - |Ahmedabad |2025-12-18 14:00:00|115.57|124.38|55.14|25.0|124.38|Moderate    |
[2025-12-21T09:49:25.418+0000] {subprocess.py:93} INFO - |Ahmednagar|2025-12-18 14:00:00|88.0  |103.0 |21.0 |4.0 |103.0 |Moderate    |
[2025-12-21T09:49:25.418+0000] {subprocess.py:93} INFO - |Aizawl    |2025-12-18 14:00:00|38.0  |37.0  |NULL |14.0|38.0  |Good        |
[2025-12-21T09:49:25.419+0000] {subprocess.py:93} INFO - |Ajmer     |2025-12-18 14:00:00|77.0  |117.0 |18.0 |19.0|117.0 |Moderate    |
[2025-12-21T09:49:25.420+0000] {subprocess.py:93} INFO - |Akola     |2025-12-18 14:00:00|78.0  |89.0  |39.0 |11.0|89.0  |Satisfactory|
[2025-12-21T09:49:25.421+0000] {subprocess.py:93} INFO - |Alwar     |2025-12-18 14:00:00|58.0  |85.0  |69.0 |35.0|85.0  |Satisfactory|
[2025-12-21T09:49:25.422+0000] {subprocess.py:93} INFO - |Amaravati |2025-12-18 14:00:00|150.0 |154.0 |61.0 |11.0|154.0 |Moderate    |
[2025-12-21T09:49:25.423+0000] {subprocess.py:93} INFO - |Ambala    |2025-12-18 14:00:00|159.0 |115.0 |22.0 |31.0|159.0 |Moderate    |
[2025-12-21T09:49:25.424+0000] {subprocess.py:93} INFO - +----------+-------------------+------+------+-----+----+------+------------+
[2025-12-21T09:49:25.424+0000] {subprocess.py:93} INFO - only showing top 10 rows
[2025-12-21T09:49:25.425+0000] {subprocess.py:93} INFO - 
[2025-12-21T09:49:25.976+0000] {subprocess.py:97} INFO - Command exited with return code 0
[2025-12-21T09:49:26.013+0000] {taskinstance.py:1149} INFO - Marking task as SUCCESS. dag_id=air_pollution_pipeline, task_id=transform_data, execution_date=20251221T093530, start_date=20251221T094903, end_date=20251221T094926
[2025-12-21T09:49:26.052+0000] {local_task_job_runner.py:234} INFO - Task exited with return code 0
[2025-12-21T09:49:26.084+0000] {taskinstance.py:3312} INFO - 1 downstream tasks scheduled from follow-on schedule check
