[2025-12-21T09:01:40.332+0000] {taskinstance.py:1979} INFO - Dependencies all met for dep_context=non-requeueable deps ti=<TaskInstance: air_pollution_pipeline.merge_raw_data manual__2025-12-21T08:56:38.390544+00:00 [queued]>
[2025-12-21T09:01:40.344+0000] {taskinstance.py:1979} INFO - Dependencies all met for dep_context=requeueable deps ti=<TaskInstance: air_pollution_pipeline.merge_raw_data manual__2025-12-21T08:56:38.390544+00:00 [queued]>
[2025-12-21T09:01:40.345+0000] {taskinstance.py:2193} INFO - Starting attempt 2 of 2
[2025-12-21T09:01:40.359+0000] {taskinstance.py:2217} INFO - Executing <Task(BashOperator): merge_raw_data> on 2025-12-21 08:56:38.390544+00:00
[2025-12-21T09:01:40.366+0000] {standard_task_runner.py:60} INFO - Started process 152 to run task
[2025-12-21T09:01:40.370+0000] {standard_task_runner.py:87} INFO - Running: ['***', 'tasks', 'run', 'air_pollution_pipeline', 'merge_raw_data', 'manual__2025-12-21T08:56:38.390544+00:00', '--job-id', '33', '--raw', '--subdir', 'DAGS_FOLDER/air_pollution_dag.py', '--cfg-path', '/tmp/tmpkev6cbq3']
[2025-12-21T09:01:40.372+0000] {standard_task_runner.py:88} INFO - Job 33: Subtask merge_raw_data
[2025-12-21T09:01:40.434+0000] {task_command.py:423} INFO - Running <TaskInstance: air_pollution_pipeline.merge_raw_data manual__2025-12-21T08:56:38.390544+00:00 [running]> on host beaa3f3d5a49
[2025-12-21T09:01:40.515+0000] {taskinstance.py:2513} INFO - Exporting env vars: AIRFLOW_CTX_DAG_OWNER='***' AIRFLOW_CTX_DAG_ID='air_pollution_pipeline' AIRFLOW_CTX_TASK_ID='merge_raw_data' AIRFLOW_CTX_EXECUTION_DATE='2025-12-21T08:56:38.390544+00:00' AIRFLOW_CTX_TRY_NUMBER='2' AIRFLOW_CTX_DAG_RUN_ID='manual__2025-12-21T08:56:38.390544+00:00'
[2025-12-21T09:01:40.517+0000] {subprocess.py:63} INFO - Tmp dir root location: /tmp
[2025-12-21T09:01:40.518+0000] {subprocess.py:75} INFO - Running command: ['/usr/bin/bash', '-c', 'python /opt/***/spark/merge.py']
[2025-12-21T09:01:40.532+0000] {subprocess.py:86} INFO - Output:
[2025-12-21T09:01:40.579+0000] {subprocess.py:93} INFO - Traceback (most recent call last):
[2025-12-21T09:01:40.580+0000] {subprocess.py:93} INFO -   File "/opt/***/spark/merge.py", line 1, in <module>
[2025-12-21T09:01:40.581+0000] {subprocess.py:93} INFO -     from pyspark.sql import SparkSession
[2025-12-21T09:01:40.582+0000] {subprocess.py:93} INFO - ModuleNotFoundError: No module named 'pyspark'
[2025-12-21T09:01:40.583+0000] {subprocess.py:97} INFO - Command exited with return code 1
[2025-12-21T09:01:40.597+0000] {taskinstance.py:2731} ERROR - Task failed with exception
Traceback (most recent call last):
  File "/home/airflow/.local/lib/python3.8/site-packages/airflow/models/taskinstance.py", line 444, in _execute_task
    result = _execute_callable(context=context, **execute_callable_kwargs)
  File "/home/airflow/.local/lib/python3.8/site-packages/airflow/models/taskinstance.py", line 414, in _execute_callable
    return execute_callable(context=context, **execute_callable_kwargs)
  File "/home/airflow/.local/lib/python3.8/site-packages/airflow/operators/bash.py", line 212, in execute
    raise AirflowException(
airflow.exceptions.AirflowException: Bash command failed. The command returned a non-zero exit code 1.
[2025-12-21T09:01:40.602+0000] {taskinstance.py:1149} INFO - Marking task as FAILED. dag_id=air_pollution_pipeline, task_id=merge_raw_data, execution_date=20251221T085638, start_date=20251221T090140, end_date=20251221T090140
[2025-12-21T09:01:40.619+0000] {standard_task_runner.py:107} ERROR - Failed to execute job 33 for task merge_raw_data (Bash command failed. The command returned a non-zero exit code 1.; 152)
[2025-12-21T09:01:40.663+0000] {local_task_job_runner.py:234} INFO - Task exited with return code 1
[2025-12-21T09:01:40.692+0000] {taskinstance.py:3312} INFO - 0 downstream tasks scheduled from follow-on schedule check
