[2025-12-21T09:20:05.080+0000] {taskinstance.py:1979} INFO - Dependencies all met for dep_context=non-requeueable deps ti=<TaskInstance: air_pollution_pipeline.merge_raw_data manual__2025-12-21T08:56:38.390544+00:00 [queued]>
[2025-12-21T09:20:05.090+0000] {taskinstance.py:1979} INFO - Dependencies all met for dep_context=requeueable deps ti=<TaskInstance: air_pollution_pipeline.merge_raw_data manual__2025-12-21T08:56:38.390544+00:00 [queued]>
[2025-12-21T09:20:05.091+0000] {taskinstance.py:2193} INFO - Starting attempt 3 of 4
[2025-12-21T09:20:05.104+0000] {taskinstance.py:2217} INFO - Executing <Task(BashOperator): merge_raw_data> on 2025-12-21 08:56:38.390544+00:00
[2025-12-21T09:20:05.111+0000] {standard_task_runner.py:60} INFO - Started process 118 to run task
[2025-12-21T09:20:05.116+0000] {standard_task_runner.py:87} INFO - Running: ['***', 'tasks', 'run', 'air_pollution_pipeline', 'merge_raw_data', 'manual__2025-12-21T08:56:38.390544+00:00', '--job-id', '36', '--raw', '--subdir', 'DAGS_FOLDER/air_pollution_dag.py', '--cfg-path', '/tmp/tmpl1846buz']
[2025-12-21T09:20:05.118+0000] {standard_task_runner.py:88} INFO - Job 36: Subtask merge_raw_data
[2025-12-21T09:20:05.188+0000] {task_command.py:423} INFO - Running <TaskInstance: air_pollution_pipeline.merge_raw_data manual__2025-12-21T08:56:38.390544+00:00 [running]> on host 24f43fad9238
[2025-12-21T09:20:05.258+0000] {taskinstance.py:2513} INFO - Exporting env vars: AIRFLOW_CTX_DAG_OWNER='***' AIRFLOW_CTX_DAG_ID='air_pollution_pipeline' AIRFLOW_CTX_TASK_ID='merge_raw_data' AIRFLOW_CTX_EXECUTION_DATE='2025-12-21T08:56:38.390544+00:00' AIRFLOW_CTX_TRY_NUMBER='3' AIRFLOW_CTX_DAG_RUN_ID='manual__2025-12-21T08:56:38.390544+00:00'
[2025-12-21T09:20:05.259+0000] {subprocess.py:63} INFO - Tmp dir root location: /tmp
[2025-12-21T09:20:05.261+0000] {subprocess.py:75} INFO - Running command: ['/usr/bin/bash', '-c', 'python /opt/***/spark/merge.py']
[2025-12-21T09:20:05.276+0000] {subprocess.py:86} INFO - Output:
[2025-12-21T09:20:08.566+0000] {subprocess.py:93} INFO - Setting default log level to "WARN".
[2025-12-21T09:20:08.566+0000] {subprocess.py:93} INFO - To adjust logging level use sc.setLogLevel(newLevel). For SparkR, use setLogLevel(newLevel).
[2025-12-21T09:20:08.783+0000] {subprocess.py:93} INFO - 25/12/21 09:20:08 WARN NativeCodeLoader: Unable to load native-hadoop library for your platform... using builtin-java classes where applicable
[2025-12-21T09:20:11.820+0000] {subprocess.py:93} INFO - Traceback (most recent call last):
[2025-12-21T09:20:11.824+0000] {subprocess.py:93} INFO -   File "/opt/***/spark/merge.py", line 12, in <module>
[2025-12-21T09:20:11.825+0000] {subprocess.py:93} INFO -     csv_df_raw = spark.read.option("header", True).csv(
[2025-12-21T09:20:11.827+0000] {subprocess.py:93} INFO -   File "/home/***/.local/lib/python3.8/site-packages/pyspark/sql/readwriter.py", line 740, in csv
[2025-12-21T09:20:11.828+0000] {subprocess.py:93} INFO -     return self._df(self._jreader.csv(self._spark._sc._jvm.PythonUtils.toSeq(path)))
[2025-12-21T09:20:11.828+0000] {subprocess.py:93} INFO -   File "/home/***/.local/lib/python3.8/site-packages/py4j/java_gateway.py", line 1322, in __call__
[2025-12-21T09:20:11.829+0000] {subprocess.py:93} INFO -     return_value = get_return_value(
[2025-12-21T09:20:11.829+0000] {subprocess.py:93} INFO -   File "/home/***/.local/lib/python3.8/site-packages/pyspark/errors/exceptions/captured.py", line 185, in deco
[2025-12-21T09:20:11.829+0000] {subprocess.py:93} INFO -     raise converted from None
[2025-12-21T09:20:11.830+0000] {subprocess.py:93} INFO - pyspark.errors.exceptions.captured.AnalysisException: [PATH_NOT_FOUND] Path does not exist: file:/tmp/***tmpcmhh0l7h/data/raw/air_pollution.csv.
[2025-12-21T09:20:12.465+0000] {subprocess.py:97} INFO - Command exited with return code 1
[2025-12-21T09:20:12.477+0000] {taskinstance.py:2731} ERROR - Task failed with exception
Traceback (most recent call last):
  File "/home/airflow/.local/lib/python3.8/site-packages/airflow/models/taskinstance.py", line 444, in _execute_task
    result = _execute_callable(context=context, **execute_callable_kwargs)
  File "/home/airflow/.local/lib/python3.8/site-packages/airflow/models/taskinstance.py", line 414, in _execute_callable
    return execute_callable(context=context, **execute_callable_kwargs)
  File "/home/airflow/.local/lib/python3.8/site-packages/airflow/operators/bash.py", line 212, in execute
    raise AirflowException(
airflow.exceptions.AirflowException: Bash command failed. The command returned a non-zero exit code 1.
[2025-12-21T09:20:12.480+0000] {taskinstance.py:1149} INFO - Marking task as UP_FOR_RETRY. dag_id=air_pollution_pipeline, task_id=merge_raw_data, execution_date=20251221T085638, start_date=20251221T092005, end_date=20251221T092012
[2025-12-21T09:20:12.494+0000] {standard_task_runner.py:107} ERROR - Failed to execute job 36 for task merge_raw_data (Bash command failed. The command returned a non-zero exit code 1.; 118)
[2025-12-21T09:20:12.539+0000] {local_task_job_runner.py:234} INFO - Task exited with return code 1
[2025-12-21T09:20:12.559+0000] {taskinstance.py:3312} INFO - 0 downstream tasks scheduled from follow-on schedule check
