[2025-12-21T07:39:41.231+0000] {taskinstance.py:1979} INFO - Dependencies all met for dep_context=non-requeueable deps ti=<TaskInstance: air_pollution_pipeline.merge_raw_data manual__2025-12-21T07:34:38.898466+00:00 [queued]>
[2025-12-21T07:39:41.240+0000] {taskinstance.py:1979} INFO - Dependencies all met for dep_context=requeueable deps ti=<TaskInstance: air_pollution_pipeline.merge_raw_data manual__2025-12-21T07:34:38.898466+00:00 [queued]>
[2025-12-21T07:39:41.241+0000] {taskinstance.py:2193} INFO - Starting attempt 2 of 2
[2025-12-21T07:39:41.254+0000] {taskinstance.py:2217} INFO - Executing <Task(BashOperator): merge_raw_data> on 2025-12-21 07:34:38.898466+00:00
[2025-12-21T07:39:41.261+0000] {standard_task_runner.py:60} INFO - Started process 184 to run task
[2025-12-21T07:39:41.265+0000] {standard_task_runner.py:87} INFO - Running: ['***', 'tasks', 'run', 'air_pollution_pipeline', 'merge_raw_data', 'manual__2025-12-21T07:34:38.898466+00:00', '--job-id', '16', '--raw', '--subdir', 'DAGS_FOLDER/air_pollution_dag.py', '--cfg-path', '/tmp/tmplpahuuyy']
[2025-12-21T07:39:41.266+0000] {standard_task_runner.py:88} INFO - Job 16: Subtask merge_raw_data
[2025-12-21T07:39:41.324+0000] {task_command.py:423} INFO - Running <TaskInstance: air_pollution_pipeline.merge_raw_data manual__2025-12-21T07:34:38.898466+00:00 [running]> on host c6e9502c0e09
[2025-12-21T07:39:41.396+0000] {taskinstance.py:2513} INFO - Exporting env vars: AIRFLOW_CTX_DAG_OWNER='***' AIRFLOW_CTX_DAG_ID='air_pollution_pipeline' AIRFLOW_CTX_TASK_ID='merge_raw_data' AIRFLOW_CTX_EXECUTION_DATE='2025-12-21T07:34:38.898466+00:00' AIRFLOW_CTX_TRY_NUMBER='2' AIRFLOW_CTX_DAG_RUN_ID='manual__2025-12-21T07:34:38.898466+00:00'
[2025-12-21T07:39:41.398+0000] {subprocess.py:63} INFO - Tmp dir root location: /tmp
[2025-12-21T07:39:41.400+0000] {subprocess.py:75} INFO - Running command: ['/usr/bin/bash', '-c', 'python /opt/***/spark/merge.py']
[2025-12-21T07:39:41.415+0000] {subprocess.py:86} INFO - Output:
[2025-12-21T07:39:41.440+0000] {subprocess.py:93} INFO - python: can't open file '/opt/***/spark/merge.py': [Errno 2] No such file or directory
[2025-12-21T07:39:41.444+0000] {subprocess.py:97} INFO - Command exited with return code 2
[2025-12-21T07:39:41.456+0000] {taskinstance.py:2731} ERROR - Task failed with exception
Traceback (most recent call last):
  File "/home/airflow/.local/lib/python3.8/site-packages/airflow/models/taskinstance.py", line 444, in _execute_task
    result = _execute_callable(context=context, **execute_callable_kwargs)
  File "/home/airflow/.local/lib/python3.8/site-packages/airflow/models/taskinstance.py", line 414, in _execute_callable
    return execute_callable(context=context, **execute_callable_kwargs)
  File "/home/airflow/.local/lib/python3.8/site-packages/airflow/operators/bash.py", line 212, in execute
    raise AirflowException(
airflow.exceptions.AirflowException: Bash command failed. The command returned a non-zero exit code 2.
[2025-12-21T07:39:41.460+0000] {taskinstance.py:1149} INFO - Marking task as FAILED. dag_id=air_pollution_pipeline, task_id=merge_raw_data, execution_date=20251221T073438, start_date=20251221T073941, end_date=20251221T073941
[2025-12-21T07:39:41.474+0000] {standard_task_runner.py:107} ERROR - Failed to execute job 16 for task merge_raw_data (Bash command failed. The command returned a non-zero exit code 2.; 184)
[2025-12-21T07:39:41.518+0000] {local_task_job_runner.py:234} INFO - Task exited with return code 1
[2025-12-21T07:39:41.543+0000] {taskinstance.py:3312} INFO - 0 downstream tasks scheduled from follow-on schedule check
