[2025-12-21T06:58:53.692+0000] {processor.py:161} INFO - Started process (PID=72) to work on /home/airflow/.local/lib/python3.8/site-packages/airflow/example_dags/example_time_delta_sensor_async.py
[2025-12-21T06:58:53.693+0000] {processor.py:830} INFO - Processing file /home/airflow/.local/lib/python3.8/site-packages/airflow/example_dags/example_time_delta_sensor_async.py for tasks to queue
[2025-12-21T06:58:53.696+0000] {logging_mixin.py:188} INFO - [2025-12-21T06:58:53.696+0000] {dagbag.py:540} INFO - Filling up the DagBag from /home/airflow/.local/lib/python3.8/site-packages/airflow/example_dags/example_time_delta_sensor_async.py
[2025-12-21T06:58:53.704+0000] {processor.py:840} INFO - DAG(s) 'example_time_delta_sensor_async' retrieved from /home/airflow/.local/lib/python3.8/site-packages/airflow/example_dags/example_time_delta_sensor_async.py
[2025-12-21T06:58:53.827+0000] {logging_mixin.py:188} INFO - [2025-12-21T06:58:53.827+0000] {dag.py:3047} INFO - Sync 1 DAGs
[2025-12-21T06:58:53.840+0000] {logging_mixin.py:188} INFO - [2025-12-21T06:58:53.840+0000] {dag.py:3834} INFO - Setting next_dagrun for example_time_delta_sensor_async to None, run_after=None
[2025-12-21T06:58:53.868+0000] {processor.py:183} INFO - Processing /home/airflow/.local/lib/python3.8/site-packages/airflow/example_dags/example_time_delta_sensor_async.py took 0.180 seconds
[2025-12-21T06:59:24.283+0000] {processor.py:161} INFO - Started process (PID=128) to work on /home/airflow/.local/lib/python3.8/site-packages/airflow/example_dags/example_time_delta_sensor_async.py
[2025-12-21T06:59:24.285+0000] {processor.py:830} INFO - Processing file /home/airflow/.local/lib/python3.8/site-packages/airflow/example_dags/example_time_delta_sensor_async.py for tasks to queue
[2025-12-21T06:59:24.287+0000] {logging_mixin.py:188} INFO - [2025-12-21T06:59:24.287+0000] {dagbag.py:540} INFO - Filling up the DagBag from /home/airflow/.local/lib/python3.8/site-packages/airflow/example_dags/example_time_delta_sensor_async.py
[2025-12-21T06:59:24.294+0000] {processor.py:840} INFO - DAG(s) 'example_time_delta_sensor_async' retrieved from /home/airflow/.local/lib/python3.8/site-packages/airflow/example_dags/example_time_delta_sensor_async.py
[2025-12-21T06:59:24.323+0000] {logging_mixin.py:188} INFO - [2025-12-21T06:59:24.323+0000] {dag.py:3047} INFO - Sync 1 DAGs
[2025-12-21T06:59:24.338+0000] {logging_mixin.py:188} INFO - [2025-12-21T06:59:24.337+0000] {dag.py:3834} INFO - Setting next_dagrun for example_time_delta_sensor_async to None, run_after=None
[2025-12-21T06:59:24.364+0000] {processor.py:183} INFO - Processing /home/airflow/.local/lib/python3.8/site-packages/airflow/example_dags/example_time_delta_sensor_async.py took 0.085 seconds
[2025-12-21T06:59:54.750+0000] {processor.py:161} INFO - Started process (PID=184) to work on /home/airflow/.local/lib/python3.8/site-packages/airflow/example_dags/example_time_delta_sensor_async.py
[2025-12-21T06:59:54.751+0000] {processor.py:830} INFO - Processing file /home/airflow/.local/lib/python3.8/site-packages/airflow/example_dags/example_time_delta_sensor_async.py for tasks to queue
[2025-12-21T06:59:54.754+0000] {logging_mixin.py:188} INFO - [2025-12-21T06:59:54.754+0000] {dagbag.py:540} INFO - Filling up the DagBag from /home/airflow/.local/lib/python3.8/site-packages/airflow/example_dags/example_time_delta_sensor_async.py
[2025-12-21T06:59:54.761+0000] {processor.py:840} INFO - DAG(s) 'example_time_delta_sensor_async' retrieved from /home/airflow/.local/lib/python3.8/site-packages/airflow/example_dags/example_time_delta_sensor_async.py
[2025-12-21T06:59:54.787+0000] {logging_mixin.py:188} INFO - [2025-12-21T06:59:54.786+0000] {dag.py:3047} INFO - Sync 1 DAGs
[2025-12-21T06:59:54.800+0000] {logging_mixin.py:188} INFO - [2025-12-21T06:59:54.800+0000] {dag.py:3834} INFO - Setting next_dagrun for example_time_delta_sensor_async to None, run_after=None
[2025-12-21T06:59:54.828+0000] {processor.py:183} INFO - Processing /home/airflow/.local/lib/python3.8/site-packages/airflow/example_dags/example_time_delta_sensor_async.py took 0.082 seconds
[2025-12-21T07:00:25.210+0000] {processor.py:161} INFO - Started process (PID=240) to work on /home/airflow/.local/lib/python3.8/site-packages/airflow/example_dags/example_time_delta_sensor_async.py
[2025-12-21T07:00:25.212+0000] {processor.py:830} INFO - Processing file /home/airflow/.local/lib/python3.8/site-packages/airflow/example_dags/example_time_delta_sensor_async.py for tasks to queue
[2025-12-21T07:00:25.216+0000] {logging_mixin.py:188} INFO - [2025-12-21T07:00:25.215+0000] {dagbag.py:540} INFO - Filling up the DagBag from /home/airflow/.local/lib/python3.8/site-packages/airflow/example_dags/example_time_delta_sensor_async.py
[2025-12-21T07:00:25.224+0000] {processor.py:840} INFO - DAG(s) 'example_time_delta_sensor_async' retrieved from /home/airflow/.local/lib/python3.8/site-packages/airflow/example_dags/example_time_delta_sensor_async.py
[2025-12-21T07:00:25.254+0000] {logging_mixin.py:188} INFO - [2025-12-21T07:00:25.254+0000] {dag.py:3047} INFO - Sync 1 DAGs
[2025-12-21T07:00:25.270+0000] {logging_mixin.py:188} INFO - [2025-12-21T07:00:25.270+0000] {dag.py:3834} INFO - Setting next_dagrun for example_time_delta_sensor_async to None, run_after=None
[2025-12-21T07:00:25.295+0000] {processor.py:183} INFO - Processing /home/airflow/.local/lib/python3.8/site-packages/airflow/example_dags/example_time_delta_sensor_async.py took 0.090 seconds
[2025-12-21T07:00:55.396+0000] {processor.py:161} INFO - Started process (PID=296) to work on /home/airflow/.local/lib/python3.8/site-packages/airflow/example_dags/example_time_delta_sensor_async.py
[2025-12-21T07:00:55.398+0000] {processor.py:830} INFO - Processing file /home/airflow/.local/lib/python3.8/site-packages/airflow/example_dags/example_time_delta_sensor_async.py for tasks to queue
[2025-12-21T07:00:55.401+0000] {logging_mixin.py:188} INFO - [2025-12-21T07:00:55.401+0000] {dagbag.py:540} INFO - Filling up the DagBag from /home/airflow/.local/lib/python3.8/site-packages/airflow/example_dags/example_time_delta_sensor_async.py
[2025-12-21T07:00:55.411+0000] {processor.py:840} INFO - DAG(s) 'example_time_delta_sensor_async' retrieved from /home/airflow/.local/lib/python3.8/site-packages/airflow/example_dags/example_time_delta_sensor_async.py
[2025-12-21T07:00:55.475+0000] {logging_mixin.py:188} INFO - [2025-12-21T07:00:55.475+0000] {dag.py:3047} INFO - Sync 1 DAGs
[2025-12-21T07:00:55.498+0000] {logging_mixin.py:188} INFO - [2025-12-21T07:00:55.497+0000] {dag.py:3834} INFO - Setting next_dagrun for example_time_delta_sensor_async to None, run_after=None
[2025-12-21T07:00:55.545+0000] {processor.py:183} INFO - Processing /home/airflow/.local/lib/python3.8/site-packages/airflow/example_dags/example_time_delta_sensor_async.py took 0.157 seconds
[2025-12-21T07:01:26.627+0000] {processor.py:161} INFO - Started process (PID=352) to work on /home/airflow/.local/lib/python3.8/site-packages/airflow/example_dags/example_time_delta_sensor_async.py
[2025-12-21T07:01:26.630+0000] {processor.py:830} INFO - Processing file /home/airflow/.local/lib/python3.8/site-packages/airflow/example_dags/example_time_delta_sensor_async.py for tasks to queue
[2025-12-21T07:01:26.635+0000] {logging_mixin.py:188} INFO - [2025-12-21T07:01:26.634+0000] {dagbag.py:540} INFO - Filling up the DagBag from /home/airflow/.local/lib/python3.8/site-packages/airflow/example_dags/example_time_delta_sensor_async.py
[2025-12-21T07:01:26.648+0000] {processor.py:840} INFO - DAG(s) 'example_time_delta_sensor_async' retrieved from /home/airflow/.local/lib/python3.8/site-packages/airflow/example_dags/example_time_delta_sensor_async.py
[2025-12-21T07:01:26.699+0000] {logging_mixin.py:188} INFO - [2025-12-21T07:01:26.698+0000] {dag.py:3047} INFO - Sync 1 DAGs
[2025-12-21T07:01:26.723+0000] {logging_mixin.py:188} INFO - [2025-12-21T07:01:26.723+0000] {dag.py:3834} INFO - Setting next_dagrun for example_time_delta_sensor_async to None, run_after=None
[2025-12-21T07:01:26.764+0000] {processor.py:183} INFO - Processing /home/airflow/.local/lib/python3.8/site-packages/airflow/example_dags/example_time_delta_sensor_async.py took 0.147 seconds
[2025-12-21T07:01:57.122+0000] {processor.py:161} INFO - Started process (PID=408) to work on /home/airflow/.local/lib/python3.8/site-packages/airflow/example_dags/example_time_delta_sensor_async.py
[2025-12-21T07:01:57.124+0000] {processor.py:830} INFO - Processing file /home/airflow/.local/lib/python3.8/site-packages/airflow/example_dags/example_time_delta_sensor_async.py for tasks to queue
[2025-12-21T07:01:57.127+0000] {logging_mixin.py:188} INFO - [2025-12-21T07:01:57.126+0000] {dagbag.py:540} INFO - Filling up the DagBag from /home/airflow/.local/lib/python3.8/site-packages/airflow/example_dags/example_time_delta_sensor_async.py
[2025-12-21T07:01:57.133+0000] {processor.py:840} INFO - DAG(s) 'example_time_delta_sensor_async' retrieved from /home/airflow/.local/lib/python3.8/site-packages/airflow/example_dags/example_time_delta_sensor_async.py
[2025-12-21T07:01:57.157+0000] {logging_mixin.py:188} INFO - [2025-12-21T07:01:57.157+0000] {dag.py:3047} INFO - Sync 1 DAGs
[2025-12-21T07:01:57.173+0000] {logging_mixin.py:188} INFO - [2025-12-21T07:01:57.172+0000] {dag.py:3834} INFO - Setting next_dagrun for example_time_delta_sensor_async to None, run_after=None
[2025-12-21T07:01:57.207+0000] {processor.py:183} INFO - Processing /home/airflow/.local/lib/python3.8/site-packages/airflow/example_dags/example_time_delta_sensor_async.py took 0.089 seconds
[2025-12-21T07:02:27.529+0000] {processor.py:161} INFO - Started process (PID=464) to work on /home/airflow/.local/lib/python3.8/site-packages/airflow/example_dags/example_time_delta_sensor_async.py
[2025-12-21T07:02:27.530+0000] {processor.py:830} INFO - Processing file /home/airflow/.local/lib/python3.8/site-packages/airflow/example_dags/example_time_delta_sensor_async.py for tasks to queue
[2025-12-21T07:02:27.533+0000] {logging_mixin.py:188} INFO - [2025-12-21T07:02:27.532+0000] {dagbag.py:540} INFO - Filling up the DagBag from /home/airflow/.local/lib/python3.8/site-packages/airflow/example_dags/example_time_delta_sensor_async.py
[2025-12-21T07:02:27.540+0000] {processor.py:840} INFO - DAG(s) 'example_time_delta_sensor_async' retrieved from /home/airflow/.local/lib/python3.8/site-packages/airflow/example_dags/example_time_delta_sensor_async.py
[2025-12-21T07:02:27.567+0000] {logging_mixin.py:188} INFO - [2025-12-21T07:02:27.567+0000] {dag.py:3047} INFO - Sync 1 DAGs
[2025-12-21T07:02:27.585+0000] {logging_mixin.py:188} INFO - [2025-12-21T07:02:27.585+0000] {dag.py:3834} INFO - Setting next_dagrun for example_time_delta_sensor_async to None, run_after=None
[2025-12-21T07:02:27.614+0000] {processor.py:183} INFO - Processing /home/airflow/.local/lib/python3.8/site-packages/airflow/example_dags/example_time_delta_sensor_async.py took 0.089 seconds
[2025-12-21T07:02:58.172+0000] {processor.py:161} INFO - Started process (PID=520) to work on /home/airflow/.local/lib/python3.8/site-packages/airflow/example_dags/example_time_delta_sensor_async.py
[2025-12-21T07:02:58.174+0000] {processor.py:830} INFO - Processing file /home/airflow/.local/lib/python3.8/site-packages/airflow/example_dags/example_time_delta_sensor_async.py for tasks to queue
[2025-12-21T07:02:58.179+0000] {logging_mixin.py:188} INFO - [2025-12-21T07:02:58.178+0000] {dagbag.py:540} INFO - Filling up the DagBag from /home/airflow/.local/lib/python3.8/site-packages/airflow/example_dags/example_time_delta_sensor_async.py
[2025-12-21T07:02:58.190+0000] {processor.py:840} INFO - DAG(s) 'example_time_delta_sensor_async' retrieved from /home/airflow/.local/lib/python3.8/site-packages/airflow/example_dags/example_time_delta_sensor_async.py
[2025-12-21T07:02:58.240+0000] {logging_mixin.py:188} INFO - [2025-12-21T07:02:58.240+0000] {dag.py:3047} INFO - Sync 1 DAGs
[2025-12-21T07:02:58.277+0000] {logging_mixin.py:188} INFO - [2025-12-21T07:02:58.276+0000] {dag.py:3834} INFO - Setting next_dagrun for example_time_delta_sensor_async to None, run_after=None
[2025-12-21T07:02:58.315+0000] {processor.py:183} INFO - Processing /home/airflow/.local/lib/python3.8/site-packages/airflow/example_dags/example_time_delta_sensor_async.py took 0.151 seconds
[2025-12-21T07:03:28.399+0000] {processor.py:161} INFO - Started process (PID=576) to work on /home/airflow/.local/lib/python3.8/site-packages/airflow/example_dags/example_time_delta_sensor_async.py
[2025-12-21T07:03:28.401+0000] {processor.py:830} INFO - Processing file /home/airflow/.local/lib/python3.8/site-packages/airflow/example_dags/example_time_delta_sensor_async.py for tasks to queue
[2025-12-21T07:03:28.403+0000] {logging_mixin.py:188} INFO - [2025-12-21T07:03:28.403+0000] {dagbag.py:540} INFO - Filling up the DagBag from /home/airflow/.local/lib/python3.8/site-packages/airflow/example_dags/example_time_delta_sensor_async.py
[2025-12-21T07:03:28.408+0000] {processor.py:840} INFO - DAG(s) 'example_time_delta_sensor_async' retrieved from /home/airflow/.local/lib/python3.8/site-packages/airflow/example_dags/example_time_delta_sensor_async.py
[2025-12-21T07:03:28.431+0000] {logging_mixin.py:188} INFO - [2025-12-21T07:03:28.431+0000] {dag.py:3047} INFO - Sync 1 DAGs
[2025-12-21T07:03:28.446+0000] {logging_mixin.py:188} INFO - [2025-12-21T07:03:28.445+0000] {dag.py:3834} INFO - Setting next_dagrun for example_time_delta_sensor_async to None, run_after=None
[2025-12-21T07:03:28.466+0000] {processor.py:183} INFO - Processing /home/airflow/.local/lib/python3.8/site-packages/airflow/example_dags/example_time_delta_sensor_async.py took 0.070 seconds
[2025-12-21T07:03:58.827+0000] {processor.py:161} INFO - Started process (PID=632) to work on /home/airflow/.local/lib/python3.8/site-packages/airflow/example_dags/example_time_delta_sensor_async.py
[2025-12-21T07:03:58.829+0000] {processor.py:830} INFO - Processing file /home/airflow/.local/lib/python3.8/site-packages/airflow/example_dags/example_time_delta_sensor_async.py for tasks to queue
[2025-12-21T07:03:58.832+0000] {logging_mixin.py:188} INFO - [2025-12-21T07:03:58.831+0000] {dagbag.py:540} INFO - Filling up the DagBag from /home/airflow/.local/lib/python3.8/site-packages/airflow/example_dags/example_time_delta_sensor_async.py
[2025-12-21T07:03:58.837+0000] {processor.py:840} INFO - DAG(s) 'example_time_delta_sensor_async' retrieved from /home/airflow/.local/lib/python3.8/site-packages/airflow/example_dags/example_time_delta_sensor_async.py
[2025-12-21T07:03:58.864+0000] {logging_mixin.py:188} INFO - [2025-12-21T07:03:58.863+0000] {dag.py:3047} INFO - Sync 1 DAGs
[2025-12-21T07:03:58.880+0000] {logging_mixin.py:188} INFO - [2025-12-21T07:03:58.880+0000] {dag.py:3834} INFO - Setting next_dagrun for example_time_delta_sensor_async to None, run_after=None
[2025-12-21T07:03:58.931+0000] {processor.py:183} INFO - Processing /home/airflow/.local/lib/python3.8/site-packages/airflow/example_dags/example_time_delta_sensor_async.py took 0.109 seconds
[2025-12-21T07:04:29.833+0000] {processor.py:161} INFO - Started process (PID=688) to work on /home/airflow/.local/lib/python3.8/site-packages/airflow/example_dags/example_time_delta_sensor_async.py
[2025-12-21T07:04:29.834+0000] {processor.py:830} INFO - Processing file /home/airflow/.local/lib/python3.8/site-packages/airflow/example_dags/example_time_delta_sensor_async.py for tasks to queue
[2025-12-21T07:04:29.837+0000] {logging_mixin.py:188} INFO - [2025-12-21T07:04:29.837+0000] {dagbag.py:540} INFO - Filling up the DagBag from /home/airflow/.local/lib/python3.8/site-packages/airflow/example_dags/example_time_delta_sensor_async.py
[2025-12-21T07:04:29.844+0000] {processor.py:840} INFO - DAG(s) 'example_time_delta_sensor_async' retrieved from /home/airflow/.local/lib/python3.8/site-packages/airflow/example_dags/example_time_delta_sensor_async.py
[2025-12-21T07:04:29.867+0000] {logging_mixin.py:188} INFO - [2025-12-21T07:04:29.867+0000] {dag.py:3047} INFO - Sync 1 DAGs
[2025-12-21T07:04:29.881+0000] {logging_mixin.py:188} INFO - [2025-12-21T07:04:29.880+0000] {dag.py:3834} INFO - Setting next_dagrun for example_time_delta_sensor_async to None, run_after=None
[2025-12-21T07:04:29.904+0000] {processor.py:183} INFO - Processing /home/airflow/.local/lib/python3.8/site-packages/airflow/example_dags/example_time_delta_sensor_async.py took 0.074 seconds
[2025-12-21T07:05:00.070+0000] {processor.py:161} INFO - Started process (PID=744) to work on /home/airflow/.local/lib/python3.8/site-packages/airflow/example_dags/example_time_delta_sensor_async.py
[2025-12-21T07:05:00.071+0000] {processor.py:830} INFO - Processing file /home/airflow/.local/lib/python3.8/site-packages/airflow/example_dags/example_time_delta_sensor_async.py for tasks to queue
[2025-12-21T07:05:00.073+0000] {logging_mixin.py:188} INFO - [2025-12-21T07:05:00.073+0000] {dagbag.py:540} INFO - Filling up the DagBag from /home/airflow/.local/lib/python3.8/site-packages/airflow/example_dags/example_time_delta_sensor_async.py
[2025-12-21T07:05:00.078+0000] {processor.py:840} INFO - DAG(s) 'example_time_delta_sensor_async' retrieved from /home/airflow/.local/lib/python3.8/site-packages/airflow/example_dags/example_time_delta_sensor_async.py
[2025-12-21T07:05:00.102+0000] {logging_mixin.py:188} INFO - [2025-12-21T07:05:00.102+0000] {dag.py:3047} INFO - Sync 1 DAGs
[2025-12-21T07:05:00.114+0000] {logging_mixin.py:188} INFO - [2025-12-21T07:05:00.114+0000] {dag.py:3834} INFO - Setting next_dagrun for example_time_delta_sensor_async to None, run_after=None
[2025-12-21T07:05:00.134+0000] {processor.py:183} INFO - Processing /home/airflow/.local/lib/python3.8/site-packages/airflow/example_dags/example_time_delta_sensor_async.py took 0.068 seconds
[2025-12-21T07:05:30.532+0000] {processor.py:161} INFO - Started process (PID=800) to work on /home/airflow/.local/lib/python3.8/site-packages/airflow/example_dags/example_time_delta_sensor_async.py
[2025-12-21T07:05:30.534+0000] {processor.py:830} INFO - Processing file /home/airflow/.local/lib/python3.8/site-packages/airflow/example_dags/example_time_delta_sensor_async.py for tasks to queue
[2025-12-21T07:05:30.536+0000] {logging_mixin.py:188} INFO - [2025-12-21T07:05:30.536+0000] {dagbag.py:540} INFO - Filling up the DagBag from /home/airflow/.local/lib/python3.8/site-packages/airflow/example_dags/example_time_delta_sensor_async.py
[2025-12-21T07:05:30.541+0000] {processor.py:840} INFO - DAG(s) 'example_time_delta_sensor_async' retrieved from /home/airflow/.local/lib/python3.8/site-packages/airflow/example_dags/example_time_delta_sensor_async.py
[2025-12-21T07:05:30.564+0000] {logging_mixin.py:188} INFO - [2025-12-21T07:05:30.564+0000] {dag.py:3047} INFO - Sync 1 DAGs
[2025-12-21T07:05:30.575+0000] {logging_mixin.py:188} INFO - [2025-12-21T07:05:30.575+0000] {dag.py:3834} INFO - Setting next_dagrun for example_time_delta_sensor_async to None, run_after=None
[2025-12-21T07:05:30.594+0000] {processor.py:183} INFO - Processing /home/airflow/.local/lib/python3.8/site-packages/airflow/example_dags/example_time_delta_sensor_async.py took 0.066 seconds
[2025-12-21T07:06:00.824+0000] {processor.py:161} INFO - Started process (PID=856) to work on /home/airflow/.local/lib/python3.8/site-packages/airflow/example_dags/example_time_delta_sensor_async.py
[2025-12-21T07:06:00.825+0000] {processor.py:830} INFO - Processing file /home/airflow/.local/lib/python3.8/site-packages/airflow/example_dags/example_time_delta_sensor_async.py for tasks to queue
[2025-12-21T07:06:00.827+0000] {logging_mixin.py:188} INFO - [2025-12-21T07:06:00.827+0000] {dagbag.py:540} INFO - Filling up the DagBag from /home/airflow/.local/lib/python3.8/site-packages/airflow/example_dags/example_time_delta_sensor_async.py
[2025-12-21T07:06:00.833+0000] {processor.py:840} INFO - DAG(s) 'example_time_delta_sensor_async' retrieved from /home/airflow/.local/lib/python3.8/site-packages/airflow/example_dags/example_time_delta_sensor_async.py
[2025-12-21T07:06:00.856+0000] {logging_mixin.py:188} INFO - [2025-12-21T07:06:00.856+0000] {dag.py:3047} INFO - Sync 1 DAGs
[2025-12-21T07:06:00.868+0000] {logging_mixin.py:188} INFO - [2025-12-21T07:06:00.868+0000] {dag.py:3834} INFO - Setting next_dagrun for example_time_delta_sensor_async to None, run_after=None
[2025-12-21T07:06:00.887+0000] {processor.py:183} INFO - Processing /home/airflow/.local/lib/python3.8/site-packages/airflow/example_dags/example_time_delta_sensor_async.py took 0.068 seconds
[2025-12-21T07:06:30.960+0000] {processor.py:161} INFO - Started process (PID=912) to work on /home/airflow/.local/lib/python3.8/site-packages/airflow/example_dags/example_time_delta_sensor_async.py
[2025-12-21T07:06:30.962+0000] {processor.py:830} INFO - Processing file /home/airflow/.local/lib/python3.8/site-packages/airflow/example_dags/example_time_delta_sensor_async.py for tasks to queue
[2025-12-21T07:06:30.964+0000] {logging_mixin.py:188} INFO - [2025-12-21T07:06:30.964+0000] {dagbag.py:540} INFO - Filling up the DagBag from /home/airflow/.local/lib/python3.8/site-packages/airflow/example_dags/example_time_delta_sensor_async.py
[2025-12-21T07:06:30.970+0000] {processor.py:840} INFO - DAG(s) 'example_time_delta_sensor_async' retrieved from /home/airflow/.local/lib/python3.8/site-packages/airflow/example_dags/example_time_delta_sensor_async.py
[2025-12-21T07:06:30.993+0000] {logging_mixin.py:188} INFO - [2025-12-21T07:06:30.993+0000] {dag.py:3047} INFO - Sync 1 DAGs
[2025-12-21T07:06:31.004+0000] {logging_mixin.py:188} INFO - [2025-12-21T07:06:31.004+0000] {dag.py:3834} INFO - Setting next_dagrun for example_time_delta_sensor_async to None, run_after=None
[2025-12-21T07:06:31.027+0000] {processor.py:183} INFO - Processing /home/airflow/.local/lib/python3.8/site-packages/airflow/example_dags/example_time_delta_sensor_async.py took 0.070 seconds
[2025-12-21T07:07:01.364+0000] {processor.py:161} INFO - Started process (PID=968) to work on /home/airflow/.local/lib/python3.8/site-packages/airflow/example_dags/example_time_delta_sensor_async.py
[2025-12-21T07:07:01.365+0000] {processor.py:830} INFO - Processing file /home/airflow/.local/lib/python3.8/site-packages/airflow/example_dags/example_time_delta_sensor_async.py for tasks to queue
[2025-12-21T07:07:01.367+0000] {logging_mixin.py:188} INFO - [2025-12-21T07:07:01.367+0000] {dagbag.py:540} INFO - Filling up the DagBag from /home/airflow/.local/lib/python3.8/site-packages/airflow/example_dags/example_time_delta_sensor_async.py
[2025-12-21T07:07:01.373+0000] {processor.py:840} INFO - DAG(s) 'example_time_delta_sensor_async' retrieved from /home/airflow/.local/lib/python3.8/site-packages/airflow/example_dags/example_time_delta_sensor_async.py
[2025-12-21T07:07:01.399+0000] {logging_mixin.py:188} INFO - [2025-12-21T07:07:01.398+0000] {dag.py:3047} INFO - Sync 1 DAGs
[2025-12-21T07:07:01.414+0000] {logging_mixin.py:188} INFO - [2025-12-21T07:07:01.414+0000] {dag.py:3834} INFO - Setting next_dagrun for example_time_delta_sensor_async to None, run_after=None
[2025-12-21T07:07:01.440+0000] {processor.py:183} INFO - Processing /home/airflow/.local/lib/python3.8/site-packages/airflow/example_dags/example_time_delta_sensor_async.py took 0.080 seconds
[2025-12-21T07:07:31.820+0000] {processor.py:161} INFO - Started process (PID=1024) to work on /home/airflow/.local/lib/python3.8/site-packages/airflow/example_dags/example_time_delta_sensor_async.py
[2025-12-21T07:07:31.821+0000] {processor.py:830} INFO - Processing file /home/airflow/.local/lib/python3.8/site-packages/airflow/example_dags/example_time_delta_sensor_async.py for tasks to queue
[2025-12-21T07:07:31.824+0000] {logging_mixin.py:188} INFO - [2025-12-21T07:07:31.823+0000] {dagbag.py:540} INFO - Filling up the DagBag from /home/airflow/.local/lib/python3.8/site-packages/airflow/example_dags/example_time_delta_sensor_async.py
[2025-12-21T07:07:31.830+0000] {processor.py:840} INFO - DAG(s) 'example_time_delta_sensor_async' retrieved from /home/airflow/.local/lib/python3.8/site-packages/airflow/example_dags/example_time_delta_sensor_async.py
[2025-12-21T07:07:31.854+0000] {logging_mixin.py:188} INFO - [2025-12-21T07:07:31.854+0000] {dag.py:3047} INFO - Sync 1 DAGs
[2025-12-21T07:07:31.868+0000] {logging_mixin.py:188} INFO - [2025-12-21T07:07:31.868+0000] {dag.py:3834} INFO - Setting next_dagrun for example_time_delta_sensor_async to None, run_after=None
[2025-12-21T07:07:31.890+0000] {processor.py:183} INFO - Processing /home/airflow/.local/lib/python3.8/site-packages/airflow/example_dags/example_time_delta_sensor_async.py took 0.075 seconds
[2025-12-21T07:08:02.792+0000] {processor.py:161} INFO - Started process (PID=1080) to work on /home/airflow/.local/lib/python3.8/site-packages/airflow/example_dags/example_time_delta_sensor_async.py
[2025-12-21T07:08:02.794+0000] {processor.py:830} INFO - Processing file /home/airflow/.local/lib/python3.8/site-packages/airflow/example_dags/example_time_delta_sensor_async.py for tasks to queue
[2025-12-21T07:08:02.796+0000] {logging_mixin.py:188} INFO - [2025-12-21T07:08:02.796+0000] {dagbag.py:540} INFO - Filling up the DagBag from /home/airflow/.local/lib/python3.8/site-packages/airflow/example_dags/example_time_delta_sensor_async.py
[2025-12-21T07:08:02.802+0000] {processor.py:840} INFO - DAG(s) 'example_time_delta_sensor_async' retrieved from /home/airflow/.local/lib/python3.8/site-packages/airflow/example_dags/example_time_delta_sensor_async.py
[2025-12-21T07:08:02.829+0000] {logging_mixin.py:188} INFO - [2025-12-21T07:08:02.828+0000] {dag.py:3047} INFO - Sync 1 DAGs
[2025-12-21T07:08:02.842+0000] {logging_mixin.py:188} INFO - [2025-12-21T07:08:02.842+0000] {dag.py:3834} INFO - Setting next_dagrun for example_time_delta_sensor_async to None, run_after=None
[2025-12-21T07:08:02.862+0000] {processor.py:183} INFO - Processing /home/airflow/.local/lib/python3.8/site-packages/airflow/example_dags/example_time_delta_sensor_async.py took 0.075 seconds
[2025-12-21T07:08:33.737+0000] {processor.py:161} INFO - Started process (PID=1136) to work on /home/airflow/.local/lib/python3.8/site-packages/airflow/example_dags/example_time_delta_sensor_async.py
[2025-12-21T07:08:33.739+0000] {processor.py:830} INFO - Processing file /home/airflow/.local/lib/python3.8/site-packages/airflow/example_dags/example_time_delta_sensor_async.py for tasks to queue
[2025-12-21T07:08:33.741+0000] {logging_mixin.py:188} INFO - [2025-12-21T07:08:33.741+0000] {dagbag.py:540} INFO - Filling up the DagBag from /home/airflow/.local/lib/python3.8/site-packages/airflow/example_dags/example_time_delta_sensor_async.py
[2025-12-21T07:08:33.747+0000] {processor.py:840} INFO - DAG(s) 'example_time_delta_sensor_async' retrieved from /home/airflow/.local/lib/python3.8/site-packages/airflow/example_dags/example_time_delta_sensor_async.py
[2025-12-21T07:08:33.769+0000] {logging_mixin.py:188} INFO - [2025-12-21T07:08:33.769+0000] {dag.py:3047} INFO - Sync 1 DAGs
[2025-12-21T07:08:33.781+0000] {logging_mixin.py:188} INFO - [2025-12-21T07:08:33.781+0000] {dag.py:3834} INFO - Setting next_dagrun for example_time_delta_sensor_async to None, run_after=None
[2025-12-21T07:08:33.799+0000] {processor.py:183} INFO - Processing /home/airflow/.local/lib/python3.8/site-packages/airflow/example_dags/example_time_delta_sensor_async.py took 0.066 seconds
[2025-12-21T07:11:44.458+0000] {processor.py:161} INFO - Started process (PID=83) to work on /home/airflow/.local/lib/python3.8/site-packages/airflow/example_dags/example_time_delta_sensor_async.py
[2025-12-21T07:11:44.461+0000] {processor.py:830} INFO - Processing file /home/airflow/.local/lib/python3.8/site-packages/airflow/example_dags/example_time_delta_sensor_async.py for tasks to queue
[2025-12-21T07:11:44.465+0000] {logging_mixin.py:188} INFO - [2025-12-21T07:11:44.465+0000] {dagbag.py:540} INFO - Filling up the DagBag from /home/airflow/.local/lib/python3.8/site-packages/airflow/example_dags/example_time_delta_sensor_async.py
[2025-12-21T07:11:44.488+0000] {processor.py:840} INFO - DAG(s) 'example_time_delta_sensor_async' retrieved from /home/airflow/.local/lib/python3.8/site-packages/airflow/example_dags/example_time_delta_sensor_async.py
[2025-12-21T07:11:44.532+0000] {logging_mixin.py:188} INFO - [2025-12-21T07:11:44.532+0000] {dag.py:3047} INFO - Sync 1 DAGs
[2025-12-21T07:11:44.597+0000] {logging_mixin.py:188} INFO - [2025-12-21T07:11:44.596+0000] {dag.py:3834} INFO - Setting next_dagrun for example_time_delta_sensor_async to None, run_after=None
[2025-12-21T07:11:44.680+0000] {processor.py:183} INFO - Processing /home/airflow/.local/lib/python3.8/site-packages/airflow/example_dags/example_time_delta_sensor_async.py took 0.232 seconds
[2025-12-21T07:12:15.378+0000] {processor.py:161} INFO - Started process (PID=139) to work on /home/airflow/.local/lib/python3.8/site-packages/airflow/example_dags/example_time_delta_sensor_async.py
[2025-12-21T07:12:15.379+0000] {processor.py:830} INFO - Processing file /home/airflow/.local/lib/python3.8/site-packages/airflow/example_dags/example_time_delta_sensor_async.py for tasks to queue
[2025-12-21T07:12:15.381+0000] {logging_mixin.py:188} INFO - [2025-12-21T07:12:15.381+0000] {dagbag.py:540} INFO - Filling up the DagBag from /home/airflow/.local/lib/python3.8/site-packages/airflow/example_dags/example_time_delta_sensor_async.py
[2025-12-21T07:12:15.387+0000] {processor.py:840} INFO - DAG(s) 'example_time_delta_sensor_async' retrieved from /home/airflow/.local/lib/python3.8/site-packages/airflow/example_dags/example_time_delta_sensor_async.py
[2025-12-21T07:12:15.508+0000] {logging_mixin.py:188} INFO - [2025-12-21T07:12:15.508+0000] {dag.py:3047} INFO - Sync 1 DAGs
[2025-12-21T07:12:15.522+0000] {logging_mixin.py:188} INFO - [2025-12-21T07:12:15.521+0000] {dag.py:3834} INFO - Setting next_dagrun for example_time_delta_sensor_async to None, run_after=None
[2025-12-21T07:12:15.552+0000] {processor.py:183} INFO - Processing /home/airflow/.local/lib/python3.8/site-packages/airflow/example_dags/example_time_delta_sensor_async.py took 0.179 seconds
[2025-12-21T07:12:46.152+0000] {processor.py:161} INFO - Started process (PID=195) to work on /home/airflow/.local/lib/python3.8/site-packages/airflow/example_dags/example_time_delta_sensor_async.py
[2025-12-21T07:12:46.154+0000] {processor.py:830} INFO - Processing file /home/airflow/.local/lib/python3.8/site-packages/airflow/example_dags/example_time_delta_sensor_async.py for tasks to queue
[2025-12-21T07:12:46.158+0000] {logging_mixin.py:188} INFO - [2025-12-21T07:12:46.157+0000] {dagbag.py:540} INFO - Filling up the DagBag from /home/airflow/.local/lib/python3.8/site-packages/airflow/example_dags/example_time_delta_sensor_async.py
[2025-12-21T07:12:46.165+0000] {processor.py:840} INFO - DAG(s) 'example_time_delta_sensor_async' retrieved from /home/airflow/.local/lib/python3.8/site-packages/airflow/example_dags/example_time_delta_sensor_async.py
[2025-12-21T07:12:46.195+0000] {logging_mixin.py:188} INFO - [2025-12-21T07:12:46.194+0000] {dag.py:3047} INFO - Sync 1 DAGs
[2025-12-21T07:12:46.213+0000] {logging_mixin.py:188} INFO - [2025-12-21T07:12:46.212+0000] {dag.py:3834} INFO - Setting next_dagrun for example_time_delta_sensor_async to None, run_after=None
[2025-12-21T07:12:46.241+0000] {processor.py:183} INFO - Processing /home/airflow/.local/lib/python3.8/site-packages/airflow/example_dags/example_time_delta_sensor_async.py took 0.093 seconds
[2025-12-21T07:13:16.628+0000] {processor.py:161} INFO - Started process (PID=251) to work on /home/airflow/.local/lib/python3.8/site-packages/airflow/example_dags/example_time_delta_sensor_async.py
[2025-12-21T07:13:16.629+0000] {processor.py:830} INFO - Processing file /home/airflow/.local/lib/python3.8/site-packages/airflow/example_dags/example_time_delta_sensor_async.py for tasks to queue
[2025-12-21T07:13:16.632+0000] {logging_mixin.py:188} INFO - [2025-12-21T07:13:16.632+0000] {dagbag.py:540} INFO - Filling up the DagBag from /home/airflow/.local/lib/python3.8/site-packages/airflow/example_dags/example_time_delta_sensor_async.py
[2025-12-21T07:13:16.639+0000] {processor.py:840} INFO - DAG(s) 'example_time_delta_sensor_async' retrieved from /home/airflow/.local/lib/python3.8/site-packages/airflow/example_dags/example_time_delta_sensor_async.py
[2025-12-21T07:13:16.673+0000] {logging_mixin.py:188} INFO - [2025-12-21T07:13:16.673+0000] {dag.py:3047} INFO - Sync 1 DAGs
[2025-12-21T07:13:16.692+0000] {logging_mixin.py:188} INFO - [2025-12-21T07:13:16.692+0000] {dag.py:3834} INFO - Setting next_dagrun for example_time_delta_sensor_async to None, run_after=None
[2025-12-21T07:13:16.719+0000] {processor.py:183} INFO - Processing /home/airflow/.local/lib/python3.8/site-packages/airflow/example_dags/example_time_delta_sensor_async.py took 0.096 seconds
[2025-12-21T07:13:47.452+0000] {processor.py:161} INFO - Started process (PID=307) to work on /home/airflow/.local/lib/python3.8/site-packages/airflow/example_dags/example_time_delta_sensor_async.py
[2025-12-21T07:13:47.454+0000] {processor.py:830} INFO - Processing file /home/airflow/.local/lib/python3.8/site-packages/airflow/example_dags/example_time_delta_sensor_async.py for tasks to queue
[2025-12-21T07:13:47.456+0000] {logging_mixin.py:188} INFO - [2025-12-21T07:13:47.456+0000] {dagbag.py:540} INFO - Filling up the DagBag from /home/airflow/.local/lib/python3.8/site-packages/airflow/example_dags/example_time_delta_sensor_async.py
[2025-12-21T07:13:47.462+0000] {processor.py:840} INFO - DAG(s) 'example_time_delta_sensor_async' retrieved from /home/airflow/.local/lib/python3.8/site-packages/airflow/example_dags/example_time_delta_sensor_async.py
[2025-12-21T07:13:47.485+0000] {logging_mixin.py:188} INFO - [2025-12-21T07:13:47.485+0000] {dag.py:3047} INFO - Sync 1 DAGs
[2025-12-21T07:13:47.499+0000] {logging_mixin.py:188} INFO - [2025-12-21T07:13:47.499+0000] {dag.py:3834} INFO - Setting next_dagrun for example_time_delta_sensor_async to None, run_after=None
[2025-12-21T07:13:47.520+0000] {processor.py:183} INFO - Processing /home/airflow/.local/lib/python3.8/site-packages/airflow/example_dags/example_time_delta_sensor_async.py took 0.073 seconds
[2025-12-21T07:14:18.086+0000] {processor.py:161} INFO - Started process (PID=363) to work on /home/airflow/.local/lib/python3.8/site-packages/airflow/example_dags/example_time_delta_sensor_async.py
[2025-12-21T07:14:18.088+0000] {processor.py:830} INFO - Processing file /home/airflow/.local/lib/python3.8/site-packages/airflow/example_dags/example_time_delta_sensor_async.py for tasks to queue
[2025-12-21T07:14:18.090+0000] {logging_mixin.py:188} INFO - [2025-12-21T07:14:18.089+0000] {dagbag.py:540} INFO - Filling up the DagBag from /home/airflow/.local/lib/python3.8/site-packages/airflow/example_dags/example_time_delta_sensor_async.py
[2025-12-21T07:14:18.095+0000] {processor.py:840} INFO - DAG(s) 'example_time_delta_sensor_async' retrieved from /home/airflow/.local/lib/python3.8/site-packages/airflow/example_dags/example_time_delta_sensor_async.py
[2025-12-21T07:14:18.118+0000] {logging_mixin.py:188} INFO - [2025-12-21T07:14:18.118+0000] {dag.py:3047} INFO - Sync 1 DAGs
[2025-12-21T07:14:18.132+0000] {logging_mixin.py:188} INFO - [2025-12-21T07:14:18.131+0000] {dag.py:3834} INFO - Setting next_dagrun for example_time_delta_sensor_async to None, run_after=None
[2025-12-21T07:14:18.154+0000] {processor.py:183} INFO - Processing /home/airflow/.local/lib/python3.8/site-packages/airflow/example_dags/example_time_delta_sensor_async.py took 0.071 seconds
[2025-12-21T07:14:48.894+0000] {processor.py:161} INFO - Started process (PID=419) to work on /home/airflow/.local/lib/python3.8/site-packages/airflow/example_dags/example_time_delta_sensor_async.py
[2025-12-21T07:14:48.895+0000] {processor.py:830} INFO - Processing file /home/airflow/.local/lib/python3.8/site-packages/airflow/example_dags/example_time_delta_sensor_async.py for tasks to queue
[2025-12-21T07:14:48.898+0000] {logging_mixin.py:188} INFO - [2025-12-21T07:14:48.898+0000] {dagbag.py:540} INFO - Filling up the DagBag from /home/airflow/.local/lib/python3.8/site-packages/airflow/example_dags/example_time_delta_sensor_async.py
[2025-12-21T07:14:48.904+0000] {processor.py:840} INFO - DAG(s) 'example_time_delta_sensor_async' retrieved from /home/airflow/.local/lib/python3.8/site-packages/airflow/example_dags/example_time_delta_sensor_async.py
[2025-12-21T07:14:48.930+0000] {logging_mixin.py:188} INFO - [2025-12-21T07:14:48.930+0000] {dag.py:3047} INFO - Sync 1 DAGs
[2025-12-21T07:14:48.946+0000] {logging_mixin.py:188} INFO - [2025-12-21T07:14:48.945+0000] {dag.py:3834} INFO - Setting next_dagrun for example_time_delta_sensor_async to None, run_after=None
[2025-12-21T07:14:48.972+0000] {processor.py:183} INFO - Processing /home/airflow/.local/lib/python3.8/site-packages/airflow/example_dags/example_time_delta_sensor_async.py took 0.083 seconds
[2025-12-21T07:15:19.114+0000] {processor.py:161} INFO - Started process (PID=475) to work on /home/airflow/.local/lib/python3.8/site-packages/airflow/example_dags/example_time_delta_sensor_async.py
[2025-12-21T07:15:19.115+0000] {processor.py:830} INFO - Processing file /home/airflow/.local/lib/python3.8/site-packages/airflow/example_dags/example_time_delta_sensor_async.py for tasks to queue
[2025-12-21T07:15:19.120+0000] {logging_mixin.py:188} INFO - [2025-12-21T07:15:19.120+0000] {dagbag.py:540} INFO - Filling up the DagBag from /home/airflow/.local/lib/python3.8/site-packages/airflow/example_dags/example_time_delta_sensor_async.py
[2025-12-21T07:15:19.126+0000] {processor.py:840} INFO - DAG(s) 'example_time_delta_sensor_async' retrieved from /home/airflow/.local/lib/python3.8/site-packages/airflow/example_dags/example_time_delta_sensor_async.py
[2025-12-21T07:15:19.150+0000] {logging_mixin.py:188} INFO - [2025-12-21T07:15:19.150+0000] {dag.py:3047} INFO - Sync 1 DAGs
[2025-12-21T07:15:19.167+0000] {logging_mixin.py:188} INFO - [2025-12-21T07:15:19.166+0000] {dag.py:3834} INFO - Setting next_dagrun for example_time_delta_sensor_async to None, run_after=None
[2025-12-21T07:15:19.188+0000] {processor.py:183} INFO - Processing /home/airflow/.local/lib/python3.8/site-packages/airflow/example_dags/example_time_delta_sensor_async.py took 0.078 seconds
[2025-12-21T07:15:49.422+0000] {processor.py:161} INFO - Started process (PID=531) to work on /home/airflow/.local/lib/python3.8/site-packages/airflow/example_dags/example_time_delta_sensor_async.py
[2025-12-21T07:15:49.424+0000] {processor.py:830} INFO - Processing file /home/airflow/.local/lib/python3.8/site-packages/airflow/example_dags/example_time_delta_sensor_async.py for tasks to queue
[2025-12-21T07:15:49.426+0000] {logging_mixin.py:188} INFO - [2025-12-21T07:15:49.426+0000] {dagbag.py:540} INFO - Filling up the DagBag from /home/airflow/.local/lib/python3.8/site-packages/airflow/example_dags/example_time_delta_sensor_async.py
[2025-12-21T07:15:49.432+0000] {processor.py:840} INFO - DAG(s) 'example_time_delta_sensor_async' retrieved from /home/airflow/.local/lib/python3.8/site-packages/airflow/example_dags/example_time_delta_sensor_async.py
[2025-12-21T07:15:49.456+0000] {logging_mixin.py:188} INFO - [2025-12-21T07:15:49.455+0000] {dag.py:3047} INFO - Sync 1 DAGs
[2025-12-21T07:15:49.469+0000] {logging_mixin.py:188} INFO - [2025-12-21T07:15:49.469+0000] {dag.py:3834} INFO - Setting next_dagrun for example_time_delta_sensor_async to None, run_after=None
[2025-12-21T07:15:49.492+0000] {processor.py:183} INFO - Processing /home/airflow/.local/lib/python3.8/site-packages/airflow/example_dags/example_time_delta_sensor_async.py took 0.073 seconds
[2025-12-21T07:16:20.642+0000] {processor.py:161} INFO - Started process (PID=587) to work on /home/airflow/.local/lib/python3.8/site-packages/airflow/example_dags/example_time_delta_sensor_async.py
[2025-12-21T07:16:20.643+0000] {processor.py:830} INFO - Processing file /home/airflow/.local/lib/python3.8/site-packages/airflow/example_dags/example_time_delta_sensor_async.py for tasks to queue
[2025-12-21T07:16:20.647+0000] {logging_mixin.py:188} INFO - [2025-12-21T07:16:20.646+0000] {dagbag.py:540} INFO - Filling up the DagBag from /home/airflow/.local/lib/python3.8/site-packages/airflow/example_dags/example_time_delta_sensor_async.py
[2025-12-21T07:16:20.655+0000] {processor.py:840} INFO - DAG(s) 'example_time_delta_sensor_async' retrieved from /home/airflow/.local/lib/python3.8/site-packages/airflow/example_dags/example_time_delta_sensor_async.py
[2025-12-21T07:16:20.690+0000] {logging_mixin.py:188} INFO - [2025-12-21T07:16:20.690+0000] {dag.py:3047} INFO - Sync 1 DAGs
[2025-12-21T07:16:20.709+0000] {logging_mixin.py:188} INFO - [2025-12-21T07:16:20.709+0000] {dag.py:3834} INFO - Setting next_dagrun for example_time_delta_sensor_async to None, run_after=None
[2025-12-21T07:16:20.744+0000] {processor.py:183} INFO - Processing /home/airflow/.local/lib/python3.8/site-packages/airflow/example_dags/example_time_delta_sensor_async.py took 0.108 seconds
[2025-12-21T07:16:51.369+0000] {processor.py:161} INFO - Started process (PID=643) to work on /home/airflow/.local/lib/python3.8/site-packages/airflow/example_dags/example_time_delta_sensor_async.py
[2025-12-21T07:16:51.370+0000] {processor.py:830} INFO - Processing file /home/airflow/.local/lib/python3.8/site-packages/airflow/example_dags/example_time_delta_sensor_async.py for tasks to queue
[2025-12-21T07:16:51.372+0000] {logging_mixin.py:188} INFO - [2025-12-21T07:16:51.372+0000] {dagbag.py:540} INFO - Filling up the DagBag from /home/airflow/.local/lib/python3.8/site-packages/airflow/example_dags/example_time_delta_sensor_async.py
[2025-12-21T07:16:51.379+0000] {processor.py:840} INFO - DAG(s) 'example_time_delta_sensor_async' retrieved from /home/airflow/.local/lib/python3.8/site-packages/airflow/example_dags/example_time_delta_sensor_async.py
[2025-12-21T07:16:51.411+0000] {logging_mixin.py:188} INFO - [2025-12-21T07:16:51.411+0000] {dag.py:3047} INFO - Sync 1 DAGs
[2025-12-21T07:16:51.426+0000] {logging_mixin.py:188} INFO - [2025-12-21T07:16:51.426+0000] {dag.py:3834} INFO - Setting next_dagrun for example_time_delta_sensor_async to None, run_after=None
[2025-12-21T07:16:51.455+0000] {processor.py:183} INFO - Processing /home/airflow/.local/lib/python3.8/site-packages/airflow/example_dags/example_time_delta_sensor_async.py took 0.092 seconds
[2025-12-21T07:17:21.621+0000] {processor.py:161} INFO - Started process (PID=699) to work on /home/airflow/.local/lib/python3.8/site-packages/airflow/example_dags/example_time_delta_sensor_async.py
[2025-12-21T07:17:21.624+0000] {processor.py:830} INFO - Processing file /home/airflow/.local/lib/python3.8/site-packages/airflow/example_dags/example_time_delta_sensor_async.py for tasks to queue
[2025-12-21T07:17:21.626+0000] {logging_mixin.py:188} INFO - [2025-12-21T07:17:21.626+0000] {dagbag.py:540} INFO - Filling up the DagBag from /home/airflow/.local/lib/python3.8/site-packages/airflow/example_dags/example_time_delta_sensor_async.py
[2025-12-21T07:17:21.632+0000] {processor.py:840} INFO - DAG(s) 'example_time_delta_sensor_async' retrieved from /home/airflow/.local/lib/python3.8/site-packages/airflow/example_dags/example_time_delta_sensor_async.py
[2025-12-21T07:17:21.658+0000] {logging_mixin.py:188} INFO - [2025-12-21T07:17:21.657+0000] {dag.py:3047} INFO - Sync 1 DAGs
[2025-12-21T07:17:21.672+0000] {logging_mixin.py:188} INFO - [2025-12-21T07:17:21.671+0000] {dag.py:3834} INFO - Setting next_dagrun for example_time_delta_sensor_async to None, run_after=None
[2025-12-21T07:17:21.695+0000] {processor.py:183} INFO - Processing /home/airflow/.local/lib/python3.8/site-packages/airflow/example_dags/example_time_delta_sensor_async.py took 0.078 seconds
[2025-12-21T07:17:51.779+0000] {processor.py:161} INFO - Started process (PID=756) to work on /home/airflow/.local/lib/python3.8/site-packages/airflow/example_dags/example_time_delta_sensor_async.py
[2025-12-21T07:17:51.780+0000] {processor.py:830} INFO - Processing file /home/airflow/.local/lib/python3.8/site-packages/airflow/example_dags/example_time_delta_sensor_async.py for tasks to queue
[2025-12-21T07:17:51.783+0000] {logging_mixin.py:188} INFO - [2025-12-21T07:17:51.782+0000] {dagbag.py:540} INFO - Filling up the DagBag from /home/airflow/.local/lib/python3.8/site-packages/airflow/example_dags/example_time_delta_sensor_async.py
[2025-12-21T07:17:51.788+0000] {processor.py:840} INFO - DAG(s) 'example_time_delta_sensor_async' retrieved from /home/airflow/.local/lib/python3.8/site-packages/airflow/example_dags/example_time_delta_sensor_async.py
[2025-12-21T07:17:51.811+0000] {logging_mixin.py:188} INFO - [2025-12-21T07:17:51.811+0000] {dag.py:3047} INFO - Sync 1 DAGs
[2025-12-21T07:17:51.822+0000] {logging_mixin.py:188} INFO - [2025-12-21T07:17:51.822+0000] {dag.py:3834} INFO - Setting next_dagrun for example_time_delta_sensor_async to None, run_after=None
[2025-12-21T07:17:51.842+0000] {processor.py:183} INFO - Processing /home/airflow/.local/lib/python3.8/site-packages/airflow/example_dags/example_time_delta_sensor_async.py took 0.068 seconds
[2025-12-21T07:18:22.678+0000] {processor.py:161} INFO - Started process (PID=812) to work on /home/airflow/.local/lib/python3.8/site-packages/airflow/example_dags/example_time_delta_sensor_async.py
[2025-12-21T07:18:22.680+0000] {processor.py:830} INFO - Processing file /home/airflow/.local/lib/python3.8/site-packages/airflow/example_dags/example_time_delta_sensor_async.py for tasks to queue
[2025-12-21T07:18:22.682+0000] {logging_mixin.py:188} INFO - [2025-12-21T07:18:22.682+0000] {dagbag.py:540} INFO - Filling up the DagBag from /home/airflow/.local/lib/python3.8/site-packages/airflow/example_dags/example_time_delta_sensor_async.py
[2025-12-21T07:18:22.690+0000] {processor.py:840} INFO - DAG(s) 'example_time_delta_sensor_async' retrieved from /home/airflow/.local/lib/python3.8/site-packages/airflow/example_dags/example_time_delta_sensor_async.py
[2025-12-21T07:18:22.715+0000] {logging_mixin.py:188} INFO - [2025-12-21T07:18:22.715+0000] {dag.py:3047} INFO - Sync 1 DAGs
[2025-12-21T07:18:22.729+0000] {logging_mixin.py:188} INFO - [2025-12-21T07:18:22.729+0000] {dag.py:3834} INFO - Setting next_dagrun for example_time_delta_sensor_async to None, run_after=None
[2025-12-21T07:18:22.755+0000] {processor.py:183} INFO - Processing /home/airflow/.local/lib/python3.8/site-packages/airflow/example_dags/example_time_delta_sensor_async.py took 0.081 seconds
[2025-12-21T07:18:53.651+0000] {processor.py:161} INFO - Started process (PID=868) to work on /home/airflow/.local/lib/python3.8/site-packages/airflow/example_dags/example_time_delta_sensor_async.py
[2025-12-21T07:18:53.653+0000] {processor.py:830} INFO - Processing file /home/airflow/.local/lib/python3.8/site-packages/airflow/example_dags/example_time_delta_sensor_async.py for tasks to queue
[2025-12-21T07:18:53.655+0000] {logging_mixin.py:188} INFO - [2025-12-21T07:18:53.655+0000] {dagbag.py:540} INFO - Filling up the DagBag from /home/airflow/.local/lib/python3.8/site-packages/airflow/example_dags/example_time_delta_sensor_async.py
[2025-12-21T07:18:53.661+0000] {processor.py:840} INFO - DAG(s) 'example_time_delta_sensor_async' retrieved from /home/airflow/.local/lib/python3.8/site-packages/airflow/example_dags/example_time_delta_sensor_async.py
[2025-12-21T07:18:53.683+0000] {logging_mixin.py:188} INFO - [2025-12-21T07:18:53.683+0000] {dag.py:3047} INFO - Sync 1 DAGs
[2025-12-21T07:18:53.694+0000] {logging_mixin.py:188} INFO - [2025-12-21T07:18:53.694+0000] {dag.py:3834} INFO - Setting next_dagrun for example_time_delta_sensor_async to None, run_after=None
[2025-12-21T07:18:53.713+0000] {processor.py:183} INFO - Processing /home/airflow/.local/lib/python3.8/site-packages/airflow/example_dags/example_time_delta_sensor_async.py took 0.065 seconds
[2025-12-21T07:19:25.497+0000] {processor.py:161} INFO - Started process (PID=924) to work on /home/airflow/.local/lib/python3.8/site-packages/airflow/example_dags/example_time_delta_sensor_async.py
[2025-12-21T07:19:25.500+0000] {processor.py:830} INFO - Processing file /home/airflow/.local/lib/python3.8/site-packages/airflow/example_dags/example_time_delta_sensor_async.py for tasks to queue
[2025-12-21T07:19:25.506+0000] {logging_mixin.py:188} INFO - [2025-12-21T07:19:25.505+0000] {dagbag.py:540} INFO - Filling up the DagBag from /home/airflow/.local/lib/python3.8/site-packages/airflow/example_dags/example_time_delta_sensor_async.py
[2025-12-21T07:19:25.528+0000] {processor.py:840} INFO - DAG(s) 'example_time_delta_sensor_async' retrieved from /home/airflow/.local/lib/python3.8/site-packages/airflow/example_dags/example_time_delta_sensor_async.py
[2025-12-21T07:19:25.560+0000] {logging_mixin.py:188} INFO - [2025-12-21T07:19:25.560+0000] {dag.py:3047} INFO - Sync 1 DAGs
[2025-12-21T07:19:25.597+0000] {logging_mixin.py:188} INFO - [2025-12-21T07:19:25.597+0000] {dag.py:3834} INFO - Setting next_dagrun for example_time_delta_sensor_async to None, run_after=None
[2025-12-21T07:19:25.635+0000] {processor.py:183} INFO - Processing /home/airflow/.local/lib/python3.8/site-packages/airflow/example_dags/example_time_delta_sensor_async.py took 0.143 seconds
[2025-12-21T07:19:55.770+0000] {processor.py:161} INFO - Started process (PID=981) to work on /home/airflow/.local/lib/python3.8/site-packages/airflow/example_dags/example_time_delta_sensor_async.py
[2025-12-21T07:19:55.772+0000] {processor.py:830} INFO - Processing file /home/airflow/.local/lib/python3.8/site-packages/airflow/example_dags/example_time_delta_sensor_async.py for tasks to queue
[2025-12-21T07:19:55.774+0000] {logging_mixin.py:188} INFO - [2025-12-21T07:19:55.774+0000] {dagbag.py:540} INFO - Filling up the DagBag from /home/airflow/.local/lib/python3.8/site-packages/airflow/example_dags/example_time_delta_sensor_async.py
[2025-12-21T07:19:55.780+0000] {processor.py:840} INFO - DAG(s) 'example_time_delta_sensor_async' retrieved from /home/airflow/.local/lib/python3.8/site-packages/airflow/example_dags/example_time_delta_sensor_async.py
[2025-12-21T07:19:55.805+0000] {logging_mixin.py:188} INFO - [2025-12-21T07:19:55.805+0000] {dag.py:3047} INFO - Sync 1 DAGs
[2025-12-21T07:19:55.818+0000] {logging_mixin.py:188} INFO - [2025-12-21T07:19:55.818+0000] {dag.py:3834} INFO - Setting next_dagrun for example_time_delta_sensor_async to None, run_after=None
[2025-12-21T07:19:55.850+0000] {processor.py:183} INFO - Processing /home/airflow/.local/lib/python3.8/site-packages/airflow/example_dags/example_time_delta_sensor_async.py took 0.083 seconds
[2025-12-21T07:20:26.459+0000] {processor.py:161} INFO - Started process (PID=1037) to work on /home/airflow/.local/lib/python3.8/site-packages/airflow/example_dags/example_time_delta_sensor_async.py
[2025-12-21T07:20:26.461+0000] {processor.py:830} INFO - Processing file /home/airflow/.local/lib/python3.8/site-packages/airflow/example_dags/example_time_delta_sensor_async.py for tasks to queue
[2025-12-21T07:20:26.463+0000] {logging_mixin.py:188} INFO - [2025-12-21T07:20:26.463+0000] {dagbag.py:540} INFO - Filling up the DagBag from /home/airflow/.local/lib/python3.8/site-packages/airflow/example_dags/example_time_delta_sensor_async.py
[2025-12-21T07:20:26.469+0000] {processor.py:840} INFO - DAG(s) 'example_time_delta_sensor_async' retrieved from /home/airflow/.local/lib/python3.8/site-packages/airflow/example_dags/example_time_delta_sensor_async.py
[2025-12-21T07:20:26.497+0000] {logging_mixin.py:188} INFO - [2025-12-21T07:20:26.496+0000] {dag.py:3047} INFO - Sync 1 DAGs
[2025-12-21T07:20:26.518+0000] {logging_mixin.py:188} INFO - [2025-12-21T07:20:26.518+0000] {dag.py:3834} INFO - Setting next_dagrun for example_time_delta_sensor_async to None, run_after=None
[2025-12-21T07:20:26.546+0000] {processor.py:183} INFO - Processing /home/airflow/.local/lib/python3.8/site-packages/airflow/example_dags/example_time_delta_sensor_async.py took 0.090 seconds
[2025-12-21T07:20:40.742+0000] {processor.py:161} INFO - Started process (PID=72) to work on /home/airflow/.local/lib/python3.8/site-packages/airflow/example_dags/example_time_delta_sensor_async.py
[2025-12-21T07:20:40.744+0000] {processor.py:830} INFO - Processing file /home/airflow/.local/lib/python3.8/site-packages/airflow/example_dags/example_time_delta_sensor_async.py for tasks to queue
[2025-12-21T07:20:40.746+0000] {logging_mixin.py:188} INFO - [2025-12-21T07:20:40.746+0000] {dagbag.py:540} INFO - Filling up the DagBag from /home/airflow/.local/lib/python3.8/site-packages/airflow/example_dags/example_time_delta_sensor_async.py
[2025-12-21T07:20:40.751+0000] {processor.py:840} INFO - DAG(s) 'example_time_delta_sensor_async' retrieved from /home/airflow/.local/lib/python3.8/site-packages/airflow/example_dags/example_time_delta_sensor_async.py
[2025-12-21T07:20:40.783+0000] {logging_mixin.py:188} INFO - [2025-12-21T07:20:40.783+0000] {dag.py:3047} INFO - Sync 1 DAGs
[2025-12-21T07:20:40.795+0000] {logging_mixin.py:188} INFO - [2025-12-21T07:20:40.795+0000] {dag.py:3834} INFO - Setting next_dagrun for example_time_delta_sensor_async to None, run_after=None
[2025-12-21T07:20:40.818+0000] {processor.py:183} INFO - Processing /home/airflow/.local/lib/python3.8/site-packages/airflow/example_dags/example_time_delta_sensor_async.py took 0.080 seconds
[2025-12-21T07:21:11.816+0000] {processor.py:161} INFO - Started process (PID=128) to work on /home/airflow/.local/lib/python3.8/site-packages/airflow/example_dags/example_time_delta_sensor_async.py
[2025-12-21T07:21:11.818+0000] {processor.py:830} INFO - Processing file /home/airflow/.local/lib/python3.8/site-packages/airflow/example_dags/example_time_delta_sensor_async.py for tasks to queue
[2025-12-21T07:21:11.821+0000] {logging_mixin.py:188} INFO - [2025-12-21T07:21:11.821+0000] {dagbag.py:540} INFO - Filling up the DagBag from /home/airflow/.local/lib/python3.8/site-packages/airflow/example_dags/example_time_delta_sensor_async.py
[2025-12-21T07:21:11.829+0000] {processor.py:840} INFO - DAG(s) 'example_time_delta_sensor_async' retrieved from /home/airflow/.local/lib/python3.8/site-packages/airflow/example_dags/example_time_delta_sensor_async.py
[2025-12-21T07:21:11.858+0000] {logging_mixin.py:188} INFO - [2025-12-21T07:21:11.857+0000] {dag.py:3047} INFO - Sync 1 DAGs
[2025-12-21T07:21:11.076+0000] {logging_mixin.py:188} INFO - [2025-12-21T07:21:11.076+0000] {dag.py:3834} INFO - Setting next_dagrun for example_time_delta_sensor_async to None, run_after=None
[2025-12-21T07:21:11.104+0000] {processor.py:183} INFO - Processing /home/airflow/.local/lib/python3.8/site-packages/airflow/example_dags/example_time_delta_sensor_async.py took 0.092 seconds
[2025-12-21T07:22:21.720+0000] {processor.py:161} INFO - Started process (PID=79) to work on /home/airflow/.local/lib/python3.8/site-packages/airflow/example_dags/example_time_delta_sensor_async.py
[2025-12-21T07:22:21.722+0000] {processor.py:830} INFO - Processing file /home/airflow/.local/lib/python3.8/site-packages/airflow/example_dags/example_time_delta_sensor_async.py for tasks to queue
[2025-12-21T07:22:21.725+0000] {logging_mixin.py:188} INFO - [2025-12-21T07:22:21.724+0000] {dagbag.py:540} INFO - Filling up the DagBag from /home/airflow/.local/lib/python3.8/site-packages/airflow/example_dags/example_time_delta_sensor_async.py
[2025-12-21T07:22:21.733+0000] {processor.py:840} INFO - DAG(s) 'example_time_delta_sensor_async' retrieved from /home/airflow/.local/lib/python3.8/site-packages/airflow/example_dags/example_time_delta_sensor_async.py
[2025-12-21T07:22:21.754+0000] {logging_mixin.py:188} INFO - [2025-12-21T07:22:21.754+0000] {dag.py:3047} INFO - Sync 1 DAGs
[2025-12-21T07:22:21.774+0000] {logging_mixin.py:188} INFO - [2025-12-21T07:22:21.774+0000] {dag.py:3834} INFO - Setting next_dagrun for example_time_delta_sensor_async to None, run_after=None
[2025-12-21T07:22:21.799+0000] {processor.py:183} INFO - Processing /home/airflow/.local/lib/python3.8/site-packages/airflow/example_dags/example_time_delta_sensor_async.py took 0.085 seconds
[2025-12-21T07:22:53.166+0000] {processor.py:161} INFO - Started process (PID=142) to work on /home/airflow/.local/lib/python3.8/site-packages/airflow/example_dags/example_time_delta_sensor_async.py
[2025-12-21T07:22:53.168+0000] {processor.py:830} INFO - Processing file /home/airflow/.local/lib/python3.8/site-packages/airflow/example_dags/example_time_delta_sensor_async.py for tasks to queue
[2025-12-21T07:22:53.170+0000] {logging_mixin.py:188} INFO - [2025-12-21T07:22:53.170+0000] {dagbag.py:540} INFO - Filling up the DagBag from /home/airflow/.local/lib/python3.8/site-packages/airflow/example_dags/example_time_delta_sensor_async.py
[2025-12-21T07:22:53.177+0000] {processor.py:840} INFO - DAG(s) 'example_time_delta_sensor_async' retrieved from /home/airflow/.local/lib/python3.8/site-packages/airflow/example_dags/example_time_delta_sensor_async.py
[2025-12-21T07:22:53.305+0000] {logging_mixin.py:188} INFO - [2025-12-21T07:22:53.304+0000] {dag.py:3047} INFO - Sync 1 DAGs
[2025-12-21T07:22:53.318+0000] {logging_mixin.py:188} INFO - [2025-12-21T07:22:53.318+0000] {dag.py:3834} INFO - Setting next_dagrun for example_time_delta_sensor_async to None, run_after=None
[2025-12-21T07:22:53.343+0000] {processor.py:183} INFO - Processing /home/airflow/.local/lib/python3.8/site-packages/airflow/example_dags/example_time_delta_sensor_async.py took 0.181 seconds
[2025-12-21T07:28:32.581+0000] {processor.py:161} INFO - Started process (PID=87) to work on /home/airflow/.local/lib/python3.8/site-packages/airflow/example_dags/example_time_delta_sensor_async.py
[2025-12-21T07:28:32.583+0000] {processor.py:830} INFO - Processing file /home/airflow/.local/lib/python3.8/site-packages/airflow/example_dags/example_time_delta_sensor_async.py for tasks to queue
[2025-12-21T07:28:32.587+0000] {logging_mixin.py:188} INFO - [2025-12-21T07:28:32.586+0000] {dagbag.py:540} INFO - Filling up the DagBag from /home/airflow/.local/lib/python3.8/site-packages/airflow/example_dags/example_time_delta_sensor_async.py
[2025-12-21T07:28:32.605+0000] {processor.py:840} INFO - DAG(s) 'example_time_delta_sensor_async' retrieved from /home/airflow/.local/lib/python3.8/site-packages/airflow/example_dags/example_time_delta_sensor_async.py
[2025-12-21T07:28:32.649+0000] {logging_mixin.py:188} INFO - [2025-12-21T07:28:32.649+0000] {dag.py:3047} INFO - Sync 1 DAGs
[2025-12-21T07:28:32.680+0000] {logging_mixin.py:188} INFO - [2025-12-21T07:28:32.679+0000] {dag.py:3834} INFO - Setting next_dagrun for example_time_delta_sensor_async to None, run_after=None
[2025-12-21T07:28:32.730+0000] {processor.py:183} INFO - Processing /home/airflow/.local/lib/python3.8/site-packages/airflow/example_dags/example_time_delta_sensor_async.py took 0.155 seconds
[2025-12-21T07:29:02.852+0000] {processor.py:161} INFO - Started process (PID=143) to work on /home/airflow/.local/lib/python3.8/site-packages/airflow/example_dags/example_time_delta_sensor_async.py
[2025-12-21T07:29:02.854+0000] {processor.py:830} INFO - Processing file /home/airflow/.local/lib/python3.8/site-packages/airflow/example_dags/example_time_delta_sensor_async.py for tasks to queue
[2025-12-21T07:29:02.857+0000] {logging_mixin.py:188} INFO - [2025-12-21T07:29:02.857+0000] {dagbag.py:540} INFO - Filling up the DagBag from /home/airflow/.local/lib/python3.8/site-packages/airflow/example_dags/example_time_delta_sensor_async.py
[2025-12-21T07:29:02.864+0000] {processor.py:840} INFO - DAG(s) 'example_time_delta_sensor_async' retrieved from /home/airflow/.local/lib/python3.8/site-packages/airflow/example_dags/example_time_delta_sensor_async.py
[2025-12-21T07:29:02.976+0000] {logging_mixin.py:188} INFO - [2025-12-21T07:29:02.976+0000] {dag.py:3047} INFO - Sync 1 DAGs
[2025-12-21T07:29:02.987+0000] {logging_mixin.py:188} INFO - [2025-12-21T07:29:02.987+0000] {dag.py:3834} INFO - Setting next_dagrun for example_time_delta_sensor_async to None, run_after=None
[2025-12-21T07:29:03.007+0000] {processor.py:183} INFO - Processing /home/airflow/.local/lib/python3.8/site-packages/airflow/example_dags/example_time_delta_sensor_async.py took 0.160 seconds
[2025-12-21T07:29:33.681+0000] {processor.py:161} INFO - Started process (PID=199) to work on /home/airflow/.local/lib/python3.8/site-packages/airflow/example_dags/example_time_delta_sensor_async.py
[2025-12-21T07:29:33.683+0000] {processor.py:830} INFO - Processing file /home/airflow/.local/lib/python3.8/site-packages/airflow/example_dags/example_time_delta_sensor_async.py for tasks to queue
[2025-12-21T07:29:33.686+0000] {logging_mixin.py:188} INFO - [2025-12-21T07:29:33.685+0000] {dagbag.py:540} INFO - Filling up the DagBag from /home/airflow/.local/lib/python3.8/site-packages/airflow/example_dags/example_time_delta_sensor_async.py
[2025-12-21T07:29:33.692+0000] {processor.py:840} INFO - DAG(s) 'example_time_delta_sensor_async' retrieved from /home/airflow/.local/lib/python3.8/site-packages/airflow/example_dags/example_time_delta_sensor_async.py
[2025-12-21T07:29:33.719+0000] {logging_mixin.py:188} INFO - [2025-12-21T07:29:33.718+0000] {dag.py:3047} INFO - Sync 1 DAGs
[2025-12-21T07:29:33.733+0000] {logging_mixin.py:188} INFO - [2025-12-21T07:29:33.732+0000] {dag.py:3834} INFO - Setting next_dagrun for example_time_delta_sensor_async to None, run_after=None
[2025-12-21T07:29:33.762+0000] {processor.py:183} INFO - Processing /home/airflow/.local/lib/python3.8/site-packages/airflow/example_dags/example_time_delta_sensor_async.py took 0.086 seconds
[2025-12-21T07:30:04.059+0000] {processor.py:161} INFO - Started process (PID=254) to work on /home/airflow/.local/lib/python3.8/site-packages/airflow/example_dags/example_time_delta_sensor_async.py
[2025-12-21T07:30:04.061+0000] {processor.py:830} INFO - Processing file /home/airflow/.local/lib/python3.8/site-packages/airflow/example_dags/example_time_delta_sensor_async.py for tasks to queue
[2025-12-21T07:30:04.063+0000] {logging_mixin.py:188} INFO - [2025-12-21T07:30:04.063+0000] {dagbag.py:540} INFO - Filling up the DagBag from /home/airflow/.local/lib/python3.8/site-packages/airflow/example_dags/example_time_delta_sensor_async.py
[2025-12-21T07:30:04.071+0000] {processor.py:840} INFO - DAG(s) 'example_time_delta_sensor_async' retrieved from /home/airflow/.local/lib/python3.8/site-packages/airflow/example_dags/example_time_delta_sensor_async.py
[2025-12-21T07:30:04.101+0000] {logging_mixin.py:188} INFO - [2025-12-21T07:30:04.101+0000] {dag.py:3047} INFO - Sync 1 DAGs
[2025-12-21T07:30:04.117+0000] {logging_mixin.py:188} INFO - [2025-12-21T07:30:04.117+0000] {dag.py:3834} INFO - Setting next_dagrun for example_time_delta_sensor_async to None, run_after=None
[2025-12-21T07:30:04.142+0000] {processor.py:183} INFO - Processing /home/airflow/.local/lib/python3.8/site-packages/airflow/example_dags/example_time_delta_sensor_async.py took 0.087 seconds
[2025-12-21T07:30:34.337+0000] {processor.py:161} INFO - Started process (PID=310) to work on /home/airflow/.local/lib/python3.8/site-packages/airflow/example_dags/example_time_delta_sensor_async.py
[2025-12-21T07:30:34.339+0000] {processor.py:830} INFO - Processing file /home/airflow/.local/lib/python3.8/site-packages/airflow/example_dags/example_time_delta_sensor_async.py for tasks to queue
[2025-12-21T07:30:34.343+0000] {logging_mixin.py:188} INFO - [2025-12-21T07:30:34.343+0000] {dagbag.py:540} INFO - Filling up the DagBag from /home/airflow/.local/lib/python3.8/site-packages/airflow/example_dags/example_time_delta_sensor_async.py
[2025-12-21T07:30:34.350+0000] {processor.py:840} INFO - DAG(s) 'example_time_delta_sensor_async' retrieved from /home/airflow/.local/lib/python3.8/site-packages/airflow/example_dags/example_time_delta_sensor_async.py
[2025-12-21T07:30:34.377+0000] {logging_mixin.py:188} INFO - [2025-12-21T07:30:34.376+0000] {dag.py:3047} INFO - Sync 1 DAGs
[2025-12-21T07:30:34.391+0000] {logging_mixin.py:188} INFO - [2025-12-21T07:30:34.391+0000] {dag.py:3834} INFO - Setting next_dagrun for example_time_delta_sensor_async to None, run_after=None
[2025-12-21T07:30:34.414+0000] {processor.py:183} INFO - Processing /home/airflow/.local/lib/python3.8/site-packages/airflow/example_dags/example_time_delta_sensor_async.py took 0.082 seconds
[2025-12-21T07:31:04.664+0000] {processor.py:161} INFO - Started process (PID=366) to work on /home/airflow/.local/lib/python3.8/site-packages/airflow/example_dags/example_time_delta_sensor_async.py
[2025-12-21T07:31:04.666+0000] {processor.py:830} INFO - Processing file /home/airflow/.local/lib/python3.8/site-packages/airflow/example_dags/example_time_delta_sensor_async.py for tasks to queue
[2025-12-21T07:31:04.669+0000] {logging_mixin.py:188} INFO - [2025-12-21T07:31:04.668+0000] {dagbag.py:540} INFO - Filling up the DagBag from /home/airflow/.local/lib/python3.8/site-packages/airflow/example_dags/example_time_delta_sensor_async.py
[2025-12-21T07:31:04.677+0000] {processor.py:840} INFO - DAG(s) 'example_time_delta_sensor_async' retrieved from /home/airflow/.local/lib/python3.8/site-packages/airflow/example_dags/example_time_delta_sensor_async.py
[2025-12-21T07:31:04.704+0000] {logging_mixin.py:188} INFO - [2025-12-21T07:31:04.704+0000] {dag.py:3047} INFO - Sync 1 DAGs
[2025-12-21T07:31:04.721+0000] {logging_mixin.py:188} INFO - [2025-12-21T07:31:04.721+0000] {dag.py:3834} INFO - Setting next_dagrun for example_time_delta_sensor_async to None, run_after=None
[2025-12-21T07:31:04.745+0000] {processor.py:183} INFO - Processing /home/airflow/.local/lib/python3.8/site-packages/airflow/example_dags/example_time_delta_sensor_async.py took 0.085 seconds
[2025-12-21T07:31:34.878+0000] {processor.py:161} INFO - Started process (PID=422) to work on /home/airflow/.local/lib/python3.8/site-packages/airflow/example_dags/example_time_delta_sensor_async.py
[2025-12-21T07:31:34.879+0000] {processor.py:830} INFO - Processing file /home/airflow/.local/lib/python3.8/site-packages/airflow/example_dags/example_time_delta_sensor_async.py for tasks to queue
[2025-12-21T07:31:34.882+0000] {logging_mixin.py:188} INFO - [2025-12-21T07:31:34.882+0000] {dagbag.py:540} INFO - Filling up the DagBag from /home/airflow/.local/lib/python3.8/site-packages/airflow/example_dags/example_time_delta_sensor_async.py
[2025-12-21T07:31:34.888+0000] {processor.py:840} INFO - DAG(s) 'example_time_delta_sensor_async' retrieved from /home/airflow/.local/lib/python3.8/site-packages/airflow/example_dags/example_time_delta_sensor_async.py
[2025-12-21T07:31:34.913+0000] {logging_mixin.py:188} INFO - [2025-12-21T07:31:34.913+0000] {dag.py:3047} INFO - Sync 1 DAGs
[2025-12-21T07:31:34.928+0000] {logging_mixin.py:188} INFO - [2025-12-21T07:31:34.928+0000] {dag.py:3834} INFO - Setting next_dagrun for example_time_delta_sensor_async to None, run_after=None
[2025-12-21T07:31:34.951+0000] {processor.py:183} INFO - Processing /home/airflow/.local/lib/python3.8/site-packages/airflow/example_dags/example_time_delta_sensor_async.py took 0.077 seconds
