[2025-12-21T06:58:37.740+0000] {processor.py:161} INFO - Started process (PID=72) to work on /home/airflow/.local/lib/python3.8/site-packages/airflow/example_dags/example_kubernetes_executor.py
[2025-12-21T06:58:37.742+0000] {processor.py:830} INFO - Processing file /home/airflow/.local/lib/python3.8/site-packages/airflow/example_dags/example_kubernetes_executor.py for tasks to queue
[2025-12-21T06:58:37.750+0000] {logging_mixin.py:188} INFO - [2025-12-21T06:58:37.748+0000] {dagbag.py:540} INFO - Filling up the DagBag from /home/airflow/.local/lib/python3.8/site-packages/airflow/example_dags/example_kubernetes_executor.py
[2025-12-21T06:58:37.817+0000] {processor.py:840} INFO - DAG(s) 'example_kubernetes_executor' retrieved from /home/airflow/.local/lib/python3.8/site-packages/airflow/example_dags/example_kubernetes_executor.py
[2025-12-21T06:58:37.858+0000] {logging_mixin.py:188} INFO - [2025-12-21T06:58:37.857+0000] {dag.py:3047} INFO - Sync 1 DAGs
[2025-12-21T06:58:37.902+0000] {logging_mixin.py:188} INFO - [2025-12-21T06:58:37.901+0000] {dag.py:3834} INFO - Setting next_dagrun for example_kubernetes_executor to None, run_after=None
[2025-12-21T06:58:37.943+0000] {processor.py:183} INFO - Processing /home/airflow/.local/lib/python3.8/site-packages/airflow/example_dags/example_kubernetes_executor.py took 0.218 seconds
[2025-12-21T06:58:52.614+0000] {processor.py:161} INFO - Started process (PID=62) to work on /home/airflow/.local/lib/python3.8/site-packages/airflow/example_dags/example_kubernetes_executor.py
[2025-12-21T06:58:52.615+0000] {processor.py:830} INFO - Processing file /home/airflow/.local/lib/python3.8/site-packages/airflow/example_dags/example_kubernetes_executor.py for tasks to queue
[2025-12-21T06:58:52.618+0000] {logging_mixin.py:188} INFO - [2025-12-21T06:58:52.617+0000] {dagbag.py:540} INFO - Filling up the DagBag from /home/airflow/.local/lib/python3.8/site-packages/airflow/example_dags/example_kubernetes_executor.py
[2025-12-21T06:58:52.632+0000] {processor.py:840} INFO - DAG(s) 'example_kubernetes_executor' retrieved from /home/airflow/.local/lib/python3.8/site-packages/airflow/example_dags/example_kubernetes_executor.py
[2025-12-21T06:58:52.763+0000] {logging_mixin.py:188} INFO - [2025-12-21T06:58:52.763+0000] {dag.py:3047} INFO - Sync 1 DAGs
[2025-12-21T06:58:52.776+0000] {logging_mixin.py:188} INFO - [2025-12-21T06:58:52.776+0000] {dag.py:3834} INFO - Setting next_dagrun for example_kubernetes_executor to None, run_after=None
[2025-12-21T06:58:52.802+0000] {processor.py:183} INFO - Processing /home/airflow/.local/lib/python3.8/site-packages/airflow/example_dags/example_kubernetes_executor.py took 0.192 seconds
[2025-12-21T06:59:23.593+0000] {processor.py:161} INFO - Started process (PID=118) to work on /home/airflow/.local/lib/python3.8/site-packages/airflow/example_dags/example_kubernetes_executor.py
[2025-12-21T06:59:23.595+0000] {processor.py:830} INFO - Processing file /home/airflow/.local/lib/python3.8/site-packages/airflow/example_dags/example_kubernetes_executor.py for tasks to queue
[2025-12-21T06:59:23.597+0000] {logging_mixin.py:188} INFO - [2025-12-21T06:59:23.597+0000] {dagbag.py:540} INFO - Filling up the DagBag from /home/airflow/.local/lib/python3.8/site-packages/airflow/example_dags/example_kubernetes_executor.py
[2025-12-21T06:59:23.612+0000] {processor.py:840} INFO - DAG(s) 'example_kubernetes_executor' retrieved from /home/airflow/.local/lib/python3.8/site-packages/airflow/example_dags/example_kubernetes_executor.py
[2025-12-21T06:59:23.665+0000] {logging_mixin.py:188} INFO - [2025-12-21T06:59:23.664+0000] {dag.py:3047} INFO - Sync 1 DAGs
[2025-12-21T06:59:23.679+0000] {logging_mixin.py:188} INFO - [2025-12-21T06:59:23.679+0000] {dag.py:3834} INFO - Setting next_dagrun for example_kubernetes_executor to None, run_after=None
[2025-12-21T06:59:23.704+0000] {processor.py:183} INFO - Processing /home/airflow/.local/lib/python3.8/site-packages/airflow/example_dags/example_kubernetes_executor.py took 0.115 seconds
[2025-12-21T06:59:53.926+0000] {processor.py:161} INFO - Started process (PID=174) to work on /home/airflow/.local/lib/python3.8/site-packages/airflow/example_dags/example_kubernetes_executor.py
[2025-12-21T06:59:53.928+0000] {processor.py:830} INFO - Processing file /home/airflow/.local/lib/python3.8/site-packages/airflow/example_dags/example_kubernetes_executor.py for tasks to queue
[2025-12-21T06:59:53.931+0000] {logging_mixin.py:188} INFO - [2025-12-21T06:59:53.930+0000] {dagbag.py:540} INFO - Filling up the DagBag from /home/airflow/.local/lib/python3.8/site-packages/airflow/example_dags/example_kubernetes_executor.py
[2025-12-21T06:59:53.946+0000] {processor.py:840} INFO - DAG(s) 'example_kubernetes_executor' retrieved from /home/airflow/.local/lib/python3.8/site-packages/airflow/example_dags/example_kubernetes_executor.py
[2025-12-21T06:59:53.996+0000] {logging_mixin.py:188} INFO - [2025-12-21T06:59:53.996+0000] {dag.py:3047} INFO - Sync 1 DAGs
[2025-12-21T06:59:54.010+0000] {logging_mixin.py:188} INFO - [2025-12-21T06:59:54.009+0000] {dag.py:3834} INFO - Setting next_dagrun for example_kubernetes_executor to None, run_after=None
[2025-12-21T06:59:54.031+0000] {processor.py:183} INFO - Processing /home/airflow/.local/lib/python3.8/site-packages/airflow/example_dags/example_kubernetes_executor.py took 0.109 seconds
[2025-12-21T07:00:24.304+0000] {processor.py:161} INFO - Started process (PID=230) to work on /home/airflow/.local/lib/python3.8/site-packages/airflow/example_dags/example_kubernetes_executor.py
[2025-12-21T07:00:24.306+0000] {processor.py:830} INFO - Processing file /home/airflow/.local/lib/python3.8/site-packages/airflow/example_dags/example_kubernetes_executor.py for tasks to queue
[2025-12-21T07:00:24.308+0000] {logging_mixin.py:188} INFO - [2025-12-21T07:00:24.308+0000] {dagbag.py:540} INFO - Filling up the DagBag from /home/airflow/.local/lib/python3.8/site-packages/airflow/example_dags/example_kubernetes_executor.py
[2025-12-21T07:00:24.323+0000] {processor.py:840} INFO - DAG(s) 'example_kubernetes_executor' retrieved from /home/airflow/.local/lib/python3.8/site-packages/airflow/example_dags/example_kubernetes_executor.py
[2025-12-21T07:00:24.369+0000] {logging_mixin.py:188} INFO - [2025-12-21T07:00:24.369+0000] {dag.py:3047} INFO - Sync 1 DAGs
[2025-12-21T07:00:24.382+0000] {logging_mixin.py:188} INFO - [2025-12-21T07:00:24.382+0000] {dag.py:3834} INFO - Setting next_dagrun for example_kubernetes_executor to None, run_after=None
[2025-12-21T07:00:24.407+0000] {processor.py:183} INFO - Processing /home/airflow/.local/lib/python3.8/site-packages/airflow/example_dags/example_kubernetes_executor.py took 0.107 seconds
[2025-12-21T07:00:54.578+0000] {processor.py:161} INFO - Started process (PID=286) to work on /home/airflow/.local/lib/python3.8/site-packages/airflow/example_dags/example_kubernetes_executor.py
[2025-12-21T07:00:54.580+0000] {processor.py:830} INFO - Processing file /home/airflow/.local/lib/python3.8/site-packages/airflow/example_dags/example_kubernetes_executor.py for tasks to queue
[2025-12-21T07:00:54.583+0000] {logging_mixin.py:188} INFO - [2025-12-21T07:00:54.582+0000] {dagbag.py:540} INFO - Filling up the DagBag from /home/airflow/.local/lib/python3.8/site-packages/airflow/example_dags/example_kubernetes_executor.py
[2025-12-21T07:00:54.598+0000] {processor.py:840} INFO - DAG(s) 'example_kubernetes_executor' retrieved from /home/airflow/.local/lib/python3.8/site-packages/airflow/example_dags/example_kubernetes_executor.py
[2025-12-21T07:00:54.639+0000] {logging_mixin.py:188} INFO - [2025-12-21T07:00:54.639+0000] {dag.py:3047} INFO - Sync 1 DAGs
[2025-12-21T07:00:54.653+0000] {logging_mixin.py:188} INFO - [2025-12-21T07:00:54.653+0000] {dag.py:3834} INFO - Setting next_dagrun for example_kubernetes_executor to None, run_after=None
[2025-12-21T07:00:54.673+0000] {processor.py:183} INFO - Processing /home/airflow/.local/lib/python3.8/site-packages/airflow/example_dags/example_kubernetes_executor.py took 0.099 seconds
[2025-12-21T07:01:24.998+0000] {processor.py:161} INFO - Started process (PID=342) to work on /home/airflow/.local/lib/python3.8/site-packages/airflow/example_dags/example_kubernetes_executor.py
[2025-12-21T07:01:25.000+0000] {processor.py:830} INFO - Processing file /home/airflow/.local/lib/python3.8/site-packages/airflow/example_dags/example_kubernetes_executor.py for tasks to queue
[2025-12-21T07:01:25.003+0000] {logging_mixin.py:188} INFO - [2025-12-21T07:01:25.003+0000] {dagbag.py:540} INFO - Filling up the DagBag from /home/airflow/.local/lib/python3.8/site-packages/airflow/example_dags/example_kubernetes_executor.py
[2025-12-21T07:01:25.028+0000] {processor.py:840} INFO - DAG(s) 'example_kubernetes_executor' retrieved from /home/airflow/.local/lib/python3.8/site-packages/airflow/example_dags/example_kubernetes_executor.py
[2025-12-21T07:01:25.083+0000] {logging_mixin.py:188} INFO - [2025-12-21T07:01:25.083+0000] {dag.py:3047} INFO - Sync 1 DAGs
[2025-12-21T07:01:25.101+0000] {logging_mixin.py:188} INFO - [2025-12-21T07:01:25.101+0000] {dag.py:3834} INFO - Setting next_dagrun for example_kubernetes_executor to None, run_after=None
[2025-12-21T07:01:25.130+0000] {processor.py:183} INFO - Processing /home/airflow/.local/lib/python3.8/site-packages/airflow/example_dags/example_kubernetes_executor.py took 0.137 seconds
[2025-12-21T07:01:55.291+0000] {processor.py:161} INFO - Started process (PID=398) to work on /home/airflow/.local/lib/python3.8/site-packages/airflow/example_dags/example_kubernetes_executor.py
[2025-12-21T07:01:55.292+0000] {processor.py:830} INFO - Processing file /home/airflow/.local/lib/python3.8/site-packages/airflow/example_dags/example_kubernetes_executor.py for tasks to queue
[2025-12-21T07:01:55.295+0000] {logging_mixin.py:188} INFO - [2025-12-21T07:01:55.295+0000] {dagbag.py:540} INFO - Filling up the DagBag from /home/airflow/.local/lib/python3.8/site-packages/airflow/example_dags/example_kubernetes_executor.py
[2025-12-21T07:01:55.321+0000] {processor.py:840} INFO - DAG(s) 'example_kubernetes_executor' retrieved from /home/airflow/.local/lib/python3.8/site-packages/airflow/example_dags/example_kubernetes_executor.py
[2025-12-21T07:01:55.368+0000] {logging_mixin.py:188} INFO - [2025-12-21T07:01:55.368+0000] {dag.py:3047} INFO - Sync 1 DAGs
[2025-12-21T07:01:55.383+0000] {logging_mixin.py:188} INFO - [2025-12-21T07:01:55.383+0000] {dag.py:3834} INFO - Setting next_dagrun for example_kubernetes_executor to None, run_after=None
[2025-12-21T07:01:55.412+0000] {processor.py:183} INFO - Processing /home/airflow/.local/lib/python3.8/site-packages/airflow/example_dags/example_kubernetes_executor.py took 0.129 seconds
[2025-12-21T07:02:25.778+0000] {processor.py:161} INFO - Started process (PID=454) to work on /home/airflow/.local/lib/python3.8/site-packages/airflow/example_dags/example_kubernetes_executor.py
[2025-12-21T07:02:25.783+0000] {processor.py:830} INFO - Processing file /home/airflow/.local/lib/python3.8/site-packages/airflow/example_dags/example_kubernetes_executor.py for tasks to queue
[2025-12-21T07:02:25.786+0000] {logging_mixin.py:188} INFO - [2025-12-21T07:02:25.785+0000] {dagbag.py:540} INFO - Filling up the DagBag from /home/airflow/.local/lib/python3.8/site-packages/airflow/example_dags/example_kubernetes_executor.py
[2025-12-21T07:02:25.799+0000] {processor.py:840} INFO - DAG(s) 'example_kubernetes_executor' retrieved from /home/airflow/.local/lib/python3.8/site-packages/airflow/example_dags/example_kubernetes_executor.py
[2025-12-21T07:02:25.845+0000] {logging_mixin.py:188} INFO - [2025-12-21T07:02:25.844+0000] {dag.py:3047} INFO - Sync 1 DAGs
[2025-12-21T07:02:25.861+0000] {logging_mixin.py:188} INFO - [2025-12-21T07:02:25.860+0000] {dag.py:3834} INFO - Setting next_dagrun for example_kubernetes_executor to None, run_after=None
[2025-12-21T07:02:25.883+0000] {processor.py:183} INFO - Processing /home/airflow/.local/lib/python3.8/site-packages/airflow/example_dags/example_kubernetes_executor.py took 0.108 seconds
[2025-12-21T07:02:56.157+0000] {processor.py:161} INFO - Started process (PID=510) to work on /home/airflow/.local/lib/python3.8/site-packages/airflow/example_dags/example_kubernetes_executor.py
[2025-12-21T07:02:56.159+0000] {processor.py:830} INFO - Processing file /home/airflow/.local/lib/python3.8/site-packages/airflow/example_dags/example_kubernetes_executor.py for tasks to queue
[2025-12-21T07:02:56.162+0000] {logging_mixin.py:188} INFO - [2025-12-21T07:02:56.161+0000] {dagbag.py:540} INFO - Filling up the DagBag from /home/airflow/.local/lib/python3.8/site-packages/airflow/example_dags/example_kubernetes_executor.py
[2025-12-21T07:02:56.183+0000] {processor.py:840} INFO - DAG(s) 'example_kubernetes_executor' retrieved from /home/airflow/.local/lib/python3.8/site-packages/airflow/example_dags/example_kubernetes_executor.py
[2025-12-21T07:02:56.242+0000] {logging_mixin.py:188} INFO - [2025-12-21T07:02:56.241+0000] {dag.py:3047} INFO - Sync 1 DAGs
[2025-12-21T07:02:56.261+0000] {logging_mixin.py:188} INFO - [2025-12-21T07:02:56.260+0000] {dag.py:3834} INFO - Setting next_dagrun for example_kubernetes_executor to None, run_after=None
[2025-12-21T07:02:56.289+0000] {processor.py:183} INFO - Processing /home/airflow/.local/lib/python3.8/site-packages/airflow/example_dags/example_kubernetes_executor.py took 0.138 seconds
[2025-12-21T07:03:26.697+0000] {processor.py:161} INFO - Started process (PID=566) to work on /home/airflow/.local/lib/python3.8/site-packages/airflow/example_dags/example_kubernetes_executor.py
[2025-12-21T07:03:26.699+0000] {processor.py:830} INFO - Processing file /home/airflow/.local/lib/python3.8/site-packages/airflow/example_dags/example_kubernetes_executor.py for tasks to queue
[2025-12-21T07:03:26.702+0000] {logging_mixin.py:188} INFO - [2025-12-21T07:03:26.702+0000] {dagbag.py:540} INFO - Filling up the DagBag from /home/airflow/.local/lib/python3.8/site-packages/airflow/example_dags/example_kubernetes_executor.py
[2025-12-21T07:03:26.721+0000] {processor.py:840} INFO - DAG(s) 'example_kubernetes_executor' retrieved from /home/airflow/.local/lib/python3.8/site-packages/airflow/example_dags/example_kubernetes_executor.py
[2025-12-21T07:03:26.775+0000] {logging_mixin.py:188} INFO - [2025-12-21T07:03:26.775+0000] {dag.py:3047} INFO - Sync 1 DAGs
[2025-12-21T07:03:26.788+0000] {logging_mixin.py:188} INFO - [2025-12-21T07:03:26.788+0000] {dag.py:3834} INFO - Setting next_dagrun for example_kubernetes_executor to None, run_after=None
[2025-12-21T07:03:26.814+0000] {processor.py:183} INFO - Processing /home/airflow/.local/lib/python3.8/site-packages/airflow/example_dags/example_kubernetes_executor.py took 0.121 seconds
[2025-12-21T07:03:56.997+0000] {processor.py:161} INFO - Started process (PID=622) to work on /home/airflow/.local/lib/python3.8/site-packages/airflow/example_dags/example_kubernetes_executor.py
[2025-12-21T07:03:56.999+0000] {processor.py:830} INFO - Processing file /home/airflow/.local/lib/python3.8/site-packages/airflow/example_dags/example_kubernetes_executor.py for tasks to queue
[2025-12-21T07:03:57.001+0000] {logging_mixin.py:188} INFO - [2025-12-21T07:03:57.001+0000] {dagbag.py:540} INFO - Filling up the DagBag from /home/airflow/.local/lib/python3.8/site-packages/airflow/example_dags/example_kubernetes_executor.py
[2025-12-21T07:03:57.018+0000] {processor.py:840} INFO - DAG(s) 'example_kubernetes_executor' retrieved from /home/airflow/.local/lib/python3.8/site-packages/airflow/example_dags/example_kubernetes_executor.py
[2025-12-21T07:03:57.061+0000] {logging_mixin.py:188} INFO - [2025-12-21T07:03:57.061+0000] {dag.py:3047} INFO - Sync 1 DAGs
[2025-12-21T07:03:57.074+0000] {logging_mixin.py:188} INFO - [2025-12-21T07:03:57.074+0000] {dag.py:3834} INFO - Setting next_dagrun for example_kubernetes_executor to None, run_after=None
[2025-12-21T07:03:57.094+0000] {processor.py:183} INFO - Processing /home/airflow/.local/lib/python3.8/site-packages/airflow/example_dags/example_kubernetes_executor.py took 0.101 seconds
[2025-12-21T07:04:27.939+0000] {processor.py:161} INFO - Started process (PID=678) to work on /home/airflow/.local/lib/python3.8/site-packages/airflow/example_dags/example_kubernetes_executor.py
[2025-12-21T07:04:27.941+0000] {processor.py:830} INFO - Processing file /home/airflow/.local/lib/python3.8/site-packages/airflow/example_dags/example_kubernetes_executor.py for tasks to queue
[2025-12-21T07:04:27.944+0000] {logging_mixin.py:188} INFO - [2025-12-21T07:04:27.943+0000] {dagbag.py:540} INFO - Filling up the DagBag from /home/airflow/.local/lib/python3.8/site-packages/airflow/example_dags/example_kubernetes_executor.py
[2025-12-21T07:04:27.965+0000] {processor.py:840} INFO - DAG(s) 'example_kubernetes_executor' retrieved from /home/airflow/.local/lib/python3.8/site-packages/airflow/example_dags/example_kubernetes_executor.py
[2025-12-21T07:04:28.025+0000] {logging_mixin.py:188} INFO - [2025-12-21T07:04:28.025+0000] {dag.py:3047} INFO - Sync 1 DAGs
[2025-12-21T07:04:28.039+0000] {logging_mixin.py:188} INFO - [2025-12-21T07:04:28.039+0000] {dag.py:3834} INFO - Setting next_dagrun for example_kubernetes_executor to None, run_after=None
[2025-12-21T07:04:28.068+0000] {processor.py:183} INFO - Processing /home/airflow/.local/lib/python3.8/site-packages/airflow/example_dags/example_kubernetes_executor.py took 0.133 seconds
[2025-12-21T07:04:58.177+0000] {processor.py:161} INFO - Started process (PID=733) to work on /home/airflow/.local/lib/python3.8/site-packages/airflow/example_dags/example_kubernetes_executor.py
[2025-12-21T07:04:58.178+0000] {processor.py:830} INFO - Processing file /home/airflow/.local/lib/python3.8/site-packages/airflow/example_dags/example_kubernetes_executor.py for tasks to queue
[2025-12-21T07:04:58.181+0000] {logging_mixin.py:188} INFO - [2025-12-21T07:04:58.181+0000] {dagbag.py:540} INFO - Filling up the DagBag from /home/airflow/.local/lib/python3.8/site-packages/airflow/example_dags/example_kubernetes_executor.py
[2025-12-21T07:04:58.201+0000] {processor.py:840} INFO - DAG(s) 'example_kubernetes_executor' retrieved from /home/airflow/.local/lib/python3.8/site-packages/airflow/example_dags/example_kubernetes_executor.py
[2025-12-21T07:04:58.242+0000] {logging_mixin.py:188} INFO - [2025-12-21T07:04:58.242+0000] {dag.py:3047} INFO - Sync 1 DAGs
[2025-12-21T07:04:58.256+0000] {logging_mixin.py:188} INFO - [2025-12-21T07:04:58.256+0000] {dag.py:3834} INFO - Setting next_dagrun for example_kubernetes_executor to None, run_after=None
[2025-12-21T07:04:58.279+0000] {processor.py:183} INFO - Processing /home/airflow/.local/lib/python3.8/site-packages/airflow/example_dags/example_kubernetes_executor.py took 0.106 seconds
[2025-12-21T07:05:28.580+0000] {processor.py:161} INFO - Started process (PID=789) to work on /home/airflow/.local/lib/python3.8/site-packages/airflow/example_dags/example_kubernetes_executor.py
[2025-12-21T07:05:28.582+0000] {processor.py:830} INFO - Processing file /home/airflow/.local/lib/python3.8/site-packages/airflow/example_dags/example_kubernetes_executor.py for tasks to queue
[2025-12-21T07:05:28.586+0000] {logging_mixin.py:188} INFO - [2025-12-21T07:05:28.585+0000] {dagbag.py:540} INFO - Filling up the DagBag from /home/airflow/.local/lib/python3.8/site-packages/airflow/example_dags/example_kubernetes_executor.py
[2025-12-21T07:05:28.603+0000] {processor.py:840} INFO - DAG(s) 'example_kubernetes_executor' retrieved from /home/airflow/.local/lib/python3.8/site-packages/airflow/example_dags/example_kubernetes_executor.py
[2025-12-21T07:05:28.652+0000] {logging_mixin.py:188} INFO - [2025-12-21T07:05:28.652+0000] {dag.py:3047} INFO - Sync 1 DAGs
[2025-12-21T07:05:28.669+0000] {logging_mixin.py:188} INFO - [2025-12-21T07:05:28.669+0000] {dag.py:3834} INFO - Setting next_dagrun for example_kubernetes_executor to None, run_after=None
[2025-12-21T07:05:28.695+0000] {processor.py:183} INFO - Processing /home/airflow/.local/lib/python3.8/site-packages/airflow/example_dags/example_kubernetes_executor.py took 0.120 seconds
[2025-12-21T07:05:58.888+0000] {processor.py:161} INFO - Started process (PID=845) to work on /home/airflow/.local/lib/python3.8/site-packages/airflow/example_dags/example_kubernetes_executor.py
[2025-12-21T07:05:58.889+0000] {processor.py:830} INFO - Processing file /home/airflow/.local/lib/python3.8/site-packages/airflow/example_dags/example_kubernetes_executor.py for tasks to queue
[2025-12-21T07:05:58.892+0000] {logging_mixin.py:188} INFO - [2025-12-21T07:05:58.891+0000] {dagbag.py:540} INFO - Filling up the DagBag from /home/airflow/.local/lib/python3.8/site-packages/airflow/example_dags/example_kubernetes_executor.py
[2025-12-21T07:05:58.907+0000] {processor.py:840} INFO - DAG(s) 'example_kubernetes_executor' retrieved from /home/airflow/.local/lib/python3.8/site-packages/airflow/example_dags/example_kubernetes_executor.py
[2025-12-21T07:05:58.949+0000] {logging_mixin.py:188} INFO - [2025-12-21T07:05:58.949+0000] {dag.py:3047} INFO - Sync 1 DAGs
[2025-12-21T07:05:58.964+0000] {logging_mixin.py:188} INFO - [2025-12-21T07:05:58.964+0000] {dag.py:3834} INFO - Setting next_dagrun for example_kubernetes_executor to None, run_after=None
[2025-12-21T07:05:58.992+0000] {processor.py:183} INFO - Processing /home/airflow/.local/lib/python3.8/site-packages/airflow/example_dags/example_kubernetes_executor.py took 0.108 seconds
[2025-12-21T07:06:29.136+0000] {processor.py:161} INFO - Started process (PID=901) to work on /home/airflow/.local/lib/python3.8/site-packages/airflow/example_dags/example_kubernetes_executor.py
[2025-12-21T07:06:29.138+0000] {processor.py:830} INFO - Processing file /home/airflow/.local/lib/python3.8/site-packages/airflow/example_dags/example_kubernetes_executor.py for tasks to queue
[2025-12-21T07:06:29.141+0000] {logging_mixin.py:188} INFO - [2025-12-21T07:06:29.140+0000] {dagbag.py:540} INFO - Filling up the DagBag from /home/airflow/.local/lib/python3.8/site-packages/airflow/example_dags/example_kubernetes_executor.py
[2025-12-21T07:06:29.159+0000] {processor.py:840} INFO - DAG(s) 'example_kubernetes_executor' retrieved from /home/airflow/.local/lib/python3.8/site-packages/airflow/example_dags/example_kubernetes_executor.py
[2025-12-21T07:06:29.207+0000] {logging_mixin.py:188} INFO - [2025-12-21T07:06:29.207+0000] {dag.py:3047} INFO - Sync 1 DAGs
[2025-12-21T07:06:29.223+0000] {logging_mixin.py:188} INFO - [2025-12-21T07:06:29.223+0000] {dag.py:3834} INFO - Setting next_dagrun for example_kubernetes_executor to None, run_after=None
[2025-12-21T07:06:29.250+0000] {processor.py:183} INFO - Processing /home/airflow/.local/lib/python3.8/site-packages/airflow/example_dags/example_kubernetes_executor.py took 0.118 seconds
[2025-12-21T07:06:59.422+0000] {processor.py:161} INFO - Started process (PID=957) to work on /home/airflow/.local/lib/python3.8/site-packages/airflow/example_dags/example_kubernetes_executor.py
[2025-12-21T07:06:59.424+0000] {processor.py:830} INFO - Processing file /home/airflow/.local/lib/python3.8/site-packages/airflow/example_dags/example_kubernetes_executor.py for tasks to queue
[2025-12-21T07:06:59.426+0000] {logging_mixin.py:188} INFO - [2025-12-21T07:06:59.426+0000] {dagbag.py:540} INFO - Filling up the DagBag from /home/airflow/.local/lib/python3.8/site-packages/airflow/example_dags/example_kubernetes_executor.py
[2025-12-21T07:06:59.441+0000] {processor.py:840} INFO - DAG(s) 'example_kubernetes_executor' retrieved from /home/airflow/.local/lib/python3.8/site-packages/airflow/example_dags/example_kubernetes_executor.py
[2025-12-21T07:06:59.481+0000] {logging_mixin.py:188} INFO - [2025-12-21T07:06:59.480+0000] {dag.py:3047} INFO - Sync 1 DAGs
[2025-12-21T07:06:59.492+0000] {logging_mixin.py:188} INFO - [2025-12-21T07:06:59.491+0000] {dag.py:3834} INFO - Setting next_dagrun for example_kubernetes_executor to None, run_after=None
[2025-12-21T07:06:59.515+0000] {processor.py:183} INFO - Processing /home/airflow/.local/lib/python3.8/site-packages/airflow/example_dags/example_kubernetes_executor.py took 0.096 seconds
[2025-12-21T07:07:29.956+0000] {processor.py:161} INFO - Started process (PID=1013) to work on /home/airflow/.local/lib/python3.8/site-packages/airflow/example_dags/example_kubernetes_executor.py
[2025-12-21T07:07:29.958+0000] {processor.py:830} INFO - Processing file /home/airflow/.local/lib/python3.8/site-packages/airflow/example_dags/example_kubernetes_executor.py for tasks to queue
[2025-12-21T07:07:29.961+0000] {logging_mixin.py:188} INFO - [2025-12-21T07:07:29.961+0000] {dagbag.py:540} INFO - Filling up the DagBag from /home/airflow/.local/lib/python3.8/site-packages/airflow/example_dags/example_kubernetes_executor.py
[2025-12-21T07:07:29.984+0000] {processor.py:840} INFO - DAG(s) 'example_kubernetes_executor' retrieved from /home/airflow/.local/lib/python3.8/site-packages/airflow/example_dags/example_kubernetes_executor.py
[2025-12-21T07:07:30.037+0000] {logging_mixin.py:188} INFO - [2025-12-21T07:07:30.037+0000] {dag.py:3047} INFO - Sync 1 DAGs
[2025-12-21T07:07:30.052+0000] {logging_mixin.py:188} INFO - [2025-12-21T07:07:30.052+0000] {dag.py:3834} INFO - Setting next_dagrun for example_kubernetes_executor to None, run_after=None
[2025-12-21T07:07:30.084+0000] {processor.py:183} INFO - Processing /home/airflow/.local/lib/python3.8/site-packages/airflow/example_dags/example_kubernetes_executor.py took 0.134 seconds
[2025-12-21T07:08:00.856+0000] {processor.py:161} INFO - Started process (PID=1070) to work on /home/airflow/.local/lib/python3.8/site-packages/airflow/example_dags/example_kubernetes_executor.py
[2025-12-21T07:08:00.858+0000] {processor.py:830} INFO - Processing file /home/airflow/.local/lib/python3.8/site-packages/airflow/example_dags/example_kubernetes_executor.py for tasks to queue
[2025-12-21T07:08:00.861+0000] {logging_mixin.py:188} INFO - [2025-12-21T07:08:00.860+0000] {dagbag.py:540} INFO - Filling up the DagBag from /home/airflow/.local/lib/python3.8/site-packages/airflow/example_dags/example_kubernetes_executor.py
[2025-12-21T07:08:00.885+0000] {processor.py:840} INFO - DAG(s) 'example_kubernetes_executor' retrieved from /home/airflow/.local/lib/python3.8/site-packages/airflow/example_dags/example_kubernetes_executor.py
[2025-12-21T07:08:00.942+0000] {logging_mixin.py:188} INFO - [2025-12-21T07:08:00.942+0000] {dag.py:3047} INFO - Sync 1 DAGs
[2025-12-21T07:08:00.960+0000] {logging_mixin.py:188} INFO - [2025-12-21T07:08:00.959+0000] {dag.py:3834} INFO - Setting next_dagrun for example_kubernetes_executor to None, run_after=None
[2025-12-21T07:08:00.989+0000] {processor.py:183} INFO - Processing /home/airflow/.local/lib/python3.8/site-packages/airflow/example_dags/example_kubernetes_executor.py took 0.138 seconds
[2025-12-21T07:08:31.891+0000] {processor.py:161} INFO - Started process (PID=1126) to work on /home/airflow/.local/lib/python3.8/site-packages/airflow/example_dags/example_kubernetes_executor.py
[2025-12-21T07:08:31.892+0000] {processor.py:830} INFO - Processing file /home/airflow/.local/lib/python3.8/site-packages/airflow/example_dags/example_kubernetes_executor.py for tasks to queue
[2025-12-21T07:08:31.895+0000] {logging_mixin.py:188} INFO - [2025-12-21T07:08:31.895+0000] {dagbag.py:540} INFO - Filling up the DagBag from /home/airflow/.local/lib/python3.8/site-packages/airflow/example_dags/example_kubernetes_executor.py
[2025-12-21T07:08:31.911+0000] {processor.py:840} INFO - DAG(s) 'example_kubernetes_executor' retrieved from /home/airflow/.local/lib/python3.8/site-packages/airflow/example_dags/example_kubernetes_executor.py
[2025-12-21T07:08:31.952+0000] {logging_mixin.py:188} INFO - [2025-12-21T07:08:31.952+0000] {dag.py:3047} INFO - Sync 1 DAGs
[2025-12-21T07:08:31.968+0000] {logging_mixin.py:188} INFO - [2025-12-21T07:08:31.968+0000] {dag.py:3834} INFO - Setting next_dagrun for example_kubernetes_executor to None, run_after=None
[2025-12-21T07:08:31.989+0000] {processor.py:183} INFO - Processing /home/airflow/.local/lib/python3.8/site-packages/airflow/example_dags/example_kubernetes_executor.py took 0.102 seconds
[2025-12-21T07:11:42.705+0000] {processor.py:161} INFO - Started process (PID=68) to work on /home/airflow/.local/lib/python3.8/site-packages/airflow/example_dags/example_kubernetes_executor.py
[2025-12-21T07:11:42.710+0000] {processor.py:830} INFO - Processing file /home/airflow/.local/lib/python3.8/site-packages/airflow/example_dags/example_kubernetes_executor.py for tasks to queue
[2025-12-21T07:11:42.717+0000] {logging_mixin.py:188} INFO - [2025-12-21T07:11:42.714+0000] {dagbag.py:540} INFO - Filling up the DagBag from /home/airflow/.local/lib/python3.8/site-packages/airflow/example_dags/example_kubernetes_executor.py
[2025-12-21T07:11:42.752+0000] {processor.py:840} INFO - DAG(s) 'example_kubernetes_executor' retrieved from /home/airflow/.local/lib/python3.8/site-packages/airflow/example_dags/example_kubernetes_executor.py
[2025-12-21T07:11:42.790+0000] {logging_mixin.py:188} INFO - [2025-12-21T07:11:42.790+0000] {dag.py:3047} INFO - Sync 1 DAGs
[2025-12-21T07:11:42.816+0000] {logging_mixin.py:188} INFO - [2025-12-21T07:11:42.816+0000] {dag.py:3834} INFO - Setting next_dagrun for example_kubernetes_executor to None, run_after=None
[2025-12-21T07:11:42.855+0000] {processor.py:183} INFO - Processing /home/airflow/.local/lib/python3.8/site-packages/airflow/example_dags/example_kubernetes_executor.py took 0.156 seconds
[2025-12-21T07:12:14.328+0000] {processor.py:161} INFO - Started process (PID=129) to work on /home/airflow/.local/lib/python3.8/site-packages/airflow/example_dags/example_kubernetes_executor.py
[2025-12-21T07:12:14.329+0000] {processor.py:830} INFO - Processing file /home/airflow/.local/lib/python3.8/site-packages/airflow/example_dags/example_kubernetes_executor.py for tasks to queue
[2025-12-21T07:12:14.332+0000] {logging_mixin.py:188} INFO - [2025-12-21T07:12:14.331+0000] {dagbag.py:540} INFO - Filling up the DagBag from /home/airflow/.local/lib/python3.8/site-packages/airflow/example_dags/example_kubernetes_executor.py
[2025-12-21T07:12:14.347+0000] {processor.py:840} INFO - DAG(s) 'example_kubernetes_executor' retrieved from /home/airflow/.local/lib/python3.8/site-packages/airflow/example_dags/example_kubernetes_executor.py
[2025-12-21T07:12:14.461+0000] {logging_mixin.py:188} INFO - [2025-12-21T07:12:14.461+0000] {dag.py:3047} INFO - Sync 1 DAGs
[2025-12-21T07:12:14.471+0000] {logging_mixin.py:188} INFO - [2025-12-21T07:12:14.471+0000] {dag.py:3834} INFO - Setting next_dagrun for example_kubernetes_executor to None, run_after=None
[2025-12-21T07:12:14.494+0000] {processor.py:183} INFO - Processing /home/airflow/.local/lib/python3.8/site-packages/airflow/example_dags/example_kubernetes_executor.py took 0.169 seconds
[2025-12-21T07:12:44.977+0000] {processor.py:161} INFO - Started process (PID=185) to work on /home/airflow/.local/lib/python3.8/site-packages/airflow/example_dags/example_kubernetes_executor.py
[2025-12-21T07:12:44.978+0000] {processor.py:830} INFO - Processing file /home/airflow/.local/lib/python3.8/site-packages/airflow/example_dags/example_kubernetes_executor.py for tasks to queue
[2025-12-21T07:12:44.981+0000] {logging_mixin.py:188} INFO - [2025-12-21T07:12:44.981+0000] {dagbag.py:540} INFO - Filling up the DagBag from /home/airflow/.local/lib/python3.8/site-packages/airflow/example_dags/example_kubernetes_executor.py
[2025-12-21T07:12:45.000+0000] {processor.py:840} INFO - DAG(s) 'example_kubernetes_executor' retrieved from /home/airflow/.local/lib/python3.8/site-packages/airflow/example_dags/example_kubernetes_executor.py
[2025-12-21T07:12:45.057+0000] {logging_mixin.py:188} INFO - [2025-12-21T07:12:45.056+0000] {dag.py:3047} INFO - Sync 1 DAGs
[2025-12-21T07:12:45.078+0000] {logging_mixin.py:188} INFO - [2025-12-21T07:12:45.078+0000] {dag.py:3834} INFO - Setting next_dagrun for example_kubernetes_executor to None, run_after=None
[2025-12-21T07:12:45.106+0000] {processor.py:183} INFO - Processing /home/airflow/.local/lib/python3.8/site-packages/airflow/example_dags/example_kubernetes_executor.py took 0.133 seconds
[2025-12-21T07:13:15.730+0000] {processor.py:161} INFO - Started process (PID=241) to work on /home/airflow/.local/lib/python3.8/site-packages/airflow/example_dags/example_kubernetes_executor.py
[2025-12-21T07:13:15.732+0000] {processor.py:830} INFO - Processing file /home/airflow/.local/lib/python3.8/site-packages/airflow/example_dags/example_kubernetes_executor.py for tasks to queue
[2025-12-21T07:13:15.735+0000] {logging_mixin.py:188} INFO - [2025-12-21T07:13:15.735+0000] {dagbag.py:540} INFO - Filling up the DagBag from /home/airflow/.local/lib/python3.8/site-packages/airflow/example_dags/example_kubernetes_executor.py
[2025-12-21T07:13:15.761+0000] {processor.py:840} INFO - DAG(s) 'example_kubernetes_executor' retrieved from /home/airflow/.local/lib/python3.8/site-packages/airflow/example_dags/example_kubernetes_executor.py
[2025-12-21T07:13:15.831+0000] {logging_mixin.py:188} INFO - [2025-12-21T07:13:15.830+0000] {dag.py:3047} INFO - Sync 1 DAGs
[2025-12-21T07:13:15.855+0000] {logging_mixin.py:188} INFO - [2025-12-21T07:13:15.855+0000] {dag.py:3834} INFO - Setting next_dagrun for example_kubernetes_executor to None, run_after=None
[2025-12-21T07:13:15.903+0000] {processor.py:183} INFO - Processing /home/airflow/.local/lib/python3.8/site-packages/airflow/example_dags/example_kubernetes_executor.py took 0.178 seconds
[2025-12-21T07:13:46.756+0000] {processor.py:161} INFO - Started process (PID=297) to work on /home/airflow/.local/lib/python3.8/site-packages/airflow/example_dags/example_kubernetes_executor.py
[2025-12-21T07:13:46.758+0000] {processor.py:830} INFO - Processing file /home/airflow/.local/lib/python3.8/site-packages/airflow/example_dags/example_kubernetes_executor.py for tasks to queue
[2025-12-21T07:13:46.760+0000] {logging_mixin.py:188} INFO - [2025-12-21T07:13:46.760+0000] {dagbag.py:540} INFO - Filling up the DagBag from /home/airflow/.local/lib/python3.8/site-packages/airflow/example_dags/example_kubernetes_executor.py
[2025-12-21T07:13:46.781+0000] {processor.py:840} INFO - DAG(s) 'example_kubernetes_executor' retrieved from /home/airflow/.local/lib/python3.8/site-packages/airflow/example_dags/example_kubernetes_executor.py
[2025-12-21T07:13:46.832+0000] {logging_mixin.py:188} INFO - [2025-12-21T07:13:46.831+0000] {dag.py:3047} INFO - Sync 1 DAGs
[2025-12-21T07:13:46.847+0000] {logging_mixin.py:188} INFO - [2025-12-21T07:13:46.846+0000] {dag.py:3834} INFO - Setting next_dagrun for example_kubernetes_executor to None, run_after=None
[2025-12-21T07:13:46.876+0000] {processor.py:183} INFO - Processing /home/airflow/.local/lib/python3.8/site-packages/airflow/example_dags/example_kubernetes_executor.py took 0.125 seconds
[2025-12-21T07:14:17.373+0000] {processor.py:161} INFO - Started process (PID=353) to work on /home/airflow/.local/lib/python3.8/site-packages/airflow/example_dags/example_kubernetes_executor.py
[2025-12-21T07:14:17.375+0000] {processor.py:830} INFO - Processing file /home/airflow/.local/lib/python3.8/site-packages/airflow/example_dags/example_kubernetes_executor.py for tasks to queue
[2025-12-21T07:14:17.377+0000] {logging_mixin.py:188} INFO - [2025-12-21T07:14:17.377+0000] {dagbag.py:540} INFO - Filling up the DagBag from /home/airflow/.local/lib/python3.8/site-packages/airflow/example_dags/example_kubernetes_executor.py
[2025-12-21T07:14:17.393+0000] {processor.py:840} INFO - DAG(s) 'example_kubernetes_executor' retrieved from /home/airflow/.local/lib/python3.8/site-packages/airflow/example_dags/example_kubernetes_executor.py
[2025-12-21T07:14:17.435+0000] {logging_mixin.py:188} INFO - [2025-12-21T07:14:17.435+0000] {dag.py:3047} INFO - Sync 1 DAGs
[2025-12-21T07:14:17.451+0000] {logging_mixin.py:188} INFO - [2025-12-21T07:14:17.451+0000] {dag.py:3834} INFO - Setting next_dagrun for example_kubernetes_executor to None, run_after=None
[2025-12-21T07:14:17.473+0000] {processor.py:183} INFO - Processing /home/airflow/.local/lib/python3.8/site-packages/airflow/example_dags/example_kubernetes_executor.py took 0.103 seconds
[2025-12-21T07:14:48.148+0000] {processor.py:161} INFO - Started process (PID=409) to work on /home/airflow/.local/lib/python3.8/site-packages/airflow/example_dags/example_kubernetes_executor.py
[2025-12-21T07:14:48.151+0000] {processor.py:830} INFO - Processing file /home/airflow/.local/lib/python3.8/site-packages/airflow/example_dags/example_kubernetes_executor.py for tasks to queue
[2025-12-21T07:14:48.154+0000] {logging_mixin.py:188} INFO - [2025-12-21T07:14:48.153+0000] {dagbag.py:540} INFO - Filling up the DagBag from /home/airflow/.local/lib/python3.8/site-packages/airflow/example_dags/example_kubernetes_executor.py
[2025-12-21T07:14:48.174+0000] {processor.py:840} INFO - DAG(s) 'example_kubernetes_executor' retrieved from /home/airflow/.local/lib/python3.8/site-packages/airflow/example_dags/example_kubernetes_executor.py
[2025-12-21T07:14:48.229+0000] {logging_mixin.py:188} INFO - [2025-12-21T07:14:48.228+0000] {dag.py:3047} INFO - Sync 1 DAGs
[2025-12-21T07:14:48.246+0000] {logging_mixin.py:188} INFO - [2025-12-21T07:14:48.245+0000] {dag.py:3834} INFO - Setting next_dagrun for example_kubernetes_executor to None, run_after=None
[2025-12-21T07:14:48.275+0000] {processor.py:183} INFO - Processing /home/airflow/.local/lib/python3.8/site-packages/airflow/example_dags/example_kubernetes_executor.py took 0.132 seconds
[2025-12-21T07:15:18.418+0000] {processor.py:161} INFO - Started process (PID=465) to work on /home/airflow/.local/lib/python3.8/site-packages/airflow/example_dags/example_kubernetes_executor.py
[2025-12-21T07:15:18.420+0000] {processor.py:830} INFO - Processing file /home/airflow/.local/lib/python3.8/site-packages/airflow/example_dags/example_kubernetes_executor.py for tasks to queue
[2025-12-21T07:15:18.422+0000] {logging_mixin.py:188} INFO - [2025-12-21T07:15:18.422+0000] {dagbag.py:540} INFO - Filling up the DagBag from /home/airflow/.local/lib/python3.8/site-packages/airflow/example_dags/example_kubernetes_executor.py
[2025-12-21T07:15:18.444+0000] {processor.py:840} INFO - DAG(s) 'example_kubernetes_executor' retrieved from /home/airflow/.local/lib/python3.8/site-packages/airflow/example_dags/example_kubernetes_executor.py
[2025-12-21T07:15:18.501+0000] {logging_mixin.py:188} INFO - [2025-12-21T07:15:18.501+0000] {dag.py:3047} INFO - Sync 1 DAGs
[2025-12-21T07:15:18.518+0000] {logging_mixin.py:188} INFO - [2025-12-21T07:15:18.518+0000] {dag.py:3834} INFO - Setting next_dagrun for example_kubernetes_executor to None, run_after=None
[2025-12-21T07:15:18.546+0000] {processor.py:183} INFO - Processing /home/airflow/.local/lib/python3.8/site-packages/airflow/example_dags/example_kubernetes_executor.py took 0.134 seconds
[2025-12-21T07:15:48.748+0000] {processor.py:161} INFO - Started process (PID=521) to work on /home/airflow/.local/lib/python3.8/site-packages/airflow/example_dags/example_kubernetes_executor.py
[2025-12-21T07:15:48.750+0000] {processor.py:830} INFO - Processing file /home/airflow/.local/lib/python3.8/site-packages/airflow/example_dags/example_kubernetes_executor.py for tasks to queue
[2025-12-21T07:15:48.753+0000] {logging_mixin.py:188} INFO - [2025-12-21T07:15:48.752+0000] {dagbag.py:540} INFO - Filling up the DagBag from /home/airflow/.local/lib/python3.8/site-packages/airflow/example_dags/example_kubernetes_executor.py
[2025-12-21T07:15:48.769+0000] {processor.py:840} INFO - DAG(s) 'example_kubernetes_executor' retrieved from /home/airflow/.local/lib/python3.8/site-packages/airflow/example_dags/example_kubernetes_executor.py
[2025-12-21T07:15:48.825+0000] {logging_mixin.py:188} INFO - [2025-12-21T07:15:48.825+0000] {dag.py:3047} INFO - Sync 1 DAGs
[2025-12-21T07:15:48.844+0000] {logging_mixin.py:188} INFO - [2025-12-21T07:15:48.844+0000] {dag.py:3834} INFO - Setting next_dagrun for example_kubernetes_executor to None, run_after=None
[2025-12-21T07:15:48.875+0000] {processor.py:183} INFO - Processing /home/airflow/.local/lib/python3.8/site-packages/airflow/example_dags/example_kubernetes_executor.py took 0.131 seconds
[2025-12-21T07:16:19.804+0000] {processor.py:161} INFO - Started process (PID=577) to work on /home/airflow/.local/lib/python3.8/site-packages/airflow/example_dags/example_kubernetes_executor.py
[2025-12-21T07:16:19.805+0000] {processor.py:830} INFO - Processing file /home/airflow/.local/lib/python3.8/site-packages/airflow/example_dags/example_kubernetes_executor.py for tasks to queue
[2025-12-21T07:16:19.808+0000] {logging_mixin.py:188} INFO - [2025-12-21T07:16:19.807+0000] {dagbag.py:540} INFO - Filling up the DagBag from /home/airflow/.local/lib/python3.8/site-packages/airflow/example_dags/example_kubernetes_executor.py
[2025-12-21T07:16:19.821+0000] {processor.py:840} INFO - DAG(s) 'example_kubernetes_executor' retrieved from /home/airflow/.local/lib/python3.8/site-packages/airflow/example_dags/example_kubernetes_executor.py
[2025-12-21T07:16:19.864+0000] {logging_mixin.py:188} INFO - [2025-12-21T07:16:19.864+0000] {dag.py:3047} INFO - Sync 1 DAGs
[2025-12-21T07:16:19.878+0000] {logging_mixin.py:188} INFO - [2025-12-21T07:16:19.878+0000] {dag.py:3834} INFO - Setting next_dagrun for example_kubernetes_executor to None, run_after=None
[2025-12-21T07:16:19.899+0000] {processor.py:183} INFO - Processing /home/airflow/.local/lib/python3.8/site-packages/airflow/example_dags/example_kubernetes_executor.py took 0.099 seconds
[2025-12-21T07:16:50.561+0000] {processor.py:161} INFO - Started process (PID=633) to work on /home/airflow/.local/lib/python3.8/site-packages/airflow/example_dags/example_kubernetes_executor.py
[2025-12-21T07:16:50.563+0000] {processor.py:830} INFO - Processing file /home/airflow/.local/lib/python3.8/site-packages/airflow/example_dags/example_kubernetes_executor.py for tasks to queue
[2025-12-21T07:16:50.566+0000] {logging_mixin.py:188} INFO - [2025-12-21T07:16:50.565+0000] {dagbag.py:540} INFO - Filling up the DagBag from /home/airflow/.local/lib/python3.8/site-packages/airflow/example_dags/example_kubernetes_executor.py
[2025-12-21T07:16:50.580+0000] {processor.py:840} INFO - DAG(s) 'example_kubernetes_executor' retrieved from /home/airflow/.local/lib/python3.8/site-packages/airflow/example_dags/example_kubernetes_executor.py
[2025-12-21T07:16:50.622+0000] {logging_mixin.py:188} INFO - [2025-12-21T07:16:50.622+0000] {dag.py:3047} INFO - Sync 1 DAGs
[2025-12-21T07:16:50.640+0000] {logging_mixin.py:188} INFO - [2025-12-21T07:16:50.640+0000] {dag.py:3834} INFO - Setting next_dagrun for example_kubernetes_executor to None, run_after=None
[2025-12-21T07:16:50.660+0000] {processor.py:183} INFO - Processing /home/airflow/.local/lib/python3.8/site-packages/airflow/example_dags/example_kubernetes_executor.py took 0.103 seconds
[2025-12-21T07:17:20.866+0000] {processor.py:161} INFO - Started process (PID=689) to work on /home/airflow/.local/lib/python3.8/site-packages/airflow/example_dags/example_kubernetes_executor.py
[2025-12-21T07:17:20.868+0000] {processor.py:830} INFO - Processing file /home/airflow/.local/lib/python3.8/site-packages/airflow/example_dags/example_kubernetes_executor.py for tasks to queue
[2025-12-21T07:17:20.871+0000] {logging_mixin.py:188} INFO - [2025-12-21T07:17:20.870+0000] {dagbag.py:540} INFO - Filling up the DagBag from /home/airflow/.local/lib/python3.8/site-packages/airflow/example_dags/example_kubernetes_executor.py
[2025-12-21T07:17:20.887+0000] {processor.py:840} INFO - DAG(s) 'example_kubernetes_executor' retrieved from /home/airflow/.local/lib/python3.8/site-packages/airflow/example_dags/example_kubernetes_executor.py
[2025-12-21T07:17:20.928+0000] {logging_mixin.py:188} INFO - [2025-12-21T07:17:20.927+0000] {dag.py:3047} INFO - Sync 1 DAGs
[2025-12-21T07:17:20.942+0000] {logging_mixin.py:188} INFO - [2025-12-21T07:17:20.942+0000] {dag.py:3834} INFO - Setting next_dagrun for example_kubernetes_executor to None, run_after=None
[2025-12-21T07:17:20.963+0000] {processor.py:183} INFO - Processing /home/airflow/.local/lib/python3.8/site-packages/airflow/example_dags/example_kubernetes_executor.py took 0.101 seconds
[2025-12-21T07:17:51.082+0000] {processor.py:161} INFO - Started process (PID=746) to work on /home/airflow/.local/lib/python3.8/site-packages/airflow/example_dags/example_kubernetes_executor.py
[2025-12-21T07:17:51.084+0000] {processor.py:830} INFO - Processing file /home/airflow/.local/lib/python3.8/site-packages/airflow/example_dags/example_kubernetes_executor.py for tasks to queue
[2025-12-21T07:17:51.086+0000] {logging_mixin.py:188} INFO - [2025-12-21T07:17:51.086+0000] {dagbag.py:540} INFO - Filling up the DagBag from /home/airflow/.local/lib/python3.8/site-packages/airflow/example_dags/example_kubernetes_executor.py
[2025-12-21T07:17:51.100+0000] {processor.py:840} INFO - DAG(s) 'example_kubernetes_executor' retrieved from /home/airflow/.local/lib/python3.8/site-packages/airflow/example_dags/example_kubernetes_executor.py
[2025-12-21T07:17:51.142+0000] {logging_mixin.py:188} INFO - [2025-12-21T07:17:51.142+0000] {dag.py:3047} INFO - Sync 1 DAGs
[2025-12-21T07:17:51.154+0000] {logging_mixin.py:188} INFO - [2025-12-21T07:17:51.154+0000] {dag.py:3834} INFO - Setting next_dagrun for example_kubernetes_executor to None, run_after=None
[2025-12-21T07:17:51.179+0000] {processor.py:183} INFO - Processing /home/airflow/.local/lib/python3.8/site-packages/airflow/example_dags/example_kubernetes_executor.py took 0.101 seconds
[2025-12-21T07:18:21.959+0000] {processor.py:161} INFO - Started process (PID=802) to work on /home/airflow/.local/lib/python3.8/site-packages/airflow/example_dags/example_kubernetes_executor.py
[2025-12-21T07:18:21.961+0000] {processor.py:830} INFO - Processing file /home/airflow/.local/lib/python3.8/site-packages/airflow/example_dags/example_kubernetes_executor.py for tasks to queue
[2025-12-21T07:18:21.963+0000] {logging_mixin.py:188} INFO - [2025-12-21T07:18:21.963+0000] {dagbag.py:540} INFO - Filling up the DagBag from /home/airflow/.local/lib/python3.8/site-packages/airflow/example_dags/example_kubernetes_executor.py
[2025-12-21T07:18:21.978+0000] {processor.py:840} INFO - DAG(s) 'example_kubernetes_executor' retrieved from /home/airflow/.local/lib/python3.8/site-packages/airflow/example_dags/example_kubernetes_executor.py
[2025-12-21T07:18:22.022+0000] {logging_mixin.py:188} INFO - [2025-12-21T07:18:22.021+0000] {dag.py:3047} INFO - Sync 1 DAGs
[2025-12-21T07:18:22.036+0000] {logging_mixin.py:188} INFO - [2025-12-21T07:18:22.035+0000] {dag.py:3834} INFO - Setting next_dagrun for example_kubernetes_executor to None, run_after=None
[2025-12-21T07:18:22.061+0000] {processor.py:183} INFO - Processing /home/airflow/.local/lib/python3.8/site-packages/airflow/example_dags/example_kubernetes_executor.py took 0.106 seconds
[2025-12-21T07:18:52.896+0000] {processor.py:161} INFO - Started process (PID=858) to work on /home/airflow/.local/lib/python3.8/site-packages/airflow/example_dags/example_kubernetes_executor.py
[2025-12-21T07:18:52.898+0000] {processor.py:830} INFO - Processing file /home/airflow/.local/lib/python3.8/site-packages/airflow/example_dags/example_kubernetes_executor.py for tasks to queue
[2025-12-21T07:18:52.901+0000] {logging_mixin.py:188} INFO - [2025-12-21T07:18:52.901+0000] {dagbag.py:540} INFO - Filling up the DagBag from /home/airflow/.local/lib/python3.8/site-packages/airflow/example_dags/example_kubernetes_executor.py
[2025-12-21T07:18:52.915+0000] {processor.py:840} INFO - DAG(s) 'example_kubernetes_executor' retrieved from /home/airflow/.local/lib/python3.8/site-packages/airflow/example_dags/example_kubernetes_executor.py
[2025-12-21T07:18:52.956+0000] {logging_mixin.py:188} INFO - [2025-12-21T07:18:52.955+0000] {dag.py:3047} INFO - Sync 1 DAGs
[2025-12-21T07:18:52.968+0000] {logging_mixin.py:188} INFO - [2025-12-21T07:18:52.968+0000] {dag.py:3834} INFO - Setting next_dagrun for example_kubernetes_executor to None, run_after=None
[2025-12-21T07:18:52.986+0000] {processor.py:183} INFO - Processing /home/airflow/.local/lib/python3.8/site-packages/airflow/example_dags/example_kubernetes_executor.py took 0.095 seconds
[2025-12-21T07:19:24.243+0000] {processor.py:161} INFO - Started process (PID=914) to work on /home/airflow/.local/lib/python3.8/site-packages/airflow/example_dags/example_kubernetes_executor.py
[2025-12-21T07:19:24.247+0000] {processor.py:830} INFO - Processing file /home/airflow/.local/lib/python3.8/site-packages/airflow/example_dags/example_kubernetes_executor.py for tasks to queue
[2025-12-21T07:19:24.250+0000] {logging_mixin.py:188} INFO - [2025-12-21T07:19:24.250+0000] {dagbag.py:540} INFO - Filling up the DagBag from /home/airflow/.local/lib/python3.8/site-packages/airflow/example_dags/example_kubernetes_executor.py
[2025-12-21T07:19:24.287+0000] {processor.py:840} INFO - DAG(s) 'example_kubernetes_executor' retrieved from /home/airflow/.local/lib/python3.8/site-packages/airflow/example_dags/example_kubernetes_executor.py
[2025-12-21T07:19:24.353+0000] {logging_mixin.py:188} INFO - [2025-12-21T07:19:24.353+0000] {dag.py:3047} INFO - Sync 1 DAGs
[2025-12-21T07:19:24.373+0000] {logging_mixin.py:188} INFO - [2025-12-21T07:19:24.373+0000] {dag.py:3834} INFO - Setting next_dagrun for example_kubernetes_executor to None, run_after=None
[2025-12-21T07:19:24.418+0000] {processor.py:183} INFO - Processing /home/airflow/.local/lib/python3.8/site-packages/airflow/example_dags/example_kubernetes_executor.py took 0.183 seconds
[2025-12-21T07:19:55.071+0000] {processor.py:161} INFO - Started process (PID=971) to work on /home/airflow/.local/lib/python3.8/site-packages/airflow/example_dags/example_kubernetes_executor.py
[2025-12-21T07:19:55.073+0000] {processor.py:830} INFO - Processing file /home/airflow/.local/lib/python3.8/site-packages/airflow/example_dags/example_kubernetes_executor.py for tasks to queue
[2025-12-21T07:19:55.075+0000] {logging_mixin.py:188} INFO - [2025-12-21T07:19:55.075+0000] {dagbag.py:540} INFO - Filling up the DagBag from /home/airflow/.local/lib/python3.8/site-packages/airflow/example_dags/example_kubernetes_executor.py
[2025-12-21T07:19:55.091+0000] {processor.py:840} INFO - DAG(s) 'example_kubernetes_executor' retrieved from /home/airflow/.local/lib/python3.8/site-packages/airflow/example_dags/example_kubernetes_executor.py
[2025-12-21T07:19:55.138+0000] {logging_mixin.py:188} INFO - [2025-12-21T07:19:55.138+0000] {dag.py:3047} INFO - Sync 1 DAGs
[2025-12-21T07:19:55.156+0000] {logging_mixin.py:188} INFO - [2025-12-21T07:19:55.155+0000] {dag.py:3834} INFO - Setting next_dagrun for example_kubernetes_executor to None, run_after=None
[2025-12-21T07:19:55.182+0000] {processor.py:183} INFO - Processing /home/airflow/.local/lib/python3.8/site-packages/airflow/example_dags/example_kubernetes_executor.py took 0.115 seconds
[2025-12-21T07:20:25.517+0000] {processor.py:161} INFO - Started process (PID=1027) to work on /home/airflow/.local/lib/python3.8/site-packages/airflow/example_dags/example_kubernetes_executor.py
[2025-12-21T07:20:25.518+0000] {processor.py:830} INFO - Processing file /home/airflow/.local/lib/python3.8/site-packages/airflow/example_dags/example_kubernetes_executor.py for tasks to queue
[2025-12-21T07:20:25.520+0000] {logging_mixin.py:188} INFO - [2025-12-21T07:20:25.520+0000] {dagbag.py:540} INFO - Filling up the DagBag from /home/airflow/.local/lib/python3.8/site-packages/airflow/example_dags/example_kubernetes_executor.py
[2025-12-21T07:20:25.534+0000] {processor.py:840} INFO - DAG(s) 'example_kubernetes_executor' retrieved from /home/airflow/.local/lib/python3.8/site-packages/airflow/example_dags/example_kubernetes_executor.py
[2025-12-21T07:20:25.572+0000] {logging_mixin.py:188} INFO - [2025-12-21T07:20:25.572+0000] {dag.py:3047} INFO - Sync 1 DAGs
[2025-12-21T07:20:25.585+0000] {logging_mixin.py:188} INFO - [2025-12-21T07:20:25.585+0000] {dag.py:3834} INFO - Setting next_dagrun for example_kubernetes_executor to None, run_after=None
[2025-12-21T07:20:25.604+0000] {processor.py:183} INFO - Processing /home/airflow/.local/lib/python3.8/site-packages/airflow/example_dags/example_kubernetes_executor.py took 0.091 seconds
[2025-12-21T07:20:39.985+0000] {processor.py:161} INFO - Started process (PID=62) to work on /home/airflow/.local/lib/python3.8/site-packages/airflow/example_dags/example_kubernetes_executor.py
[2025-12-21T07:20:39.987+0000] {processor.py:830} INFO - Processing file /home/airflow/.local/lib/python3.8/site-packages/airflow/example_dags/example_kubernetes_executor.py for tasks to queue
[2025-12-21T07:20:39.989+0000] {logging_mixin.py:188} INFO - [2025-12-21T07:20:39.988+0000] {dagbag.py:540} INFO - Filling up the DagBag from /home/airflow/.local/lib/python3.8/site-packages/airflow/example_dags/example_kubernetes_executor.py
[2025-12-21T07:20:40.002+0000] {processor.py:840} INFO - DAG(s) 'example_kubernetes_executor' retrieved from /home/airflow/.local/lib/python3.8/site-packages/airflow/example_dags/example_kubernetes_executor.py
[2025-12-21T07:20:40.046+0000] {logging_mixin.py:188} INFO - [2025-12-21T07:20:40.046+0000] {dag.py:3047} INFO - Sync 1 DAGs
[2025-12-21T07:20:40.059+0000] {logging_mixin.py:188} INFO - [2025-12-21T07:20:40.059+0000] {dag.py:3834} INFO - Setting next_dagrun for example_kubernetes_executor to None, run_after=None
[2025-12-21T07:20:40.081+0000] {processor.py:183} INFO - Processing /home/airflow/.local/lib/python3.8/site-packages/airflow/example_dags/example_kubernetes_executor.py took 0.099 seconds
[2025-12-21T07:21:10.892+0000] {processor.py:161} INFO - Started process (PID=118) to work on /home/airflow/.local/lib/python3.8/site-packages/airflow/example_dags/example_kubernetes_executor.py
[2025-12-21T07:21:10.894+0000] {processor.py:830} INFO - Processing file /home/airflow/.local/lib/python3.8/site-packages/airflow/example_dags/example_kubernetes_executor.py for tasks to queue
[2025-12-21T07:21:10.896+0000] {logging_mixin.py:188} INFO - [2025-12-21T07:21:10.896+0000] {dagbag.py:540} INFO - Filling up the DagBag from /home/airflow/.local/lib/python3.8/site-packages/airflow/example_dags/example_kubernetes_executor.py
[2025-12-21T07:21:10.912+0000] {processor.py:840} INFO - DAG(s) 'example_kubernetes_executor' retrieved from /home/airflow/.local/lib/python3.8/site-packages/airflow/example_dags/example_kubernetes_executor.py
[2025-12-21T07:21:10.953+0000] {logging_mixin.py:188} INFO - [2025-12-21T07:21:10.953+0000] {dag.py:3047} INFO - Sync 1 DAGs
[2025-12-21T07:21:10.967+0000] {logging_mixin.py:188} INFO - [2025-12-21T07:21:10.966+0000] {dag.py:3834} INFO - Setting next_dagrun for example_kubernetes_executor to None, run_after=None
[2025-12-21T07:21:10.990+0000] {processor.py:183} INFO - Processing /home/airflow/.local/lib/python3.8/site-packages/airflow/example_dags/example_kubernetes_executor.py took 0.102 seconds
[2025-12-21T07:22:20.748+0000] {processor.py:161} INFO - Started process (PID=69) to work on /home/airflow/.local/lib/python3.8/site-packages/airflow/example_dags/example_kubernetes_executor.py
[2025-12-21T07:22:20.750+0000] {processor.py:830} INFO - Processing file /home/airflow/.local/lib/python3.8/site-packages/airflow/example_dags/example_kubernetes_executor.py for tasks to queue
[2025-12-21T07:22:20.752+0000] {logging_mixin.py:188} INFO - [2025-12-21T07:22:20.752+0000] {dagbag.py:540} INFO - Filling up the DagBag from /home/airflow/.local/lib/python3.8/site-packages/airflow/example_dags/example_kubernetes_executor.py
[2025-12-21T07:22:20.775+0000] {processor.py:840} INFO - DAG(s) 'example_kubernetes_executor' retrieved from /home/airflow/.local/lib/python3.8/site-packages/airflow/example_dags/example_kubernetes_executor.py
[2025-12-21T07:22:20.794+0000] {logging_mixin.py:188} INFO - [2025-12-21T07:22:20.793+0000] {dag.py:3047} INFO - Sync 1 DAGs
[2025-12-21T07:22:20.810+0000] {logging_mixin.py:188} INFO - [2025-12-21T07:22:20.810+0000] {dag.py:3834} INFO - Setting next_dagrun for example_kubernetes_executor to None, run_after=None
[2025-12-21T07:22:20.839+0000] {processor.py:183} INFO - Processing /home/airflow/.local/lib/python3.8/site-packages/airflow/example_dags/example_kubernetes_executor.py took 0.095 seconds
[2025-12-21T07:22:52.106+0000] {processor.py:161} INFO - Started process (PID=125) to work on /home/airflow/.local/lib/python3.8/site-packages/airflow/example_dags/example_kubernetes_executor.py
[2025-12-21T07:22:52.108+0000] {processor.py:830} INFO - Processing file /home/airflow/.local/lib/python3.8/site-packages/airflow/example_dags/example_kubernetes_executor.py for tasks to queue
[2025-12-21T07:22:52.110+0000] {logging_mixin.py:188} INFO - [2025-12-21T07:22:52.110+0000] {dagbag.py:540} INFO - Filling up the DagBag from /home/airflow/.local/lib/python3.8/site-packages/airflow/example_dags/example_kubernetes_executor.py
[2025-12-21T07:22:52.130+0000] {processor.py:840} INFO - DAG(s) 'example_kubernetes_executor' retrieved from /home/airflow/.local/lib/python3.8/site-packages/airflow/example_dags/example_kubernetes_executor.py
[2025-12-21T07:22:52.251+0000] {logging_mixin.py:188} INFO - [2025-12-21T07:22:52.250+0000] {dag.py:3047} INFO - Sync 1 DAGs
[2025-12-21T07:22:52.261+0000] {logging_mixin.py:188} INFO - [2025-12-21T07:22:52.260+0000] {dag.py:3834} INFO - Setting next_dagrun for example_kubernetes_executor to None, run_after=None
[2025-12-21T07:22:52.280+0000] {processor.py:183} INFO - Processing /home/airflow/.local/lib/python3.8/site-packages/airflow/example_dags/example_kubernetes_executor.py took 0.179 seconds
[2025-12-21T07:28:31.143+0000] {processor.py:161} INFO - Started process (PID=77) to work on /home/airflow/.local/lib/python3.8/site-packages/airflow/example_dags/example_kubernetes_executor.py
[2025-12-21T07:28:31.145+0000] {processor.py:830} INFO - Processing file /home/airflow/.local/lib/python3.8/site-packages/airflow/example_dags/example_kubernetes_executor.py for tasks to queue
[2025-12-21T07:28:31.150+0000] {logging_mixin.py:188} INFO - [2025-12-21T07:28:31.149+0000] {dagbag.py:540} INFO - Filling up the DagBag from /home/airflow/.local/lib/python3.8/site-packages/airflow/example_dags/example_kubernetes_executor.py
[2025-12-21T07:28:31.197+0000] {processor.py:840} INFO - DAG(s) 'example_kubernetes_executor' retrieved from /home/airflow/.local/lib/python3.8/site-packages/airflow/example_dags/example_kubernetes_executor.py
[2025-12-21T07:28:31.240+0000] {logging_mixin.py:188} INFO - [2025-12-21T07:28:31.239+0000] {dag.py:3047} INFO - Sync 1 DAGs
[2025-12-21T07:28:31.276+0000] {logging_mixin.py:188} INFO - [2025-12-21T07:28:31.275+0000] {dag.py:3834} INFO - Setting next_dagrun for example_kubernetes_executor to None, run_after=None
[2025-12-21T07:28:31.331+0000] {processor.py:183} INFO - Processing /home/airflow/.local/lib/python3.8/site-packages/airflow/example_dags/example_kubernetes_executor.py took 0.197 seconds
[2025-12-21T07:29:01.799+0000] {processor.py:161} INFO - Started process (PID=133) to work on /home/airflow/.local/lib/python3.8/site-packages/airflow/example_dags/example_kubernetes_executor.py
[2025-12-21T07:29:01.801+0000] {processor.py:830} INFO - Processing file /home/airflow/.local/lib/python3.8/site-packages/airflow/example_dags/example_kubernetes_executor.py for tasks to queue
[2025-12-21T07:29:01.804+0000] {logging_mixin.py:188} INFO - [2025-12-21T07:29:01.803+0000] {dagbag.py:540} INFO - Filling up the DagBag from /home/airflow/.local/lib/python3.8/site-packages/airflow/example_dags/example_kubernetes_executor.py
[2025-12-21T07:29:01.821+0000] {processor.py:840} INFO - DAG(s) 'example_kubernetes_executor' retrieved from /home/airflow/.local/lib/python3.8/site-packages/airflow/example_dags/example_kubernetes_executor.py
[2025-12-21T07:29:01.965+0000] {logging_mixin.py:188} INFO - [2025-12-21T07:29:01.965+0000] {dag.py:3047} INFO - Sync 1 DAGs
[2025-12-21T07:29:01.975+0000] {logging_mixin.py:188} INFO - [2025-12-21T07:29:01.975+0000] {dag.py:3834} INFO - Setting next_dagrun for example_kubernetes_executor to None, run_after=None
[2025-12-21T07:29:01.998+0000] {processor.py:183} INFO - Processing /home/airflow/.local/lib/python3.8/site-packages/airflow/example_dags/example_kubernetes_executor.py took 0.203 seconds
[2025-12-21T07:29:32.762+0000] {processor.py:161} INFO - Started process (PID=189) to work on /home/airflow/.local/lib/python3.8/site-packages/airflow/example_dags/example_kubernetes_executor.py
[2025-12-21T07:29:32.764+0000] {processor.py:830} INFO - Processing file /home/airflow/.local/lib/python3.8/site-packages/airflow/example_dags/example_kubernetes_executor.py for tasks to queue
[2025-12-21T07:29:32.768+0000] {logging_mixin.py:188} INFO - [2025-12-21T07:29:32.767+0000] {dagbag.py:540} INFO - Filling up the DagBag from /home/airflow/.local/lib/python3.8/site-packages/airflow/example_dags/example_kubernetes_executor.py
[2025-12-21T07:29:32.787+0000] {processor.py:840} INFO - DAG(s) 'example_kubernetes_executor' retrieved from /home/airflow/.local/lib/python3.8/site-packages/airflow/example_dags/example_kubernetes_executor.py
[2025-12-21T07:29:32.845+0000] {logging_mixin.py:188} INFO - [2025-12-21T07:29:32.845+0000] {dag.py:3047} INFO - Sync 1 DAGs
[2025-12-21T07:29:32.863+0000] {logging_mixin.py:188} INFO - [2025-12-21T07:29:32.863+0000] {dag.py:3834} INFO - Setting next_dagrun for example_kubernetes_executor to None, run_after=None
[2025-12-21T07:29:32.894+0000] {processor.py:183} INFO - Processing /home/airflow/.local/lib/python3.8/site-packages/airflow/example_dags/example_kubernetes_executor.py took 0.136 seconds
[2025-12-21T07:30:03.221+0000] {processor.py:161} INFO - Started process (PID=244) to work on /home/airflow/.local/lib/python3.8/site-packages/airflow/example_dags/example_kubernetes_executor.py
[2025-12-21T07:30:03.222+0000] {processor.py:830} INFO - Processing file /home/airflow/.local/lib/python3.8/site-packages/airflow/example_dags/example_kubernetes_executor.py for tasks to queue
[2025-12-21T07:30:03.225+0000] {logging_mixin.py:188} INFO - [2025-12-21T07:30:03.225+0000] {dagbag.py:540} INFO - Filling up the DagBag from /home/airflow/.local/lib/python3.8/site-packages/airflow/example_dags/example_kubernetes_executor.py
[2025-12-21T07:30:03.244+0000] {processor.py:840} INFO - DAG(s) 'example_kubernetes_executor' retrieved from /home/airflow/.local/lib/python3.8/site-packages/airflow/example_dags/example_kubernetes_executor.py
[2025-12-21T07:30:03.299+0000] {logging_mixin.py:188} INFO - [2025-12-21T07:30:03.299+0000] {dag.py:3047} INFO - Sync 1 DAGs
[2025-12-21T07:30:03.312+0000] {logging_mixin.py:188} INFO - [2025-12-21T07:30:03.312+0000] {dag.py:3834} INFO - Setting next_dagrun for example_kubernetes_executor to None, run_after=None
[2025-12-21T07:30:03.338+0000] {processor.py:183} INFO - Processing /home/airflow/.local/lib/python3.8/site-packages/airflow/example_dags/example_kubernetes_executor.py took 0.122 seconds
[2025-12-21T07:30:33.485+0000] {processor.py:161} INFO - Started process (PID=300) to work on /home/airflow/.local/lib/python3.8/site-packages/airflow/example_dags/example_kubernetes_executor.py
[2025-12-21T07:30:33.487+0000] {processor.py:830} INFO - Processing file /home/airflow/.local/lib/python3.8/site-packages/airflow/example_dags/example_kubernetes_executor.py for tasks to queue
[2025-12-21T07:30:33.490+0000] {logging_mixin.py:188} INFO - [2025-12-21T07:30:33.489+0000] {dagbag.py:540} INFO - Filling up the DagBag from /home/airflow/.local/lib/python3.8/site-packages/airflow/example_dags/example_kubernetes_executor.py
[2025-12-21T07:30:33.512+0000] {processor.py:840} INFO - DAG(s) 'example_kubernetes_executor' retrieved from /home/airflow/.local/lib/python3.8/site-packages/airflow/example_dags/example_kubernetes_executor.py
[2025-12-21T07:30:33.566+0000] {logging_mixin.py:188} INFO - [2025-12-21T07:30:33.565+0000] {dag.py:3047} INFO - Sync 1 DAGs
[2025-12-21T07:30:33.581+0000] {logging_mixin.py:188} INFO - [2025-12-21T07:30:33.581+0000] {dag.py:3834} INFO - Setting next_dagrun for example_kubernetes_executor to None, run_after=None
[2025-12-21T07:30:33.612+0000] {processor.py:183} INFO - Processing /home/airflow/.local/lib/python3.8/site-packages/airflow/example_dags/example_kubernetes_executor.py took 0.132 seconds
[2025-12-21T07:31:03.758+0000] {processor.py:161} INFO - Started process (PID=356) to work on /home/airflow/.local/lib/python3.8/site-packages/airflow/example_dags/example_kubernetes_executor.py
[2025-12-21T07:31:03.760+0000] {processor.py:830} INFO - Processing file /home/airflow/.local/lib/python3.8/site-packages/airflow/example_dags/example_kubernetes_executor.py for tasks to queue
[2025-12-21T07:31:03.763+0000] {logging_mixin.py:188} INFO - [2025-12-21T07:31:03.763+0000] {dagbag.py:540} INFO - Filling up the DagBag from /home/airflow/.local/lib/python3.8/site-packages/airflow/example_dags/example_kubernetes_executor.py
[2025-12-21T07:31:03.800+0000] {processor.py:840} INFO - DAG(s) 'example_kubernetes_executor' retrieved from /home/airflow/.local/lib/python3.8/site-packages/airflow/example_dags/example_kubernetes_executor.py
[2025-12-21T07:31:03.855+0000] {logging_mixin.py:188} INFO - [2025-12-21T07:31:03.855+0000] {dag.py:3047} INFO - Sync 1 DAGs
[2025-12-21T07:31:03.870+0000] {logging_mixin.py:188} INFO - [2025-12-21T07:31:03.870+0000] {dag.py:3834} INFO - Setting next_dagrun for example_kubernetes_executor to None, run_after=None
[2025-12-21T07:31:03.900+0000] {processor.py:183} INFO - Processing /home/airflow/.local/lib/python3.8/site-packages/airflow/example_dags/example_kubernetes_executor.py took 0.149 seconds
[2025-12-21T07:31:33.982+0000] {processor.py:161} INFO - Started process (PID=412) to work on /home/airflow/.local/lib/python3.8/site-packages/airflow/example_dags/example_kubernetes_executor.py
[2025-12-21T07:31:33.985+0000] {processor.py:830} INFO - Processing file /home/airflow/.local/lib/python3.8/site-packages/airflow/example_dags/example_kubernetes_executor.py for tasks to queue
[2025-12-21T07:31:33.989+0000] {logging_mixin.py:188} INFO - [2025-12-21T07:31:33.988+0000] {dagbag.py:540} INFO - Filling up the DagBag from /home/airflow/.local/lib/python3.8/site-packages/airflow/example_dags/example_kubernetes_executor.py
[2025-12-21T07:31:34.018+0000] {processor.py:840} INFO - DAG(s) 'example_kubernetes_executor' retrieved from /home/airflow/.local/lib/python3.8/site-packages/airflow/example_dags/example_kubernetes_executor.py
[2025-12-21T07:31:34.085+0000] {logging_mixin.py:188} INFO - [2025-12-21T07:31:34.084+0000] {dag.py:3047} INFO - Sync 1 DAGs
[2025-12-21T07:31:34.103+0000] {logging_mixin.py:188} INFO - [2025-12-21T07:31:34.103+0000] {dag.py:3834} INFO - Setting next_dagrun for example_kubernetes_executor to None, run_after=None
[2025-12-21T07:31:34.136+0000] {processor.py:183} INFO - Processing /home/airflow/.local/lib/python3.8/site-packages/airflow/example_dags/example_kubernetes_executor.py took 0.161 seconds
