[2025-12-21T06:58:36.041+0000] {processor.py:161} INFO - Started process (PID=58) to work on /home/airflow/.local/lib/python3.8/site-packages/airflow/example_dags/example_dag_decorator.py
[2025-12-21T06:58:36.043+0000] {processor.py:830} INFO - Processing file /home/airflow/.local/lib/python3.8/site-packages/airflow/example_dags/example_dag_decorator.py for tasks to queue
[2025-12-21T06:58:36.046+0000] {logging_mixin.py:188} INFO - [2025-12-21T06:58:36.046+0000] {dagbag.py:540} INFO - Filling up the DagBag from /home/airflow/.local/lib/python3.8/site-packages/airflow/example_dags/example_dag_decorator.py
[2025-12-21T06:58:36.364+0000] {processor.py:840} INFO - DAG(s) 'example_dag_decorator' retrieved from /home/airflow/.local/lib/python3.8/site-packages/airflow/example_dags/example_dag_decorator.py
[2025-12-21T06:58:36.399+0000] {logging_mixin.py:188} INFO - [2025-12-21T06:58:36.398+0000] {dag.py:3047} INFO - Sync 1 DAGs
[2025-12-21T06:58:36.438+0000] {logging_mixin.py:188} INFO - [2025-12-21T06:58:36.437+0000] {dag.py:3834} INFO - Setting next_dagrun for example_dag_decorator to None, run_after=None
[2025-12-21T06:58:36.473+0000] {processor.py:183} INFO - Processing /home/airflow/.local/lib/python3.8/site-packages/airflow/example_dags/example_dag_decorator.py took 0.438 seconds
[2025-12-21T06:58:51.767+0000] {processor.py:161} INFO - Started process (PID=54) to work on /home/airflow/.local/lib/python3.8/site-packages/airflow/example_dags/example_dag_decorator.py
[2025-12-21T06:58:51.770+0000] {processor.py:830} INFO - Processing file /home/airflow/.local/lib/python3.8/site-packages/airflow/example_dags/example_dag_decorator.py for tasks to queue
[2025-12-21T06:58:51.773+0000] {logging_mixin.py:188} INFO - [2025-12-21T06:58:51.773+0000] {dagbag.py:540} INFO - Filling up the DagBag from /home/airflow/.local/lib/python3.8/site-packages/airflow/example_dags/example_dag_decorator.py
[2025-12-21T06:58:51.860+0000] {processor.py:840} INFO - DAG(s) 'example_dag_decorator' retrieved from /home/airflow/.local/lib/python3.8/site-packages/airflow/example_dags/example_dag_decorator.py
[2025-12-21T06:58:51.961+0000] {logging_mixin.py:188} INFO - [2025-12-21T06:58:51.961+0000] {dag.py:3047} INFO - Sync 1 DAGs
[2025-12-21T06:58:51.973+0000] {logging_mixin.py:188} INFO - [2025-12-21T06:58:51.973+0000] {dag.py:3834} INFO - Setting next_dagrun for example_dag_decorator to None, run_after=None
[2025-12-21T06:58:51.999+0000] {processor.py:183} INFO - Processing /home/airflow/.local/lib/python3.8/site-packages/airflow/example_dags/example_dag_decorator.py took 0.236 seconds
[2025-12-21T06:59:22.960+0000] {processor.py:161} INFO - Started process (PID=110) to work on /home/airflow/.local/lib/python3.8/site-packages/airflow/example_dags/example_dag_decorator.py
[2025-12-21T06:59:22.962+0000] {processor.py:830} INFO - Processing file /home/airflow/.local/lib/python3.8/site-packages/airflow/example_dags/example_dag_decorator.py for tasks to queue
[2025-12-21T06:59:22.965+0000] {logging_mixin.py:188} INFO - [2025-12-21T06:59:22.964+0000] {dagbag.py:540} INFO - Filling up the DagBag from /home/airflow/.local/lib/python3.8/site-packages/airflow/example_dags/example_dag_decorator.py
[2025-12-21T06:59:23.108+0000] {processor.py:840} INFO - DAG(s) 'example_dag_decorator' retrieved from /home/airflow/.local/lib/python3.8/site-packages/airflow/example_dags/example_dag_decorator.py
[2025-12-21T06:59:23.244+0000] {logging_mixin.py:188} INFO - [2025-12-21T06:59:23.243+0000] {dag.py:3047} INFO - Sync 1 DAGs
[2025-12-21T06:59:23.255+0000] {logging_mixin.py:188} INFO - [2025-12-21T06:59:23.254+0000] {dag.py:3834} INFO - Setting next_dagrun for example_dag_decorator to None, run_after=None
[2025-12-21T06:59:23.282+0000] {processor.py:183} INFO - Processing /home/airflow/.local/lib/python3.8/site-packages/airflow/example_dags/example_dag_decorator.py took 0.326 seconds
[2025-12-21T06:59:53.373+0000] {processor.py:161} INFO - Started process (PID=167) to work on /home/airflow/.local/lib/python3.8/site-packages/airflow/example_dags/example_dag_decorator.py
[2025-12-21T06:59:53.375+0000] {processor.py:830} INFO - Processing file /home/airflow/.local/lib/python3.8/site-packages/airflow/example_dags/example_dag_decorator.py for tasks to queue
[2025-12-21T06:59:53.377+0000] {logging_mixin.py:188} INFO - [2025-12-21T06:59:53.377+0000] {dagbag.py:540} INFO - Filling up the DagBag from /home/airflow/.local/lib/python3.8/site-packages/airflow/example_dags/example_dag_decorator.py
[2025-12-21T06:59:53.463+0000] {processor.py:840} INFO - DAG(s) 'example_dag_decorator' retrieved from /home/airflow/.local/lib/python3.8/site-packages/airflow/example_dags/example_dag_decorator.py
[2025-12-21T06:59:53.563+0000] {logging_mixin.py:188} INFO - [2025-12-21T06:59:53.562+0000] {dag.py:3047} INFO - Sync 1 DAGs
[2025-12-21T06:59:53.577+0000] {logging_mixin.py:188} INFO - [2025-12-21T06:59:53.576+0000] {dag.py:3834} INFO - Setting next_dagrun for example_dag_decorator to None, run_after=None
[2025-12-21T06:59:53.600+0000] {processor.py:183} INFO - Processing /home/airflow/.local/lib/python3.8/site-packages/airflow/example_dags/example_dag_decorator.py took 0.231 seconds
[2025-12-21T07:00:23.687+0000] {processor.py:161} INFO - Started process (PID=224) to work on /home/airflow/.local/lib/python3.8/site-packages/airflow/example_dags/example_dag_decorator.py
[2025-12-21T07:00:23.688+0000] {processor.py:830} INFO - Processing file /home/airflow/.local/lib/python3.8/site-packages/airflow/example_dags/example_dag_decorator.py for tasks to queue
[2025-12-21T07:00:23.691+0000] {logging_mixin.py:188} INFO - [2025-12-21T07:00:23.691+0000] {dagbag.py:540} INFO - Filling up the DagBag from /home/airflow/.local/lib/python3.8/site-packages/airflow/example_dags/example_dag_decorator.py
[2025-12-21T07:00:23.790+0000] {processor.py:840} INFO - DAG(s) 'example_dag_decorator' retrieved from /home/airflow/.local/lib/python3.8/site-packages/airflow/example_dags/example_dag_decorator.py
[2025-12-21T07:00:23.923+0000] {logging_mixin.py:188} INFO - [2025-12-21T07:00:23.922+0000] {dag.py:3047} INFO - Sync 1 DAGs
[2025-12-21T07:00:23.934+0000] {logging_mixin.py:188} INFO - [2025-12-21T07:00:23.933+0000] {dag.py:3834} INFO - Setting next_dagrun for example_dag_decorator to None, run_after=None
[2025-12-21T07:00:23.959+0000] {processor.py:183} INFO - Processing /home/airflow/.local/lib/python3.8/site-packages/airflow/example_dags/example_dag_decorator.py took 0.275 seconds
[2025-12-21T07:00:54.250+0000] {processor.py:161} INFO - Started process (PID=281) to work on /home/airflow/.local/lib/python3.8/site-packages/airflow/example_dags/example_dag_decorator.py
[2025-12-21T07:00:54.251+0000] {processor.py:830} INFO - Processing file /home/airflow/.local/lib/python3.8/site-packages/airflow/example_dags/example_dag_decorator.py for tasks to queue
[2025-12-21T07:00:54.253+0000] {logging_mixin.py:188} INFO - [2025-12-21T07:00:54.253+0000] {dagbag.py:540} INFO - Filling up the DagBag from /home/airflow/.local/lib/python3.8/site-packages/airflow/example_dags/example_dag_decorator.py
[2025-12-21T07:00:54.345+0000] {processor.py:840} INFO - DAG(s) 'example_dag_decorator' retrieved from /home/airflow/.local/lib/python3.8/site-packages/airflow/example_dags/example_dag_decorator.py
[2025-12-21T07:00:54.370+0000] {logging_mixin.py:188} INFO - [2025-12-21T07:00:54.369+0000] {dag.py:3047} INFO - Sync 1 DAGs
[2025-12-21T07:00:54.381+0000] {logging_mixin.py:188} INFO - [2025-12-21T07:00:54.381+0000] {dag.py:3834} INFO - Setting next_dagrun for example_dag_decorator to None, run_after=None
[2025-12-21T07:00:54.405+0000] {processor.py:183} INFO - Processing /home/airflow/.local/lib/python3.8/site-packages/airflow/example_dags/example_dag_decorator.py took 0.159 seconds
[2025-12-21T07:01:24.589+0000] {processor.py:161} INFO - Started process (PID=337) to work on /home/airflow/.local/lib/python3.8/site-packages/airflow/example_dags/example_dag_decorator.py
[2025-12-21T07:01:24.590+0000] {processor.py:830} INFO - Processing file /home/airflow/.local/lib/python3.8/site-packages/airflow/example_dags/example_dag_decorator.py for tasks to queue
[2025-12-21T07:01:24.593+0000] {logging_mixin.py:188} INFO - [2025-12-21T07:01:24.592+0000] {dagbag.py:540} INFO - Filling up the DagBag from /home/airflow/.local/lib/python3.8/site-packages/airflow/example_dags/example_dag_decorator.py
[2025-12-21T07:01:24.701+0000] {processor.py:840} INFO - DAG(s) 'example_dag_decorator' retrieved from /home/airflow/.local/lib/python3.8/site-packages/airflow/example_dags/example_dag_decorator.py
[2025-12-21T07:01:24.819+0000] {logging_mixin.py:188} INFO - [2025-12-21T07:01:24.819+0000] {dag.py:3047} INFO - Sync 1 DAGs
[2025-12-21T07:01:24.834+0000] {logging_mixin.py:188} INFO - [2025-12-21T07:01:24.833+0000] {dag.py:3834} INFO - Setting next_dagrun for example_dag_decorator to None, run_after=None
[2025-12-21T07:01:24.862+0000] {processor.py:183} INFO - Processing /home/airflow/.local/lib/python3.8/site-packages/airflow/example_dags/example_dag_decorator.py took 0.278 seconds
[2025-12-21T07:01:54.953+0000] {processor.py:161} INFO - Started process (PID=394) to work on /home/airflow/.local/lib/python3.8/site-packages/airflow/example_dags/example_dag_decorator.py
[2025-12-21T07:01:54.954+0000] {processor.py:830} INFO - Processing file /home/airflow/.local/lib/python3.8/site-packages/airflow/example_dags/example_dag_decorator.py for tasks to queue
[2025-12-21T07:01:54.957+0000] {logging_mixin.py:188} INFO - [2025-12-21T07:01:54.956+0000] {dagbag.py:540} INFO - Filling up the DagBag from /home/airflow/.local/lib/python3.8/site-packages/airflow/example_dags/example_dag_decorator.py
[2025-12-21T07:01:55.068+0000] {processor.py:840} INFO - DAG(s) 'example_dag_decorator' retrieved from /home/airflow/.local/lib/python3.8/site-packages/airflow/example_dags/example_dag_decorator.py
[2025-12-21T07:01:55.182+0000] {logging_mixin.py:188} INFO - [2025-12-21T07:01:55.182+0000] {dag.py:3047} INFO - Sync 1 DAGs
[2025-12-21T07:01:55.194+0000] {logging_mixin.py:188} INFO - [2025-12-21T07:01:55.193+0000] {dag.py:3834} INFO - Setting next_dagrun for example_dag_decorator to None, run_after=None
[2025-12-21T07:01:55.222+0000] {processor.py:183} INFO - Processing /home/airflow/.local/lib/python3.8/site-packages/airflow/example_dags/example_dag_decorator.py took 0.274 seconds
[2025-12-21T07:02:25.397+0000] {processor.py:161} INFO - Started process (PID=451) to work on /home/airflow/.local/lib/python3.8/site-packages/airflow/example_dags/example_dag_decorator.py
[2025-12-21T07:02:25.401+0000] {processor.py:830} INFO - Processing file /home/airflow/.local/lib/python3.8/site-packages/airflow/example_dags/example_dag_decorator.py for tasks to queue
[2025-12-21T07:02:25.408+0000] {logging_mixin.py:188} INFO - [2025-12-21T07:02:25.405+0000] {dagbag.py:540} INFO - Filling up the DagBag from /home/airflow/.local/lib/python3.8/site-packages/airflow/example_dags/example_dag_decorator.py
[2025-12-21T07:02:25.593+0000] {processor.py:840} INFO - DAG(s) 'example_dag_decorator' retrieved from /home/airflow/.local/lib/python3.8/site-packages/airflow/example_dags/example_dag_decorator.py
[2025-12-21T07:02:25.714+0000] {logging_mixin.py:188} INFO - [2025-12-21T07:02:25.714+0000] {dag.py:3047} INFO - Sync 1 DAGs
[2025-12-21T07:02:25.727+0000] {logging_mixin.py:188} INFO - [2025-12-21T07:02:25.727+0000] {dag.py:3834} INFO - Setting next_dagrun for example_dag_decorator to None, run_after=None
[2025-12-21T07:02:25.752+0000] {processor.py:183} INFO - Processing /home/airflow/.local/lib/python3.8/site-packages/airflow/example_dags/example_dag_decorator.py took 0.362 seconds
[2025-12-21T07:02:55.982+0000] {processor.py:161} INFO - Started process (PID=508) to work on /home/airflow/.local/lib/python3.8/site-packages/airflow/example_dags/example_dag_decorator.py
[2025-12-21T07:02:55.984+0000] {processor.py:830} INFO - Processing file /home/airflow/.local/lib/python3.8/site-packages/airflow/example_dags/example_dag_decorator.py for tasks to queue
[2025-12-21T07:02:55.987+0000] {logging_mixin.py:188} INFO - [2025-12-21T07:02:55.986+0000] {dagbag.py:540} INFO - Filling up the DagBag from /home/airflow/.local/lib/python3.8/site-packages/airflow/example_dags/example_dag_decorator.py
[2025-12-21T07:02:56.123+0000] {processor.py:840} INFO - DAG(s) 'example_dag_decorator' retrieved from /home/airflow/.local/lib/python3.8/site-packages/airflow/example_dags/example_dag_decorator.py
[2025-12-21T07:02:56.170+0000] {logging_mixin.py:188} INFO - [2025-12-21T07:02:56.169+0000] {dag.py:3047} INFO - Sync 1 DAGs
[2025-12-21T07:02:56.187+0000] {logging_mixin.py:188} INFO - [2025-12-21T07:02:56.186+0000] {dag.py:3834} INFO - Setting next_dagrun for example_dag_decorator to None, run_after=None
[2025-12-21T07:02:56.213+0000] {processor.py:183} INFO - Processing /home/airflow/.local/lib/python3.8/site-packages/airflow/example_dags/example_dag_decorator.py took 0.238 seconds
[2025-12-21T07:03:26.332+0000] {processor.py:161} INFO - Started process (PID=565) to work on /home/airflow/.local/lib/python3.8/site-packages/airflow/example_dags/example_dag_decorator.py
[2025-12-21T07:03:26.334+0000] {processor.py:830} INFO - Processing file /home/airflow/.local/lib/python3.8/site-packages/airflow/example_dags/example_dag_decorator.py for tasks to queue
[2025-12-21T07:03:26.336+0000] {logging_mixin.py:188} INFO - [2025-12-21T07:03:26.336+0000] {dagbag.py:540} INFO - Filling up the DagBag from /home/airflow/.local/lib/python3.8/site-packages/airflow/example_dags/example_dag_decorator.py
[2025-12-21T07:03:26.451+0000] {processor.py:840} INFO - DAG(s) 'example_dag_decorator' retrieved from /home/airflow/.local/lib/python3.8/site-packages/airflow/example_dags/example_dag_decorator.py
[2025-12-21T07:03:26.589+0000] {logging_mixin.py:188} INFO - [2025-12-21T07:03:26.589+0000] {dag.py:3047} INFO - Sync 1 DAGs
[2025-12-21T07:03:26.605+0000] {logging_mixin.py:188} INFO - [2025-12-21T07:03:26.604+0000] {dag.py:3834} INFO - Setting next_dagrun for example_dag_decorator to None, run_after=None
[2025-12-21T07:03:26.634+0000] {processor.py:183} INFO - Processing /home/airflow/.local/lib/python3.8/site-packages/airflow/example_dags/example_dag_decorator.py took 0.307 seconds
[2025-12-21T07:03:56.869+0000] {processor.py:161} INFO - Started process (PID=620) to work on /home/airflow/.local/lib/python3.8/site-packages/airflow/example_dags/example_dag_decorator.py
[2025-12-21T07:03:56.871+0000] {processor.py:830} INFO - Processing file /home/airflow/.local/lib/python3.8/site-packages/airflow/example_dags/example_dag_decorator.py for tasks to queue
[2025-12-21T07:03:56.873+0000] {logging_mixin.py:188} INFO - [2025-12-21T07:03:56.873+0000] {dagbag.py:540} INFO - Filling up the DagBag from /home/airflow/.local/lib/python3.8/site-packages/airflow/example_dags/example_dag_decorator.py
[2025-12-21T07:03:56.978+0000] {processor.py:840} INFO - DAG(s) 'example_dag_decorator' retrieved from /home/airflow/.local/lib/python3.8/site-packages/airflow/example_dags/example_dag_decorator.py
[2025-12-21T07:03:57.090+0000] {logging_mixin.py:188} INFO - [2025-12-21T07:03:57.090+0000] {dag.py:3047} INFO - Sync 1 DAGs
[2025-12-21T07:03:57.101+0000] {logging_mixin.py:188} INFO - [2025-12-21T07:03:57.101+0000] {dag.py:3834} INFO - Setting next_dagrun for example_dag_decorator to None, run_after=None
[2025-12-21T07:03:57.130+0000] {processor.py:183} INFO - Processing /home/airflow/.local/lib/python3.8/site-packages/airflow/example_dags/example_dag_decorator.py took 0.265 seconds
[2025-12-21T07:04:27.939+0000] {processor.py:161} INFO - Started process (PID=677) to work on /home/airflow/.local/lib/python3.8/site-packages/airflow/example_dags/example_dag_decorator.py
[2025-12-21T07:04:27.941+0000] {processor.py:830} INFO - Processing file /home/airflow/.local/lib/python3.8/site-packages/airflow/example_dags/example_dag_decorator.py for tasks to queue
[2025-12-21T07:04:27.944+0000] {logging_mixin.py:188} INFO - [2025-12-21T07:04:27.943+0000] {dagbag.py:540} INFO - Filling up the DagBag from /home/airflow/.local/lib/python3.8/site-packages/airflow/example_dags/example_dag_decorator.py
[2025-12-21T07:04:28.057+0000] {processor.py:840} INFO - DAG(s) 'example_dag_decorator' retrieved from /home/airflow/.local/lib/python3.8/site-packages/airflow/example_dags/example_dag_decorator.py
[2025-12-21T07:04:28.198+0000] {logging_mixin.py:188} INFO - [2025-12-21T07:04:28.198+0000] {dag.py:3047} INFO - Sync 1 DAGs
[2025-12-21T07:04:28.215+0000] {logging_mixin.py:188} INFO - [2025-12-21T07:04:28.214+0000] {dag.py:3834} INFO - Setting next_dagrun for example_dag_decorator to None, run_after=None
[2025-12-21T07:04:28.241+0000] {processor.py:183} INFO - Processing /home/airflow/.local/lib/python3.8/site-packages/airflow/example_dags/example_dag_decorator.py took 0.307 seconds
[2025-12-21T07:04:58.331+0000] {processor.py:161} INFO - Started process (PID=734) to work on /home/airflow/.local/lib/python3.8/site-packages/airflow/example_dags/example_dag_decorator.py
[2025-12-21T07:04:58.332+0000] {processor.py:830} INFO - Processing file /home/airflow/.local/lib/python3.8/site-packages/airflow/example_dags/example_dag_decorator.py for tasks to queue
[2025-12-21T07:04:58.334+0000] {logging_mixin.py:188} INFO - [2025-12-21T07:04:58.334+0000] {dagbag.py:540} INFO - Filling up the DagBag from /home/airflow/.local/lib/python3.8/site-packages/airflow/example_dags/example_dag_decorator.py
[2025-12-21T07:04:58.423+0000] {processor.py:840} INFO - DAG(s) 'example_dag_decorator' retrieved from /home/airflow/.local/lib/python3.8/site-packages/airflow/example_dags/example_dag_decorator.py
[2025-12-21T07:04:58.530+0000] {logging_mixin.py:188} INFO - [2025-12-21T07:04:58.529+0000] {dag.py:3047} INFO - Sync 1 DAGs
[2025-12-21T07:04:58.541+0000] {logging_mixin.py:188} INFO - [2025-12-21T07:04:58.541+0000] {dag.py:3834} INFO - Setting next_dagrun for example_dag_decorator to None, run_after=None
[2025-12-21T07:04:58.562+0000] {processor.py:183} INFO - Processing /home/airflow/.local/lib/python3.8/site-packages/airflow/example_dags/example_dag_decorator.py took 0.235 seconds
[2025-12-21T07:05:28.753+0000] {processor.py:161} INFO - Started process (PID=790) to work on /home/airflow/.local/lib/python3.8/site-packages/airflow/example_dags/example_dag_decorator.py
[2025-12-21T07:05:28.755+0000] {processor.py:830} INFO - Processing file /home/airflow/.local/lib/python3.8/site-packages/airflow/example_dags/example_dag_decorator.py for tasks to queue
[2025-12-21T07:05:28.758+0000] {logging_mixin.py:188} INFO - [2025-12-21T07:05:28.757+0000] {dagbag.py:540} INFO - Filling up the DagBag from /home/airflow/.local/lib/python3.8/site-packages/airflow/example_dags/example_dag_decorator.py
[2025-12-21T07:05:28.855+0000] {processor.py:840} INFO - DAG(s) 'example_dag_decorator' retrieved from /home/airflow/.local/lib/python3.8/site-packages/airflow/example_dags/example_dag_decorator.py
[2025-12-21T07:05:28.960+0000] {logging_mixin.py:188} INFO - [2025-12-21T07:05:28.960+0000] {dag.py:3047} INFO - Sync 1 DAGs
[2025-12-21T07:05:28.975+0000] {logging_mixin.py:188} INFO - [2025-12-21T07:05:28.975+0000] {dag.py:3834} INFO - Setting next_dagrun for example_dag_decorator to None, run_after=None
[2025-12-21T07:05:28.998+0000] {processor.py:183} INFO - Processing /home/airflow/.local/lib/python3.8/site-packages/airflow/example_dags/example_dag_decorator.py took 0.250 seconds
[2025-12-21T07:05:59.041+0000] {processor.py:161} INFO - Started process (PID=848) to work on /home/airflow/.local/lib/python3.8/site-packages/airflow/example_dags/example_dag_decorator.py
[2025-12-21T07:05:59.043+0000] {processor.py:830} INFO - Processing file /home/airflow/.local/lib/python3.8/site-packages/airflow/example_dags/example_dag_decorator.py for tasks to queue
[2025-12-21T07:05:59.046+0000] {logging_mixin.py:188} INFO - [2025-12-21T07:05:59.045+0000] {dagbag.py:540} INFO - Filling up the DagBag from /home/airflow/.local/lib/python3.8/site-packages/airflow/example_dags/example_dag_decorator.py
[2025-12-21T07:05:59.140+0000] {processor.py:840} INFO - DAG(s) 'example_dag_decorator' retrieved from /home/airflow/.local/lib/python3.8/site-packages/airflow/example_dags/example_dag_decorator.py
[2025-12-21T07:05:59.240+0000] {logging_mixin.py:188} INFO - [2025-12-21T07:05:59.240+0000] {dag.py:3047} INFO - Sync 1 DAGs
[2025-12-21T07:05:59.251+0000] {logging_mixin.py:188} INFO - [2025-12-21T07:05:59.251+0000] {dag.py:3834} INFO - Setting next_dagrun for example_dag_decorator to None, run_after=None
[2025-12-21T07:05:59.274+0000] {processor.py:183} INFO - Processing /home/airflow/.local/lib/python3.8/site-packages/airflow/example_dags/example_dag_decorator.py took 0.238 seconds
[2025-12-21T07:06:29.452+0000] {processor.py:161} INFO - Started process (PID=904) to work on /home/airflow/.local/lib/python3.8/site-packages/airflow/example_dags/example_dag_decorator.py
[2025-12-21T07:06:29.454+0000] {processor.py:830} INFO - Processing file /home/airflow/.local/lib/python3.8/site-packages/airflow/example_dags/example_dag_decorator.py for tasks to queue
[2025-12-21T07:06:29.458+0000] {logging_mixin.py:188} INFO - [2025-12-21T07:06:29.457+0000] {dagbag.py:540} INFO - Filling up the DagBag from /home/airflow/.local/lib/python3.8/site-packages/airflow/example_dags/example_dag_decorator.py
[2025-12-21T07:06:29.571+0000] {processor.py:840} INFO - DAG(s) 'example_dag_decorator' retrieved from /home/airflow/.local/lib/python3.8/site-packages/airflow/example_dags/example_dag_decorator.py
[2025-12-21T07:06:29.684+0000] {logging_mixin.py:188} INFO - [2025-12-21T07:06:29.684+0000] {dag.py:3047} INFO - Sync 1 DAGs
[2025-12-21T07:06:29.695+0000] {logging_mixin.py:188} INFO - [2025-12-21T07:06:29.694+0000] {dag.py:3834} INFO - Setting next_dagrun for example_dag_decorator to None, run_after=None
[2025-12-21T07:06:29.717+0000] {processor.py:183} INFO - Processing /home/airflow/.local/lib/python3.8/site-packages/airflow/example_dags/example_dag_decorator.py took 0.270 seconds
[2025-12-21T07:06:59.798+0000] {processor.py:161} INFO - Started process (PID=960) to work on /home/airflow/.local/lib/python3.8/site-packages/airflow/example_dags/example_dag_decorator.py
[2025-12-21T07:06:59.800+0000] {processor.py:830} INFO - Processing file /home/airflow/.local/lib/python3.8/site-packages/airflow/example_dags/example_dag_decorator.py for tasks to queue
[2025-12-21T07:06:59.803+0000] {logging_mixin.py:188} INFO - [2025-12-21T07:06:59.802+0000] {dagbag.py:540} INFO - Filling up the DagBag from /home/airflow/.local/lib/python3.8/site-packages/airflow/example_dags/example_dag_decorator.py
[2025-12-21T07:06:59.902+0000] {processor.py:840} INFO - DAG(s) 'example_dag_decorator' retrieved from /home/airflow/.local/lib/python3.8/site-packages/airflow/example_dags/example_dag_decorator.py
[2025-12-21T07:07:00.021+0000] {logging_mixin.py:188} INFO - [2025-12-21T07:07:00.020+0000] {dag.py:3047} INFO - Sync 1 DAGs
[2025-12-21T07:07:00.037+0000] {logging_mixin.py:188} INFO - [2025-12-21T07:07:00.036+0000] {dag.py:3834} INFO - Setting next_dagrun for example_dag_decorator to None, run_after=None
[2025-12-21T07:07:00.063+0000] {processor.py:183} INFO - Processing /home/airflow/.local/lib/python3.8/site-packages/airflow/example_dags/example_dag_decorator.py took 0.269 seconds
[2025-12-21T07:07:30.258+0000] {processor.py:161} INFO - Started process (PID=1016) to work on /home/airflow/.local/lib/python3.8/site-packages/airflow/example_dags/example_dag_decorator.py
[2025-12-21T07:07:30.260+0000] {processor.py:830} INFO - Processing file /home/airflow/.local/lib/python3.8/site-packages/airflow/example_dags/example_dag_decorator.py for tasks to queue
[2025-12-21T07:07:30.263+0000] {logging_mixin.py:188} INFO - [2025-12-21T07:07:30.263+0000] {dagbag.py:540} INFO - Filling up the DagBag from /home/airflow/.local/lib/python3.8/site-packages/airflow/example_dags/example_dag_decorator.py
[2025-12-21T07:07:30.346+0000] {processor.py:840} INFO - DAG(s) 'example_dag_decorator' retrieved from /home/airflow/.local/lib/python3.8/site-packages/airflow/example_dags/example_dag_decorator.py
[2025-12-21T07:07:30.443+0000] {logging_mixin.py:188} INFO - [2025-12-21T07:07:30.443+0000] {dag.py:3047} INFO - Sync 1 DAGs
[2025-12-21T07:07:30.454+0000] {logging_mixin.py:188} INFO - [2025-12-21T07:07:30.454+0000] {dag.py:3834} INFO - Setting next_dagrun for example_dag_decorator to None, run_after=None
[2025-12-21T07:07:30.474+0000] {processor.py:183} INFO - Processing /home/airflow/.local/lib/python3.8/site-packages/airflow/example_dags/example_dag_decorator.py took 0.220 seconds
[2025-12-21T07:08:00.710+0000] {processor.py:161} INFO - Started process (PID=1068) to work on /home/airflow/.local/lib/python3.8/site-packages/airflow/example_dags/example_dag_decorator.py
[2025-12-21T07:08:00.712+0000] {processor.py:830} INFO - Processing file /home/airflow/.local/lib/python3.8/site-packages/airflow/example_dags/example_dag_decorator.py for tasks to queue
[2025-12-21T07:08:00.715+0000] {logging_mixin.py:188} INFO - [2025-12-21T07:08:00.714+0000] {dagbag.py:540} INFO - Filling up the DagBag from /home/airflow/.local/lib/python3.8/site-packages/airflow/example_dags/example_dag_decorator.py
[2025-12-21T07:08:00.814+0000] {processor.py:840} INFO - DAG(s) 'example_dag_decorator' retrieved from /home/airflow/.local/lib/python3.8/site-packages/airflow/example_dags/example_dag_decorator.py
[2025-12-21T07:08:00.970+0000] {logging_mixin.py:188} INFO - [2025-12-21T07:08:00.969+0000] {dag.py:3047} INFO - Sync 1 DAGs
[2025-12-21T07:08:00.983+0000] {logging_mixin.py:188} INFO - [2025-12-21T07:08:00.982+0000] {dag.py:3834} INFO - Setting next_dagrun for example_dag_decorator to None, run_after=None
[2025-12-21T07:08:01.015+0000] {processor.py:183} INFO - Processing /home/airflow/.local/lib/python3.8/site-packages/airflow/example_dags/example_dag_decorator.py took 0.309 seconds
[2025-12-21T07:08:31.889+0000] {processor.py:161} INFO - Started process (PID=1125) to work on /home/airflow/.local/lib/python3.8/site-packages/airflow/example_dags/example_dag_decorator.py
[2025-12-21T07:08:31.891+0000] {processor.py:830} INFO - Processing file /home/airflow/.local/lib/python3.8/site-packages/airflow/example_dags/example_dag_decorator.py for tasks to queue
[2025-12-21T07:08:31.893+0000] {logging_mixin.py:188} INFO - [2025-12-21T07:08:31.893+0000] {dagbag.py:540} INFO - Filling up the DagBag from /home/airflow/.local/lib/python3.8/site-packages/airflow/example_dags/example_dag_decorator.py
[2025-12-21T07:08:31.984+0000] {processor.py:840} INFO - DAG(s) 'example_dag_decorator' retrieved from /home/airflow/.local/lib/python3.8/site-packages/airflow/example_dags/example_dag_decorator.py
[2025-12-21T07:08:32.088+0000] {logging_mixin.py:188} INFO - [2025-12-21T07:08:32.087+0000] {dag.py:3047} INFO - Sync 1 DAGs
[2025-12-21T07:08:32.098+0000] {logging_mixin.py:188} INFO - [2025-12-21T07:08:32.098+0000] {dag.py:3834} INFO - Setting next_dagrun for example_dag_decorator to None, run_after=None
[2025-12-21T07:08:32.121+0000] {processor.py:183} INFO - Processing /home/airflow/.local/lib/python3.8/site-packages/airflow/example_dags/example_dag_decorator.py took 0.236 seconds
[2025-12-21T07:11:42.011+0000] {processor.py:161} INFO - Started process (PID=60) to work on /home/airflow/.local/lib/python3.8/site-packages/airflow/example_dags/example_dag_decorator.py
[2025-12-21T07:11:42.014+0000] {processor.py:830} INFO - Processing file /home/airflow/.local/lib/python3.8/site-packages/airflow/example_dags/example_dag_decorator.py for tasks to queue
[2025-12-21T07:11:42.016+0000] {logging_mixin.py:188} INFO - [2025-12-21T07:11:42.016+0000] {dagbag.py:540} INFO - Filling up the DagBag from /home/airflow/.local/lib/python3.8/site-packages/airflow/example_dags/example_dag_decorator.py
[2025-12-21T07:11:42.267+0000] {processor.py:840} INFO - DAG(s) 'example_dag_decorator' retrieved from /home/airflow/.local/lib/python3.8/site-packages/airflow/example_dags/example_dag_decorator.py
[2025-12-21T07:11:42.288+0000] {logging_mixin.py:188} INFO - [2025-12-21T07:11:42.287+0000] {dag.py:3047} INFO - Sync 1 DAGs
[2025-12-21T07:11:42.306+0000] {logging_mixin.py:188} INFO - [2025-12-21T07:11:42.305+0000] {dag.py:3834} INFO - Setting next_dagrun for example_dag_decorator to None, run_after=None
[2025-12-21T07:11:42.332+0000] {processor.py:183} INFO - Processing /home/airflow/.local/lib/python3.8/site-packages/airflow/example_dags/example_dag_decorator.py took 0.327 seconds
[2025-12-21T07:12:13.262+0000] {processor.py:161} INFO - Started process (PID=115) to work on /home/airflow/.local/lib/python3.8/site-packages/airflow/example_dags/example_dag_decorator.py
[2025-12-21T07:12:13.263+0000] {processor.py:830} INFO - Processing file /home/airflow/.local/lib/python3.8/site-packages/airflow/example_dags/example_dag_decorator.py for tasks to queue
[2025-12-21T07:12:13.266+0000] {logging_mixin.py:188} INFO - [2025-12-21T07:12:13.266+0000] {dagbag.py:540} INFO - Filling up the DagBag from /home/airflow/.local/lib/python3.8/site-packages/airflow/example_dags/example_dag_decorator.py
[2025-12-21T07:12:13.371+0000] {processor.py:840} INFO - DAG(s) 'example_dag_decorator' retrieved from /home/airflow/.local/lib/python3.8/site-packages/airflow/example_dags/example_dag_decorator.py
[2025-12-21T07:12:13.481+0000] {logging_mixin.py:188} INFO - [2025-12-21T07:12:13.481+0000] {dag.py:3047} INFO - Sync 1 DAGs
[2025-12-21T07:12:13.491+0000] {logging_mixin.py:188} INFO - [2025-12-21T07:12:13.491+0000] {dag.py:3834} INFO - Setting next_dagrun for example_dag_decorator to None, run_after=None
[2025-12-21T07:12:13.513+0000] {processor.py:183} INFO - Processing /home/airflow/.local/lib/python3.8/site-packages/airflow/example_dags/example_dag_decorator.py took 0.256 seconds
[2025-12-21T07:12:44.310+0000] {processor.py:161} INFO - Started process (PID=177) to work on /home/airflow/.local/lib/python3.8/site-packages/airflow/example_dags/example_dag_decorator.py
[2025-12-21T07:12:44.312+0000] {processor.py:830} INFO - Processing file /home/airflow/.local/lib/python3.8/site-packages/airflow/example_dags/example_dag_decorator.py for tasks to queue
[2025-12-21T07:12:44.314+0000] {logging_mixin.py:188} INFO - [2025-12-21T07:12:44.314+0000] {dagbag.py:540} INFO - Filling up the DagBag from /home/airflow/.local/lib/python3.8/site-packages/airflow/example_dags/example_dag_decorator.py
[2025-12-21T07:12:44.407+0000] {processor.py:840} INFO - DAG(s) 'example_dag_decorator' retrieved from /home/airflow/.local/lib/python3.8/site-packages/airflow/example_dags/example_dag_decorator.py
[2025-12-21T07:12:44.514+0000] {logging_mixin.py:188} INFO - [2025-12-21T07:12:44.514+0000] {dag.py:3047} INFO - Sync 1 DAGs
[2025-12-21T07:12:44.526+0000] {logging_mixin.py:188} INFO - [2025-12-21T07:12:44.526+0000] {dag.py:3834} INFO - Setting next_dagrun for example_dag_decorator to None, run_after=None
[2025-12-21T07:12:44.550+0000] {processor.py:183} INFO - Processing /home/airflow/.local/lib/python3.8/site-packages/airflow/example_dags/example_dag_decorator.py took 0.244 seconds
[2025-12-21T07:13:15.075+0000] {processor.py:161} INFO - Started process (PID=233) to work on /home/airflow/.local/lib/python3.8/site-packages/airflow/example_dags/example_dag_decorator.py
[2025-12-21T07:13:15.076+0000] {processor.py:830} INFO - Processing file /home/airflow/.local/lib/python3.8/site-packages/airflow/example_dags/example_dag_decorator.py for tasks to queue
[2025-12-21T07:13:15.078+0000] {logging_mixin.py:188} INFO - [2025-12-21T07:13:15.078+0000] {dagbag.py:540} INFO - Filling up the DagBag from /home/airflow/.local/lib/python3.8/site-packages/airflow/example_dags/example_dag_decorator.py
[2025-12-21T07:13:15.168+0000] {processor.py:840} INFO - DAG(s) 'example_dag_decorator' retrieved from /home/airflow/.local/lib/python3.8/site-packages/airflow/example_dags/example_dag_decorator.py
[2025-12-21T07:13:15.276+0000] {logging_mixin.py:188} INFO - [2025-12-21T07:13:15.276+0000] {dag.py:3047} INFO - Sync 1 DAGs
[2025-12-21T07:13:15.286+0000] {logging_mixin.py:188} INFO - [2025-12-21T07:13:15.286+0000] {dag.py:3834} INFO - Setting next_dagrun for example_dag_decorator to None, run_after=None
[2025-12-21T07:13:15.310+0000] {processor.py:183} INFO - Processing /home/airflow/.local/lib/python3.8/site-packages/airflow/example_dags/example_dag_decorator.py took 0.239 seconds
[2025-12-21T07:13:46.054+0000] {processor.py:161} INFO - Started process (PID=289) to work on /home/airflow/.local/lib/python3.8/site-packages/airflow/example_dags/example_dag_decorator.py
[2025-12-21T07:13:46.056+0000] {processor.py:830} INFO - Processing file /home/airflow/.local/lib/python3.8/site-packages/airflow/example_dags/example_dag_decorator.py for tasks to queue
[2025-12-21T07:13:46.059+0000] {logging_mixin.py:188} INFO - [2025-12-21T07:13:46.058+0000] {dagbag.py:540} INFO - Filling up the DagBag from /home/airflow/.local/lib/python3.8/site-packages/airflow/example_dags/example_dag_decorator.py
[2025-12-21T07:13:46.155+0000] {processor.py:840} INFO - DAG(s) 'example_dag_decorator' retrieved from /home/airflow/.local/lib/python3.8/site-packages/airflow/example_dags/example_dag_decorator.py
[2025-12-21T07:13:46.261+0000] {logging_mixin.py:188} INFO - [2025-12-21T07:13:46.261+0000] {dag.py:3047} INFO - Sync 1 DAGs
[2025-12-21T07:13:46.274+0000] {logging_mixin.py:188} INFO - [2025-12-21T07:13:46.273+0000] {dag.py:3834} INFO - Setting next_dagrun for example_dag_decorator to None, run_after=None
[2025-12-21T07:13:46.300+0000] {processor.py:183} INFO - Processing /home/airflow/.local/lib/python3.8/site-packages/airflow/example_dags/example_dag_decorator.py took 0.249 seconds
[2025-12-21T07:14:16.768+0000] {processor.py:161} INFO - Started process (PID=345) to work on /home/airflow/.local/lib/python3.8/site-packages/airflow/example_dags/example_dag_decorator.py
[2025-12-21T07:14:16.770+0000] {processor.py:830} INFO - Processing file /home/airflow/.local/lib/python3.8/site-packages/airflow/example_dags/example_dag_decorator.py for tasks to queue
[2025-12-21T07:14:16.773+0000] {logging_mixin.py:188} INFO - [2025-12-21T07:14:16.772+0000] {dagbag.py:540} INFO - Filling up the DagBag from /home/airflow/.local/lib/python3.8/site-packages/airflow/example_dags/example_dag_decorator.py
[2025-12-21T07:14:16.863+0000] {processor.py:840} INFO - DAG(s) 'example_dag_decorator' retrieved from /home/airflow/.local/lib/python3.8/site-packages/airflow/example_dags/example_dag_decorator.py
[2025-12-21T07:14:16.968+0000] {logging_mixin.py:188} INFO - [2025-12-21T07:14:16.967+0000] {dag.py:3047} INFO - Sync 1 DAGs
[2025-12-21T07:14:16.979+0000] {logging_mixin.py:188} INFO - [2025-12-21T07:14:16.979+0000] {dag.py:3834} INFO - Setting next_dagrun for example_dag_decorator to None, run_after=None
[2025-12-21T07:14:17.001+0000] {processor.py:183} INFO - Processing /home/airflow/.local/lib/python3.8/site-packages/airflow/example_dags/example_dag_decorator.py took 0.237 seconds
[2025-12-21T07:14:47.456+0000] {processor.py:161} INFO - Started process (PID=401) to work on /home/airflow/.local/lib/python3.8/site-packages/airflow/example_dags/example_dag_decorator.py
[2025-12-21T07:14:47.457+0000] {processor.py:830} INFO - Processing file /home/airflow/.local/lib/python3.8/site-packages/airflow/example_dags/example_dag_decorator.py for tasks to queue
[2025-12-21T07:14:47.459+0000] {logging_mixin.py:188} INFO - [2025-12-21T07:14:47.459+0000] {dagbag.py:540} INFO - Filling up the DagBag from /home/airflow/.local/lib/python3.8/site-packages/airflow/example_dags/example_dag_decorator.py
[2025-12-21T07:14:47.552+0000] {processor.py:840} INFO - DAG(s) 'example_dag_decorator' retrieved from /home/airflow/.local/lib/python3.8/site-packages/airflow/example_dags/example_dag_decorator.py
[2025-12-21T07:14:47.668+0000] {logging_mixin.py:188} INFO - [2025-12-21T07:14:47.667+0000] {dag.py:3047} INFO - Sync 1 DAGs
[2025-12-21T07:14:47.682+0000] {logging_mixin.py:188} INFO - [2025-12-21T07:14:47.682+0000] {dag.py:3834} INFO - Setting next_dagrun for example_dag_decorator to None, run_after=None
[2025-12-21T07:14:47.706+0000] {processor.py:183} INFO - Processing /home/airflow/.local/lib/python3.8/site-packages/airflow/example_dags/example_dag_decorator.py took 0.254 seconds
[2025-12-21T07:15:17.817+0000] {processor.py:161} INFO - Started process (PID=457) to work on /home/airflow/.local/lib/python3.8/site-packages/airflow/example_dags/example_dag_decorator.py
[2025-12-21T07:15:17.818+0000] {processor.py:830} INFO - Processing file /home/airflow/.local/lib/python3.8/site-packages/airflow/example_dags/example_dag_decorator.py for tasks to queue
[2025-12-21T07:15:17.821+0000] {logging_mixin.py:188} INFO - [2025-12-21T07:15:17.820+0000] {dagbag.py:540} INFO - Filling up the DagBag from /home/airflow/.local/lib/python3.8/site-packages/airflow/example_dags/example_dag_decorator.py
[2025-12-21T07:15:17.914+0000] {processor.py:840} INFO - DAG(s) 'example_dag_decorator' retrieved from /home/airflow/.local/lib/python3.8/site-packages/airflow/example_dags/example_dag_decorator.py
[2025-12-21T07:15:18.019+0000] {logging_mixin.py:188} INFO - [2025-12-21T07:15:18.019+0000] {dag.py:3047} INFO - Sync 1 DAGs
[2025-12-21T07:15:18.031+0000] {logging_mixin.py:188} INFO - [2025-12-21T07:15:18.031+0000] {dag.py:3834} INFO - Setting next_dagrun for example_dag_decorator to None, run_after=None
[2025-12-21T07:15:18.055+0000] {processor.py:183} INFO - Processing /home/airflow/.local/lib/python3.8/site-packages/airflow/example_dags/example_dag_decorator.py took 0.241 seconds
[2025-12-21T07:15:48.130+0000] {processor.py:161} INFO - Started process (PID=513) to work on /home/airflow/.local/lib/python3.8/site-packages/airflow/example_dags/example_dag_decorator.py
[2025-12-21T07:15:48.131+0000] {processor.py:830} INFO - Processing file /home/airflow/.local/lib/python3.8/site-packages/airflow/example_dags/example_dag_decorator.py for tasks to queue
[2025-12-21T07:15:48.133+0000] {logging_mixin.py:188} INFO - [2025-12-21T07:15:48.133+0000] {dagbag.py:540} INFO - Filling up the DagBag from /home/airflow/.local/lib/python3.8/site-packages/airflow/example_dags/example_dag_decorator.py
[2025-12-21T07:15:48.220+0000] {processor.py:840} INFO - DAG(s) 'example_dag_decorator' retrieved from /home/airflow/.local/lib/python3.8/site-packages/airflow/example_dags/example_dag_decorator.py
[2025-12-21T07:15:48.355+0000] {logging_mixin.py:188} INFO - [2025-12-21T07:15:48.355+0000] {dag.py:3047} INFO - Sync 1 DAGs
[2025-12-21T07:15:48.371+0000] {logging_mixin.py:188} INFO - [2025-12-21T07:15:48.371+0000] {dag.py:3834} INFO - Setting next_dagrun for example_dag_decorator to None, run_after=None
[2025-12-21T07:15:48.399+0000] {processor.py:183} INFO - Processing /home/airflow/.local/lib/python3.8/site-packages/airflow/example_dags/example_dag_decorator.py took 0.273 seconds
[2025-12-21T07:16:18.926+0000] {processor.py:161} INFO - Started process (PID=570) to work on /home/airflow/.local/lib/python3.8/site-packages/airflow/example_dags/example_dag_decorator.py
[2025-12-21T07:16:18.927+0000] {processor.py:830} INFO - Processing file /home/airflow/.local/lib/python3.8/site-packages/airflow/example_dags/example_dag_decorator.py for tasks to queue
[2025-12-21T07:16:18.929+0000] {logging_mixin.py:188} INFO - [2025-12-21T07:16:18.929+0000] {dagbag.py:540} INFO - Filling up the DagBag from /home/airflow/.local/lib/python3.8/site-packages/airflow/example_dags/example_dag_decorator.py
[2025-12-21T07:16:19.026+0000] {processor.py:840} INFO - DAG(s) 'example_dag_decorator' retrieved from /home/airflow/.local/lib/python3.8/site-packages/airflow/example_dags/example_dag_decorator.py
[2025-12-21T07:16:19.165+0000] {logging_mixin.py:188} INFO - [2025-12-21T07:16:19.165+0000] {dag.py:3047} INFO - Sync 1 DAGs
[2025-12-21T07:16:19.179+0000] {logging_mixin.py:188} INFO - [2025-12-21T07:16:19.179+0000] {dag.py:3834} INFO - Setting next_dagrun for example_dag_decorator to None, run_after=None
[2025-12-21T07:16:19.208+0000] {processor.py:183} INFO - Processing /home/airflow/.local/lib/python3.8/site-packages/airflow/example_dags/example_dag_decorator.py took 0.286 seconds
[2025-12-21T07:16:50.077+0000] {processor.py:161} INFO - Started process (PID=626) to work on /home/airflow/.local/lib/python3.8/site-packages/airflow/example_dags/example_dag_decorator.py
[2025-12-21T07:16:50.078+0000] {processor.py:830} INFO - Processing file /home/airflow/.local/lib/python3.8/site-packages/airflow/example_dags/example_dag_decorator.py for tasks to queue
[2025-12-21T07:16:50.080+0000] {logging_mixin.py:188} INFO - [2025-12-21T07:16:50.080+0000] {dagbag.py:540} INFO - Filling up the DagBag from /home/airflow/.local/lib/python3.8/site-packages/airflow/example_dags/example_dag_decorator.py
[2025-12-21T07:16:50.170+0000] {processor.py:840} INFO - DAG(s) 'example_dag_decorator' retrieved from /home/airflow/.local/lib/python3.8/site-packages/airflow/example_dags/example_dag_decorator.py
[2025-12-21T07:16:50.269+0000] {logging_mixin.py:188} INFO - [2025-12-21T07:16:50.269+0000] {dag.py:3047} INFO - Sync 1 DAGs
[2025-12-21T07:16:50.281+0000] {logging_mixin.py:188} INFO - [2025-12-21T07:16:50.281+0000] {dag.py:3834} INFO - Setting next_dagrun for example_dag_decorator to None, run_after=None
[2025-12-21T07:16:50.305+0000] {processor.py:183} INFO - Processing /home/airflow/.local/lib/python3.8/site-packages/airflow/example_dags/example_dag_decorator.py took 0.232 seconds
[2025-12-21T07:17:20.489+0000] {processor.py:161} INFO - Started process (PID=684) to work on /home/airflow/.local/lib/python3.8/site-packages/airflow/example_dags/example_dag_decorator.py
[2025-12-21T07:17:20.490+0000] {processor.py:830} INFO - Processing file /home/airflow/.local/lib/python3.8/site-packages/airflow/example_dags/example_dag_decorator.py for tasks to queue
[2025-12-21T07:17:20.492+0000] {logging_mixin.py:188} INFO - [2025-12-21T07:17:20.492+0000] {dagbag.py:540} INFO - Filling up the DagBag from /home/airflow/.local/lib/python3.8/site-packages/airflow/example_dags/example_dag_decorator.py
[2025-12-21T07:17:20.579+0000] {processor.py:840} INFO - DAG(s) 'example_dag_decorator' retrieved from /home/airflow/.local/lib/python3.8/site-packages/airflow/example_dags/example_dag_decorator.py
[2025-12-21T07:17:20.692+0000] {logging_mixin.py:188} INFO - [2025-12-21T07:17:20.692+0000] {dag.py:3047} INFO - Sync 1 DAGs
[2025-12-21T07:17:20.702+0000] {logging_mixin.py:188} INFO - [2025-12-21T07:17:20.702+0000] {dag.py:3834} INFO - Setting next_dagrun for example_dag_decorator to None, run_after=None
[2025-12-21T07:17:20.727+0000] {processor.py:183} INFO - Processing /home/airflow/.local/lib/python3.8/site-packages/airflow/example_dags/example_dag_decorator.py took 0.242 seconds
[2025-12-21T07:17:50.820+0000] {processor.py:161} INFO - Started process (PID=742) to work on /home/airflow/.local/lib/python3.8/site-packages/airflow/example_dags/example_dag_decorator.py
[2025-12-21T07:17:50.821+0000] {processor.py:830} INFO - Processing file /home/airflow/.local/lib/python3.8/site-packages/airflow/example_dags/example_dag_decorator.py for tasks to queue
[2025-12-21T07:17:50.823+0000] {logging_mixin.py:188} INFO - [2025-12-21T07:17:50.823+0000] {dagbag.py:540} INFO - Filling up the DagBag from /home/airflow/.local/lib/python3.8/site-packages/airflow/example_dags/example_dag_decorator.py
[2025-12-21T07:17:50.906+0000] {processor.py:840} INFO - DAG(s) 'example_dag_decorator' retrieved from /home/airflow/.local/lib/python3.8/site-packages/airflow/example_dags/example_dag_decorator.py
[2025-12-21T07:17:51.002+0000] {logging_mixin.py:188} INFO - [2025-12-21T07:17:51.001+0000] {dag.py:3047} INFO - Sync 1 DAGs
[2025-12-21T07:17:51.012+0000] {logging_mixin.py:188} INFO - [2025-12-21T07:17:51.011+0000] {dag.py:3834} INFO - Setting next_dagrun for example_dag_decorator to None, run_after=None
[2025-12-21T07:17:51.037+0000] {processor.py:183} INFO - Processing /home/airflow/.local/lib/python3.8/site-packages/airflow/example_dags/example_dag_decorator.py took 0.220 seconds
[2025-12-21T07:18:21.441+0000] {processor.py:161} INFO - Started process (PID=795) to work on /home/airflow/.local/lib/python3.8/site-packages/airflow/example_dags/example_dag_decorator.py
[2025-12-21T07:18:21.442+0000] {processor.py:830} INFO - Processing file /home/airflow/.local/lib/python3.8/site-packages/airflow/example_dags/example_dag_decorator.py for tasks to queue
[2025-12-21T07:18:21.444+0000] {logging_mixin.py:188} INFO - [2025-12-21T07:18:21.444+0000] {dagbag.py:540} INFO - Filling up the DagBag from /home/airflow/.local/lib/python3.8/site-packages/airflow/example_dags/example_dag_decorator.py
[2025-12-21T07:18:21.531+0000] {processor.py:840} INFO - DAG(s) 'example_dag_decorator' retrieved from /home/airflow/.local/lib/python3.8/site-packages/airflow/example_dags/example_dag_decorator.py
[2025-12-21T07:18:21.629+0000] {logging_mixin.py:188} INFO - [2025-12-21T07:18:21.629+0000] {dag.py:3047} INFO - Sync 1 DAGs
[2025-12-21T07:18:21.639+0000] {logging_mixin.py:188} INFO - [2025-12-21T07:18:21.639+0000] {dag.py:3834} INFO - Setting next_dagrun for example_dag_decorator to None, run_after=None
[2025-12-21T07:18:21.662+0000] {processor.py:183} INFO - Processing /home/airflow/.local/lib/python3.8/site-packages/airflow/example_dags/example_dag_decorator.py took 0.225 seconds
[2025-12-21T07:18:52.356+0000] {processor.py:161} INFO - Started process (PID=851) to work on /home/airflow/.local/lib/python3.8/site-packages/airflow/example_dags/example_dag_decorator.py
[2025-12-21T07:18:52.358+0000] {processor.py:830} INFO - Processing file /home/airflow/.local/lib/python3.8/site-packages/airflow/example_dags/example_dag_decorator.py for tasks to queue
[2025-12-21T07:18:52.360+0000] {logging_mixin.py:188} INFO - [2025-12-21T07:18:52.360+0000] {dagbag.py:540} INFO - Filling up the DagBag from /home/airflow/.local/lib/python3.8/site-packages/airflow/example_dags/example_dag_decorator.py
[2025-12-21T07:18:52.471+0000] {processor.py:840} INFO - DAG(s) 'example_dag_decorator' retrieved from /home/airflow/.local/lib/python3.8/site-packages/airflow/example_dags/example_dag_decorator.py
[2025-12-21T07:18:52.596+0000] {logging_mixin.py:188} INFO - [2025-12-21T07:18:52.596+0000] {dag.py:3047} INFO - Sync 1 DAGs
[2025-12-21T07:18:52.609+0000] {logging_mixin.py:188} INFO - [2025-12-21T07:18:52.608+0000] {dag.py:3834} INFO - Setting next_dagrun for example_dag_decorator to None, run_after=None
[2025-12-21T07:18:52.634+0000] {processor.py:183} INFO - Processing /home/airflow/.local/lib/python3.8/site-packages/airflow/example_dags/example_dag_decorator.py took 0.282 seconds
[2025-12-21T07:19:22.995+0000] {processor.py:161} INFO - Started process (PID=907) to work on /home/airflow/.local/lib/python3.8/site-packages/airflow/example_dags/example_dag_decorator.py
[2025-12-21T07:19:22.996+0000] {processor.py:830} INFO - Processing file /home/airflow/.local/lib/python3.8/site-packages/airflow/example_dags/example_dag_decorator.py for tasks to queue
[2025-12-21T07:19:23.000+0000] {logging_mixin.py:188} INFO - [2025-12-21T07:19:22.999+0000] {dagbag.py:540} INFO - Filling up the DagBag from /home/airflow/.local/lib/python3.8/site-packages/airflow/example_dags/example_dag_decorator.py
[2025-12-21T07:19:23.172+0000] {processor.py:840} INFO - DAG(s) 'example_dag_decorator' retrieved from /home/airflow/.local/lib/python3.8/site-packages/airflow/example_dags/example_dag_decorator.py
[2025-12-21T07:19:23.415+0000] {logging_mixin.py:188} INFO - [2025-12-21T07:19:23.415+0000] {dag.py:3047} INFO - Sync 1 DAGs
[2025-12-21T07:19:23.465+0000] {logging_mixin.py:188} INFO - [2025-12-21T07:19:23.465+0000] {dag.py:3834} INFO - Setting next_dagrun for example_dag_decorator to None, run_after=None
[2025-12-21T07:19:23.508+0000] {processor.py:183} INFO - Processing /home/airflow/.local/lib/python3.8/site-packages/airflow/example_dags/example_dag_decorator.py took 0.522 seconds
[2025-12-21T07:19:53.597+0000] {processor.py:161} INFO - Started process (PID=965) to work on /home/airflow/.local/lib/python3.8/site-packages/airflow/example_dags/example_dag_decorator.py
[2025-12-21T07:19:53.599+0000] {processor.py:830} INFO - Processing file /home/airflow/.local/lib/python3.8/site-packages/airflow/example_dags/example_dag_decorator.py for tasks to queue
[2025-12-21T07:19:53.601+0000] {logging_mixin.py:188} INFO - [2025-12-21T07:19:53.600+0000] {dagbag.py:540} INFO - Filling up the DagBag from /home/airflow/.local/lib/python3.8/site-packages/airflow/example_dags/example_dag_decorator.py
[2025-12-21T07:19:53.709+0000] {processor.py:840} INFO - DAG(s) 'example_dag_decorator' retrieved from /home/airflow/.local/lib/python3.8/site-packages/airflow/example_dags/example_dag_decorator.py
[2025-12-21T07:19:53.837+0000] {logging_mixin.py:188} INFO - [2025-12-21T07:19:53.837+0000] {dag.py:3047} INFO - Sync 1 DAGs
[2025-12-21T07:19:53.851+0000] {logging_mixin.py:188} INFO - [2025-12-21T07:19:53.851+0000] {dag.py:3834} INFO - Setting next_dagrun for example_dag_decorator to None, run_after=None
[2025-12-21T07:19:53.875+0000] {processor.py:183} INFO - Processing /home/airflow/.local/lib/python3.8/site-packages/airflow/example_dags/example_dag_decorator.py took 0.283 seconds
[2025-12-21T07:20:23.983+0000] {processor.py:161} INFO - Started process (PID=1020) to work on /home/airflow/.local/lib/python3.8/site-packages/airflow/example_dags/example_dag_decorator.py
[2025-12-21T07:20:23.985+0000] {processor.py:830} INFO - Processing file /home/airflow/.local/lib/python3.8/site-packages/airflow/example_dags/example_dag_decorator.py for tasks to queue
[2025-12-21T07:20:23.987+0000] {logging_mixin.py:188} INFO - [2025-12-21T07:20:23.986+0000] {dagbag.py:540} INFO - Filling up the DagBag from /home/airflow/.local/lib/python3.8/site-packages/airflow/example_dags/example_dag_decorator.py
[2025-12-21T07:20:24.069+0000] {processor.py:840} INFO - DAG(s) 'example_dag_decorator' retrieved from /home/airflow/.local/lib/python3.8/site-packages/airflow/example_dags/example_dag_decorator.py
[2025-12-21T07:20:24.177+0000] {logging_mixin.py:188} INFO - [2025-12-21T07:20:24.176+0000] {dag.py:3047} INFO - Sync 1 DAGs
[2025-12-21T07:20:24.189+0000] {logging_mixin.py:188} INFO - [2025-12-21T07:20:24.189+0000] {dag.py:3834} INFO - Setting next_dagrun for example_dag_decorator to None, run_after=None
[2025-12-21T07:20:24.215+0000] {processor.py:183} INFO - Processing /home/airflow/.local/lib/python3.8/site-packages/airflow/example_dags/example_dag_decorator.py took 0.235 seconds
[2025-12-21T07:20:39.283+0000] {processor.py:161} INFO - Started process (PID=54) to work on /home/airflow/.local/lib/python3.8/site-packages/airflow/example_dags/example_dag_decorator.py
[2025-12-21T07:20:39.284+0000] {processor.py:830} INFO - Processing file /home/airflow/.local/lib/python3.8/site-packages/airflow/example_dags/example_dag_decorator.py for tasks to queue
[2025-12-21T07:20:39.286+0000] {logging_mixin.py:188} INFO - [2025-12-21T07:20:39.286+0000] {dagbag.py:540} INFO - Filling up the DagBag from /home/airflow/.local/lib/python3.8/site-packages/airflow/example_dags/example_dag_decorator.py
[2025-12-21T07:20:39.372+0000] {processor.py:840} INFO - DAG(s) 'example_dag_decorator' retrieved from /home/airflow/.local/lib/python3.8/site-packages/airflow/example_dags/example_dag_decorator.py
[2025-12-21T07:20:39.385+0000] {logging_mixin.py:188} INFO - [2025-12-21T07:20:39.385+0000] {dag.py:3047} INFO - Sync 1 DAGs
[2025-12-21T07:20:39.398+0000] {logging_mixin.py:188} INFO - [2025-12-21T07:20:39.398+0000] {dag.py:3834} INFO - Setting next_dagrun for example_dag_decorator to None, run_after=None
[2025-12-21T07:20:39.419+0000] {processor.py:183} INFO - Processing /home/airflow/.local/lib/python3.8/site-packages/airflow/example_dags/example_dag_decorator.py took 0.140 seconds
[2025-12-21T07:21:09.905+0000] {processor.py:161} INFO - Started process (PID=110) to work on /home/airflow/.local/lib/python3.8/site-packages/airflow/example_dags/example_dag_decorator.py
[2025-12-21T07:21:09.907+0000] {processor.py:830} INFO - Processing file /home/airflow/.local/lib/python3.8/site-packages/airflow/example_dags/example_dag_decorator.py for tasks to queue
[2025-12-21T07:21:09.909+0000] {logging_mixin.py:188} INFO - [2025-12-21T07:21:09.909+0000] {dagbag.py:540} INFO - Filling up the DagBag from /home/airflow/.local/lib/python3.8/site-packages/airflow/example_dags/example_dag_decorator.py
[2025-12-21T07:21:10.025+0000] {processor.py:840} INFO - DAG(s) 'example_dag_decorator' retrieved from /home/airflow/.local/lib/python3.8/site-packages/airflow/example_dags/example_dag_decorator.py
[2025-12-21T07:21:10.161+0000] {logging_mixin.py:188} INFO - [2025-12-21T07:21:10.160+0000] {dag.py:3047} INFO - Sync 1 DAGs
[2025-12-21T07:21:10.173+0000] {logging_mixin.py:188} INFO - [2025-12-21T07:21:10.173+0000] {dag.py:3834} INFO - Setting next_dagrun for example_dag_decorator to None, run_after=None
[2025-12-21T07:21:10.202+0000] {processor.py:183} INFO - Processing /home/airflow/.local/lib/python3.8/site-packages/airflow/example_dags/example_dag_decorator.py took 0.302 seconds
[2025-12-21T07:22:19.845+0000] {processor.py:161} INFO - Started process (PID=61) to work on /home/airflow/.local/lib/python3.8/site-packages/airflow/example_dags/example_dag_decorator.py
[2025-12-21T07:22:19.847+0000] {processor.py:830} INFO - Processing file /home/airflow/.local/lib/python3.8/site-packages/airflow/example_dags/example_dag_decorator.py for tasks to queue
[2025-12-21T07:22:19.849+0000] {logging_mixin.py:188} INFO - [2025-12-21T07:22:19.849+0000] {dagbag.py:540} INFO - Filling up the DagBag from /home/airflow/.local/lib/python3.8/site-packages/airflow/example_dags/example_dag_decorator.py
[2025-12-21T07:22:20.118+0000] {processor.py:840} INFO - DAG(s) 'example_dag_decorator' retrieved from /home/airflow/.local/lib/python3.8/site-packages/airflow/example_dags/example_dag_decorator.py
[2025-12-21T07:22:20.134+0000] {logging_mixin.py:188} INFO - [2025-12-21T07:22:20.133+0000] {dag.py:3047} INFO - Sync 1 DAGs
[2025-12-21T07:22:20.154+0000] {logging_mixin.py:188} INFO - [2025-12-21T07:22:20.154+0000] {dag.py:3834} INFO - Setting next_dagrun for example_dag_decorator to None, run_after=None
[2025-12-21T07:22:20.177+0000] {processor.py:183} INFO - Processing /home/airflow/.local/lib/python3.8/site-packages/airflow/example_dags/example_dag_decorator.py took 0.336 seconds
[2025-12-21T07:22:51.129+0000] {processor.py:161} INFO - Started process (PID=117) to work on /home/airflow/.local/lib/python3.8/site-packages/airflow/example_dags/example_dag_decorator.py
[2025-12-21T07:22:51.130+0000] {processor.py:830} INFO - Processing file /home/airflow/.local/lib/python3.8/site-packages/airflow/example_dags/example_dag_decorator.py for tasks to queue
[2025-12-21T07:22:51.133+0000] {logging_mixin.py:188} INFO - [2025-12-21T07:22:51.132+0000] {dagbag.py:540} INFO - Filling up the DagBag from /home/airflow/.local/lib/python3.8/site-packages/airflow/example_dags/example_dag_decorator.py
[2025-12-21T07:22:51.253+0000] {processor.py:840} INFO - DAG(s) 'example_dag_decorator' retrieved from /home/airflow/.local/lib/python3.8/site-packages/airflow/example_dags/example_dag_decorator.py
[2025-12-21T07:22:51.367+0000] {logging_mixin.py:188} INFO - [2025-12-21T07:22:51.366+0000] {dag.py:3047} INFO - Sync 1 DAGs
[2025-12-21T07:22:51.379+0000] {logging_mixin.py:188} INFO - [2025-12-21T07:22:51.379+0000] {dag.py:3834} INFO - Setting next_dagrun for example_dag_decorator to None, run_after=None
[2025-12-21T07:22:51.404+0000] {processor.py:183} INFO - Processing /home/airflow/.local/lib/python3.8/site-packages/airflow/example_dags/example_dag_decorator.py took 0.281 seconds
[2025-12-21T07:28:30.181+0000] {processor.py:161} INFO - Started process (PID=62) to work on /home/airflow/.local/lib/python3.8/site-packages/airflow/example_dags/example_dag_decorator.py
[2025-12-21T07:28:30.184+0000] {processor.py:830} INFO - Processing file /home/airflow/.local/lib/python3.8/site-packages/airflow/example_dags/example_dag_decorator.py for tasks to queue
[2025-12-21T07:28:30.186+0000] {logging_mixin.py:188} INFO - [2025-12-21T07:28:30.186+0000] {dagbag.py:540} INFO - Filling up the DagBag from /home/airflow/.local/lib/python3.8/site-packages/airflow/example_dags/example_dag_decorator.py
[2025-12-21T07:28:30.506+0000] {processor.py:840} INFO - DAG(s) 'example_dag_decorator' retrieved from /home/airflow/.local/lib/python3.8/site-packages/airflow/example_dags/example_dag_decorator.py
[2025-12-21T07:28:30.522+0000] {logging_mixin.py:188} INFO - [2025-12-21T07:28:30.522+0000] {dag.py:3047} INFO - Sync 1 DAGs
[2025-12-21T07:28:30.538+0000] {logging_mixin.py:188} INFO - [2025-12-21T07:28:30.538+0000] {dag.py:3834} INFO - Setting next_dagrun for example_dag_decorator to None, run_after=None
[2025-12-21T07:28:30.565+0000] {processor.py:183} INFO - Processing /home/airflow/.local/lib/python3.8/site-packages/airflow/example_dags/example_dag_decorator.py took 0.388 seconds
[2025-12-21T07:29:00.699+0000] {processor.py:161} INFO - Started process (PID=121) to work on /home/airflow/.local/lib/python3.8/site-packages/airflow/example_dags/example_dag_decorator.py
[2025-12-21T07:29:00.701+0000] {processor.py:830} INFO - Processing file /home/airflow/.local/lib/python3.8/site-packages/airflow/example_dags/example_dag_decorator.py for tasks to queue
[2025-12-21T07:29:00.703+0000] {logging_mixin.py:188} INFO - [2025-12-21T07:29:00.703+0000] {dagbag.py:540} INFO - Filling up the DagBag from /home/airflow/.local/lib/python3.8/site-packages/airflow/example_dags/example_dag_decorator.py
[2025-12-21T07:29:00.798+0000] {processor.py:840} INFO - DAG(s) 'example_dag_decorator' retrieved from /home/airflow/.local/lib/python3.8/site-packages/airflow/example_dags/example_dag_decorator.py
[2025-12-21T07:29:00.904+0000] {logging_mixin.py:188} INFO - [2025-12-21T07:29:00.904+0000] {dag.py:3047} INFO - Sync 1 DAGs
[2025-12-21T07:29:00.921+0000] {logging_mixin.py:188} INFO - [2025-12-21T07:29:00.920+0000] {dag.py:3834} INFO - Setting next_dagrun for example_dag_decorator to None, run_after=None
[2025-12-21T07:29:00.945+0000] {processor.py:183} INFO - Processing /home/airflow/.local/lib/python3.8/site-packages/airflow/example_dags/example_dag_decorator.py took 0.250 seconds
[2025-12-21T07:29:31.281+0000] {processor.py:161} INFO - Started process (PID=183) to work on /home/airflow/.local/lib/python3.8/site-packages/airflow/example_dags/example_dag_decorator.py
[2025-12-21T07:29:31.283+0000] {processor.py:830} INFO - Processing file /home/airflow/.local/lib/python3.8/site-packages/airflow/example_dags/example_dag_decorator.py for tasks to queue
[2025-12-21T07:29:31.285+0000] {logging_mixin.py:188} INFO - [2025-12-21T07:29:31.284+0000] {dagbag.py:540} INFO - Filling up the DagBag from /home/airflow/.local/lib/python3.8/site-packages/airflow/example_dags/example_dag_decorator.py
[2025-12-21T07:29:31.377+0000] {processor.py:840} INFO - DAG(s) 'example_dag_decorator' retrieved from /home/airflow/.local/lib/python3.8/site-packages/airflow/example_dags/example_dag_decorator.py
[2025-12-21T07:29:31.482+0000] {logging_mixin.py:188} INFO - [2025-12-21T07:29:31.481+0000] {dag.py:3047} INFO - Sync 1 DAGs
[2025-12-21T07:29:31.493+0000] {logging_mixin.py:188} INFO - [2025-12-21T07:29:31.493+0000] {dag.py:3834} INFO - Setting next_dagrun for example_dag_decorator to None, run_after=None
[2025-12-21T07:29:31.516+0000] {processor.py:183} INFO - Processing /home/airflow/.local/lib/python3.8/site-packages/airflow/example_dags/example_dag_decorator.py took 0.239 seconds
[2025-12-21T07:30:01.669+0000] {processor.py:161} INFO - Started process (PID=238) to work on /home/airflow/.local/lib/python3.8/site-packages/airflow/example_dags/example_dag_decorator.py
[2025-12-21T07:30:01.671+0000] {processor.py:830} INFO - Processing file /home/airflow/.local/lib/python3.8/site-packages/airflow/example_dags/example_dag_decorator.py for tasks to queue
[2025-12-21T07:30:01.674+0000] {logging_mixin.py:188} INFO - [2025-12-21T07:30:01.673+0000] {dagbag.py:540} INFO - Filling up the DagBag from /home/airflow/.local/lib/python3.8/site-packages/airflow/example_dags/example_dag_decorator.py
[2025-12-21T07:30:01.783+0000] {processor.py:840} INFO - DAG(s) 'example_dag_decorator' retrieved from /home/airflow/.local/lib/python3.8/site-packages/airflow/example_dags/example_dag_decorator.py
[2025-12-21T07:30:01.917+0000] {logging_mixin.py:188} INFO - [2025-12-21T07:30:01.916+0000] {dag.py:3047} INFO - Sync 1 DAGs
[2025-12-21T07:30:01.928+0000] {logging_mixin.py:188} INFO - [2025-12-21T07:30:01.928+0000] {dag.py:3834} INFO - Setting next_dagrun for example_dag_decorator to None, run_after=None
[2025-12-21T07:30:01.952+0000] {processor.py:183} INFO - Processing /home/airflow/.local/lib/python3.8/site-packages/airflow/example_dags/example_dag_decorator.py took 0.289 seconds
[2025-12-21T07:30:32.022+0000] {processor.py:161} INFO - Started process (PID=295) to work on /home/airflow/.local/lib/python3.8/site-packages/airflow/example_dags/example_dag_decorator.py
[2025-12-21T07:30:32.024+0000] {processor.py:830} INFO - Processing file /home/airflow/.local/lib/python3.8/site-packages/airflow/example_dags/example_dag_decorator.py for tasks to queue
[2025-12-21T07:30:32.028+0000] {logging_mixin.py:188} INFO - [2025-12-21T07:30:32.027+0000] {dagbag.py:540} INFO - Filling up the DagBag from /home/airflow/.local/lib/python3.8/site-packages/airflow/example_dags/example_dag_decorator.py
[2025-12-21T07:30:32.117+0000] {processor.py:840} INFO - DAG(s) 'example_dag_decorator' retrieved from /home/airflow/.local/lib/python3.8/site-packages/airflow/example_dags/example_dag_decorator.py
[2025-12-21T07:30:32.225+0000] {logging_mixin.py:188} INFO - [2025-12-21T07:30:32.224+0000] {dag.py:3047} INFO - Sync 1 DAGs
[2025-12-21T07:30:32.235+0000] {logging_mixin.py:188} INFO - [2025-12-21T07:30:32.234+0000] {dag.py:3834} INFO - Setting next_dagrun for example_dag_decorator to None, run_after=None
[2025-12-21T07:30:32.260+0000] {processor.py:183} INFO - Processing /home/airflow/.local/lib/python3.8/site-packages/airflow/example_dags/example_dag_decorator.py took 0.244 seconds
[2025-12-21T07:31:02.321+0000] {processor.py:161} INFO - Started process (PID=351) to work on /home/airflow/.local/lib/python3.8/site-packages/airflow/example_dags/example_dag_decorator.py
[2025-12-21T07:31:02.322+0000] {processor.py:830} INFO - Processing file /home/airflow/.local/lib/python3.8/site-packages/airflow/example_dags/example_dag_decorator.py for tasks to queue
[2025-12-21T07:31:02.325+0000] {logging_mixin.py:188} INFO - [2025-12-21T07:31:02.324+0000] {dagbag.py:540} INFO - Filling up the DagBag from /home/airflow/.local/lib/python3.8/site-packages/airflow/example_dags/example_dag_decorator.py
[2025-12-21T07:31:02.421+0000] {processor.py:840} INFO - DAG(s) 'example_dag_decorator' retrieved from /home/airflow/.local/lib/python3.8/site-packages/airflow/example_dags/example_dag_decorator.py
[2025-12-21T07:31:02.523+0000] {logging_mixin.py:188} INFO - [2025-12-21T07:31:02.523+0000] {dag.py:3047} INFO - Sync 1 DAGs
[2025-12-21T07:31:02.538+0000] {logging_mixin.py:188} INFO - [2025-12-21T07:31:02.538+0000] {dag.py:3834} INFO - Setting next_dagrun for example_dag_decorator to None, run_after=None
[2025-12-21T07:31:02.563+0000] {processor.py:183} INFO - Processing /home/airflow/.local/lib/python3.8/site-packages/airflow/example_dags/example_dag_decorator.py took 0.245 seconds
[2025-12-21T07:31:32.609+0000] {processor.py:161} INFO - Started process (PID=408) to work on /home/airflow/.local/lib/python3.8/site-packages/airflow/example_dags/example_dag_decorator.py
[2025-12-21T07:31:32.610+0000] {processor.py:830} INFO - Processing file /home/airflow/.local/lib/python3.8/site-packages/airflow/example_dags/example_dag_decorator.py for tasks to queue
[2025-12-21T07:31:32.613+0000] {logging_mixin.py:188} INFO - [2025-12-21T07:31:32.612+0000] {dagbag.py:540} INFO - Filling up the DagBag from /home/airflow/.local/lib/python3.8/site-packages/airflow/example_dags/example_dag_decorator.py
[2025-12-21T07:31:32.717+0000] {processor.py:840} INFO - DAG(s) 'example_dag_decorator' retrieved from /home/airflow/.local/lib/python3.8/site-packages/airflow/example_dags/example_dag_decorator.py
[2025-12-21T07:31:32.853+0000] {logging_mixin.py:188} INFO - [2025-12-21T07:31:32.852+0000] {dag.py:3047} INFO - Sync 1 DAGs
[2025-12-21T07:31:32.867+0000] {logging_mixin.py:188} INFO - [2025-12-21T07:31:32.867+0000] {dag.py:3834} INFO - Setting next_dagrun for example_dag_decorator to None, run_after=None
[2025-12-21T07:31:32.894+0000] {processor.py:183} INFO - Processing /home/airflow/.local/lib/python3.8/site-packages/airflow/example_dags/example_dag_decorator.py took 0.290 seconds
