[2025-12-21T06:58:34.774+0000] {processor.py:161} INFO - Started process (PID=50) to work on /home/airflow/.local/lib/python3.8/site-packages/airflow/example_dags/example_nested_branch_dag.py
[2025-12-21T06:58:34.776+0000] {processor.py:830} INFO - Processing file /home/airflow/.local/lib/python3.8/site-packages/airflow/example_dags/example_nested_branch_dag.py for tasks to queue
[2025-12-21T06:58:34.780+0000] {logging_mixin.py:188} INFO - [2025-12-21T06:58:34.780+0000] {dagbag.py:540} INFO - Filling up the DagBag from /home/airflow/.local/lib/python3.8/site-packages/airflow/example_dags/example_nested_branch_dag.py
[2025-12-21T06:58:34.796+0000] {processor.py:840} INFO - DAG(s) 'example_nested_branch_dag' retrieved from /home/airflow/.local/lib/python3.8/site-packages/airflow/example_dags/example_nested_branch_dag.py
[2025-12-21T06:58:34.813+0000] {logging_mixin.py:188} INFO - [2025-12-21T06:58:34.812+0000] {dag.py:3047} INFO - Sync 1 DAGs
[2025-12-21T06:58:34.853+0000] {logging_mixin.py:188} INFO - [2025-12-21T06:58:34.852+0000] {dag.py:3834} INFO - Setting next_dagrun for example_nested_branch_dag to 2025-12-20 00:00:00+00:00, run_after=2025-12-21 00:00:00+00:00
[2025-12-21T06:58:34.881+0000] {processor.py:183} INFO - Processing /home/airflow/.local/lib/python3.8/site-packages/airflow/example_dags/example_nested_branch_dag.py took 0.111 seconds
[2025-12-21T06:58:50.841+0000] {processor.py:161} INFO - Started process (PID=46) to work on /home/airflow/.local/lib/python3.8/site-packages/airflow/example_dags/example_nested_branch_dag.py
[2025-12-21T06:58:50.842+0000] {processor.py:830} INFO - Processing file /home/airflow/.local/lib/python3.8/site-packages/airflow/example_dags/example_nested_branch_dag.py for tasks to queue
[2025-12-21T06:58:50.844+0000] {logging_mixin.py:188} INFO - [2025-12-21T06:58:50.844+0000] {dagbag.py:540} INFO - Filling up the DagBag from /home/airflow/.local/lib/python3.8/site-packages/airflow/example_dags/example_nested_branch_dag.py
[2025-12-21T06:58:50.859+0000] {processor.py:840} INFO - DAG(s) 'example_nested_branch_dag' retrieved from /home/airflow/.local/lib/python3.8/site-packages/airflow/example_dags/example_nested_branch_dag.py
[2025-12-21T06:58:50.971+0000] {logging_mixin.py:188} INFO - [2025-12-21T06:58:50.971+0000] {dag.py:3047} INFO - Sync 1 DAGs
[2025-12-21T06:58:50.993+0000] {logging_mixin.py:188} INFO - [2025-12-21T06:58:50.992+0000] {dag.py:3834} INFO - Setting next_dagrun for example_nested_branch_dag to 2025-12-20 00:00:00+00:00, run_after=2025-12-21 00:00:00+00:00
[2025-12-21T06:58:51.017+0000] {processor.py:183} INFO - Processing /home/airflow/.local/lib/python3.8/site-packages/airflow/example_dags/example_nested_branch_dag.py took 0.180 seconds
[2025-12-21T06:59:21.385+0000] {processor.py:161} INFO - Started process (PID=102) to work on /home/airflow/.local/lib/python3.8/site-packages/airflow/example_dags/example_nested_branch_dag.py
[2025-12-21T06:59:21.387+0000] {processor.py:830} INFO - Processing file /home/airflow/.local/lib/python3.8/site-packages/airflow/example_dags/example_nested_branch_dag.py for tasks to queue
[2025-12-21T06:59:21.389+0000] {logging_mixin.py:188} INFO - [2025-12-21T06:59:21.388+0000] {dagbag.py:540} INFO - Filling up the DagBag from /home/airflow/.local/lib/python3.8/site-packages/airflow/example_dags/example_nested_branch_dag.py
[2025-12-21T06:59:21.400+0000] {processor.py:840} INFO - DAG(s) 'example_nested_branch_dag' retrieved from /home/airflow/.local/lib/python3.8/site-packages/airflow/example_dags/example_nested_branch_dag.py
[2025-12-21T06:59:21.425+0000] {logging_mixin.py:188} INFO - [2025-12-21T06:59:21.425+0000] {dag.py:3047} INFO - Sync 1 DAGs
[2025-12-21T06:59:21.450+0000] {logging_mixin.py:188} INFO - [2025-12-21T06:59:21.450+0000] {dag.py:3834} INFO - Setting next_dagrun for example_nested_branch_dag to 2025-12-20 00:00:00+00:00, run_after=2025-12-21 00:00:00+00:00
[2025-12-21T06:59:21.469+0000] {processor.py:183} INFO - Processing /home/airflow/.local/lib/python3.8/site-packages/airflow/example_dags/example_nested_branch_dag.py took 0.087 seconds
[2025-12-21T06:59:51.642+0000] {processor.py:161} INFO - Started process (PID=158) to work on /home/airflow/.local/lib/python3.8/site-packages/airflow/example_dags/example_nested_branch_dag.py
[2025-12-21T06:59:51.644+0000] {processor.py:830} INFO - Processing file /home/airflow/.local/lib/python3.8/site-packages/airflow/example_dags/example_nested_branch_dag.py for tasks to queue
[2025-12-21T06:59:51.646+0000] {logging_mixin.py:188} INFO - [2025-12-21T06:59:51.645+0000] {dagbag.py:540} INFO - Filling up the DagBag from /home/airflow/.local/lib/python3.8/site-packages/airflow/example_dags/example_nested_branch_dag.py
[2025-12-21T06:59:51.657+0000] {processor.py:840} INFO - DAG(s) 'example_nested_branch_dag' retrieved from /home/airflow/.local/lib/python3.8/site-packages/airflow/example_dags/example_nested_branch_dag.py
[2025-12-21T06:59:51.680+0000] {logging_mixin.py:188} INFO - [2025-12-21T06:59:51.680+0000] {dag.py:3047} INFO - Sync 1 DAGs
[2025-12-21T06:59:51.705+0000] {logging_mixin.py:188} INFO - [2025-12-21T06:59:51.705+0000] {dag.py:3834} INFO - Setting next_dagrun for example_nested_branch_dag to 2025-12-20 00:00:00+00:00, run_after=2025-12-21 00:00:00+00:00
[2025-12-21T06:59:51.728+0000] {processor.py:183} INFO - Processing /home/airflow/.local/lib/python3.8/site-packages/airflow/example_dags/example_nested_branch_dag.py took 0.089 seconds
[2025-12-21T07:00:21.947+0000] {processor.py:161} INFO - Started process (PID=214) to work on /home/airflow/.local/lib/python3.8/site-packages/airflow/example_dags/example_nested_branch_dag.py
[2025-12-21T07:00:21.949+0000] {processor.py:830} INFO - Processing file /home/airflow/.local/lib/python3.8/site-packages/airflow/example_dags/example_nested_branch_dag.py for tasks to queue
[2025-12-21T07:00:21.952+0000] {logging_mixin.py:188} INFO - [2025-12-21T07:00:21.951+0000] {dagbag.py:540} INFO - Filling up the DagBag from /home/airflow/.local/lib/python3.8/site-packages/airflow/example_dags/example_nested_branch_dag.py
[2025-12-21T07:00:21.961+0000] {processor.py:840} INFO - DAG(s) 'example_nested_branch_dag' retrieved from /home/airflow/.local/lib/python3.8/site-packages/airflow/example_dags/example_nested_branch_dag.py
[2025-12-21T07:00:21.986+0000] {logging_mixin.py:188} INFO - [2025-12-21T07:00:21.986+0000] {dag.py:3047} INFO - Sync 1 DAGs
[2025-12-21T07:00:22.028+0000] {logging_mixin.py:188} INFO - [2025-12-21T07:00:22.027+0000] {dag.py:3834} INFO - Setting next_dagrun for example_nested_branch_dag to 2025-12-20 00:00:00+00:00, run_after=2025-12-21 00:00:00+00:00
[2025-12-21T07:00:22.060+0000] {processor.py:183} INFO - Processing /home/airflow/.local/lib/python3.8/site-packages/airflow/example_dags/example_nested_branch_dag.py took 0.116 seconds
[2025-12-21T07:00:52.300+0000] {processor.py:161} INFO - Started process (PID=270) to work on /home/airflow/.local/lib/python3.8/site-packages/airflow/example_dags/example_nested_branch_dag.py
[2025-12-21T07:00:52.302+0000] {processor.py:830} INFO - Processing file /home/airflow/.local/lib/python3.8/site-packages/airflow/example_dags/example_nested_branch_dag.py for tasks to queue
[2025-12-21T07:00:52.304+0000] {logging_mixin.py:188} INFO - [2025-12-21T07:00:52.304+0000] {dagbag.py:540} INFO - Filling up the DagBag from /home/airflow/.local/lib/python3.8/site-packages/airflow/example_dags/example_nested_branch_dag.py
[2025-12-21T07:00:52.315+0000] {processor.py:840} INFO - DAG(s) 'example_nested_branch_dag' retrieved from /home/airflow/.local/lib/python3.8/site-packages/airflow/example_dags/example_nested_branch_dag.py
[2025-12-21T07:00:52.345+0000] {logging_mixin.py:188} INFO - [2025-12-21T07:00:52.344+0000] {dag.py:3047} INFO - Sync 1 DAGs
[2025-12-21T07:00:52.375+0000] {logging_mixin.py:188} INFO - [2025-12-21T07:00:52.374+0000] {dag.py:3834} INFO - Setting next_dagrun for example_nested_branch_dag to 2025-12-20 00:00:00+00:00, run_after=2025-12-21 00:00:00+00:00
[2025-12-21T07:00:52.395+0000] {processor.py:183} INFO - Processing /home/airflow/.local/lib/python3.8/site-packages/airflow/example_dags/example_nested_branch_dag.py took 0.099 seconds
[2025-12-21T07:01:22.516+0000] {processor.py:161} INFO - Started process (PID=326) to work on /home/airflow/.local/lib/python3.8/site-packages/airflow/example_dags/example_nested_branch_dag.py
[2025-12-21T07:01:22.517+0000] {processor.py:830} INFO - Processing file /home/airflow/.local/lib/python3.8/site-packages/airflow/example_dags/example_nested_branch_dag.py for tasks to queue
[2025-12-21T07:01:22.521+0000] {logging_mixin.py:188} INFO - [2025-12-21T07:01:22.520+0000] {dagbag.py:540} INFO - Filling up the DagBag from /home/airflow/.local/lib/python3.8/site-packages/airflow/example_dags/example_nested_branch_dag.py
[2025-12-21T07:01:22.531+0000] {processor.py:840} INFO - DAG(s) 'example_nested_branch_dag' retrieved from /home/airflow/.local/lib/python3.8/site-packages/airflow/example_dags/example_nested_branch_dag.py
[2025-12-21T07:01:22.557+0000] {logging_mixin.py:188} INFO - [2025-12-21T07:01:22.557+0000] {dag.py:3047} INFO - Sync 1 DAGs
[2025-12-21T07:01:22.581+0000] {logging_mixin.py:188} INFO - [2025-12-21T07:01:22.580+0000] {dag.py:3834} INFO - Setting next_dagrun for example_nested_branch_dag to 2025-12-20 00:00:00+00:00, run_after=2025-12-21 00:00:00+00:00
[2025-12-21T07:01:22.608+0000] {processor.py:183} INFO - Processing /home/airflow/.local/lib/python3.8/site-packages/airflow/example_dags/example_nested_branch_dag.py took 0.095 seconds
[2025-12-21T07:01:52.933+0000] {processor.py:161} INFO - Started process (PID=382) to work on /home/airflow/.local/lib/python3.8/site-packages/airflow/example_dags/example_nested_branch_dag.py
[2025-12-21T07:01:52.935+0000] {processor.py:830} INFO - Processing file /home/airflow/.local/lib/python3.8/site-packages/airflow/example_dags/example_nested_branch_dag.py for tasks to queue
[2025-12-21T07:01:52.938+0000] {logging_mixin.py:188} INFO - [2025-12-21T07:01:52.937+0000] {dagbag.py:540} INFO - Filling up the DagBag from /home/airflow/.local/lib/python3.8/site-packages/airflow/example_dags/example_nested_branch_dag.py
[2025-12-21T07:01:52.950+0000] {processor.py:840} INFO - DAG(s) 'example_nested_branch_dag' retrieved from /home/airflow/.local/lib/python3.8/site-packages/airflow/example_dags/example_nested_branch_dag.py
[2025-12-21T07:01:52.976+0000] {logging_mixin.py:188} INFO - [2025-12-21T07:01:52.976+0000] {dag.py:3047} INFO - Sync 1 DAGs
[2025-12-21T07:01:53.002+0000] {logging_mixin.py:188} INFO - [2025-12-21T07:01:53.002+0000] {dag.py:3834} INFO - Setting next_dagrun for example_nested_branch_dag to 2025-12-20 00:00:00+00:00, run_after=2025-12-21 00:00:00+00:00
[2025-12-21T07:01:53.028+0000] {processor.py:183} INFO - Processing /home/airflow/.local/lib/python3.8/site-packages/airflow/example_dags/example_nested_branch_dag.py took 0.099 seconds
[2025-12-21T07:02:23.296+0000] {processor.py:161} INFO - Started process (PID=438) to work on /home/airflow/.local/lib/python3.8/site-packages/airflow/example_dags/example_nested_branch_dag.py
[2025-12-21T07:02:23.299+0000] {processor.py:830} INFO - Processing file /home/airflow/.local/lib/python3.8/site-packages/airflow/example_dags/example_nested_branch_dag.py for tasks to queue
[2025-12-21T07:02:23.301+0000] {logging_mixin.py:188} INFO - [2025-12-21T07:02:23.301+0000] {dagbag.py:540} INFO - Filling up the DagBag from /home/airflow/.local/lib/python3.8/site-packages/airflow/example_dags/example_nested_branch_dag.py
[2025-12-21T07:02:23.318+0000] {processor.py:840} INFO - DAG(s) 'example_nested_branch_dag' retrieved from /home/airflow/.local/lib/python3.8/site-packages/airflow/example_dags/example_nested_branch_dag.py
[2025-12-21T07:02:23.348+0000] {logging_mixin.py:188} INFO - [2025-12-21T07:02:23.348+0000] {dag.py:3047} INFO - Sync 1 DAGs
[2025-12-21T07:02:23.376+0000] {logging_mixin.py:188} INFO - [2025-12-21T07:02:23.376+0000] {dag.py:3834} INFO - Setting next_dagrun for example_nested_branch_dag to 2025-12-20 00:00:00+00:00, run_after=2025-12-21 00:00:00+00:00
[2025-12-21T07:02:23.400+0000] {processor.py:183} INFO - Processing /home/airflow/.local/lib/python3.8/site-packages/airflow/example_dags/example_nested_branch_dag.py took 0.108 seconds
[2025-12-21T07:02:53.609+0000] {processor.py:161} INFO - Started process (PID=494) to work on /home/airflow/.local/lib/python3.8/site-packages/airflow/example_dags/example_nested_branch_dag.py
[2025-12-21T07:02:53.611+0000] {processor.py:830} INFO - Processing file /home/airflow/.local/lib/python3.8/site-packages/airflow/example_dags/example_nested_branch_dag.py for tasks to queue
[2025-12-21T07:02:53.614+0000] {logging_mixin.py:188} INFO - [2025-12-21T07:02:53.614+0000] {dagbag.py:540} INFO - Filling up the DagBag from /home/airflow/.local/lib/python3.8/site-packages/airflow/example_dags/example_nested_branch_dag.py
[2025-12-21T07:02:53.626+0000] {processor.py:840} INFO - DAG(s) 'example_nested_branch_dag' retrieved from /home/airflow/.local/lib/python3.8/site-packages/airflow/example_dags/example_nested_branch_dag.py
[2025-12-21T07:02:53.652+0000] {logging_mixin.py:188} INFO - [2025-12-21T07:02:53.652+0000] {dag.py:3047} INFO - Sync 1 DAGs
[2025-12-21T07:02:53.680+0000] {logging_mixin.py:188} INFO - [2025-12-21T07:02:53.679+0000] {dag.py:3834} INFO - Setting next_dagrun for example_nested_branch_dag to 2025-12-20 00:00:00+00:00, run_after=2025-12-21 00:00:00+00:00
[2025-12-21T07:02:53.708+0000] {processor.py:183} INFO - Processing /home/airflow/.local/lib/python3.8/site-packages/airflow/example_dags/example_nested_branch_dag.py took 0.104 seconds
[2025-12-21T07:03:23.861+0000] {processor.py:161} INFO - Started process (PID=550) to work on /home/airflow/.local/lib/python3.8/site-packages/airflow/example_dags/example_nested_branch_dag.py
[2025-12-21T07:03:23.863+0000] {processor.py:830} INFO - Processing file /home/airflow/.local/lib/python3.8/site-packages/airflow/example_dags/example_nested_branch_dag.py for tasks to queue
[2025-12-21T07:03:23.867+0000] {logging_mixin.py:188} INFO - [2025-12-21T07:03:23.866+0000] {dagbag.py:540} INFO - Filling up the DagBag from /home/airflow/.local/lib/python3.8/site-packages/airflow/example_dags/example_nested_branch_dag.py
[2025-12-21T07:03:23.884+0000] {processor.py:840} INFO - DAG(s) 'example_nested_branch_dag' retrieved from /home/airflow/.local/lib/python3.8/site-packages/airflow/example_dags/example_nested_branch_dag.py
[2025-12-21T07:03:23.925+0000] {logging_mixin.py:188} INFO - [2025-12-21T07:03:23.924+0000] {dag.py:3047} INFO - Sync 1 DAGs
[2025-12-21T07:03:23.961+0000] {logging_mixin.py:188} INFO - [2025-12-21T07:03:23.961+0000] {dag.py:3834} INFO - Setting next_dagrun for example_nested_branch_dag to 2025-12-20 00:00:00+00:00, run_after=2025-12-21 00:00:00+00:00
[2025-12-21T07:03:23.995+0000] {processor.py:183} INFO - Processing /home/airflow/.local/lib/python3.8/site-packages/airflow/example_dags/example_nested_branch_dag.py took 0.139 seconds
[2025-12-21T07:03:54.815+0000] {processor.py:161} INFO - Started process (PID=606) to work on /home/airflow/.local/lib/python3.8/site-packages/airflow/example_dags/example_nested_branch_dag.py
[2025-12-21T07:03:54.816+0000] {processor.py:830} INFO - Processing file /home/airflow/.local/lib/python3.8/site-packages/airflow/example_dags/example_nested_branch_dag.py for tasks to queue
[2025-12-21T07:03:54.819+0000] {logging_mixin.py:188} INFO - [2025-12-21T07:03:54.818+0000] {dagbag.py:540} INFO - Filling up the DagBag from /home/airflow/.local/lib/python3.8/site-packages/airflow/example_dags/example_nested_branch_dag.py
[2025-12-21T07:03:54.831+0000] {processor.py:840} INFO - DAG(s) 'example_nested_branch_dag' retrieved from /home/airflow/.local/lib/python3.8/site-packages/airflow/example_dags/example_nested_branch_dag.py
[2025-12-21T07:03:54.862+0000] {logging_mixin.py:188} INFO - [2025-12-21T07:03:54.862+0000] {dag.py:3047} INFO - Sync 1 DAGs
[2025-12-21T07:03:54.892+0000] {logging_mixin.py:188} INFO - [2025-12-21T07:03:54.892+0000] {dag.py:3834} INFO - Setting next_dagrun for example_nested_branch_dag to 2025-12-20 00:00:00+00:00, run_after=2025-12-21 00:00:00+00:00
[2025-12-21T07:03:54.921+0000] {processor.py:183} INFO - Processing /home/airflow/.local/lib/python3.8/site-packages/airflow/example_dags/example_nested_branch_dag.py took 0.111 seconds
[2025-12-21T07:04:25.529+0000] {processor.py:161} INFO - Started process (PID=662) to work on /home/airflow/.local/lib/python3.8/site-packages/airflow/example_dags/example_nested_branch_dag.py
[2025-12-21T07:04:25.532+0000] {processor.py:830} INFO - Processing file /home/airflow/.local/lib/python3.8/site-packages/airflow/example_dags/example_nested_branch_dag.py for tasks to queue
[2025-12-21T07:04:25.541+0000] {logging_mixin.py:188} INFO - [2025-12-21T07:04:25.540+0000] {dagbag.py:540} INFO - Filling up the DagBag from /home/airflow/.local/lib/python3.8/site-packages/airflow/example_dags/example_nested_branch_dag.py
[2025-12-21T07:04:25.560+0000] {processor.py:840} INFO - DAG(s) 'example_nested_branch_dag' retrieved from /home/airflow/.local/lib/python3.8/site-packages/airflow/example_dags/example_nested_branch_dag.py
[2025-12-21T07:04:25.596+0000] {logging_mixin.py:188} INFO - [2025-12-21T07:04:25.595+0000] {dag.py:3047} INFO - Sync 1 DAGs
[2025-12-21T07:04:25.633+0000] {logging_mixin.py:188} INFO - [2025-12-21T07:04:25.632+0000] {dag.py:3834} INFO - Setting next_dagrun for example_nested_branch_dag to 2025-12-20 00:00:00+00:00, run_after=2025-12-21 00:00:00+00:00
[2025-12-21T07:04:25.685+0000] {processor.py:183} INFO - Processing /home/airflow/.local/lib/python3.8/site-packages/airflow/example_dags/example_nested_branch_dag.py took 0.163 seconds
[2025-12-21T07:04:55.762+0000] {processor.py:161} INFO - Started process (PID=718) to work on /home/airflow/.local/lib/python3.8/site-packages/airflow/example_dags/example_nested_branch_dag.py
[2025-12-21T07:04:55.764+0000] {processor.py:830} INFO - Processing file /home/airflow/.local/lib/python3.8/site-packages/airflow/example_dags/example_nested_branch_dag.py for tasks to queue
[2025-12-21T07:04:55.766+0000] {logging_mixin.py:188} INFO - [2025-12-21T07:04:55.766+0000] {dagbag.py:540} INFO - Filling up the DagBag from /home/airflow/.local/lib/python3.8/site-packages/airflow/example_dags/example_nested_branch_dag.py
[2025-12-21T07:04:55.777+0000] {processor.py:840} INFO - DAG(s) 'example_nested_branch_dag' retrieved from /home/airflow/.local/lib/python3.8/site-packages/airflow/example_dags/example_nested_branch_dag.py
[2025-12-21T07:04:55.803+0000] {logging_mixin.py:188} INFO - [2025-12-21T07:04:55.802+0000] {dag.py:3047} INFO - Sync 1 DAGs
[2025-12-21T07:04:55.824+0000] {logging_mixin.py:188} INFO - [2025-12-21T07:04:55.824+0000] {dag.py:3834} INFO - Setting next_dagrun for example_nested_branch_dag to 2025-12-20 00:00:00+00:00, run_after=2025-12-21 00:00:00+00:00
[2025-12-21T07:04:55.847+0000] {processor.py:183} INFO - Processing /home/airflow/.local/lib/python3.8/site-packages/airflow/example_dags/example_nested_branch_dag.py took 0.089 seconds
[2025-12-21T07:05:26.323+0000] {processor.py:161} INFO - Started process (PID=774) to work on /home/airflow/.local/lib/python3.8/site-packages/airflow/example_dags/example_nested_branch_dag.py
[2025-12-21T07:05:26.325+0000] {processor.py:830} INFO - Processing file /home/airflow/.local/lib/python3.8/site-packages/airflow/example_dags/example_nested_branch_dag.py for tasks to queue
[2025-12-21T07:05:26.327+0000] {logging_mixin.py:188} INFO - [2025-12-21T07:05:26.327+0000] {dagbag.py:540} INFO - Filling up the DagBag from /home/airflow/.local/lib/python3.8/site-packages/airflow/example_dags/example_nested_branch_dag.py
[2025-12-21T07:05:26.340+0000] {processor.py:840} INFO - DAG(s) 'example_nested_branch_dag' retrieved from /home/airflow/.local/lib/python3.8/site-packages/airflow/example_dags/example_nested_branch_dag.py
[2025-12-21T07:05:26.367+0000] {logging_mixin.py:188} INFO - [2025-12-21T07:05:26.367+0000] {dag.py:3047} INFO - Sync 1 DAGs
[2025-12-21T07:05:26.398+0000] {logging_mixin.py:188} INFO - [2025-12-21T07:05:26.398+0000] {dag.py:3834} INFO - Setting next_dagrun for example_nested_branch_dag to 2025-12-20 00:00:00+00:00, run_after=2025-12-21 00:00:00+00:00
[2025-12-21T07:05:26.423+0000] {processor.py:183} INFO - Processing /home/airflow/.local/lib/python3.8/site-packages/airflow/example_dags/example_nested_branch_dag.py took 0.105 seconds
[2025-12-21T07:05:56.592+0000] {processor.py:161} INFO - Started process (PID=830) to work on /home/airflow/.local/lib/python3.8/site-packages/airflow/example_dags/example_nested_branch_dag.py
[2025-12-21T07:05:56.594+0000] {processor.py:830} INFO - Processing file /home/airflow/.local/lib/python3.8/site-packages/airflow/example_dags/example_nested_branch_dag.py for tasks to queue
[2025-12-21T07:05:56.597+0000] {logging_mixin.py:188} INFO - [2025-12-21T07:05:56.596+0000] {dagbag.py:540} INFO - Filling up the DagBag from /home/airflow/.local/lib/python3.8/site-packages/airflow/example_dags/example_nested_branch_dag.py
[2025-12-21T07:05:56.607+0000] {processor.py:840} INFO - DAG(s) 'example_nested_branch_dag' retrieved from /home/airflow/.local/lib/python3.8/site-packages/airflow/example_dags/example_nested_branch_dag.py
[2025-12-21T07:05:56.632+0000] {logging_mixin.py:188} INFO - [2025-12-21T07:05:56.631+0000] {dag.py:3047} INFO - Sync 1 DAGs
[2025-12-21T07:05:56.659+0000] {logging_mixin.py:188} INFO - [2025-12-21T07:05:56.659+0000] {dag.py:3834} INFO - Setting next_dagrun for example_nested_branch_dag to 2025-12-20 00:00:00+00:00, run_after=2025-12-21 00:00:00+00:00
[2025-12-21T07:05:56.694+0000] {processor.py:183} INFO - Processing /home/airflow/.local/lib/python3.8/site-packages/airflow/example_dags/example_nested_branch_dag.py took 0.105 seconds
[2025-12-21T07:06:26.923+0000] {processor.py:161} INFO - Started process (PID=886) to work on /home/airflow/.local/lib/python3.8/site-packages/airflow/example_dags/example_nested_branch_dag.py
[2025-12-21T07:06:26.925+0000] {processor.py:830} INFO - Processing file /home/airflow/.local/lib/python3.8/site-packages/airflow/example_dags/example_nested_branch_dag.py for tasks to queue
[2025-12-21T07:06:26.928+0000] {logging_mixin.py:188} INFO - [2025-12-21T07:06:26.927+0000] {dagbag.py:540} INFO - Filling up the DagBag from /home/airflow/.local/lib/python3.8/site-packages/airflow/example_dags/example_nested_branch_dag.py
[2025-12-21T07:06:26.939+0000] {processor.py:840} INFO - DAG(s) 'example_nested_branch_dag' retrieved from /home/airflow/.local/lib/python3.8/site-packages/airflow/example_dags/example_nested_branch_dag.py
[2025-12-21T07:06:26.964+0000] {logging_mixin.py:188} INFO - [2025-12-21T07:06:26.964+0000] {dag.py:3047} INFO - Sync 1 DAGs
[2025-12-21T07:06:26.988+0000] {logging_mixin.py:188} INFO - [2025-12-21T07:06:26.987+0000] {dag.py:3834} INFO - Setting next_dagrun for example_nested_branch_dag to 2025-12-20 00:00:00+00:00, run_after=2025-12-21 00:00:00+00:00
[2025-12-21T07:06:27.010+0000] {processor.py:183} INFO - Processing /home/airflow/.local/lib/python3.8/site-packages/airflow/example_dags/example_nested_branch_dag.py took 0.090 seconds
[2025-12-21T07:06:57.261+0000] {processor.py:161} INFO - Started process (PID=942) to work on /home/airflow/.local/lib/python3.8/site-packages/airflow/example_dags/example_nested_branch_dag.py
[2025-12-21T07:06:57.262+0000] {processor.py:830} INFO - Processing file /home/airflow/.local/lib/python3.8/site-packages/airflow/example_dags/example_nested_branch_dag.py for tasks to queue
[2025-12-21T07:06:57.264+0000] {logging_mixin.py:188} INFO - [2025-12-21T07:06:57.264+0000] {dagbag.py:540} INFO - Filling up the DagBag from /home/airflow/.local/lib/python3.8/site-packages/airflow/example_dags/example_nested_branch_dag.py
[2025-12-21T07:06:57.274+0000] {processor.py:840} INFO - DAG(s) 'example_nested_branch_dag' retrieved from /home/airflow/.local/lib/python3.8/site-packages/airflow/example_dags/example_nested_branch_dag.py
[2025-12-21T07:06:57.298+0000] {logging_mixin.py:188} INFO - [2025-12-21T07:06:57.297+0000] {dag.py:3047} INFO - Sync 1 DAGs
[2025-12-21T07:06:57.324+0000] {logging_mixin.py:188} INFO - [2025-12-21T07:06:57.323+0000] {dag.py:3834} INFO - Setting next_dagrun for example_nested_branch_dag to 2025-12-20 00:00:00+00:00, run_after=2025-12-21 00:00:00+00:00
[2025-12-21T07:06:57.347+0000] {processor.py:183} INFO - Processing /home/airflow/.local/lib/python3.8/site-packages/airflow/example_dags/example_nested_branch_dag.py took 0.089 seconds
[2025-12-21T07:07:27.860+0000] {processor.py:161} INFO - Started process (PID=998) to work on /home/airflow/.local/lib/python3.8/site-packages/airflow/example_dags/example_nested_branch_dag.py
[2025-12-21T07:07:27.862+0000] {processor.py:830} INFO - Processing file /home/airflow/.local/lib/python3.8/site-packages/airflow/example_dags/example_nested_branch_dag.py for tasks to queue
[2025-12-21T07:07:27.864+0000] {logging_mixin.py:188} INFO - [2025-12-21T07:07:27.864+0000] {dagbag.py:540} INFO - Filling up the DagBag from /home/airflow/.local/lib/python3.8/site-packages/airflow/example_dags/example_nested_branch_dag.py
[2025-12-21T07:07:27.874+0000] {processor.py:840} INFO - DAG(s) 'example_nested_branch_dag' retrieved from /home/airflow/.local/lib/python3.8/site-packages/airflow/example_dags/example_nested_branch_dag.py
[2025-12-21T07:07:27.898+0000] {logging_mixin.py:188} INFO - [2025-12-21T07:07:27.898+0000] {dag.py:3047} INFO - Sync 1 DAGs
[2025-12-21T07:07:27.920+0000] {logging_mixin.py:188} INFO - [2025-12-21T07:07:27.920+0000] {dag.py:3834} INFO - Setting next_dagrun for example_nested_branch_dag to 2025-12-20 00:00:00+00:00, run_after=2025-12-21 00:00:00+00:00
[2025-12-21T07:07:27.940+0000] {processor.py:183} INFO - Processing /home/airflow/.local/lib/python3.8/site-packages/airflow/example_dags/example_nested_branch_dag.py took 0.083 seconds
[2025-12-21T07:07:58.480+0000] {processor.py:161} INFO - Started process (PID=1054) to work on /home/airflow/.local/lib/python3.8/site-packages/airflow/example_dags/example_nested_branch_dag.py
[2025-12-21T07:07:58.482+0000] {processor.py:830} INFO - Processing file /home/airflow/.local/lib/python3.8/site-packages/airflow/example_dags/example_nested_branch_dag.py for tasks to queue
[2025-12-21T07:07:58.485+0000] {logging_mixin.py:188} INFO - [2025-12-21T07:07:58.484+0000] {dagbag.py:540} INFO - Filling up the DagBag from /home/airflow/.local/lib/python3.8/site-packages/airflow/example_dags/example_nested_branch_dag.py
[2025-12-21T07:07:58.500+0000] {processor.py:840} INFO - DAG(s) 'example_nested_branch_dag' retrieved from /home/airflow/.local/lib/python3.8/site-packages/airflow/example_dags/example_nested_branch_dag.py
[2025-12-21T07:07:58.524+0000] {logging_mixin.py:188} INFO - [2025-12-21T07:07:58.524+0000] {dag.py:3047} INFO - Sync 1 DAGs
[2025-12-21T07:07:58.551+0000] {logging_mixin.py:188} INFO - [2025-12-21T07:07:58.551+0000] {dag.py:3834} INFO - Setting next_dagrun for example_nested_branch_dag to 2025-12-20 00:00:00+00:00, run_after=2025-12-21 00:00:00+00:00
[2025-12-21T07:07:58.574+0000] {processor.py:183} INFO - Processing /home/airflow/.local/lib/python3.8/site-packages/airflow/example_dags/example_nested_branch_dag.py took 0.098 seconds
[2025-12-21T07:08:28.725+0000] {processor.py:161} INFO - Started process (PID=1110) to work on /home/airflow/.local/lib/python3.8/site-packages/airflow/example_dags/example_nested_branch_dag.py
[2025-12-21T07:08:28.727+0000] {processor.py:830} INFO - Processing file /home/airflow/.local/lib/python3.8/site-packages/airflow/example_dags/example_nested_branch_dag.py for tasks to queue
[2025-12-21T07:08:28.729+0000] {logging_mixin.py:188} INFO - [2025-12-21T07:08:28.729+0000] {dagbag.py:540} INFO - Filling up the DagBag from /home/airflow/.local/lib/python3.8/site-packages/airflow/example_dags/example_nested_branch_dag.py
[2025-12-21T07:08:28.741+0000] {processor.py:840} INFO - DAG(s) 'example_nested_branch_dag' retrieved from /home/airflow/.local/lib/python3.8/site-packages/airflow/example_dags/example_nested_branch_dag.py
[2025-12-21T07:08:28.767+0000] {logging_mixin.py:188} INFO - [2025-12-21T07:08:28.767+0000] {dag.py:3047} INFO - Sync 1 DAGs
[2025-12-21T07:08:28.798+0000] {logging_mixin.py:188} INFO - [2025-12-21T07:08:28.797+0000] {dag.py:3834} INFO - Setting next_dagrun for example_nested_branch_dag to 2025-12-20 00:00:00+00:00, run_after=2025-12-21 00:00:00+00:00
[2025-12-21T07:08:28.830+0000] {processor.py:183} INFO - Processing /home/airflow/.local/lib/python3.8/site-packages/airflow/example_dags/example_nested_branch_dag.py took 0.109 seconds
[2025-12-21T07:11:41.409+0000] {processor.py:161} INFO - Started process (PID=52) to work on /home/airflow/.local/lib/python3.8/site-packages/airflow/example_dags/example_nested_branch_dag.py
[2025-12-21T07:11:41.410+0000] {processor.py:830} INFO - Processing file /home/airflow/.local/lib/python3.8/site-packages/airflow/example_dags/example_nested_branch_dag.py for tasks to queue
[2025-12-21T07:11:41.413+0000] {logging_mixin.py:188} INFO - [2025-12-21T07:11:41.412+0000] {dagbag.py:540} INFO - Filling up the DagBag from /home/airflow/.local/lib/python3.8/site-packages/airflow/example_dags/example_nested_branch_dag.py
[2025-12-21T07:11:41.429+0000] {processor.py:840} INFO - DAG(s) 'example_nested_branch_dag' retrieved from /home/airflow/.local/lib/python3.8/site-packages/airflow/example_dags/example_nested_branch_dag.py
[2025-12-21T07:11:41.445+0000] {logging_mixin.py:188} INFO - [2025-12-21T07:11:41.445+0000] {dag.py:3047} INFO - Sync 1 DAGs
[2025-12-21T07:11:41.475+0000] {logging_mixin.py:188} INFO - [2025-12-21T07:11:41.474+0000] {dag.py:3834} INFO - Setting next_dagrun for example_nested_branch_dag to 2025-12-20 00:00:00+00:00, run_after=2025-12-21 00:00:00+00:00
[2025-12-21T07:11:41.503+0000] {processor.py:183} INFO - Processing /home/airflow/.local/lib/python3.8/site-packages/airflow/example_dags/example_nested_branch_dag.py took 0.099 seconds
[2025-12-21T07:12:12.326+0000] {processor.py:161} INFO - Started process (PID=107) to work on /home/airflow/.local/lib/python3.8/site-packages/airflow/example_dags/example_nested_branch_dag.py
[2025-12-21T07:12:12.328+0000] {processor.py:830} INFO - Processing file /home/airflow/.local/lib/python3.8/site-packages/airflow/example_dags/example_nested_branch_dag.py for tasks to queue
[2025-12-21T07:12:12.330+0000] {logging_mixin.py:188} INFO - [2025-12-21T07:12:12.330+0000] {dagbag.py:540} INFO - Filling up the DagBag from /home/airflow/.local/lib/python3.8/site-packages/airflow/example_dags/example_nested_branch_dag.py
[2025-12-21T07:12:12.344+0000] {processor.py:840} INFO - DAG(s) 'example_nested_branch_dag' retrieved from /home/airflow/.local/lib/python3.8/site-packages/airflow/example_dags/example_nested_branch_dag.py
[2025-12-21T07:12:12.449+0000] {logging_mixin.py:188} INFO - [2025-12-21T07:12:12.449+0000] {dag.py:3047} INFO - Sync 1 DAGs
[2025-12-21T07:12:12.474+0000] {logging_mixin.py:188} INFO - [2025-12-21T07:12:12.474+0000] {dag.py:3834} INFO - Setting next_dagrun for example_nested_branch_dag to 2025-12-20 00:00:00+00:00, run_after=2025-12-21 00:00:00+00:00
[2025-12-21T07:12:12.503+0000] {processor.py:183} INFO - Processing /home/airflow/.local/lib/python3.8/site-packages/airflow/example_dags/example_nested_branch_dag.py took 0.180 seconds
[2025-12-21T07:12:42.719+0000] {processor.py:161} INFO - Started process (PID=163) to work on /home/airflow/.local/lib/python3.8/site-packages/airflow/example_dags/example_nested_branch_dag.py
[2025-12-21T07:12:42.721+0000] {processor.py:830} INFO - Processing file /home/airflow/.local/lib/python3.8/site-packages/airflow/example_dags/example_nested_branch_dag.py for tasks to queue
[2025-12-21T07:12:42.723+0000] {logging_mixin.py:188} INFO - [2025-12-21T07:12:42.723+0000] {dagbag.py:540} INFO - Filling up the DagBag from /home/airflow/.local/lib/python3.8/site-packages/airflow/example_dags/example_nested_branch_dag.py
[2025-12-21T07:12:42.733+0000] {processor.py:840} INFO - DAG(s) 'example_nested_branch_dag' retrieved from /home/airflow/.local/lib/python3.8/site-packages/airflow/example_dags/example_nested_branch_dag.py
[2025-12-21T07:12:42.759+0000] {logging_mixin.py:188} INFO - [2025-12-21T07:12:42.759+0000] {dag.py:3047} INFO - Sync 1 DAGs
[2025-12-21T07:12:42.784+0000] {logging_mixin.py:188} INFO - [2025-12-21T07:12:42.784+0000] {dag.py:3834} INFO - Setting next_dagrun for example_nested_branch_dag to 2025-12-20 00:00:00+00:00, run_after=2025-12-21 00:00:00+00:00
[2025-12-21T07:12:42.808+0000] {processor.py:183} INFO - Processing /home/airflow/.local/lib/python3.8/site-packages/airflow/example_dags/example_nested_branch_dag.py took 0.093 seconds
[2025-12-21T07:13:13.565+0000] {processor.py:161} INFO - Started process (PID=219) to work on /home/airflow/.local/lib/python3.8/site-packages/airflow/example_dags/example_nested_branch_dag.py
[2025-12-21T07:13:13.567+0000] {processor.py:830} INFO - Processing file /home/airflow/.local/lib/python3.8/site-packages/airflow/example_dags/example_nested_branch_dag.py for tasks to queue
[2025-12-21T07:13:13.569+0000] {logging_mixin.py:188} INFO - [2025-12-21T07:13:13.569+0000] {dagbag.py:540} INFO - Filling up the DagBag from /home/airflow/.local/lib/python3.8/site-packages/airflow/example_dags/example_nested_branch_dag.py
[2025-12-21T07:13:13.579+0000] {processor.py:840} INFO - DAG(s) 'example_nested_branch_dag' retrieved from /home/airflow/.local/lib/python3.8/site-packages/airflow/example_dags/example_nested_branch_dag.py
[2025-12-21T07:13:13.604+0000] {logging_mixin.py:188} INFO - [2025-12-21T07:13:13.604+0000] {dag.py:3047} INFO - Sync 1 DAGs
[2025-12-21T07:13:13.627+0000] {logging_mixin.py:188} INFO - [2025-12-21T07:13:13.626+0000] {dag.py:3834} INFO - Setting next_dagrun for example_nested_branch_dag to 2025-12-20 00:00:00+00:00, run_after=2025-12-21 00:00:00+00:00
[2025-12-21T07:13:13.648+0000] {processor.py:183} INFO - Processing /home/airflow/.local/lib/python3.8/site-packages/airflow/example_dags/example_nested_branch_dag.py took 0.085 seconds
[2025-12-21T07:13:44.432+0000] {processor.py:161} INFO - Started process (PID=281) to work on /home/airflow/.local/lib/python3.8/site-packages/airflow/example_dags/example_nested_branch_dag.py
[2025-12-21T07:13:44.434+0000] {processor.py:830} INFO - Processing file /home/airflow/.local/lib/python3.8/site-packages/airflow/example_dags/example_nested_branch_dag.py for tasks to queue
[2025-12-21T07:13:44.436+0000] {logging_mixin.py:188} INFO - [2025-12-21T07:13:44.436+0000] {dagbag.py:540} INFO - Filling up the DagBag from /home/airflow/.local/lib/python3.8/site-packages/airflow/example_dags/example_nested_branch_dag.py
[2025-12-21T07:13:44.446+0000] {processor.py:840} INFO - DAG(s) 'example_nested_branch_dag' retrieved from /home/airflow/.local/lib/python3.8/site-packages/airflow/example_dags/example_nested_branch_dag.py
[2025-12-21T07:13:44.468+0000] {logging_mixin.py:188} INFO - [2025-12-21T07:13:44.467+0000] {dag.py:3047} INFO - Sync 1 DAGs
[2025-12-21T07:13:44.490+0000] {logging_mixin.py:188} INFO - [2025-12-21T07:13:44.489+0000] {dag.py:3834} INFO - Setting next_dagrun for example_nested_branch_dag to 2025-12-20 00:00:00+00:00, run_after=2025-12-21 00:00:00+00:00
[2025-12-21T07:13:44.512+0000] {processor.py:183} INFO - Processing /home/airflow/.local/lib/python3.8/site-packages/airflow/example_dags/example_nested_branch_dag.py took 0.083 seconds
[2025-12-21T07:14:15.278+0000] {processor.py:161} INFO - Started process (PID=337) to work on /home/airflow/.local/lib/python3.8/site-packages/airflow/example_dags/example_nested_branch_dag.py
[2025-12-21T07:14:15.280+0000] {processor.py:830} INFO - Processing file /home/airflow/.local/lib/python3.8/site-packages/airflow/example_dags/example_nested_branch_dag.py for tasks to queue
[2025-12-21T07:14:15.282+0000] {logging_mixin.py:188} INFO - [2025-12-21T07:14:15.282+0000] {dagbag.py:540} INFO - Filling up the DagBag from /home/airflow/.local/lib/python3.8/site-packages/airflow/example_dags/example_nested_branch_dag.py
[2025-12-21T07:14:15.292+0000] {processor.py:840} INFO - DAG(s) 'example_nested_branch_dag' retrieved from /home/airflow/.local/lib/python3.8/site-packages/airflow/example_dags/example_nested_branch_dag.py
[2025-12-21T07:14:15.315+0000] {logging_mixin.py:188} INFO - [2025-12-21T07:14:15.315+0000] {dag.py:3047} INFO - Sync 1 DAGs
[2025-12-21T07:14:15.337+0000] {logging_mixin.py:188} INFO - [2025-12-21T07:14:15.337+0000] {dag.py:3834} INFO - Setting next_dagrun for example_nested_branch_dag to 2025-12-20 00:00:00+00:00, run_after=2025-12-21 00:00:00+00:00
[2025-12-21T07:14:15.355+0000] {processor.py:183} INFO - Processing /home/airflow/.local/lib/python3.8/site-packages/airflow/example_dags/example_nested_branch_dag.py took 0.081 seconds
[2025-12-21T07:14:45.822+0000] {processor.py:161} INFO - Started process (PID=393) to work on /home/airflow/.local/lib/python3.8/site-packages/airflow/example_dags/example_nested_branch_dag.py
[2025-12-21T07:14:45.824+0000] {processor.py:830} INFO - Processing file /home/airflow/.local/lib/python3.8/site-packages/airflow/example_dags/example_nested_branch_dag.py for tasks to queue
[2025-12-21T07:14:45.827+0000] {logging_mixin.py:188} INFO - [2025-12-21T07:14:45.827+0000] {dagbag.py:540} INFO - Filling up the DagBag from /home/airflow/.local/lib/python3.8/site-packages/airflow/example_dags/example_nested_branch_dag.py
[2025-12-21T07:14:45.843+0000] {processor.py:840} INFO - DAG(s) 'example_nested_branch_dag' retrieved from /home/airflow/.local/lib/python3.8/site-packages/airflow/example_dags/example_nested_branch_dag.py
[2025-12-21T07:14:45.880+0000] {logging_mixin.py:188} INFO - [2025-12-21T07:14:45.879+0000] {dag.py:3047} INFO - Sync 1 DAGs
[2025-12-21T07:14:45.914+0000] {logging_mixin.py:188} INFO - [2025-12-21T07:14:45.913+0000] {dag.py:3834} INFO - Setting next_dagrun for example_nested_branch_dag to 2025-12-20 00:00:00+00:00, run_after=2025-12-21 00:00:00+00:00
[2025-12-21T07:14:45.953+0000] {processor.py:183} INFO - Processing /home/airflow/.local/lib/python3.8/site-packages/airflow/example_dags/example_nested_branch_dag.py took 0.135 seconds
[2025-12-21T07:15:16.116+0000] {processor.py:161} INFO - Started process (PID=449) to work on /home/airflow/.local/lib/python3.8/site-packages/airflow/example_dags/example_nested_branch_dag.py
[2025-12-21T07:15:16.117+0000] {processor.py:830} INFO - Processing file /home/airflow/.local/lib/python3.8/site-packages/airflow/example_dags/example_nested_branch_dag.py for tasks to queue
[2025-12-21T07:15:16.120+0000] {logging_mixin.py:188} INFO - [2025-12-21T07:15:16.120+0000] {dagbag.py:540} INFO - Filling up the DagBag from /home/airflow/.local/lib/python3.8/site-packages/airflow/example_dags/example_nested_branch_dag.py
[2025-12-21T07:15:16.132+0000] {processor.py:840} INFO - DAG(s) 'example_nested_branch_dag' retrieved from /home/airflow/.local/lib/python3.8/site-packages/airflow/example_dags/example_nested_branch_dag.py
[2025-12-21T07:15:16.159+0000] {logging_mixin.py:188} INFO - [2025-12-21T07:15:16.159+0000] {dag.py:3047} INFO - Sync 1 DAGs
[2025-12-21T07:15:16.190+0000] {logging_mixin.py:188} INFO - [2025-12-21T07:15:16.190+0000] {dag.py:3834} INFO - Setting next_dagrun for example_nested_branch_dag to 2025-12-20 00:00:00+00:00, run_after=2025-12-21 00:00:00+00:00
[2025-12-21T07:15:16.213+0000] {processor.py:183} INFO - Processing /home/airflow/.local/lib/python3.8/site-packages/airflow/example_dags/example_nested_branch_dag.py took 0.102 seconds
[2025-12-21T07:15:46.515+0000] {processor.py:161} INFO - Started process (PID=505) to work on /home/airflow/.local/lib/python3.8/site-packages/airflow/example_dags/example_nested_branch_dag.py
[2025-12-21T07:15:46.517+0000] {processor.py:830} INFO - Processing file /home/airflow/.local/lib/python3.8/site-packages/airflow/example_dags/example_nested_branch_dag.py for tasks to queue
[2025-12-21T07:15:46.519+0000] {logging_mixin.py:188} INFO - [2025-12-21T07:15:46.519+0000] {dagbag.py:540} INFO - Filling up the DagBag from /home/airflow/.local/lib/python3.8/site-packages/airflow/example_dags/example_nested_branch_dag.py
[2025-12-21T07:15:46.529+0000] {processor.py:840} INFO - DAG(s) 'example_nested_branch_dag' retrieved from /home/airflow/.local/lib/python3.8/site-packages/airflow/example_dags/example_nested_branch_dag.py
[2025-12-21T07:15:46.554+0000] {logging_mixin.py:188} INFO - [2025-12-21T07:15:46.554+0000] {dag.py:3047} INFO - Sync 1 DAGs
[2025-12-21T07:15:46.577+0000] {logging_mixin.py:188} INFO - [2025-12-21T07:15:46.577+0000] {dag.py:3834} INFO - Setting next_dagrun for example_nested_branch_dag to 2025-12-20 00:00:00+00:00, run_after=2025-12-21 00:00:00+00:00
[2025-12-21T07:15:46.597+0000] {processor.py:183} INFO - Processing /home/airflow/.local/lib/python3.8/site-packages/airflow/example_dags/example_nested_branch_dag.py took 0.086 seconds
[2025-12-21T07:16:17.147+0000] {processor.py:161} INFO - Started process (PID=561) to work on /home/airflow/.local/lib/python3.8/site-packages/airflow/example_dags/example_nested_branch_dag.py
[2025-12-21T07:16:17.149+0000] {processor.py:830} INFO - Processing file /home/airflow/.local/lib/python3.8/site-packages/airflow/example_dags/example_nested_branch_dag.py for tasks to queue
[2025-12-21T07:16:17.151+0000] {logging_mixin.py:188} INFO - [2025-12-21T07:16:17.150+0000] {dagbag.py:540} INFO - Filling up the DagBag from /home/airflow/.local/lib/python3.8/site-packages/airflow/example_dags/example_nested_branch_dag.py
[2025-12-21T07:16:17.161+0000] {processor.py:840} INFO - DAG(s) 'example_nested_branch_dag' retrieved from /home/airflow/.local/lib/python3.8/site-packages/airflow/example_dags/example_nested_branch_dag.py
[2025-12-21T07:16:17.186+0000] {logging_mixin.py:188} INFO - [2025-12-21T07:16:17.185+0000] {dag.py:3047} INFO - Sync 1 DAGs
[2025-12-21T07:16:17.212+0000] {logging_mixin.py:188} INFO - [2025-12-21T07:16:17.212+0000] {dag.py:3834} INFO - Setting next_dagrun for example_nested_branch_dag to 2025-12-20 00:00:00+00:00, run_after=2025-12-21 00:00:00+00:00
[2025-12-21T07:16:17.234+0000] {processor.py:183} INFO - Processing /home/airflow/.local/lib/python3.8/site-packages/airflow/example_dags/example_nested_branch_dag.py took 0.091 seconds
[2025-12-21T07:16:47.405+0000] {processor.py:161} INFO - Started process (PID=617) to work on /home/airflow/.local/lib/python3.8/site-packages/airflow/example_dags/example_nested_branch_dag.py
[2025-12-21T07:16:47.407+0000] {processor.py:830} INFO - Processing file /home/airflow/.local/lib/python3.8/site-packages/airflow/example_dags/example_nested_branch_dag.py for tasks to queue
[2025-12-21T07:16:47.409+0000] {logging_mixin.py:188} INFO - [2025-12-21T07:16:47.408+0000] {dagbag.py:540} INFO - Filling up the DagBag from /home/airflow/.local/lib/python3.8/site-packages/airflow/example_dags/example_nested_branch_dag.py
[2025-12-21T07:16:47.419+0000] {processor.py:840} INFO - DAG(s) 'example_nested_branch_dag' retrieved from /home/airflow/.local/lib/python3.8/site-packages/airflow/example_dags/example_nested_branch_dag.py
[2025-12-21T07:16:47.442+0000] {logging_mixin.py:188} INFO - [2025-12-21T07:16:47.442+0000] {dag.py:3047} INFO - Sync 1 DAGs
[2025-12-21T07:16:47.466+0000] {logging_mixin.py:188} INFO - [2025-12-21T07:16:47.466+0000] {dag.py:3834} INFO - Setting next_dagrun for example_nested_branch_dag to 2025-12-20 00:00:00+00:00, run_after=2025-12-21 00:00:00+00:00
[2025-12-21T07:16:47.488+0000] {processor.py:183} INFO - Processing /home/airflow/.local/lib/python3.8/site-packages/airflow/example_dags/example_nested_branch_dag.py took 0.087 seconds
[2025-12-21T07:17:17.547+0000] {processor.py:161} INFO - Started process (PID=673) to work on /home/airflow/.local/lib/python3.8/site-packages/airflow/example_dags/example_nested_branch_dag.py
[2025-12-21T07:17:17.548+0000] {processor.py:830} INFO - Processing file /home/airflow/.local/lib/python3.8/site-packages/airflow/example_dags/example_nested_branch_dag.py for tasks to queue
[2025-12-21T07:17:17.551+0000] {logging_mixin.py:188} INFO - [2025-12-21T07:17:17.550+0000] {dagbag.py:540} INFO - Filling up the DagBag from /home/airflow/.local/lib/python3.8/site-packages/airflow/example_dags/example_nested_branch_dag.py
[2025-12-21T07:17:17.561+0000] {processor.py:840} INFO - DAG(s) 'example_nested_branch_dag' retrieved from /home/airflow/.local/lib/python3.8/site-packages/airflow/example_dags/example_nested_branch_dag.py
[2025-12-21T07:17:17.584+0000] {logging_mixin.py:188} INFO - [2025-12-21T07:17:17.583+0000] {dag.py:3047} INFO - Sync 1 DAGs
[2025-12-21T07:17:17.608+0000] {logging_mixin.py:188} INFO - [2025-12-21T07:17:17.608+0000] {dag.py:3834} INFO - Setting next_dagrun for example_nested_branch_dag to 2025-12-20 00:00:00+00:00, run_after=2025-12-21 00:00:00+00:00
[2025-12-21T07:17:17.627+0000] {processor.py:183} INFO - Processing /home/airflow/.local/lib/python3.8/site-packages/airflow/example_dags/example_nested_branch_dag.py took 0.084 seconds
[2025-12-21T07:17:47.829+0000] {processor.py:161} INFO - Started process (PID=730) to work on /home/airflow/.local/lib/python3.8/site-packages/airflow/example_dags/example_nested_branch_dag.py
[2025-12-21T07:17:47.830+0000] {processor.py:830} INFO - Processing file /home/airflow/.local/lib/python3.8/site-packages/airflow/example_dags/example_nested_branch_dag.py for tasks to queue
[2025-12-21T07:17:47.832+0000] {logging_mixin.py:188} INFO - [2025-12-21T07:17:47.832+0000] {dagbag.py:540} INFO - Filling up the DagBag from /home/airflow/.local/lib/python3.8/site-packages/airflow/example_dags/example_nested_branch_dag.py
[2025-12-21T07:17:47.843+0000] {processor.py:840} INFO - DAG(s) 'example_nested_branch_dag' retrieved from /home/airflow/.local/lib/python3.8/site-packages/airflow/example_dags/example_nested_branch_dag.py
[2025-12-21T07:17:47.865+0000] {logging_mixin.py:188} INFO - [2025-12-21T07:17:47.865+0000] {dag.py:3047} INFO - Sync 1 DAGs
[2025-12-21T07:17:47.888+0000] {logging_mixin.py:188} INFO - [2025-12-21T07:17:47.887+0000] {dag.py:3834} INFO - Setting next_dagrun for example_nested_branch_dag to 2025-12-20 00:00:00+00:00, run_after=2025-12-21 00:00:00+00:00
[2025-12-21T07:17:47.907+0000] {processor.py:183} INFO - Processing /home/airflow/.local/lib/python3.8/site-packages/airflow/example_dags/example_nested_branch_dag.py took 0.082 seconds
[2025-12-21T07:18:18.639+0000] {processor.py:161} INFO - Started process (PID=786) to work on /home/airflow/.local/lib/python3.8/site-packages/airflow/example_dags/example_nested_branch_dag.py
[2025-12-21T07:18:18.641+0000] {processor.py:830} INFO - Processing file /home/airflow/.local/lib/python3.8/site-packages/airflow/example_dags/example_nested_branch_dag.py for tasks to queue
[2025-12-21T07:18:18.649+0000] {logging_mixin.py:188} INFO - [2025-12-21T07:18:18.649+0000] {dagbag.py:540} INFO - Filling up the DagBag from /home/airflow/.local/lib/python3.8/site-packages/airflow/example_dags/example_nested_branch_dag.py
[2025-12-21T07:18:18.661+0000] {processor.py:840} INFO - DAG(s) 'example_nested_branch_dag' retrieved from /home/airflow/.local/lib/python3.8/site-packages/airflow/example_dags/example_nested_branch_dag.py
[2025-12-21T07:18:18.713+0000] {logging_mixin.py:188} INFO - [2025-12-21T07:18:18.713+0000] {dag.py:3047} INFO - Sync 1 DAGs
[2025-12-21T07:18:18.739+0000] {logging_mixin.py:188} INFO - [2025-12-21T07:18:18.739+0000] {dag.py:3834} INFO - Setting next_dagrun for example_nested_branch_dag to 2025-12-20 00:00:00+00:00, run_after=2025-12-21 00:00:00+00:00
[2025-12-21T07:18:18.785+0000] {processor.py:183} INFO - Processing /home/airflow/.local/lib/python3.8/site-packages/airflow/example_dags/example_nested_branch_dag.py took 0.158 seconds
[2025-12-21T07:18:49.549+0000] {processor.py:161} INFO - Started process (PID=842) to work on /home/airflow/.local/lib/python3.8/site-packages/airflow/example_dags/example_nested_branch_dag.py
[2025-12-21T07:18:49.550+0000] {processor.py:830} INFO - Processing file /home/airflow/.local/lib/python3.8/site-packages/airflow/example_dags/example_nested_branch_dag.py for tasks to queue
[2025-12-21T07:18:49.552+0000] {logging_mixin.py:188} INFO - [2025-12-21T07:18:49.552+0000] {dagbag.py:540} INFO - Filling up the DagBag from /home/airflow/.local/lib/python3.8/site-packages/airflow/example_dags/example_nested_branch_dag.py
[2025-12-21T07:18:49.562+0000] {processor.py:840} INFO - DAG(s) 'example_nested_branch_dag' retrieved from /home/airflow/.local/lib/python3.8/site-packages/airflow/example_dags/example_nested_branch_dag.py
[2025-12-21T07:18:49.584+0000] {logging_mixin.py:188} INFO - [2025-12-21T07:18:49.584+0000] {dag.py:3047} INFO - Sync 1 DAGs
[2025-12-21T07:18:49.605+0000] {logging_mixin.py:188} INFO - [2025-12-21T07:18:49.604+0000] {dag.py:3834} INFO - Setting next_dagrun for example_nested_branch_dag to 2025-12-20 00:00:00+00:00, run_after=2025-12-21 00:00:00+00:00
[2025-12-21T07:18:49.623+0000] {processor.py:183} INFO - Processing /home/airflow/.local/lib/python3.8/site-packages/airflow/example_dags/example_nested_branch_dag.py took 0.077 seconds
[2025-12-21T07:19:20.351+0000] {processor.py:161} INFO - Started process (PID=898) to work on /home/airflow/.local/lib/python3.8/site-packages/airflow/example_dags/example_nested_branch_dag.py
[2025-12-21T07:19:20.353+0000] {processor.py:830} INFO - Processing file /home/airflow/.local/lib/python3.8/site-packages/airflow/example_dags/example_nested_branch_dag.py for tasks to queue
[2025-12-21T07:19:20.355+0000] {logging_mixin.py:188} INFO - [2025-12-21T07:19:20.355+0000] {dagbag.py:540} INFO - Filling up the DagBag from /home/airflow/.local/lib/python3.8/site-packages/airflow/example_dags/example_nested_branch_dag.py
[2025-12-21T07:19:20.366+0000] {processor.py:840} INFO - DAG(s) 'example_nested_branch_dag' retrieved from /home/airflow/.local/lib/python3.8/site-packages/airflow/example_dags/example_nested_branch_dag.py
[2025-12-21T07:19:20.393+0000] {logging_mixin.py:188} INFO - [2025-12-21T07:19:20.392+0000] {dag.py:3047} INFO - Sync 1 DAGs
[2025-12-21T07:19:20.422+0000] {logging_mixin.py:188} INFO - [2025-12-21T07:19:20.421+0000] {dag.py:3834} INFO - Setting next_dagrun for example_nested_branch_dag to 2025-12-20 00:00:00+00:00, run_after=2025-12-21 00:00:00+00:00
[2025-12-21T07:19:20.443+0000] {processor.py:183} INFO - Processing /home/airflow/.local/lib/python3.8/site-packages/airflow/example_dags/example_nested_branch_dag.py took 0.096 seconds
[2025-12-21T07:19:50.827+0000] {processor.py:161} INFO - Started process (PID=954) to work on /home/airflow/.local/lib/python3.8/site-packages/airflow/example_dags/example_nested_branch_dag.py
[2025-12-21T07:19:50.830+0000] {processor.py:830} INFO - Processing file /home/airflow/.local/lib/python3.8/site-packages/airflow/example_dags/example_nested_branch_dag.py for tasks to queue
[2025-12-21T07:19:50.833+0000] {logging_mixin.py:188} INFO - [2025-12-21T07:19:50.832+0000] {dagbag.py:540} INFO - Filling up the DagBag from /home/airflow/.local/lib/python3.8/site-packages/airflow/example_dags/example_nested_branch_dag.py
[2025-12-21T07:19:50.845+0000] {processor.py:840} INFO - DAG(s) 'example_nested_branch_dag' retrieved from /home/airflow/.local/lib/python3.8/site-packages/airflow/example_dags/example_nested_branch_dag.py
[2025-12-21T07:19:50.873+0000] {logging_mixin.py:188} INFO - [2025-12-21T07:19:50.872+0000] {dag.py:3047} INFO - Sync 1 DAGs
[2025-12-21T07:19:50.897+0000] {logging_mixin.py:188} INFO - [2025-12-21T07:19:50.896+0000] {dag.py:3834} INFO - Setting next_dagrun for example_nested_branch_dag to 2025-12-20 00:00:00+00:00, run_after=2025-12-21 00:00:00+00:00
[2025-12-21T07:19:50.918+0000] {processor.py:183} INFO - Processing /home/airflow/.local/lib/python3.8/site-packages/airflow/example_dags/example_nested_branch_dag.py took 0.095 seconds
[2025-12-21T07:20:21.380+0000] {processor.py:161} INFO - Started process (PID=1010) to work on /home/airflow/.local/lib/python3.8/site-packages/airflow/example_dags/example_nested_branch_dag.py
[2025-12-21T07:20:21.381+0000] {processor.py:830} INFO - Processing file /home/airflow/.local/lib/python3.8/site-packages/airflow/example_dags/example_nested_branch_dag.py for tasks to queue
[2025-12-21T07:20:21.384+0000] {logging_mixin.py:188} INFO - [2025-12-21T07:20:21.384+0000] {dagbag.py:540} INFO - Filling up the DagBag from /home/airflow/.local/lib/python3.8/site-packages/airflow/example_dags/example_nested_branch_dag.py
[2025-12-21T07:20:21.394+0000] {processor.py:840} INFO - DAG(s) 'example_nested_branch_dag' retrieved from /home/airflow/.local/lib/python3.8/site-packages/airflow/example_dags/example_nested_branch_dag.py
[2025-12-21T07:20:21.419+0000] {logging_mixin.py:188} INFO - [2025-12-21T07:20:21.419+0000] {dag.py:3047} INFO - Sync 1 DAGs
[2025-12-21T07:20:21.443+0000] {logging_mixin.py:188} INFO - [2025-12-21T07:20:21.443+0000] {dag.py:3834} INFO - Setting next_dagrun for example_nested_branch_dag to 2025-12-20 00:00:00+00:00, run_after=2025-12-21 00:00:00+00:00
[2025-12-21T07:20:21.463+0000] {processor.py:183} INFO - Processing /home/airflow/.local/lib/python3.8/site-packages/airflow/example_dags/example_nested_branch_dag.py took 0.088 seconds
[2025-12-21T07:20:38.583+0000] {processor.py:161} INFO - Started process (PID=46) to work on /home/airflow/.local/lib/python3.8/site-packages/airflow/example_dags/example_nested_branch_dag.py
[2025-12-21T07:20:38.584+0000] {processor.py:830} INFO - Processing file /home/airflow/.local/lib/python3.8/site-packages/airflow/example_dags/example_nested_branch_dag.py for tasks to queue
[2025-12-21T07:20:38.586+0000] {logging_mixin.py:188} INFO - [2025-12-21T07:20:38.586+0000] {dagbag.py:540} INFO - Filling up the DagBag from /home/airflow/.local/lib/python3.8/site-packages/airflow/example_dags/example_nested_branch_dag.py
[2025-12-21T07:20:38.601+0000] {processor.py:840} INFO - DAG(s) 'example_nested_branch_dag' retrieved from /home/airflow/.local/lib/python3.8/site-packages/airflow/example_dags/example_nested_branch_dag.py
[2025-12-21T07:20:38.640+0000] {logging_mixin.py:188} INFO - [2025-12-21T07:20:38.640+0000] {dag.py:3047} INFO - Sync 1 DAGs
[2025-12-21T07:20:38.664+0000] {logging_mixin.py:188} INFO - [2025-12-21T07:20:38.664+0000] {dag.py:3834} INFO - Setting next_dagrun for example_nested_branch_dag to 2025-12-20 00:00:00+00:00, run_after=2025-12-21 00:00:00+00:00
[2025-12-21T07:20:38.688+0000] {processor.py:183} INFO - Processing /home/airflow/.local/lib/python3.8/site-packages/airflow/example_dags/example_nested_branch_dag.py took 0.109 seconds
[2025-12-21T07:21:09.225+0000] {processor.py:161} INFO - Started process (PID=102) to work on /home/airflow/.local/lib/python3.8/site-packages/airflow/example_dags/example_nested_branch_dag.py
[2025-12-21T07:21:09.226+0000] {processor.py:830} INFO - Processing file /home/airflow/.local/lib/python3.8/site-packages/airflow/example_dags/example_nested_branch_dag.py for tasks to queue
[2025-12-21T07:21:09.228+0000] {logging_mixin.py:188} INFO - [2025-12-21T07:21:09.228+0000] {dagbag.py:540} INFO - Filling up the DagBag from /home/airflow/.local/lib/python3.8/site-packages/airflow/example_dags/example_nested_branch_dag.py
[2025-12-21T07:21:09.238+0000] {processor.py:840} INFO - DAG(s) 'example_nested_branch_dag' retrieved from /home/airflow/.local/lib/python3.8/site-packages/airflow/example_dags/example_nested_branch_dag.py
[2025-12-21T07:21:09.262+0000] {logging_mixin.py:188} INFO - [2025-12-21T07:21:09.262+0000] {dag.py:3047} INFO - Sync 1 DAGs
[2025-12-21T07:21:09.289+0000] {logging_mixin.py:188} INFO - [2025-12-21T07:21:09.289+0000] {dag.py:3834} INFO - Setting next_dagrun for example_nested_branch_dag to 2025-12-20 00:00:00+00:00, run_after=2025-12-21 00:00:00+00:00
[2025-12-21T07:21:09.313+0000] {processor.py:183} INFO - Processing /home/airflow/.local/lib/python3.8/site-packages/airflow/example_dags/example_nested_branch_dag.py took 0.092 seconds
[2025-12-21T07:22:19.054+0000] {processor.py:161} INFO - Started process (PID=53) to work on /home/airflow/.local/lib/python3.8/site-packages/airflow/example_dags/example_nested_branch_dag.py
[2025-12-21T07:22:19.055+0000] {processor.py:830} INFO - Processing file /home/airflow/.local/lib/python3.8/site-packages/airflow/example_dags/example_nested_branch_dag.py for tasks to queue
[2025-12-21T07:22:19.058+0000] {logging_mixin.py:188} INFO - [2025-12-21T07:22:19.057+0000] {dagbag.py:540} INFO - Filling up the DagBag from /home/airflow/.local/lib/python3.8/site-packages/airflow/example_dags/example_nested_branch_dag.py
[2025-12-21T07:22:19.073+0000] {processor.py:840} INFO - DAG(s) 'example_nested_branch_dag' retrieved from /home/airflow/.local/lib/python3.8/site-packages/airflow/example_dags/example_nested_branch_dag.py
[2025-12-21T07:22:19.100+0000] {logging_mixin.py:188} INFO - [2025-12-21T07:22:19.099+0000] {dag.py:3047} INFO - Sync 1 DAGs
[2025-12-21T07:22:19.133+0000] {logging_mixin.py:188} INFO - [2025-12-21T07:22:19.133+0000] {dag.py:3834} INFO - Setting next_dagrun for example_nested_branch_dag to 2025-12-20 00:00:00+00:00, run_after=2025-12-21 00:00:00+00:00
[2025-12-21T07:22:19.167+0000] {processor.py:183} INFO - Processing /home/airflow/.local/lib/python3.8/site-packages/airflow/example_dags/example_nested_branch_dag.py took 0.117 seconds
[2025-12-21T07:22:50.132+0000] {processor.py:161} INFO - Started process (PID=109) to work on /home/airflow/.local/lib/python3.8/site-packages/airflow/example_dags/example_nested_branch_dag.py
[2025-12-21T07:22:50.133+0000] {processor.py:830} INFO - Processing file /home/airflow/.local/lib/python3.8/site-packages/airflow/example_dags/example_nested_branch_dag.py for tasks to queue
[2025-12-21T07:22:50.136+0000] {logging_mixin.py:188} INFO - [2025-12-21T07:22:50.136+0000] {dagbag.py:540} INFO - Filling up the DagBag from /home/airflow/.local/lib/python3.8/site-packages/airflow/example_dags/example_nested_branch_dag.py
[2025-12-21T07:22:50.148+0000] {processor.py:840} INFO - DAG(s) 'example_nested_branch_dag' retrieved from /home/airflow/.local/lib/python3.8/site-packages/airflow/example_dags/example_nested_branch_dag.py
[2025-12-21T07:22:50.255+0000] {logging_mixin.py:188} INFO - [2025-12-21T07:22:50.255+0000] {dag.py:3047} INFO - Sync 1 DAGs
[2025-12-21T07:22:50.277+0000] {logging_mixin.py:188} INFO - [2025-12-21T07:22:50.277+0000] {dag.py:3834} INFO - Setting next_dagrun for example_nested_branch_dag to 2025-12-20 00:00:00+00:00, run_after=2025-12-21 00:00:00+00:00
[2025-12-21T07:22:50.298+0000] {processor.py:183} INFO - Processing /home/airflow/.local/lib/python3.8/site-packages/airflow/example_dags/example_nested_branch_dag.py took 0.170 seconds
[2025-12-21T07:28:29.391+0000] {processor.py:161} INFO - Started process (PID=54) to work on /home/airflow/.local/lib/python3.8/site-packages/airflow/example_dags/example_nested_branch_dag.py
[2025-12-21T07:28:29.393+0000] {processor.py:830} INFO - Processing file /home/airflow/.local/lib/python3.8/site-packages/airflow/example_dags/example_nested_branch_dag.py for tasks to queue
[2025-12-21T07:28:29.396+0000] {logging_mixin.py:188} INFO - [2025-12-21T07:28:29.396+0000] {dagbag.py:540} INFO - Filling up the DagBag from /home/airflow/.local/lib/python3.8/site-packages/airflow/example_dags/example_nested_branch_dag.py
[2025-12-21T07:28:29.417+0000] {processor.py:840} INFO - DAG(s) 'example_nested_branch_dag' retrieved from /home/airflow/.local/lib/python3.8/site-packages/airflow/example_dags/example_nested_branch_dag.py
[2025-12-21T07:28:29.435+0000] {logging_mixin.py:188} INFO - [2025-12-21T07:28:29.435+0000] {dag.py:3047} INFO - Sync 1 DAGs
[2025-12-21T07:28:29.464+0000] {logging_mixin.py:188} INFO - [2025-12-21T07:28:29.464+0000] {dag.py:3834} INFO - Setting next_dagrun for example_nested_branch_dag to 2025-12-20 00:00:00+00:00, run_after=2025-12-21 00:00:00+00:00
[2025-12-21T07:28:29.487+0000] {processor.py:183} INFO - Processing /home/airflow/.local/lib/python3.8/site-packages/airflow/example_dags/example_nested_branch_dag.py took 0.101 seconds
[2025-12-21T07:28:59.535+0000] {processor.py:161} INFO - Started process (PID=111) to work on /home/airflow/.local/lib/python3.8/site-packages/airflow/example_dags/example_nested_branch_dag.py
[2025-12-21T07:28:59.537+0000] {processor.py:830} INFO - Processing file /home/airflow/.local/lib/python3.8/site-packages/airflow/example_dags/example_nested_branch_dag.py for tasks to queue
[2025-12-21T07:28:59.540+0000] {logging_mixin.py:188} INFO - [2025-12-21T07:28:59.540+0000] {dagbag.py:540} INFO - Filling up the DagBag from /home/airflow/.local/lib/python3.8/site-packages/airflow/example_dags/example_nested_branch_dag.py
[2025-12-21T07:28:59.551+0000] {processor.py:840} INFO - DAG(s) 'example_nested_branch_dag' retrieved from /home/airflow/.local/lib/python3.8/site-packages/airflow/example_dags/example_nested_branch_dag.py
[2025-12-21T07:28:59.675+0000] {logging_mixin.py:188} INFO - [2025-12-21T07:28:59.675+0000] {dag.py:3047} INFO - Sync 1 DAGs
[2025-12-21T07:28:59.702+0000] {logging_mixin.py:188} INFO - [2025-12-21T07:28:59.702+0000] {dag.py:3834} INFO - Setting next_dagrun for example_nested_branch_dag to 2025-12-20 00:00:00+00:00, run_after=2025-12-21 00:00:00+00:00
[2025-12-21T07:28:59.722+0000] {processor.py:183} INFO - Processing /home/airflow/.local/lib/python3.8/site-packages/airflow/example_dags/example_nested_branch_dag.py took 0.190 seconds
[2025-12-21T07:29:30.380+0000] {processor.py:161} INFO - Started process (PID=167) to work on /home/airflow/.local/lib/python3.8/site-packages/airflow/example_dags/example_nested_branch_dag.py
[2025-12-21T07:29:30.381+0000] {processor.py:830} INFO - Processing file /home/airflow/.local/lib/python3.8/site-packages/airflow/example_dags/example_nested_branch_dag.py for tasks to queue
[2025-12-21T07:29:30.384+0000] {logging_mixin.py:188} INFO - [2025-12-21T07:29:30.384+0000] {dagbag.py:540} INFO - Filling up the DagBag from /home/airflow/.local/lib/python3.8/site-packages/airflow/example_dags/example_nested_branch_dag.py
[2025-12-21T07:29:30.397+0000] {processor.py:840} INFO - DAG(s) 'example_nested_branch_dag' retrieved from /home/airflow/.local/lib/python3.8/site-packages/airflow/example_dags/example_nested_branch_dag.py
[2025-12-21T07:29:30.425+0000] {logging_mixin.py:188} INFO - [2025-12-21T07:29:30.425+0000] {dag.py:3047} INFO - Sync 1 DAGs
[2025-12-21T07:29:30.452+0000] {logging_mixin.py:188} INFO - [2025-12-21T07:29:30.452+0000] {dag.py:3834} INFO - Setting next_dagrun for example_nested_branch_dag to 2025-12-20 00:00:00+00:00, run_after=2025-12-21 00:00:00+00:00
[2025-12-21T07:29:30.476+0000] {processor.py:183} INFO - Processing /home/airflow/.local/lib/python3.8/site-packages/airflow/example_dags/example_nested_branch_dag.py took 0.100 seconds
[2025-12-21T07:30:00.775+0000] {processor.py:161} INFO - Started process (PID=223) to work on /home/airflow/.local/lib/python3.8/site-packages/airflow/example_dags/example_nested_branch_dag.py
[2025-12-21T07:30:00.777+0000] {processor.py:830} INFO - Processing file /home/airflow/.local/lib/python3.8/site-packages/airflow/example_dags/example_nested_branch_dag.py for tasks to queue
[2025-12-21T07:30:00.780+0000] {logging_mixin.py:188} INFO - [2025-12-21T07:30:00.779+0000] {dagbag.py:540} INFO - Filling up the DagBag from /home/airflow/.local/lib/python3.8/site-packages/airflow/example_dags/example_nested_branch_dag.py
[2025-12-21T07:30:00.792+0000] {processor.py:840} INFO - DAG(s) 'example_nested_branch_dag' retrieved from /home/airflow/.local/lib/python3.8/site-packages/airflow/example_dags/example_nested_branch_dag.py
[2025-12-21T07:30:00.818+0000] {logging_mixin.py:188} INFO - [2025-12-21T07:30:00.817+0000] {dag.py:3047} INFO - Sync 1 DAGs
[2025-12-21T07:30:00.841+0000] {logging_mixin.py:188} INFO - [2025-12-21T07:30:00.841+0000] {dag.py:3834} INFO - Setting next_dagrun for example_nested_branch_dag to 2025-12-20 00:00:00+00:00, run_after=2025-12-21 00:00:00+00:00
[2025-12-21T07:30:00.863+0000] {processor.py:183} INFO - Processing /home/airflow/.local/lib/python3.8/site-packages/airflow/example_dags/example_nested_branch_dag.py took 0.092 seconds
[2025-12-21T07:30:31.118+0000] {processor.py:161} INFO - Started process (PID=284) to work on /home/airflow/.local/lib/python3.8/site-packages/airflow/example_dags/example_nested_branch_dag.py
[2025-12-21T07:30:31.119+0000] {processor.py:830} INFO - Processing file /home/airflow/.local/lib/python3.8/site-packages/airflow/example_dags/example_nested_branch_dag.py for tasks to queue
[2025-12-21T07:30:31.122+0000] {logging_mixin.py:188} INFO - [2025-12-21T07:30:31.121+0000] {dagbag.py:540} INFO - Filling up the DagBag from /home/airflow/.local/lib/python3.8/site-packages/airflow/example_dags/example_nested_branch_dag.py
[2025-12-21T07:30:31.132+0000] {processor.py:840} INFO - DAG(s) 'example_nested_branch_dag' retrieved from /home/airflow/.local/lib/python3.8/site-packages/airflow/example_dags/example_nested_branch_dag.py
[2025-12-21T07:30:31.156+0000] {logging_mixin.py:188} INFO - [2025-12-21T07:30:31.156+0000] {dag.py:3047} INFO - Sync 1 DAGs
[2025-12-21T07:30:31.180+0000] {logging_mixin.py:188} INFO - [2025-12-21T07:30:31.180+0000] {dag.py:3834} INFO - Setting next_dagrun for example_nested_branch_dag to 2025-12-20 00:00:00+00:00, run_after=2025-12-21 00:00:00+00:00
[2025-12-21T07:30:31.201+0000] {processor.py:183} INFO - Processing /home/airflow/.local/lib/python3.8/site-packages/airflow/example_dags/example_nested_branch_dag.py took 0.087 seconds
[2025-12-21T07:31:01.347+0000] {processor.py:161} INFO - Started process (PID=340) to work on /home/airflow/.local/lib/python3.8/site-packages/airflow/example_dags/example_nested_branch_dag.py
[2025-12-21T07:31:01.348+0000] {processor.py:830} INFO - Processing file /home/airflow/.local/lib/python3.8/site-packages/airflow/example_dags/example_nested_branch_dag.py for tasks to queue
[2025-12-21T07:31:01.350+0000] {logging_mixin.py:188} INFO - [2025-12-21T07:31:01.350+0000] {dagbag.py:540} INFO - Filling up the DagBag from /home/airflow/.local/lib/python3.8/site-packages/airflow/example_dags/example_nested_branch_dag.py
[2025-12-21T07:31:01.360+0000] {processor.py:840} INFO - DAG(s) 'example_nested_branch_dag' retrieved from /home/airflow/.local/lib/python3.8/site-packages/airflow/example_dags/example_nested_branch_dag.py
[2025-12-21T07:31:01.383+0000] {logging_mixin.py:188} INFO - [2025-12-21T07:31:01.383+0000] {dag.py:3047} INFO - Sync 1 DAGs
[2025-12-21T07:31:01.405+0000] {logging_mixin.py:188} INFO - [2025-12-21T07:31:01.404+0000] {dag.py:3834} INFO - Setting next_dagrun for example_nested_branch_dag to 2025-12-20 00:00:00+00:00, run_after=2025-12-21 00:00:00+00:00
[2025-12-21T07:31:01.427+0000] {processor.py:183} INFO - Processing /home/airflow/.local/lib/python3.8/site-packages/airflow/example_dags/example_nested_branch_dag.py took 0.084 seconds
[2025-12-21T07:31:31.721+0000] {processor.py:161} INFO - Started process (PID=396) to work on /home/airflow/.local/lib/python3.8/site-packages/airflow/example_dags/example_nested_branch_dag.py
[2025-12-21T07:31:31.722+0000] {processor.py:830} INFO - Processing file /home/airflow/.local/lib/python3.8/site-packages/airflow/example_dags/example_nested_branch_dag.py for tasks to queue
[2025-12-21T07:31:31.725+0000] {logging_mixin.py:188} INFO - [2025-12-21T07:31:31.725+0000] {dagbag.py:540} INFO - Filling up the DagBag from /home/airflow/.local/lib/python3.8/site-packages/airflow/example_dags/example_nested_branch_dag.py
[2025-12-21T07:31:31.740+0000] {processor.py:840} INFO - DAG(s) 'example_nested_branch_dag' retrieved from /home/airflow/.local/lib/python3.8/site-packages/airflow/example_dags/example_nested_branch_dag.py
[2025-12-21T07:31:31.772+0000] {logging_mixin.py:188} INFO - [2025-12-21T07:31:31.771+0000] {dag.py:3047} INFO - Sync 1 DAGs
[2025-12-21T07:31:31.804+0000] {logging_mixin.py:188} INFO - [2025-12-21T07:31:31.804+0000] {dag.py:3834} INFO - Setting next_dagrun for example_nested_branch_dag to 2025-12-20 00:00:00+00:00, run_after=2025-12-21 00:00:00+00:00
[2025-12-21T07:31:31.835+0000] {processor.py:183} INFO - Processing /home/airflow/.local/lib/python3.8/site-packages/airflow/example_dags/example_nested_branch_dag.py took 0.119 seconds
