[2025-12-21T06:58:35.948+0000] {processor.py:161} INFO - Started process (PID=57) to work on /home/airflow/.local/lib/python3.8/site-packages/airflow/example_dags/example_trigger_target_dag.py
[2025-12-21T06:58:35.951+0000] {processor.py:830} INFO - Processing file /home/airflow/.local/lib/python3.8/site-packages/airflow/example_dags/example_trigger_target_dag.py for tasks to queue
[2025-12-21T06:58:35.956+0000] {logging_mixin.py:188} INFO - [2025-12-21T06:58:35.956+0000] {dagbag.py:540} INFO - Filling up the DagBag from /home/airflow/.local/lib/python3.8/site-packages/airflow/example_dags/example_trigger_target_dag.py
[2025-12-21T06:58:35.971+0000] {processor.py:840} INFO - DAG(s) 'example_trigger_target_dag' retrieved from /home/airflow/.local/lib/python3.8/site-packages/airflow/example_dags/example_trigger_target_dag.py
[2025-12-21T06:58:35.997+0000] {logging_mixin.py:188} INFO - [2025-12-21T06:58:35.996+0000] {dag.py:3047} INFO - Sync 1 DAGs
[2025-12-21T06:58:36.018+0000] {logging_mixin.py:188} INFO - [2025-12-21T06:58:36.018+0000] {dag.py:3834} INFO - Setting next_dagrun for example_trigger_target_dag to None, run_after=None
[2025-12-21T06:58:36.053+0000] {processor.py:183} INFO - Processing /home/airflow/.local/lib/python3.8/site-packages/airflow/example_dags/example_trigger_target_dag.py took 0.112 seconds
[2025-12-21T06:58:51.573+0000] {processor.py:161} INFO - Started process (PID=53) to work on /home/airflow/.local/lib/python3.8/site-packages/airflow/example_dags/example_trigger_target_dag.py
[2025-12-21T06:58:51.575+0000] {processor.py:830} INFO - Processing file /home/airflow/.local/lib/python3.8/site-packages/airflow/example_dags/example_trigger_target_dag.py for tasks to queue
[2025-12-21T06:58:51.578+0000] {logging_mixin.py:188} INFO - [2025-12-21T06:58:51.577+0000] {dagbag.py:540} INFO - Filling up the DagBag from /home/airflow/.local/lib/python3.8/site-packages/airflow/example_dags/example_trigger_target_dag.py
[2025-12-21T06:58:51.584+0000] {processor.py:840} INFO - DAG(s) 'example_trigger_target_dag' retrieved from /home/airflow/.local/lib/python3.8/site-packages/airflow/example_dags/example_trigger_target_dag.py
[2025-12-21T06:58:51.710+0000] {logging_mixin.py:188} INFO - [2025-12-21T06:58:51.710+0000] {dag.py:3047} INFO - Sync 1 DAGs
[2025-12-21T06:58:51.722+0000] {logging_mixin.py:188} INFO - [2025-12-21T06:58:51.722+0000] {dag.py:3834} INFO - Setting next_dagrun for example_trigger_target_dag to None, run_after=None
[2025-12-21T06:58:51.747+0000] {processor.py:183} INFO - Processing /home/airflow/.local/lib/python3.8/site-packages/airflow/example_dags/example_trigger_target_dag.py took 0.181 seconds
[2025-12-21T06:59:21.844+0000] {processor.py:161} INFO - Started process (PID=109) to work on /home/airflow/.local/lib/python3.8/site-packages/airflow/example_dags/example_trigger_target_dag.py
[2025-12-21T06:59:21.846+0000] {processor.py:830} INFO - Processing file /home/airflow/.local/lib/python3.8/site-packages/airflow/example_dags/example_trigger_target_dag.py for tasks to queue
[2025-12-21T06:59:21.849+0000] {logging_mixin.py:188} INFO - [2025-12-21T06:59:21.848+0000] {dagbag.py:540} INFO - Filling up the DagBag from /home/airflow/.local/lib/python3.8/site-packages/airflow/example_dags/example_trigger_target_dag.py
[2025-12-21T06:59:21.856+0000] {processor.py:840} INFO - DAG(s) 'example_trigger_target_dag' retrieved from /home/airflow/.local/lib/python3.8/site-packages/airflow/example_dags/example_trigger_target_dag.py
[2025-12-21T06:59:21.880+0000] {logging_mixin.py:188} INFO - [2025-12-21T06:59:21.880+0000] {dag.py:3047} INFO - Sync 1 DAGs
[2025-12-21T06:59:21.893+0000] {logging_mixin.py:188} INFO - [2025-12-21T06:59:21.893+0000] {dag.py:3834} INFO - Setting next_dagrun for example_trigger_target_dag to None, run_after=None
[2025-12-21T06:59:21.917+0000] {processor.py:183} INFO - Processing /home/airflow/.local/lib/python3.8/site-packages/airflow/example_dags/example_trigger_target_dag.py took 0.077 seconds
[2025-12-21T06:59:52.113+0000] {processor.py:161} INFO - Started process (PID=165) to work on /home/airflow/.local/lib/python3.8/site-packages/airflow/example_dags/example_trigger_target_dag.py
[2025-12-21T06:59:52.115+0000] {processor.py:830} INFO - Processing file /home/airflow/.local/lib/python3.8/site-packages/airflow/example_dags/example_trigger_target_dag.py for tasks to queue
[2025-12-21T06:59:52.117+0000] {logging_mixin.py:188} INFO - [2025-12-21T06:59:52.117+0000] {dagbag.py:540} INFO - Filling up the DagBag from /home/airflow/.local/lib/python3.8/site-packages/airflow/example_dags/example_trigger_target_dag.py
[2025-12-21T06:59:52.124+0000] {processor.py:840} INFO - DAG(s) 'example_trigger_target_dag' retrieved from /home/airflow/.local/lib/python3.8/site-packages/airflow/example_dags/example_trigger_target_dag.py
[2025-12-21T06:59:52.149+0000] {logging_mixin.py:188} INFO - [2025-12-21T06:59:52.148+0000] {dag.py:3047} INFO - Sync 1 DAGs
[2025-12-21T06:59:52.161+0000] {logging_mixin.py:188} INFO - [2025-12-21T06:59:52.161+0000] {dag.py:3834} INFO - Setting next_dagrun for example_trigger_target_dag to None, run_after=None
[2025-12-21T06:59:52.181+0000] {processor.py:183} INFO - Processing /home/airflow/.local/lib/python3.8/site-packages/airflow/example_dags/example_trigger_target_dag.py took 0.072 seconds
[2025-12-21T07:00:22.420+0000] {processor.py:161} INFO - Started process (PID=221) to work on /home/airflow/.local/lib/python3.8/site-packages/airflow/example_dags/example_trigger_target_dag.py
[2025-12-21T07:00:22.422+0000] {processor.py:830} INFO - Processing file /home/airflow/.local/lib/python3.8/site-packages/airflow/example_dags/example_trigger_target_dag.py for tasks to queue
[2025-12-21T07:00:22.427+0000] {logging_mixin.py:188} INFO - [2025-12-21T07:00:22.427+0000] {dagbag.py:540} INFO - Filling up the DagBag from /home/airflow/.local/lib/python3.8/site-packages/airflow/example_dags/example_trigger_target_dag.py
[2025-12-21T07:00:22.435+0000] {processor.py:840} INFO - DAG(s) 'example_trigger_target_dag' retrieved from /home/airflow/.local/lib/python3.8/site-packages/airflow/example_dags/example_trigger_target_dag.py
[2025-12-21T07:00:22.459+0000] {logging_mixin.py:188} INFO - [2025-12-21T07:00:22.459+0000] {dag.py:3047} INFO - Sync 1 DAGs
[2025-12-21T07:00:22.472+0000] {logging_mixin.py:188} INFO - [2025-12-21T07:00:22.472+0000] {dag.py:3834} INFO - Setting next_dagrun for example_trigger_target_dag to None, run_after=None
[2025-12-21T07:00:22.496+0000] {processor.py:183} INFO - Processing /home/airflow/.local/lib/python3.8/site-packages/airflow/example_dags/example_trigger_target_dag.py took 0.079 seconds
[2025-12-21T07:00:52.838+0000] {processor.py:161} INFO - Started process (PID=277) to work on /home/airflow/.local/lib/python3.8/site-packages/airflow/example_dags/example_trigger_target_dag.py
[2025-12-21T07:00:52.840+0000] {processor.py:830} INFO - Processing file /home/airflow/.local/lib/python3.8/site-packages/airflow/example_dags/example_trigger_target_dag.py for tasks to queue
[2025-12-21T07:00:52.843+0000] {logging_mixin.py:188} INFO - [2025-12-21T07:00:52.842+0000] {dagbag.py:540} INFO - Filling up the DagBag from /home/airflow/.local/lib/python3.8/site-packages/airflow/example_dags/example_trigger_target_dag.py
[2025-12-21T07:00:52.851+0000] {processor.py:840} INFO - DAG(s) 'example_trigger_target_dag' retrieved from /home/airflow/.local/lib/python3.8/site-packages/airflow/example_dags/example_trigger_target_dag.py
[2025-12-21T07:00:52.880+0000] {logging_mixin.py:188} INFO - [2025-12-21T07:00:52.880+0000] {dag.py:3047} INFO - Sync 1 DAGs
[2025-12-21T07:00:52.893+0000] {logging_mixin.py:188} INFO - [2025-12-21T07:00:52.893+0000] {dag.py:3834} INFO - Setting next_dagrun for example_trigger_target_dag to None, run_after=None
[2025-12-21T07:00:52.916+0000] {processor.py:183} INFO - Processing /home/airflow/.local/lib/python3.8/site-packages/airflow/example_dags/example_trigger_target_dag.py took 0.082 seconds
[2025-12-21T07:01:23.277+0000] {processor.py:161} INFO - Started process (PID=333) to work on /home/airflow/.local/lib/python3.8/site-packages/airflow/example_dags/example_trigger_target_dag.py
[2025-12-21T07:01:23.279+0000] {processor.py:830} INFO - Processing file /home/airflow/.local/lib/python3.8/site-packages/airflow/example_dags/example_trigger_target_dag.py for tasks to queue
[2025-12-21T07:01:23.282+0000] {logging_mixin.py:188} INFO - [2025-12-21T07:01:23.281+0000] {dagbag.py:540} INFO - Filling up the DagBag from /home/airflow/.local/lib/python3.8/site-packages/airflow/example_dags/example_trigger_target_dag.py
[2025-12-21T07:01:23.289+0000] {processor.py:840} INFO - DAG(s) 'example_trigger_target_dag' retrieved from /home/airflow/.local/lib/python3.8/site-packages/airflow/example_dags/example_trigger_target_dag.py
[2025-12-21T07:01:23.314+0000] {logging_mixin.py:188} INFO - [2025-12-21T07:01:23.313+0000] {dag.py:3047} INFO - Sync 1 DAGs
[2025-12-21T07:01:23.330+0000] {logging_mixin.py:188} INFO - [2025-12-21T07:01:23.329+0000] {dag.py:3834} INFO - Setting next_dagrun for example_trigger_target_dag to None, run_after=None
[2025-12-21T07:01:23.354+0000] {processor.py:183} INFO - Processing /home/airflow/.local/lib/python3.8/site-packages/airflow/example_dags/example_trigger_target_dag.py took 0.084 seconds
[2025-12-21T07:01:53.423+0000] {processor.py:161} INFO - Started process (PID=389) to work on /home/airflow/.local/lib/python3.8/site-packages/airflow/example_dags/example_trigger_target_dag.py
[2025-12-21T07:01:53.424+0000] {processor.py:830} INFO - Processing file /home/airflow/.local/lib/python3.8/site-packages/airflow/example_dags/example_trigger_target_dag.py for tasks to queue
[2025-12-21T07:01:53.427+0000] {logging_mixin.py:188} INFO - [2025-12-21T07:01:53.426+0000] {dagbag.py:540} INFO - Filling up the DagBag from /home/airflow/.local/lib/python3.8/site-packages/airflow/example_dags/example_trigger_target_dag.py
[2025-12-21T07:01:53.434+0000] {processor.py:840} INFO - DAG(s) 'example_trigger_target_dag' retrieved from /home/airflow/.local/lib/python3.8/site-packages/airflow/example_dags/example_trigger_target_dag.py
[2025-12-21T07:01:53.461+0000] {logging_mixin.py:188} INFO - [2025-12-21T07:01:53.461+0000] {dag.py:3047} INFO - Sync 1 DAGs
[2025-12-21T07:01:53.476+0000] {logging_mixin.py:188} INFO - [2025-12-21T07:01:53.476+0000] {dag.py:3834} INFO - Setting next_dagrun for example_trigger_target_dag to None, run_after=None
[2025-12-21T07:01:53.500+0000] {processor.py:183} INFO - Processing /home/airflow/.local/lib/python3.8/site-packages/airflow/example_dags/example_trigger_target_dag.py took 0.081 seconds
[2025-12-21T07:02:23.736+0000] {processor.py:161} INFO - Started process (PID=445) to work on /home/airflow/.local/lib/python3.8/site-packages/airflow/example_dags/example_trigger_target_dag.py
[2025-12-21T07:02:23.738+0000] {processor.py:830} INFO - Processing file /home/airflow/.local/lib/python3.8/site-packages/airflow/example_dags/example_trigger_target_dag.py for tasks to queue
[2025-12-21T07:02:23.740+0000] {logging_mixin.py:188} INFO - [2025-12-21T07:02:23.740+0000] {dagbag.py:540} INFO - Filling up the DagBag from /home/airflow/.local/lib/python3.8/site-packages/airflow/example_dags/example_trigger_target_dag.py
[2025-12-21T07:02:23.747+0000] {processor.py:840} INFO - DAG(s) 'example_trigger_target_dag' retrieved from /home/airflow/.local/lib/python3.8/site-packages/airflow/example_dags/example_trigger_target_dag.py
[2025-12-21T07:02:23.774+0000] {logging_mixin.py:188} INFO - [2025-12-21T07:02:23.773+0000] {dag.py:3047} INFO - Sync 1 DAGs
[2025-12-21T07:02:23.788+0000] {logging_mixin.py:188} INFO - [2025-12-21T07:02:23.788+0000] {dag.py:3834} INFO - Setting next_dagrun for example_trigger_target_dag to None, run_after=None
[2025-12-21T07:02:23.815+0000] {processor.py:183} INFO - Processing /home/airflow/.local/lib/python3.8/site-packages/airflow/example_dags/example_trigger_target_dag.py took 0.083 seconds
[2025-12-21T07:02:54.086+0000] {processor.py:161} INFO - Started process (PID=501) to work on /home/airflow/.local/lib/python3.8/site-packages/airflow/example_dags/example_trigger_target_dag.py
[2025-12-21T07:02:54.088+0000] {processor.py:830} INFO - Processing file /home/airflow/.local/lib/python3.8/site-packages/airflow/example_dags/example_trigger_target_dag.py for tasks to queue
[2025-12-21T07:02:54.091+0000] {logging_mixin.py:188} INFO - [2025-12-21T07:02:54.090+0000] {dagbag.py:540} INFO - Filling up the DagBag from /home/airflow/.local/lib/python3.8/site-packages/airflow/example_dags/example_trigger_target_dag.py
[2025-12-21T07:02:54.099+0000] {processor.py:840} INFO - DAG(s) 'example_trigger_target_dag' retrieved from /home/airflow/.local/lib/python3.8/site-packages/airflow/example_dags/example_trigger_target_dag.py
[2025-12-21T07:02:54.124+0000] {logging_mixin.py:188} INFO - [2025-12-21T07:02:54.124+0000] {dag.py:3047} INFO - Sync 1 DAGs
[2025-12-21T07:02:54.139+0000] {logging_mixin.py:188} INFO - [2025-12-21T07:02:54.138+0000] {dag.py:3834} INFO - Setting next_dagrun for example_trigger_target_dag to None, run_after=None
[2025-12-21T07:02:54.163+0000] {processor.py:183} INFO - Processing /home/airflow/.local/lib/python3.8/site-packages/airflow/example_dags/example_trigger_target_dag.py took 0.081 seconds
[2025-12-21T07:03:24.532+0000] {processor.py:161} INFO - Started process (PID=557) to work on /home/airflow/.local/lib/python3.8/site-packages/airflow/example_dags/example_trigger_target_dag.py
[2025-12-21T07:03:24.534+0000] {processor.py:830} INFO - Processing file /home/airflow/.local/lib/python3.8/site-packages/airflow/example_dags/example_trigger_target_dag.py for tasks to queue
[2025-12-21T07:03:24.536+0000] {logging_mixin.py:188} INFO - [2025-12-21T07:03:24.536+0000] {dagbag.py:540} INFO - Filling up the DagBag from /home/airflow/.local/lib/python3.8/site-packages/airflow/example_dags/example_trigger_target_dag.py
[2025-12-21T07:03:24.544+0000] {processor.py:840} INFO - DAG(s) 'example_trigger_target_dag' retrieved from /home/airflow/.local/lib/python3.8/site-packages/airflow/example_dags/example_trigger_target_dag.py
[2025-12-21T07:03:24.573+0000] {logging_mixin.py:188} INFO - [2025-12-21T07:03:24.572+0000] {dag.py:3047} INFO - Sync 1 DAGs
[2025-12-21T07:03:24.590+0000] {logging_mixin.py:188} INFO - [2025-12-21T07:03:24.590+0000] {dag.py:3834} INFO - Setting next_dagrun for example_trigger_target_dag to None, run_after=None
[2025-12-21T07:03:24.614+0000] {processor.py:183} INFO - Processing /home/airflow/.local/lib/python3.8/site-packages/airflow/example_dags/example_trigger_target_dag.py took 0.087 seconds
[2025-12-21T07:03:55.305+0000] {processor.py:161} INFO - Started process (PID=613) to work on /home/airflow/.local/lib/python3.8/site-packages/airflow/example_dags/example_trigger_target_dag.py
[2025-12-21T07:03:55.309+0000] {processor.py:830} INFO - Processing file /home/airflow/.local/lib/python3.8/site-packages/airflow/example_dags/example_trigger_target_dag.py for tasks to queue
[2025-12-21T07:03:55.313+0000] {logging_mixin.py:188} INFO - [2025-12-21T07:03:55.313+0000] {dagbag.py:540} INFO - Filling up the DagBag from /home/airflow/.local/lib/python3.8/site-packages/airflow/example_dags/example_trigger_target_dag.py
[2025-12-21T07:03:55.324+0000] {processor.py:840} INFO - DAG(s) 'example_trigger_target_dag' retrieved from /home/airflow/.local/lib/python3.8/site-packages/airflow/example_dags/example_trigger_target_dag.py
[2025-12-21T07:03:55.370+0000] {logging_mixin.py:188} INFO - [2025-12-21T07:03:55.369+0000] {dag.py:3047} INFO - Sync 1 DAGs
[2025-12-21T07:03:55.394+0000] {logging_mixin.py:188} INFO - [2025-12-21T07:03:55.393+0000] {dag.py:3834} INFO - Setting next_dagrun for example_trigger_target_dag to None, run_after=None
[2025-12-21T07:03:55.432+0000] {processor.py:183} INFO - Processing /home/airflow/.local/lib/python3.8/site-packages/airflow/example_dags/example_trigger_target_dag.py took 0.133 seconds
[2025-12-21T07:04:26.106+0000] {processor.py:161} INFO - Started process (PID=669) to work on /home/airflow/.local/lib/python3.8/site-packages/airflow/example_dags/example_trigger_target_dag.py
[2025-12-21T07:04:26.107+0000] {processor.py:830} INFO - Processing file /home/airflow/.local/lib/python3.8/site-packages/airflow/example_dags/example_trigger_target_dag.py for tasks to queue
[2025-12-21T07:04:26.110+0000] {logging_mixin.py:188} INFO - [2025-12-21T07:04:26.110+0000] {dagbag.py:540} INFO - Filling up the DagBag from /home/airflow/.local/lib/python3.8/site-packages/airflow/example_dags/example_trigger_target_dag.py
[2025-12-21T07:04:26.118+0000] {processor.py:840} INFO - DAG(s) 'example_trigger_target_dag' retrieved from /home/airflow/.local/lib/python3.8/site-packages/airflow/example_dags/example_trigger_target_dag.py
[2025-12-21T07:04:26.148+0000] {logging_mixin.py:188} INFO - [2025-12-21T07:04:26.148+0000] {dag.py:3047} INFO - Sync 1 DAGs
[2025-12-21T07:04:26.169+0000] {logging_mixin.py:188} INFO - [2025-12-21T07:04:26.169+0000] {dag.py:3834} INFO - Setting next_dagrun for example_trigger_target_dag to None, run_after=None
[2025-12-21T07:04:26.201+0000] {processor.py:183} INFO - Processing /home/airflow/.local/lib/python3.8/site-packages/airflow/example_dags/example_trigger_target_dag.py took 0.100 seconds
[2025-12-21T07:04:56.445+0000] {processor.py:161} INFO - Started process (PID=725) to work on /home/airflow/.local/lib/python3.8/site-packages/airflow/example_dags/example_trigger_target_dag.py
[2025-12-21T07:04:56.447+0000] {processor.py:830} INFO - Processing file /home/airflow/.local/lib/python3.8/site-packages/airflow/example_dags/example_trigger_target_dag.py for tasks to queue
[2025-12-21T07:04:56.450+0000] {logging_mixin.py:188} INFO - [2025-12-21T07:04:56.450+0000] {dagbag.py:540} INFO - Filling up the DagBag from /home/airflow/.local/lib/python3.8/site-packages/airflow/example_dags/example_trigger_target_dag.py
[2025-12-21T07:04:56.457+0000] {processor.py:840} INFO - DAG(s) 'example_trigger_target_dag' retrieved from /home/airflow/.local/lib/python3.8/site-packages/airflow/example_dags/example_trigger_target_dag.py
[2025-12-21T07:04:56.479+0000] {logging_mixin.py:188} INFO - [2025-12-21T07:04:56.478+0000] {dag.py:3047} INFO - Sync 1 DAGs
[2025-12-21T07:04:56.491+0000] {logging_mixin.py:188} INFO - [2025-12-21T07:04:56.491+0000] {dag.py:3834} INFO - Setting next_dagrun for example_trigger_target_dag to None, run_after=None
[2025-12-21T07:04:56.512+0000] {processor.py:183} INFO - Processing /home/airflow/.local/lib/python3.8/site-packages/airflow/example_dags/example_trigger_target_dag.py took 0.071 seconds
[2025-12-21T07:05:26.801+0000] {processor.py:161} INFO - Started process (PID=781) to work on /home/airflow/.local/lib/python3.8/site-packages/airflow/example_dags/example_trigger_target_dag.py
[2025-12-21T07:05:26.803+0000] {processor.py:830} INFO - Processing file /home/airflow/.local/lib/python3.8/site-packages/airflow/example_dags/example_trigger_target_dag.py for tasks to queue
[2025-12-21T07:05:26.806+0000] {logging_mixin.py:188} INFO - [2025-12-21T07:05:26.805+0000] {dagbag.py:540} INFO - Filling up the DagBag from /home/airflow/.local/lib/python3.8/site-packages/airflow/example_dags/example_trigger_target_dag.py
[2025-12-21T07:05:26.813+0000] {processor.py:840} INFO - DAG(s) 'example_trigger_target_dag' retrieved from /home/airflow/.local/lib/python3.8/site-packages/airflow/example_dags/example_trigger_target_dag.py
[2025-12-21T07:05:26.840+0000] {logging_mixin.py:188} INFO - [2025-12-21T07:05:26.839+0000] {dag.py:3047} INFO - Sync 1 DAGs
[2025-12-21T07:05:26.854+0000] {logging_mixin.py:188} INFO - [2025-12-21T07:05:26.853+0000] {dag.py:3834} INFO - Setting next_dagrun for example_trigger_target_dag to None, run_after=None
[2025-12-21T07:05:26.878+0000] {processor.py:183} INFO - Processing /home/airflow/.local/lib/python3.8/site-packages/airflow/example_dags/example_trigger_target_dag.py took 0.081 seconds
[2025-12-21T07:05:57.022+0000] {processor.py:161} INFO - Started process (PID=837) to work on /home/airflow/.local/lib/python3.8/site-packages/airflow/example_dags/example_trigger_target_dag.py
[2025-12-21T07:05:57.023+0000] {processor.py:830} INFO - Processing file /home/airflow/.local/lib/python3.8/site-packages/airflow/example_dags/example_trigger_target_dag.py for tasks to queue
[2025-12-21T07:05:57.025+0000] {logging_mixin.py:188} INFO - [2025-12-21T07:05:57.025+0000] {dagbag.py:540} INFO - Filling up the DagBag from /home/airflow/.local/lib/python3.8/site-packages/airflow/example_dags/example_trigger_target_dag.py
[2025-12-21T07:05:57.031+0000] {processor.py:840} INFO - DAG(s) 'example_trigger_target_dag' retrieved from /home/airflow/.local/lib/python3.8/site-packages/airflow/example_dags/example_trigger_target_dag.py
[2025-12-21T07:05:57.052+0000] {logging_mixin.py:188} INFO - [2025-12-21T07:05:57.052+0000] {dag.py:3047} INFO - Sync 1 DAGs
[2025-12-21T07:05:57.064+0000] {logging_mixin.py:188} INFO - [2025-12-21T07:05:57.064+0000] {dag.py:3834} INFO - Setting next_dagrun for example_trigger_target_dag to None, run_after=None
[2025-12-21T07:05:57.082+0000] {processor.py:183} INFO - Processing /home/airflow/.local/lib/python3.8/site-packages/airflow/example_dags/example_trigger_target_dag.py took 0.063 seconds
[2025-12-21T07:06:27.381+0000] {processor.py:161} INFO - Started process (PID=893) to work on /home/airflow/.local/lib/python3.8/site-packages/airflow/example_dags/example_trigger_target_dag.py
[2025-12-21T07:06:27.382+0000] {processor.py:830} INFO - Processing file /home/airflow/.local/lib/python3.8/site-packages/airflow/example_dags/example_trigger_target_dag.py for tasks to queue
[2025-12-21T07:06:27.385+0000] {logging_mixin.py:188} INFO - [2025-12-21T07:06:27.384+0000] {dagbag.py:540} INFO - Filling up the DagBag from /home/airflow/.local/lib/python3.8/site-packages/airflow/example_dags/example_trigger_target_dag.py
[2025-12-21T07:06:27.392+0000] {processor.py:840} INFO - DAG(s) 'example_trigger_target_dag' retrieved from /home/airflow/.local/lib/python3.8/site-packages/airflow/example_dags/example_trigger_target_dag.py
[2025-12-21T07:06:27.417+0000] {logging_mixin.py:188} INFO - [2025-12-21T07:06:27.417+0000] {dag.py:3047} INFO - Sync 1 DAGs
[2025-12-21T07:06:27.433+0000] {logging_mixin.py:188} INFO - [2025-12-21T07:06:27.433+0000] {dag.py:3834} INFO - Setting next_dagrun for example_trigger_target_dag to None, run_after=None
[2025-12-21T07:06:27.473+0000] {processor.py:183} INFO - Processing /home/airflow/.local/lib/python3.8/site-packages/airflow/example_dags/example_trigger_target_dag.py took 0.097 seconds
[2025-12-21T07:06:57.719+0000] {processor.py:161} INFO - Started process (PID=949) to work on /home/airflow/.local/lib/python3.8/site-packages/airflow/example_dags/example_trigger_target_dag.py
[2025-12-21T07:06:57.723+0000] {processor.py:830} INFO - Processing file /home/airflow/.local/lib/python3.8/site-packages/airflow/example_dags/example_trigger_target_dag.py for tasks to queue
[2025-12-21T07:06:57.726+0000] {logging_mixin.py:188} INFO - [2025-12-21T07:06:57.726+0000] {dagbag.py:540} INFO - Filling up the DagBag from /home/airflow/.local/lib/python3.8/site-packages/airflow/example_dags/example_trigger_target_dag.py
[2025-12-21T07:06:57.734+0000] {processor.py:840} INFO - DAG(s) 'example_trigger_target_dag' retrieved from /home/airflow/.local/lib/python3.8/site-packages/airflow/example_dags/example_trigger_target_dag.py
[2025-12-21T07:06:57.756+0000] {logging_mixin.py:188} INFO - [2025-12-21T07:06:57.756+0000] {dag.py:3047} INFO - Sync 1 DAGs
[2025-12-21T07:06:57.769+0000] {logging_mixin.py:188} INFO - [2025-12-21T07:06:57.768+0000] {dag.py:3834} INFO - Setting next_dagrun for example_trigger_target_dag to None, run_after=None
[2025-12-21T07:06:57.789+0000] {processor.py:183} INFO - Processing /home/airflow/.local/lib/python3.8/site-packages/airflow/example_dags/example_trigger_target_dag.py took 0.074 seconds
[2025-12-21T07:07:28.275+0000] {processor.py:161} INFO - Started process (PID=1005) to work on /home/airflow/.local/lib/python3.8/site-packages/airflow/example_dags/example_trigger_target_dag.py
[2025-12-21T07:07:28.277+0000] {processor.py:830} INFO - Processing file /home/airflow/.local/lib/python3.8/site-packages/airflow/example_dags/example_trigger_target_dag.py for tasks to queue
[2025-12-21T07:07:28.279+0000] {logging_mixin.py:188} INFO - [2025-12-21T07:07:28.279+0000] {dagbag.py:540} INFO - Filling up the DagBag from /home/airflow/.local/lib/python3.8/site-packages/airflow/example_dags/example_trigger_target_dag.py
[2025-12-21T07:07:28.287+0000] {processor.py:840} INFO - DAG(s) 'example_trigger_target_dag' retrieved from /home/airflow/.local/lib/python3.8/site-packages/airflow/example_dags/example_trigger_target_dag.py
[2025-12-21T07:07:28.309+0000] {logging_mixin.py:188} INFO - [2025-12-21T07:07:28.309+0000] {dag.py:3047} INFO - Sync 1 DAGs
[2025-12-21T07:07:28.322+0000] {logging_mixin.py:188} INFO - [2025-12-21T07:07:28.322+0000] {dag.py:3834} INFO - Setting next_dagrun for example_trigger_target_dag to None, run_after=None
[2025-12-21T07:07:28.345+0000] {processor.py:183} INFO - Processing /home/airflow/.local/lib/python3.8/site-packages/airflow/example_dags/example_trigger_target_dag.py took 0.074 seconds
[2025-12-21T07:07:58.972+0000] {processor.py:161} INFO - Started process (PID=1061) to work on /home/airflow/.local/lib/python3.8/site-packages/airflow/example_dags/example_trigger_target_dag.py
[2025-12-21T07:07:58.974+0000] {processor.py:830} INFO - Processing file /home/airflow/.local/lib/python3.8/site-packages/airflow/example_dags/example_trigger_target_dag.py for tasks to queue
[2025-12-21T07:07:58.978+0000] {logging_mixin.py:188} INFO - [2025-12-21T07:07:58.977+0000] {dagbag.py:540} INFO - Filling up the DagBag from /home/airflow/.local/lib/python3.8/site-packages/airflow/example_dags/example_trigger_target_dag.py
[2025-12-21T07:07:58.987+0000] {processor.py:840} INFO - DAG(s) 'example_trigger_target_dag' retrieved from /home/airflow/.local/lib/python3.8/site-packages/airflow/example_dags/example_trigger_target_dag.py
[2025-12-21T07:07:59.018+0000] {logging_mixin.py:188} INFO - [2025-12-21T07:07:59.017+0000] {dag.py:3047} INFO - Sync 1 DAGs
[2025-12-21T07:07:59.034+0000] {logging_mixin.py:188} INFO - [2025-12-21T07:07:59.033+0000] {dag.py:3834} INFO - Setting next_dagrun for example_trigger_target_dag to None, run_after=None
[2025-12-21T07:07:59.069+0000] {processor.py:183} INFO - Processing /home/airflow/.local/lib/python3.8/site-packages/airflow/example_dags/example_trigger_target_dag.py took 0.102 seconds
[2025-12-21T07:08:29.268+0000] {processor.py:161} INFO - Started process (PID=1117) to work on /home/airflow/.local/lib/python3.8/site-packages/airflow/example_dags/example_trigger_target_dag.py
[2025-12-21T07:08:29.270+0000] {processor.py:830} INFO - Processing file /home/airflow/.local/lib/python3.8/site-packages/airflow/example_dags/example_trigger_target_dag.py for tasks to queue
[2025-12-21T07:08:29.272+0000] {logging_mixin.py:188} INFO - [2025-12-21T07:08:29.272+0000] {dagbag.py:540} INFO - Filling up the DagBag from /home/airflow/.local/lib/python3.8/site-packages/airflow/example_dags/example_trigger_target_dag.py
[2025-12-21T07:08:29.280+0000] {processor.py:840} INFO - DAG(s) 'example_trigger_target_dag' retrieved from /home/airflow/.local/lib/python3.8/site-packages/airflow/example_dags/example_trigger_target_dag.py
[2025-12-21T07:08:29.305+0000] {logging_mixin.py:188} INFO - [2025-12-21T07:08:29.305+0000] {dag.py:3047} INFO - Sync 1 DAGs
[2025-12-21T07:08:29.331+0000] {logging_mixin.py:188} INFO - [2025-12-21T07:08:29.331+0000] {dag.py:3834} INFO - Setting next_dagrun for example_trigger_target_dag to None, run_after=None
[2025-12-21T07:08:29.377+0000] {processor.py:183} INFO - Processing /home/airflow/.local/lib/python3.8/site-packages/airflow/example_dags/example_trigger_target_dag.py took 0.113 seconds
[2025-12-21T07:11:41.941+0000] {processor.py:161} INFO - Started process (PID=59) to work on /home/airflow/.local/lib/python3.8/site-packages/airflow/example_dags/example_trigger_target_dag.py
[2025-12-21T07:11:41.943+0000] {processor.py:830} INFO - Processing file /home/airflow/.local/lib/python3.8/site-packages/airflow/example_dags/example_trigger_target_dag.py for tasks to queue
[2025-12-21T07:11:41.946+0000] {logging_mixin.py:188} INFO - [2025-12-21T07:11:41.945+0000] {dagbag.py:540} INFO - Filling up the DagBag from /home/airflow/.local/lib/python3.8/site-packages/airflow/example_dags/example_trigger_target_dag.py
[2025-12-21T07:11:41.953+0000] {processor.py:840} INFO - DAG(s) 'example_trigger_target_dag' retrieved from /home/airflow/.local/lib/python3.8/site-packages/airflow/example_dags/example_trigger_target_dag.py
[2025-12-21T07:11:41.969+0000] {logging_mixin.py:188} INFO - [2025-12-21T07:11:41.968+0000] {dag.py:3047} INFO - Sync 1 DAGs
[2025-12-21T07:11:41.985+0000] {logging_mixin.py:188} INFO - [2025-12-21T07:11:41.984+0000] {dag.py:3834} INFO - Setting next_dagrun for example_trigger_target_dag to None, run_after=None
[2025-12-21T07:11:42.009+0000] {processor.py:183} INFO - Processing /home/airflow/.local/lib/python3.8/site-packages/airflow/example_dags/example_trigger_target_dag.py took 0.072 seconds
[2025-12-21T07:12:13.034+0000] {processor.py:161} INFO - Started process (PID=114) to work on /home/airflow/.local/lib/python3.8/site-packages/airflow/example_dags/example_trigger_target_dag.py
[2025-12-21T07:12:13.036+0000] {processor.py:830} INFO - Processing file /home/airflow/.local/lib/python3.8/site-packages/airflow/example_dags/example_trigger_target_dag.py for tasks to queue
[2025-12-21T07:12:13.039+0000] {logging_mixin.py:188} INFO - [2025-12-21T07:12:13.038+0000] {dagbag.py:540} INFO - Filling up the DagBag from /home/airflow/.local/lib/python3.8/site-packages/airflow/example_dags/example_trigger_target_dag.py
[2025-12-21T07:12:13.047+0000] {processor.py:840} INFO - DAG(s) 'example_trigger_target_dag' retrieved from /home/airflow/.local/lib/python3.8/site-packages/airflow/example_dags/example_trigger_target_dag.py
[2025-12-21T07:12:13.163+0000] {logging_mixin.py:188} INFO - [2025-12-21T07:12:13.163+0000] {dag.py:3047} INFO - Sync 1 DAGs
[2025-12-21T07:12:13.176+0000] {logging_mixin.py:188} INFO - [2025-12-21T07:12:13.176+0000] {dag.py:3834} INFO - Setting next_dagrun for example_trigger_target_dag to None, run_after=None
[2025-12-21T07:12:13.200+0000] {processor.py:183} INFO - Processing /home/airflow/.local/lib/python3.8/site-packages/airflow/example_dags/example_trigger_target_dag.py took 0.169 seconds
[2025-12-21T07:12:44.309+0000] {processor.py:161} INFO - Started process (PID=176) to work on /home/airflow/.local/lib/python3.8/site-packages/airflow/example_dags/example_trigger_target_dag.py
[2025-12-21T07:12:44.311+0000] {processor.py:830} INFO - Processing file /home/airflow/.local/lib/python3.8/site-packages/airflow/example_dags/example_trigger_target_dag.py for tasks to queue
[2025-12-21T07:12:44.314+0000] {logging_mixin.py:188} INFO - [2025-12-21T07:12:44.313+0000] {dagbag.py:540} INFO - Filling up the DagBag from /home/airflow/.local/lib/python3.8/site-packages/airflow/example_dags/example_trigger_target_dag.py
[2025-12-21T07:12:44.321+0000] {processor.py:840} INFO - DAG(s) 'example_trigger_target_dag' retrieved from /home/airflow/.local/lib/python3.8/site-packages/airflow/example_dags/example_trigger_target_dag.py
[2025-12-21T07:12:44.346+0000] {logging_mixin.py:188} INFO - [2025-12-21T07:12:44.346+0000] {dag.py:3047} INFO - Sync 1 DAGs
[2025-12-21T07:12:44.361+0000] {logging_mixin.py:188} INFO - [2025-12-21T07:12:44.360+0000] {dag.py:3834} INFO - Setting next_dagrun for example_trigger_target_dag to None, run_after=None
[2025-12-21T07:12:44.386+0000] {processor.py:183} INFO - Processing /home/airflow/.local/lib/python3.8/site-packages/airflow/example_dags/example_trigger_target_dag.py took 0.081 seconds
[2025-12-21T07:13:15.075+0000] {processor.py:161} INFO - Started process (PID=232) to work on /home/airflow/.local/lib/python3.8/site-packages/airflow/example_dags/example_trigger_target_dag.py
[2025-12-21T07:13:15.076+0000] {processor.py:830} INFO - Processing file /home/airflow/.local/lib/python3.8/site-packages/airflow/example_dags/example_trigger_target_dag.py for tasks to queue
[2025-12-21T07:13:15.078+0000] {logging_mixin.py:188} INFO - [2025-12-21T07:13:15.078+0000] {dagbag.py:540} INFO - Filling up the DagBag from /home/airflow/.local/lib/python3.8/site-packages/airflow/example_dags/example_trigger_target_dag.py
[2025-12-21T07:13:15.086+0000] {processor.py:840} INFO - DAG(s) 'example_trigger_target_dag' retrieved from /home/airflow/.local/lib/python3.8/site-packages/airflow/example_dags/example_trigger_target_dag.py
[2025-12-21T07:13:15.108+0000] {logging_mixin.py:188} INFO - [2025-12-21T07:13:15.108+0000] {dag.py:3047} INFO - Sync 1 DAGs
[2025-12-21T07:13:15.121+0000] {logging_mixin.py:188} INFO - [2025-12-21T07:13:15.121+0000] {dag.py:3834} INFO - Setting next_dagrun for example_trigger_target_dag to None, run_after=None
[2025-12-21T07:13:15.143+0000] {processor.py:183} INFO - Processing /home/airflow/.local/lib/python3.8/site-packages/airflow/example_dags/example_trigger_target_dag.py took 0.072 seconds
[2025-12-21T07:13:46.054+0000] {processor.py:161} INFO - Started process (PID=288) to work on /home/airflow/.local/lib/python3.8/site-packages/airflow/example_dags/example_trigger_target_dag.py
[2025-12-21T07:13:46.056+0000] {processor.py:830} INFO - Processing file /home/airflow/.local/lib/python3.8/site-packages/airflow/example_dags/example_trigger_target_dag.py for tasks to queue
[2025-12-21T07:13:46.059+0000] {logging_mixin.py:188} INFO - [2025-12-21T07:13:46.058+0000] {dagbag.py:540} INFO - Filling up the DagBag from /home/airflow/.local/lib/python3.8/site-packages/airflow/example_dags/example_trigger_target_dag.py
[2025-12-21T07:13:46.067+0000] {processor.py:840} INFO - DAG(s) 'example_trigger_target_dag' retrieved from /home/airflow/.local/lib/python3.8/site-packages/airflow/example_dags/example_trigger_target_dag.py
[2025-12-21T07:13:46.096+0000] {logging_mixin.py:188} INFO - [2025-12-21T07:13:46.096+0000] {dag.py:3047} INFO - Sync 1 DAGs
[2025-12-21T07:13:46.108+0000] {logging_mixin.py:188} INFO - [2025-12-21T07:13:46.108+0000] {dag.py:3834} INFO - Setting next_dagrun for example_trigger_target_dag to None, run_after=None
[2025-12-21T07:13:46.131+0000] {processor.py:183} INFO - Processing /home/airflow/.local/lib/python3.8/site-packages/airflow/example_dags/example_trigger_target_dag.py took 0.080 seconds
[2025-12-21T07:14:16.768+0000] {processor.py:161} INFO - Started process (PID=344) to work on /home/airflow/.local/lib/python3.8/site-packages/airflow/example_dags/example_trigger_target_dag.py
[2025-12-21T07:14:16.770+0000] {processor.py:830} INFO - Processing file /home/airflow/.local/lib/python3.8/site-packages/airflow/example_dags/example_trigger_target_dag.py for tasks to queue
[2025-12-21T07:14:16.772+0000] {logging_mixin.py:188} INFO - [2025-12-21T07:14:16.772+0000] {dagbag.py:540} INFO - Filling up the DagBag from /home/airflow/.local/lib/python3.8/site-packages/airflow/example_dags/example_trigger_target_dag.py
[2025-12-21T07:14:16.778+0000] {processor.py:840} INFO - DAG(s) 'example_trigger_target_dag' retrieved from /home/airflow/.local/lib/python3.8/site-packages/airflow/example_dags/example_trigger_target_dag.py
[2025-12-21T07:14:16.801+0000] {logging_mixin.py:188} INFO - [2025-12-21T07:14:16.800+0000] {dag.py:3047} INFO - Sync 1 DAGs
[2025-12-21T07:14:16.812+0000] {logging_mixin.py:188} INFO - [2025-12-21T07:14:16.812+0000] {dag.py:3834} INFO - Setting next_dagrun for example_trigger_target_dag to None, run_after=None
[2025-12-21T07:14:16.832+0000] {processor.py:183} INFO - Processing /home/airflow/.local/lib/python3.8/site-packages/airflow/example_dags/example_trigger_target_dag.py took 0.067 seconds
[2025-12-21T07:14:47.452+0000] {processor.py:161} INFO - Started process (PID=400) to work on /home/airflow/.local/lib/python3.8/site-packages/airflow/example_dags/example_trigger_target_dag.py
[2025-12-21T07:14:47.453+0000] {processor.py:830} INFO - Processing file /home/airflow/.local/lib/python3.8/site-packages/airflow/example_dags/example_trigger_target_dag.py for tasks to queue
[2025-12-21T07:14:47.455+0000] {logging_mixin.py:188} INFO - [2025-12-21T07:14:47.455+0000] {dagbag.py:540} INFO - Filling up the DagBag from /home/airflow/.local/lib/python3.8/site-packages/airflow/example_dags/example_trigger_target_dag.py
[2025-12-21T07:14:47.462+0000] {processor.py:840} INFO - DAG(s) 'example_trigger_target_dag' retrieved from /home/airflow/.local/lib/python3.8/site-packages/airflow/example_dags/example_trigger_target_dag.py
[2025-12-21T07:14:47.484+0000] {logging_mixin.py:188} INFO - [2025-12-21T07:14:47.484+0000] {dag.py:3047} INFO - Sync 1 DAGs
[2025-12-21T07:14:47.497+0000] {logging_mixin.py:188} INFO - [2025-12-21T07:14:47.497+0000] {dag.py:3834} INFO - Setting next_dagrun for example_trigger_target_dag to None, run_after=None
[2025-12-21T07:14:47.520+0000] {processor.py:183} INFO - Processing /home/airflow/.local/lib/python3.8/site-packages/airflow/example_dags/example_trigger_target_dag.py took 0.072 seconds
[2025-12-21T07:15:17.694+0000] {processor.py:161} INFO - Started process (PID=456) to work on /home/airflow/.local/lib/python3.8/site-packages/airflow/example_dags/example_trigger_target_dag.py
[2025-12-21T07:15:17.696+0000] {processor.py:830} INFO - Processing file /home/airflow/.local/lib/python3.8/site-packages/airflow/example_dags/example_trigger_target_dag.py for tasks to queue
[2025-12-21T07:15:17.698+0000] {logging_mixin.py:188} INFO - [2025-12-21T07:15:17.698+0000] {dagbag.py:540} INFO - Filling up the DagBag from /home/airflow/.local/lib/python3.8/site-packages/airflow/example_dags/example_trigger_target_dag.py
[2025-12-21T07:15:17.705+0000] {processor.py:840} INFO - DAG(s) 'example_trigger_target_dag' retrieved from /home/airflow/.local/lib/python3.8/site-packages/airflow/example_dags/example_trigger_target_dag.py
[2025-12-21T07:15:17.727+0000] {logging_mixin.py:188} INFO - [2025-12-21T07:15:17.726+0000] {dag.py:3047} INFO - Sync 1 DAGs
[2025-12-21T07:15:17.738+0000] {logging_mixin.py:188} INFO - [2025-12-21T07:15:17.738+0000] {dag.py:3834} INFO - Setting next_dagrun for example_trigger_target_dag to None, run_after=None
[2025-12-21T07:15:17.765+0000] {processor.py:183} INFO - Processing /home/airflow/.local/lib/python3.8/site-packages/airflow/example_dags/example_trigger_target_dag.py took 0.074 seconds
[2025-12-21T07:15:48.130+0000] {processor.py:161} INFO - Started process (PID=512) to work on /home/airflow/.local/lib/python3.8/site-packages/airflow/example_dags/example_trigger_target_dag.py
[2025-12-21T07:15:48.131+0000] {processor.py:830} INFO - Processing file /home/airflow/.local/lib/python3.8/site-packages/airflow/example_dags/example_trigger_target_dag.py for tasks to queue
[2025-12-21T07:15:48.133+0000] {logging_mixin.py:188} INFO - [2025-12-21T07:15:48.133+0000] {dagbag.py:540} INFO - Filling up the DagBag from /home/airflow/.local/lib/python3.8/site-packages/airflow/example_dags/example_trigger_target_dag.py
[2025-12-21T07:15:48.140+0000] {processor.py:840} INFO - DAG(s) 'example_trigger_target_dag' retrieved from /home/airflow/.local/lib/python3.8/site-packages/airflow/example_dags/example_trigger_target_dag.py
[2025-12-21T07:15:48.164+0000] {logging_mixin.py:188} INFO - [2025-12-21T07:15:48.163+0000] {dag.py:3047} INFO - Sync 1 DAGs
[2025-12-21T07:15:48.177+0000] {logging_mixin.py:188} INFO - [2025-12-21T07:15:48.177+0000] {dag.py:3834} INFO - Setting next_dagrun for example_trigger_target_dag to None, run_after=None
[2025-12-21T07:15:48.198+0000] {processor.py:183} INFO - Processing /home/airflow/.local/lib/python3.8/site-packages/airflow/example_dags/example_trigger_target_dag.py took 0.072 seconds
[2025-12-21T07:16:18.791+0000] {processor.py:161} INFO - Started process (PID=568) to work on /home/airflow/.local/lib/python3.8/site-packages/airflow/example_dags/example_trigger_target_dag.py
[2025-12-21T07:16:18.793+0000] {processor.py:830} INFO - Processing file /home/airflow/.local/lib/python3.8/site-packages/airflow/example_dags/example_trigger_target_dag.py for tasks to queue
[2025-12-21T07:16:18.796+0000] {logging_mixin.py:188} INFO - [2025-12-21T07:16:18.795+0000] {dagbag.py:540} INFO - Filling up the DagBag from /home/airflow/.local/lib/python3.8/site-packages/airflow/example_dags/example_trigger_target_dag.py
[2025-12-21T07:16:18.803+0000] {processor.py:840} INFO - DAG(s) 'example_trigger_target_dag' retrieved from /home/airflow/.local/lib/python3.8/site-packages/airflow/example_dags/example_trigger_target_dag.py
[2025-12-21T07:16:18.830+0000] {logging_mixin.py:188} INFO - [2025-12-21T07:16:18.830+0000] {dag.py:3047} INFO - Sync 1 DAGs
[2025-12-21T07:16:18.846+0000] {logging_mixin.py:188} INFO - [2025-12-21T07:16:18.846+0000] {dag.py:3834} INFO - Setting next_dagrun for example_trigger_target_dag to None, run_after=None
[2025-12-21T07:16:18.873+0000] {processor.py:183} INFO - Processing /home/airflow/.local/lib/python3.8/site-packages/airflow/example_dags/example_trigger_target_dag.py took 0.086 seconds
[2025-12-21T07:16:48.953+0000] {processor.py:161} INFO - Started process (PID=624) to work on /home/airflow/.local/lib/python3.8/site-packages/airflow/example_dags/example_trigger_target_dag.py
[2025-12-21T07:16:48.955+0000] {processor.py:830} INFO - Processing file /home/airflow/.local/lib/python3.8/site-packages/airflow/example_dags/example_trigger_target_dag.py for tasks to queue
[2025-12-21T07:16:48.957+0000] {logging_mixin.py:188} INFO - [2025-12-21T07:16:48.957+0000] {dagbag.py:540} INFO - Filling up the DagBag from /home/airflow/.local/lib/python3.8/site-packages/airflow/example_dags/example_trigger_target_dag.py
[2025-12-21T07:16:48.964+0000] {processor.py:840} INFO - DAG(s) 'example_trigger_target_dag' retrieved from /home/airflow/.local/lib/python3.8/site-packages/airflow/example_dags/example_trigger_target_dag.py
[2025-12-21T07:16:48.988+0000] {logging_mixin.py:188} INFO - [2025-12-21T07:16:48.987+0000] {dag.py:3047} INFO - Sync 1 DAGs
[2025-12-21T07:16:49.001+0000] {logging_mixin.py:188} INFO - [2025-12-21T07:16:49.001+0000] {dag.py:3834} INFO - Setting next_dagrun for example_trigger_target_dag to None, run_after=None
[2025-12-21T07:16:49.024+0000] {processor.py:183} INFO - Processing /home/airflow/.local/lib/python3.8/site-packages/airflow/example_dags/example_trigger_target_dag.py took 0.074 seconds
[2025-12-21T07:17:19.097+0000] {processor.py:161} INFO - Started process (PID=680) to work on /home/airflow/.local/lib/python3.8/site-packages/airflow/example_dags/example_trigger_target_dag.py
[2025-12-21T07:17:19.098+0000] {processor.py:830} INFO - Processing file /home/airflow/.local/lib/python3.8/site-packages/airflow/example_dags/example_trigger_target_dag.py for tasks to queue
[2025-12-21T07:17:19.100+0000] {logging_mixin.py:188} INFO - [2025-12-21T07:17:19.100+0000] {dagbag.py:540} INFO - Filling up the DagBag from /home/airflow/.local/lib/python3.8/site-packages/airflow/example_dags/example_trigger_target_dag.py
[2025-12-21T07:17:19.107+0000] {processor.py:840} INFO - DAG(s) 'example_trigger_target_dag' retrieved from /home/airflow/.local/lib/python3.8/site-packages/airflow/example_dags/example_trigger_target_dag.py
[2025-12-21T07:17:19.129+0000] {logging_mixin.py:188} INFO - [2025-12-21T07:17:19.129+0000] {dag.py:3047} INFO - Sync 1 DAGs
[2025-12-21T07:17:19.141+0000] {logging_mixin.py:188} INFO - [2025-12-21T07:17:19.141+0000] {dag.py:3834} INFO - Setting next_dagrun for example_trigger_target_dag to None, run_after=None
[2025-12-21T07:17:19.163+0000] {processor.py:183} INFO - Processing /home/airflow/.local/lib/python3.8/site-packages/airflow/example_dags/example_trigger_target_dag.py took 0.070 seconds
[2025-12-21T07:17:49.345+0000] {processor.py:161} INFO - Started process (PID=737) to work on /home/airflow/.local/lib/python3.8/site-packages/airflow/example_dags/example_trigger_target_dag.py
[2025-12-21T07:17:49.346+0000] {processor.py:830} INFO - Processing file /home/airflow/.local/lib/python3.8/site-packages/airflow/example_dags/example_trigger_target_dag.py for tasks to queue
[2025-12-21T07:17:49.348+0000] {logging_mixin.py:188} INFO - [2025-12-21T07:17:49.348+0000] {dagbag.py:540} INFO - Filling up the DagBag from /home/airflow/.local/lib/python3.8/site-packages/airflow/example_dags/example_trigger_target_dag.py
[2025-12-21T07:17:49.354+0000] {processor.py:840} INFO - DAG(s) 'example_trigger_target_dag' retrieved from /home/airflow/.local/lib/python3.8/site-packages/airflow/example_dags/example_trigger_target_dag.py
[2025-12-21T07:17:49.376+0000] {logging_mixin.py:188} INFO - [2025-12-21T07:17:49.376+0000] {dag.py:3047} INFO - Sync 1 DAGs
[2025-12-21T07:17:49.387+0000] {logging_mixin.py:188} INFO - [2025-12-21T07:17:49.387+0000] {dag.py:3834} INFO - Setting next_dagrun for example_trigger_target_dag to None, run_after=None
[2025-12-21T07:17:49.406+0000] {processor.py:183} INFO - Processing /home/airflow/.local/lib/python3.8/site-packages/airflow/example_dags/example_trigger_target_dag.py took 0.065 seconds
[2025-12-21T07:18:20.326+0000] {processor.py:161} INFO - Started process (PID=793) to work on /home/airflow/.local/lib/python3.8/site-packages/airflow/example_dags/example_trigger_target_dag.py
[2025-12-21T07:18:20.327+0000] {processor.py:830} INFO - Processing file /home/airflow/.local/lib/python3.8/site-packages/airflow/example_dags/example_trigger_target_dag.py for tasks to queue
[2025-12-21T07:18:20.329+0000] {logging_mixin.py:188} INFO - [2025-12-21T07:18:20.329+0000] {dagbag.py:540} INFO - Filling up the DagBag from /home/airflow/.local/lib/python3.8/site-packages/airflow/example_dags/example_trigger_target_dag.py
[2025-12-21T07:18:20.336+0000] {processor.py:840} INFO - DAG(s) 'example_trigger_target_dag' retrieved from /home/airflow/.local/lib/python3.8/site-packages/airflow/example_dags/example_trigger_target_dag.py
[2025-12-21T07:18:20.358+0000] {logging_mixin.py:188} INFO - [2025-12-21T07:18:20.358+0000] {dag.py:3047} INFO - Sync 1 DAGs
[2025-12-21T07:18:20.370+0000] {logging_mixin.py:188} INFO - [2025-12-21T07:18:20.369+0000] {dag.py:3834} INFO - Setting next_dagrun for example_trigger_target_dag to None, run_after=None
[2025-12-21T07:18:20.390+0000] {processor.py:183} INFO - Processing /home/airflow/.local/lib/python3.8/site-packages/airflow/example_dags/example_trigger_target_dag.py took 0.068 seconds
[2025-12-21T07:18:51.086+0000] {processor.py:161} INFO - Started process (PID=849) to work on /home/airflow/.local/lib/python3.8/site-packages/airflow/example_dags/example_trigger_target_dag.py
[2025-12-21T07:18:51.089+0000] {processor.py:830} INFO - Processing file /home/airflow/.local/lib/python3.8/site-packages/airflow/example_dags/example_trigger_target_dag.py for tasks to queue
[2025-12-21T07:18:51.098+0000] {logging_mixin.py:188} INFO - [2025-12-21T07:18:51.098+0000] {dagbag.py:540} INFO - Filling up the DagBag from /home/airflow/.local/lib/python3.8/site-packages/airflow/example_dags/example_trigger_target_dag.py
[2025-12-21T07:18:51.119+0000] {processor.py:840} INFO - DAG(s) 'example_trigger_target_dag' retrieved from /home/airflow/.local/lib/python3.8/site-packages/airflow/example_dags/example_trigger_target_dag.py
[2025-12-21T07:18:51.174+0000] {logging_mixin.py:188} INFO - [2025-12-21T07:18:51.174+0000] {dag.py:3047} INFO - Sync 1 DAGs
[2025-12-21T07:18:51.191+0000] {logging_mixin.py:188} INFO - [2025-12-21T07:18:51.191+0000] {dag.py:3834} INFO - Setting next_dagrun for example_trigger_target_dag to None, run_after=None
[2025-12-21T07:18:51.215+0000] {processor.py:183} INFO - Processing /home/airflow/.local/lib/python3.8/site-packages/airflow/example_dags/example_trigger_target_dag.py took 0.138 seconds
[2025-12-21T07:19:21.794+0000] {processor.py:161} INFO - Started process (PID=905) to work on /home/airflow/.local/lib/python3.8/site-packages/airflow/example_dags/example_trigger_target_dag.py
[2025-12-21T07:19:21.795+0000] {processor.py:830} INFO - Processing file /home/airflow/.local/lib/python3.8/site-packages/airflow/example_dags/example_trigger_target_dag.py for tasks to queue
[2025-12-21T07:19:21.798+0000] {logging_mixin.py:188} INFO - [2025-12-21T07:19:21.798+0000] {dagbag.py:540} INFO - Filling up the DagBag from /home/airflow/.local/lib/python3.8/site-packages/airflow/example_dags/example_trigger_target_dag.py
[2025-12-21T07:19:21.807+0000] {processor.py:840} INFO - DAG(s) 'example_trigger_target_dag' retrieved from /home/airflow/.local/lib/python3.8/site-packages/airflow/example_dags/example_trigger_target_dag.py
[2025-12-21T07:19:21.835+0000] {logging_mixin.py:188} INFO - [2025-12-21T07:19:21.834+0000] {dag.py:3047} INFO - Sync 1 DAGs
[2025-12-21T07:19:21.853+0000] {logging_mixin.py:188} INFO - [2025-12-21T07:19:21.852+0000] {dag.py:3834} INFO - Setting next_dagrun for example_trigger_target_dag to None, run_after=None
[2025-12-21T07:19:21.879+0000] {processor.py:183} INFO - Processing /home/airflow/.local/lib/python3.8/site-packages/airflow/example_dags/example_trigger_target_dag.py took 0.089 seconds
[2025-12-21T07:19:52.370+0000] {processor.py:161} INFO - Started process (PID=962) to work on /home/airflow/.local/lib/python3.8/site-packages/airflow/example_dags/example_trigger_target_dag.py
[2025-12-21T07:19:52.372+0000] {processor.py:830} INFO - Processing file /home/airflow/.local/lib/python3.8/site-packages/airflow/example_dags/example_trigger_target_dag.py for tasks to queue
[2025-12-21T07:19:52.374+0000] {logging_mixin.py:188} INFO - [2025-12-21T07:19:52.374+0000] {dagbag.py:540} INFO - Filling up the DagBag from /home/airflow/.local/lib/python3.8/site-packages/airflow/example_dags/example_trigger_target_dag.py
[2025-12-21T07:19:52.380+0000] {processor.py:840} INFO - DAG(s) 'example_trigger_target_dag' retrieved from /home/airflow/.local/lib/python3.8/site-packages/airflow/example_dags/example_trigger_target_dag.py
[2025-12-21T07:19:52.401+0000] {logging_mixin.py:188} INFO - [2025-12-21T07:19:52.401+0000] {dag.py:3047} INFO - Sync 1 DAGs
[2025-12-21T07:19:52.414+0000] {logging_mixin.py:188} INFO - [2025-12-21T07:19:52.413+0000] {dag.py:3834} INFO - Setting next_dagrun for example_trigger_target_dag to None, run_after=None
[2025-12-21T07:19:52.438+0000] {processor.py:183} INFO - Processing /home/airflow/.local/lib/python3.8/site-packages/airflow/example_dags/example_trigger_target_dag.py took 0.071 seconds
[2025-12-21T07:20:22.861+0000] {processor.py:161} INFO - Started process (PID=1018) to work on /home/airflow/.local/lib/python3.8/site-packages/airflow/example_dags/example_trigger_target_dag.py
[2025-12-21T07:20:22.865+0000] {processor.py:830} INFO - Processing file /home/airflow/.local/lib/python3.8/site-packages/airflow/example_dags/example_trigger_target_dag.py for tasks to queue
[2025-12-21T07:20:22.867+0000] {logging_mixin.py:188} INFO - [2025-12-21T07:20:22.867+0000] {dagbag.py:540} INFO - Filling up the DagBag from /home/airflow/.local/lib/python3.8/site-packages/airflow/example_dags/example_trigger_target_dag.py
[2025-12-21T07:20:22.875+0000] {processor.py:840} INFO - DAG(s) 'example_trigger_target_dag' retrieved from /home/airflow/.local/lib/python3.8/site-packages/airflow/example_dags/example_trigger_target_dag.py
[2025-12-21T07:20:22.896+0000] {logging_mixin.py:188} INFO - [2025-12-21T07:20:22.896+0000] {dag.py:3047} INFO - Sync 1 DAGs
[2025-12-21T07:20:22.908+0000] {logging_mixin.py:188} INFO - [2025-12-21T07:20:22.908+0000] {dag.py:3834} INFO - Setting next_dagrun for example_trigger_target_dag to None, run_after=None
[2025-12-21T07:20:22.928+0000] {processor.py:183} INFO - Processing /home/airflow/.local/lib/python3.8/site-packages/airflow/example_dags/example_trigger_target_dag.py took 0.070 seconds
[2025-12-21T07:20:39.212+0000] {processor.py:161} INFO - Started process (PID=53) to work on /home/airflow/.local/lib/python3.8/site-packages/airflow/example_dags/example_trigger_target_dag.py
[2025-12-21T07:20:39.214+0000] {processor.py:830} INFO - Processing file /home/airflow/.local/lib/python3.8/site-packages/airflow/example_dags/example_trigger_target_dag.py for tasks to queue
[2025-12-21T07:20:39.220+0000] {logging_mixin.py:188} INFO - [2025-12-21T07:20:39.219+0000] {dagbag.py:540} INFO - Filling up the DagBag from /home/airflow/.local/lib/python3.8/site-packages/airflow/example_dags/example_trigger_target_dag.py
[2025-12-21T07:20:39.227+0000] {processor.py:840} INFO - DAG(s) 'example_trigger_target_dag' retrieved from /home/airflow/.local/lib/python3.8/site-packages/airflow/example_dags/example_trigger_target_dag.py
[2025-12-21T07:20:39.259+0000] {logging_mixin.py:188} INFO - [2025-12-21T07:20:39.259+0000] {dag.py:3047} INFO - Sync 1 DAGs
[2025-12-21T07:20:39.271+0000] {logging_mixin.py:188} INFO - [2025-12-21T07:20:39.271+0000] {dag.py:3834} INFO - Setting next_dagrun for example_trigger_target_dag to None, run_after=None
[2025-12-21T07:20:39.291+0000] {processor.py:183} INFO - Processing /home/airflow/.local/lib/python3.8/site-packages/airflow/example_dags/example_trigger_target_dag.py took 0.082 seconds
[2025-12-21T07:21:09.777+0000] {processor.py:161} INFO - Started process (PID=109) to work on /home/airflow/.local/lib/python3.8/site-packages/airflow/example_dags/example_trigger_target_dag.py
[2025-12-21T07:21:09.779+0000] {processor.py:830} INFO - Processing file /home/airflow/.local/lib/python3.8/site-packages/airflow/example_dags/example_trigger_target_dag.py for tasks to queue
[2025-12-21T07:21:09.782+0000] {logging_mixin.py:188} INFO - [2025-12-21T07:21:09.781+0000] {dagbag.py:540} INFO - Filling up the DagBag from /home/airflow/.local/lib/python3.8/site-packages/airflow/example_dags/example_trigger_target_dag.py
[2025-12-21T07:21:09.790+0000] {processor.py:840} INFO - DAG(s) 'example_trigger_target_dag' retrieved from /home/airflow/.local/lib/python3.8/site-packages/airflow/example_dags/example_trigger_target_dag.py
[2025-12-21T07:21:09.816+0000] {logging_mixin.py:188} INFO - [2025-12-21T07:21:09.816+0000] {dag.py:3047} INFO - Sync 1 DAGs
[2025-12-21T07:21:09.830+0000] {logging_mixin.py:188} INFO - [2025-12-21T07:21:09.829+0000] {dag.py:3834} INFO - Setting next_dagrun for example_trigger_target_dag to None, run_after=None
[2025-12-21T07:21:09.856+0000] {processor.py:183} INFO - Processing /home/airflow/.local/lib/python3.8/site-packages/airflow/example_dags/example_trigger_target_dag.py took 0.083 seconds
[2025-12-21T07:22:19.837+0000] {processor.py:161} INFO - Started process (PID=60) to work on /home/airflow/.local/lib/python3.8/site-packages/airflow/example_dags/example_trigger_target_dag.py
[2025-12-21T07:22:19.839+0000] {processor.py:830} INFO - Processing file /home/airflow/.local/lib/python3.8/site-packages/airflow/example_dags/example_trigger_target_dag.py for tasks to queue
[2025-12-21T07:22:19.841+0000] {logging_mixin.py:188} INFO - [2025-12-21T07:22:19.841+0000] {dagbag.py:540} INFO - Filling up the DagBag from /home/airflow/.local/lib/python3.8/site-packages/airflow/example_dags/example_trigger_target_dag.py
[2025-12-21T07:22:19.850+0000] {processor.py:840} INFO - DAG(s) 'example_trigger_target_dag' retrieved from /home/airflow/.local/lib/python3.8/site-packages/airflow/example_dags/example_trigger_target_dag.py
[2025-12-21T07:22:19.883+0000] {logging_mixin.py:188} INFO - [2025-12-21T07:22:19.882+0000] {dag.py:3047} INFO - Sync 1 DAGs
[2025-12-21T07:22:19.910+0000] {logging_mixin.py:188} INFO - [2025-12-21T07:22:19.910+0000] {dag.py:3834} INFO - Setting next_dagrun for example_trigger_target_dag to None, run_after=None
[2025-12-21T07:22:19.933+0000] {processor.py:183} INFO - Processing /home/airflow/.local/lib/python3.8/site-packages/airflow/example_dags/example_trigger_target_dag.py took 0.099 seconds
[2025-12-21T07:22:51.032+0000] {processor.py:161} INFO - Started process (PID=116) to work on /home/airflow/.local/lib/python3.8/site-packages/airflow/example_dags/example_trigger_target_dag.py
[2025-12-21T07:22:51.033+0000] {processor.py:830} INFO - Processing file /home/airflow/.local/lib/python3.8/site-packages/airflow/example_dags/example_trigger_target_dag.py for tasks to queue
[2025-12-21T07:22:51.035+0000] {logging_mixin.py:188} INFO - [2025-12-21T07:22:51.035+0000] {dagbag.py:540} INFO - Filling up the DagBag from /home/airflow/.local/lib/python3.8/site-packages/airflow/example_dags/example_trigger_target_dag.py
[2025-12-21T07:22:51.044+0000] {processor.py:840} INFO - DAG(s) 'example_trigger_target_dag' retrieved from /home/airflow/.local/lib/python3.8/site-packages/airflow/example_dags/example_trigger_target_dag.py
[2025-12-21T07:22:51.178+0000] {logging_mixin.py:188} INFO - [2025-12-21T07:22:51.177+0000] {dag.py:3047} INFO - Sync 1 DAGs
[2025-12-21T07:22:51.191+0000] {logging_mixin.py:188} INFO - [2025-12-21T07:22:51.190+0000] {dag.py:3834} INFO - Setting next_dagrun for example_trigger_target_dag to None, run_after=None
[2025-12-21T07:22:51.219+0000] {processor.py:183} INFO - Processing /home/airflow/.local/lib/python3.8/site-packages/airflow/example_dags/example_trigger_target_dag.py took 0.191 seconds
[2025-12-21T07:28:30.036+0000] {processor.py:161} INFO - Started process (PID=61) to work on /home/airflow/.local/lib/python3.8/site-packages/airflow/example_dags/example_trigger_target_dag.py
[2025-12-21T07:28:30.038+0000] {processor.py:830} INFO - Processing file /home/airflow/.local/lib/python3.8/site-packages/airflow/example_dags/example_trigger_target_dag.py for tasks to queue
[2025-12-21T07:28:30.041+0000] {logging_mixin.py:188} INFO - [2025-12-21T07:28:30.040+0000] {dagbag.py:540} INFO - Filling up the DagBag from /home/airflow/.local/lib/python3.8/site-packages/airflow/example_dags/example_trigger_target_dag.py
[2025-12-21T07:28:30.049+0000] {processor.py:840} INFO - DAG(s) 'example_trigger_target_dag' retrieved from /home/airflow/.local/lib/python3.8/site-packages/airflow/example_dags/example_trigger_target_dag.py
[2025-12-21T07:28:30.066+0000] {logging_mixin.py:188} INFO - [2025-12-21T07:28:30.066+0000] {dag.py:3047} INFO - Sync 1 DAGs
[2025-12-21T07:28:30.085+0000] {logging_mixin.py:188} INFO - [2025-12-21T07:28:30.085+0000] {dag.py:3834} INFO - Setting next_dagrun for example_trigger_target_dag to None, run_after=None
[2025-12-21T07:28:30.116+0000] {processor.py:183} INFO - Processing /home/airflow/.local/lib/python3.8/site-packages/airflow/example_dags/example_trigger_target_dag.py took 0.084 seconds
[2025-12-21T07:29:00.359+0000] {processor.py:161} INFO - Started process (PID=118) to work on /home/airflow/.local/lib/python3.8/site-packages/airflow/example_dags/example_trigger_target_dag.py
[2025-12-21T07:29:00.361+0000] {processor.py:830} INFO - Processing file /home/airflow/.local/lib/python3.8/site-packages/airflow/example_dags/example_trigger_target_dag.py for tasks to queue
[2025-12-21T07:29:00.364+0000] {logging_mixin.py:188} INFO - [2025-12-21T07:29:00.364+0000] {dagbag.py:540} INFO - Filling up the DagBag from /home/airflow/.local/lib/python3.8/site-packages/airflow/example_dags/example_trigger_target_dag.py
[2025-12-21T07:29:00.373+0000] {processor.py:840} INFO - DAG(s) 'example_trigger_target_dag' retrieved from /home/airflow/.local/lib/python3.8/site-packages/airflow/example_dags/example_trigger_target_dag.py
[2025-12-21T07:29:00.487+0000] {logging_mixin.py:188} INFO - [2025-12-21T07:29:00.487+0000] {dag.py:3047} INFO - Sync 1 DAGs
[2025-12-21T07:29:00.500+0000] {logging_mixin.py:188} INFO - [2025-12-21T07:29:00.499+0000] {dag.py:3834} INFO - Setting next_dagrun for example_trigger_target_dag to None, run_after=None
[2025-12-21T07:29:00.524+0000] {processor.py:183} INFO - Processing /home/airflow/.local/lib/python3.8/site-packages/airflow/example_dags/example_trigger_target_dag.py took 0.169 seconds
[2025-12-21T07:29:31.037+0000] {processor.py:161} INFO - Started process (PID=180) to work on /home/airflow/.local/lib/python3.8/site-packages/airflow/example_dags/example_trigger_target_dag.py
[2025-12-21T07:29:31.038+0000] {processor.py:830} INFO - Processing file /home/airflow/.local/lib/python3.8/site-packages/airflow/example_dags/example_trigger_target_dag.py for tasks to queue
[2025-12-21T07:29:31.041+0000] {logging_mixin.py:188} INFO - [2025-12-21T07:29:31.040+0000] {dagbag.py:540} INFO - Filling up the DagBag from /home/airflow/.local/lib/python3.8/site-packages/airflow/example_dags/example_trigger_target_dag.py
[2025-12-21T07:29:31.048+0000] {processor.py:840} INFO - DAG(s) 'example_trigger_target_dag' retrieved from /home/airflow/.local/lib/python3.8/site-packages/airflow/example_dags/example_trigger_target_dag.py
[2025-12-21T07:29:31.069+0000] {logging_mixin.py:188} INFO - [2025-12-21T07:29:31.069+0000] {dag.py:3047} INFO - Sync 1 DAGs
[2025-12-21T07:29:31.082+0000] {logging_mixin.py:188} INFO - [2025-12-21T07:29:31.081+0000] {dag.py:3834} INFO - Setting next_dagrun for example_trigger_target_dag to None, run_after=None
[2025-12-21T07:29:31.102+0000] {processor.py:183} INFO - Processing /home/airflow/.local/lib/python3.8/site-packages/airflow/example_dags/example_trigger_target_dag.py took 0.071 seconds
[2025-12-21T07:30:01.455+0000] {processor.py:161} INFO - Started process (PID=235) to work on /home/airflow/.local/lib/python3.8/site-packages/airflow/example_dags/example_trigger_target_dag.py
[2025-12-21T07:30:01.457+0000] {processor.py:830} INFO - Processing file /home/airflow/.local/lib/python3.8/site-packages/airflow/example_dags/example_trigger_target_dag.py for tasks to queue
[2025-12-21T07:30:01.459+0000] {logging_mixin.py:188} INFO - [2025-12-21T07:30:01.459+0000] {dagbag.py:540} INFO - Filling up the DagBag from /home/airflow/.local/lib/python3.8/site-packages/airflow/example_dags/example_trigger_target_dag.py
[2025-12-21T07:30:01.466+0000] {processor.py:840} INFO - DAG(s) 'example_trigger_target_dag' retrieved from /home/airflow/.local/lib/python3.8/site-packages/airflow/example_dags/example_trigger_target_dag.py
[2025-12-21T07:30:01.489+0000] {logging_mixin.py:188} INFO - [2025-12-21T07:30:01.489+0000] {dag.py:3047} INFO - Sync 1 DAGs
[2025-12-21T07:30:01.503+0000] {logging_mixin.py:188} INFO - [2025-12-21T07:30:01.502+0000] {dag.py:3834} INFO - Setting next_dagrun for example_trigger_target_dag to None, run_after=None
[2025-12-21T07:30:01.525+0000] {processor.py:183} INFO - Processing /home/airflow/.local/lib/python3.8/site-packages/airflow/example_dags/example_trigger_target_dag.py took 0.074 seconds
[2025-12-21T07:30:31.772+0000] {processor.py:161} INFO - Started process (PID=291) to work on /home/airflow/.local/lib/python3.8/site-packages/airflow/example_dags/example_trigger_target_dag.py
[2025-12-21T07:30:31.773+0000] {processor.py:830} INFO - Processing file /home/airflow/.local/lib/python3.8/site-packages/airflow/example_dags/example_trigger_target_dag.py for tasks to queue
[2025-12-21T07:30:31.776+0000] {logging_mixin.py:188} INFO - [2025-12-21T07:30:31.776+0000] {dagbag.py:540} INFO - Filling up the DagBag from /home/airflow/.local/lib/python3.8/site-packages/airflow/example_dags/example_trigger_target_dag.py
[2025-12-21T07:30:31.784+0000] {processor.py:840} INFO - DAG(s) 'example_trigger_target_dag' retrieved from /home/airflow/.local/lib/python3.8/site-packages/airflow/example_dags/example_trigger_target_dag.py
[2025-12-21T07:30:31.807+0000] {logging_mixin.py:188} INFO - [2025-12-21T07:30:31.807+0000] {dag.py:3047} INFO - Sync 1 DAGs
[2025-12-21T07:30:31.829+0000] {logging_mixin.py:188} INFO - [2025-12-21T07:30:31.828+0000] {dag.py:3834} INFO - Setting next_dagrun for example_trigger_target_dag to None, run_after=None
[2025-12-21T07:30:31.855+0000] {processor.py:183} INFO - Processing /home/airflow/.local/lib/python3.8/site-packages/airflow/example_dags/example_trigger_target_dag.py took 0.086 seconds
[2025-12-21T07:31:01.909+0000] {processor.py:161} INFO - Started process (PID=347) to work on /home/airflow/.local/lib/python3.8/site-packages/airflow/example_dags/example_trigger_target_dag.py
[2025-12-21T07:31:01.910+0000] {processor.py:830} INFO - Processing file /home/airflow/.local/lib/python3.8/site-packages/airflow/example_dags/example_trigger_target_dag.py for tasks to queue
[2025-12-21T07:31:01.913+0000] {logging_mixin.py:188} INFO - [2025-12-21T07:31:01.912+0000] {dagbag.py:540} INFO - Filling up the DagBag from /home/airflow/.local/lib/python3.8/site-packages/airflow/example_dags/example_trigger_target_dag.py
[2025-12-21T07:31:01.919+0000] {processor.py:840} INFO - DAG(s) 'example_trigger_target_dag' retrieved from /home/airflow/.local/lib/python3.8/site-packages/airflow/example_dags/example_trigger_target_dag.py
[2025-12-21T07:31:01.941+0000] {logging_mixin.py:188} INFO - [2025-12-21T07:31:01.940+0000] {dag.py:3047} INFO - Sync 1 DAGs
[2025-12-21T07:31:01.953+0000] {logging_mixin.py:188} INFO - [2025-12-21T07:31:01.952+0000] {dag.py:3834} INFO - Setting next_dagrun for example_trigger_target_dag to None, run_after=None
[2025-12-21T07:31:01.972+0000] {processor.py:183} INFO - Processing /home/airflow/.local/lib/python3.8/site-packages/airflow/example_dags/example_trigger_target_dag.py took 0.067 seconds
[2025-12-21T07:31:32.227+0000] {processor.py:161} INFO - Started process (PID=403) to work on /home/airflow/.local/lib/python3.8/site-packages/airflow/example_dags/example_trigger_target_dag.py
[2025-12-21T07:31:32.228+0000] {processor.py:830} INFO - Processing file /home/airflow/.local/lib/python3.8/site-packages/airflow/example_dags/example_trigger_target_dag.py for tasks to queue
[2025-12-21T07:31:32.230+0000] {logging_mixin.py:188} INFO - [2025-12-21T07:31:32.230+0000] {dagbag.py:540} INFO - Filling up the DagBag from /home/airflow/.local/lib/python3.8/site-packages/airflow/example_dags/example_trigger_target_dag.py
[2025-12-21T07:31:32.237+0000] {processor.py:840} INFO - DAG(s) 'example_trigger_target_dag' retrieved from /home/airflow/.local/lib/python3.8/site-packages/airflow/example_dags/example_trigger_target_dag.py
[2025-12-21T07:31:32.263+0000] {logging_mixin.py:188} INFO - [2025-12-21T07:31:32.263+0000] {dag.py:3047} INFO - Sync 1 DAGs
[2025-12-21T07:31:32.282+0000] {logging_mixin.py:188} INFO - [2025-12-21T07:31:32.281+0000] {dag.py:3834} INFO - Setting next_dagrun for example_trigger_target_dag to None, run_after=None
[2025-12-21T07:31:32.311+0000] {processor.py:183} INFO - Processing /home/airflow/.local/lib/python3.8/site-packages/airflow/example_dags/example_trigger_target_dag.py took 0.088 seconds
