[2025-12-21T06:58:54.735+0000] {processor.py:161} INFO - Started process (PID=80) to work on /home/airflow/.local/lib/python3.8/site-packages/airflow/example_dags/example_complex.py
[2025-12-21T06:58:54.737+0000] {processor.py:830} INFO - Processing file /home/airflow/.local/lib/python3.8/site-packages/airflow/example_dags/example_complex.py for tasks to queue
[2025-12-21T06:58:54.739+0000] {logging_mixin.py:188} INFO - [2025-12-21T06:58:54.739+0000] {dagbag.py:540} INFO - Filling up the DagBag from /home/airflow/.local/lib/python3.8/site-packages/airflow/example_dags/example_complex.py
[2025-12-21T06:58:54.750+0000] {processor.py:840} INFO - DAG(s) 'example_complex' retrieved from /home/airflow/.local/lib/python3.8/site-packages/airflow/example_dags/example_complex.py
[2025-12-21T06:58:54.868+0000] {logging_mixin.py:188} INFO - [2025-12-21T06:58:54.867+0000] {dag.py:3047} INFO - Sync 1 DAGs
[2025-12-21T06:58:54.879+0000] {logging_mixin.py:188} INFO - [2025-12-21T06:58:54.878+0000] {dag.py:3834} INFO - Setting next_dagrun for example_complex to None, run_after=None
[2025-12-21T06:58:54.903+0000] {processor.py:183} INFO - Processing /home/airflow/.local/lib/python3.8/site-packages/airflow/example_dags/example_complex.py took 0.172 seconds
[2025-12-21T06:59:24.963+0000] {processor.py:161} INFO - Started process (PID=136) to work on /home/airflow/.local/lib/python3.8/site-packages/airflow/example_dags/example_complex.py
[2025-12-21T06:59:24.965+0000] {processor.py:830} INFO - Processing file /home/airflow/.local/lib/python3.8/site-packages/airflow/example_dags/example_complex.py for tasks to queue
[2025-12-21T06:59:24.968+0000] {logging_mixin.py:188} INFO - [2025-12-21T06:59:24.967+0000] {dagbag.py:540} INFO - Filling up the DagBag from /home/airflow/.local/lib/python3.8/site-packages/airflow/example_dags/example_complex.py
[2025-12-21T06:59:24.982+0000] {processor.py:840} INFO - DAG(s) 'example_complex' retrieved from /home/airflow/.local/lib/python3.8/site-packages/airflow/example_dags/example_complex.py
[2025-12-21T06:59:25.021+0000] {logging_mixin.py:188} INFO - [2025-12-21T06:59:25.020+0000] {dag.py:3047} INFO - Sync 1 DAGs
[2025-12-21T06:59:25.040+0000] {logging_mixin.py:188} INFO - [2025-12-21T06:59:25.039+0000] {dag.py:3834} INFO - Setting next_dagrun for example_complex to None, run_after=None
[2025-12-21T06:59:25.075+0000] {processor.py:183} INFO - Processing /home/airflow/.local/lib/python3.8/site-packages/airflow/example_dags/example_complex.py took 0.117 seconds
[2025-12-21T06:59:55.435+0000] {processor.py:161} INFO - Started process (PID=192) to work on /home/airflow/.local/lib/python3.8/site-packages/airflow/example_dags/example_complex.py
[2025-12-21T06:59:55.438+0000] {processor.py:830} INFO - Processing file /home/airflow/.local/lib/python3.8/site-packages/airflow/example_dags/example_complex.py for tasks to queue
[2025-12-21T06:59:55.444+0000] {logging_mixin.py:188} INFO - [2025-12-21T06:59:55.443+0000] {dagbag.py:540} INFO - Filling up the DagBag from /home/airflow/.local/lib/python3.8/site-packages/airflow/example_dags/example_complex.py
[2025-12-21T06:59:55.463+0000] {processor.py:840} INFO - DAG(s) 'example_complex' retrieved from /home/airflow/.local/lib/python3.8/site-packages/airflow/example_dags/example_complex.py
[2025-12-21T06:59:55.509+0000] {logging_mixin.py:188} INFO - [2025-12-21T06:59:55.509+0000] {dag.py:3047} INFO - Sync 1 DAGs
[2025-12-21T06:59:55.525+0000] {logging_mixin.py:188} INFO - [2025-12-21T06:59:55.525+0000] {dag.py:3834} INFO - Setting next_dagrun for example_complex to None, run_after=None
[2025-12-21T06:59:55.551+0000] {processor.py:183} INFO - Processing /home/airflow/.local/lib/python3.8/site-packages/airflow/example_dags/example_complex.py took 0.120 seconds
[2025-12-21T07:00:25.782+0000] {processor.py:161} INFO - Started process (PID=248) to work on /home/airflow/.local/lib/python3.8/site-packages/airflow/example_dags/example_complex.py
[2025-12-21T07:00:25.783+0000] {processor.py:830} INFO - Processing file /home/airflow/.local/lib/python3.8/site-packages/airflow/example_dags/example_complex.py for tasks to queue
[2025-12-21T07:00:25.786+0000] {logging_mixin.py:188} INFO - [2025-12-21T07:00:25.786+0000] {dagbag.py:540} INFO - Filling up the DagBag from /home/airflow/.local/lib/python3.8/site-packages/airflow/example_dags/example_complex.py
[2025-12-21T07:00:25.798+0000] {processor.py:840} INFO - DAG(s) 'example_complex' retrieved from /home/airflow/.local/lib/python3.8/site-packages/airflow/example_dags/example_complex.py
[2025-12-21T07:00:25.831+0000] {logging_mixin.py:188} INFO - [2025-12-21T07:00:25.831+0000] {dag.py:3047} INFO - Sync 1 DAGs
[2025-12-21T07:00:25.845+0000] {logging_mixin.py:188} INFO - [2025-12-21T07:00:25.845+0000] {dag.py:3834} INFO - Setting next_dagrun for example_complex to None, run_after=None
[2025-12-21T07:00:25.868+0000] {processor.py:183} INFO - Processing /home/airflow/.local/lib/python3.8/site-packages/airflow/example_dags/example_complex.py took 0.091 seconds
[2025-12-21T07:00:56.074+0000] {processor.py:161} INFO - Started process (PID=304) to work on /home/airflow/.local/lib/python3.8/site-packages/airflow/example_dags/example_complex.py
[2025-12-21T07:00:56.075+0000] {processor.py:830} INFO - Processing file /home/airflow/.local/lib/python3.8/site-packages/airflow/example_dags/example_complex.py for tasks to queue
[2025-12-21T07:00:56.078+0000] {logging_mixin.py:188} INFO - [2025-12-21T07:00:56.077+0000] {dagbag.py:540} INFO - Filling up the DagBag from /home/airflow/.local/lib/python3.8/site-packages/airflow/example_dags/example_complex.py
[2025-12-21T07:00:56.088+0000] {processor.py:840} INFO - DAG(s) 'example_complex' retrieved from /home/airflow/.local/lib/python3.8/site-packages/airflow/example_dags/example_complex.py
[2025-12-21T07:00:56.122+0000] {logging_mixin.py:188} INFO - [2025-12-21T07:00:56.122+0000] {dag.py:3047} INFO - Sync 1 DAGs
[2025-12-21T07:00:56.136+0000] {logging_mixin.py:188} INFO - [2025-12-21T07:00:56.136+0000] {dag.py:3834} INFO - Setting next_dagrun for example_complex to None, run_after=None
[2025-12-21T07:00:56.160+0000] {processor.py:183} INFO - Processing /home/airflow/.local/lib/python3.8/site-packages/airflow/example_dags/example_complex.py took 0.090 seconds
[2025-12-21T07:01:27.495+0000] {processor.py:161} INFO - Started process (PID=360) to work on /home/airflow/.local/lib/python3.8/site-packages/airflow/example_dags/example_complex.py
[2025-12-21T07:01:27.497+0000] {processor.py:830} INFO - Processing file /home/airflow/.local/lib/python3.8/site-packages/airflow/example_dags/example_complex.py for tasks to queue
[2025-12-21T07:01:27.500+0000] {logging_mixin.py:188} INFO - [2025-12-21T07:01:27.499+0000] {dagbag.py:540} INFO - Filling up the DagBag from /home/airflow/.local/lib/python3.8/site-packages/airflow/example_dags/example_complex.py
[2025-12-21T07:01:27.526+0000] {processor.py:840} INFO - DAG(s) 'example_complex' retrieved from /home/airflow/.local/lib/python3.8/site-packages/airflow/example_dags/example_complex.py
[2025-12-21T07:01:27.574+0000] {logging_mixin.py:188} INFO - [2025-12-21T07:01:27.574+0000] {dag.py:3047} INFO - Sync 1 DAGs
[2025-12-21T07:01:27.593+0000] {logging_mixin.py:188} INFO - [2025-12-21T07:01:27.593+0000] {dag.py:3834} INFO - Setting next_dagrun for example_complex to None, run_after=None
[2025-12-21T07:01:27.620+0000] {processor.py:183} INFO - Processing /home/airflow/.local/lib/python3.8/site-packages/airflow/example_dags/example_complex.py took 0.129 seconds
[2025-12-21T07:01:57.866+0000] {processor.py:161} INFO - Started process (PID=416) to work on /home/airflow/.local/lib/python3.8/site-packages/airflow/example_dags/example_complex.py
[2025-12-21T07:01:57.868+0000] {processor.py:830} INFO - Processing file /home/airflow/.local/lib/python3.8/site-packages/airflow/example_dags/example_complex.py for tasks to queue
[2025-12-21T07:01:57.870+0000] {logging_mixin.py:188} INFO - [2025-12-21T07:01:57.870+0000] {dagbag.py:540} INFO - Filling up the DagBag from /home/airflow/.local/lib/python3.8/site-packages/airflow/example_dags/example_complex.py
[2025-12-21T07:01:57.883+0000] {processor.py:840} INFO - DAG(s) 'example_complex' retrieved from /home/airflow/.local/lib/python3.8/site-packages/airflow/example_dags/example_complex.py
[2025-12-21T07:01:57.920+0000] {logging_mixin.py:188} INFO - [2025-12-21T07:01:57.919+0000] {dag.py:3047} INFO - Sync 1 DAGs
[2025-12-21T07:01:57.935+0000] {logging_mixin.py:188} INFO - [2025-12-21T07:01:57.935+0000] {dag.py:3834} INFO - Setting next_dagrun for example_complex to None, run_after=None
[2025-12-21T07:01:57.962+0000] {processor.py:183} INFO - Processing /home/airflow/.local/lib/python3.8/site-packages/airflow/example_dags/example_complex.py took 0.103 seconds
[2025-12-21T07:02:28.224+0000] {processor.py:161} INFO - Started process (PID=472) to work on /home/airflow/.local/lib/python3.8/site-packages/airflow/example_dags/example_complex.py
[2025-12-21T07:02:28.226+0000] {processor.py:830} INFO - Processing file /home/airflow/.local/lib/python3.8/site-packages/airflow/example_dags/example_complex.py for tasks to queue
[2025-12-21T07:02:28.228+0000] {logging_mixin.py:188} INFO - [2025-12-21T07:02:28.228+0000] {dagbag.py:540} INFO - Filling up the DagBag from /home/airflow/.local/lib/python3.8/site-packages/airflow/example_dags/example_complex.py
[2025-12-21T07:02:28.244+0000] {processor.py:840} INFO - DAG(s) 'example_complex' retrieved from /home/airflow/.local/lib/python3.8/site-packages/airflow/example_dags/example_complex.py
[2025-12-21T07:02:28.277+0000] {logging_mixin.py:188} INFO - [2025-12-21T07:02:28.277+0000] {dag.py:3047} INFO - Sync 1 DAGs
[2025-12-21T07:02:28.288+0000] {logging_mixin.py:188} INFO - [2025-12-21T07:02:28.288+0000] {dag.py:3834} INFO - Setting next_dagrun for example_complex to None, run_after=None
[2025-12-21T07:02:28.314+0000] {processor.py:183} INFO - Processing /home/airflow/.local/lib/python3.8/site-packages/airflow/example_dags/example_complex.py took 0.093 seconds
[2025-12-21T07:02:59.028+0000] {processor.py:161} INFO - Started process (PID=528) to work on /home/airflow/.local/lib/python3.8/site-packages/airflow/example_dags/example_complex.py
[2025-12-21T07:02:59.030+0000] {processor.py:830} INFO - Processing file /home/airflow/.local/lib/python3.8/site-packages/airflow/example_dags/example_complex.py for tasks to queue
[2025-12-21T07:02:59.034+0000] {logging_mixin.py:188} INFO - [2025-12-21T07:02:59.033+0000] {dagbag.py:540} INFO - Filling up the DagBag from /home/airflow/.local/lib/python3.8/site-packages/airflow/example_dags/example_complex.py
[2025-12-21T07:02:59.052+0000] {processor.py:840} INFO - DAG(s) 'example_complex' retrieved from /home/airflow/.local/lib/python3.8/site-packages/airflow/example_dags/example_complex.py
[2025-12-21T07:02:59.107+0000] {logging_mixin.py:188} INFO - [2025-12-21T07:02:59.106+0000] {dag.py:3047} INFO - Sync 1 DAGs
[2025-12-21T07:02:59.131+0000] {logging_mixin.py:188} INFO - [2025-12-21T07:02:59.130+0000] {dag.py:3834} INFO - Setting next_dagrun for example_complex to None, run_after=None
[2025-12-21T07:02:59.176+0000] {processor.py:183} INFO - Processing /home/airflow/.local/lib/python3.8/site-packages/airflow/example_dags/example_complex.py took 0.154 seconds
[2025-12-21T07:03:29.968+0000] {processor.py:161} INFO - Started process (PID=584) to work on /home/airflow/.local/lib/python3.8/site-packages/airflow/example_dags/example_complex.py
[2025-12-21T07:03:29.970+0000] {processor.py:830} INFO - Processing file /home/airflow/.local/lib/python3.8/site-packages/airflow/example_dags/example_complex.py for tasks to queue
[2025-12-21T07:03:29.973+0000] {logging_mixin.py:188} INFO - [2025-12-21T07:03:29.973+0000] {dagbag.py:540} INFO - Filling up the DagBag from /home/airflow/.local/lib/python3.8/site-packages/airflow/example_dags/example_complex.py
[2025-12-21T07:03:29.987+0000] {processor.py:840} INFO - DAG(s) 'example_complex' retrieved from /home/airflow/.local/lib/python3.8/site-packages/airflow/example_dags/example_complex.py
[2025-12-21T07:03:30.026+0000] {logging_mixin.py:188} INFO - [2025-12-21T07:03:30.025+0000] {dag.py:3047} INFO - Sync 1 DAGs
[2025-12-21T07:03:30.040+0000] {logging_mixin.py:188} INFO - [2025-12-21T07:03:30.040+0000] {dag.py:3834} INFO - Setting next_dagrun for example_complex to None, run_after=None
[2025-12-21T07:03:30.063+0000] {processor.py:183} INFO - Processing /home/airflow/.local/lib/python3.8/site-packages/airflow/example_dags/example_complex.py took 0.100 seconds
[2025-12-21T07:04:00.679+0000] {processor.py:161} INFO - Started process (PID=640) to work on /home/airflow/.local/lib/python3.8/site-packages/airflow/example_dags/example_complex.py
[2025-12-21T07:04:00.680+0000] {processor.py:830} INFO - Processing file /home/airflow/.local/lib/python3.8/site-packages/airflow/example_dags/example_complex.py for tasks to queue
[2025-12-21T07:04:00.683+0000] {logging_mixin.py:188} INFO - [2025-12-21T07:04:00.683+0000] {dagbag.py:540} INFO - Filling up the DagBag from /home/airflow/.local/lib/python3.8/site-packages/airflow/example_dags/example_complex.py
[2025-12-21T07:04:00.696+0000] {processor.py:840} INFO - DAG(s) 'example_complex' retrieved from /home/airflow/.local/lib/python3.8/site-packages/airflow/example_dags/example_complex.py
[2025-12-21T07:04:00.736+0000] {logging_mixin.py:188} INFO - [2025-12-21T07:04:00.736+0000] {dag.py:3047} INFO - Sync 1 DAGs
[2025-12-21T07:04:00.755+0000] {logging_mixin.py:188} INFO - [2025-12-21T07:04:00.755+0000] {dag.py:3834} INFO - Setting next_dagrun for example_complex to None, run_after=None
[2025-12-21T07:04:00.790+0000] {processor.py:183} INFO - Processing /home/airflow/.local/lib/python3.8/site-packages/airflow/example_dags/example_complex.py took 0.114 seconds
[2025-12-21T07:04:31.528+0000] {processor.py:161} INFO - Started process (PID=696) to work on /home/airflow/.local/lib/python3.8/site-packages/airflow/example_dags/example_complex.py
[2025-12-21T07:04:31.530+0000] {processor.py:830} INFO - Processing file /home/airflow/.local/lib/python3.8/site-packages/airflow/example_dags/example_complex.py for tasks to queue
[2025-12-21T07:04:31.533+0000] {logging_mixin.py:188} INFO - [2025-12-21T07:04:31.533+0000] {dagbag.py:540} INFO - Filling up the DagBag from /home/airflow/.local/lib/python3.8/site-packages/airflow/example_dags/example_complex.py
[2025-12-21T07:04:31.553+0000] {processor.py:840} INFO - DAG(s) 'example_complex' retrieved from /home/airflow/.local/lib/python3.8/site-packages/airflow/example_dags/example_complex.py
[2025-12-21T07:04:31.605+0000] {logging_mixin.py:188} INFO - [2025-12-21T07:04:31.605+0000] {dag.py:3047} INFO - Sync 1 DAGs
[2025-12-21T07:04:31.622+0000] {logging_mixin.py:188} INFO - [2025-12-21T07:04:31.622+0000] {dag.py:3834} INFO - Setting next_dagrun for example_complex to None, run_after=None
[2025-12-21T07:04:31.652+0000] {processor.py:183} INFO - Processing /home/airflow/.local/lib/python3.8/site-packages/airflow/example_dags/example_complex.py took 0.129 seconds
[2025-12-21T07:05:02.612+0000] {processor.py:161} INFO - Started process (PID=752) to work on /home/airflow/.local/lib/python3.8/site-packages/airflow/example_dags/example_complex.py
[2025-12-21T07:05:02.614+0000] {processor.py:830} INFO - Processing file /home/airflow/.local/lib/python3.8/site-packages/airflow/example_dags/example_complex.py for tasks to queue
[2025-12-21T07:05:02.617+0000] {logging_mixin.py:188} INFO - [2025-12-21T07:05:02.616+0000] {dagbag.py:540} INFO - Filling up the DagBag from /home/airflow/.local/lib/python3.8/site-packages/airflow/example_dags/example_complex.py
[2025-12-21T07:05:02.630+0000] {processor.py:840} INFO - DAG(s) 'example_complex' retrieved from /home/airflow/.local/lib/python3.8/site-packages/airflow/example_dags/example_complex.py
[2025-12-21T07:05:02.669+0000] {logging_mixin.py:188} INFO - [2025-12-21T07:05:02.669+0000] {dag.py:3047} INFO - Sync 1 DAGs
[2025-12-21T07:05:02.685+0000] {logging_mixin.py:188} INFO - [2025-12-21T07:05:02.685+0000] {dag.py:3834} INFO - Setting next_dagrun for example_complex to None, run_after=None
[2025-12-21T07:05:02.715+0000] {processor.py:183} INFO - Processing /home/airflow/.local/lib/python3.8/site-packages/airflow/example_dags/example_complex.py took 0.108 seconds
[2025-12-21T07:05:32.958+0000] {processor.py:161} INFO - Started process (PID=808) to work on /home/airflow/.local/lib/python3.8/site-packages/airflow/example_dags/example_complex.py
[2025-12-21T07:05:32.960+0000] {processor.py:830} INFO - Processing file /home/airflow/.local/lib/python3.8/site-packages/airflow/example_dags/example_complex.py for tasks to queue
[2025-12-21T07:05:32.962+0000] {logging_mixin.py:188} INFO - [2025-12-21T07:05:32.962+0000] {dagbag.py:540} INFO - Filling up the DagBag from /home/airflow/.local/lib/python3.8/site-packages/airflow/example_dags/example_complex.py
[2025-12-21T07:05:32.974+0000] {processor.py:840} INFO - DAG(s) 'example_complex' retrieved from /home/airflow/.local/lib/python3.8/site-packages/airflow/example_dags/example_complex.py
[2025-12-21T07:05:33.003+0000] {logging_mixin.py:188} INFO - [2025-12-21T07:05:33.002+0000] {dag.py:3047} INFO - Sync 1 DAGs
[2025-12-21T07:05:33.015+0000] {logging_mixin.py:188} INFO - [2025-12-21T07:05:33.014+0000] {dag.py:3834} INFO - Setting next_dagrun for example_complex to None, run_after=None
[2025-12-21T07:05:33.036+0000] {processor.py:183} INFO - Processing /home/airflow/.local/lib/python3.8/site-packages/airflow/example_dags/example_complex.py took 0.082 seconds
[2025-12-21T07:06:03.234+0000] {processor.py:161} INFO - Started process (PID=864) to work on /home/airflow/.local/lib/python3.8/site-packages/airflow/example_dags/example_complex.py
[2025-12-21T07:06:03.236+0000] {processor.py:830} INFO - Processing file /home/airflow/.local/lib/python3.8/site-packages/airflow/example_dags/example_complex.py for tasks to queue
[2025-12-21T07:06:03.238+0000] {logging_mixin.py:188} INFO - [2025-12-21T07:06:03.238+0000] {dagbag.py:540} INFO - Filling up the DagBag from /home/airflow/.local/lib/python3.8/site-packages/airflow/example_dags/example_complex.py
[2025-12-21T07:06:03.250+0000] {processor.py:840} INFO - DAG(s) 'example_complex' retrieved from /home/airflow/.local/lib/python3.8/site-packages/airflow/example_dags/example_complex.py
[2025-12-21T07:06:03.286+0000] {logging_mixin.py:188} INFO - [2025-12-21T07:06:03.286+0000] {dag.py:3047} INFO - Sync 1 DAGs
[2025-12-21T07:06:03.300+0000] {logging_mixin.py:188} INFO - [2025-12-21T07:06:03.300+0000] {dag.py:3834} INFO - Setting next_dagrun for example_complex to None, run_after=None
[2025-12-21T07:06:03.323+0000] {processor.py:183} INFO - Processing /home/airflow/.local/lib/python3.8/site-packages/airflow/example_dags/example_complex.py took 0.093 seconds
[2025-12-21T07:06:34.338+0000] {processor.py:161} INFO - Started process (PID=920) to work on /home/airflow/.local/lib/python3.8/site-packages/airflow/example_dags/example_complex.py
[2025-12-21T07:06:34.339+0000] {processor.py:830} INFO - Processing file /home/airflow/.local/lib/python3.8/site-packages/airflow/example_dags/example_complex.py for tasks to queue
[2025-12-21T07:06:34.341+0000] {logging_mixin.py:188} INFO - [2025-12-21T07:06:34.341+0000] {dagbag.py:540} INFO - Filling up the DagBag from /home/airflow/.local/lib/python3.8/site-packages/airflow/example_dags/example_complex.py
[2025-12-21T07:06:34.351+0000] {processor.py:840} INFO - DAG(s) 'example_complex' retrieved from /home/airflow/.local/lib/python3.8/site-packages/airflow/example_dags/example_complex.py
[2025-12-21T07:06:34.385+0000] {logging_mixin.py:188} INFO - [2025-12-21T07:06:34.384+0000] {dag.py:3047} INFO - Sync 1 DAGs
[2025-12-21T07:06:34.399+0000] {logging_mixin.py:188} INFO - [2025-12-21T07:06:34.399+0000] {dag.py:3834} INFO - Setting next_dagrun for example_complex to None, run_after=None
[2025-12-21T07:06:34.420+0000] {processor.py:183} INFO - Processing /home/airflow/.local/lib/python3.8/site-packages/airflow/example_dags/example_complex.py took 0.087 seconds
[2025-12-21T07:07:04.802+0000] {processor.py:161} INFO - Started process (PID=976) to work on /home/airflow/.local/lib/python3.8/site-packages/airflow/example_dags/example_complex.py
[2025-12-21T07:07:04.804+0000] {processor.py:830} INFO - Processing file /home/airflow/.local/lib/python3.8/site-packages/airflow/example_dags/example_complex.py for tasks to queue
[2025-12-21T07:07:04.807+0000] {logging_mixin.py:188} INFO - [2025-12-21T07:07:04.806+0000] {dagbag.py:540} INFO - Filling up the DagBag from /home/airflow/.local/lib/python3.8/site-packages/airflow/example_dags/example_complex.py
[2025-12-21T07:07:04.821+0000] {processor.py:840} INFO - DAG(s) 'example_complex' retrieved from /home/airflow/.local/lib/python3.8/site-packages/airflow/example_dags/example_complex.py
[2025-12-21T07:07:04.854+0000] {logging_mixin.py:188} INFO - [2025-12-21T07:07:04.854+0000] {dag.py:3047} INFO - Sync 1 DAGs
[2025-12-21T07:07:04.869+0000] {logging_mixin.py:188} INFO - [2025-12-21T07:07:04.868+0000] {dag.py:3834} INFO - Setting next_dagrun for example_complex to None, run_after=None
[2025-12-21T07:07:04.893+0000] {processor.py:183} INFO - Processing /home/airflow/.local/lib/python3.8/site-packages/airflow/example_dags/example_complex.py took 0.095 seconds
[2025-12-21T07:07:35.130+0000] {processor.py:161} INFO - Started process (PID=1032) to work on /home/airflow/.local/lib/python3.8/site-packages/airflow/example_dags/example_complex.py
[2025-12-21T07:07:35.134+0000] {processor.py:830} INFO - Processing file /home/airflow/.local/lib/python3.8/site-packages/airflow/example_dags/example_complex.py for tasks to queue
[2025-12-21T07:07:35.138+0000] {logging_mixin.py:188} INFO - [2025-12-21T07:07:35.137+0000] {dagbag.py:540} INFO - Filling up the DagBag from /home/airflow/.local/lib/python3.8/site-packages/airflow/example_dags/example_complex.py
[2025-12-21T07:07:35.160+0000] {processor.py:840} INFO - DAG(s) 'example_complex' retrieved from /home/airflow/.local/lib/python3.8/site-packages/airflow/example_dags/example_complex.py
[2025-12-21T07:07:35.205+0000] {logging_mixin.py:188} INFO - [2025-12-21T07:07:35.205+0000] {dag.py:3047} INFO - Sync 1 DAGs
[2025-12-21T07:07:35.222+0000] {logging_mixin.py:188} INFO - [2025-12-21T07:07:35.222+0000] {dag.py:3834} INFO - Setting next_dagrun for example_complex to None, run_after=None
[2025-12-21T07:07:35.252+0000] {processor.py:183} INFO - Processing /home/airflow/.local/lib/python3.8/site-packages/airflow/example_dags/example_complex.py took 0.127 seconds
[2025-12-21T07:08:06.185+0000] {processor.py:161} INFO - Started process (PID=1088) to work on /home/airflow/.local/lib/python3.8/site-packages/airflow/example_dags/example_complex.py
[2025-12-21T07:08:06.187+0000] {processor.py:830} INFO - Processing file /home/airflow/.local/lib/python3.8/site-packages/airflow/example_dags/example_complex.py for tasks to queue
[2025-12-21T07:08:06.189+0000] {logging_mixin.py:188} INFO - [2025-12-21T07:08:06.189+0000] {dagbag.py:540} INFO - Filling up the DagBag from /home/airflow/.local/lib/python3.8/site-packages/airflow/example_dags/example_complex.py
[2025-12-21T07:08:06.201+0000] {processor.py:840} INFO - DAG(s) 'example_complex' retrieved from /home/airflow/.local/lib/python3.8/site-packages/airflow/example_dags/example_complex.py
[2025-12-21T07:08:06.234+0000] {logging_mixin.py:188} INFO - [2025-12-21T07:08:06.234+0000] {dag.py:3047} INFO - Sync 1 DAGs
[2025-12-21T07:08:06.248+0000] {logging_mixin.py:188} INFO - [2025-12-21T07:08:06.247+0000] {dag.py:3834} INFO - Setting next_dagrun for example_complex to None, run_after=None
[2025-12-21T07:08:06.270+0000] {processor.py:183} INFO - Processing /home/airflow/.local/lib/python3.8/site-packages/airflow/example_dags/example_complex.py took 0.089 seconds
[2025-12-21T07:08:36.378+0000] {processor.py:161} INFO - Started process (PID=1144) to work on /home/airflow/.local/lib/python3.8/site-packages/airflow/example_dags/example_complex.py
[2025-12-21T07:08:36.380+0000] {processor.py:830} INFO - Processing file /home/airflow/.local/lib/python3.8/site-packages/airflow/example_dags/example_complex.py for tasks to queue
[2025-12-21T07:08:36.383+0000] {logging_mixin.py:188} INFO - [2025-12-21T07:08:36.383+0000] {dagbag.py:540} INFO - Filling up the DagBag from /home/airflow/.local/lib/python3.8/site-packages/airflow/example_dags/example_complex.py
[2025-12-21T07:08:36.399+0000] {processor.py:840} INFO - DAG(s) 'example_complex' retrieved from /home/airflow/.local/lib/python3.8/site-packages/airflow/example_dags/example_complex.py
[2025-12-21T07:08:36.443+0000] {logging_mixin.py:188} INFO - [2025-12-21T07:08:36.443+0000] {dag.py:3047} INFO - Sync 1 DAGs
[2025-12-21T07:08:36.460+0000] {logging_mixin.py:188} INFO - [2025-12-21T07:08:36.460+0000] {dag.py:3834} INFO - Setting next_dagrun for example_complex to None, run_after=None
[2025-12-21T07:08:36.488+0000] {processor.py:183} INFO - Processing /home/airflow/.local/lib/python3.8/site-packages/airflow/example_dags/example_complex.py took 0.118 seconds
[2025-12-21T07:11:46.327+0000] {processor.py:161} INFO - Started process (PID=91) to work on /home/airflow/.local/lib/python3.8/site-packages/airflow/example_dags/example_complex.py
[2025-12-21T07:11:46.346+0000] {processor.py:830} INFO - Processing file /home/airflow/.local/lib/python3.8/site-packages/airflow/example_dags/example_complex.py for tasks to queue
[2025-12-21T07:11:46.350+0000] {logging_mixin.py:188} INFO - [2025-12-21T07:11:46.349+0000] {dagbag.py:540} INFO - Filling up the DagBag from /home/airflow/.local/lib/python3.8/site-packages/airflow/example_dags/example_complex.py
[2025-12-21T07:11:46.385+0000] {processor.py:840} INFO - DAG(s) 'example_complex' retrieved from /home/airflow/.local/lib/python3.8/site-packages/airflow/example_dags/example_complex.py
[2025-12-21T07:11:46.406+0000] {logging_mixin.py:188} INFO - [2025-12-21T07:11:46.405+0000] {dag.py:3047} INFO - Sync 1 DAGs
[2025-12-21T07:11:46.421+0000] {logging_mixin.py:188} INFO - [2025-12-21T07:11:46.421+0000] {dag.py:3834} INFO - Setting next_dagrun for example_complex to None, run_after=None
[2025-12-21T07:11:46.464+0000] {processor.py:183} INFO - Processing /home/airflow/.local/lib/python3.8/site-packages/airflow/example_dags/example_complex.py took 0.165 seconds
[2025-12-21T07:12:16.556+0000] {processor.py:161} INFO - Started process (PID=147) to work on /home/airflow/.local/lib/python3.8/site-packages/airflow/example_dags/example_complex.py
[2025-12-21T07:12:16.557+0000] {processor.py:830} INFO - Processing file /home/airflow/.local/lib/python3.8/site-packages/airflow/example_dags/example_complex.py for tasks to queue
[2025-12-21T07:12:16.559+0000] {logging_mixin.py:188} INFO - [2025-12-21T07:12:16.559+0000] {dagbag.py:540} INFO - Filling up the DagBag from /home/airflow/.local/lib/python3.8/site-packages/airflow/example_dags/example_complex.py
[2025-12-21T07:12:16.570+0000] {processor.py:840} INFO - DAG(s) 'example_complex' retrieved from /home/airflow/.local/lib/python3.8/site-packages/airflow/example_dags/example_complex.py
[2025-12-21T07:12:16.676+0000] {logging_mixin.py:188} INFO - [2025-12-21T07:12:16.676+0000] {dag.py:3047} INFO - Sync 1 DAGs
[2025-12-21T07:12:16.687+0000] {logging_mixin.py:188} INFO - [2025-12-21T07:12:16.687+0000] {dag.py:3834} INFO - Setting next_dagrun for example_complex to None, run_after=None
[2025-12-21T07:12:16.713+0000] {processor.py:183} INFO - Processing /home/airflow/.local/lib/python3.8/site-packages/airflow/example_dags/example_complex.py took 0.161 seconds
[2025-12-21T07:12:46.900+0000] {processor.py:161} INFO - Started process (PID=203) to work on /home/airflow/.local/lib/python3.8/site-packages/airflow/example_dags/example_complex.py
[2025-12-21T07:12:46.903+0000] {processor.py:830} INFO - Processing file /home/airflow/.local/lib/python3.8/site-packages/airflow/example_dags/example_complex.py for tasks to queue
[2025-12-21T07:12:46.905+0000] {logging_mixin.py:188} INFO - [2025-12-21T07:12:46.905+0000] {dagbag.py:540} INFO - Filling up the DagBag from /home/airflow/.local/lib/python3.8/site-packages/airflow/example_dags/example_complex.py
[2025-12-21T07:12:46.917+0000] {processor.py:840} INFO - DAG(s) 'example_complex' retrieved from /home/airflow/.local/lib/python3.8/site-packages/airflow/example_dags/example_complex.py
[2025-12-21T07:12:46.956+0000] {logging_mixin.py:188} INFO - [2025-12-21T07:12:46.955+0000] {dag.py:3047} INFO - Sync 1 DAGs
[2025-12-21T07:12:46.973+0000] {logging_mixin.py:188} INFO - [2025-12-21T07:12:46.972+0000] {dag.py:3834} INFO - Setting next_dagrun for example_complex to None, run_after=None
[2025-12-21T07:12:47.002+0000] {processor.py:183} INFO - Processing /home/airflow/.local/lib/python3.8/site-packages/airflow/example_dags/example_complex.py took 0.105 seconds
[2025-12-21T07:13:17.265+0000] {processor.py:161} INFO - Started process (PID=259) to work on /home/airflow/.local/lib/python3.8/site-packages/airflow/example_dags/example_complex.py
[2025-12-21T07:13:17.266+0000] {processor.py:830} INFO - Processing file /home/airflow/.local/lib/python3.8/site-packages/airflow/example_dags/example_complex.py for tasks to queue
[2025-12-21T07:13:17.269+0000] {logging_mixin.py:188} INFO - [2025-12-21T07:13:17.269+0000] {dagbag.py:540} INFO - Filling up the DagBag from /home/airflow/.local/lib/python3.8/site-packages/airflow/example_dags/example_complex.py
[2025-12-21T07:13:17.282+0000] {processor.py:840} INFO - DAG(s) 'example_complex' retrieved from /home/airflow/.local/lib/python3.8/site-packages/airflow/example_dags/example_complex.py
[2025-12-21T07:13:17.319+0000] {logging_mixin.py:188} INFO - [2025-12-21T07:13:17.318+0000] {dag.py:3047} INFO - Sync 1 DAGs
[2025-12-21T07:13:17.336+0000] {logging_mixin.py:188} INFO - [2025-12-21T07:13:17.335+0000] {dag.py:3834} INFO - Setting next_dagrun for example_complex to None, run_after=None
[2025-12-21T07:13:17.364+0000] {processor.py:183} INFO - Processing /home/airflow/.local/lib/python3.8/site-packages/airflow/example_dags/example_complex.py took 0.105 seconds
[2025-12-21T07:13:47.987+0000] {processor.py:161} INFO - Started process (PID=315) to work on /home/airflow/.local/lib/python3.8/site-packages/airflow/example_dags/example_complex.py
[2025-12-21T07:13:47.989+0000] {processor.py:830} INFO - Processing file /home/airflow/.local/lib/python3.8/site-packages/airflow/example_dags/example_complex.py for tasks to queue
[2025-12-21T07:13:47.991+0000] {logging_mixin.py:188} INFO - [2025-12-21T07:13:47.990+0000] {dagbag.py:540} INFO - Filling up the DagBag from /home/airflow/.local/lib/python3.8/site-packages/airflow/example_dags/example_complex.py
[2025-12-21T07:13:48.000+0000] {processor.py:840} INFO - DAG(s) 'example_complex' retrieved from /home/airflow/.local/lib/python3.8/site-packages/airflow/example_dags/example_complex.py
[2025-12-21T07:13:48.029+0000] {logging_mixin.py:188} INFO - [2025-12-21T07:13:48.029+0000] {dag.py:3047} INFO - Sync 1 DAGs
[2025-12-21T07:13:48.040+0000] {logging_mixin.py:188} INFO - [2025-12-21T07:13:48.040+0000] {dag.py:3834} INFO - Setting next_dagrun for example_complex to None, run_after=None
[2025-12-21T07:13:48.058+0000] {processor.py:183} INFO - Processing /home/airflow/.local/lib/python3.8/site-packages/airflow/example_dags/example_complex.py took 0.075 seconds
[2025-12-21T07:14:18.606+0000] {processor.py:161} INFO - Started process (PID=371) to work on /home/airflow/.local/lib/python3.8/site-packages/airflow/example_dags/example_complex.py
[2025-12-21T07:14:18.607+0000] {processor.py:830} INFO - Processing file /home/airflow/.local/lib/python3.8/site-packages/airflow/example_dags/example_complex.py for tasks to queue
[2025-12-21T07:14:18.610+0000] {logging_mixin.py:188} INFO - [2025-12-21T07:14:18.610+0000] {dagbag.py:540} INFO - Filling up the DagBag from /home/airflow/.local/lib/python3.8/site-packages/airflow/example_dags/example_complex.py
[2025-12-21T07:14:18.621+0000] {processor.py:840} INFO - DAG(s) 'example_complex' retrieved from /home/airflow/.local/lib/python3.8/site-packages/airflow/example_dags/example_complex.py
[2025-12-21T07:14:18.656+0000] {logging_mixin.py:188} INFO - [2025-12-21T07:14:18.655+0000] {dag.py:3047} INFO - Sync 1 DAGs
[2025-12-21T07:14:18.671+0000] {logging_mixin.py:188} INFO - [2025-12-21T07:14:18.671+0000] {dag.py:3834} INFO - Setting next_dagrun for example_complex to None, run_after=None
[2025-12-21T07:14:18.694+0000] {processor.py:183} INFO - Processing /home/airflow/.local/lib/python3.8/site-packages/airflow/example_dags/example_complex.py took 0.092 seconds
[2025-12-21T07:14:49.444+0000] {processor.py:161} INFO - Started process (PID=427) to work on /home/airflow/.local/lib/python3.8/site-packages/airflow/example_dags/example_complex.py
[2025-12-21T07:14:49.446+0000] {processor.py:830} INFO - Processing file /home/airflow/.local/lib/python3.8/site-packages/airflow/example_dags/example_complex.py for tasks to queue
[2025-12-21T07:14:49.448+0000] {logging_mixin.py:188} INFO - [2025-12-21T07:14:49.448+0000] {dagbag.py:540} INFO - Filling up the DagBag from /home/airflow/.local/lib/python3.8/site-packages/airflow/example_dags/example_complex.py
[2025-12-21T07:14:49.459+0000] {processor.py:840} INFO - DAG(s) 'example_complex' retrieved from /home/airflow/.local/lib/python3.8/site-packages/airflow/example_dags/example_complex.py
[2025-12-21T07:14:49.505+0000] {logging_mixin.py:188} INFO - [2025-12-21T07:14:49.504+0000] {dag.py:3047} INFO - Sync 1 DAGs
[2025-12-21T07:14:49.520+0000] {logging_mixin.py:188} INFO - [2025-12-21T07:14:49.520+0000] {dag.py:3834} INFO - Setting next_dagrun for example_complex to None, run_after=None
[2025-12-21T07:14:49.541+0000] {processor.py:183} INFO - Processing /home/airflow/.local/lib/python3.8/site-packages/airflow/example_dags/example_complex.py took 0.101 seconds
[2025-12-21T07:15:19.617+0000] {processor.py:161} INFO - Started process (PID=483) to work on /home/airflow/.local/lib/python3.8/site-packages/airflow/example_dags/example_complex.py
[2025-12-21T07:15:19.619+0000] {processor.py:830} INFO - Processing file /home/airflow/.local/lib/python3.8/site-packages/airflow/example_dags/example_complex.py for tasks to queue
[2025-12-21T07:15:19.621+0000] {logging_mixin.py:188} INFO - [2025-12-21T07:15:19.621+0000] {dagbag.py:540} INFO - Filling up the DagBag from /home/airflow/.local/lib/python3.8/site-packages/airflow/example_dags/example_complex.py
[2025-12-21T07:15:19.636+0000] {processor.py:840} INFO - DAG(s) 'example_complex' retrieved from /home/airflow/.local/lib/python3.8/site-packages/airflow/example_dags/example_complex.py
[2025-12-21T07:15:19.668+0000] {logging_mixin.py:188} INFO - [2025-12-21T07:15:19.668+0000] {dag.py:3047} INFO - Sync 1 DAGs
[2025-12-21T07:15:19.680+0000] {logging_mixin.py:188} INFO - [2025-12-21T07:15:19.680+0000] {dag.py:3834} INFO - Setting next_dagrun for example_complex to None, run_after=None
[2025-12-21T07:15:19.699+0000] {processor.py:183} INFO - Processing /home/airflow/.local/lib/python3.8/site-packages/airflow/example_dags/example_complex.py took 0.086 seconds
[2025-12-21T07:15:50.000+0000] {processor.py:161} INFO - Started process (PID=539) to work on /home/airflow/.local/lib/python3.8/site-packages/airflow/example_dags/example_complex.py
[2025-12-21T07:15:50.002+0000] {processor.py:830} INFO - Processing file /home/airflow/.local/lib/python3.8/site-packages/airflow/example_dags/example_complex.py for tasks to queue
[2025-12-21T07:15:50.004+0000] {logging_mixin.py:188} INFO - [2025-12-21T07:15:50.004+0000] {dagbag.py:540} INFO - Filling up the DagBag from /home/airflow/.local/lib/python3.8/site-packages/airflow/example_dags/example_complex.py
[2025-12-21T07:15:50.016+0000] {processor.py:840} INFO - DAG(s) 'example_complex' retrieved from /home/airflow/.local/lib/python3.8/site-packages/airflow/example_dags/example_complex.py
[2025-12-21T07:15:50.046+0000] {logging_mixin.py:188} INFO - [2025-12-21T07:15:50.046+0000] {dag.py:3047} INFO - Sync 1 DAGs
[2025-12-21T07:15:50.058+0000] {logging_mixin.py:188} INFO - [2025-12-21T07:15:50.058+0000] {dag.py:3834} INFO - Setting next_dagrun for example_complex to None, run_after=None
[2025-12-21T07:15:50.077+0000] {processor.py:183} INFO - Processing /home/airflow/.local/lib/python3.8/site-packages/airflow/example_dags/example_complex.py took 0.080 seconds
[2025-12-21T07:16:21.256+0000] {processor.py:161} INFO - Started process (PID=595) to work on /home/airflow/.local/lib/python3.8/site-packages/airflow/example_dags/example_complex.py
[2025-12-21T07:16:21.257+0000] {processor.py:830} INFO - Processing file /home/airflow/.local/lib/python3.8/site-packages/airflow/example_dags/example_complex.py for tasks to queue
[2025-12-21T07:16:21.259+0000] {logging_mixin.py:188} INFO - [2025-12-21T07:16:21.259+0000] {dagbag.py:540} INFO - Filling up the DagBag from /home/airflow/.local/lib/python3.8/site-packages/airflow/example_dags/example_complex.py
[2025-12-21T07:16:21.271+0000] {processor.py:840} INFO - DAG(s) 'example_complex' retrieved from /home/airflow/.local/lib/python3.8/site-packages/airflow/example_dags/example_complex.py
[2025-12-21T07:16:21.306+0000] {logging_mixin.py:188} INFO - [2025-12-21T07:16:21.306+0000] {dag.py:3047} INFO - Sync 1 DAGs
[2025-12-21T07:16:21.321+0000] {logging_mixin.py:188} INFO - [2025-12-21T07:16:21.321+0000] {dag.py:3834} INFO - Setting next_dagrun for example_complex to None, run_after=None
[2025-12-21T07:16:21.345+0000] {processor.py:183} INFO - Processing /home/airflow/.local/lib/python3.8/site-packages/airflow/example_dags/example_complex.py took 0.094 seconds
[2025-12-21T07:16:52.063+0000] {processor.py:161} INFO - Started process (PID=651) to work on /home/airflow/.local/lib/python3.8/site-packages/airflow/example_dags/example_complex.py
[2025-12-21T07:16:52.065+0000] {processor.py:830} INFO - Processing file /home/airflow/.local/lib/python3.8/site-packages/airflow/example_dags/example_complex.py for tasks to queue
[2025-12-21T07:16:52.067+0000] {logging_mixin.py:188} INFO - [2025-12-21T07:16:52.067+0000] {dagbag.py:540} INFO - Filling up the DagBag from /home/airflow/.local/lib/python3.8/site-packages/airflow/example_dags/example_complex.py
[2025-12-21T07:16:52.080+0000] {processor.py:840} INFO - DAG(s) 'example_complex' retrieved from /home/airflow/.local/lib/python3.8/site-packages/airflow/example_dags/example_complex.py
[2025-12-21T07:16:52.117+0000] {logging_mixin.py:188} INFO - [2025-12-21T07:16:52.117+0000] {dag.py:3047} INFO - Sync 1 DAGs
[2025-12-21T07:16:52.132+0000] {logging_mixin.py:188} INFO - [2025-12-21T07:16:52.131+0000] {dag.py:3834} INFO - Setting next_dagrun for example_complex to None, run_after=None
[2025-12-21T07:16:52.158+0000] {processor.py:183} INFO - Processing /home/airflow/.local/lib/python3.8/site-packages/airflow/example_dags/example_complex.py took 0.099 seconds
[2025-12-21T07:17:22.255+0000] {processor.py:161} INFO - Started process (PID=707) to work on /home/airflow/.local/lib/python3.8/site-packages/airflow/example_dags/example_complex.py
[2025-12-21T07:17:22.256+0000] {processor.py:830} INFO - Processing file /home/airflow/.local/lib/python3.8/site-packages/airflow/example_dags/example_complex.py for tasks to queue
[2025-12-21T07:17:22.258+0000] {logging_mixin.py:188} INFO - [2025-12-21T07:17:22.258+0000] {dagbag.py:540} INFO - Filling up the DagBag from /home/airflow/.local/lib/python3.8/site-packages/airflow/example_dags/example_complex.py
[2025-12-21T07:17:22.269+0000] {processor.py:840} INFO - DAG(s) 'example_complex' retrieved from /home/airflow/.local/lib/python3.8/site-packages/airflow/example_dags/example_complex.py
[2025-12-21T07:17:22.298+0000] {logging_mixin.py:188} INFO - [2025-12-21T07:17:22.298+0000] {dag.py:3047} INFO - Sync 1 DAGs
[2025-12-21T07:17:22.310+0000] {logging_mixin.py:188} INFO - [2025-12-21T07:17:22.310+0000] {dag.py:3834} INFO - Setting next_dagrun for example_complex to None, run_after=None
[2025-12-21T07:17:22.329+0000] {processor.py:183} INFO - Processing /home/airflow/.local/lib/python3.8/site-packages/airflow/example_dags/example_complex.py took 0.078 seconds
[2025-12-21T07:17:52.415+0000] {processor.py:161} INFO - Started process (PID=764) to work on /home/airflow/.local/lib/python3.8/site-packages/airflow/example_dags/example_complex.py
[2025-12-21T07:17:52.416+0000] {processor.py:830} INFO - Processing file /home/airflow/.local/lib/python3.8/site-packages/airflow/example_dags/example_complex.py for tasks to queue
[2025-12-21T07:17:52.419+0000] {logging_mixin.py:188} INFO - [2025-12-21T07:17:52.418+0000] {dagbag.py:540} INFO - Filling up the DagBag from /home/airflow/.local/lib/python3.8/site-packages/airflow/example_dags/example_complex.py
[2025-12-21T07:17:52.428+0000] {processor.py:840} INFO - DAG(s) 'example_complex' retrieved from /home/airflow/.local/lib/python3.8/site-packages/airflow/example_dags/example_complex.py
[2025-12-21T07:17:52.460+0000] {logging_mixin.py:188} INFO - [2025-12-21T07:17:52.459+0000] {dag.py:3047} INFO - Sync 1 DAGs
[2025-12-21T07:17:52.473+0000] {logging_mixin.py:188} INFO - [2025-12-21T07:17:52.472+0000] {dag.py:3834} INFO - Setting next_dagrun for example_complex to None, run_after=None
[2025-12-21T07:17:52.494+0000] {processor.py:183} INFO - Processing /home/airflow/.local/lib/python3.8/site-packages/airflow/example_dags/example_complex.py took 0.084 seconds
[2025-12-21T07:18:23.239+0000] {processor.py:161} INFO - Started process (PID=820) to work on /home/airflow/.local/lib/python3.8/site-packages/airflow/example_dags/example_complex.py
[2025-12-21T07:18:23.242+0000] {processor.py:830} INFO - Processing file /home/airflow/.local/lib/python3.8/site-packages/airflow/example_dags/example_complex.py for tasks to queue
[2025-12-21T07:18:23.245+0000] {logging_mixin.py:188} INFO - [2025-12-21T07:18:23.244+0000] {dagbag.py:540} INFO - Filling up the DagBag from /home/airflow/.local/lib/python3.8/site-packages/airflow/example_dags/example_complex.py
[2025-12-21T07:18:23.258+0000] {processor.py:840} INFO - DAG(s) 'example_complex' retrieved from /home/airflow/.local/lib/python3.8/site-packages/airflow/example_dags/example_complex.py
[2025-12-21T07:18:23.300+0000] {logging_mixin.py:188} INFO - [2025-12-21T07:18:23.300+0000] {dag.py:3047} INFO - Sync 1 DAGs
[2025-12-21T07:18:23.320+0000] {logging_mixin.py:188} INFO - [2025-12-21T07:18:23.319+0000] {dag.py:3834} INFO - Setting next_dagrun for example_complex to None, run_after=None
[2025-12-21T07:18:23.349+0000] {processor.py:183} INFO - Processing /home/airflow/.local/lib/python3.8/site-packages/airflow/example_dags/example_complex.py took 0.113 seconds
[2025-12-21T07:18:54.252+0000] {processor.py:161} INFO - Started process (PID=876) to work on /home/airflow/.local/lib/python3.8/site-packages/airflow/example_dags/example_complex.py
[2025-12-21T07:18:54.254+0000] {processor.py:830} INFO - Processing file /home/airflow/.local/lib/python3.8/site-packages/airflow/example_dags/example_complex.py for tasks to queue
[2025-12-21T07:18:54.256+0000] {logging_mixin.py:188} INFO - [2025-12-21T07:18:54.255+0000] {dagbag.py:540} INFO - Filling up the DagBag from /home/airflow/.local/lib/python3.8/site-packages/airflow/example_dags/example_complex.py
[2025-12-21T07:18:54.266+0000] {processor.py:840} INFO - DAG(s) 'example_complex' retrieved from /home/airflow/.local/lib/python3.8/site-packages/airflow/example_dags/example_complex.py
[2025-12-21T07:18:54.298+0000] {logging_mixin.py:188} INFO - [2025-12-21T07:18:54.297+0000] {dag.py:3047} INFO - Sync 1 DAGs
[2025-12-21T07:18:54.315+0000] {logging_mixin.py:188} INFO - [2025-12-21T07:18:54.314+0000] {dag.py:3834} INFO - Setting next_dagrun for example_complex to None, run_after=None
[2025-12-21T07:18:54.341+0000] {processor.py:183} INFO - Processing /home/airflow/.local/lib/python3.8/site-packages/airflow/example_dags/example_complex.py took 0.092 seconds
[2025-12-21T07:19:26.767+0000] {processor.py:161} INFO - Started process (PID=932) to work on /home/airflow/.local/lib/python3.8/site-packages/airflow/example_dags/example_complex.py
[2025-12-21T07:19:26.768+0000] {processor.py:830} INFO - Processing file /home/airflow/.local/lib/python3.8/site-packages/airflow/example_dags/example_complex.py for tasks to queue
[2025-12-21T07:19:26.771+0000] {logging_mixin.py:188} INFO - [2025-12-21T07:19:26.770+0000] {dagbag.py:540} INFO - Filling up the DagBag from /home/airflow/.local/lib/python3.8/site-packages/airflow/example_dags/example_complex.py
[2025-12-21T07:19:26.783+0000] {processor.py:840} INFO - DAG(s) 'example_complex' retrieved from /home/airflow/.local/lib/python3.8/site-packages/airflow/example_dags/example_complex.py
[2025-12-21T07:19:26.815+0000] {logging_mixin.py:188} INFO - [2025-12-21T07:19:26.815+0000] {dag.py:3047} INFO - Sync 1 DAGs
[2025-12-21T07:19:26.828+0000] {logging_mixin.py:188} INFO - [2025-12-21T07:19:26.828+0000] {dag.py:3834} INFO - Setting next_dagrun for example_complex to None, run_after=None
[2025-12-21T07:19:26.861+0000] {processor.py:183} INFO - Processing /home/airflow/.local/lib/python3.8/site-packages/airflow/example_dags/example_complex.py took 0.098 seconds
[2025-12-21T07:19:57.742+0000] {processor.py:161} INFO - Started process (PID=989) to work on /home/airflow/.local/lib/python3.8/site-packages/airflow/example_dags/example_complex.py
[2025-12-21T07:19:57.749+0000] {processor.py:830} INFO - Processing file /home/airflow/.local/lib/python3.8/site-packages/airflow/example_dags/example_complex.py for tasks to queue
[2025-12-21T07:19:57.754+0000] {logging_mixin.py:188} INFO - [2025-12-21T07:19:57.751+0000] {dagbag.py:540} INFO - Filling up the DagBag from /home/airflow/.local/lib/python3.8/site-packages/airflow/example_dags/example_complex.py
[2025-12-21T07:19:57.776+0000] {processor.py:840} INFO - DAG(s) 'example_complex' retrieved from /home/airflow/.local/lib/python3.8/site-packages/airflow/example_dags/example_complex.py
[2025-12-21T07:19:57.834+0000] {logging_mixin.py:188} INFO - [2025-12-21T07:19:57.834+0000] {dag.py:3047} INFO - Sync 1 DAGs
[2025-12-21T07:19:57.867+0000] {logging_mixin.py:188} INFO - [2025-12-21T07:19:57.866+0000] {dag.py:3834} INFO - Setting next_dagrun for example_complex to None, run_after=None
[2025-12-21T07:19:57.904+0000] {processor.py:183} INFO - Processing /home/airflow/.local/lib/python3.8/site-packages/airflow/example_dags/example_complex.py took 0.167 seconds
[2025-12-21T07:20:41.352+0000] {processor.py:161} INFO - Started process (PID=80) to work on /home/airflow/.local/lib/python3.8/site-packages/airflow/example_dags/example_complex.py
[2025-12-21T07:20:41.354+0000] {processor.py:830} INFO - Processing file /home/airflow/.local/lib/python3.8/site-packages/airflow/example_dags/example_complex.py for tasks to queue
[2025-12-21T07:20:41.357+0000] {logging_mixin.py:188} INFO - [2025-12-21T07:20:41.356+0000] {dagbag.py:540} INFO - Filling up the DagBag from /home/airflow/.local/lib/python3.8/site-packages/airflow/example_dags/example_complex.py
[2025-12-21T07:20:41.370+0000] {processor.py:840} INFO - DAG(s) 'example_complex' retrieved from /home/airflow/.local/lib/python3.8/site-packages/airflow/example_dags/example_complex.py
[2025-12-21T07:20:41.435+0000] {logging_mixin.py:188} INFO - [2025-12-21T07:20:41.435+0000] {dag.py:3047} INFO - Sync 1 DAGs
[2025-12-21T07:20:41.453+0000] {logging_mixin.py:188} INFO - [2025-12-21T07:20:41.452+0000] {dag.py:3834} INFO - Setting next_dagrun for example_complex to None, run_after=None
[2025-12-21T07:20:41.478+0000] {processor.py:183} INFO - Processing /home/airflow/.local/lib/python3.8/site-packages/airflow/example_dags/example_complex.py took 0.129 seconds
[2025-12-21T07:21:11.634+0000] {processor.py:161} INFO - Started process (PID=136) to work on /home/airflow/.local/lib/python3.8/site-packages/airflow/example_dags/example_complex.py
[2025-12-21T07:21:11.639+0000] {processor.py:830} INFO - Processing file /home/airflow/.local/lib/python3.8/site-packages/airflow/example_dags/example_complex.py for tasks to queue
[2025-12-21T07:21:11.642+0000] {logging_mixin.py:188} INFO - [2025-12-21T07:21:11.641+0000] {dagbag.py:540} INFO - Filling up the DagBag from /home/airflow/.local/lib/python3.8/site-packages/airflow/example_dags/example_complex.py
[2025-12-21T07:21:11.654+0000] {processor.py:840} INFO - DAG(s) 'example_complex' retrieved from /home/airflow/.local/lib/python3.8/site-packages/airflow/example_dags/example_complex.py
[2025-12-21T07:21:11.690+0000] {logging_mixin.py:188} INFO - [2025-12-21T07:21:11.690+0000] {dag.py:3047} INFO - Sync 1 DAGs
[2025-12-21T07:21:11.705+0000] {logging_mixin.py:188} INFO - [2025-12-21T07:21:11.705+0000] {dag.py:3834} INFO - Setting next_dagrun for example_complex to None, run_after=None
[2025-12-21T07:21:11.731+0000] {processor.py:183} INFO - Processing /home/airflow/.local/lib/python3.8/site-packages/airflow/example_dags/example_complex.py took 0.101 seconds
[2025-12-21T07:22:22.563+0000] {processor.py:161} INFO - Started process (PID=93) to work on /home/airflow/.local/lib/python3.8/site-packages/airflow/example_dags/example_complex.py
[2025-12-21T07:22:22.565+0000] {processor.py:830} INFO - Processing file /home/airflow/.local/lib/python3.8/site-packages/airflow/example_dags/example_complex.py for tasks to queue
[2025-12-21T07:22:22.567+0000] {logging_mixin.py:188} INFO - [2025-12-21T07:22:22.567+0000] {dagbag.py:540} INFO - Filling up the DagBag from /home/airflow/.local/lib/python3.8/site-packages/airflow/example_dags/example_complex.py
[2025-12-21T07:22:22.579+0000] {processor.py:840} INFO - DAG(s) 'example_complex' retrieved from /home/airflow/.local/lib/python3.8/site-packages/airflow/example_dags/example_complex.py
[2025-12-21T07:22:22.598+0000] {logging_mixin.py:188} INFO - [2025-12-21T07:22:22.597+0000] {dag.py:3047} INFO - Sync 1 DAGs
[2025-12-21T07:22:22.614+0000] {logging_mixin.py:188} INFO - [2025-12-21T07:22:22.614+0000] {dag.py:3834} INFO - Setting next_dagrun for example_complex to None, run_after=None
[2025-12-21T07:22:22.639+0000] {processor.py:183} INFO - Processing /home/airflow/.local/lib/python3.8/site-packages/airflow/example_dags/example_complex.py took 0.080 seconds
[2025-12-21T07:22:53.979+0000] {processor.py:161} INFO - Started process (PID=150) to work on /home/airflow/.local/lib/python3.8/site-packages/airflow/example_dags/example_complex.py
[2025-12-21T07:22:53.981+0000] {processor.py:830} INFO - Processing file /home/airflow/.local/lib/python3.8/site-packages/airflow/example_dags/example_complex.py for tasks to queue
[2025-12-21T07:22:53.983+0000] {logging_mixin.py:188} INFO - [2025-12-21T07:22:53.983+0000] {dagbag.py:540} INFO - Filling up the DagBag from /home/airflow/.local/lib/python3.8/site-packages/airflow/example_dags/example_complex.py
[2025-12-21T07:22:53.993+0000] {processor.py:840} INFO - DAG(s) 'example_complex' retrieved from /home/airflow/.local/lib/python3.8/site-packages/airflow/example_dags/example_complex.py
[2025-12-21T07:22:54.120+0000] {logging_mixin.py:188} INFO - [2025-12-21T07:22:54.119+0000] {dag.py:3047} INFO - Sync 1 DAGs
[2025-12-21T07:22:54.132+0000] {logging_mixin.py:188} INFO - [2025-12-21T07:22:54.132+0000] {dag.py:3834} INFO - Setting next_dagrun for example_complex to None, run_after=None
[2025-12-21T07:22:54.160+0000] {processor.py:183} INFO - Processing /home/airflow/.local/lib/python3.8/site-packages/airflow/example_dags/example_complex.py took 0.184 seconds
[2025-12-21T07:28:33.441+0000] {processor.py:161} INFO - Started process (PID=95) to work on /home/airflow/.local/lib/python3.8/site-packages/airflow/example_dags/example_complex.py
[2025-12-21T07:28:33.444+0000] {processor.py:830} INFO - Processing file /home/airflow/.local/lib/python3.8/site-packages/airflow/example_dags/example_complex.py for tasks to queue
[2025-12-21T07:28:33.447+0000] {logging_mixin.py:188} INFO - [2025-12-21T07:28:33.446+0000] {dagbag.py:540} INFO - Filling up the DagBag from /home/airflow/.local/lib/python3.8/site-packages/airflow/example_dags/example_complex.py
[2025-12-21T07:28:33.465+0000] {processor.py:840} INFO - DAG(s) 'example_complex' retrieved from /home/airflow/.local/lib/python3.8/site-packages/airflow/example_dags/example_complex.py
[2025-12-21T07:28:33.492+0000] {logging_mixin.py:188} INFO - [2025-12-21T07:28:33.492+0000] {dag.py:3047} INFO - Sync 1 DAGs
[2025-12-21T07:28:33.510+0000] {logging_mixin.py:188} INFO - [2025-12-21T07:28:33.510+0000] {dag.py:3834} INFO - Setting next_dagrun for example_complex to None, run_after=None
[2025-12-21T07:28:33.542+0000] {processor.py:183} INFO - Processing /home/airflow/.local/lib/python3.8/site-packages/airflow/example_dags/example_complex.py took 0.107 seconds
[2025-12-21T07:29:03.924+0000] {processor.py:161} INFO - Started process (PID=151) to work on /home/airflow/.local/lib/python3.8/site-packages/airflow/example_dags/example_complex.py
[2025-12-21T07:29:03.926+0000] {processor.py:830} INFO - Processing file /home/airflow/.local/lib/python3.8/site-packages/airflow/example_dags/example_complex.py for tasks to queue
[2025-12-21T07:29:03.929+0000] {logging_mixin.py:188} INFO - [2025-12-21T07:29:03.928+0000] {dagbag.py:540} INFO - Filling up the DagBag from /home/airflow/.local/lib/python3.8/site-packages/airflow/example_dags/example_complex.py
[2025-12-21T07:29:03.940+0000] {processor.py:840} INFO - DAG(s) 'example_complex' retrieved from /home/airflow/.local/lib/python3.8/site-packages/airflow/example_dags/example_complex.py
[2025-12-21T07:29:04.057+0000] {logging_mixin.py:188} INFO - [2025-12-21T07:29:04.057+0000] {dag.py:3047} INFO - Sync 1 DAGs
[2025-12-21T07:29:04.069+0000] {logging_mixin.py:188} INFO - [2025-12-21T07:29:04.068+0000] {dag.py:3834} INFO - Setting next_dagrun for example_complex to None, run_after=None
[2025-12-21T07:29:04.098+0000] {processor.py:183} INFO - Processing /home/airflow/.local/lib/python3.8/site-packages/airflow/example_dags/example_complex.py took 0.177 seconds
[2025-12-21T07:29:34.336+0000] {processor.py:161} INFO - Started process (PID=207) to work on /home/airflow/.local/lib/python3.8/site-packages/airflow/example_dags/example_complex.py
[2025-12-21T07:29:34.338+0000] {processor.py:830} INFO - Processing file /home/airflow/.local/lib/python3.8/site-packages/airflow/example_dags/example_complex.py for tasks to queue
[2025-12-21T07:29:34.340+0000] {logging_mixin.py:188} INFO - [2025-12-21T07:29:34.340+0000] {dagbag.py:540} INFO - Filling up the DagBag from /home/airflow/.local/lib/python3.8/site-packages/airflow/example_dags/example_complex.py
[2025-12-21T07:29:34.356+0000] {processor.py:840} INFO - DAG(s) 'example_complex' retrieved from /home/airflow/.local/lib/python3.8/site-packages/airflow/example_dags/example_complex.py
[2025-12-21T07:29:34.404+0000] {logging_mixin.py:188} INFO - [2025-12-21T07:29:34.404+0000] {dag.py:3047} INFO - Sync 1 DAGs
[2025-12-21T07:29:34.424+0000] {logging_mixin.py:188} INFO - [2025-12-21T07:29:34.423+0000] {dag.py:3834} INFO - Setting next_dagrun for example_complex to None, run_after=None
[2025-12-21T07:29:34.462+0000] {processor.py:183} INFO - Processing /home/airflow/.local/lib/python3.8/site-packages/airflow/example_dags/example_complex.py took 0.130 seconds
[2025-12-21T07:30:04.565+0000] {processor.py:161} INFO - Started process (PID=262) to work on /home/airflow/.local/lib/python3.8/site-packages/airflow/example_dags/example_complex.py
[2025-12-21T07:30:04.567+0000] {processor.py:830} INFO - Processing file /home/airflow/.local/lib/python3.8/site-packages/airflow/example_dags/example_complex.py for tasks to queue
[2025-12-21T07:30:04.570+0000] {logging_mixin.py:188} INFO - [2025-12-21T07:30:04.569+0000] {dagbag.py:540} INFO - Filling up the DagBag from /home/airflow/.local/lib/python3.8/site-packages/airflow/example_dags/example_complex.py
[2025-12-21T07:30:04.580+0000] {processor.py:840} INFO - DAG(s) 'example_complex' retrieved from /home/airflow/.local/lib/python3.8/site-packages/airflow/example_dags/example_complex.py
[2025-12-21T07:30:04.614+0000] {logging_mixin.py:188} INFO - [2025-12-21T07:30:04.613+0000] {dag.py:3047} INFO - Sync 1 DAGs
[2025-12-21T07:30:04.626+0000] {logging_mixin.py:188} INFO - [2025-12-21T07:30:04.626+0000] {dag.py:3834} INFO - Setting next_dagrun for example_complex to None, run_after=None
[2025-12-21T07:30:04.654+0000] {processor.py:183} INFO - Processing /home/airflow/.local/lib/python3.8/site-packages/airflow/example_dags/example_complex.py took 0.092 seconds
[2025-12-21T07:30:34.917+0000] {processor.py:161} INFO - Started process (PID=318) to work on /home/airflow/.local/lib/python3.8/site-packages/airflow/example_dags/example_complex.py
[2025-12-21T07:30:34.920+0000] {processor.py:830} INFO - Processing file /home/airflow/.local/lib/python3.8/site-packages/airflow/example_dags/example_complex.py for tasks to queue
[2025-12-21T07:30:34.923+0000] {logging_mixin.py:188} INFO - [2025-12-21T07:30:34.923+0000] {dagbag.py:540} INFO - Filling up the DagBag from /home/airflow/.local/lib/python3.8/site-packages/airflow/example_dags/example_complex.py
[2025-12-21T07:30:34.937+0000] {processor.py:840} INFO - DAG(s) 'example_complex' retrieved from /home/airflow/.local/lib/python3.8/site-packages/airflow/example_dags/example_complex.py
[2025-12-21T07:30:34.975+0000] {logging_mixin.py:188} INFO - [2025-12-21T07:30:34.975+0000] {dag.py:3047} INFO - Sync 1 DAGs
[2025-12-21T07:30:34.992+0000] {logging_mixin.py:188} INFO - [2025-12-21T07:30:34.992+0000] {dag.py:3834} INFO - Setting next_dagrun for example_complex to None, run_after=None
[2025-12-21T07:30:35.020+0000] {processor.py:183} INFO - Processing /home/airflow/.local/lib/python3.8/site-packages/airflow/example_dags/example_complex.py took 0.108 seconds
[2025-12-21T07:31:05.223+0000] {processor.py:161} INFO - Started process (PID=374) to work on /home/airflow/.local/lib/python3.8/site-packages/airflow/example_dags/example_complex.py
[2025-12-21T07:31:05.224+0000] {processor.py:830} INFO - Processing file /home/airflow/.local/lib/python3.8/site-packages/airflow/example_dags/example_complex.py for tasks to queue
[2025-12-21T07:31:05.226+0000] {logging_mixin.py:188} INFO - [2025-12-21T07:31:05.226+0000] {dagbag.py:540} INFO - Filling up the DagBag from /home/airflow/.local/lib/python3.8/site-packages/airflow/example_dags/example_complex.py
[2025-12-21T07:31:05.239+0000] {processor.py:840} INFO - DAG(s) 'example_complex' retrieved from /home/airflow/.local/lib/python3.8/site-packages/airflow/example_dags/example_complex.py
[2025-12-21T07:31:05.271+0000] {logging_mixin.py:188} INFO - [2025-12-21T07:31:05.271+0000] {dag.py:3047} INFO - Sync 1 DAGs
[2025-12-21T07:31:05.285+0000] {logging_mixin.py:188} INFO - [2025-12-21T07:31:05.285+0000] {dag.py:3834} INFO - Setting next_dagrun for example_complex to None, run_after=None
[2025-12-21T07:31:05.307+0000] {processor.py:183} INFO - Processing /home/airflow/.local/lib/python3.8/site-packages/airflow/example_dags/example_complex.py took 0.089 seconds
[2025-12-21T07:31:35.438+0000] {processor.py:161} INFO - Started process (PID=430) to work on /home/airflow/.local/lib/python3.8/site-packages/airflow/example_dags/example_complex.py
[2025-12-21T07:31:35.440+0000] {processor.py:830} INFO - Processing file /home/airflow/.local/lib/python3.8/site-packages/airflow/example_dags/example_complex.py for tasks to queue
[2025-12-21T07:31:35.445+0000] {logging_mixin.py:188} INFO - [2025-12-21T07:31:35.444+0000] {dagbag.py:540} INFO - Filling up the DagBag from /home/airflow/.local/lib/python3.8/site-packages/airflow/example_dags/example_complex.py
[2025-12-21T07:31:35.455+0000] {processor.py:840} INFO - DAG(s) 'example_complex' retrieved from /home/airflow/.local/lib/python3.8/site-packages/airflow/example_dags/example_complex.py
[2025-12-21T07:31:35.486+0000] {logging_mixin.py:188} INFO - [2025-12-21T07:31:35.486+0000] {dag.py:3047} INFO - Sync 1 DAGs
[2025-12-21T07:31:35.498+0000] {logging_mixin.py:188} INFO - [2025-12-21T07:31:35.498+0000] {dag.py:3834} INFO - Setting next_dagrun for example_complex to None, run_after=None
[2025-12-21T07:31:35.519+0000] {processor.py:183} INFO - Processing /home/airflow/.local/lib/python3.8/site-packages/airflow/example_dags/example_complex.py took 0.084 seconds
