[2025-12-21T06:58:55.253+0000] {processor.py:161} INFO - Started process (PID=85) to work on /home/airflow/.local/lib/python3.8/site-packages/airflow/example_dags/example_branch_python_dop_operator_3.py
[2025-12-21T06:58:55.255+0000] {processor.py:830} INFO - Processing file /home/airflow/.local/lib/python3.8/site-packages/airflow/example_dags/example_branch_python_dop_operator_3.py for tasks to queue
[2025-12-21T06:58:55.258+0000] {logging_mixin.py:188} INFO - [2025-12-21T06:58:55.258+0000] {dagbag.py:540} INFO - Filling up the DagBag from /home/airflow/.local/lib/python3.8/site-packages/airflow/example_dags/example_branch_python_dop_operator_3.py
[2025-12-21T06:58:55.271+0000] {processor.py:840} INFO - DAG(s) 'example_branch_dop_operator_v3' retrieved from /home/airflow/.local/lib/python3.8/site-packages/airflow/example_dags/example_branch_python_dop_operator_3.py
[2025-12-21T06:58:55.415+0000] {logging_mixin.py:188} INFO - [2025-12-21T06:58:55.414+0000] {dag.py:3047} INFO - Sync 1 DAGs
[2025-12-21T06:58:55.439+0000] {logging_mixin.py:188} INFO - [2025-12-21T06:58:55.438+0000] {dag.py:3834} INFO - Setting next_dagrun for example_branch_dop_operator_v3 to 2025-12-21 06:57:00+00:00, run_after=2025-12-21 06:58:00+00:00
[2025-12-21T06:58:55.464+0000] {processor.py:183} INFO - Processing /home/airflow/.local/lib/python3.8/site-packages/airflow/example_dags/example_branch_python_dop_operator_3.py took 0.215 seconds
[2025-12-21T06:59:26.464+0000] {processor.py:161} INFO - Started process (PID=141) to work on /home/airflow/.local/lib/python3.8/site-packages/airflow/example_dags/example_branch_python_dop_operator_3.py
[2025-12-21T06:59:26.466+0000] {processor.py:830} INFO - Processing file /home/airflow/.local/lib/python3.8/site-packages/airflow/example_dags/example_branch_python_dop_operator_3.py for tasks to queue
[2025-12-21T06:59:26.469+0000] {logging_mixin.py:188} INFO - [2025-12-21T06:59:26.468+0000] {dagbag.py:540} INFO - Filling up the DagBag from /home/airflow/.local/lib/python3.8/site-packages/airflow/example_dags/example_branch_python_dop_operator_3.py
[2025-12-21T06:59:26.481+0000] {processor.py:840} INFO - DAG(s) 'example_branch_dop_operator_v3' retrieved from /home/airflow/.local/lib/python3.8/site-packages/airflow/example_dags/example_branch_python_dop_operator_3.py
[2025-12-21T06:59:26.506+0000] {logging_mixin.py:188} INFO - [2025-12-21T06:59:26.505+0000] {dag.py:3047} INFO - Sync 1 DAGs
[2025-12-21T06:59:26.534+0000] {logging_mixin.py:188} INFO - [2025-12-21T06:59:26.534+0000] {dag.py:3834} INFO - Setting next_dagrun for example_branch_dop_operator_v3 to 2025-12-21 06:58:00+00:00, run_after=2025-12-21 06:59:00+00:00
[2025-12-21T06:59:26.557+0000] {processor.py:183} INFO - Processing /home/airflow/.local/lib/python3.8/site-packages/airflow/example_dags/example_branch_python_dop_operator_3.py took 0.097 seconds
[2025-12-21T06:59:56.748+0000] {processor.py:161} INFO - Started process (PID=197) to work on /home/airflow/.local/lib/python3.8/site-packages/airflow/example_dags/example_branch_python_dop_operator_3.py
[2025-12-21T06:59:56.750+0000] {processor.py:830} INFO - Processing file /home/airflow/.local/lib/python3.8/site-packages/airflow/example_dags/example_branch_python_dop_operator_3.py for tasks to queue
[2025-12-21T06:59:56.752+0000] {logging_mixin.py:188} INFO - [2025-12-21T06:59:56.752+0000] {dagbag.py:540} INFO - Filling up the DagBag from /home/airflow/.local/lib/python3.8/site-packages/airflow/example_dags/example_branch_python_dop_operator_3.py
[2025-12-21T06:59:56.762+0000] {processor.py:840} INFO - DAG(s) 'example_branch_dop_operator_v3' retrieved from /home/airflow/.local/lib/python3.8/site-packages/airflow/example_dags/example_branch_python_dop_operator_3.py
[2025-12-21T06:59:56.788+0000] {logging_mixin.py:188} INFO - [2025-12-21T06:59:56.787+0000] {dag.py:3047} INFO - Sync 1 DAGs
[2025-12-21T06:59:56.814+0000] {logging_mixin.py:188} INFO - [2025-12-21T06:59:56.814+0000] {dag.py:3834} INFO - Setting next_dagrun for example_branch_dop_operator_v3 to 2025-12-21 06:58:00+00:00, run_after=2025-12-21 06:59:00+00:00
[2025-12-21T06:59:56.839+0000] {processor.py:183} INFO - Processing /home/airflow/.local/lib/python3.8/site-packages/airflow/example_dags/example_branch_python_dop_operator_3.py took 0.094 seconds
[2025-12-21T07:00:27.053+0000] {processor.py:161} INFO - Started process (PID=253) to work on /home/airflow/.local/lib/python3.8/site-packages/airflow/example_dags/example_branch_python_dop_operator_3.py
[2025-12-21T07:00:27.054+0000] {processor.py:830} INFO - Processing file /home/airflow/.local/lib/python3.8/site-packages/airflow/example_dags/example_branch_python_dop_operator_3.py for tasks to queue
[2025-12-21T07:00:27.056+0000] {logging_mixin.py:188} INFO - [2025-12-21T07:00:27.056+0000] {dagbag.py:540} INFO - Filling up the DagBag from /home/airflow/.local/lib/python3.8/site-packages/airflow/example_dags/example_branch_python_dop_operator_3.py
[2025-12-21T07:00:27.066+0000] {processor.py:840} INFO - DAG(s) 'example_branch_dop_operator_v3' retrieved from /home/airflow/.local/lib/python3.8/site-packages/airflow/example_dags/example_branch_python_dop_operator_3.py
[2025-12-21T07:00:27.088+0000] {logging_mixin.py:188} INFO - [2025-12-21T07:00:27.088+0000] {dag.py:3047} INFO - Sync 1 DAGs
[2025-12-21T07:00:27.113+0000] {logging_mixin.py:188} INFO - [2025-12-21T07:00:27.112+0000] {dag.py:3834} INFO - Setting next_dagrun for example_branch_dop_operator_v3 to 2025-12-21 06:59:00+00:00, run_after=2025-12-21 07:00:00+00:00
[2025-12-21T07:00:27.137+0000] {processor.py:183} INFO - Processing /home/airflow/.local/lib/python3.8/site-packages/airflow/example_dags/example_branch_python_dop_operator_3.py took 0.089 seconds
[2025-12-21T07:00:57.338+0000] {processor.py:161} INFO - Started process (PID=309) to work on /home/airflow/.local/lib/python3.8/site-packages/airflow/example_dags/example_branch_python_dop_operator_3.py
[2025-12-21T07:00:57.340+0000] {processor.py:830} INFO - Processing file /home/airflow/.local/lib/python3.8/site-packages/airflow/example_dags/example_branch_python_dop_operator_3.py for tasks to queue
[2025-12-21T07:00:57.343+0000] {logging_mixin.py:188} INFO - [2025-12-21T07:00:57.342+0000] {dagbag.py:540} INFO - Filling up the DagBag from /home/airflow/.local/lib/python3.8/site-packages/airflow/example_dags/example_branch_python_dop_operator_3.py
[2025-12-21T07:00:57.352+0000] {processor.py:840} INFO - DAG(s) 'example_branch_dop_operator_v3' retrieved from /home/airflow/.local/lib/python3.8/site-packages/airflow/example_dags/example_branch_python_dop_operator_3.py
[2025-12-21T07:00:57.376+0000] {logging_mixin.py:188} INFO - [2025-12-21T07:00:57.376+0000] {dag.py:3047} INFO - Sync 1 DAGs
[2025-12-21T07:00:57.401+0000] {logging_mixin.py:188} INFO - [2025-12-21T07:00:57.401+0000] {dag.py:3834} INFO - Setting next_dagrun for example_branch_dop_operator_v3 to 2025-12-21 06:59:00+00:00, run_after=2025-12-21 07:00:00+00:00
[2025-12-21T07:00:57.424+0000] {processor.py:183} INFO - Processing /home/airflow/.local/lib/python3.8/site-packages/airflow/example_dags/example_branch_python_dop_operator_3.py took 0.090 seconds
[2025-12-21T07:01:27.998+0000] {processor.py:161} INFO - Started process (PID=365) to work on /home/airflow/.local/lib/python3.8/site-packages/airflow/example_dags/example_branch_python_dop_operator_3.py
[2025-12-21T07:01:28.000+0000] {processor.py:830} INFO - Processing file /home/airflow/.local/lib/python3.8/site-packages/airflow/example_dags/example_branch_python_dop_operator_3.py for tasks to queue
[2025-12-21T07:01:28.005+0000] {logging_mixin.py:188} INFO - [2025-12-21T07:01:28.005+0000] {dagbag.py:540} INFO - Filling up the DagBag from /home/airflow/.local/lib/python3.8/site-packages/airflow/example_dags/example_branch_python_dop_operator_3.py
[2025-12-21T07:01:28.025+0000] {processor.py:840} INFO - DAG(s) 'example_branch_dop_operator_v3' retrieved from /home/airflow/.local/lib/python3.8/site-packages/airflow/example_dags/example_branch_python_dop_operator_3.py
[2025-12-21T07:01:28.067+0000] {logging_mixin.py:188} INFO - [2025-12-21T07:01:28.067+0000] {dag.py:3047} INFO - Sync 1 DAGs
[2025-12-21T07:01:28.108+0000] {logging_mixin.py:188} INFO - [2025-12-21T07:01:28.107+0000] {dag.py:3834} INFO - Setting next_dagrun for example_branch_dop_operator_v3 to 2025-12-21 07:00:00+00:00, run_after=2025-12-21 07:01:00+00:00
[2025-12-21T07:01:28.138+0000] {processor.py:183} INFO - Processing /home/airflow/.local/lib/python3.8/site-packages/airflow/example_dags/example_branch_python_dop_operator_3.py took 0.146 seconds
[2025-12-21T07:01:58.320+0000] {processor.py:161} INFO - Started process (PID=421) to work on /home/airflow/.local/lib/python3.8/site-packages/airflow/example_dags/example_branch_python_dop_operator_3.py
[2025-12-21T07:01:58.321+0000] {processor.py:830} INFO - Processing file /home/airflow/.local/lib/python3.8/site-packages/airflow/example_dags/example_branch_python_dop_operator_3.py for tasks to queue
[2025-12-21T07:01:58.324+0000] {logging_mixin.py:188} INFO - [2025-12-21T07:01:58.323+0000] {dagbag.py:540} INFO - Filling up the DagBag from /home/airflow/.local/lib/python3.8/site-packages/airflow/example_dags/example_branch_python_dop_operator_3.py
[2025-12-21T07:01:58.335+0000] {processor.py:840} INFO - DAG(s) 'example_branch_dop_operator_v3' retrieved from /home/airflow/.local/lib/python3.8/site-packages/airflow/example_dags/example_branch_python_dop_operator_3.py
[2025-12-21T07:01:58.364+0000] {logging_mixin.py:188} INFO - [2025-12-21T07:01:58.364+0000] {dag.py:3047} INFO - Sync 1 DAGs
[2025-12-21T07:01:58.393+0000] {logging_mixin.py:188} INFO - [2025-12-21T07:01:58.392+0000] {dag.py:3834} INFO - Setting next_dagrun for example_branch_dop_operator_v3 to 2025-12-21 07:00:00+00:00, run_after=2025-12-21 07:01:00+00:00
[2025-12-21T07:01:58.417+0000] {processor.py:183} INFO - Processing /home/airflow/.local/lib/python3.8/site-packages/airflow/example_dags/example_branch_python_dop_operator_3.py took 0.102 seconds
[2025-12-21T07:02:28.533+0000] {processor.py:161} INFO - Started process (PID=477) to work on /home/airflow/.local/lib/python3.8/site-packages/airflow/example_dags/example_branch_python_dop_operator_3.py
[2025-12-21T07:02:28.534+0000] {processor.py:830} INFO - Processing file /home/airflow/.local/lib/python3.8/site-packages/airflow/example_dags/example_branch_python_dop_operator_3.py for tasks to queue
[2025-12-21T07:02:28.537+0000] {logging_mixin.py:188} INFO - [2025-12-21T07:02:28.537+0000] {dagbag.py:540} INFO - Filling up the DagBag from /home/airflow/.local/lib/python3.8/site-packages/airflow/example_dags/example_branch_python_dop_operator_3.py
[2025-12-21T07:02:28.548+0000] {processor.py:840} INFO - DAG(s) 'example_branch_dop_operator_v3' retrieved from /home/airflow/.local/lib/python3.8/site-packages/airflow/example_dags/example_branch_python_dop_operator_3.py
[2025-12-21T07:02:28.573+0000] {logging_mixin.py:188} INFO - [2025-12-21T07:02:28.572+0000] {dag.py:3047} INFO - Sync 1 DAGs
[2025-12-21T07:02:28.601+0000] {logging_mixin.py:188} INFO - [2025-12-21T07:02:28.601+0000] {dag.py:3834} INFO - Setting next_dagrun for example_branch_dop_operator_v3 to 2025-12-21 07:01:00+00:00, run_after=2025-12-21 07:02:00+00:00
[2025-12-21T07:02:28.628+0000] {processor.py:183} INFO - Processing /home/airflow/.local/lib/python3.8/site-packages/airflow/example_dags/example_branch_python_dop_operator_3.py took 0.099 seconds
[2025-12-21T07:02:59.584+0000] {processor.py:161} INFO - Started process (PID=533) to work on /home/airflow/.local/lib/python3.8/site-packages/airflow/example_dags/example_branch_python_dop_operator_3.py
[2025-12-21T07:02:59.589+0000] {processor.py:830} INFO - Processing file /home/airflow/.local/lib/python3.8/site-packages/airflow/example_dags/example_branch_python_dop_operator_3.py for tasks to queue
[2025-12-21T07:02:59.594+0000] {logging_mixin.py:188} INFO - [2025-12-21T07:02:59.593+0000] {dagbag.py:540} INFO - Filling up the DagBag from /home/airflow/.local/lib/python3.8/site-packages/airflow/example_dags/example_branch_python_dop_operator_3.py
[2025-12-21T07:02:59.612+0000] {processor.py:840} INFO - DAG(s) 'example_branch_dop_operator_v3' retrieved from /home/airflow/.local/lib/python3.8/site-packages/airflow/example_dags/example_branch_python_dop_operator_3.py
[2025-12-21T07:02:59.652+0000] {logging_mixin.py:188} INFO - [2025-12-21T07:02:59.651+0000] {dag.py:3047} INFO - Sync 1 DAGs
[2025-12-21T07:02:59.701+0000] {logging_mixin.py:188} INFO - [2025-12-21T07:02:59.700+0000] {dag.py:3834} INFO - Setting next_dagrun for example_branch_dop_operator_v3 to 2025-12-21 07:01:00+00:00, run_after=2025-12-21 07:02:00+00:00
[2025-12-21T07:02:59.737+0000] {processor.py:183} INFO - Processing /home/airflow/.local/lib/python3.8/site-packages/airflow/example_dags/example_branch_python_dop_operator_3.py took 0.160 seconds
[2025-12-21T07:03:30.544+0000] {processor.py:161} INFO - Started process (PID=589) to work on /home/airflow/.local/lib/python3.8/site-packages/airflow/example_dags/example_branch_python_dop_operator_3.py
[2025-12-21T07:03:30.546+0000] {processor.py:830} INFO - Processing file /home/airflow/.local/lib/python3.8/site-packages/airflow/example_dags/example_branch_python_dop_operator_3.py for tasks to queue
[2025-12-21T07:03:30.550+0000] {logging_mixin.py:188} INFO - [2025-12-21T07:03:30.549+0000] {dagbag.py:540} INFO - Filling up the DagBag from /home/airflow/.local/lib/python3.8/site-packages/airflow/example_dags/example_branch_python_dop_operator_3.py
[2025-12-21T07:03:30.560+0000] {processor.py:840} INFO - DAG(s) 'example_branch_dop_operator_v3' retrieved from /home/airflow/.local/lib/python3.8/site-packages/airflow/example_dags/example_branch_python_dop_operator_3.py
[2025-12-21T07:03:30.586+0000] {logging_mixin.py:188} INFO - [2025-12-21T07:03:30.586+0000] {dag.py:3047} INFO - Sync 1 DAGs
[2025-12-21T07:03:30.614+0000] {logging_mixin.py:188} INFO - [2025-12-21T07:03:30.613+0000] {dag.py:3834} INFO - Setting next_dagrun for example_branch_dop_operator_v3 to 2025-12-21 07:02:00+00:00, run_after=2025-12-21 07:03:00+00:00
[2025-12-21T07:03:30.643+0000] {processor.py:183} INFO - Processing /home/airflow/.local/lib/python3.8/site-packages/airflow/example_dags/example_branch_python_dop_operator_3.py took 0.103 seconds
[2025-12-21T07:04:01.093+0000] {processor.py:161} INFO - Started process (PID=645) to work on /home/airflow/.local/lib/python3.8/site-packages/airflow/example_dags/example_branch_python_dop_operator_3.py
[2025-12-21T07:04:01.095+0000] {processor.py:830} INFO - Processing file /home/airflow/.local/lib/python3.8/site-packages/airflow/example_dags/example_branch_python_dop_operator_3.py for tasks to queue
[2025-12-21T07:04:01.097+0000] {logging_mixin.py:188} INFO - [2025-12-21T07:04:01.096+0000] {dagbag.py:540} INFO - Filling up the DagBag from /home/airflow/.local/lib/python3.8/site-packages/airflow/example_dags/example_branch_python_dop_operator_3.py
[2025-12-21T07:04:01.106+0000] {processor.py:840} INFO - DAG(s) 'example_branch_dop_operator_v3' retrieved from /home/airflow/.local/lib/python3.8/site-packages/airflow/example_dags/example_branch_python_dop_operator_3.py
[2025-12-21T07:04:01.129+0000] {logging_mixin.py:188} INFO - [2025-12-21T07:04:01.129+0000] {dag.py:3047} INFO - Sync 1 DAGs
[2025-12-21T07:04:01.156+0000] {logging_mixin.py:188} INFO - [2025-12-21T07:04:01.155+0000] {dag.py:3834} INFO - Setting next_dagrun for example_branch_dop_operator_v3 to 2025-12-21 07:03:00+00:00, run_after=2025-12-21 07:04:00+00:00
[2025-12-21T07:04:01.181+0000] {processor.py:183} INFO - Processing /home/airflow/.local/lib/python3.8/site-packages/airflow/example_dags/example_branch_python_dop_operator_3.py took 0.091 seconds
[2025-12-21T07:04:32.001+0000] {processor.py:161} INFO - Started process (PID=701) to work on /home/airflow/.local/lib/python3.8/site-packages/airflow/example_dags/example_branch_python_dop_operator_3.py
[2025-12-21T07:04:32.008+0000] {processor.py:830} INFO - Processing file /home/airflow/.local/lib/python3.8/site-packages/airflow/example_dags/example_branch_python_dop_operator_3.py for tasks to queue
[2025-12-21T07:04:32.016+0000] {logging_mixin.py:188} INFO - [2025-12-21T07:04:32.014+0000] {dagbag.py:540} INFO - Filling up the DagBag from /home/airflow/.local/lib/python3.8/site-packages/airflow/example_dags/example_branch_python_dop_operator_3.py
[2025-12-21T07:04:32.031+0000] {processor.py:840} INFO - DAG(s) 'example_branch_dop_operator_v3' retrieved from /home/airflow/.local/lib/python3.8/site-packages/airflow/example_dags/example_branch_python_dop_operator_3.py
[2025-12-21T07:04:32.061+0000] {logging_mixin.py:188} INFO - [2025-12-21T07:04:32.061+0000] {dag.py:3047} INFO - Sync 1 DAGs
[2025-12-21T07:04:32.102+0000] {logging_mixin.py:188} INFO - [2025-12-21T07:04:32.101+0000] {dag.py:3834} INFO - Setting next_dagrun for example_branch_dop_operator_v3 to 2025-12-21 07:03:00+00:00, run_after=2025-12-21 07:04:00+00:00
[2025-12-21T07:04:32.135+0000] {processor.py:183} INFO - Processing /home/airflow/.local/lib/python3.8/site-packages/airflow/example_dags/example_branch_python_dop_operator_3.py took 0.142 seconds
[2025-12-21T07:05:03.014+0000] {processor.py:161} INFO - Started process (PID=757) to work on /home/airflow/.local/lib/python3.8/site-packages/airflow/example_dags/example_branch_python_dop_operator_3.py
[2025-12-21T07:05:03.016+0000] {processor.py:830} INFO - Processing file /home/airflow/.local/lib/python3.8/site-packages/airflow/example_dags/example_branch_python_dop_operator_3.py for tasks to queue
[2025-12-21T07:05:03.018+0000] {logging_mixin.py:188} INFO - [2025-12-21T07:05:03.018+0000] {dagbag.py:540} INFO - Filling up the DagBag from /home/airflow/.local/lib/python3.8/site-packages/airflow/example_dags/example_branch_python_dop_operator_3.py
[2025-12-21T07:05:03.030+0000] {processor.py:840} INFO - DAG(s) 'example_branch_dop_operator_v3' retrieved from /home/airflow/.local/lib/python3.8/site-packages/airflow/example_dags/example_branch_python_dop_operator_3.py
[2025-12-21T07:05:03.056+0000] {logging_mixin.py:188} INFO - [2025-12-21T07:05:03.055+0000] {dag.py:3047} INFO - Sync 1 DAGs
[2025-12-21T07:05:03.086+0000] {logging_mixin.py:188} INFO - [2025-12-21T07:05:03.086+0000] {dag.py:3834} INFO - Setting next_dagrun for example_branch_dop_operator_v3 to 2025-12-21 07:04:00+00:00, run_after=2025-12-21 07:05:00+00:00
[2025-12-21T07:05:03.114+0000] {processor.py:183} INFO - Processing /home/airflow/.local/lib/python3.8/site-packages/airflow/example_dags/example_branch_python_dop_operator_3.py took 0.105 seconds
[2025-12-21T07:05:33.362+0000] {processor.py:161} INFO - Started process (PID=813) to work on /home/airflow/.local/lib/python3.8/site-packages/airflow/example_dags/example_branch_python_dop_operator_3.py
[2025-12-21T07:05:33.364+0000] {processor.py:830} INFO - Processing file /home/airflow/.local/lib/python3.8/site-packages/airflow/example_dags/example_branch_python_dop_operator_3.py for tasks to queue
[2025-12-21T07:05:33.366+0000] {logging_mixin.py:188} INFO - [2025-12-21T07:05:33.365+0000] {dagbag.py:540} INFO - Filling up the DagBag from /home/airflow/.local/lib/python3.8/site-packages/airflow/example_dags/example_branch_python_dop_operator_3.py
[2025-12-21T07:05:33.375+0000] {processor.py:840} INFO - DAG(s) 'example_branch_dop_operator_v3' retrieved from /home/airflow/.local/lib/python3.8/site-packages/airflow/example_dags/example_branch_python_dop_operator_3.py
[2025-12-21T07:05:33.396+0000] {logging_mixin.py:188} INFO - [2025-12-21T07:05:33.396+0000] {dag.py:3047} INFO - Sync 1 DAGs
[2025-12-21T07:05:33.422+0000] {logging_mixin.py:188} INFO - [2025-12-21T07:05:33.421+0000] {dag.py:3834} INFO - Setting next_dagrun for example_branch_dop_operator_v3 to 2025-12-21 07:04:00+00:00, run_after=2025-12-21 07:05:00+00:00
[2025-12-21T07:05:33.441+0000] {processor.py:183} INFO - Processing /home/airflow/.local/lib/python3.8/site-packages/airflow/example_dags/example_branch_python_dop_operator_3.py took 0.083 seconds
[2025-12-21T07:06:03.727+0000] {processor.py:161} INFO - Started process (PID=869) to work on /home/airflow/.local/lib/python3.8/site-packages/airflow/example_dags/example_branch_python_dop_operator_3.py
[2025-12-21T07:06:03.729+0000] {processor.py:830} INFO - Processing file /home/airflow/.local/lib/python3.8/site-packages/airflow/example_dags/example_branch_python_dop_operator_3.py for tasks to queue
[2025-12-21T07:06:03.731+0000] {logging_mixin.py:188} INFO - [2025-12-21T07:06:03.731+0000] {dagbag.py:540} INFO - Filling up the DagBag from /home/airflow/.local/lib/python3.8/site-packages/airflow/example_dags/example_branch_python_dop_operator_3.py
[2025-12-21T07:06:03.740+0000] {processor.py:840} INFO - DAG(s) 'example_branch_dop_operator_v3' retrieved from /home/airflow/.local/lib/python3.8/site-packages/airflow/example_dags/example_branch_python_dop_operator_3.py
[2025-12-21T07:06:03.763+0000] {logging_mixin.py:188} INFO - [2025-12-21T07:06:03.763+0000] {dag.py:3047} INFO - Sync 1 DAGs
[2025-12-21T07:06:03.790+0000] {logging_mixin.py:188} INFO - [2025-12-21T07:06:03.790+0000] {dag.py:3834} INFO - Setting next_dagrun for example_branch_dop_operator_v3 to 2025-12-21 07:05:00+00:00, run_after=2025-12-21 07:06:00+00:00
[2025-12-21T07:06:03.813+0000] {processor.py:183} INFO - Processing /home/airflow/.local/lib/python3.8/site-packages/airflow/example_dags/example_branch_python_dop_operator_3.py took 0.089 seconds
[2025-12-21T07:06:34.662+0000] {processor.py:161} INFO - Started process (PID=925) to work on /home/airflow/.local/lib/python3.8/site-packages/airflow/example_dags/example_branch_python_dop_operator_3.py
[2025-12-21T07:06:34.664+0000] {processor.py:830} INFO - Processing file /home/airflow/.local/lib/python3.8/site-packages/airflow/example_dags/example_branch_python_dop_operator_3.py for tasks to queue
[2025-12-21T07:06:34.666+0000] {logging_mixin.py:188} INFO - [2025-12-21T07:06:34.666+0000] {dagbag.py:540} INFO - Filling up the DagBag from /home/airflow/.local/lib/python3.8/site-packages/airflow/example_dags/example_branch_python_dop_operator_3.py
[2025-12-21T07:06:34.676+0000] {processor.py:840} INFO - DAG(s) 'example_branch_dop_operator_v3' retrieved from /home/airflow/.local/lib/python3.8/site-packages/airflow/example_dags/example_branch_python_dop_operator_3.py
[2025-12-21T07:06:34.701+0000] {logging_mixin.py:188} INFO - [2025-12-21T07:06:34.700+0000] {dag.py:3047} INFO - Sync 1 DAGs
[2025-12-21T07:06:34.729+0000] {logging_mixin.py:188} INFO - [2025-12-21T07:06:34.729+0000] {dag.py:3834} INFO - Setting next_dagrun for example_branch_dop_operator_v3 to 2025-12-21 07:05:00+00:00, run_after=2025-12-21 07:06:00+00:00
[2025-12-21T07:06:34.752+0000] {processor.py:183} INFO - Processing /home/airflow/.local/lib/python3.8/site-packages/airflow/example_dags/example_branch_python_dop_operator_3.py took 0.093 seconds
[2025-12-21T07:07:05.159+0000] {processor.py:161} INFO - Started process (PID=981) to work on /home/airflow/.local/lib/python3.8/site-packages/airflow/example_dags/example_branch_python_dop_operator_3.py
[2025-12-21T07:07:05.161+0000] {processor.py:830} INFO - Processing file /home/airflow/.local/lib/python3.8/site-packages/airflow/example_dags/example_branch_python_dop_operator_3.py for tasks to queue
[2025-12-21T07:07:05.164+0000] {logging_mixin.py:188} INFO - [2025-12-21T07:07:05.163+0000] {dagbag.py:540} INFO - Filling up the DagBag from /home/airflow/.local/lib/python3.8/site-packages/airflow/example_dags/example_branch_python_dop_operator_3.py
[2025-12-21T07:07:05.175+0000] {processor.py:840} INFO - DAG(s) 'example_branch_dop_operator_v3' retrieved from /home/airflow/.local/lib/python3.8/site-packages/airflow/example_dags/example_branch_python_dop_operator_3.py
[2025-12-21T07:07:05.207+0000] {logging_mixin.py:188} INFO - [2025-12-21T07:07:05.206+0000] {dag.py:3047} INFO - Sync 1 DAGs
[2025-12-21T07:07:05.240+0000] {logging_mixin.py:188} INFO - [2025-12-21T07:07:05.240+0000] {dag.py:3834} INFO - Setting next_dagrun for example_branch_dop_operator_v3 to 2025-12-21 07:06:00+00:00, run_after=2025-12-21 07:07:00+00:00
[2025-12-21T07:07:05.266+0000] {processor.py:183} INFO - Processing /home/airflow/.local/lib/python3.8/site-packages/airflow/example_dags/example_branch_python_dop_operator_3.py took 0.112 seconds
[2025-12-21T07:07:35.504+0000] {processor.py:161} INFO - Started process (PID=1037) to work on /home/airflow/.local/lib/python3.8/site-packages/airflow/example_dags/example_branch_python_dop_operator_3.py
[2025-12-21T07:07:35.507+0000] {processor.py:830} INFO - Processing file /home/airflow/.local/lib/python3.8/site-packages/airflow/example_dags/example_branch_python_dop_operator_3.py for tasks to queue
[2025-12-21T07:07:35.510+0000] {logging_mixin.py:188} INFO - [2025-12-21T07:07:35.510+0000] {dagbag.py:540} INFO - Filling up the DagBag from /home/airflow/.local/lib/python3.8/site-packages/airflow/example_dags/example_branch_python_dop_operator_3.py
[2025-12-21T07:07:35.531+0000] {processor.py:840} INFO - DAG(s) 'example_branch_dop_operator_v3' retrieved from /home/airflow/.local/lib/python3.8/site-packages/airflow/example_dags/example_branch_python_dop_operator_3.py
[2025-12-21T07:07:35.574+0000] {logging_mixin.py:188} INFO - [2025-12-21T07:07:35.574+0000] {dag.py:3047} INFO - Sync 1 DAGs
[2025-12-21T07:07:35.616+0000] {logging_mixin.py:188} INFO - [2025-12-21T07:07:35.616+0000] {dag.py:3834} INFO - Setting next_dagrun for example_branch_dop_operator_v3 to 2025-12-21 07:06:00+00:00, run_after=2025-12-21 07:07:00+00:00
[2025-12-21T07:07:35.648+0000] {processor.py:183} INFO - Processing /home/airflow/.local/lib/python3.8/site-packages/airflow/example_dags/example_branch_python_dop_operator_3.py took 0.148 seconds
[2025-12-21T07:08:06.476+0000] {processor.py:161} INFO - Started process (PID=1093) to work on /home/airflow/.local/lib/python3.8/site-packages/airflow/example_dags/example_branch_python_dop_operator_3.py
[2025-12-21T07:08:06.477+0000] {processor.py:830} INFO - Processing file /home/airflow/.local/lib/python3.8/site-packages/airflow/example_dags/example_branch_python_dop_operator_3.py for tasks to queue
[2025-12-21T07:08:06.480+0000] {logging_mixin.py:188} INFO - [2025-12-21T07:08:06.479+0000] {dagbag.py:540} INFO - Filling up the DagBag from /home/airflow/.local/lib/python3.8/site-packages/airflow/example_dags/example_branch_python_dop_operator_3.py
[2025-12-21T07:08:06.490+0000] {processor.py:840} INFO - DAG(s) 'example_branch_dop_operator_v3' retrieved from /home/airflow/.local/lib/python3.8/site-packages/airflow/example_dags/example_branch_python_dop_operator_3.py
[2025-12-21T07:08:06.515+0000] {logging_mixin.py:188} INFO - [2025-12-21T07:08:06.514+0000] {dag.py:3047} INFO - Sync 1 DAGs
[2025-12-21T07:08:06.547+0000] {logging_mixin.py:188} INFO - [2025-12-21T07:08:06.547+0000] {dag.py:3834} INFO - Setting next_dagrun for example_branch_dop_operator_v3 to 2025-12-21 07:07:00+00:00, run_after=2025-12-21 07:08:00+00:00
[2025-12-21T07:08:06.574+0000] {processor.py:183} INFO - Processing /home/airflow/.local/lib/python3.8/site-packages/airflow/example_dags/example_branch_python_dop_operator_3.py took 0.102 seconds
[2025-12-21T07:08:36.718+0000] {processor.py:161} INFO - Started process (PID=1149) to work on /home/airflow/.local/lib/python3.8/site-packages/airflow/example_dags/example_branch_python_dop_operator_3.py
[2025-12-21T07:08:36.719+0000] {processor.py:830} INFO - Processing file /home/airflow/.local/lib/python3.8/site-packages/airflow/example_dags/example_branch_python_dop_operator_3.py for tasks to queue
[2025-12-21T07:08:36.722+0000] {logging_mixin.py:188} INFO - [2025-12-21T07:08:36.722+0000] {dagbag.py:540} INFO - Filling up the DagBag from /home/airflow/.local/lib/python3.8/site-packages/airflow/example_dags/example_branch_python_dop_operator_3.py
[2025-12-21T07:08:36.732+0000] {processor.py:840} INFO - DAG(s) 'example_branch_dop_operator_v3' retrieved from /home/airflow/.local/lib/python3.8/site-packages/airflow/example_dags/example_branch_python_dop_operator_3.py
[2025-12-21T07:08:36.760+0000] {logging_mixin.py:188} INFO - [2025-12-21T07:08:36.760+0000] {dag.py:3047} INFO - Sync 1 DAGs
[2025-12-21T07:08:36.790+0000] {logging_mixin.py:188} INFO - [2025-12-21T07:08:36.789+0000] {dag.py:3834} INFO - Setting next_dagrun for example_branch_dop_operator_v3 to 2025-12-21 07:07:00+00:00, run_after=2025-12-21 07:08:00+00:00
[2025-12-21T07:08:36.815+0000] {processor.py:183} INFO - Processing /home/airflow/.local/lib/python3.8/site-packages/airflow/example_dags/example_branch_python_dop_operator_3.py took 0.101 seconds
[2025-12-21T07:11:47.234+0000] {processor.py:161} INFO - Started process (PID=96) to work on /home/airflow/.local/lib/python3.8/site-packages/airflow/example_dags/example_branch_python_dop_operator_3.py
[2025-12-21T07:11:47.242+0000] {processor.py:830} INFO - Processing file /home/airflow/.local/lib/python3.8/site-packages/airflow/example_dags/example_branch_python_dop_operator_3.py for tasks to queue
[2025-12-21T07:11:47.245+0000] {logging_mixin.py:188} INFO - [2025-12-21T07:11:47.244+0000] {dagbag.py:540} INFO - Filling up the DagBag from /home/airflow/.local/lib/python3.8/site-packages/airflow/example_dags/example_branch_python_dop_operator_3.py
[2025-12-21T07:11:47.282+0000] {processor.py:840} INFO - DAG(s) 'example_branch_dop_operator_v3' retrieved from /home/airflow/.local/lib/python3.8/site-packages/airflow/example_dags/example_branch_python_dop_operator_3.py
[2025-12-21T07:11:47.415+0000] {logging_mixin.py:188} INFO - [2025-12-21T07:11:47.415+0000] {dag.py:3047} INFO - Sync 1 DAGs
[2025-12-21T07:11:47.449+0000] {logging_mixin.py:188} INFO - [2025-12-21T07:11:47.449+0000] {dag.py:3834} INFO - Setting next_dagrun for example_branch_dop_operator_v3 to 2025-12-21 07:10:00+00:00, run_after=2025-12-21 07:11:00+00:00
[2025-12-21T07:11:47.473+0000] {processor.py:183} INFO - Processing /home/airflow/.local/lib/python3.8/site-packages/airflow/example_dags/example_branch_python_dop_operator_3.py took 0.245 seconds
[2025-12-21T07:12:18.083+0000] {processor.py:161} INFO - Started process (PID=152) to work on /home/airflow/.local/lib/python3.8/site-packages/airflow/example_dags/example_branch_python_dop_operator_3.py
[2025-12-21T07:12:18.084+0000] {processor.py:830} INFO - Processing file /home/airflow/.local/lib/python3.8/site-packages/airflow/example_dags/example_branch_python_dop_operator_3.py for tasks to queue
[2025-12-21T07:12:18.087+0000] {logging_mixin.py:188} INFO - [2025-12-21T07:12:18.086+0000] {dagbag.py:540} INFO - Filling up the DagBag from /home/airflow/.local/lib/python3.8/site-packages/airflow/example_dags/example_branch_python_dop_operator_3.py
[2025-12-21T07:12:18.106+0000] {processor.py:840} INFO - DAG(s) 'example_branch_dop_operator_v3' retrieved from /home/airflow/.local/lib/python3.8/site-packages/airflow/example_dags/example_branch_python_dop_operator_3.py
[2025-12-21T07:12:18.139+0000] {logging_mixin.py:188} INFO - [2025-12-21T07:12:18.139+0000] {dag.py:3047} INFO - Sync 1 DAGs
[2025-12-21T07:12:18.173+0000] {logging_mixin.py:188} INFO - [2025-12-21T07:12:18.173+0000] {dag.py:3834} INFO - Setting next_dagrun for example_branch_dop_operator_v3 to 2025-12-21 07:11:00+00:00, run_after=2025-12-21 07:12:00+00:00
[2025-12-21T07:12:18.200+0000] {processor.py:183} INFO - Processing /home/airflow/.local/lib/python3.8/site-packages/airflow/example_dags/example_branch_python_dop_operator_3.py took 0.122 seconds
[2025-12-21T07:12:48.349+0000] {processor.py:161} INFO - Started process (PID=208) to work on /home/airflow/.local/lib/python3.8/site-packages/airflow/example_dags/example_branch_python_dop_operator_3.py
[2025-12-21T07:12:48.351+0000] {processor.py:830} INFO - Processing file /home/airflow/.local/lib/python3.8/site-packages/airflow/example_dags/example_branch_python_dop_operator_3.py for tasks to queue
[2025-12-21T07:12:48.353+0000] {logging_mixin.py:188} INFO - [2025-12-21T07:12:48.353+0000] {dagbag.py:540} INFO - Filling up the DagBag from /home/airflow/.local/lib/python3.8/site-packages/airflow/example_dags/example_branch_python_dop_operator_3.py
[2025-12-21T07:12:48.368+0000] {processor.py:840} INFO - DAG(s) 'example_branch_dop_operator_v3' retrieved from /home/airflow/.local/lib/python3.8/site-packages/airflow/example_dags/example_branch_python_dop_operator_3.py
[2025-12-21T07:12:48.404+0000] {logging_mixin.py:188} INFO - [2025-12-21T07:12:48.404+0000] {dag.py:3047} INFO - Sync 1 DAGs
[2025-12-21T07:12:48.438+0000] {logging_mixin.py:188} INFO - [2025-12-21T07:12:48.438+0000] {dag.py:3834} INFO - Setting next_dagrun for example_branch_dop_operator_v3 to 2025-12-21 07:11:00+00:00, run_after=2025-12-21 07:12:00+00:00
[2025-12-21T07:12:48.467+0000] {processor.py:183} INFO - Processing /home/airflow/.local/lib/python3.8/site-packages/airflow/example_dags/example_branch_python_dop_operator_3.py took 0.122 seconds
[2025-12-21T07:13:18.651+0000] {processor.py:161} INFO - Started process (PID=264) to work on /home/airflow/.local/lib/python3.8/site-packages/airflow/example_dags/example_branch_python_dop_operator_3.py
[2025-12-21T07:13:18.653+0000] {processor.py:830} INFO - Processing file /home/airflow/.local/lib/python3.8/site-packages/airflow/example_dags/example_branch_python_dop_operator_3.py for tasks to queue
[2025-12-21T07:13:18.656+0000] {logging_mixin.py:188} INFO - [2025-12-21T07:13:18.655+0000] {dagbag.py:540} INFO - Filling up the DagBag from /home/airflow/.local/lib/python3.8/site-packages/airflow/example_dags/example_branch_python_dop_operator_3.py
[2025-12-21T07:13:18.667+0000] {processor.py:840} INFO - DAG(s) 'example_branch_dop_operator_v3' retrieved from /home/airflow/.local/lib/python3.8/site-packages/airflow/example_dags/example_branch_python_dop_operator_3.py
[2025-12-21T07:13:18.692+0000] {logging_mixin.py:188} INFO - [2025-12-21T07:13:18.692+0000] {dag.py:3047} INFO - Sync 1 DAGs
[2025-12-21T07:13:18.724+0000] {logging_mixin.py:188} INFO - [2025-12-21T07:13:18.723+0000] {dag.py:3834} INFO - Setting next_dagrun for example_branch_dop_operator_v3 to 2025-12-21 07:12:00+00:00, run_after=2025-12-21 07:13:00+00:00
[2025-12-21T07:13:18.746+0000] {processor.py:183} INFO - Processing /home/airflow/.local/lib/python3.8/site-packages/airflow/example_dags/example_branch_python_dop_operator_3.py took 0.098 seconds
[2025-12-21T07:13:49.358+0000] {processor.py:161} INFO - Started process (PID=320) to work on /home/airflow/.local/lib/python3.8/site-packages/airflow/example_dags/example_branch_python_dop_operator_3.py
[2025-12-21T07:13:49.360+0000] {processor.py:830} INFO - Processing file /home/airflow/.local/lib/python3.8/site-packages/airflow/example_dags/example_branch_python_dop_operator_3.py for tasks to queue
[2025-12-21T07:13:49.364+0000] {logging_mixin.py:188} INFO - [2025-12-21T07:13:49.363+0000] {dagbag.py:540} INFO - Filling up the DagBag from /home/airflow/.local/lib/python3.8/site-packages/airflow/example_dags/example_branch_python_dop_operator_3.py
[2025-12-21T07:13:49.375+0000] {processor.py:840} INFO - DAG(s) 'example_branch_dop_operator_v3' retrieved from /home/airflow/.local/lib/python3.8/site-packages/airflow/example_dags/example_branch_python_dop_operator_3.py
[2025-12-21T07:13:49.400+0000] {logging_mixin.py:188} INFO - [2025-12-21T07:13:49.400+0000] {dag.py:3047} INFO - Sync 1 DAGs
[2025-12-21T07:13:49.429+0000] {logging_mixin.py:188} INFO - [2025-12-21T07:13:49.429+0000] {dag.py:3834} INFO - Setting next_dagrun for example_branch_dop_operator_v3 to 2025-12-21 07:12:00+00:00, run_after=2025-12-21 07:13:00+00:00
[2025-12-21T07:13:49.455+0000] {processor.py:183} INFO - Processing /home/airflow/.local/lib/python3.8/site-packages/airflow/example_dags/example_branch_python_dop_operator_3.py took 0.102 seconds
[2025-12-21T07:14:19.946+0000] {processor.py:161} INFO - Started process (PID=376) to work on /home/airflow/.local/lib/python3.8/site-packages/airflow/example_dags/example_branch_python_dop_operator_3.py
[2025-12-21T07:14:19.947+0000] {processor.py:830} INFO - Processing file /home/airflow/.local/lib/python3.8/site-packages/airflow/example_dags/example_branch_python_dop_operator_3.py for tasks to queue
[2025-12-21T07:14:19.949+0000] {logging_mixin.py:188} INFO - [2025-12-21T07:14:19.949+0000] {dagbag.py:540} INFO - Filling up the DagBag from /home/airflow/.local/lib/python3.8/site-packages/airflow/example_dags/example_branch_python_dop_operator_3.py
[2025-12-21T07:14:19.958+0000] {processor.py:840} INFO - DAG(s) 'example_branch_dop_operator_v3' retrieved from /home/airflow/.local/lib/python3.8/site-packages/airflow/example_dags/example_branch_python_dop_operator_3.py
[2025-12-21T07:14:19.980+0000] {logging_mixin.py:188} INFO - [2025-12-21T07:14:19.979+0000] {dag.py:3047} INFO - Sync 1 DAGs
[2025-12-21T07:14:20.003+0000] {logging_mixin.py:188} INFO - [2025-12-21T07:14:20.003+0000] {dag.py:3834} INFO - Setting next_dagrun for example_branch_dop_operator_v3 to 2025-12-21 07:13:00+00:00, run_after=2025-12-21 07:14:00+00:00
[2025-12-21T07:14:20.021+0000] {processor.py:183} INFO - Processing /home/airflow/.local/lib/python3.8/site-packages/airflow/example_dags/example_branch_python_dop_operator_3.py took 0.079 seconds
[2025-12-21T07:14:50.831+0000] {processor.py:161} INFO - Started process (PID=432) to work on /home/airflow/.local/lib/python3.8/site-packages/airflow/example_dags/example_branch_python_dop_operator_3.py
[2025-12-21T07:14:50.832+0000] {processor.py:830} INFO - Processing file /home/airflow/.local/lib/python3.8/site-packages/airflow/example_dags/example_branch_python_dop_operator_3.py for tasks to queue
[2025-12-21T07:14:50.835+0000] {logging_mixin.py:188} INFO - [2025-12-21T07:14:50.835+0000] {dagbag.py:540} INFO - Filling up the DagBag from /home/airflow/.local/lib/python3.8/site-packages/airflow/example_dags/example_branch_python_dop_operator_3.py
[2025-12-21T07:14:50.847+0000] {processor.py:840} INFO - DAG(s) 'example_branch_dop_operator_v3' retrieved from /home/airflow/.local/lib/python3.8/site-packages/airflow/example_dags/example_branch_python_dop_operator_3.py
[2025-12-21T07:14:50.872+0000] {logging_mixin.py:188} INFO - [2025-12-21T07:14:50.872+0000] {dag.py:3047} INFO - Sync 1 DAGs
[2025-12-21T07:14:50.902+0000] {logging_mixin.py:188} INFO - [2025-12-21T07:14:50.902+0000] {dag.py:3834} INFO - Setting next_dagrun for example_branch_dop_operator_v3 to 2025-12-21 07:13:00+00:00, run_after=2025-12-21 07:14:00+00:00
[2025-12-21T07:14:50.922+0000] {processor.py:183} INFO - Processing /home/airflow/.local/lib/python3.8/site-packages/airflow/example_dags/example_branch_python_dop_operator_3.py took 0.096 seconds
[2025-12-21T07:15:21.001+0000] {processor.py:161} INFO - Started process (PID=488) to work on /home/airflow/.local/lib/python3.8/site-packages/airflow/example_dags/example_branch_python_dop_operator_3.py
[2025-12-21T07:15:21.002+0000] {processor.py:830} INFO - Processing file /home/airflow/.local/lib/python3.8/site-packages/airflow/example_dags/example_branch_python_dop_operator_3.py for tasks to queue
[2025-12-21T07:15:21.004+0000] {logging_mixin.py:188} INFO - [2025-12-21T07:15:21.004+0000] {dagbag.py:540} INFO - Filling up the DagBag from /home/airflow/.local/lib/python3.8/site-packages/airflow/example_dags/example_branch_python_dop_operator_3.py
[2025-12-21T07:15:21.013+0000] {processor.py:840} INFO - DAG(s) 'example_branch_dop_operator_v3' retrieved from /home/airflow/.local/lib/python3.8/site-packages/airflow/example_dags/example_branch_python_dop_operator_3.py
[2025-12-21T07:15:21.035+0000] {logging_mixin.py:188} INFO - [2025-12-21T07:15:21.035+0000] {dag.py:3047} INFO - Sync 1 DAGs
[2025-12-21T07:15:21.059+0000] {logging_mixin.py:188} INFO - [2025-12-21T07:15:21.058+0000] {dag.py:3834} INFO - Setting next_dagrun for example_branch_dop_operator_v3 to 2025-12-21 07:14:00+00:00, run_after=2025-12-21 07:15:00+00:00
[2025-12-21T07:15:21.080+0000] {processor.py:183} INFO - Processing /home/airflow/.local/lib/python3.8/site-packages/airflow/example_dags/example_branch_python_dop_operator_3.py took 0.083 seconds
[2025-12-21T07:15:51.292+0000] {processor.py:161} INFO - Started process (PID=544) to work on /home/airflow/.local/lib/python3.8/site-packages/airflow/example_dags/example_branch_python_dop_operator_3.py
[2025-12-21T07:15:51.294+0000] {processor.py:830} INFO - Processing file /home/airflow/.local/lib/python3.8/site-packages/airflow/example_dags/example_branch_python_dop_operator_3.py for tasks to queue
[2025-12-21T07:15:51.297+0000] {logging_mixin.py:188} INFO - [2025-12-21T07:15:51.296+0000] {dagbag.py:540} INFO - Filling up the DagBag from /home/airflow/.local/lib/python3.8/site-packages/airflow/example_dags/example_branch_python_dop_operator_3.py
[2025-12-21T07:15:51.308+0000] {processor.py:840} INFO - DAG(s) 'example_branch_dop_operator_v3' retrieved from /home/airflow/.local/lib/python3.8/site-packages/airflow/example_dags/example_branch_python_dop_operator_3.py
[2025-12-21T07:15:51.331+0000] {logging_mixin.py:188} INFO - [2025-12-21T07:15:51.331+0000] {dag.py:3047} INFO - Sync 1 DAGs
[2025-12-21T07:15:51.358+0000] {logging_mixin.py:188} INFO - [2025-12-21T07:15:51.358+0000] {dag.py:3834} INFO - Setting next_dagrun for example_branch_dop_operator_v3 to 2025-12-21 07:14:00+00:00, run_after=2025-12-21 07:15:00+00:00
[2025-12-21T07:15:51.381+0000] {processor.py:183} INFO - Processing /home/airflow/.local/lib/python3.8/site-packages/airflow/example_dags/example_branch_python_dop_operator_3.py took 0.092 seconds
[2025-12-21T07:16:21.613+0000] {processor.py:161} INFO - Started process (PID=600) to work on /home/airflow/.local/lib/python3.8/site-packages/airflow/example_dags/example_branch_python_dop_operator_3.py
[2025-12-21T07:16:21.614+0000] {processor.py:830} INFO - Processing file /home/airflow/.local/lib/python3.8/site-packages/airflow/example_dags/example_branch_python_dop_operator_3.py for tasks to queue
[2025-12-21T07:16:21.616+0000] {logging_mixin.py:188} INFO - [2025-12-21T07:16:21.616+0000] {dagbag.py:540} INFO - Filling up the DagBag from /home/airflow/.local/lib/python3.8/site-packages/airflow/example_dags/example_branch_python_dop_operator_3.py
[2025-12-21T07:16:21.626+0000] {processor.py:840} INFO - DAG(s) 'example_branch_dop_operator_v3' retrieved from /home/airflow/.local/lib/python3.8/site-packages/airflow/example_dags/example_branch_python_dop_operator_3.py
[2025-12-21T07:16:21.653+0000] {logging_mixin.py:188} INFO - [2025-12-21T07:16:21.652+0000] {dag.py:3047} INFO - Sync 1 DAGs
[2025-12-21T07:16:21.681+0000] {logging_mixin.py:188} INFO - [2025-12-21T07:16:21.681+0000] {dag.py:3834} INFO - Setting next_dagrun for example_branch_dop_operator_v3 to 2025-12-21 07:15:00+00:00, run_after=2025-12-21 07:16:00+00:00
[2025-12-21T07:16:21.703+0000] {processor.py:183} INFO - Processing /home/airflow/.local/lib/python3.8/site-packages/airflow/example_dags/example_branch_python_dop_operator_3.py took 0.094 seconds
[2025-12-21T07:16:52.471+0000] {processor.py:161} INFO - Started process (PID=656) to work on /home/airflow/.local/lib/python3.8/site-packages/airflow/example_dags/example_branch_python_dop_operator_3.py
[2025-12-21T07:16:52.472+0000] {processor.py:830} INFO - Processing file /home/airflow/.local/lib/python3.8/site-packages/airflow/example_dags/example_branch_python_dop_operator_3.py for tasks to queue
[2025-12-21T07:16:52.474+0000] {logging_mixin.py:188} INFO - [2025-12-21T07:16:52.473+0000] {dagbag.py:540} INFO - Filling up the DagBag from /home/airflow/.local/lib/python3.8/site-packages/airflow/example_dags/example_branch_python_dop_operator_3.py
[2025-12-21T07:16:52.482+0000] {processor.py:840} INFO - DAG(s) 'example_branch_dop_operator_v3' retrieved from /home/airflow/.local/lib/python3.8/site-packages/airflow/example_dags/example_branch_python_dop_operator_3.py
[2025-12-21T07:16:52.507+0000] {logging_mixin.py:188} INFO - [2025-12-21T07:16:52.507+0000] {dag.py:3047} INFO - Sync 1 DAGs
[2025-12-21T07:16:52.536+0000] {logging_mixin.py:188} INFO - [2025-12-21T07:16:52.536+0000] {dag.py:3834} INFO - Setting next_dagrun for example_branch_dop_operator_v3 to 2025-12-21 07:15:00+00:00, run_after=2025-12-21 07:16:00+00:00
[2025-12-21T07:16:52.560+0000] {processor.py:183} INFO - Processing /home/airflow/.local/lib/python3.8/site-packages/airflow/example_dags/example_branch_python_dop_operator_3.py took 0.093 seconds
[2025-12-21T07:17:22.749+0000] {processor.py:161} INFO - Started process (PID=712) to work on /home/airflow/.local/lib/python3.8/site-packages/airflow/example_dags/example_branch_python_dop_operator_3.py
[2025-12-21T07:17:22.750+0000] {processor.py:830} INFO - Processing file /home/airflow/.local/lib/python3.8/site-packages/airflow/example_dags/example_branch_python_dop_operator_3.py for tasks to queue
[2025-12-21T07:17:22.753+0000] {logging_mixin.py:188} INFO - [2025-12-21T07:17:22.752+0000] {dagbag.py:540} INFO - Filling up the DagBag from /home/airflow/.local/lib/python3.8/site-packages/airflow/example_dags/example_branch_python_dop_operator_3.py
[2025-12-21T07:17:22.764+0000] {processor.py:840} INFO - DAG(s) 'example_branch_dop_operator_v3' retrieved from /home/airflow/.local/lib/python3.8/site-packages/airflow/example_dags/example_branch_python_dop_operator_3.py
[2025-12-21T07:17:22.787+0000] {logging_mixin.py:188} INFO - [2025-12-21T07:17:22.787+0000] {dag.py:3047} INFO - Sync 1 DAGs
[2025-12-21T07:17:22.813+0000] {logging_mixin.py:188} INFO - [2025-12-21T07:17:22.812+0000] {dag.py:3834} INFO - Setting next_dagrun for example_branch_dop_operator_v3 to 2025-12-21 07:16:00+00:00, run_after=2025-12-21 07:17:00+00:00
[2025-12-21T07:17:22.835+0000] {processor.py:183} INFO - Processing /home/airflow/.local/lib/python3.8/site-packages/airflow/example_dags/example_branch_python_dop_operator_3.py took 0.090 seconds
[2025-12-21T07:17:52.886+0000] {processor.py:161} INFO - Started process (PID=769) to work on /home/airflow/.local/lib/python3.8/site-packages/airflow/example_dags/example_branch_python_dop_operator_3.py
[2025-12-21T07:17:52.887+0000] {processor.py:830} INFO - Processing file /home/airflow/.local/lib/python3.8/site-packages/airflow/example_dags/example_branch_python_dop_operator_3.py for tasks to queue
[2025-12-21T07:17:52.890+0000] {logging_mixin.py:188} INFO - [2025-12-21T07:17:52.889+0000] {dagbag.py:540} INFO - Filling up the DagBag from /home/airflow/.local/lib/python3.8/site-packages/airflow/example_dags/example_branch_python_dop_operator_3.py
[2025-12-21T07:17:52.898+0000] {processor.py:840} INFO - DAG(s) 'example_branch_dop_operator_v3' retrieved from /home/airflow/.local/lib/python3.8/site-packages/airflow/example_dags/example_branch_python_dop_operator_3.py
[2025-12-21T07:17:52.920+0000] {logging_mixin.py:188} INFO - [2025-12-21T07:17:52.920+0000] {dag.py:3047} INFO - Sync 1 DAGs
[2025-12-21T07:17:52.945+0000] {logging_mixin.py:188} INFO - [2025-12-21T07:17:52.944+0000] {dag.py:3834} INFO - Setting next_dagrun for example_branch_dop_operator_v3 to 2025-12-21 07:16:00+00:00, run_after=2025-12-21 07:17:00+00:00
[2025-12-21T07:17:52.963+0000] {processor.py:183} INFO - Processing /home/airflow/.local/lib/python3.8/site-packages/airflow/example_dags/example_branch_python_dop_operator_3.py took 0.081 seconds
[2025-12-21T07:18:23.584+0000] {processor.py:161} INFO - Started process (PID=825) to work on /home/airflow/.local/lib/python3.8/site-packages/airflow/example_dags/example_branch_python_dop_operator_3.py
[2025-12-21T07:18:23.585+0000] {processor.py:830} INFO - Processing file /home/airflow/.local/lib/python3.8/site-packages/airflow/example_dags/example_branch_python_dop_operator_3.py for tasks to queue
[2025-12-21T07:18:23.588+0000] {logging_mixin.py:188} INFO - [2025-12-21T07:18:23.587+0000] {dagbag.py:540} INFO - Filling up the DagBag from /home/airflow/.local/lib/python3.8/site-packages/airflow/example_dags/example_branch_python_dop_operator_3.py
[2025-12-21T07:18:23.597+0000] {processor.py:840} INFO - DAG(s) 'example_branch_dop_operator_v3' retrieved from /home/airflow/.local/lib/python3.8/site-packages/airflow/example_dags/example_branch_python_dop_operator_3.py
[2025-12-21T07:18:23.620+0000] {logging_mixin.py:188} INFO - [2025-12-21T07:18:23.620+0000] {dag.py:3047} INFO - Sync 1 DAGs
[2025-12-21T07:18:23.646+0000] {logging_mixin.py:188} INFO - [2025-12-21T07:18:23.646+0000] {dag.py:3834} INFO - Setting next_dagrun for example_branch_dop_operator_v3 to 2025-12-21 07:17:00+00:00, run_after=2025-12-21 07:18:00+00:00
[2025-12-21T07:18:23.667+0000] {processor.py:183} INFO - Processing /home/airflow/.local/lib/python3.8/site-packages/airflow/example_dags/example_branch_python_dop_operator_3.py took 0.087 seconds
[2025-12-21T07:18:54.569+0000] {processor.py:161} INFO - Started process (PID=881) to work on /home/airflow/.local/lib/python3.8/site-packages/airflow/example_dags/example_branch_python_dop_operator_3.py
[2025-12-21T07:18:54.570+0000] {processor.py:830} INFO - Processing file /home/airflow/.local/lib/python3.8/site-packages/airflow/example_dags/example_branch_python_dop_operator_3.py for tasks to queue
[2025-12-21T07:18:54.573+0000] {logging_mixin.py:188} INFO - [2025-12-21T07:18:54.573+0000] {dagbag.py:540} INFO - Filling up the DagBag from /home/airflow/.local/lib/python3.8/site-packages/airflow/example_dags/example_branch_python_dop_operator_3.py
[2025-12-21T07:18:54.583+0000] {processor.py:840} INFO - DAG(s) 'example_branch_dop_operator_v3' retrieved from /home/airflow/.local/lib/python3.8/site-packages/airflow/example_dags/example_branch_python_dop_operator_3.py
[2025-12-21T07:18:54.606+0000] {logging_mixin.py:188} INFO - [2025-12-21T07:18:54.606+0000] {dag.py:3047} INFO - Sync 1 DAGs
[2025-12-21T07:18:54.633+0000] {logging_mixin.py:188} INFO - [2025-12-21T07:18:54.633+0000] {dag.py:3834} INFO - Setting next_dagrun for example_branch_dop_operator_v3 to 2025-12-21 07:17:00+00:00, run_after=2025-12-21 07:18:00+00:00
[2025-12-21T07:18:54.653+0000] {processor.py:183} INFO - Processing /home/airflow/.local/lib/python3.8/site-packages/airflow/example_dags/example_branch_python_dop_operator_3.py took 0.088 seconds
[2025-12-21T07:19:27.092+0000] {processor.py:161} INFO - Started process (PID=937) to work on /home/airflow/.local/lib/python3.8/site-packages/airflow/example_dags/example_branch_python_dop_operator_3.py
[2025-12-21T07:19:27.094+0000] {processor.py:830} INFO - Processing file /home/airflow/.local/lib/python3.8/site-packages/airflow/example_dags/example_branch_python_dop_operator_3.py for tasks to queue
[2025-12-21T07:19:27.096+0000] {logging_mixin.py:188} INFO - [2025-12-21T07:19:27.096+0000] {dagbag.py:540} INFO - Filling up the DagBag from /home/airflow/.local/lib/python3.8/site-packages/airflow/example_dags/example_branch_python_dop_operator_3.py
[2025-12-21T07:19:27.107+0000] {processor.py:840} INFO - DAG(s) 'example_branch_dop_operator_v3' retrieved from /home/airflow/.local/lib/python3.8/site-packages/airflow/example_dags/example_branch_python_dop_operator_3.py
[2025-12-21T07:19:27.132+0000] {logging_mixin.py:188} INFO - [2025-12-21T07:19:27.131+0000] {dag.py:3047} INFO - Sync 1 DAGs
[2025-12-21T07:19:27.167+0000] {logging_mixin.py:188} INFO - [2025-12-21T07:19:27.166+0000] {dag.py:3834} INFO - Setting next_dagrun for example_branch_dop_operator_v3 to 2025-12-21 07:18:00+00:00, run_after=2025-12-21 07:19:00+00:00
[2025-12-21T07:19:27.193+0000] {processor.py:183} INFO - Processing /home/airflow/.local/lib/python3.8/site-packages/airflow/example_dags/example_branch_python_dop_operator_3.py took 0.105 seconds
[2025-12-21T07:19:58.413+0000] {processor.py:161} INFO - Started process (PID=994) to work on /home/airflow/.local/lib/python3.8/site-packages/airflow/example_dags/example_branch_python_dop_operator_3.py
[2025-12-21T07:19:58.433+0000] {processor.py:830} INFO - Processing file /home/airflow/.local/lib/python3.8/site-packages/airflow/example_dags/example_branch_python_dop_operator_3.py for tasks to queue
[2025-12-21T07:19:58.437+0000] {logging_mixin.py:188} INFO - [2025-12-21T07:19:58.436+0000] {dagbag.py:540} INFO - Filling up the DagBag from /home/airflow/.local/lib/python3.8/site-packages/airflow/example_dags/example_branch_python_dop_operator_3.py
[2025-12-21T07:19:58.466+0000] {processor.py:840} INFO - DAG(s) 'example_branch_dop_operator_v3' retrieved from /home/airflow/.local/lib/python3.8/site-packages/airflow/example_dags/example_branch_python_dop_operator_3.py
[2025-12-21T07:19:58.511+0000] {logging_mixin.py:188} INFO - [2025-12-21T07:19:58.511+0000] {dag.py:3047} INFO - Sync 1 DAGs
[2025-12-21T07:19:58.552+0000] {logging_mixin.py:188} INFO - [2025-12-21T07:19:58.551+0000] {dag.py:3834} INFO - Setting next_dagrun for example_branch_dop_operator_v3 to 2025-12-21 07:18:00+00:00, run_after=2025-12-21 07:19:00+00:00
[2025-12-21T07:19:58.664+0000] {processor.py:183} INFO - Processing /home/airflow/.local/lib/python3.8/site-packages/airflow/example_dags/example_branch_python_dop_operator_3.py took 0.261 seconds
[2025-12-21T07:20:41.709+0000] {processor.py:161} INFO - Started process (PID=85) to work on /home/airflow/.local/lib/python3.8/site-packages/airflow/example_dags/example_branch_python_dop_operator_3.py
[2025-12-21T07:20:41.710+0000] {processor.py:830} INFO - Processing file /home/airflow/.local/lib/python3.8/site-packages/airflow/example_dags/example_branch_python_dop_operator_3.py for tasks to queue
[2025-12-21T07:20:41.712+0000] {logging_mixin.py:188} INFO - [2025-12-21T07:20:41.712+0000] {dagbag.py:540} INFO - Filling up the DagBag from /home/airflow/.local/lib/python3.8/site-packages/airflow/example_dags/example_branch_python_dop_operator_3.py
[2025-12-21T07:20:41.721+0000] {processor.py:840} INFO - DAG(s) 'example_branch_dop_operator_v3' retrieved from /home/airflow/.local/lib/python3.8/site-packages/airflow/example_dags/example_branch_python_dop_operator_3.py
[2025-12-21T07:20:41.744+0000] {logging_mixin.py:188} INFO - [2025-12-21T07:20:41.743+0000] {dag.py:3047} INFO - Sync 1 DAGs
[2025-12-21T07:20:41.769+0000] {logging_mixin.py:188} INFO - [2025-12-21T07:20:41.769+0000] {dag.py:3834} INFO - Setting next_dagrun for example_branch_dop_operator_v3 to 2025-12-21 07:19:00+00:00, run_after=2025-12-21 07:20:00+00:00
[2025-12-21T07:20:41.787+0000] {processor.py:183} INFO - Processing /home/airflow/.local/lib/python3.8/site-packages/airflow/example_dags/example_branch_python_dop_operator_3.py took 0.082 seconds
[2025-12-21T07:21:11.981+0000] {processor.py:161} INFO - Started process (PID=141) to work on /home/airflow/.local/lib/python3.8/site-packages/airflow/example_dags/example_branch_python_dop_operator_3.py
[2025-12-21T07:21:11.983+0000] {processor.py:830} INFO - Processing file /home/airflow/.local/lib/python3.8/site-packages/airflow/example_dags/example_branch_python_dop_operator_3.py for tasks to queue
[2025-12-21T07:21:11.986+0000] {logging_mixin.py:188} INFO - [2025-12-21T07:21:11.986+0000] {dagbag.py:540} INFO - Filling up the DagBag from /home/airflow/.local/lib/python3.8/site-packages/airflow/example_dags/example_branch_python_dop_operator_3.py
[2025-12-21T07:21:12.000+0000] {processor.py:840} INFO - DAG(s) 'example_branch_dop_operator_v3' retrieved from /home/airflow/.local/lib/python3.8/site-packages/airflow/example_dags/example_branch_python_dop_operator_3.py
[2025-12-21T07:21:12.028+0000] {logging_mixin.py:188} INFO - [2025-12-21T07:21:12.027+0000] {dag.py:3047} INFO - Sync 1 DAGs
[2025-12-21T07:21:12.061+0000] {logging_mixin.py:188} INFO - [2025-12-21T07:21:12.060+0000] {dag.py:3834} INFO - Setting next_dagrun for example_branch_dop_operator_v3 to 2025-12-21 07:20:00+00:00, run_after=2025-12-21 07:21:00+00:00
[2025-12-21T07:21:12.087+0000] {processor.py:183} INFO - Processing /home/airflow/.local/lib/python3.8/site-packages/airflow/example_dags/example_branch_python_dop_operator_3.py took 0.112 seconds
[2025-12-21T07:22:22.928+0000] {processor.py:161} INFO - Started process (PID=98) to work on /home/airflow/.local/lib/python3.8/site-packages/airflow/example_dags/example_branch_python_dop_operator_3.py
[2025-12-21T07:22:22.930+0000] {processor.py:830} INFO - Processing file /home/airflow/.local/lib/python3.8/site-packages/airflow/example_dags/example_branch_python_dop_operator_3.py for tasks to queue
[2025-12-21T07:22:22.934+0000] {logging_mixin.py:188} INFO - [2025-12-21T07:22:22.933+0000] {dagbag.py:540} INFO - Filling up the DagBag from /home/airflow/.local/lib/python3.8/site-packages/airflow/example_dags/example_branch_python_dop_operator_3.py
[2025-12-21T07:22:22.950+0000] {processor.py:840} INFO - DAG(s) 'example_branch_dop_operator_v3' retrieved from /home/airflow/.local/lib/python3.8/site-packages/airflow/example_dags/example_branch_python_dop_operator_3.py
[2025-12-21T07:22:22.971+0000] {logging_mixin.py:188} INFO - [2025-12-21T07:22:22.971+0000] {dag.py:3047} INFO - Sync 1 DAGs
[2025-12-21T07:22:23.022+0000] {logging_mixin.py:188} INFO - [2025-12-21T07:22:23.021+0000] {dag.py:3834} INFO - Setting next_dagrun for example_branch_dop_operator_v3 to 2025-12-21 07:21:00+00:00, run_after=2025-12-21 07:22:00+00:00
[2025-12-21T07:22:23.061+0000] {processor.py:183} INFO - Processing /home/airflow/.local/lib/python3.8/site-packages/airflow/example_dags/example_branch_python_dop_operator_3.py took 0.141 seconds
[2025-12-21T07:22:54.508+0000] {processor.py:161} INFO - Started process (PID=155) to work on /home/airflow/.local/lib/python3.8/site-packages/airflow/example_dags/example_branch_python_dop_operator_3.py
[2025-12-21T07:22:54.510+0000] {processor.py:830} INFO - Processing file /home/airflow/.local/lib/python3.8/site-packages/airflow/example_dags/example_branch_python_dop_operator_3.py for tasks to queue
[2025-12-21T07:22:54.519+0000] {logging_mixin.py:188} INFO - [2025-12-21T07:22:54.518+0000] {dagbag.py:540} INFO - Filling up the DagBag from /home/airflow/.local/lib/python3.8/site-packages/airflow/example_dags/example_branch_python_dop_operator_3.py
[2025-12-21T07:22:54.529+0000] {processor.py:840} INFO - DAG(s) 'example_branch_dop_operator_v3' retrieved from /home/airflow/.local/lib/python3.8/site-packages/airflow/example_dags/example_branch_python_dop_operator_3.py
[2025-12-21T07:22:54.633+0000] {logging_mixin.py:188} INFO - [2025-12-21T07:22:54.633+0000] {dag.py:3047} INFO - Sync 1 DAGs
[2025-12-21T07:22:54.660+0000] {logging_mixin.py:188} INFO - [2025-12-21T07:22:54.660+0000] {dag.py:3834} INFO - Setting next_dagrun for example_branch_dop_operator_v3 to 2025-12-21 07:21:00+00:00, run_after=2025-12-21 07:22:00+00:00
[2025-12-21T07:22:54.688+0000] {processor.py:183} INFO - Processing /home/airflow/.local/lib/python3.8/site-packages/airflow/example_dags/example_branch_python_dop_operator_3.py took 0.183 seconds
[2025-12-21T07:28:34.241+0000] {processor.py:161} INFO - Started process (PID=100) to work on /home/airflow/.local/lib/python3.8/site-packages/airflow/example_dags/example_branch_python_dop_operator_3.py
[2025-12-21T07:28:34.244+0000] {processor.py:830} INFO - Processing file /home/airflow/.local/lib/python3.8/site-packages/airflow/example_dags/example_branch_python_dop_operator_3.py for tasks to queue
[2025-12-21T07:28:34.250+0000] {logging_mixin.py:188} INFO - [2025-12-21T07:28:34.249+0000] {dagbag.py:540} INFO - Filling up the DagBag from /home/airflow/.local/lib/python3.8/site-packages/airflow/example_dags/example_branch_python_dop_operator_3.py
[2025-12-21T07:28:34.263+0000] {processor.py:840} INFO - DAG(s) 'example_branch_dop_operator_v3' retrieved from /home/airflow/.local/lib/python3.8/site-packages/airflow/example_dags/example_branch_python_dop_operator_3.py
[2025-12-21T07:28:34.380+0000] {logging_mixin.py:188} INFO - [2025-12-21T07:28:34.380+0000] {dag.py:3047} INFO - Sync 1 DAGs
[2025-12-21T07:28:34.411+0000] {logging_mixin.py:188} INFO - [2025-12-21T07:28:34.411+0000] {dag.py:3834} INFO - Setting next_dagrun for example_branch_dop_operator_v3 to 2025-12-21 07:27:00+00:00, run_after=2025-12-21 07:28:00+00:00
[2025-12-21T07:28:34.435+0000] {processor.py:183} INFO - Processing /home/airflow/.local/lib/python3.8/site-packages/airflow/example_dags/example_branch_python_dop_operator_3.py took 0.200 seconds
[2025-12-21T07:29:04.596+0000] {processor.py:161} INFO - Started process (PID=156) to work on /home/airflow/.local/lib/python3.8/site-packages/airflow/example_dags/example_branch_python_dop_operator_3.py
[2025-12-21T07:29:04.597+0000] {processor.py:830} INFO - Processing file /home/airflow/.local/lib/python3.8/site-packages/airflow/example_dags/example_branch_python_dop_operator_3.py for tasks to queue
[2025-12-21T07:29:04.600+0000] {logging_mixin.py:188} INFO - [2025-12-21T07:29:04.599+0000] {dagbag.py:540} INFO - Filling up the DagBag from /home/airflow/.local/lib/python3.8/site-packages/airflow/example_dags/example_branch_python_dop_operator_3.py
[2025-12-21T07:29:04.611+0000] {processor.py:840} INFO - DAG(s) 'example_branch_dop_operator_v3' retrieved from /home/airflow/.local/lib/python3.8/site-packages/airflow/example_dags/example_branch_python_dop_operator_3.py
[2025-12-21T07:29:04.636+0000] {logging_mixin.py:188} INFO - [2025-12-21T07:29:04.636+0000] {dag.py:3047} INFO - Sync 1 DAGs
[2025-12-21T07:29:04.665+0000] {logging_mixin.py:188} INFO - [2025-12-21T07:29:04.665+0000] {dag.py:3834} INFO - Setting next_dagrun for example_branch_dop_operator_v3 to 2025-12-21 07:28:00+00:00, run_after=2025-12-21 07:29:00+00:00
[2025-12-21T07:29:04.689+0000] {processor.py:183} INFO - Processing /home/airflow/.local/lib/python3.8/site-packages/airflow/example_dags/example_branch_python_dop_operator_3.py took 0.097 seconds
[2025-12-21T07:29:34.828+0000] {processor.py:161} INFO - Started process (PID=211) to work on /home/airflow/.local/lib/python3.8/site-packages/airflow/example_dags/example_branch_python_dop_operator_3.py
[2025-12-21T07:29:34.829+0000] {processor.py:830} INFO - Processing file /home/airflow/.local/lib/python3.8/site-packages/airflow/example_dags/example_branch_python_dop_operator_3.py for tasks to queue
[2025-12-21T07:29:34.832+0000] {logging_mixin.py:188} INFO - [2025-12-21T07:29:34.832+0000] {dagbag.py:540} INFO - Filling up the DagBag from /home/airflow/.local/lib/python3.8/site-packages/airflow/example_dags/example_branch_python_dop_operator_3.py
[2025-12-21T07:29:34.842+0000] {processor.py:840} INFO - DAG(s) 'example_branch_dop_operator_v3' retrieved from /home/airflow/.local/lib/python3.8/site-packages/airflow/example_dags/example_branch_python_dop_operator_3.py
[2025-12-21T07:29:34.868+0000] {logging_mixin.py:188} INFO - [2025-12-21T07:29:34.868+0000] {dag.py:3047} INFO - Sync 1 DAGs
[2025-12-21T07:29:34.898+0000] {logging_mixin.py:188} INFO - [2025-12-21T07:29:34.897+0000] {dag.py:3834} INFO - Setting next_dagrun for example_branch_dop_operator_v3 to 2025-12-21 07:28:00+00:00, run_after=2025-12-21 07:29:00+00:00
[2025-12-21T07:29:34.921+0000] {processor.py:183} INFO - Processing /home/airflow/.local/lib/python3.8/site-packages/airflow/example_dags/example_branch_python_dop_operator_3.py took 0.097 seconds
[2025-12-21T07:30:04.987+0000] {processor.py:161} INFO - Started process (PID=266) to work on /home/airflow/.local/lib/python3.8/site-packages/airflow/example_dags/example_branch_python_dop_operator_3.py
[2025-12-21T07:30:04.989+0000] {processor.py:830} INFO - Processing file /home/airflow/.local/lib/python3.8/site-packages/airflow/example_dags/example_branch_python_dop_operator_3.py for tasks to queue
[2025-12-21T07:30:04.991+0000] {logging_mixin.py:188} INFO - [2025-12-21T07:30:04.991+0000] {dagbag.py:540} INFO - Filling up the DagBag from /home/airflow/.local/lib/python3.8/site-packages/airflow/example_dags/example_branch_python_dop_operator_3.py
[2025-12-21T07:30:05.001+0000] {processor.py:840} INFO - DAG(s) 'example_branch_dop_operator_v3' retrieved from /home/airflow/.local/lib/python3.8/site-packages/airflow/example_dags/example_branch_python_dop_operator_3.py
[2025-12-21T07:30:05.025+0000] {logging_mixin.py:188} INFO - [2025-12-21T07:30:05.025+0000] {dag.py:3047} INFO - Sync 1 DAGs
[2025-12-21T07:30:05.054+0000] {logging_mixin.py:188} INFO - [2025-12-21T07:30:05.054+0000] {dag.py:3834} INFO - Setting next_dagrun for example_branch_dop_operator_v3 to 2025-12-21 07:29:00+00:00, run_after=2025-12-21 07:30:00+00:00
[2025-12-21T07:30:05.077+0000] {processor.py:183} INFO - Processing /home/airflow/.local/lib/python3.8/site-packages/airflow/example_dags/example_branch_python_dop_operator_3.py took 0.093 seconds
[2025-12-21T07:30:35.199+0000] {processor.py:161} INFO - Started process (PID=322) to work on /home/airflow/.local/lib/python3.8/site-packages/airflow/example_dags/example_branch_python_dop_operator_3.py
[2025-12-21T07:30:35.200+0000] {processor.py:830} INFO - Processing file /home/airflow/.local/lib/python3.8/site-packages/airflow/example_dags/example_branch_python_dop_operator_3.py for tasks to queue
[2025-12-21T07:30:35.202+0000] {logging_mixin.py:188} INFO - [2025-12-21T07:30:35.202+0000] {dagbag.py:540} INFO - Filling up the DagBag from /home/airflow/.local/lib/python3.8/site-packages/airflow/example_dags/example_branch_python_dop_operator_3.py
[2025-12-21T07:30:35.213+0000] {processor.py:840} INFO - DAG(s) 'example_branch_dop_operator_v3' retrieved from /home/airflow/.local/lib/python3.8/site-packages/airflow/example_dags/example_branch_python_dop_operator_3.py
[2025-12-21T07:30:35.241+0000] {logging_mixin.py:188} INFO - [2025-12-21T07:30:35.240+0000] {dag.py:3047} INFO - Sync 1 DAGs
[2025-12-21T07:30:35.271+0000] {logging_mixin.py:188} INFO - [2025-12-21T07:30:35.271+0000] {dag.py:3834} INFO - Setting next_dagrun for example_branch_dop_operator_v3 to 2025-12-21 07:29:00+00:00, run_after=2025-12-21 07:30:00+00:00
[2025-12-21T07:30:35.294+0000] {processor.py:183} INFO - Processing /home/airflow/.local/lib/python3.8/site-packages/airflow/example_dags/example_branch_python_dop_operator_3.py took 0.100 seconds
[2025-12-21T07:31:05.463+0000] {processor.py:161} INFO - Started process (PID=378) to work on /home/airflow/.local/lib/python3.8/site-packages/airflow/example_dags/example_branch_python_dop_operator_3.py
[2025-12-21T07:31:05.464+0000] {processor.py:830} INFO - Processing file /home/airflow/.local/lib/python3.8/site-packages/airflow/example_dags/example_branch_python_dop_operator_3.py for tasks to queue
[2025-12-21T07:31:05.467+0000] {logging_mixin.py:188} INFO - [2025-12-21T07:31:05.466+0000] {dagbag.py:540} INFO - Filling up the DagBag from /home/airflow/.local/lib/python3.8/site-packages/airflow/example_dags/example_branch_python_dop_operator_3.py
[2025-12-21T07:31:05.478+0000] {processor.py:840} INFO - DAG(s) 'example_branch_dop_operator_v3' retrieved from /home/airflow/.local/lib/python3.8/site-packages/airflow/example_dags/example_branch_python_dop_operator_3.py
[2025-12-21T07:31:05.505+0000] {logging_mixin.py:188} INFO - [2025-12-21T07:31:05.505+0000] {dag.py:3047} INFO - Sync 1 DAGs
[2025-12-21T07:31:05.538+0000] {logging_mixin.py:188} INFO - [2025-12-21T07:31:05.537+0000] {dag.py:3834} INFO - Setting next_dagrun for example_branch_dop_operator_v3 to 2025-12-21 07:30:00+00:00, run_after=2025-12-21 07:31:00+00:00
[2025-12-21T07:31:05.564+0000] {processor.py:183} INFO - Processing /home/airflow/.local/lib/python3.8/site-packages/airflow/example_dags/example_branch_python_dop_operator_3.py took 0.105 seconds
[2025-12-21T07:31:35.808+0000] {processor.py:161} INFO - Started process (PID=435) to work on /home/airflow/.local/lib/python3.8/site-packages/airflow/example_dags/example_branch_python_dop_operator_3.py
[2025-12-21T07:31:35.809+0000] {processor.py:830} INFO - Processing file /home/airflow/.local/lib/python3.8/site-packages/airflow/example_dags/example_branch_python_dop_operator_3.py for tasks to queue
[2025-12-21T07:31:35.812+0000] {logging_mixin.py:188} INFO - [2025-12-21T07:31:35.811+0000] {dagbag.py:540} INFO - Filling up the DagBag from /home/airflow/.local/lib/python3.8/site-packages/airflow/example_dags/example_branch_python_dop_operator_3.py
[2025-12-21T07:31:35.821+0000] {processor.py:840} INFO - DAG(s) 'example_branch_dop_operator_v3' retrieved from /home/airflow/.local/lib/python3.8/site-packages/airflow/example_dags/example_branch_python_dop_operator_3.py
[2025-12-21T07:31:35.843+0000] {logging_mixin.py:188} INFO - [2025-12-21T07:31:35.842+0000] {dag.py:3047} INFO - Sync 1 DAGs
[2025-12-21T07:31:35.869+0000] {logging_mixin.py:188} INFO - [2025-12-21T07:31:35.868+0000] {dag.py:3834} INFO - Setting next_dagrun for example_branch_dop_operator_v3 to 2025-12-21 07:30:00+00:00, run_after=2025-12-21 07:31:00+00:00
[2025-12-21T07:31:35.889+0000] {processor.py:183} INFO - Processing /home/airflow/.local/lib/python3.8/site-packages/airflow/example_dags/example_branch_python_dop_operator_3.py took 0.085 seconds
