[2025-12-21T06:58:35.683+0000] {processor.py:161} INFO - Started process (PID=55) to work on /home/airflow/.local/lib/python3.8/site-packages/airflow/example_dags/example_latest_only_with_trigger.py
[2025-12-21T06:58:35.695+0000] {processor.py:830} INFO - Processing file /home/airflow/.local/lib/python3.8/site-packages/airflow/example_dags/example_latest_only_with_trigger.py for tasks to queue
[2025-12-21T06:58:35.718+0000] {logging_mixin.py:188} INFO - [2025-12-21T06:58:35.717+0000] {dagbag.py:540} INFO - Filling up the DagBag from /home/airflow/.local/lib/python3.8/site-packages/airflow/example_dags/example_latest_only_with_trigger.py
[2025-12-21T06:58:35.753+0000] {processor.py:840} INFO - DAG(s) 'latest_only_with_trigger' retrieved from /home/airflow/.local/lib/python3.8/site-packages/airflow/example_dags/example_latest_only_with_trigger.py
[2025-12-21T06:58:35.790+0000] {logging_mixin.py:188} INFO - [2025-12-21T06:58:35.789+0000] {dag.py:3047} INFO - Sync 1 DAGs
[2025-12-21T06:58:35.849+0000] {logging_mixin.py:188} INFO - [2025-12-21T06:58:35.848+0000] {dag.py:3834} INFO - Setting next_dagrun for latest_only_with_trigger to 2025-12-21 00:00:00+00:00, run_after=2025-12-21 04:00:00+00:00
[2025-12-21T06:58:35.884+0000] {processor.py:183} INFO - Processing /home/airflow/.local/lib/python3.8/site-packages/airflow/example_dags/example_latest_only_with_trigger.py took 0.225 seconds
[2025-12-21T06:58:51.356+0000] {processor.py:161} INFO - Started process (PID=51) to work on /home/airflow/.local/lib/python3.8/site-packages/airflow/example_dags/example_latest_only_with_trigger.py
[2025-12-21T06:58:51.358+0000] {processor.py:830} INFO - Processing file /home/airflow/.local/lib/python3.8/site-packages/airflow/example_dags/example_latest_only_with_trigger.py for tasks to queue
[2025-12-21T06:58:51.361+0000] {logging_mixin.py:188} INFO - [2025-12-21T06:58:51.360+0000] {dagbag.py:540} INFO - Filling up the DagBag from /home/airflow/.local/lib/python3.8/site-packages/airflow/example_dags/example_latest_only_with_trigger.py
[2025-12-21T06:58:51.371+0000] {processor.py:840} INFO - DAG(s) 'latest_only_with_trigger' retrieved from /home/airflow/.local/lib/python3.8/site-packages/airflow/example_dags/example_latest_only_with_trigger.py
[2025-12-21T06:58:51.473+0000] {logging_mixin.py:188} INFO - [2025-12-21T06:58:51.473+0000] {dag.py:3047} INFO - Sync 1 DAGs
[2025-12-21T06:58:51.493+0000] {logging_mixin.py:188} INFO - [2025-12-21T06:58:51.493+0000] {dag.py:3834} INFO - Setting next_dagrun for latest_only_with_trigger to 2025-12-21 00:00:00+00:00, run_after=2025-12-21 04:00:00+00:00
[2025-12-21T06:58:51.521+0000] {processor.py:183} INFO - Processing /home/airflow/.local/lib/python3.8/site-packages/airflow/example_dags/example_latest_only_with_trigger.py took 0.168 seconds
[2025-12-21T06:59:21.711+0000] {processor.py:161} INFO - Started process (PID=107) to work on /home/airflow/.local/lib/python3.8/site-packages/airflow/example_dags/example_latest_only_with_trigger.py
[2025-12-21T06:59:21.713+0000] {processor.py:830} INFO - Processing file /home/airflow/.local/lib/python3.8/site-packages/airflow/example_dags/example_latest_only_with_trigger.py for tasks to queue
[2025-12-21T06:59:21.715+0000] {logging_mixin.py:188} INFO - [2025-12-21T06:59:21.715+0000] {dagbag.py:540} INFO - Filling up the DagBag from /home/airflow/.local/lib/python3.8/site-packages/airflow/example_dags/example_latest_only_with_trigger.py
[2025-12-21T06:59:21.722+0000] {processor.py:840} INFO - DAG(s) 'latest_only_with_trigger' retrieved from /home/airflow/.local/lib/python3.8/site-packages/airflow/example_dags/example_latest_only_with_trigger.py
[2025-12-21T06:59:21.749+0000] {logging_mixin.py:188} INFO - [2025-12-21T06:59:21.749+0000] {dag.py:3047} INFO - Sync 1 DAGs
[2025-12-21T06:59:21.773+0000] {logging_mixin.py:188} INFO - [2025-12-21T06:59:21.773+0000] {dag.py:3834} INFO - Setting next_dagrun for latest_only_with_trigger to 2025-12-21 00:00:00+00:00, run_after=2025-12-21 04:00:00+00:00
[2025-12-21T06:59:21.799+0000] {processor.py:183} INFO - Processing /home/airflow/.local/lib/python3.8/site-packages/airflow/example_dags/example_latest_only_with_trigger.py took 0.091 seconds
[2025-12-21T06:59:51.956+0000] {processor.py:161} INFO - Started process (PID=163) to work on /home/airflow/.local/lib/python3.8/site-packages/airflow/example_dags/example_latest_only_with_trigger.py
[2025-12-21T06:59:51.958+0000] {processor.py:830} INFO - Processing file /home/airflow/.local/lib/python3.8/site-packages/airflow/example_dags/example_latest_only_with_trigger.py for tasks to queue
[2025-12-21T06:59:51.960+0000] {logging_mixin.py:188} INFO - [2025-12-21T06:59:51.960+0000] {dagbag.py:540} INFO - Filling up the DagBag from /home/airflow/.local/lib/python3.8/site-packages/airflow/example_dags/example_latest_only_with_trigger.py
[2025-12-21T06:59:51.974+0000] {processor.py:840} INFO - DAG(s) 'latest_only_with_trigger' retrieved from /home/airflow/.local/lib/python3.8/site-packages/airflow/example_dags/example_latest_only_with_trigger.py
[2025-12-21T06:59:52.000+0000] {logging_mixin.py:188} INFO - [2025-12-21T06:59:52.000+0000] {dag.py:3047} INFO - Sync 1 DAGs
[2025-12-21T06:59:52.026+0000] {logging_mixin.py:188} INFO - [2025-12-21T06:59:52.026+0000] {dag.py:3834} INFO - Setting next_dagrun for latest_only_with_trigger to 2025-12-21 00:00:00+00:00, run_after=2025-12-21 04:00:00+00:00
[2025-12-21T06:59:52.059+0000] {processor.py:183} INFO - Processing /home/airflow/.local/lib/python3.8/site-packages/airflow/example_dags/example_latest_only_with_trigger.py took 0.106 seconds
[2025-12-21T07:00:22.293+0000] {processor.py:161} INFO - Started process (PID=219) to work on /home/airflow/.local/lib/python3.8/site-packages/airflow/example_dags/example_latest_only_with_trigger.py
[2025-12-21T07:00:22.295+0000] {processor.py:830} INFO - Processing file /home/airflow/.local/lib/python3.8/site-packages/airflow/example_dags/example_latest_only_with_trigger.py for tasks to queue
[2025-12-21T07:00:22.298+0000] {logging_mixin.py:188} INFO - [2025-12-21T07:00:22.297+0000] {dagbag.py:540} INFO - Filling up the DagBag from /home/airflow/.local/lib/python3.8/site-packages/airflow/example_dags/example_latest_only_with_trigger.py
[2025-12-21T07:00:22.305+0000] {processor.py:840} INFO - DAG(s) 'latest_only_with_trigger' retrieved from /home/airflow/.local/lib/python3.8/site-packages/airflow/example_dags/example_latest_only_with_trigger.py
[2025-12-21T07:00:22.332+0000] {logging_mixin.py:188} INFO - [2025-12-21T07:00:22.331+0000] {dag.py:3047} INFO - Sync 1 DAGs
[2025-12-21T07:00:22.357+0000] {logging_mixin.py:188} INFO - [2025-12-21T07:00:22.357+0000] {dag.py:3834} INFO - Setting next_dagrun for latest_only_with_trigger to 2025-12-21 00:00:00+00:00, run_after=2025-12-21 04:00:00+00:00
[2025-12-21T07:00:22.379+0000] {processor.py:183} INFO - Processing /home/airflow/.local/lib/python3.8/site-packages/airflow/example_dags/example_latest_only_with_trigger.py took 0.090 seconds
[2025-12-21T07:00:52.705+0000] {processor.py:161} INFO - Started process (PID=275) to work on /home/airflow/.local/lib/python3.8/site-packages/airflow/example_dags/example_latest_only_with_trigger.py
[2025-12-21T07:00:52.706+0000] {processor.py:830} INFO - Processing file /home/airflow/.local/lib/python3.8/site-packages/airflow/example_dags/example_latest_only_with_trigger.py for tasks to queue
[2025-12-21T07:00:52.709+0000] {logging_mixin.py:188} INFO - [2025-12-21T07:00:52.708+0000] {dagbag.py:540} INFO - Filling up the DagBag from /home/airflow/.local/lib/python3.8/site-packages/airflow/example_dags/example_latest_only_with_trigger.py
[2025-12-21T07:00:52.715+0000] {processor.py:840} INFO - DAG(s) 'latest_only_with_trigger' retrieved from /home/airflow/.local/lib/python3.8/site-packages/airflow/example_dags/example_latest_only_with_trigger.py
[2025-12-21T07:00:52.741+0000] {logging_mixin.py:188} INFO - [2025-12-21T07:00:52.740+0000] {dag.py:3047} INFO - Sync 1 DAGs
[2025-12-21T07:00:52.765+0000] {logging_mixin.py:188} INFO - [2025-12-21T07:00:52.765+0000] {dag.py:3834} INFO - Setting next_dagrun for latest_only_with_trigger to 2025-12-21 00:00:00+00:00, run_after=2025-12-21 04:00:00+00:00
[2025-12-21T07:00:52.790+0000] {processor.py:183} INFO - Processing /home/airflow/.local/lib/python3.8/site-packages/airflow/example_dags/example_latest_only_with_trigger.py took 0.089 seconds
[2025-12-21T07:01:23.103+0000] {processor.py:161} INFO - Started process (PID=331) to work on /home/airflow/.local/lib/python3.8/site-packages/airflow/example_dags/example_latest_only_with_trigger.py
[2025-12-21T07:01:23.105+0000] {processor.py:830} INFO - Processing file /home/airflow/.local/lib/python3.8/site-packages/airflow/example_dags/example_latest_only_with_trigger.py for tasks to queue
[2025-12-21T07:01:23.108+0000] {logging_mixin.py:188} INFO - [2025-12-21T07:01:23.108+0000] {dagbag.py:540} INFO - Filling up the DagBag from /home/airflow/.local/lib/python3.8/site-packages/airflow/example_dags/example_latest_only_with_trigger.py
[2025-12-21T07:01:23.115+0000] {processor.py:840} INFO - DAG(s) 'latest_only_with_trigger' retrieved from /home/airflow/.local/lib/python3.8/site-packages/airflow/example_dags/example_latest_only_with_trigger.py
[2025-12-21T07:01:23.139+0000] {logging_mixin.py:188} INFO - [2025-12-21T07:01:23.139+0000] {dag.py:3047} INFO - Sync 1 DAGs
[2025-12-21T07:01:23.162+0000] {logging_mixin.py:188} INFO - [2025-12-21T07:01:23.162+0000] {dag.py:3834} INFO - Setting next_dagrun for latest_only_with_trigger to 2025-12-21 00:00:00+00:00, run_after=2025-12-21 04:00:00+00:00
[2025-12-21T07:01:23.192+0000] {processor.py:183} INFO - Processing /home/airflow/.local/lib/python3.8/site-packages/airflow/example_dags/example_latest_only_with_trigger.py took 0.093 seconds
[2025-12-21T07:01:53.287+0000] {processor.py:161} INFO - Started process (PID=387) to work on /home/airflow/.local/lib/python3.8/site-packages/airflow/example_dags/example_latest_only_with_trigger.py
[2025-12-21T07:01:53.289+0000] {processor.py:830} INFO - Processing file /home/airflow/.local/lib/python3.8/site-packages/airflow/example_dags/example_latest_only_with_trigger.py for tasks to queue
[2025-12-21T07:01:53.291+0000] {logging_mixin.py:188} INFO - [2025-12-21T07:01:53.291+0000] {dagbag.py:540} INFO - Filling up the DagBag from /home/airflow/.local/lib/python3.8/site-packages/airflow/example_dags/example_latest_only_with_trigger.py
[2025-12-21T07:01:53.299+0000] {processor.py:840} INFO - DAG(s) 'latest_only_with_trigger' retrieved from /home/airflow/.local/lib/python3.8/site-packages/airflow/example_dags/example_latest_only_with_trigger.py
[2025-12-21T07:01:53.328+0000] {logging_mixin.py:188} INFO - [2025-12-21T07:01:53.327+0000] {dag.py:3047} INFO - Sync 1 DAGs
[2025-12-21T07:01:53.352+0000] {logging_mixin.py:188} INFO - [2025-12-21T07:01:53.352+0000] {dag.py:3834} INFO - Setting next_dagrun for latest_only_with_trigger to 2025-12-21 00:00:00+00:00, run_after=2025-12-21 04:00:00+00:00
[2025-12-21T07:01:53.377+0000] {processor.py:183} INFO - Processing /home/airflow/.local/lib/python3.8/site-packages/airflow/example_dags/example_latest_only_with_trigger.py took 0.095 seconds
[2025-12-21T07:02:23.614+0000] {processor.py:161} INFO - Started process (PID=443) to work on /home/airflow/.local/lib/python3.8/site-packages/airflow/example_dags/example_latest_only_with_trigger.py
[2025-12-21T07:02:23.616+0000] {processor.py:830} INFO - Processing file /home/airflow/.local/lib/python3.8/site-packages/airflow/example_dags/example_latest_only_with_trigger.py for tasks to queue
[2025-12-21T07:02:23.619+0000] {logging_mixin.py:188} INFO - [2025-12-21T07:02:23.619+0000] {dagbag.py:540} INFO - Filling up the DagBag from /home/airflow/.local/lib/python3.8/site-packages/airflow/example_dags/example_latest_only_with_trigger.py
[2025-12-21T07:02:23.625+0000] {processor.py:840} INFO - DAG(s) 'latest_only_with_trigger' retrieved from /home/airflow/.local/lib/python3.8/site-packages/airflow/example_dags/example_latest_only_with_trigger.py
[2025-12-21T07:02:23.649+0000] {logging_mixin.py:188} INFO - [2025-12-21T07:02:23.648+0000] {dag.py:3047} INFO - Sync 1 DAGs
[2025-12-21T07:02:23.671+0000] {logging_mixin.py:188} INFO - [2025-12-21T07:02:23.671+0000] {dag.py:3834} INFO - Setting next_dagrun for latest_only_with_trigger to 2025-12-21 00:00:00+00:00, run_after=2025-12-21 04:00:00+00:00
[2025-12-21T07:02:23.694+0000] {processor.py:183} INFO - Processing /home/airflow/.local/lib/python3.8/site-packages/airflow/example_dags/example_latest_only_with_trigger.py took 0.083 seconds
[2025-12-21T07:02:53.956+0000] {processor.py:161} INFO - Started process (PID=499) to work on /home/airflow/.local/lib/python3.8/site-packages/airflow/example_dags/example_latest_only_with_trigger.py
[2025-12-21T07:02:53.958+0000] {processor.py:830} INFO - Processing file /home/airflow/.local/lib/python3.8/site-packages/airflow/example_dags/example_latest_only_with_trigger.py for tasks to queue
[2025-12-21T07:02:53.961+0000] {logging_mixin.py:188} INFO - [2025-12-21T07:02:53.961+0000] {dagbag.py:540} INFO - Filling up the DagBag from /home/airflow/.local/lib/python3.8/site-packages/airflow/example_dags/example_latest_only_with_trigger.py
[2025-12-21T07:02:53.967+0000] {processor.py:840} INFO - DAG(s) 'latest_only_with_trigger' retrieved from /home/airflow/.local/lib/python3.8/site-packages/airflow/example_dags/example_latest_only_with_trigger.py
[2025-12-21T07:02:53.996+0000] {logging_mixin.py:188} INFO - [2025-12-21T07:02:53.996+0000] {dag.py:3047} INFO - Sync 1 DAGs
[2025-12-21T07:02:54.019+0000] {logging_mixin.py:188} INFO - [2025-12-21T07:02:54.019+0000] {dag.py:3834} INFO - Setting next_dagrun for latest_only_with_trigger to 2025-12-21 00:00:00+00:00, run_after=2025-12-21 04:00:00+00:00
[2025-12-21T07:02:54.042+0000] {processor.py:183} INFO - Processing /home/airflow/.local/lib/python3.8/site-packages/airflow/example_dags/example_latest_only_with_trigger.py took 0.089 seconds
[2025-12-21T07:03:24.391+0000] {processor.py:161} INFO - Started process (PID=555) to work on /home/airflow/.local/lib/python3.8/site-packages/airflow/example_dags/example_latest_only_with_trigger.py
[2025-12-21T07:03:24.392+0000] {processor.py:830} INFO - Processing file /home/airflow/.local/lib/python3.8/site-packages/airflow/example_dags/example_latest_only_with_trigger.py for tasks to queue
[2025-12-21T07:03:24.395+0000] {logging_mixin.py:188} INFO - [2025-12-21T07:03:24.395+0000] {dagbag.py:540} INFO - Filling up the DagBag from /home/airflow/.local/lib/python3.8/site-packages/airflow/example_dags/example_latest_only_with_trigger.py
[2025-12-21T07:03:24.404+0000] {processor.py:840} INFO - DAG(s) 'latest_only_with_trigger' retrieved from /home/airflow/.local/lib/python3.8/site-packages/airflow/example_dags/example_latest_only_with_trigger.py
[2025-12-21T07:03:24.434+0000] {logging_mixin.py:188} INFO - [2025-12-21T07:03:24.433+0000] {dag.py:3047} INFO - Sync 1 DAGs
[2025-12-21T07:03:24.463+0000] {logging_mixin.py:188} INFO - [2025-12-21T07:03:24.463+0000] {dag.py:3834} INFO - Setting next_dagrun for latest_only_with_trigger to 2025-12-21 00:00:00+00:00, run_after=2025-12-21 04:00:00+00:00
[2025-12-21T07:03:24.489+0000] {processor.py:183} INFO - Processing /home/airflow/.local/lib/python3.8/site-packages/airflow/example_dags/example_latest_only_with_trigger.py took 0.103 seconds
[2025-12-21T07:03:55.138+0000] {processor.py:161} INFO - Started process (PID=611) to work on /home/airflow/.local/lib/python3.8/site-packages/airflow/example_dags/example_latest_only_with_trigger.py
[2025-12-21T07:03:55.139+0000] {processor.py:830} INFO - Processing file /home/airflow/.local/lib/python3.8/site-packages/airflow/example_dags/example_latest_only_with_trigger.py for tasks to queue
[2025-12-21T07:03:55.142+0000] {logging_mixin.py:188} INFO - [2025-12-21T07:03:55.142+0000] {dagbag.py:540} INFO - Filling up the DagBag from /home/airflow/.local/lib/python3.8/site-packages/airflow/example_dags/example_latest_only_with_trigger.py
[2025-12-21T07:03:55.150+0000] {processor.py:840} INFO - DAG(s) 'latest_only_with_trigger' retrieved from /home/airflow/.local/lib/python3.8/site-packages/airflow/example_dags/example_latest_only_with_trigger.py
[2025-12-21T07:03:55.177+0000] {logging_mixin.py:188} INFO - [2025-12-21T07:03:55.176+0000] {dag.py:3047} INFO - Sync 1 DAGs
[2025-12-21T07:03:55.205+0000] {logging_mixin.py:188} INFO - [2025-12-21T07:03:55.204+0000] {dag.py:3834} INFO - Setting next_dagrun for latest_only_with_trigger to 2025-12-21 00:00:00+00:00, run_after=2025-12-21 04:00:00+00:00
[2025-12-21T07:03:55.234+0000] {processor.py:183} INFO - Processing /home/airflow/.local/lib/python3.8/site-packages/airflow/example_dags/example_latest_only_with_trigger.py took 0.101 seconds
[2025-12-21T07:04:25.968+0000] {processor.py:161} INFO - Started process (PID=667) to work on /home/airflow/.local/lib/python3.8/site-packages/airflow/example_dags/example_latest_only_with_trigger.py
[2025-12-21T07:04:25.970+0000] {processor.py:830} INFO - Processing file /home/airflow/.local/lib/python3.8/site-packages/airflow/example_dags/example_latest_only_with_trigger.py for tasks to queue
[2025-12-21T07:04:25.973+0000] {logging_mixin.py:188} INFO - [2025-12-21T07:04:25.972+0000] {dagbag.py:540} INFO - Filling up the DagBag from /home/airflow/.local/lib/python3.8/site-packages/airflow/example_dags/example_latest_only_with_trigger.py
[2025-12-21T07:04:25.981+0000] {processor.py:840} INFO - DAG(s) 'latest_only_with_trigger' retrieved from /home/airflow/.local/lib/python3.8/site-packages/airflow/example_dags/example_latest_only_with_trigger.py
[2025-12-21T07:04:26.008+0000] {logging_mixin.py:188} INFO - [2025-12-21T07:04:26.008+0000] {dag.py:3047} INFO - Sync 1 DAGs
[2025-12-21T07:04:26.034+0000] {logging_mixin.py:188} INFO - [2025-12-21T07:04:26.034+0000] {dag.py:3834} INFO - Setting next_dagrun for latest_only_with_trigger to 2025-12-21 00:00:00+00:00, run_after=2025-12-21 04:00:00+00:00
[2025-12-21T07:04:26.060+0000] {processor.py:183} INFO - Processing /home/airflow/.local/lib/python3.8/site-packages/airflow/example_dags/example_latest_only_with_trigger.py took 0.096 seconds
[2025-12-21T07:04:56.321+0000] {processor.py:161} INFO - Started process (PID=723) to work on /home/airflow/.local/lib/python3.8/site-packages/airflow/example_dags/example_latest_only_with_trigger.py
[2025-12-21T07:04:56.323+0000] {processor.py:830} INFO - Processing file /home/airflow/.local/lib/python3.8/site-packages/airflow/example_dags/example_latest_only_with_trigger.py for tasks to queue
[2025-12-21T07:04:56.325+0000] {logging_mixin.py:188} INFO - [2025-12-21T07:04:56.325+0000] {dagbag.py:540} INFO - Filling up the DagBag from /home/airflow/.local/lib/python3.8/site-packages/airflow/example_dags/example_latest_only_with_trigger.py
[2025-12-21T07:04:56.331+0000] {processor.py:840} INFO - DAG(s) 'latest_only_with_trigger' retrieved from /home/airflow/.local/lib/python3.8/site-packages/airflow/example_dags/example_latest_only_with_trigger.py
[2025-12-21T07:04:56.355+0000] {logging_mixin.py:188} INFO - [2025-12-21T07:04:56.355+0000] {dag.py:3047} INFO - Sync 1 DAGs
[2025-12-21T07:04:56.381+0000] {logging_mixin.py:188} INFO - [2025-12-21T07:04:56.381+0000] {dag.py:3834} INFO - Setting next_dagrun for latest_only_with_trigger to 2025-12-21 00:00:00+00:00, run_after=2025-12-21 04:00:00+00:00
[2025-12-21T07:04:56.403+0000] {processor.py:183} INFO - Processing /home/airflow/.local/lib/python3.8/site-packages/airflow/example_dags/example_latest_only_with_trigger.py took 0.085 seconds
[2025-12-21T07:05:26.672+0000] {processor.py:161} INFO - Started process (PID=779) to work on /home/airflow/.local/lib/python3.8/site-packages/airflow/example_dags/example_latest_only_with_trigger.py
[2025-12-21T07:05:26.674+0000] {processor.py:830} INFO - Processing file /home/airflow/.local/lib/python3.8/site-packages/airflow/example_dags/example_latest_only_with_trigger.py for tasks to queue
[2025-12-21T07:05:26.677+0000] {logging_mixin.py:188} INFO - [2025-12-21T07:05:26.676+0000] {dagbag.py:540} INFO - Filling up the DagBag from /home/airflow/.local/lib/python3.8/site-packages/airflow/example_dags/example_latest_only_with_trigger.py
[2025-12-21T07:05:26.684+0000] {processor.py:840} INFO - DAG(s) 'latest_only_with_trigger' retrieved from /home/airflow/.local/lib/python3.8/site-packages/airflow/example_dags/example_latest_only_with_trigger.py
[2025-12-21T07:05:26.710+0000] {logging_mixin.py:188} INFO - [2025-12-21T07:05:26.710+0000] {dag.py:3047} INFO - Sync 1 DAGs
[2025-12-21T07:05:26.737+0000] {logging_mixin.py:188} INFO - [2025-12-21T07:05:26.736+0000] {dag.py:3834} INFO - Setting next_dagrun for latest_only_with_trigger to 2025-12-21 00:00:00+00:00, run_after=2025-12-21 04:00:00+00:00
[2025-12-21T07:05:26.760+0000] {processor.py:183} INFO - Processing /home/airflow/.local/lib/python3.8/site-packages/airflow/example_dags/example_latest_only_with_trigger.py took 0.092 seconds
[2025-12-21T07:05:56.907+0000] {processor.py:161} INFO - Started process (PID=835) to work on /home/airflow/.local/lib/python3.8/site-packages/airflow/example_dags/example_latest_only_with_trigger.py
[2025-12-21T07:05:56.909+0000] {processor.py:830} INFO - Processing file /home/airflow/.local/lib/python3.8/site-packages/airflow/example_dags/example_latest_only_with_trigger.py for tasks to queue
[2025-12-21T07:05:56.911+0000] {logging_mixin.py:188} INFO - [2025-12-21T07:05:56.911+0000] {dagbag.py:540} INFO - Filling up the DagBag from /home/airflow/.local/lib/python3.8/site-packages/airflow/example_dags/example_latest_only_with_trigger.py
[2025-12-21T07:05:56.917+0000] {processor.py:840} INFO - DAG(s) 'latest_only_with_trigger' retrieved from /home/airflow/.local/lib/python3.8/site-packages/airflow/example_dags/example_latest_only_with_trigger.py
[2025-12-21T07:05:56.943+0000] {logging_mixin.py:188} INFO - [2025-12-21T07:05:56.943+0000] {dag.py:3047} INFO - Sync 1 DAGs
[2025-12-21T07:05:56.965+0000] {logging_mixin.py:188} INFO - [2025-12-21T07:05:56.965+0000] {dag.py:3834} INFO - Setting next_dagrun for latest_only_with_trigger to 2025-12-21 00:00:00+00:00, run_after=2025-12-21 04:00:00+00:00
[2025-12-21T07:05:56.984+0000] {processor.py:183} INFO - Processing /home/airflow/.local/lib/python3.8/site-packages/airflow/example_dags/example_latest_only_with_trigger.py took 0.081 seconds
[2025-12-21T07:06:27.241+0000] {processor.py:161} INFO - Started process (PID=891) to work on /home/airflow/.local/lib/python3.8/site-packages/airflow/example_dags/example_latest_only_with_trigger.py
[2025-12-21T07:06:27.242+0000] {processor.py:830} INFO - Processing file /home/airflow/.local/lib/python3.8/site-packages/airflow/example_dags/example_latest_only_with_trigger.py for tasks to queue
[2025-12-21T07:06:27.245+0000] {logging_mixin.py:188} INFO - [2025-12-21T07:06:27.245+0000] {dagbag.py:540} INFO - Filling up the DagBag from /home/airflow/.local/lib/python3.8/site-packages/airflow/example_dags/example_latest_only_with_trigger.py
[2025-12-21T07:06:27.253+0000] {processor.py:840} INFO - DAG(s) 'latest_only_with_trigger' retrieved from /home/airflow/.local/lib/python3.8/site-packages/airflow/example_dags/example_latest_only_with_trigger.py
[2025-12-21T07:06:27.282+0000] {logging_mixin.py:188} INFO - [2025-12-21T07:06:27.282+0000] {dag.py:3047} INFO - Sync 1 DAGs
[2025-12-21T07:06:27.311+0000] {logging_mixin.py:188} INFO - [2025-12-21T07:06:27.311+0000] {dag.py:3834} INFO - Setting next_dagrun for latest_only_with_trigger to 2025-12-21 00:00:00+00:00, run_after=2025-12-21 04:00:00+00:00
[2025-12-21T07:06:27.339+0000] {processor.py:183} INFO - Processing /home/airflow/.local/lib/python3.8/site-packages/airflow/example_dags/example_latest_only_with_trigger.py took 0.102 seconds
[2025-12-21T07:06:57.562+0000] {processor.py:161} INFO - Started process (PID=947) to work on /home/airflow/.local/lib/python3.8/site-packages/airflow/example_dags/example_latest_only_with_trigger.py
[2025-12-21T07:06:57.564+0000] {processor.py:830} INFO - Processing file /home/airflow/.local/lib/python3.8/site-packages/airflow/example_dags/example_latest_only_with_trigger.py for tasks to queue
[2025-12-21T07:06:57.567+0000] {logging_mixin.py:188} INFO - [2025-12-21T07:06:57.566+0000] {dagbag.py:540} INFO - Filling up the DagBag from /home/airflow/.local/lib/python3.8/site-packages/airflow/example_dags/example_latest_only_with_trigger.py
[2025-12-21T07:06:57.574+0000] {processor.py:840} INFO - DAG(s) 'latest_only_with_trigger' retrieved from /home/airflow/.local/lib/python3.8/site-packages/airflow/example_dags/example_latest_only_with_trigger.py
[2025-12-21T07:06:57.614+0000] {logging_mixin.py:188} INFO - [2025-12-21T07:06:57.614+0000] {dag.py:3047} INFO - Sync 1 DAGs
[2025-12-21T07:06:57.643+0000] {logging_mixin.py:188} INFO - [2025-12-21T07:06:57.643+0000] {dag.py:3834} INFO - Setting next_dagrun for latest_only_with_trigger to 2025-12-21 00:00:00+00:00, run_after=2025-12-21 04:00:00+00:00
[2025-12-21T07:06:57.670+0000] {processor.py:183} INFO - Processing /home/airflow/.local/lib/python3.8/site-packages/airflow/example_dags/example_latest_only_with_trigger.py took 0.112 seconds
[2025-12-21T07:07:28.141+0000] {processor.py:161} INFO - Started process (PID=1003) to work on /home/airflow/.local/lib/python3.8/site-packages/airflow/example_dags/example_latest_only_with_trigger.py
[2025-12-21T07:07:28.143+0000] {processor.py:830} INFO - Processing file /home/airflow/.local/lib/python3.8/site-packages/airflow/example_dags/example_latest_only_with_trigger.py for tasks to queue
[2025-12-21T07:07:28.146+0000] {logging_mixin.py:188} INFO - [2025-12-21T07:07:28.145+0000] {dagbag.py:540} INFO - Filling up the DagBag from /home/airflow/.local/lib/python3.8/site-packages/airflow/example_dags/example_latest_only_with_trigger.py
[2025-12-21T07:07:28.154+0000] {processor.py:840} INFO - DAG(s) 'latest_only_with_trigger' retrieved from /home/airflow/.local/lib/python3.8/site-packages/airflow/example_dags/example_latest_only_with_trigger.py
[2025-12-21T07:07:28.182+0000] {logging_mixin.py:188} INFO - [2025-12-21T07:07:28.182+0000] {dag.py:3047} INFO - Sync 1 DAGs
[2025-12-21T07:07:28.207+0000] {logging_mixin.py:188} INFO - [2025-12-21T07:07:28.207+0000] {dag.py:3834} INFO - Setting next_dagrun for latest_only_with_trigger to 2025-12-21 00:00:00+00:00, run_after=2025-12-21 04:00:00+00:00
[2025-12-21T07:07:28.231+0000] {processor.py:183} INFO - Processing /home/airflow/.local/lib/python3.8/site-packages/airflow/example_dags/example_latest_only_with_trigger.py took 0.095 seconds
[2025-12-21T07:07:58.812+0000] {processor.py:161} INFO - Started process (PID=1059) to work on /home/airflow/.local/lib/python3.8/site-packages/airflow/example_dags/example_latest_only_with_trigger.py
[2025-12-21T07:07:58.814+0000] {processor.py:830} INFO - Processing file /home/airflow/.local/lib/python3.8/site-packages/airflow/example_dags/example_latest_only_with_trigger.py for tasks to queue
[2025-12-21T07:07:58.819+0000] {logging_mixin.py:188} INFO - [2025-12-21T07:07:58.818+0000] {dagbag.py:540} INFO - Filling up the DagBag from /home/airflow/.local/lib/python3.8/site-packages/airflow/example_dags/example_latest_only_with_trigger.py
[2025-12-21T07:07:58.826+0000] {processor.py:840} INFO - DAG(s) 'latest_only_with_trigger' retrieved from /home/airflow/.local/lib/python3.8/site-packages/airflow/example_dags/example_latest_only_with_trigger.py
[2025-12-21T07:07:58.856+0000] {logging_mixin.py:188} INFO - [2025-12-21T07:07:58.855+0000] {dag.py:3047} INFO - Sync 1 DAGs
[2025-12-21T07:07:58.891+0000] {logging_mixin.py:188} INFO - [2025-12-21T07:07:58.890+0000] {dag.py:3834} INFO - Setting next_dagrun for latest_only_with_trigger to 2025-12-21 00:00:00+00:00, run_after=2025-12-21 04:00:00+00:00
[2025-12-21T07:07:58.920+0000] {processor.py:183} INFO - Processing /home/airflow/.local/lib/python3.8/site-packages/airflow/example_dags/example_latest_only_with_trigger.py took 0.112 seconds
[2025-12-21T07:08:29.116+0000] {processor.py:161} INFO - Started process (PID=1115) to work on /home/airflow/.local/lib/python3.8/site-packages/airflow/example_dags/example_latest_only_with_trigger.py
[2025-12-21T07:08:29.118+0000] {processor.py:830} INFO - Processing file /home/airflow/.local/lib/python3.8/site-packages/airflow/example_dags/example_latest_only_with_trigger.py for tasks to queue
[2025-12-21T07:08:29.120+0000] {logging_mixin.py:188} INFO - [2025-12-21T07:08:29.120+0000] {dagbag.py:540} INFO - Filling up the DagBag from /home/airflow/.local/lib/python3.8/site-packages/airflow/example_dags/example_latest_only_with_trigger.py
[2025-12-21T07:08:29.128+0000] {processor.py:840} INFO - DAG(s) 'latest_only_with_trigger' retrieved from /home/airflow/.local/lib/python3.8/site-packages/airflow/example_dags/example_latest_only_with_trigger.py
[2025-12-21T07:08:29.160+0000] {logging_mixin.py:188} INFO - [2025-12-21T07:08:29.160+0000] {dag.py:3047} INFO - Sync 1 DAGs
[2025-12-21T07:08:29.195+0000] {logging_mixin.py:188} INFO - [2025-12-21T07:08:29.194+0000] {dag.py:3834} INFO - Setting next_dagrun for latest_only_with_trigger to 2025-12-21 00:00:00+00:00, run_after=2025-12-21 04:00:00+00:00
[2025-12-21T07:08:29.221+0000] {processor.py:183} INFO - Processing /home/airflow/.local/lib/python3.8/site-packages/airflow/example_dags/example_latest_only_with_trigger.py took 0.110 seconds
[2025-12-21T07:11:41.835+0000] {processor.py:161} INFO - Started process (PID=57) to work on /home/airflow/.local/lib/python3.8/site-packages/airflow/example_dags/example_latest_only_with_trigger.py
[2025-12-21T07:11:41.837+0000] {processor.py:830} INFO - Processing file /home/airflow/.local/lib/python3.8/site-packages/airflow/example_dags/example_latest_only_with_trigger.py for tasks to queue
[2025-12-21T07:11:41.839+0000] {logging_mixin.py:188} INFO - [2025-12-21T07:11:41.839+0000] {dagbag.py:540} INFO - Filling up the DagBag from /home/airflow/.local/lib/python3.8/site-packages/airflow/example_dags/example_latest_only_with_trigger.py
[2025-12-21T07:11:41.852+0000] {processor.py:840} INFO - DAG(s) 'latest_only_with_trigger' retrieved from /home/airflow/.local/lib/python3.8/site-packages/airflow/example_dags/example_latest_only_with_trigger.py
[2025-12-21T07:11:41.873+0000] {logging_mixin.py:188} INFO - [2025-12-21T07:11:41.873+0000] {dag.py:3047} INFO - Sync 1 DAGs
[2025-12-21T07:11:41.877+0000] {logging_mixin.py:188} INFO - [2025-12-21T07:11:41.877+0000] {dag.py:3834} INFO - Setting next_dagrun for latest_only_with_trigger to 2025-12-21 00:00:00+00:00, run_after=2025-12-21 04:00:00+00:00
[2025-12-21T07:11:41.901+0000] {processor.py:183} INFO - Processing /home/airflow/.local/lib/python3.8/site-packages/airflow/example_dags/example_latest_only_with_trigger.py took 0.102 seconds
[2025-12-21T07:12:12.829+0000] {processor.py:161} INFO - Started process (PID=112) to work on /home/airflow/.local/lib/python3.8/site-packages/airflow/example_dags/example_latest_only_with_trigger.py
[2025-12-21T07:12:12.830+0000] {processor.py:830} INFO - Processing file /home/airflow/.local/lib/python3.8/site-packages/airflow/example_dags/example_latest_only_with_trigger.py for tasks to queue
[2025-12-21T07:12:12.833+0000] {logging_mixin.py:188} INFO - [2025-12-21T07:12:12.833+0000] {dagbag.py:540} INFO - Filling up the DagBag from /home/airflow/.local/lib/python3.8/site-packages/airflow/example_dags/example_latest_only_with_trigger.py
[2025-12-21T07:12:12.841+0000] {processor.py:840} INFO - DAG(s) 'latest_only_with_trigger' retrieved from /home/airflow/.local/lib/python3.8/site-packages/airflow/example_dags/example_latest_only_with_trigger.py
[2025-12-21T07:12:12.949+0000] {logging_mixin.py:188} INFO - [2025-12-21T07:12:12.949+0000] {dag.py:3047} INFO - Sync 1 DAGs
[2025-12-21T07:12:12.970+0000] {logging_mixin.py:188} INFO - [2025-12-21T07:12:12.970+0000] {dag.py:3834} INFO - Setting next_dagrun for latest_only_with_trigger to 2025-12-21 00:00:00+00:00, run_after=2025-12-21 04:00:00+00:00
[2025-12-21T07:12:12.992+0000] {processor.py:183} INFO - Processing /home/airflow/.local/lib/python3.8/site-packages/airflow/example_dags/example_latest_only_with_trigger.py took 0.168 seconds
[2025-12-21T07:12:44.000+0000] {processor.py:161} INFO - Started process (PID=174) to work on /home/airflow/.local/lib/python3.8/site-packages/airflow/example_dags/example_latest_only_with_trigger.py
[2025-12-21T07:12:44.002+0000] {processor.py:830} INFO - Processing file /home/airflow/.local/lib/python3.8/site-packages/airflow/example_dags/example_latest_only_with_trigger.py for tasks to queue
[2025-12-21T07:12:44.004+0000] {logging_mixin.py:188} INFO - [2025-12-21T07:12:44.004+0000] {dagbag.py:540} INFO - Filling up the DagBag from /home/airflow/.local/lib/python3.8/site-packages/airflow/example_dags/example_latest_only_with_trigger.py
[2025-12-21T07:12:44.011+0000] {processor.py:840} INFO - DAG(s) 'latest_only_with_trigger' retrieved from /home/airflow/.local/lib/python3.8/site-packages/airflow/example_dags/example_latest_only_with_trigger.py
[2025-12-21T07:12:44.039+0000] {logging_mixin.py:188} INFO - [2025-12-21T07:12:44.039+0000] {dag.py:3047} INFO - Sync 1 DAGs
[2025-12-21T07:12:44.066+0000] {logging_mixin.py:188} INFO - [2025-12-21T07:12:44.065+0000] {dag.py:3834} INFO - Setting next_dagrun for latest_only_with_trigger to 2025-12-21 00:00:00+00:00, run_after=2025-12-21 04:00:00+00:00
[2025-12-21T07:12:44.088+0000] {processor.py:183} INFO - Processing /home/airflow/.local/lib/python3.8/site-packages/airflow/example_dags/example_latest_only_with_trigger.py took 0.092 seconds
[2025-12-21T07:13:14.815+0000] {processor.py:161} INFO - Started process (PID=230) to work on /home/airflow/.local/lib/python3.8/site-packages/airflow/example_dags/example_latest_only_with_trigger.py
[2025-12-21T07:13:14.816+0000] {processor.py:830} INFO - Processing file /home/airflow/.local/lib/python3.8/site-packages/airflow/example_dags/example_latest_only_with_trigger.py for tasks to queue
[2025-12-21T07:13:14.819+0000] {logging_mixin.py:188} INFO - [2025-12-21T07:13:14.818+0000] {dagbag.py:540} INFO - Filling up the DagBag from /home/airflow/.local/lib/python3.8/site-packages/airflow/example_dags/example_latest_only_with_trigger.py
[2025-12-21T07:13:14.825+0000] {processor.py:840} INFO - DAG(s) 'latest_only_with_trigger' retrieved from /home/airflow/.local/lib/python3.8/site-packages/airflow/example_dags/example_latest_only_with_trigger.py
[2025-12-21T07:13:14.848+0000] {logging_mixin.py:188} INFO - [2025-12-21T07:13:14.847+0000] {dag.py:3047} INFO - Sync 1 DAGs
[2025-12-21T07:13:14.869+0000] {logging_mixin.py:188} INFO - [2025-12-21T07:13:14.869+0000] {dag.py:3834} INFO - Setting next_dagrun for latest_only_with_trigger to 2025-12-21 00:00:00+00:00, run_after=2025-12-21 04:00:00+00:00
[2025-12-21T07:13:14.889+0000] {processor.py:183} INFO - Processing /home/airflow/.local/lib/python3.8/site-packages/airflow/example_dags/example_latest_only_with_trigger.py took 0.078 seconds
[2025-12-21T07:13:45.707+0000] {processor.py:161} INFO - Started process (PID=286) to work on /home/airflow/.local/lib/python3.8/site-packages/airflow/example_dags/example_latest_only_with_trigger.py
[2025-12-21T07:13:45.708+0000] {processor.py:830} INFO - Processing file /home/airflow/.local/lib/python3.8/site-packages/airflow/example_dags/example_latest_only_with_trigger.py for tasks to queue
[2025-12-21T07:13:45.710+0000] {logging_mixin.py:188} INFO - [2025-12-21T07:13:45.710+0000] {dagbag.py:540} INFO - Filling up the DagBag from /home/airflow/.local/lib/python3.8/site-packages/airflow/example_dags/example_latest_only_with_trigger.py
[2025-12-21T07:13:45.717+0000] {processor.py:840} INFO - DAG(s) 'latest_only_with_trigger' retrieved from /home/airflow/.local/lib/python3.8/site-packages/airflow/example_dags/example_latest_only_with_trigger.py
[2025-12-21T07:13:45.744+0000] {logging_mixin.py:188} INFO - [2025-12-21T07:13:45.743+0000] {dag.py:3047} INFO - Sync 1 DAGs
[2025-12-21T07:13:45.769+0000] {logging_mixin.py:188} INFO - [2025-12-21T07:13:45.769+0000] {dag.py:3834} INFO - Setting next_dagrun for latest_only_with_trigger to 2025-12-21 00:00:00+00:00, run_after=2025-12-21 04:00:00+00:00
[2025-12-21T07:13:45.795+0000] {processor.py:183} INFO - Processing /home/airflow/.local/lib/python3.8/site-packages/airflow/example_dags/example_latest_only_with_trigger.py took 0.092 seconds
[2025-12-21T07:14:16.517+0000] {processor.py:161} INFO - Started process (PID=342) to work on /home/airflow/.local/lib/python3.8/site-packages/airflow/example_dags/example_latest_only_with_trigger.py
[2025-12-21T07:14:16.519+0000] {processor.py:830} INFO - Processing file /home/airflow/.local/lib/python3.8/site-packages/airflow/example_dags/example_latest_only_with_trigger.py for tasks to queue
[2025-12-21T07:14:16.521+0000] {logging_mixin.py:188} INFO - [2025-12-21T07:14:16.521+0000] {dagbag.py:540} INFO - Filling up the DagBag from /home/airflow/.local/lib/python3.8/site-packages/airflow/example_dags/example_latest_only_with_trigger.py
[2025-12-21T07:14:16.526+0000] {processor.py:840} INFO - DAG(s) 'latest_only_with_trigger' retrieved from /home/airflow/.local/lib/python3.8/site-packages/airflow/example_dags/example_latest_only_with_trigger.py
[2025-12-21T07:14:16.548+0000] {logging_mixin.py:188} INFO - [2025-12-21T07:14:16.548+0000] {dag.py:3047} INFO - Sync 1 DAGs
[2025-12-21T07:14:16.568+0000] {logging_mixin.py:188} INFO - [2025-12-21T07:14:16.568+0000] {dag.py:3834} INFO - Setting next_dagrun for latest_only_with_trigger to 2025-12-21 00:00:00+00:00, run_after=2025-12-21 04:00:00+00:00
[2025-12-21T07:14:16.588+0000] {processor.py:183} INFO - Processing /home/airflow/.local/lib/python3.8/site-packages/airflow/example_dags/example_latest_only_with_trigger.py took 0.075 seconds
[2025-12-21T07:14:47.174+0000] {processor.py:161} INFO - Started process (PID=398) to work on /home/airflow/.local/lib/python3.8/site-packages/airflow/example_dags/example_latest_only_with_trigger.py
[2025-12-21T07:14:47.175+0000] {processor.py:830} INFO - Processing file /home/airflow/.local/lib/python3.8/site-packages/airflow/example_dags/example_latest_only_with_trigger.py for tasks to queue
[2025-12-21T07:14:47.177+0000] {logging_mixin.py:188} INFO - [2025-12-21T07:14:47.177+0000] {dagbag.py:540} INFO - Filling up the DagBag from /home/airflow/.local/lib/python3.8/site-packages/airflow/example_dags/example_latest_only_with_trigger.py
[2025-12-21T07:14:47.183+0000] {processor.py:840} INFO - DAG(s) 'latest_only_with_trigger' retrieved from /home/airflow/.local/lib/python3.8/site-packages/airflow/example_dags/example_latest_only_with_trigger.py
[2025-12-21T07:14:47.208+0000] {logging_mixin.py:188} INFO - [2025-12-21T07:14:47.207+0000] {dag.py:3047} INFO - Sync 1 DAGs
[2025-12-21T07:14:47.229+0000] {logging_mixin.py:188} INFO - [2025-12-21T07:14:47.229+0000] {dag.py:3834} INFO - Setting next_dagrun for latest_only_with_trigger to 2025-12-21 00:00:00+00:00, run_after=2025-12-21 04:00:00+00:00
[2025-12-21T07:14:47.251+0000] {processor.py:183} INFO - Processing /home/airflow/.local/lib/python3.8/site-packages/airflow/example_dags/example_latest_only_with_trigger.py took 0.081 seconds
[2025-12-21T07:15:17.406+0000] {processor.py:161} INFO - Started process (PID=454) to work on /home/airflow/.local/lib/python3.8/site-packages/airflow/example_dags/example_latest_only_with_trigger.py
[2025-12-21T07:15:17.407+0000] {processor.py:830} INFO - Processing file /home/airflow/.local/lib/python3.8/site-packages/airflow/example_dags/example_latest_only_with_trigger.py for tasks to queue
[2025-12-21T07:15:17.410+0000] {logging_mixin.py:188} INFO - [2025-12-21T07:15:17.409+0000] {dagbag.py:540} INFO - Filling up the DagBag from /home/airflow/.local/lib/python3.8/site-packages/airflow/example_dags/example_latest_only_with_trigger.py
[2025-12-21T07:15:17.417+0000] {processor.py:840} INFO - DAG(s) 'latest_only_with_trigger' retrieved from /home/airflow/.local/lib/python3.8/site-packages/airflow/example_dags/example_latest_only_with_trigger.py
[2025-12-21T07:15:17.441+0000] {logging_mixin.py:188} INFO - [2025-12-21T07:15:17.441+0000] {dag.py:3047} INFO - Sync 1 DAGs
[2025-12-21T07:15:17.465+0000] {logging_mixin.py:188} INFO - [2025-12-21T07:15:17.465+0000] {dag.py:3834} INFO - Setting next_dagrun for latest_only_with_trigger to 2025-12-21 00:00:00+00:00, run_after=2025-12-21 04:00:00+00:00
[2025-12-21T07:15:17.488+0000] {processor.py:183} INFO - Processing /home/airflow/.local/lib/python3.8/site-packages/airflow/example_dags/example_latest_only_with_trigger.py took 0.086 seconds
[2025-12-21T07:15:47.800+0000] {processor.py:161} INFO - Started process (PID=510) to work on /home/airflow/.local/lib/python3.8/site-packages/airflow/example_dags/example_latest_only_with_trigger.py
[2025-12-21T07:15:47.802+0000] {processor.py:830} INFO - Processing file /home/airflow/.local/lib/python3.8/site-packages/airflow/example_dags/example_latest_only_with_trigger.py for tasks to queue
[2025-12-21T07:15:47.804+0000] {logging_mixin.py:188} INFO - [2025-12-21T07:15:47.804+0000] {dagbag.py:540} INFO - Filling up the DagBag from /home/airflow/.local/lib/python3.8/site-packages/airflow/example_dags/example_latest_only_with_trigger.py
[2025-12-21T07:15:47.812+0000] {processor.py:840} INFO - DAG(s) 'latest_only_with_trigger' retrieved from /home/airflow/.local/lib/python3.8/site-packages/airflow/example_dags/example_latest_only_with_trigger.py
[2025-12-21T07:15:47.837+0000] {logging_mixin.py:188} INFO - [2025-12-21T07:15:47.837+0000] {dag.py:3047} INFO - Sync 1 DAGs
[2025-12-21T07:15:47.872+0000] {logging_mixin.py:188} INFO - [2025-12-21T07:15:47.872+0000] {dag.py:3834} INFO - Setting next_dagrun for latest_only_with_trigger to 2025-12-21 00:00:00+00:00, run_after=2025-12-21 04:00:00+00:00
[2025-12-21T07:15:47.899+0000] {processor.py:183} INFO - Processing /home/airflow/.local/lib/python3.8/site-packages/airflow/example_dags/example_latest_only_with_trigger.py took 0.102 seconds
[2025-12-21T07:16:18.433+0000] {processor.py:161} INFO - Started process (PID=566) to work on /home/airflow/.local/lib/python3.8/site-packages/airflow/example_dags/example_latest_only_with_trigger.py
[2025-12-21T07:16:18.435+0000] {processor.py:830} INFO - Processing file /home/airflow/.local/lib/python3.8/site-packages/airflow/example_dags/example_latest_only_with_trigger.py for tasks to queue
[2025-12-21T07:16:18.438+0000] {logging_mixin.py:188} INFO - [2025-12-21T07:16:18.438+0000] {dagbag.py:540} INFO - Filling up the DagBag from /home/airflow/.local/lib/python3.8/site-packages/airflow/example_dags/example_latest_only_with_trigger.py
[2025-12-21T07:16:18.446+0000] {processor.py:840} INFO - DAG(s) 'latest_only_with_trigger' retrieved from /home/airflow/.local/lib/python3.8/site-packages/airflow/example_dags/example_latest_only_with_trigger.py
[2025-12-21T07:16:18.478+0000] {logging_mixin.py:188} INFO - [2025-12-21T07:16:18.478+0000] {dag.py:3047} INFO - Sync 1 DAGs
[2025-12-21T07:16:18.504+0000] {logging_mixin.py:188} INFO - [2025-12-21T07:16:18.503+0000] {dag.py:3834} INFO - Setting next_dagrun for latest_only_with_trigger to 2025-12-21 00:00:00+00:00, run_after=2025-12-21 04:00:00+00:00
[2025-12-21T07:16:18.529+0000] {processor.py:183} INFO - Processing /home/airflow/.local/lib/python3.8/site-packages/airflow/example_dags/example_latest_only_with_trigger.py took 0.100 seconds
[2025-12-21T07:16:48.684+0000] {processor.py:161} INFO - Started process (PID=622) to work on /home/airflow/.local/lib/python3.8/site-packages/airflow/example_dags/example_latest_only_with_trigger.py
[2025-12-21T07:16:48.686+0000] {processor.py:830} INFO - Processing file /home/airflow/.local/lib/python3.8/site-packages/airflow/example_dags/example_latest_only_with_trigger.py for tasks to queue
[2025-12-21T07:16:48.688+0000] {logging_mixin.py:188} INFO - [2025-12-21T07:16:48.688+0000] {dagbag.py:540} INFO - Filling up the DagBag from /home/airflow/.local/lib/python3.8/site-packages/airflow/example_dags/example_latest_only_with_trigger.py
[2025-12-21T07:16:48.694+0000] {processor.py:840} INFO - DAG(s) 'latest_only_with_trigger' retrieved from /home/airflow/.local/lib/python3.8/site-packages/airflow/example_dags/example_latest_only_with_trigger.py
[2025-12-21T07:16:48.719+0000] {logging_mixin.py:188} INFO - [2025-12-21T07:16:48.718+0000] {dag.py:3047} INFO - Sync 1 DAGs
[2025-12-21T07:16:48.739+0000] {logging_mixin.py:188} INFO - [2025-12-21T07:16:48.739+0000] {dag.py:3834} INFO - Setting next_dagrun for latest_only_with_trigger to 2025-12-21 00:00:00+00:00, run_after=2025-12-21 04:00:00+00:00
[2025-12-21T07:16:48.757+0000] {processor.py:183} INFO - Processing /home/airflow/.local/lib/python3.8/site-packages/airflow/example_dags/example_latest_only_with_trigger.py took 0.077 seconds
[2025-12-21T07:17:18.839+0000] {processor.py:161} INFO - Started process (PID=678) to work on /home/airflow/.local/lib/python3.8/site-packages/airflow/example_dags/example_latest_only_with_trigger.py
[2025-12-21T07:17:18.840+0000] {processor.py:830} INFO - Processing file /home/airflow/.local/lib/python3.8/site-packages/airflow/example_dags/example_latest_only_with_trigger.py for tasks to queue
[2025-12-21T07:17:18.842+0000] {logging_mixin.py:188} INFO - [2025-12-21T07:17:18.841+0000] {dagbag.py:540} INFO - Filling up the DagBag from /home/airflow/.local/lib/python3.8/site-packages/airflow/example_dags/example_latest_only_with_trigger.py
[2025-12-21T07:17:18.848+0000] {processor.py:840} INFO - DAG(s) 'latest_only_with_trigger' retrieved from /home/airflow/.local/lib/python3.8/site-packages/airflow/example_dags/example_latest_only_with_trigger.py
[2025-12-21T07:17:18.870+0000] {logging_mixin.py:188} INFO - [2025-12-21T07:17:18.870+0000] {dag.py:3047} INFO - Sync 1 DAGs
[2025-12-21T07:17:18.890+0000] {logging_mixin.py:188} INFO - [2025-12-21T07:17:18.889+0000] {dag.py:3834} INFO - Setting next_dagrun for latest_only_with_trigger to 2025-12-21 00:00:00+00:00, run_after=2025-12-21 04:00:00+00:00
[2025-12-21T07:17:18.908+0000] {processor.py:183} INFO - Processing /home/airflow/.local/lib/python3.8/site-packages/airflow/example_dags/example_latest_only_with_trigger.py took 0.073 seconds
[2025-12-21T07:17:49.089+0000] {processor.py:161} INFO - Started process (PID=735) to work on /home/airflow/.local/lib/python3.8/site-packages/airflow/example_dags/example_latest_only_with_trigger.py
[2025-12-21T07:17:49.090+0000] {processor.py:830} INFO - Processing file /home/airflow/.local/lib/python3.8/site-packages/airflow/example_dags/example_latest_only_with_trigger.py for tasks to queue
[2025-12-21T07:17:49.093+0000] {logging_mixin.py:188} INFO - [2025-12-21T07:17:49.093+0000] {dagbag.py:540} INFO - Filling up the DagBag from /home/airflow/.local/lib/python3.8/site-packages/airflow/example_dags/example_latest_only_with_trigger.py
[2025-12-21T07:17:49.099+0000] {processor.py:840} INFO - DAG(s) 'latest_only_with_trigger' retrieved from /home/airflow/.local/lib/python3.8/site-packages/airflow/example_dags/example_latest_only_with_trigger.py
[2025-12-21T07:17:49.121+0000] {logging_mixin.py:188} INFO - [2025-12-21T07:17:49.120+0000] {dag.py:3047} INFO - Sync 1 DAGs
[2025-12-21T07:17:49.141+0000] {logging_mixin.py:188} INFO - [2025-12-21T07:17:49.141+0000] {dag.py:3834} INFO - Setting next_dagrun for latest_only_with_trigger to 2025-12-21 00:00:00+00:00, run_after=2025-12-21 04:00:00+00:00
[2025-12-21T07:17:49.159+0000] {processor.py:183} INFO - Processing /home/airflow/.local/lib/python3.8/site-packages/airflow/example_dags/example_latest_only_with_trigger.py took 0.073 seconds
[2025-12-21T07:18:20.046+0000] {processor.py:161} INFO - Started process (PID=791) to work on /home/airflow/.local/lib/python3.8/site-packages/airflow/example_dags/example_latest_only_with_trigger.py
[2025-12-21T07:18:20.047+0000] {processor.py:830} INFO - Processing file /home/airflow/.local/lib/python3.8/site-packages/airflow/example_dags/example_latest_only_with_trigger.py for tasks to queue
[2025-12-21T07:18:20.050+0000] {logging_mixin.py:188} INFO - [2025-12-21T07:18:20.050+0000] {dagbag.py:540} INFO - Filling up the DagBag from /home/airflow/.local/lib/python3.8/site-packages/airflow/example_dags/example_latest_only_with_trigger.py
[2025-12-21T07:18:20.057+0000] {processor.py:840} INFO - DAG(s) 'latest_only_with_trigger' retrieved from /home/airflow/.local/lib/python3.8/site-packages/airflow/example_dags/example_latest_only_with_trigger.py
[2025-12-21T07:18:20.083+0000] {logging_mixin.py:188} INFO - [2025-12-21T07:18:20.083+0000] {dag.py:3047} INFO - Sync 1 DAGs
[2025-12-21T07:18:20.113+0000] {logging_mixin.py:188} INFO - [2025-12-21T07:18:20.112+0000] {dag.py:3834} INFO - Setting next_dagrun for latest_only_with_trigger to 2025-12-21 00:00:00+00:00, run_after=2025-12-21 04:00:00+00:00
[2025-12-21T07:18:20.133+0000] {processor.py:183} INFO - Processing /home/airflow/.local/lib/python3.8/site-packages/airflow/example_dags/example_latest_only_with_trigger.py took 0.092 seconds
[2025-12-21T07:18:50.825+0000] {processor.py:161} INFO - Started process (PID=847) to work on /home/airflow/.local/lib/python3.8/site-packages/airflow/example_dags/example_latest_only_with_trigger.py
[2025-12-21T07:18:50.828+0000] {processor.py:830} INFO - Processing file /home/airflow/.local/lib/python3.8/site-packages/airflow/example_dags/example_latest_only_with_trigger.py for tasks to queue
[2025-12-21T07:18:50.834+0000] {logging_mixin.py:188} INFO - [2025-12-21T07:18:50.833+0000] {dagbag.py:540} INFO - Filling up the DagBag from /home/airflow/.local/lib/python3.8/site-packages/airflow/example_dags/example_latest_only_with_trigger.py
[2025-12-21T07:18:50.854+0000] {processor.py:840} INFO - DAG(s) 'latest_only_with_trigger' retrieved from /home/airflow/.local/lib/python3.8/site-packages/airflow/example_dags/example_latest_only_with_trigger.py
[2025-12-21T07:18:50.903+0000] {logging_mixin.py:188} INFO - [2025-12-21T07:18:50.902+0000] {dag.py:3047} INFO - Sync 1 DAGs
[2025-12-21T07:18:50.935+0000] {logging_mixin.py:188} INFO - [2025-12-21T07:18:50.934+0000] {dag.py:3834} INFO - Setting next_dagrun for latest_only_with_trigger to 2025-12-21 00:00:00+00:00, run_after=2025-12-21 04:00:00+00:00
[2025-12-21T07:18:50.999+0000] {processor.py:183} INFO - Processing /home/airflow/.local/lib/python3.8/site-packages/airflow/example_dags/example_latest_only_with_trigger.py took 0.181 seconds
[2025-12-21T07:19:21.637+0000] {processor.py:161} INFO - Started process (PID=903) to work on /home/airflow/.local/lib/python3.8/site-packages/airflow/example_dags/example_latest_only_with_trigger.py
[2025-12-21T07:19:21.640+0000] {processor.py:830} INFO - Processing file /home/airflow/.local/lib/python3.8/site-packages/airflow/example_dags/example_latest_only_with_trigger.py for tasks to queue
[2025-12-21T07:19:21.643+0000] {logging_mixin.py:188} INFO - [2025-12-21T07:19:21.643+0000] {dagbag.py:540} INFO - Filling up the DagBag from /home/airflow/.local/lib/python3.8/site-packages/airflow/example_dags/example_latest_only_with_trigger.py
[2025-12-21T07:19:21.650+0000] {processor.py:840} INFO - DAG(s) 'latest_only_with_trigger' retrieved from /home/airflow/.local/lib/python3.8/site-packages/airflow/example_dags/example_latest_only_with_trigger.py
[2025-12-21T07:19:21.679+0000] {logging_mixin.py:188} INFO - [2025-12-21T07:19:21.678+0000] {dag.py:3047} INFO - Sync 1 DAGs
[2025-12-21T07:19:21.707+0000] {logging_mixin.py:188} INFO - [2025-12-21T07:19:21.706+0000] {dag.py:3834} INFO - Setting next_dagrun for latest_only_with_trigger to 2025-12-21 00:00:00+00:00, run_after=2025-12-21 04:00:00+00:00
[2025-12-21T07:19:21.740+0000] {processor.py:183} INFO - Processing /home/airflow/.local/lib/python3.8/site-packages/airflow/example_dags/example_latest_only_with_trigger.py took 0.108 seconds
[2025-12-21T07:19:52.244+0000] {processor.py:161} INFO - Started process (PID=960) to work on /home/airflow/.local/lib/python3.8/site-packages/airflow/example_dags/example_latest_only_with_trigger.py
[2025-12-21T07:19:52.247+0000] {processor.py:830} INFO - Processing file /home/airflow/.local/lib/python3.8/site-packages/airflow/example_dags/example_latest_only_with_trigger.py for tasks to queue
[2025-12-21T07:19:52.249+0000] {logging_mixin.py:188} INFO - [2025-12-21T07:19:52.249+0000] {dagbag.py:540} INFO - Filling up the DagBag from /home/airflow/.local/lib/python3.8/site-packages/airflow/example_dags/example_latest_only_with_trigger.py
[2025-12-21T07:19:52.257+0000] {processor.py:840} INFO - DAG(s) 'latest_only_with_trigger' retrieved from /home/airflow/.local/lib/python3.8/site-packages/airflow/example_dags/example_latest_only_with_trigger.py
[2025-12-21T07:19:52.280+0000] {logging_mixin.py:188} INFO - [2025-12-21T07:19:52.280+0000] {dag.py:3047} INFO - Sync 1 DAGs
[2025-12-21T07:19:52.307+0000] {logging_mixin.py:188} INFO - [2025-12-21T07:19:52.307+0000] {dag.py:3834} INFO - Setting next_dagrun for latest_only_with_trigger to 2025-12-21 00:00:00+00:00, run_after=2025-12-21 04:00:00+00:00
[2025-12-21T07:19:52.329+0000] {processor.py:183} INFO - Processing /home/airflow/.local/lib/python3.8/site-packages/airflow/example_dags/example_latest_only_with_trigger.py took 0.089 seconds
[2025-12-21T07:20:22.751+0000] {processor.py:161} INFO - Started process (PID=1016) to work on /home/airflow/.local/lib/python3.8/site-packages/airflow/example_dags/example_latest_only_with_trigger.py
[2025-12-21T07:20:22.753+0000] {processor.py:830} INFO - Processing file /home/airflow/.local/lib/python3.8/site-packages/airflow/example_dags/example_latest_only_with_trigger.py for tasks to queue
[2025-12-21T07:20:22.755+0000] {logging_mixin.py:188} INFO - [2025-12-21T07:20:22.754+0000] {dagbag.py:540} INFO - Filling up the DagBag from /home/airflow/.local/lib/python3.8/site-packages/airflow/example_dags/example_latest_only_with_trigger.py
[2025-12-21T07:20:22.760+0000] {processor.py:840} INFO - DAG(s) 'latest_only_with_trigger' retrieved from /home/airflow/.local/lib/python3.8/site-packages/airflow/example_dags/example_latest_only_with_trigger.py
[2025-12-21T07:20:22.782+0000] {logging_mixin.py:188} INFO - [2025-12-21T07:20:22.782+0000] {dag.py:3047} INFO - Sync 1 DAGs
[2025-12-21T07:20:22.803+0000] {logging_mixin.py:188} INFO - [2025-12-21T07:20:22.803+0000] {dag.py:3834} INFO - Setting next_dagrun for latest_only_with_trigger to 2025-12-21 00:00:00+00:00, run_after=2025-12-21 04:00:00+00:00
[2025-12-21T07:20:22.823+0000] {processor.py:183} INFO - Processing /home/airflow/.local/lib/python3.8/site-packages/airflow/example_dags/example_latest_only_with_trigger.py took 0.075 seconds
[2025-12-21T07:20:39.078+0000] {processor.py:161} INFO - Started process (PID=51) to work on /home/airflow/.local/lib/python3.8/site-packages/airflow/example_dags/example_latest_only_with_trigger.py
[2025-12-21T07:20:39.079+0000] {processor.py:830} INFO - Processing file /home/airflow/.local/lib/python3.8/site-packages/airflow/example_dags/example_latest_only_with_trigger.py for tasks to queue
[2025-12-21T07:20:39.083+0000] {logging_mixin.py:188} INFO - [2025-12-21T07:20:39.083+0000] {dagbag.py:540} INFO - Filling up the DagBag from /home/airflow/.local/lib/python3.8/site-packages/airflow/example_dags/example_latest_only_with_trigger.py
[2025-12-21T07:20:39.095+0000] {processor.py:840} INFO - DAG(s) 'latest_only_with_trigger' retrieved from /home/airflow/.local/lib/python3.8/site-packages/airflow/example_dags/example_latest_only_with_trigger.py
[2025-12-21T07:20:39.125+0000] {logging_mixin.py:188} INFO - [2025-12-21T07:20:39.124+0000] {dag.py:3047} INFO - Sync 1 DAGs
[2025-12-21T07:20:39.151+0000] {logging_mixin.py:188} INFO - [2025-12-21T07:20:39.151+0000] {dag.py:3834} INFO - Setting next_dagrun for latest_only_with_trigger to 2025-12-21 00:00:00+00:00, run_after=2025-12-21 04:00:00+00:00
[2025-12-21T07:20:39.173+0000] {processor.py:183} INFO - Processing /home/airflow/.local/lib/python3.8/site-packages/airflow/example_dags/example_latest_only_with_trigger.py took 0.099 seconds
[2025-12-21T07:21:09.615+0000] {processor.py:161} INFO - Started process (PID=107) to work on /home/airflow/.local/lib/python3.8/site-packages/airflow/example_dags/example_latest_only_with_trigger.py
[2025-12-21T07:21:09.617+0000] {processor.py:830} INFO - Processing file /home/airflow/.local/lib/python3.8/site-packages/airflow/example_dags/example_latest_only_with_trigger.py for tasks to queue
[2025-12-21T07:21:09.621+0000] {logging_mixin.py:188} INFO - [2025-12-21T07:21:09.620+0000] {dagbag.py:540} INFO - Filling up the DagBag from /home/airflow/.local/lib/python3.8/site-packages/airflow/example_dags/example_latest_only_with_trigger.py
[2025-12-21T07:21:09.630+0000] {processor.py:840} INFO - DAG(s) 'latest_only_with_trigger' retrieved from /home/airflow/.local/lib/python3.8/site-packages/airflow/example_dags/example_latest_only_with_trigger.py
[2025-12-21T07:21:09.666+0000] {logging_mixin.py:188} INFO - [2025-12-21T07:21:09.665+0000] {dag.py:3047} INFO - Sync 1 DAGs
[2025-12-21T07:21:09.700+0000] {logging_mixin.py:188} INFO - [2025-12-21T07:21:09.700+0000] {dag.py:3834} INFO - Setting next_dagrun for latest_only_with_trigger to 2025-12-21 00:00:00+00:00, run_after=2025-12-21 04:00:00+00:00
[2025-12-21T07:21:09.735+0000] {processor.py:183} INFO - Processing /home/airflow/.local/lib/python3.8/site-packages/airflow/example_dags/example_latest_only_with_trigger.py took 0.126 seconds
[2025-12-21T07:22:19.491+0000] {processor.py:161} INFO - Started process (PID=58) to work on /home/airflow/.local/lib/python3.8/site-packages/airflow/example_dags/example_latest_only_with_trigger.py
[2025-12-21T07:22:19.493+0000] {processor.py:830} INFO - Processing file /home/airflow/.local/lib/python3.8/site-packages/airflow/example_dags/example_latest_only_with_trigger.py for tasks to queue
[2025-12-21T07:22:19.496+0000] {logging_mixin.py:188} INFO - [2025-12-21T07:22:19.495+0000] {dagbag.py:540} INFO - Filling up the DagBag from /home/airflow/.local/lib/python3.8/site-packages/airflow/example_dags/example_latest_only_with_trigger.py
[2025-12-21T07:22:19.507+0000] {processor.py:840} INFO - DAG(s) 'latest_only_with_trigger' retrieved from /home/airflow/.local/lib/python3.8/site-packages/airflow/example_dags/example_latest_only_with_trigger.py
[2025-12-21T07:22:19.522+0000] {logging_mixin.py:188} INFO - [2025-12-21T07:22:19.522+0000] {dag.py:3047} INFO - Sync 1 DAGs
[2025-12-21T07:22:19.567+0000] {logging_mixin.py:188} INFO - [2025-12-21T07:22:19.566+0000] {dag.py:3834} INFO - Setting next_dagrun for latest_only_with_trigger to 2025-12-21 00:00:00+00:00, run_after=2025-12-21 04:00:00+00:00
[2025-12-21T07:22:19.607+0000] {processor.py:183} INFO - Processing /home/airflow/.local/lib/python3.8/site-packages/airflow/example_dags/example_latest_only_with_trigger.py took 0.120 seconds
[2025-12-21T07:22:50.794+0000] {processor.py:161} INFO - Started process (PID=114) to work on /home/airflow/.local/lib/python3.8/site-packages/airflow/example_dags/example_latest_only_with_trigger.py
[2025-12-21T07:22:50.798+0000] {processor.py:830} INFO - Processing file /home/airflow/.local/lib/python3.8/site-packages/airflow/example_dags/example_latest_only_with_trigger.py for tasks to queue
[2025-12-21T07:22:50.801+0000] {logging_mixin.py:188} INFO - [2025-12-21T07:22:50.800+0000] {dagbag.py:540} INFO - Filling up the DagBag from /home/airflow/.local/lib/python3.8/site-packages/airflow/example_dags/example_latest_only_with_trigger.py
[2025-12-21T07:22:50.809+0000] {processor.py:840} INFO - DAG(s) 'latest_only_with_trigger' retrieved from /home/airflow/.local/lib/python3.8/site-packages/airflow/example_dags/example_latest_only_with_trigger.py
[2025-12-21T07:22:50.939+0000] {logging_mixin.py:188} INFO - [2025-12-21T07:22:50.939+0000] {dag.py:3047} INFO - Sync 1 DAGs
[2025-12-21T07:22:50.961+0000] {logging_mixin.py:188} INFO - [2025-12-21T07:22:50.961+0000] {dag.py:3834} INFO - Setting next_dagrun for latest_only_with_trigger to 2025-12-21 00:00:00+00:00, run_after=2025-12-21 04:00:00+00:00
[2025-12-21T07:22:50.983+0000] {processor.py:183} INFO - Processing /home/airflow/.local/lib/python3.8/site-packages/airflow/example_dags/example_latest_only_with_trigger.py took 0.194 seconds
[2025-12-21T07:28:29.868+0000] {processor.py:161} INFO - Started process (PID=59) to work on /home/airflow/.local/lib/python3.8/site-packages/airflow/example_dags/example_latest_only_with_trigger.py
[2025-12-21T07:28:29.870+0000] {processor.py:830} INFO - Processing file /home/airflow/.local/lib/python3.8/site-packages/airflow/example_dags/example_latest_only_with_trigger.py for tasks to queue
[2025-12-21T07:28:29.873+0000] {logging_mixin.py:188} INFO - [2025-12-21T07:28:29.873+0000] {dagbag.py:540} INFO - Filling up the DagBag from /home/airflow/.local/lib/python3.8/site-packages/airflow/example_dags/example_latest_only_with_trigger.py
[2025-12-21T07:28:29.888+0000] {processor.py:840} INFO - DAG(s) 'latest_only_with_trigger' retrieved from /home/airflow/.local/lib/python3.8/site-packages/airflow/example_dags/example_latest_only_with_trigger.py
[2025-12-21T07:28:29.905+0000] {logging_mixin.py:188} INFO - [2025-12-21T07:28:29.904+0000] {dag.py:3047} INFO - Sync 1 DAGs
[2025-12-21T07:28:29.932+0000] {logging_mixin.py:188} INFO - [2025-12-21T07:28:29.931+0000] {dag.py:3834} INFO - Setting next_dagrun for latest_only_with_trigger to 2025-12-21 00:00:00+00:00, run_after=2025-12-21 04:00:00+00:00
[2025-12-21T07:28:29.957+0000] {processor.py:183} INFO - Processing /home/airflow/.local/lib/python3.8/site-packages/airflow/example_dags/example_latest_only_with_trigger.py took 0.093 seconds
[2025-12-21T07:29:00.102+0000] {processor.py:161} INFO - Started process (PID=116) to work on /home/airflow/.local/lib/python3.8/site-packages/airflow/example_dags/example_latest_only_with_trigger.py
[2025-12-21T07:29:00.104+0000] {processor.py:830} INFO - Processing file /home/airflow/.local/lib/python3.8/site-packages/airflow/example_dags/example_latest_only_with_trigger.py for tasks to queue
[2025-12-21T07:29:00.106+0000] {logging_mixin.py:188} INFO - [2025-12-21T07:29:00.106+0000] {dagbag.py:540} INFO - Filling up the DagBag from /home/airflow/.local/lib/python3.8/site-packages/airflow/example_dags/example_latest_only_with_trigger.py
[2025-12-21T07:29:00.113+0000] {processor.py:840} INFO - DAG(s) 'latest_only_with_trigger' retrieved from /home/airflow/.local/lib/python3.8/site-packages/airflow/example_dags/example_latest_only_with_trigger.py
[2025-12-21T07:29:00.275+0000] {logging_mixin.py:188} INFO - [2025-12-21T07:29:00.275+0000] {dag.py:3047} INFO - Sync 1 DAGs
[2025-12-21T07:29:00.295+0000] {logging_mixin.py:188} INFO - [2025-12-21T07:29:00.295+0000] {dag.py:3834} INFO - Setting next_dagrun for latest_only_with_trigger to 2025-12-21 00:00:00+00:00, run_after=2025-12-21 04:00:00+00:00
[2025-12-21T07:29:00.319+0000] {processor.py:183} INFO - Processing /home/airflow/.local/lib/python3.8/site-packages/airflow/example_dags/example_latest_only_with_trigger.py took 0.220 seconds
[2025-12-21T07:29:30.776+0000] {processor.py:161} INFO - Started process (PID=172) to work on /home/airflow/.local/lib/python3.8/site-packages/airflow/example_dags/example_latest_only_with_trigger.py
[2025-12-21T07:29:30.777+0000] {processor.py:830} INFO - Processing file /home/airflow/.local/lib/python3.8/site-packages/airflow/example_dags/example_latest_only_with_trigger.py for tasks to queue
[2025-12-21T07:29:30.779+0000] {logging_mixin.py:188} INFO - [2025-12-21T07:29:30.779+0000] {dagbag.py:540} INFO - Filling up the DagBag from /home/airflow/.local/lib/python3.8/site-packages/airflow/example_dags/example_latest_only_with_trigger.py
[2025-12-21T07:29:30.786+0000] {processor.py:840} INFO - DAG(s) 'latest_only_with_trigger' retrieved from /home/airflow/.local/lib/python3.8/site-packages/airflow/example_dags/example_latest_only_with_trigger.py
[2025-12-21T07:29:30.809+0000] {logging_mixin.py:188} INFO - [2025-12-21T07:29:30.808+0000] {dag.py:3047} INFO - Sync 1 DAGs
[2025-12-21T07:29:30.829+0000] {logging_mixin.py:188} INFO - [2025-12-21T07:29:30.828+0000] {dag.py:3834} INFO - Setting next_dagrun for latest_only_with_trigger to 2025-12-21 00:00:00+00:00, run_after=2025-12-21 04:00:00+00:00
[2025-12-21T07:29:30.850+0000] {processor.py:183} INFO - Processing /home/airflow/.local/lib/python3.8/site-packages/airflow/example_dags/example_latest_only_with_trigger.py took 0.078 seconds
[2025-12-21T07:30:01.339+0000] {processor.py:161} INFO - Started process (PID=233) to work on /home/airflow/.local/lib/python3.8/site-packages/airflow/example_dags/example_latest_only_with_trigger.py
[2025-12-21T07:30:01.341+0000] {processor.py:830} INFO - Processing file /home/airflow/.local/lib/python3.8/site-packages/airflow/example_dags/example_latest_only_with_trigger.py for tasks to queue
[2025-12-21T07:30:01.343+0000] {logging_mixin.py:188} INFO - [2025-12-21T07:30:01.343+0000] {dagbag.py:540} INFO - Filling up the DagBag from /home/airflow/.local/lib/python3.8/site-packages/airflow/example_dags/example_latest_only_with_trigger.py
[2025-12-21T07:30:01.349+0000] {processor.py:840} INFO - DAG(s) 'latest_only_with_trigger' retrieved from /home/airflow/.local/lib/python3.8/site-packages/airflow/example_dags/example_latest_only_with_trigger.py
[2025-12-21T07:30:01.372+0000] {logging_mixin.py:188} INFO - [2025-12-21T07:30:01.372+0000] {dag.py:3047} INFO - Sync 1 DAGs
[2025-12-21T07:30:01.395+0000] {logging_mixin.py:188} INFO - [2025-12-21T07:30:01.395+0000] {dag.py:3834} INFO - Setting next_dagrun for latest_only_with_trigger to 2025-12-21 00:00:00+00:00, run_after=2025-12-21 04:00:00+00:00
[2025-12-21T07:30:01.417+0000] {processor.py:183} INFO - Processing /home/airflow/.local/lib/python3.8/site-packages/airflow/example_dags/example_latest_only_with_trigger.py took 0.082 seconds
[2025-12-21T07:30:31.639+0000] {processor.py:161} INFO - Started process (PID=289) to work on /home/airflow/.local/lib/python3.8/site-packages/airflow/example_dags/example_latest_only_with_trigger.py
[2025-12-21T07:30:31.640+0000] {processor.py:830} INFO - Processing file /home/airflow/.local/lib/python3.8/site-packages/airflow/example_dags/example_latest_only_with_trigger.py for tasks to queue
[2025-12-21T07:30:31.643+0000] {logging_mixin.py:188} INFO - [2025-12-21T07:30:31.643+0000] {dagbag.py:540} INFO - Filling up the DagBag from /home/airflow/.local/lib/python3.8/site-packages/airflow/example_dags/example_latest_only_with_trigger.py
[2025-12-21T07:30:31.650+0000] {processor.py:840} INFO - DAG(s) 'latest_only_with_trigger' retrieved from /home/airflow/.local/lib/python3.8/site-packages/airflow/example_dags/example_latest_only_with_trigger.py
[2025-12-21T07:30:31.675+0000] {logging_mixin.py:188} INFO - [2025-12-21T07:30:31.675+0000] {dag.py:3047} INFO - Sync 1 DAGs
[2025-12-21T07:30:31.702+0000] {logging_mixin.py:188} INFO - [2025-12-21T07:30:31.701+0000] {dag.py:3834} INFO - Setting next_dagrun for latest_only_with_trigger to 2025-12-21 00:00:00+00:00, run_after=2025-12-21 04:00:00+00:00
[2025-12-21T07:30:31.727+0000] {processor.py:183} INFO - Processing /home/airflow/.local/lib/python3.8/site-packages/airflow/example_dags/example_latest_only_with_trigger.py took 0.092 seconds
[2025-12-21T07:31:01.803+0000] {processor.py:161} INFO - Started process (PID=345) to work on /home/airflow/.local/lib/python3.8/site-packages/airflow/example_dags/example_latest_only_with_trigger.py
[2025-12-21T07:31:01.805+0000] {processor.py:830} INFO - Processing file /home/airflow/.local/lib/python3.8/site-packages/airflow/example_dags/example_latest_only_with_trigger.py for tasks to queue
[2025-12-21T07:31:01.807+0000] {logging_mixin.py:188} INFO - [2025-12-21T07:31:01.806+0000] {dagbag.py:540} INFO - Filling up the DagBag from /home/airflow/.local/lib/python3.8/site-packages/airflow/example_dags/example_latest_only_with_trigger.py
[2025-12-21T07:31:01.812+0000] {processor.py:840} INFO - DAG(s) 'latest_only_with_trigger' retrieved from /home/airflow/.local/lib/python3.8/site-packages/airflow/example_dags/example_latest_only_with_trigger.py
[2025-12-21T07:31:01.834+0000] {logging_mixin.py:188} INFO - [2025-12-21T07:31:01.834+0000] {dag.py:3047} INFO - Sync 1 DAGs
[2025-12-21T07:31:01.854+0000] {logging_mixin.py:188} INFO - [2025-12-21T07:31:01.854+0000] {dag.py:3834} INFO - Setting next_dagrun for latest_only_with_trigger to 2025-12-21 00:00:00+00:00, run_after=2025-12-21 04:00:00+00:00
[2025-12-21T07:31:01.873+0000] {processor.py:183} INFO - Processing /home/airflow/.local/lib/python3.8/site-packages/airflow/example_dags/example_latest_only_with_trigger.py took 0.073 seconds
[2025-12-21T07:31:32.103+0000] {processor.py:161} INFO - Started process (PID=401) to work on /home/airflow/.local/lib/python3.8/site-packages/airflow/example_dags/example_latest_only_with_trigger.py
[2025-12-21T07:31:32.105+0000] {processor.py:830} INFO - Processing file /home/airflow/.local/lib/python3.8/site-packages/airflow/example_dags/example_latest_only_with_trigger.py for tasks to queue
[2025-12-21T07:31:32.107+0000] {logging_mixin.py:188} INFO - [2025-12-21T07:31:32.106+0000] {dagbag.py:540} INFO - Filling up the DagBag from /home/airflow/.local/lib/python3.8/site-packages/airflow/example_dags/example_latest_only_with_trigger.py
[2025-12-21T07:31:32.114+0000] {processor.py:840} INFO - DAG(s) 'latest_only_with_trigger' retrieved from /home/airflow/.local/lib/python3.8/site-packages/airflow/example_dags/example_latest_only_with_trigger.py
[2025-12-21T07:31:32.139+0000] {logging_mixin.py:188} INFO - [2025-12-21T07:31:32.138+0000] {dag.py:3047} INFO - Sync 1 DAGs
[2025-12-21T07:31:32.162+0000] {logging_mixin.py:188} INFO - [2025-12-21T07:31:32.162+0000] {dag.py:3834} INFO - Setting next_dagrun for latest_only_with_trigger to 2025-12-21 00:00:00+00:00, run_after=2025-12-21 04:00:00+00:00
[2025-12-21T07:31:32.187+0000] {processor.py:183} INFO - Processing /home/airflow/.local/lib/python3.8/site-packages/airflow/example_dags/example_latest_only_with_trigger.py took 0.087 seconds
