[2025-12-21T06:58:54.546+0000] {processor.py:161} INFO - Started process (PID=78) to work on /home/airflow/.local/lib/python3.8/site-packages/airflow/example_dags/example_branch_operator.py
[2025-12-21T06:58:54.548+0000] {processor.py:830} INFO - Processing file /home/airflow/.local/lib/python3.8/site-packages/airflow/example_dags/example_branch_operator.py for tasks to queue
[2025-12-21T06:58:54.550+0000] {logging_mixin.py:188} INFO - [2025-12-21T06:58:54.550+0000] {dagbag.py:540} INFO - Filling up the DagBag from /home/airflow/.local/lib/python3.8/site-packages/airflow/example_dags/example_branch_operator.py
[2025-12-21T06:58:54.568+0000] {processor.py:840} INFO - DAG(s) 'example_branch_operator' retrieved from /home/airflow/.local/lib/python3.8/site-packages/airflow/example_dags/example_branch_operator.py
[2025-12-21T06:58:54.672+0000] {logging_mixin.py:188} INFO - [2025-12-21T06:58:54.672+0000] {dag.py:3047} INFO - Sync 1 DAGs
[2025-12-21T06:58:54.692+0000] {logging_mixin.py:188} INFO - [2025-12-21T06:58:54.692+0000] {dag.py:3834} INFO - Setting next_dagrun for example_branch_operator to 2025-12-20 00:00:00+00:00, run_after=2025-12-21 00:00:00+00:00
[2025-12-21T06:58:54.723+0000] {processor.py:183} INFO - Processing /home/airflow/.local/lib/python3.8/site-packages/airflow/example_dags/example_branch_operator.py took 0.180 seconds
[2025-12-21T06:59:24.788+0000] {processor.py:161} INFO - Started process (PID=134) to work on /home/airflow/.local/lib/python3.8/site-packages/airflow/example_dags/example_branch_operator.py
[2025-12-21T06:59:24.790+0000] {processor.py:830} INFO - Processing file /home/airflow/.local/lib/python3.8/site-packages/airflow/example_dags/example_branch_operator.py for tasks to queue
[2025-12-21T06:59:24.793+0000] {logging_mixin.py:188} INFO - [2025-12-21T06:59:24.793+0000] {dagbag.py:540} INFO - Filling up the DagBag from /home/airflow/.local/lib/python3.8/site-packages/airflow/example_dags/example_branch_operator.py
[2025-12-21T06:59:24.814+0000] {processor.py:840} INFO - DAG(s) 'example_branch_operator' retrieved from /home/airflow/.local/lib/python3.8/site-packages/airflow/example_dags/example_branch_operator.py
[2025-12-21T06:59:24.846+0000] {logging_mixin.py:188} INFO - [2025-12-21T06:59:24.845+0000] {dag.py:3047} INFO - Sync 1 DAGs
[2025-12-21T06:59:24.871+0000] {logging_mixin.py:188} INFO - [2025-12-21T06:59:24.870+0000] {dag.py:3834} INFO - Setting next_dagrun for example_branch_operator to 2025-12-20 00:00:00+00:00, run_after=2025-12-21 00:00:00+00:00
[2025-12-21T06:59:24.902+0000] {processor.py:183} INFO - Processing /home/airflow/.local/lib/python3.8/site-packages/airflow/example_dags/example_branch_operator.py took 0.117 seconds
[2025-12-21T06:59:55.220+0000] {processor.py:161} INFO - Started process (PID=190) to work on /home/airflow/.local/lib/python3.8/site-packages/airflow/example_dags/example_branch_operator.py
[2025-12-21T06:59:55.222+0000] {processor.py:830} INFO - Processing file /home/airflow/.local/lib/python3.8/site-packages/airflow/example_dags/example_branch_operator.py for tasks to queue
[2025-12-21T06:59:55.225+0000] {logging_mixin.py:188} INFO - [2025-12-21T06:59:55.225+0000] {dagbag.py:540} INFO - Filling up the DagBag from /home/airflow/.local/lib/python3.8/site-packages/airflow/example_dags/example_branch_operator.py
[2025-12-21T06:59:55.253+0000] {processor.py:840} INFO - DAG(s) 'example_branch_operator' retrieved from /home/airflow/.local/lib/python3.8/site-packages/airflow/example_dags/example_branch_operator.py
[2025-12-21T06:59:55.303+0000] {logging_mixin.py:188} INFO - [2025-12-21T06:59:55.302+0000] {dag.py:3047} INFO - Sync 1 DAGs
[2025-12-21T06:59:55.346+0000] {logging_mixin.py:188} INFO - [2025-12-21T06:59:55.345+0000] {dag.py:3834} INFO - Setting next_dagrun for example_branch_operator to 2025-12-20 00:00:00+00:00, run_after=2025-12-21 00:00:00+00:00
[2025-12-21T06:59:55.381+0000] {processor.py:183} INFO - Processing /home/airflow/.local/lib/python3.8/site-packages/airflow/example_dags/example_branch_operator.py took 0.167 seconds
[2025-12-21T07:00:25.628+0000] {processor.py:161} INFO - Started process (PID=246) to work on /home/airflow/.local/lib/python3.8/site-packages/airflow/example_dags/example_branch_operator.py
[2025-12-21T07:00:25.630+0000] {processor.py:830} INFO - Processing file /home/airflow/.local/lib/python3.8/site-packages/airflow/example_dags/example_branch_operator.py for tasks to queue
[2025-12-21T07:00:25.633+0000] {logging_mixin.py:188} INFO - [2025-12-21T07:00:25.633+0000] {dagbag.py:540} INFO - Filling up the DagBag from /home/airflow/.local/lib/python3.8/site-packages/airflow/example_dags/example_branch_operator.py
[2025-12-21T07:00:25.655+0000] {processor.py:840} INFO - DAG(s) 'example_branch_operator' retrieved from /home/airflow/.local/lib/python3.8/site-packages/airflow/example_dags/example_branch_operator.py
[2025-12-21T07:00:25.687+0000] {logging_mixin.py:188} INFO - [2025-12-21T07:00:25.687+0000] {dag.py:3047} INFO - Sync 1 DAGs
[2025-12-21T07:00:25.712+0000] {logging_mixin.py:188} INFO - [2025-12-21T07:00:25.712+0000] {dag.py:3834} INFO - Setting next_dagrun for example_branch_operator to 2025-12-20 00:00:00+00:00, run_after=2025-12-21 00:00:00+00:00
[2025-12-21T07:00:25.736+0000] {processor.py:183} INFO - Processing /home/airflow/.local/lib/python3.8/site-packages/airflow/example_dags/example_branch_operator.py took 0.112 seconds
[2025-12-21T07:00:55.930+0000] {processor.py:161} INFO - Started process (PID=302) to work on /home/airflow/.local/lib/python3.8/site-packages/airflow/example_dags/example_branch_operator.py
[2025-12-21T07:00:55.931+0000] {processor.py:830} INFO - Processing file /home/airflow/.local/lib/python3.8/site-packages/airflow/example_dags/example_branch_operator.py for tasks to queue
[2025-12-21T07:00:55.934+0000] {logging_mixin.py:188} INFO - [2025-12-21T07:00:55.934+0000] {dagbag.py:540} INFO - Filling up the DagBag from /home/airflow/.local/lib/python3.8/site-packages/airflow/example_dags/example_branch_operator.py
[2025-12-21T07:00:55.953+0000] {processor.py:840} INFO - DAG(s) 'example_branch_operator' retrieved from /home/airflow/.local/lib/python3.8/site-packages/airflow/example_dags/example_branch_operator.py
[2025-12-21T07:00:55.983+0000] {logging_mixin.py:188} INFO - [2025-12-21T07:00:55.983+0000] {dag.py:3047} INFO - Sync 1 DAGs
[2025-12-21T07:00:56.010+0000] {logging_mixin.py:188} INFO - [2025-12-21T07:00:56.009+0000] {dag.py:3834} INFO - Setting next_dagrun for example_branch_operator to 2025-12-20 00:00:00+00:00, run_after=2025-12-21 00:00:00+00:00
[2025-12-21T07:00:56.033+0000] {processor.py:183} INFO - Processing /home/airflow/.local/lib/python3.8/site-packages/airflow/example_dags/example_branch_operator.py took 0.106 seconds
[2025-12-21T07:01:27.325+0000] {processor.py:161} INFO - Started process (PID=358) to work on /home/airflow/.local/lib/python3.8/site-packages/airflow/example_dags/example_branch_operator.py
[2025-12-21T07:01:27.327+0000] {processor.py:830} INFO - Processing file /home/airflow/.local/lib/python3.8/site-packages/airflow/example_dags/example_branch_operator.py for tasks to queue
[2025-12-21T07:01:27.330+0000] {logging_mixin.py:188} INFO - [2025-12-21T07:01:27.330+0000] {dagbag.py:540} INFO - Filling up the DagBag from /home/airflow/.local/lib/python3.8/site-packages/airflow/example_dags/example_branch_operator.py
[2025-12-21T07:01:27.349+0000] {processor.py:840} INFO - DAG(s) 'example_branch_operator' retrieved from /home/airflow/.local/lib/python3.8/site-packages/airflow/example_dags/example_branch_operator.py
[2025-12-21T07:01:27.384+0000] {logging_mixin.py:188} INFO - [2025-12-21T07:01:27.383+0000] {dag.py:3047} INFO - Sync 1 DAGs
[2025-12-21T07:01:27.410+0000] {logging_mixin.py:188} INFO - [2025-12-21T07:01:27.410+0000] {dag.py:3834} INFO - Setting next_dagrun for example_branch_operator to 2025-12-20 00:00:00+00:00, run_after=2025-12-21 00:00:00+00:00
[2025-12-21T07:01:27.436+0000] {processor.py:183} INFO - Processing /home/airflow/.local/lib/python3.8/site-packages/airflow/example_dags/example_branch_operator.py took 0.115 seconds
[2025-12-21T07:01:57.717+0000] {processor.py:161} INFO - Started process (PID=414) to work on /home/airflow/.local/lib/python3.8/site-packages/airflow/example_dags/example_branch_operator.py
[2025-12-21T07:01:57.718+0000] {processor.py:830} INFO - Processing file /home/airflow/.local/lib/python3.8/site-packages/airflow/example_dags/example_branch_operator.py for tasks to queue
[2025-12-21T07:01:57.720+0000] {logging_mixin.py:188} INFO - [2025-12-21T07:01:57.720+0000] {dagbag.py:540} INFO - Filling up the DagBag from /home/airflow/.local/lib/python3.8/site-packages/airflow/example_dags/example_branch_operator.py
[2025-12-21T07:01:57.737+0000] {processor.py:840} INFO - DAG(s) 'example_branch_operator' retrieved from /home/airflow/.local/lib/python3.8/site-packages/airflow/example_dags/example_branch_operator.py
[2025-12-21T07:01:57.767+0000] {logging_mixin.py:188} INFO - [2025-12-21T07:01:57.767+0000] {dag.py:3047} INFO - Sync 1 DAGs
[2025-12-21T07:01:57.790+0000] {logging_mixin.py:188} INFO - [2025-12-21T07:01:57.789+0000] {dag.py:3834} INFO - Setting next_dagrun for example_branch_operator to 2025-12-20 00:00:00+00:00, run_after=2025-12-21 00:00:00+00:00
[2025-12-21T07:01:57.812+0000] {processor.py:183} INFO - Processing /home/airflow/.local/lib/python3.8/site-packages/airflow/example_dags/example_branch_operator.py took 0.099 seconds
[2025-12-21T07:02:28.098+0000] {processor.py:161} INFO - Started process (PID=470) to work on /home/airflow/.local/lib/python3.8/site-packages/airflow/example_dags/example_branch_operator.py
[2025-12-21T07:02:28.100+0000] {processor.py:830} INFO - Processing file /home/airflow/.local/lib/python3.8/site-packages/airflow/example_dags/example_branch_operator.py for tasks to queue
[2025-12-21T07:02:28.103+0000] {logging_mixin.py:188} INFO - [2025-12-21T07:02:28.102+0000] {dagbag.py:540} INFO - Filling up the DagBag from /home/airflow/.local/lib/python3.8/site-packages/airflow/example_dags/example_branch_operator.py
[2025-12-21T07:02:28.127+0000] {processor.py:840} INFO - DAG(s) 'example_branch_operator' retrieved from /home/airflow/.local/lib/python3.8/site-packages/airflow/example_dags/example_branch_operator.py
[2025-12-21T07:02:28.157+0000] {logging_mixin.py:188} INFO - [2025-12-21T07:02:28.157+0000] {dag.py:3047} INFO - Sync 1 DAGs
[2025-12-21T07:02:28.183+0000] {logging_mixin.py:188} INFO - [2025-12-21T07:02:28.183+0000] {dag.py:3834} INFO - Setting next_dagrun for example_branch_operator to 2025-12-20 00:00:00+00:00, run_after=2025-12-21 00:00:00+00:00
[2025-12-21T07:02:28.213+0000] {processor.py:183} INFO - Processing /home/airflow/.local/lib/python3.8/site-packages/airflow/example_dags/example_branch_operator.py took 0.118 seconds
[2025-12-21T07:02:58.799+0000] {processor.py:161} INFO - Started process (PID=526) to work on /home/airflow/.local/lib/python3.8/site-packages/airflow/example_dags/example_branch_operator.py
[2025-12-21T07:02:58.802+0000] {processor.py:830} INFO - Processing file /home/airflow/.local/lib/python3.8/site-packages/airflow/example_dags/example_branch_operator.py for tasks to queue
[2025-12-21T07:02:58.805+0000] {logging_mixin.py:188} INFO - [2025-12-21T07:02:58.804+0000] {dagbag.py:540} INFO - Filling up the DagBag from /home/airflow/.local/lib/python3.8/site-packages/airflow/example_dags/example_branch_operator.py
[2025-12-21T07:02:58.833+0000] {processor.py:840} INFO - DAG(s) 'example_branch_operator' retrieved from /home/airflow/.local/lib/python3.8/site-packages/airflow/example_dags/example_branch_operator.py
[2025-12-21T07:02:58.878+0000] {logging_mixin.py:188} INFO - [2025-12-21T07:02:58.877+0000] {dag.py:3047} INFO - Sync 1 DAGs
[2025-12-21T07:02:58.921+0000] {logging_mixin.py:188} INFO - [2025-12-21T07:02:58.920+0000] {dag.py:3834} INFO - Setting next_dagrun for example_branch_operator to 2025-12-20 00:00:00+00:00, run_after=2025-12-21 00:00:00+00:00
[2025-12-21T07:02:58.958+0000] {processor.py:183} INFO - Processing /home/airflow/.local/lib/python3.8/site-packages/airflow/example_dags/example_branch_operator.py took 0.165 seconds
[2025-12-21T07:03:29.815+0000] {processor.py:161} INFO - Started process (PID=582) to work on /home/airflow/.local/lib/python3.8/site-packages/airflow/example_dags/example_branch_operator.py
[2025-12-21T07:03:29.816+0000] {processor.py:830} INFO - Processing file /home/airflow/.local/lib/python3.8/site-packages/airflow/example_dags/example_branch_operator.py for tasks to queue
[2025-12-21T07:03:29.819+0000] {logging_mixin.py:188} INFO - [2025-12-21T07:03:29.818+0000] {dagbag.py:540} INFO - Filling up the DagBag from /home/airflow/.local/lib/python3.8/site-packages/airflow/example_dags/example_branch_operator.py
[2025-12-21T07:03:29.838+0000] {processor.py:840} INFO - DAG(s) 'example_branch_operator' retrieved from /home/airflow/.local/lib/python3.8/site-packages/airflow/example_dags/example_branch_operator.py
[2025-12-21T07:03:29.867+0000] {logging_mixin.py:188} INFO - [2025-12-21T07:03:29.866+0000] {dag.py:3047} INFO - Sync 1 DAGs
[2025-12-21T07:03:29.892+0000] {logging_mixin.py:188} INFO - [2025-12-21T07:03:29.892+0000] {dag.py:3834} INFO - Setting next_dagrun for example_branch_operator to 2025-12-20 00:00:00+00:00, run_after=2025-12-21 00:00:00+00:00
[2025-12-21T07:03:29.920+0000] {processor.py:183} INFO - Processing /home/airflow/.local/lib/python3.8/site-packages/airflow/example_dags/example_branch_operator.py took 0.109 seconds
[2025-12-21T07:04:00.533+0000] {processor.py:161} INFO - Started process (PID=638) to work on /home/airflow/.local/lib/python3.8/site-packages/airflow/example_dags/example_branch_operator.py
[2025-12-21T07:04:00.534+0000] {processor.py:830} INFO - Processing file /home/airflow/.local/lib/python3.8/site-packages/airflow/example_dags/example_branch_operator.py for tasks to queue
[2025-12-21T07:04:00.537+0000] {logging_mixin.py:188} INFO - [2025-12-21T07:04:00.537+0000] {dagbag.py:540} INFO - Filling up the DagBag from /home/airflow/.local/lib/python3.8/site-packages/airflow/example_dags/example_branch_operator.py
[2025-12-21T07:04:00.556+0000] {processor.py:840} INFO - DAG(s) 'example_branch_operator' retrieved from /home/airflow/.local/lib/python3.8/site-packages/airflow/example_dags/example_branch_operator.py
[2025-12-21T07:04:00.585+0000] {logging_mixin.py:188} INFO - [2025-12-21T07:04:00.585+0000] {dag.py:3047} INFO - Sync 1 DAGs
[2025-12-21T07:04:00.608+0000] {logging_mixin.py:188} INFO - [2025-12-21T07:04:00.608+0000] {dag.py:3834} INFO - Setting next_dagrun for example_branch_operator to 2025-12-20 00:00:00+00:00, run_after=2025-12-21 00:00:00+00:00
[2025-12-21T07:04:00.628+0000] {processor.py:183} INFO - Processing /home/airflow/.local/lib/python3.8/site-packages/airflow/example_dags/example_branch_operator.py took 0.100 seconds
[2025-12-21T07:04:31.349+0000] {processor.py:161} INFO - Started process (PID=694) to work on /home/airflow/.local/lib/python3.8/site-packages/airflow/example_dags/example_branch_operator.py
[2025-12-21T07:04:31.350+0000] {processor.py:830} INFO - Processing file /home/airflow/.local/lib/python3.8/site-packages/airflow/example_dags/example_branch_operator.py for tasks to queue
[2025-12-21T07:04:31.352+0000] {logging_mixin.py:188} INFO - [2025-12-21T07:04:31.352+0000] {dagbag.py:540} INFO - Filling up the DagBag from /home/airflow/.local/lib/python3.8/site-packages/airflow/example_dags/example_branch_operator.py
[2025-12-21T07:04:31.372+0000] {processor.py:840} INFO - DAG(s) 'example_branch_operator' retrieved from /home/airflow/.local/lib/python3.8/site-packages/airflow/example_dags/example_branch_operator.py
[2025-12-21T07:04:31.409+0000] {logging_mixin.py:188} INFO - [2025-12-21T07:04:31.409+0000] {dag.py:3047} INFO - Sync 1 DAGs
[2025-12-21T07:04:31.440+0000] {logging_mixin.py:188} INFO - [2025-12-21T07:04:31.440+0000] {dag.py:3834} INFO - Setting next_dagrun for example_branch_operator to 2025-12-20 00:00:00+00:00, run_after=2025-12-21 00:00:00+00:00
[2025-12-21T07:04:31.468+0000] {processor.py:183} INFO - Processing /home/airflow/.local/lib/python3.8/site-packages/airflow/example_dags/example_branch_operator.py took 0.123 seconds
[2025-12-21T07:05:02.432+0000] {processor.py:161} INFO - Started process (PID=750) to work on /home/airflow/.local/lib/python3.8/site-packages/airflow/example_dags/example_branch_operator.py
[2025-12-21T07:05:02.434+0000] {processor.py:830} INFO - Processing file /home/airflow/.local/lib/python3.8/site-packages/airflow/example_dags/example_branch_operator.py for tasks to queue
[2025-12-21T07:05:02.437+0000] {logging_mixin.py:188} INFO - [2025-12-21T07:05:02.437+0000] {dagbag.py:540} INFO - Filling up the DagBag from /home/airflow/.local/lib/python3.8/site-packages/airflow/example_dags/example_branch_operator.py
[2025-12-21T07:05:02.459+0000] {processor.py:840} INFO - DAG(s) 'example_branch_operator' retrieved from /home/airflow/.local/lib/python3.8/site-packages/airflow/example_dags/example_branch_operator.py
[2025-12-21T07:05:02.494+0000] {logging_mixin.py:188} INFO - [2025-12-21T07:05:02.493+0000] {dag.py:3047} INFO - Sync 1 DAGs
[2025-12-21T07:05:02.520+0000] {logging_mixin.py:188} INFO - [2025-12-21T07:05:02.520+0000] {dag.py:3834} INFO - Setting next_dagrun for example_branch_operator to 2025-12-20 00:00:00+00:00, run_after=2025-12-21 00:00:00+00:00
[2025-12-21T07:05:02.547+0000] {processor.py:183} INFO - Processing /home/airflow/.local/lib/python3.8/site-packages/airflow/example_dags/example_branch_operator.py took 0.119 seconds
[2025-12-21T07:05:32.821+0000] {processor.py:161} INFO - Started process (PID=806) to work on /home/airflow/.local/lib/python3.8/site-packages/airflow/example_dags/example_branch_operator.py
[2025-12-21T07:05:32.823+0000] {processor.py:830} INFO - Processing file /home/airflow/.local/lib/python3.8/site-packages/airflow/example_dags/example_branch_operator.py for tasks to queue
[2025-12-21T07:05:32.825+0000] {logging_mixin.py:188} INFO - [2025-12-21T07:05:32.825+0000] {dagbag.py:540} INFO - Filling up the DagBag from /home/airflow/.local/lib/python3.8/site-packages/airflow/example_dags/example_branch_operator.py
[2025-12-21T07:05:32.842+0000] {processor.py:840} INFO - DAG(s) 'example_branch_operator' retrieved from /home/airflow/.local/lib/python3.8/site-packages/airflow/example_dags/example_branch_operator.py
[2025-12-21T07:05:32.869+0000] {logging_mixin.py:188} INFO - [2025-12-21T07:05:32.869+0000] {dag.py:3047} INFO - Sync 1 DAGs
[2025-12-21T07:05:32.891+0000] {logging_mixin.py:188} INFO - [2025-12-21T07:05:32.891+0000] {dag.py:3834} INFO - Setting next_dagrun for example_branch_operator to 2025-12-20 00:00:00+00:00, run_after=2025-12-21 00:00:00+00:00
[2025-12-21T07:05:32.909+0000] {processor.py:183} INFO - Processing /home/airflow/.local/lib/python3.8/site-packages/airflow/example_dags/example_branch_operator.py took 0.091 seconds
[2025-12-21T07:06:03.097+0000] {processor.py:161} INFO - Started process (PID=862) to work on /home/airflow/.local/lib/python3.8/site-packages/airflow/example_dags/example_branch_operator.py
[2025-12-21T07:06:03.098+0000] {processor.py:830} INFO - Processing file /home/airflow/.local/lib/python3.8/site-packages/airflow/example_dags/example_branch_operator.py for tasks to queue
[2025-12-21T07:06:03.100+0000] {logging_mixin.py:188} INFO - [2025-12-21T07:06:03.100+0000] {dagbag.py:540} INFO - Filling up the DagBag from /home/airflow/.local/lib/python3.8/site-packages/airflow/example_dags/example_branch_operator.py
[2025-12-21T07:06:03.116+0000] {processor.py:840} INFO - DAG(s) 'example_branch_operator' retrieved from /home/airflow/.local/lib/python3.8/site-packages/airflow/example_dags/example_branch_operator.py
[2025-12-21T07:06:03.143+0000] {logging_mixin.py:188} INFO - [2025-12-21T07:06:03.142+0000] {dag.py:3047} INFO - Sync 1 DAGs
[2025-12-21T07:06:03.166+0000] {logging_mixin.py:188} INFO - [2025-12-21T07:06:03.165+0000] {dag.py:3834} INFO - Setting next_dagrun for example_branch_operator to 2025-12-20 00:00:00+00:00, run_after=2025-12-21 00:00:00+00:00
[2025-12-21T07:06:03.186+0000] {processor.py:183} INFO - Processing /home/airflow/.local/lib/python3.8/site-packages/airflow/example_dags/example_branch_operator.py took 0.093 seconds
[2025-12-21T07:06:34.191+0000] {processor.py:161} INFO - Started process (PID=918) to work on /home/airflow/.local/lib/python3.8/site-packages/airflow/example_dags/example_branch_operator.py
[2025-12-21T07:06:34.193+0000] {processor.py:830} INFO - Processing file /home/airflow/.local/lib/python3.8/site-packages/airflow/example_dags/example_branch_operator.py for tasks to queue
[2025-12-21T07:06:34.195+0000] {logging_mixin.py:188} INFO - [2025-12-21T07:06:34.195+0000] {dagbag.py:540} INFO - Filling up the DagBag from /home/airflow/.local/lib/python3.8/site-packages/airflow/example_dags/example_branch_operator.py
[2025-12-21T07:06:34.210+0000] {processor.py:840} INFO - DAG(s) 'example_branch_operator' retrieved from /home/airflow/.local/lib/python3.8/site-packages/airflow/example_dags/example_branch_operator.py
[2025-12-21T07:06:34.237+0000] {logging_mixin.py:188} INFO - [2025-12-21T07:06:34.237+0000] {dag.py:3047} INFO - Sync 1 DAGs
[2025-12-21T07:06:34.260+0000] {logging_mixin.py:188} INFO - [2025-12-21T07:06:34.260+0000] {dag.py:3834} INFO - Setting next_dagrun for example_branch_operator to 2025-12-20 00:00:00+00:00, run_after=2025-12-21 00:00:00+00:00
[2025-12-21T07:06:34.282+0000] {processor.py:183} INFO - Processing /home/airflow/.local/lib/python3.8/site-packages/airflow/example_dags/example_branch_operator.py took 0.094 seconds
[2025-12-21T07:07:04.681+0000] {processor.py:161} INFO - Started process (PID=974) to work on /home/airflow/.local/lib/python3.8/site-packages/airflow/example_dags/example_branch_operator.py
[2025-12-21T07:07:04.683+0000] {processor.py:830} INFO - Processing file /home/airflow/.local/lib/python3.8/site-packages/airflow/example_dags/example_branch_operator.py for tasks to queue
[2025-12-21T07:07:04.685+0000] {logging_mixin.py:188} INFO - [2025-12-21T07:07:04.685+0000] {dagbag.py:540} INFO - Filling up the DagBag from /home/airflow/.local/lib/python3.8/site-packages/airflow/example_dags/example_branch_operator.py
[2025-12-21T07:07:04.704+0000] {processor.py:840} INFO - DAG(s) 'example_branch_operator' retrieved from /home/airflow/.local/lib/python3.8/site-packages/airflow/example_dags/example_branch_operator.py
[2025-12-21T07:07:04.732+0000] {logging_mixin.py:188} INFO - [2025-12-21T07:07:04.732+0000] {dag.py:3047} INFO - Sync 1 DAGs
[2025-12-21T07:07:04.757+0000] {logging_mixin.py:188} INFO - [2025-12-21T07:07:04.757+0000] {dag.py:3834} INFO - Setting next_dagrun for example_branch_operator to 2025-12-20 00:00:00+00:00, run_after=2025-12-21 00:00:00+00:00
[2025-12-21T07:07:04.783+0000] {processor.py:183} INFO - Processing /home/airflow/.local/lib/python3.8/site-packages/airflow/example_dags/example_branch_operator.py took 0.106 seconds
[2025-12-21T07:07:35.014+0000] {processor.py:161} INFO - Started process (PID=1030) to work on /home/airflow/.local/lib/python3.8/site-packages/airflow/example_dags/example_branch_operator.py
[2025-12-21T07:07:35.015+0000] {processor.py:830} INFO - Processing file /home/airflow/.local/lib/python3.8/site-packages/airflow/example_dags/example_branch_operator.py for tasks to queue
[2025-12-21T07:07:35.017+0000] {logging_mixin.py:188} INFO - [2025-12-21T07:07:35.017+0000] {dagbag.py:540} INFO - Filling up the DagBag from /home/airflow/.local/lib/python3.8/site-packages/airflow/example_dags/example_branch_operator.py
[2025-12-21T07:07:35.034+0000] {processor.py:840} INFO - DAG(s) 'example_branch_operator' retrieved from /home/airflow/.local/lib/python3.8/site-packages/airflow/example_dags/example_branch_operator.py
[2025-12-21T07:07:35.066+0000] {logging_mixin.py:188} INFO - [2025-12-21T07:07:35.066+0000] {dag.py:3047} INFO - Sync 1 DAGs
[2025-12-21T07:07:35.090+0000] {logging_mixin.py:188} INFO - [2025-12-21T07:07:35.090+0000] {dag.py:3834} INFO - Setting next_dagrun for example_branch_operator to 2025-12-20 00:00:00+00:00, run_after=2025-12-21 00:00:00+00:00
[2025-12-21T07:07:35.117+0000] {processor.py:183} INFO - Processing /home/airflow/.local/lib/python3.8/site-packages/airflow/example_dags/example_branch_operator.py took 0.107 seconds
[2025-12-21T07:08:06.075+0000] {processor.py:161} INFO - Started process (PID=1086) to work on /home/airflow/.local/lib/python3.8/site-packages/airflow/example_dags/example_branch_operator.py
[2025-12-21T07:08:06.077+0000] {processor.py:830} INFO - Processing file /home/airflow/.local/lib/python3.8/site-packages/airflow/example_dags/example_branch_operator.py for tasks to queue
[2025-12-21T07:08:06.080+0000] {logging_mixin.py:188} INFO - [2025-12-21T07:08:06.079+0000] {dagbag.py:540} INFO - Filling up the DagBag from /home/airflow/.local/lib/python3.8/site-packages/airflow/example_dags/example_branch_operator.py
[2025-12-21T07:08:06.097+0000] {processor.py:840} INFO - DAG(s) 'example_branch_operator' retrieved from /home/airflow/.local/lib/python3.8/site-packages/airflow/example_dags/example_branch_operator.py
[2025-12-21T07:08:06.126+0000] {logging_mixin.py:188} INFO - [2025-12-21T07:08:06.126+0000] {dag.py:3047} INFO - Sync 1 DAGs
[2025-12-21T07:08:06.149+0000] {logging_mixin.py:188} INFO - [2025-12-21T07:08:06.149+0000] {dag.py:3834} INFO - Setting next_dagrun for example_branch_operator to 2025-12-20 00:00:00+00:00, run_after=2025-12-21 00:00:00+00:00
[2025-12-21T07:08:06.172+0000] {processor.py:183} INFO - Processing /home/airflow/.local/lib/python3.8/site-packages/airflow/example_dags/example_branch_operator.py took 0.101 seconds
[2025-12-21T07:08:36.239+0000] {processor.py:161} INFO - Started process (PID=1142) to work on /home/airflow/.local/lib/python3.8/site-packages/airflow/example_dags/example_branch_operator.py
[2025-12-21T07:08:36.241+0000] {processor.py:830} INFO - Processing file /home/airflow/.local/lib/python3.8/site-packages/airflow/example_dags/example_branch_operator.py for tasks to queue
[2025-12-21T07:08:36.243+0000] {logging_mixin.py:188} INFO - [2025-12-21T07:08:36.243+0000] {dagbag.py:540} INFO - Filling up the DagBag from /home/airflow/.local/lib/python3.8/site-packages/airflow/example_dags/example_branch_operator.py
[2025-12-21T07:08:36.263+0000] {processor.py:840} INFO - DAG(s) 'example_branch_operator' retrieved from /home/airflow/.local/lib/python3.8/site-packages/airflow/example_dags/example_branch_operator.py
[2025-12-21T07:08:36.295+0000] {logging_mixin.py:188} INFO - [2025-12-21T07:08:36.295+0000] {dag.py:3047} INFO - Sync 1 DAGs
[2025-12-21T07:08:36.327+0000] {logging_mixin.py:188} INFO - [2025-12-21T07:08:36.326+0000] {dag.py:3834} INFO - Setting next_dagrun for example_branch_operator to 2025-12-20 00:00:00+00:00, run_after=2025-12-21 00:00:00+00:00
[2025-12-21T07:08:36.366+0000] {processor.py:183} INFO - Processing /home/airflow/.local/lib/python3.8/site-packages/airflow/example_dags/example_branch_operator.py took 0.130 seconds
[2025-12-21T07:11:45.860+0000] {processor.py:161} INFO - Started process (PID=89) to work on /home/airflow/.local/lib/python3.8/site-packages/airflow/example_dags/example_branch_operator.py
[2025-12-21T07:11:45.877+0000] {processor.py:830} INFO - Processing file /home/airflow/.local/lib/python3.8/site-packages/airflow/example_dags/example_branch_operator.py for tasks to queue
[2025-12-21T07:11:45.905+0000] {logging_mixin.py:188} INFO - [2025-12-21T07:11:45.904+0000] {dagbag.py:540} INFO - Filling up the DagBag from /home/airflow/.local/lib/python3.8/site-packages/airflow/example_dags/example_branch_operator.py
[2025-12-21T07:11:46.042+0000] {processor.py:840} INFO - DAG(s) 'example_branch_operator' retrieved from /home/airflow/.local/lib/python3.8/site-packages/airflow/example_dags/example_branch_operator.py
[2025-12-21T07:11:46.089+0000] {logging_mixin.py:188} INFO - [2025-12-21T07:11:46.089+0000] {dag.py:3047} INFO - Sync 1 DAGs
[2025-12-21T07:11:46.139+0000] {logging_mixin.py:188} INFO - [2025-12-21T07:11:46.139+0000] {dag.py:3834} INFO - Setting next_dagrun for example_branch_operator to 2025-12-20 00:00:00+00:00, run_after=2025-12-21 00:00:00+00:00
[2025-12-21T07:11:46.215+0000] {processor.py:183} INFO - Processing /home/airflow/.local/lib/python3.8/site-packages/airflow/example_dags/example_branch_operator.py took 0.381 seconds
[2025-12-21T07:12:16.332+0000] {processor.py:161} INFO - Started process (PID=145) to work on /home/airflow/.local/lib/python3.8/site-packages/airflow/example_dags/example_branch_operator.py
[2025-12-21T07:12:16.334+0000] {processor.py:830} INFO - Processing file /home/airflow/.local/lib/python3.8/site-packages/airflow/example_dags/example_branch_operator.py for tasks to queue
[2025-12-21T07:12:16.336+0000] {logging_mixin.py:188} INFO - [2025-12-21T07:12:16.336+0000] {dagbag.py:540} INFO - Filling up the DagBag from /home/airflow/.local/lib/python3.8/site-packages/airflow/example_dags/example_branch_operator.py
[2025-12-21T07:12:16.353+0000] {processor.py:840} INFO - DAG(s) 'example_branch_operator' retrieved from /home/airflow/.local/lib/python3.8/site-packages/airflow/example_dags/example_branch_operator.py
[2025-12-21T07:12:16.463+0000] {logging_mixin.py:188} INFO - [2025-12-21T07:12:16.463+0000] {dag.py:3047} INFO - Sync 1 DAGs
[2025-12-21T07:12:16.486+0000] {logging_mixin.py:188} INFO - [2025-12-21T07:12:16.485+0000] {dag.py:3834} INFO - Setting next_dagrun for example_branch_operator to 2025-12-20 00:00:00+00:00, run_after=2025-12-21 00:00:00+00:00
[2025-12-21T07:12:16.506+0000] {processor.py:183} INFO - Processing /home/airflow/.local/lib/python3.8/site-packages/airflow/example_dags/example_branch_operator.py took 0.178 seconds
[2025-12-21T07:12:46.712+0000] {processor.py:161} INFO - Started process (PID=201) to work on /home/airflow/.local/lib/python3.8/site-packages/airflow/example_dags/example_branch_operator.py
[2025-12-21T07:12:46.713+0000] {processor.py:830} INFO - Processing file /home/airflow/.local/lib/python3.8/site-packages/airflow/example_dags/example_branch_operator.py for tasks to queue
[2025-12-21T07:12:46.717+0000] {logging_mixin.py:188} INFO - [2025-12-21T07:12:46.716+0000] {dagbag.py:540} INFO - Filling up the DagBag from /home/airflow/.local/lib/python3.8/site-packages/airflow/example_dags/example_branch_operator.py
[2025-12-21T07:12:46.740+0000] {processor.py:840} INFO - DAG(s) 'example_branch_operator' retrieved from /home/airflow/.local/lib/python3.8/site-packages/airflow/example_dags/example_branch_operator.py
[2025-12-21T07:12:46.777+0000] {logging_mixin.py:188} INFO - [2025-12-21T07:12:46.776+0000] {dag.py:3047} INFO - Sync 1 DAGs
[2025-12-21T07:12:46.811+0000] {logging_mixin.py:188} INFO - [2025-12-21T07:12:46.811+0000] {dag.py:3834} INFO - Setting next_dagrun for example_branch_operator to 2025-12-20 00:00:00+00:00, run_after=2025-12-21 00:00:00+00:00
[2025-12-21T07:12:46.843+0000] {processor.py:183} INFO - Processing /home/airflow/.local/lib/python3.8/site-packages/airflow/example_dags/example_branch_operator.py took 0.137 seconds
[2025-12-21T07:13:17.061+0000] {processor.py:161} INFO - Started process (PID=257) to work on /home/airflow/.local/lib/python3.8/site-packages/airflow/example_dags/example_branch_operator.py
[2025-12-21T07:13:17.064+0000] {processor.py:830} INFO - Processing file /home/airflow/.local/lib/python3.8/site-packages/airflow/example_dags/example_branch_operator.py for tasks to queue
[2025-12-21T07:13:17.066+0000] {logging_mixin.py:188} INFO - [2025-12-21T07:13:17.066+0000] {dagbag.py:540} INFO - Filling up the DagBag from /home/airflow/.local/lib/python3.8/site-packages/airflow/example_dags/example_branch_operator.py
[2025-12-21T07:13:17.088+0000] {processor.py:840} INFO - DAG(s) 'example_branch_operator' retrieved from /home/airflow/.local/lib/python3.8/site-packages/airflow/example_dags/example_branch_operator.py
[2025-12-21T07:13:17.124+0000] {logging_mixin.py:188} INFO - [2025-12-21T07:13:17.123+0000] {dag.py:3047} INFO - Sync 1 DAGs
[2025-12-21T07:13:17.162+0000] {logging_mixin.py:188} INFO - [2025-12-21T07:13:17.162+0000] {dag.py:3834} INFO - Setting next_dagrun for example_branch_operator to 2025-12-20 00:00:00+00:00, run_after=2025-12-21 00:00:00+00:00
[2025-12-21T07:13:17.203+0000] {processor.py:183} INFO - Processing /home/airflow/.local/lib/python3.8/site-packages/airflow/example_dags/example_branch_operator.py took 0.146 seconds
[2025-12-21T07:13:47.853+0000] {processor.py:161} INFO - Started process (PID=313) to work on /home/airflow/.local/lib/python3.8/site-packages/airflow/example_dags/example_branch_operator.py
[2025-12-21T07:13:47.854+0000] {processor.py:830} INFO - Processing file /home/airflow/.local/lib/python3.8/site-packages/airflow/example_dags/example_branch_operator.py for tasks to queue
[2025-12-21T07:13:47.857+0000] {logging_mixin.py:188} INFO - [2025-12-21T07:13:47.856+0000] {dagbag.py:540} INFO - Filling up the DagBag from /home/airflow/.local/lib/python3.8/site-packages/airflow/example_dags/example_branch_operator.py
[2025-12-21T07:13:47.874+0000] {processor.py:840} INFO - DAG(s) 'example_branch_operator' retrieved from /home/airflow/.local/lib/python3.8/site-packages/airflow/example_dags/example_branch_operator.py
[2025-12-21T07:13:47.904+0000] {logging_mixin.py:188} INFO - [2025-12-21T07:13:47.904+0000] {dag.py:3047} INFO - Sync 1 DAGs
[2025-12-21T07:13:47.927+0000] {logging_mixin.py:188} INFO - [2025-12-21T07:13:47.927+0000] {dag.py:3834} INFO - Setting next_dagrun for example_branch_operator to 2025-12-20 00:00:00+00:00, run_after=2025-12-21 00:00:00+00:00
[2025-12-21T07:13:47.947+0000] {processor.py:183} INFO - Processing /home/airflow/.local/lib/python3.8/site-packages/airflow/example_dags/example_branch_operator.py took 0.098 seconds
[2025-12-21T07:14:18.467+0000] {processor.py:161} INFO - Started process (PID=369) to work on /home/airflow/.local/lib/python3.8/site-packages/airflow/example_dags/example_branch_operator.py
[2025-12-21T07:14:18.469+0000] {processor.py:830} INFO - Processing file /home/airflow/.local/lib/python3.8/site-packages/airflow/example_dags/example_branch_operator.py for tasks to queue
[2025-12-21T07:14:18.471+0000] {logging_mixin.py:188} INFO - [2025-12-21T07:14:18.470+0000] {dagbag.py:540} INFO - Filling up the DagBag from /home/airflow/.local/lib/python3.8/site-packages/airflow/example_dags/example_branch_operator.py
[2025-12-21T07:14:18.489+0000] {processor.py:840} INFO - DAG(s) 'example_branch_operator' retrieved from /home/airflow/.local/lib/python3.8/site-packages/airflow/example_dags/example_branch_operator.py
[2025-12-21T07:14:18.517+0000] {logging_mixin.py:188} INFO - [2025-12-21T07:14:18.517+0000] {dag.py:3047} INFO - Sync 1 DAGs
[2025-12-21T07:14:18.540+0000] {logging_mixin.py:188} INFO - [2025-12-21T07:14:18.540+0000] {dag.py:3834} INFO - Setting next_dagrun for example_branch_operator to 2025-12-20 00:00:00+00:00, run_after=2025-12-21 00:00:00+00:00
[2025-12-21T07:14:18.562+0000] {processor.py:183} INFO - Processing /home/airflow/.local/lib/python3.8/site-packages/airflow/example_dags/example_branch_operator.py took 0.099 seconds
[2025-12-21T07:14:49.297+0000] {processor.py:161} INFO - Started process (PID=425) to work on /home/airflow/.local/lib/python3.8/site-packages/airflow/example_dags/example_branch_operator.py
[2025-12-21T07:14:49.299+0000] {processor.py:830} INFO - Processing file /home/airflow/.local/lib/python3.8/site-packages/airflow/example_dags/example_branch_operator.py for tasks to queue
[2025-12-21T07:14:49.302+0000] {logging_mixin.py:188} INFO - [2025-12-21T07:14:49.302+0000] {dagbag.py:540} INFO - Filling up the DagBag from /home/airflow/.local/lib/python3.8/site-packages/airflow/example_dags/example_branch_operator.py
[2025-12-21T07:14:49.322+0000] {processor.py:840} INFO - DAG(s) 'example_branch_operator' retrieved from /home/airflow/.local/lib/python3.8/site-packages/airflow/example_dags/example_branch_operator.py
[2025-12-21T07:14:49.355+0000] {logging_mixin.py:188} INFO - [2025-12-21T07:14:49.355+0000] {dag.py:3047} INFO - Sync 1 DAGs
[2025-12-21T07:14:49.379+0000] {logging_mixin.py:188} INFO - [2025-12-21T07:14:49.379+0000] {dag.py:3834} INFO - Setting next_dagrun for example_branch_operator to 2025-12-20 00:00:00+00:00, run_after=2025-12-21 00:00:00+00:00
[2025-12-21T07:14:49.402+0000] {processor.py:183} INFO - Processing /home/airflow/.local/lib/python3.8/site-packages/airflow/example_dags/example_branch_operator.py took 0.110 seconds
[2025-12-21T07:15:19.473+0000] {processor.py:161} INFO - Started process (PID=481) to work on /home/airflow/.local/lib/python3.8/site-packages/airflow/example_dags/example_branch_operator.py
[2025-12-21T07:15:19.474+0000] {processor.py:830} INFO - Processing file /home/airflow/.local/lib/python3.8/site-packages/airflow/example_dags/example_branch_operator.py for tasks to queue
[2025-12-21T07:15:19.476+0000] {logging_mixin.py:188} INFO - [2025-12-21T07:15:19.476+0000] {dagbag.py:540} INFO - Filling up the DagBag from /home/airflow/.local/lib/python3.8/site-packages/airflow/example_dags/example_branch_operator.py
[2025-12-21T07:15:19.498+0000] {processor.py:840} INFO - DAG(s) 'example_branch_operator' retrieved from /home/airflow/.local/lib/python3.8/site-packages/airflow/example_dags/example_branch_operator.py
[2025-12-21T07:15:19.525+0000] {logging_mixin.py:188} INFO - [2025-12-21T07:15:19.525+0000] {dag.py:3047} INFO - Sync 1 DAGs
[2025-12-21T07:15:19.550+0000] {logging_mixin.py:188} INFO - [2025-12-21T07:15:19.550+0000] {dag.py:3834} INFO - Setting next_dagrun for example_branch_operator to 2025-12-20 00:00:00+00:00, run_after=2025-12-21 00:00:00+00:00
[2025-12-21T07:15:19.572+0000] {processor.py:183} INFO - Processing /home/airflow/.local/lib/python3.8/site-packages/airflow/example_dags/example_branch_operator.py took 0.103 seconds
[2025-12-21T07:15:49.864+0000] {processor.py:161} INFO - Started process (PID=537) to work on /home/airflow/.local/lib/python3.8/site-packages/airflow/example_dags/example_branch_operator.py
[2025-12-21T07:15:49.866+0000] {processor.py:830} INFO - Processing file /home/airflow/.local/lib/python3.8/site-packages/airflow/example_dags/example_branch_operator.py for tasks to queue
[2025-12-21T07:15:49.868+0000] {logging_mixin.py:188} INFO - [2025-12-21T07:15:49.868+0000] {dagbag.py:540} INFO - Filling up the DagBag from /home/airflow/.local/lib/python3.8/site-packages/airflow/example_dags/example_branch_operator.py
[2025-12-21T07:15:49.885+0000] {processor.py:840} INFO - DAG(s) 'example_branch_operator' retrieved from /home/airflow/.local/lib/python3.8/site-packages/airflow/example_dags/example_branch_operator.py
[2025-12-21T07:15:49.915+0000] {logging_mixin.py:188} INFO - [2025-12-21T07:15:49.915+0000] {dag.py:3047} INFO - Sync 1 DAGs
[2025-12-21T07:15:49.938+0000] {logging_mixin.py:188} INFO - [2025-12-21T07:15:49.938+0000] {dag.py:3834} INFO - Setting next_dagrun for example_branch_operator to 2025-12-20 00:00:00+00:00, run_after=2025-12-21 00:00:00+00:00
[2025-12-21T07:15:49.959+0000] {processor.py:183} INFO - Processing /home/airflow/.local/lib/python3.8/site-packages/airflow/example_dags/example_branch_operator.py took 0.098 seconds
[2025-12-21T07:16:21.096+0000] {processor.py:161} INFO - Started process (PID=593) to work on /home/airflow/.local/lib/python3.8/site-packages/airflow/example_dags/example_branch_operator.py
[2025-12-21T07:16:21.097+0000] {processor.py:830} INFO - Processing file /home/airflow/.local/lib/python3.8/site-packages/airflow/example_dags/example_branch_operator.py for tasks to queue
[2025-12-21T07:16:21.100+0000] {logging_mixin.py:188} INFO - [2025-12-21T07:16:21.099+0000] {dagbag.py:540} INFO - Filling up the DagBag from /home/airflow/.local/lib/python3.8/site-packages/airflow/example_dags/example_branch_operator.py
[2025-12-21T07:16:21.120+0000] {processor.py:840} INFO - DAG(s) 'example_branch_operator' retrieved from /home/airflow/.local/lib/python3.8/site-packages/airflow/example_dags/example_branch_operator.py
[2025-12-21T07:16:21.157+0000] {logging_mixin.py:188} INFO - [2025-12-21T07:16:21.157+0000] {dag.py:3047} INFO - Sync 1 DAGs
[2025-12-21T07:16:21.184+0000] {logging_mixin.py:188} INFO - [2025-12-21T07:16:21.184+0000] {dag.py:3834} INFO - Setting next_dagrun for example_branch_operator to 2025-12-20 00:00:00+00:00, run_after=2025-12-21 00:00:00+00:00
[2025-12-21T07:16:21.210+0000] {processor.py:183} INFO - Processing /home/airflow/.local/lib/python3.8/site-packages/airflow/example_dags/example_branch_operator.py took 0.118 seconds
[2025-12-21T07:16:51.906+0000] {processor.py:161} INFO - Started process (PID=649) to work on /home/airflow/.local/lib/python3.8/site-packages/airflow/example_dags/example_branch_operator.py
[2025-12-21T07:16:51.908+0000] {processor.py:830} INFO - Processing file /home/airflow/.local/lib/python3.8/site-packages/airflow/example_dags/example_branch_operator.py for tasks to queue
[2025-12-21T07:16:51.910+0000] {logging_mixin.py:188} INFO - [2025-12-21T07:16:51.910+0000] {dagbag.py:540} INFO - Filling up the DagBag from /home/airflow/.local/lib/python3.8/site-packages/airflow/example_dags/example_branch_operator.py
[2025-12-21T07:16:51.929+0000] {processor.py:840} INFO - DAG(s) 'example_branch_operator' retrieved from /home/airflow/.local/lib/python3.8/site-packages/airflow/example_dags/example_branch_operator.py
[2025-12-21T07:16:51.960+0000] {logging_mixin.py:188} INFO - [2025-12-21T07:16:51.960+0000] {dag.py:3047} INFO - Sync 1 DAGs
[2025-12-21T07:16:51.987+0000] {logging_mixin.py:188} INFO - [2025-12-21T07:16:51.987+0000] {dag.py:3834} INFO - Setting next_dagrun for example_branch_operator to 2025-12-20 00:00:00+00:00, run_after=2025-12-21 00:00:00+00:00
[2025-12-21T07:16:52.011+0000] {processor.py:183} INFO - Processing /home/airflow/.local/lib/python3.8/site-packages/airflow/example_dags/example_branch_operator.py took 0.108 seconds
[2025-12-21T07:17:22.116+0000] {processor.py:161} INFO - Started process (PID=705) to work on /home/airflow/.local/lib/python3.8/site-packages/airflow/example_dags/example_branch_operator.py
[2025-12-21T07:17:22.118+0000] {processor.py:830} INFO - Processing file /home/airflow/.local/lib/python3.8/site-packages/airflow/example_dags/example_branch_operator.py for tasks to queue
[2025-12-21T07:17:22.120+0000] {logging_mixin.py:188} INFO - [2025-12-21T07:17:22.120+0000] {dagbag.py:540} INFO - Filling up the DagBag from /home/airflow/.local/lib/python3.8/site-packages/airflow/example_dags/example_branch_operator.py
[2025-12-21T07:17:22.136+0000] {processor.py:840} INFO - DAG(s) 'example_branch_operator' retrieved from /home/airflow/.local/lib/python3.8/site-packages/airflow/example_dags/example_branch_operator.py
[2025-12-21T07:17:22.164+0000] {logging_mixin.py:188} INFO - [2025-12-21T07:17:22.164+0000] {dag.py:3047} INFO - Sync 1 DAGs
[2025-12-21T07:17:22.187+0000] {logging_mixin.py:188} INFO - [2025-12-21T07:17:22.186+0000] {dag.py:3834} INFO - Setting next_dagrun for example_branch_operator to 2025-12-20 00:00:00+00:00, run_after=2025-12-21 00:00:00+00:00
[2025-12-21T07:17:22.205+0000] {processor.py:183} INFO - Processing /home/airflow/.local/lib/python3.8/site-packages/airflow/example_dags/example_branch_operator.py took 0.092 seconds
[2025-12-21T07:17:52.265+0000] {processor.py:161} INFO - Started process (PID=762) to work on /home/airflow/.local/lib/python3.8/site-packages/airflow/example_dags/example_branch_operator.py
[2025-12-21T07:17:52.267+0000] {processor.py:830} INFO - Processing file /home/airflow/.local/lib/python3.8/site-packages/airflow/example_dags/example_branch_operator.py for tasks to queue
[2025-12-21T07:17:52.270+0000] {logging_mixin.py:188} INFO - [2025-12-21T07:17:52.269+0000] {dagbag.py:540} INFO - Filling up the DagBag from /home/airflow/.local/lib/python3.8/site-packages/airflow/example_dags/example_branch_operator.py
[2025-12-21T07:17:52.292+0000] {processor.py:840} INFO - DAG(s) 'example_branch_operator' retrieved from /home/airflow/.local/lib/python3.8/site-packages/airflow/example_dags/example_branch_operator.py
[2025-12-21T07:17:52.323+0000] {logging_mixin.py:188} INFO - [2025-12-21T07:17:52.323+0000] {dag.py:3047} INFO - Sync 1 DAGs
[2025-12-21T07:17:52.345+0000] {logging_mixin.py:188} INFO - [2025-12-21T07:17:52.345+0000] {dag.py:3834} INFO - Setting next_dagrun for example_branch_operator to 2025-12-20 00:00:00+00:00, run_after=2025-12-21 00:00:00+00:00
[2025-12-21T07:17:52.364+0000] {processor.py:183} INFO - Processing /home/airflow/.local/lib/python3.8/site-packages/airflow/example_dags/example_branch_operator.py took 0.103 seconds
[2025-12-21T07:18:23.082+0000] {processor.py:161} INFO - Started process (PID=818) to work on /home/airflow/.local/lib/python3.8/site-packages/airflow/example_dags/example_branch_operator.py
[2025-12-21T07:18:23.083+0000] {processor.py:830} INFO - Processing file /home/airflow/.local/lib/python3.8/site-packages/airflow/example_dags/example_branch_operator.py for tasks to queue
[2025-12-21T07:18:23.086+0000] {logging_mixin.py:188} INFO - [2025-12-21T07:18:23.086+0000] {dagbag.py:540} INFO - Filling up the DagBag from /home/airflow/.local/lib/python3.8/site-packages/airflow/example_dags/example_branch_operator.py
[2025-12-21T07:18:23.104+0000] {processor.py:840} INFO - DAG(s) 'example_branch_operator' retrieved from /home/airflow/.local/lib/python3.8/site-packages/airflow/example_dags/example_branch_operator.py
[2025-12-21T07:18:23.138+0000] {logging_mixin.py:188} INFO - [2025-12-21T07:18:23.138+0000] {dag.py:3047} INFO - Sync 1 DAGs
[2025-12-21T07:18:23.168+0000] {logging_mixin.py:188} INFO - [2025-12-21T07:18:23.167+0000] {dag.py:3834} INFO - Setting next_dagrun for example_branch_operator to 2025-12-20 00:00:00+00:00, run_after=2025-12-21 00:00:00+00:00
[2025-12-21T07:18:23.192+0000] {processor.py:183} INFO - Processing /home/airflow/.local/lib/python3.8/site-packages/airflow/example_dags/example_branch_operator.py took 0.115 seconds
[2025-12-21T07:18:54.143+0000] {processor.py:161} INFO - Started process (PID=874) to work on /home/airflow/.local/lib/python3.8/site-packages/airflow/example_dags/example_branch_operator.py
[2025-12-21T07:18:54.144+0000] {processor.py:830} INFO - Processing file /home/airflow/.local/lib/python3.8/site-packages/airflow/example_dags/example_branch_operator.py for tasks to queue
[2025-12-21T07:18:54.147+0000] {logging_mixin.py:188} INFO - [2025-12-21T07:18:54.147+0000] {dagbag.py:540} INFO - Filling up the DagBag from /home/airflow/.local/lib/python3.8/site-packages/airflow/example_dags/example_branch_operator.py
[2025-12-21T07:18:54.163+0000] {processor.py:840} INFO - DAG(s) 'example_branch_operator' retrieved from /home/airflow/.local/lib/python3.8/site-packages/airflow/example_dags/example_branch_operator.py
[2025-12-21T07:18:54.192+0000] {logging_mixin.py:188} INFO - [2025-12-21T07:18:54.191+0000] {dag.py:3047} INFO - Sync 1 DAGs
[2025-12-21T07:18:54.215+0000] {logging_mixin.py:188} INFO - [2025-12-21T07:18:54.215+0000] {dag.py:3834} INFO - Setting next_dagrun for example_branch_operator to 2025-12-20 00:00:00+00:00, run_after=2025-12-21 00:00:00+00:00
[2025-12-21T07:18:54.236+0000] {processor.py:183} INFO - Processing /home/airflow/.local/lib/python3.8/site-packages/airflow/example_dags/example_branch_operator.py took 0.096 seconds
[2025-12-21T07:19:26.628+0000] {processor.py:161} INFO - Started process (PID=930) to work on /home/airflow/.local/lib/python3.8/site-packages/airflow/example_dags/example_branch_operator.py
[2025-12-21T07:19:26.629+0000] {processor.py:830} INFO - Processing file /home/airflow/.local/lib/python3.8/site-packages/airflow/example_dags/example_branch_operator.py for tasks to queue
[2025-12-21T07:19:26.632+0000] {logging_mixin.py:188} INFO - [2025-12-21T07:19:26.632+0000] {dagbag.py:540} INFO - Filling up the DagBag from /home/airflow/.local/lib/python3.8/site-packages/airflow/example_dags/example_branch_operator.py
[2025-12-21T07:19:26.651+0000] {processor.py:840} INFO - DAG(s) 'example_branch_operator' retrieved from /home/airflow/.local/lib/python3.8/site-packages/airflow/example_dags/example_branch_operator.py
[2025-12-21T07:19:26.681+0000] {logging_mixin.py:188} INFO - [2025-12-21T07:19:26.681+0000] {dag.py:3047} INFO - Sync 1 DAGs
[2025-12-21T07:19:26.706+0000] {logging_mixin.py:188} INFO - [2025-12-21T07:19:26.705+0000] {dag.py:3834} INFO - Setting next_dagrun for example_branch_operator to 2025-12-20 00:00:00+00:00, run_after=2025-12-21 00:00:00+00:00
[2025-12-21T07:19:26.741+0000] {processor.py:183} INFO - Processing /home/airflow/.local/lib/python3.8/site-packages/airflow/example_dags/example_branch_operator.py took 0.119 seconds
[2025-12-21T07:19:57.416+0000] {processor.py:161} INFO - Started process (PID=987) to work on /home/airflow/.local/lib/python3.8/site-packages/airflow/example_dags/example_branch_operator.py
[2025-12-21T07:19:57.418+0000] {processor.py:830} INFO - Processing file /home/airflow/.local/lib/python3.8/site-packages/airflow/example_dags/example_branch_operator.py for tasks to queue
[2025-12-21T07:19:57.428+0000] {logging_mixin.py:188} INFO - [2025-12-21T07:19:57.427+0000] {dagbag.py:540} INFO - Filling up the DagBag from /home/airflow/.local/lib/python3.8/site-packages/airflow/example_dags/example_branch_operator.py
[2025-12-21T07:19:57.485+0000] {processor.py:840} INFO - DAG(s) 'example_branch_operator' retrieved from /home/airflow/.local/lib/python3.8/site-packages/airflow/example_dags/example_branch_operator.py
[2025-12-21T07:19:57.569+0000] {logging_mixin.py:188} INFO - [2025-12-21T07:19:57.569+0000] {dag.py:3047} INFO - Sync 1 DAGs
[2025-12-21T07:19:57.622+0000] {logging_mixin.py:188} INFO - [2025-12-21T07:19:57.621+0000] {dag.py:3834} INFO - Setting next_dagrun for example_branch_operator to 2025-12-20 00:00:00+00:00, run_after=2025-12-21 00:00:00+00:00
[2025-12-21T07:19:57.661+0000] {processor.py:183} INFO - Processing /home/airflow/.local/lib/python3.8/site-packages/airflow/example_dags/example_branch_operator.py took 0.252 seconds
[2025-12-21T07:20:41.219+0000] {processor.py:161} INFO - Started process (PID=78) to work on /home/airflow/.local/lib/python3.8/site-packages/airflow/example_dags/example_branch_operator.py
[2025-12-21T07:20:41.220+0000] {processor.py:830} INFO - Processing file /home/airflow/.local/lib/python3.8/site-packages/airflow/example_dags/example_branch_operator.py for tasks to queue
[2025-12-21T07:20:41.223+0000] {logging_mixin.py:188} INFO - [2025-12-21T07:20:41.222+0000] {dagbag.py:540} INFO - Filling up the DagBag from /home/airflow/.local/lib/python3.8/site-packages/airflow/example_dags/example_branch_operator.py
[2025-12-21T07:20:41.242+0000] {processor.py:840} INFO - DAG(s) 'example_branch_operator' retrieved from /home/airflow/.local/lib/python3.8/site-packages/airflow/example_dags/example_branch_operator.py
[2025-12-21T07:20:41.313+0000] {logging_mixin.py:188} INFO - [2025-12-21T07:20:41.313+0000] {dag.py:3047} INFO - Sync 1 DAGs
[2025-12-21T07:20:41.335+0000] {logging_mixin.py:188} INFO - [2025-12-21T07:20:41.334+0000] {dag.py:3834} INFO - Setting next_dagrun for example_branch_operator to 2025-12-20 00:00:00+00:00, run_after=2025-12-21 00:00:00+00:00
[2025-12-21T07:20:41.367+0000] {processor.py:183} INFO - Processing /home/airflow/.local/lib/python3.8/site-packages/airflow/example_dags/example_branch_operator.py took 0.200 seconds
[2025-12-21T07:21:11.448+0000] {processor.py:161} INFO - Started process (PID=134) to work on /home/airflow/.local/lib/python3.8/site-packages/airflow/example_dags/example_branch_operator.py
[2025-12-21T07:21:11.453+0000] {processor.py:830} INFO - Processing file /home/airflow/.local/lib/python3.8/site-packages/airflow/example_dags/example_branch_operator.py for tasks to queue
[2025-12-21T07:21:11.456+0000] {logging_mixin.py:188} INFO - [2025-12-21T07:21:11.455+0000] {dagbag.py:540} INFO - Filling up the DagBag from /home/airflow/.local/lib/python3.8/site-packages/airflow/example_dags/example_branch_operator.py
[2025-12-21T07:21:11.486+0000] {processor.py:840} INFO - DAG(s) 'example_branch_operator' retrieved from /home/airflow/.local/lib/python3.8/site-packages/airflow/example_dags/example_branch_operator.py
[2025-12-21T07:21:11.526+0000] {logging_mixin.py:188} INFO - [2025-12-21T07:21:11.526+0000] {dag.py:3047} INFO - Sync 1 DAGs
[2025-12-21T07:21:11.557+0000] {logging_mixin.py:188} INFO - [2025-12-21T07:21:11.557+0000] {dag.py:3834} INFO - Setting next_dagrun for example_branch_operator to 2025-12-20 00:00:00+00:00, run_after=2025-12-21 00:00:00+00:00
[2025-12-21T07:21:11.584+0000] {processor.py:183} INFO - Processing /home/airflow/.local/lib/python3.8/site-packages/airflow/example_dags/example_branch_operator.py took 0.142 seconds
[2025-12-21T07:22:22.378+0000] {processor.py:161} INFO - Started process (PID=91) to work on /home/airflow/.local/lib/python3.8/site-packages/airflow/example_dags/example_branch_operator.py
[2025-12-21T07:22:22.383+0000] {processor.py:830} INFO - Processing file /home/airflow/.local/lib/python3.8/site-packages/airflow/example_dags/example_branch_operator.py for tasks to queue
[2025-12-21T07:22:22.389+0000] {logging_mixin.py:188} INFO - [2025-12-21T07:22:22.388+0000] {dagbag.py:540} INFO - Filling up the DagBag from /home/airflow/.local/lib/python3.8/site-packages/airflow/example_dags/example_branch_operator.py
[2025-12-21T07:22:22.431+0000] {processor.py:840} INFO - DAG(s) 'example_branch_operator' retrieved from /home/airflow/.local/lib/python3.8/site-packages/airflow/example_dags/example_branch_operator.py
[2025-12-21T07:22:22.454+0000] {logging_mixin.py:188} INFO - [2025-12-21T07:22:22.454+0000] {dag.py:3047} INFO - Sync 1 DAGs
[2025-12-21T07:22:22.489+0000] {logging_mixin.py:188} INFO - [2025-12-21T07:22:22.488+0000] {dag.py:3834} INFO - Setting next_dagrun for example_branch_operator to 2025-12-20 00:00:00+00:00, run_after=2025-12-21 00:00:00+00:00
[2025-12-21T07:22:22.540+0000] {processor.py:183} INFO - Processing /home/airflow/.local/lib/python3.8/site-packages/airflow/example_dags/example_branch_operator.py took 0.170 seconds
[2025-12-21T07:22:53.777+0000] {processor.py:161} INFO - Started process (PID=148) to work on /home/airflow/.local/lib/python3.8/site-packages/airflow/example_dags/example_branch_operator.py
[2025-12-21T07:22:53.779+0000] {processor.py:830} INFO - Processing file /home/airflow/.local/lib/python3.8/site-packages/airflow/example_dags/example_branch_operator.py for tasks to queue
[2025-12-21T07:22:53.781+0000] {logging_mixin.py:188} INFO - [2025-12-21T07:22:53.781+0000] {dagbag.py:540} INFO - Filling up the DagBag from /home/airflow/.local/lib/python3.8/site-packages/airflow/example_dags/example_branch_operator.py
[2025-12-21T07:22:53.799+0000] {processor.py:840} INFO - DAG(s) 'example_branch_operator' retrieved from /home/airflow/.local/lib/python3.8/site-packages/airflow/example_dags/example_branch_operator.py
[2025-12-21T07:22:53.897+0000] {logging_mixin.py:188} INFO - [2025-12-21T07:22:53.897+0000] {dag.py:3047} INFO - Sync 1 DAGs
[2025-12-21T07:22:53.921+0000] {logging_mixin.py:188} INFO - [2025-12-21T07:22:53.921+0000] {dag.py:3834} INFO - Setting next_dagrun for example_branch_operator to 2025-12-20 00:00:00+00:00, run_after=2025-12-21 00:00:00+00:00
[2025-12-21T07:22:53.942+0000] {processor.py:183} INFO - Processing /home/airflow/.local/lib/python3.8/site-packages/airflow/example_dags/example_branch_operator.py took 0.169 seconds
[2025-12-21T07:28:33.226+0000] {processor.py:161} INFO - Started process (PID=93) to work on /home/airflow/.local/lib/python3.8/site-packages/airflow/example_dags/example_branch_operator.py
[2025-12-21T07:28:33.235+0000] {processor.py:830} INFO - Processing file /home/airflow/.local/lib/python3.8/site-packages/airflow/example_dags/example_branch_operator.py for tasks to queue
[2025-12-21T07:28:33.240+0000] {logging_mixin.py:188} INFO - [2025-12-21T07:28:33.239+0000] {dagbag.py:540} INFO - Filling up the DagBag from /home/airflow/.local/lib/python3.8/site-packages/airflow/example_dags/example_branch_operator.py
[2025-12-21T07:28:33.274+0000] {processor.py:840} INFO - DAG(s) 'example_branch_operator' retrieved from /home/airflow/.local/lib/python3.8/site-packages/airflow/example_dags/example_branch_operator.py
[2025-12-21T07:28:33.304+0000] {logging_mixin.py:188} INFO - [2025-12-21T07:28:33.303+0000] {dag.py:3047} INFO - Sync 1 DAGs
[2025-12-21T07:28:33.341+0000] {logging_mixin.py:188} INFO - [2025-12-21T07:28:33.341+0000] {dag.py:3834} INFO - Setting next_dagrun for example_branch_operator to 2025-12-20 00:00:00+00:00, run_after=2025-12-21 00:00:00+00:00
[2025-12-21T07:28:33.374+0000] {processor.py:183} INFO - Processing /home/airflow/.local/lib/python3.8/site-packages/airflow/example_dags/example_branch_operator.py took 0.167 seconds
[2025-12-21T07:29:03.456+0000] {processor.py:161} INFO - Started process (PID=149) to work on /home/airflow/.local/lib/python3.8/site-packages/airflow/example_dags/example_branch_operator.py
[2025-12-21T07:29:03.457+0000] {processor.py:830} INFO - Processing file /home/airflow/.local/lib/python3.8/site-packages/airflow/example_dags/example_branch_operator.py for tasks to queue
[2025-12-21T07:29:03.459+0000] {logging_mixin.py:188} INFO - [2025-12-21T07:29:03.459+0000] {dagbag.py:540} INFO - Filling up the DagBag from /home/airflow/.local/lib/python3.8/site-packages/airflow/example_dags/example_branch_operator.py
[2025-12-21T07:29:03.479+0000] {processor.py:840} INFO - DAG(s) 'example_branch_operator' retrieved from /home/airflow/.local/lib/python3.8/site-packages/airflow/example_dags/example_branch_operator.py
[2025-12-21T07:29:03.585+0000] {logging_mixin.py:188} INFO - [2025-12-21T07:29:03.585+0000] {dag.py:3047} INFO - Sync 1 DAGs
[2025-12-21T07:29:03.607+0000] {logging_mixin.py:188} INFO - [2025-12-21T07:29:03.607+0000] {dag.py:3834} INFO - Setting next_dagrun for example_branch_operator to 2025-12-20 00:00:00+00:00, run_after=2025-12-21 00:00:00+00:00
[2025-12-21T07:29:03.630+0000] {processor.py:183} INFO - Processing /home/airflow/.local/lib/python3.8/site-packages/airflow/example_dags/example_branch_operator.py took 0.178 seconds
[2025-12-21T07:29:34.153+0000] {processor.py:161} INFO - Started process (PID=205) to work on /home/airflow/.local/lib/python3.8/site-packages/airflow/example_dags/example_branch_operator.py
[2025-12-21T07:29:34.155+0000] {processor.py:830} INFO - Processing file /home/airflow/.local/lib/python3.8/site-packages/airflow/example_dags/example_branch_operator.py for tasks to queue
[2025-12-21T07:29:34.157+0000] {logging_mixin.py:188} INFO - [2025-12-21T07:29:34.157+0000] {dagbag.py:540} INFO - Filling up the DagBag from /home/airflow/.local/lib/python3.8/site-packages/airflow/example_dags/example_branch_operator.py
[2025-12-21T07:29:34.180+0000] {processor.py:840} INFO - DAG(s) 'example_branch_operator' retrieved from /home/airflow/.local/lib/python3.8/site-packages/airflow/example_dags/example_branch_operator.py
[2025-12-21T07:29:34.223+0000] {logging_mixin.py:188} INFO - [2025-12-21T07:29:34.222+0000] {dag.py:3047} INFO - Sync 1 DAGs
[2025-12-21T07:29:34.252+0000] {logging_mixin.py:188} INFO - [2025-12-21T07:29:34.252+0000] {dag.py:3834} INFO - Setting next_dagrun for example_branch_operator to 2025-12-20 00:00:00+00:00, run_after=2025-12-21 00:00:00+00:00
[2025-12-21T07:29:34.281+0000] {processor.py:183} INFO - Processing /home/airflow/.local/lib/python3.8/site-packages/airflow/example_dags/example_branch_operator.py took 0.131 seconds
[2025-12-21T07:30:04.428+0000] {processor.py:161} INFO - Started process (PID=260) to work on /home/airflow/.local/lib/python3.8/site-packages/airflow/example_dags/example_branch_operator.py
[2025-12-21T07:30:04.430+0000] {processor.py:830} INFO - Processing file /home/airflow/.local/lib/python3.8/site-packages/airflow/example_dags/example_branch_operator.py for tasks to queue
[2025-12-21T07:30:04.432+0000] {logging_mixin.py:188} INFO - [2025-12-21T07:30:04.432+0000] {dagbag.py:540} INFO - Filling up the DagBag from /home/airflow/.local/lib/python3.8/site-packages/airflow/example_dags/example_branch_operator.py
[2025-12-21T07:30:04.449+0000] {processor.py:840} INFO - DAG(s) 'example_branch_operator' retrieved from /home/airflow/.local/lib/python3.8/site-packages/airflow/example_dags/example_branch_operator.py
[2025-12-21T07:30:04.479+0000] {logging_mixin.py:188} INFO - [2025-12-21T07:30:04.478+0000] {dag.py:3047} INFO - Sync 1 DAGs
[2025-12-21T07:30:04.502+0000] {logging_mixin.py:188} INFO - [2025-12-21T07:30:04.502+0000] {dag.py:3834} INFO - Setting next_dagrun for example_branch_operator to 2025-12-20 00:00:00+00:00, run_after=2025-12-21 00:00:00+00:00
[2025-12-21T07:30:04.523+0000] {processor.py:183} INFO - Processing /home/airflow/.local/lib/python3.8/site-packages/airflow/example_dags/example_branch_operator.py took 0.099 seconds
[2025-12-21T07:30:34.740+0000] {processor.py:161} INFO - Started process (PID=316) to work on /home/airflow/.local/lib/python3.8/site-packages/airflow/example_dags/example_branch_operator.py
[2025-12-21T07:30:34.742+0000] {processor.py:830} INFO - Processing file /home/airflow/.local/lib/python3.8/site-packages/airflow/example_dags/example_branch_operator.py for tasks to queue
[2025-12-21T07:30:34.745+0000] {logging_mixin.py:188} INFO - [2025-12-21T07:30:34.744+0000] {dagbag.py:540} INFO - Filling up the DagBag from /home/airflow/.local/lib/python3.8/site-packages/airflow/example_dags/example_branch_operator.py
[2025-12-21T07:30:34.768+0000] {processor.py:840} INFO - DAG(s) 'example_branch_operator' retrieved from /home/airflow/.local/lib/python3.8/site-packages/airflow/example_dags/example_branch_operator.py
[2025-12-21T07:30:34.810+0000] {logging_mixin.py:188} INFO - [2025-12-21T07:30:34.810+0000] {dag.py:3047} INFO - Sync 1 DAGs
[2025-12-21T07:30:34.842+0000] {logging_mixin.py:188} INFO - [2025-12-21T07:30:34.842+0000] {dag.py:3834} INFO - Setting next_dagrun for example_branch_operator to 2025-12-20 00:00:00+00:00, run_after=2025-12-21 00:00:00+00:00
[2025-12-21T07:30:34.867+0000] {processor.py:183} INFO - Processing /home/airflow/.local/lib/python3.8/site-packages/airflow/example_dags/example_branch_operator.py took 0.133 seconds
[2025-12-21T07:31:05.074+0000] {processor.py:161} INFO - Started process (PID=372) to work on /home/airflow/.local/lib/python3.8/site-packages/airflow/example_dags/example_branch_operator.py
[2025-12-21T07:31:05.076+0000] {processor.py:830} INFO - Processing file /home/airflow/.local/lib/python3.8/site-packages/airflow/example_dags/example_branch_operator.py for tasks to queue
[2025-12-21T07:31:05.079+0000] {logging_mixin.py:188} INFO - [2025-12-21T07:31:05.078+0000] {dagbag.py:540} INFO - Filling up the DagBag from /home/airflow/.local/lib/python3.8/site-packages/airflow/example_dags/example_branch_operator.py
[2025-12-21T07:31:05.099+0000] {processor.py:840} INFO - DAG(s) 'example_branch_operator' retrieved from /home/airflow/.local/lib/python3.8/site-packages/airflow/example_dags/example_branch_operator.py
[2025-12-21T07:31:05.131+0000] {logging_mixin.py:188} INFO - [2025-12-21T07:31:05.130+0000] {dag.py:3047} INFO - Sync 1 DAGs
[2025-12-21T07:31:05.160+0000] {logging_mixin.py:188} INFO - [2025-12-21T07:31:05.159+0000] {dag.py:3834} INFO - Setting next_dagrun for example_branch_operator to 2025-12-20 00:00:00+00:00, run_after=2025-12-21 00:00:00+00:00
[2025-12-21T07:31:05.182+0000] {processor.py:183} INFO - Processing /home/airflow/.local/lib/python3.8/site-packages/airflow/example_dags/example_branch_operator.py took 0.111 seconds
[2025-12-21T07:31:35.263+0000] {processor.py:161} INFO - Started process (PID=428) to work on /home/airflow/.local/lib/python3.8/site-packages/airflow/example_dags/example_branch_operator.py
[2025-12-21T07:31:35.265+0000] {processor.py:830} INFO - Processing file /home/airflow/.local/lib/python3.8/site-packages/airflow/example_dags/example_branch_operator.py for tasks to queue
[2025-12-21T07:31:35.267+0000] {logging_mixin.py:188} INFO - [2025-12-21T07:31:35.267+0000] {dagbag.py:540} INFO - Filling up the DagBag from /home/airflow/.local/lib/python3.8/site-packages/airflow/example_dags/example_branch_operator.py
[2025-12-21T07:31:35.298+0000] {processor.py:840} INFO - DAG(s) 'example_branch_operator' retrieved from /home/airflow/.local/lib/python3.8/site-packages/airflow/example_dags/example_branch_operator.py
[2025-12-21T07:31:35.337+0000] {logging_mixin.py:188} INFO - [2025-12-21T07:31:35.337+0000] {dag.py:3047} INFO - Sync 1 DAGs
[2025-12-21T07:31:35.373+0000] {logging_mixin.py:188} INFO - [2025-12-21T07:31:35.373+0000] {dag.py:3834} INFO - Setting next_dagrun for example_branch_operator to 2025-12-20 00:00:00+00:00, run_after=2025-12-21 00:00:00+00:00
[2025-12-21T07:31:35.396+0000] {processor.py:183} INFO - Processing /home/airflow/.local/lib/python3.8/site-packages/airflow/example_dags/example_branch_operator.py took 0.137 seconds
