[2025-12-21T06:58:35.144+0000] {processor.py:161} INFO - Started process (PID=53) to work on /home/airflow/.local/lib/python3.8/site-packages/airflow/example_dags/example_latest_only.py
[2025-12-21T06:58:35.150+0000] {processor.py:830} INFO - Processing file /home/airflow/.local/lib/python3.8/site-packages/airflow/example_dags/example_latest_only.py for tasks to queue
[2025-12-21T06:58:35.165+0000] {logging_mixin.py:188} INFO - [2025-12-21T06:58:35.164+0000] {dagbag.py:540} INFO - Filling up the DagBag from /home/airflow/.local/lib/python3.8/site-packages/airflow/example_dags/example_latest_only.py
[2025-12-21T06:58:35.224+0000] {processor.py:840} INFO - DAG(s) 'latest_only' retrieved from /home/airflow/.local/lib/python3.8/site-packages/airflow/example_dags/example_latest_only.py
[2025-12-21T06:58:35.275+0000] {logging_mixin.py:188} INFO - [2025-12-21T06:58:35.273+0000] {dag.py:3047} INFO - Sync 1 DAGs
[2025-12-21T06:58:35.341+0000] {logging_mixin.py:188} INFO - [2025-12-21T06:58:35.340+0000] {dag.py:3834} INFO - Setting next_dagrun for latest_only to 2025-12-21 00:00:00+00:00, run_after=2025-12-21 04:00:00+00:00
[2025-12-21T06:58:35.482+0000] {processor.py:183} INFO - Processing /home/airflow/.local/lib/python3.8/site-packages/airflow/example_dags/example_latest_only.py took 0.350 seconds
[2025-12-21T06:58:51.130+0000] {processor.py:161} INFO - Started process (PID=49) to work on /home/airflow/.local/lib/python3.8/site-packages/airflow/example_dags/example_latest_only.py
[2025-12-21T06:58:51.132+0000] {processor.py:830} INFO - Processing file /home/airflow/.local/lib/python3.8/site-packages/airflow/example_dags/example_latest_only.py for tasks to queue
[2025-12-21T06:58:51.134+0000] {logging_mixin.py:188} INFO - [2025-12-21T06:58:51.134+0000] {dagbag.py:540} INFO - Filling up the DagBag from /home/airflow/.local/lib/python3.8/site-packages/airflow/example_dags/example_latest_only.py
[2025-12-21T06:58:51.146+0000] {processor.py:840} INFO - DAG(s) 'latest_only' retrieved from /home/airflow/.local/lib/python3.8/site-packages/airflow/example_dags/example_latest_only.py
[2025-12-21T06:58:51.270+0000] {logging_mixin.py:188} INFO - [2025-12-21T06:58:51.269+0000] {dag.py:3047} INFO - Sync 1 DAGs
[2025-12-21T06:58:51.290+0000] {logging_mixin.py:188} INFO - [2025-12-21T06:58:51.290+0000] {dag.py:3834} INFO - Setting next_dagrun for latest_only to 2025-12-21 00:00:00+00:00, run_after=2025-12-21 04:00:00+00:00
[2025-12-21T06:58:51.312+0000] {processor.py:183} INFO - Processing /home/airflow/.local/lib/python3.8/site-packages/airflow/example_dags/example_latest_only.py took 0.185 seconds
[2025-12-21T06:59:21.569+0000] {processor.py:161} INFO - Started process (PID=105) to work on /home/airflow/.local/lib/python3.8/site-packages/airflow/example_dags/example_latest_only.py
[2025-12-21T06:59:21.571+0000] {processor.py:830} INFO - Processing file /home/airflow/.local/lib/python3.8/site-packages/airflow/example_dags/example_latest_only.py for tasks to queue
[2025-12-21T06:59:21.574+0000] {logging_mixin.py:188} INFO - [2025-12-21T06:59:21.573+0000] {dagbag.py:540} INFO - Filling up the DagBag from /home/airflow/.local/lib/python3.8/site-packages/airflow/example_dags/example_latest_only.py
[2025-12-21T06:59:21.579+0000] {processor.py:840} INFO - DAG(s) 'latest_only' retrieved from /home/airflow/.local/lib/python3.8/site-packages/airflow/example_dags/example_latest_only.py
[2025-12-21T06:59:21.606+0000] {logging_mixin.py:188} INFO - [2025-12-21T06:59:21.605+0000] {dag.py:3047} INFO - Sync 1 DAGs
[2025-12-21T06:59:21.630+0000] {logging_mixin.py:188} INFO - [2025-12-21T06:59:21.630+0000] {dag.py:3834} INFO - Setting next_dagrun for latest_only to 2025-12-21 00:00:00+00:00, run_after=2025-12-21 04:00:00+00:00
[2025-12-21T06:59:21.659+0000] {processor.py:183} INFO - Processing /home/airflow/.local/lib/python3.8/site-packages/airflow/example_dags/example_latest_only.py took 0.095 seconds
[2025-12-21T06:59:51.815+0000] {processor.py:161} INFO - Started process (PID=161) to work on /home/airflow/.local/lib/python3.8/site-packages/airflow/example_dags/example_latest_only.py
[2025-12-21T06:59:51.817+0000] {processor.py:830} INFO - Processing file /home/airflow/.local/lib/python3.8/site-packages/airflow/example_dags/example_latest_only.py for tasks to queue
[2025-12-21T06:59:51.820+0000] {logging_mixin.py:188} INFO - [2025-12-21T06:59:51.819+0000] {dagbag.py:540} INFO - Filling up the DagBag from /home/airflow/.local/lib/python3.8/site-packages/airflow/example_dags/example_latest_only.py
[2025-12-21T06:59:51.826+0000] {processor.py:840} INFO - DAG(s) 'latest_only' retrieved from /home/airflow/.local/lib/python3.8/site-packages/airflow/example_dags/example_latest_only.py
[2025-12-21T06:59:51.855+0000] {logging_mixin.py:188} INFO - [2025-12-21T06:59:51.854+0000] {dag.py:3047} INFO - Sync 1 DAGs
[2025-12-21T06:59:51.883+0000] {logging_mixin.py:188} INFO - [2025-12-21T06:59:51.882+0000] {dag.py:3834} INFO - Setting next_dagrun for latest_only to 2025-12-21 00:00:00+00:00, run_after=2025-12-21 04:00:00+00:00
[2025-12-21T06:59:51.907+0000] {processor.py:183} INFO - Processing /home/airflow/.local/lib/python3.8/site-packages/airflow/example_dags/example_latest_only.py took 0.095 seconds
[2025-12-21T07:00:22.154+0000] {processor.py:161} INFO - Started process (PID=217) to work on /home/airflow/.local/lib/python3.8/site-packages/airflow/example_dags/example_latest_only.py
[2025-12-21T07:00:22.155+0000] {processor.py:830} INFO - Processing file /home/airflow/.local/lib/python3.8/site-packages/airflow/example_dags/example_latest_only.py for tasks to queue
[2025-12-21T07:00:22.159+0000] {logging_mixin.py:188} INFO - [2025-12-21T07:00:22.158+0000] {dagbag.py:540} INFO - Filling up the DagBag from /home/airflow/.local/lib/python3.8/site-packages/airflow/example_dags/example_latest_only.py
[2025-12-21T07:00:22.165+0000] {processor.py:840} INFO - DAG(s) 'latest_only' retrieved from /home/airflow/.local/lib/python3.8/site-packages/airflow/example_dags/example_latest_only.py
[2025-12-21T07:00:22.198+0000] {logging_mixin.py:188} INFO - [2025-12-21T07:00:22.197+0000] {dag.py:3047} INFO - Sync 1 DAGs
[2025-12-21T07:00:22.225+0000] {logging_mixin.py:188} INFO - [2025-12-21T07:00:22.224+0000] {dag.py:3834} INFO - Setting next_dagrun for latest_only to 2025-12-21 00:00:00+00:00, run_after=2025-12-21 04:00:00+00:00
[2025-12-21T07:00:22.249+0000] {processor.py:183} INFO - Processing /home/airflow/.local/lib/python3.8/site-packages/airflow/example_dags/example_latest_only.py took 0.099 seconds
[2025-12-21T07:00:52.572+0000] {processor.py:161} INFO - Started process (PID=273) to work on /home/airflow/.local/lib/python3.8/site-packages/airflow/example_dags/example_latest_only.py
[2025-12-21T07:00:52.575+0000] {processor.py:830} INFO - Processing file /home/airflow/.local/lib/python3.8/site-packages/airflow/example_dags/example_latest_only.py for tasks to queue
[2025-12-21T07:00:52.580+0000] {logging_mixin.py:188} INFO - [2025-12-21T07:00:52.579+0000] {dagbag.py:540} INFO - Filling up the DagBag from /home/airflow/.local/lib/python3.8/site-packages/airflow/example_dags/example_latest_only.py
[2025-12-21T07:00:52.588+0000] {processor.py:840} INFO - DAG(s) 'latest_only' retrieved from /home/airflow/.local/lib/python3.8/site-packages/airflow/example_dags/example_latest_only.py
[2025-12-21T07:00:52.614+0000] {logging_mixin.py:188} INFO - [2025-12-21T07:00:52.614+0000] {dag.py:3047} INFO - Sync 1 DAGs
[2025-12-21T07:00:52.637+0000] {logging_mixin.py:188} INFO - [2025-12-21T07:00:52.637+0000] {dag.py:3834} INFO - Setting next_dagrun for latest_only to 2025-12-21 00:00:00+00:00, run_after=2025-12-21 04:00:00+00:00
[2025-12-21T07:00:52.658+0000] {processor.py:183} INFO - Processing /home/airflow/.local/lib/python3.8/site-packages/airflow/example_dags/example_latest_only.py took 0.096 seconds
[2025-12-21T07:01:22.822+0000] {processor.py:161} INFO - Started process (PID=329) to work on /home/airflow/.local/lib/python3.8/site-packages/airflow/example_dags/example_latest_only.py
[2025-12-21T07:01:22.824+0000] {processor.py:830} INFO - Processing file /home/airflow/.local/lib/python3.8/site-packages/airflow/example_dags/example_latest_only.py for tasks to queue
[2025-12-21T07:01:22.828+0000] {logging_mixin.py:188} INFO - [2025-12-21T07:01:22.827+0000] {dagbag.py:540} INFO - Filling up the DagBag from /home/airflow/.local/lib/python3.8/site-packages/airflow/example_dags/example_latest_only.py
[2025-12-21T07:01:22.833+0000] {processor.py:840} INFO - DAG(s) 'latest_only' retrieved from /home/airflow/.local/lib/python3.8/site-packages/airflow/example_dags/example_latest_only.py
[2025-12-21T07:01:22.861+0000] {logging_mixin.py:188} INFO - [2025-12-21T07:01:22.861+0000] {dag.py:3047} INFO - Sync 1 DAGs
[2025-12-21T07:01:22.886+0000] {logging_mixin.py:188} INFO - [2025-12-21T07:01:22.886+0000] {dag.py:3834} INFO - Setting next_dagrun for latest_only to 2025-12-21 00:00:00+00:00, run_after=2025-12-21 04:00:00+00:00
[2025-12-21T07:01:22.912+0000] {processor.py:183} INFO - Processing /home/airflow/.local/lib/python3.8/site-packages/airflow/example_dags/example_latest_only.py took 0.094 seconds
[2025-12-21T07:01:53.147+0000] {processor.py:161} INFO - Started process (PID=385) to work on /home/airflow/.local/lib/python3.8/site-packages/airflow/example_dags/example_latest_only.py
[2025-12-21T07:01:53.149+0000] {processor.py:830} INFO - Processing file /home/airflow/.local/lib/python3.8/site-packages/airflow/example_dags/example_latest_only.py for tasks to queue
[2025-12-21T07:01:53.152+0000] {logging_mixin.py:188} INFO - [2025-12-21T07:01:53.151+0000] {dagbag.py:540} INFO - Filling up the DagBag from /home/airflow/.local/lib/python3.8/site-packages/airflow/example_dags/example_latest_only.py
[2025-12-21T07:01:53.158+0000] {processor.py:840} INFO - DAG(s) 'latest_only' retrieved from /home/airflow/.local/lib/python3.8/site-packages/airflow/example_dags/example_latest_only.py
[2025-12-21T07:01:53.188+0000] {logging_mixin.py:188} INFO - [2025-12-21T07:01:53.187+0000] {dag.py:3047} INFO - Sync 1 DAGs
[2025-12-21T07:01:53.211+0000] {logging_mixin.py:188} INFO - [2025-12-21T07:01:53.211+0000] {dag.py:3834} INFO - Setting next_dagrun for latest_only to 2025-12-21 00:00:00+00:00, run_after=2025-12-21 04:00:00+00:00
[2025-12-21T07:01:53.233+0000] {processor.py:183} INFO - Processing /home/airflow/.local/lib/python3.8/site-packages/airflow/example_dags/example_latest_only.py took 0.091 seconds
[2025-12-21T07:02:23.492+0000] {processor.py:161} INFO - Started process (PID=441) to work on /home/airflow/.local/lib/python3.8/site-packages/airflow/example_dags/example_latest_only.py
[2025-12-21T07:02:23.494+0000] {processor.py:830} INFO - Processing file /home/airflow/.local/lib/python3.8/site-packages/airflow/example_dags/example_latest_only.py for tasks to queue
[2025-12-21T07:02:23.496+0000] {logging_mixin.py:188} INFO - [2025-12-21T07:02:23.496+0000] {dagbag.py:540} INFO - Filling up the DagBag from /home/airflow/.local/lib/python3.8/site-packages/airflow/example_dags/example_latest_only.py
[2025-12-21T07:02:23.502+0000] {processor.py:840} INFO - DAG(s) 'latest_only' retrieved from /home/airflow/.local/lib/python3.8/site-packages/airflow/example_dags/example_latest_only.py
[2025-12-21T07:02:23.526+0000] {logging_mixin.py:188} INFO - [2025-12-21T07:02:23.526+0000] {dag.py:3047} INFO - Sync 1 DAGs
[2025-12-21T07:02:23.551+0000] {logging_mixin.py:188} INFO - [2025-12-21T07:02:23.551+0000] {dag.py:3834} INFO - Setting next_dagrun for latest_only to 2025-12-21 00:00:00+00:00, run_after=2025-12-21 04:00:00+00:00
[2025-12-21T07:02:23.572+0000] {processor.py:183} INFO - Processing /home/airflow/.local/lib/python3.8/site-packages/airflow/example_dags/example_latest_only.py took 0.083 seconds
[2025-12-21T07:02:53.823+0000] {processor.py:161} INFO - Started process (PID=497) to work on /home/airflow/.local/lib/python3.8/site-packages/airflow/example_dags/example_latest_only.py
[2025-12-21T07:02:53.825+0000] {processor.py:830} INFO - Processing file /home/airflow/.local/lib/python3.8/site-packages/airflow/example_dags/example_latest_only.py for tasks to queue
[2025-12-21T07:02:53.828+0000] {logging_mixin.py:188} INFO - [2025-12-21T07:02:53.828+0000] {dagbag.py:540} INFO - Filling up the DagBag from /home/airflow/.local/lib/python3.8/site-packages/airflow/example_dags/example_latest_only.py
[2025-12-21T07:02:53.835+0000] {processor.py:840} INFO - DAG(s) 'latest_only' retrieved from /home/airflow/.local/lib/python3.8/site-packages/airflow/example_dags/example_latest_only.py
[2025-12-21T07:02:53.861+0000] {logging_mixin.py:188} INFO - [2025-12-21T07:02:53.861+0000] {dag.py:3047} INFO - Sync 1 DAGs
[2025-12-21T07:02:53.889+0000] {logging_mixin.py:188} INFO - [2025-12-21T07:02:53.889+0000] {dag.py:3834} INFO - Setting next_dagrun for latest_only to 2025-12-21 00:00:00+00:00, run_after=2025-12-21 04:00:00+00:00
[2025-12-21T07:02:53.912+0000] {processor.py:183} INFO - Processing /home/airflow/.local/lib/python3.8/site-packages/airflow/example_dags/example_latest_only.py took 0.093 seconds
[2025-12-21T07:03:24.246+0000] {processor.py:161} INFO - Started process (PID=553) to work on /home/airflow/.local/lib/python3.8/site-packages/airflow/example_dags/example_latest_only.py
[2025-12-21T07:03:24.247+0000] {processor.py:830} INFO - Processing file /home/airflow/.local/lib/python3.8/site-packages/airflow/example_dags/example_latest_only.py for tasks to queue
[2025-12-21T07:03:24.250+0000] {logging_mixin.py:188} INFO - [2025-12-21T07:03:24.250+0000] {dagbag.py:540} INFO - Filling up the DagBag from /home/airflow/.local/lib/python3.8/site-packages/airflow/example_dags/example_latest_only.py
[2025-12-21T07:03:24.258+0000] {processor.py:840} INFO - DAG(s) 'latest_only' retrieved from /home/airflow/.local/lib/python3.8/site-packages/airflow/example_dags/example_latest_only.py
[2025-12-21T07:03:24.285+0000] {logging_mixin.py:188} INFO - [2025-12-21T07:03:24.285+0000] {dag.py:3047} INFO - Sync 1 DAGs
[2025-12-21T07:03:24.317+0000] {logging_mixin.py:188} INFO - [2025-12-21T07:03:24.317+0000] {dag.py:3834} INFO - Setting next_dagrun for latest_only to 2025-12-21 00:00:00+00:00, run_after=2025-12-21 04:00:00+00:00
[2025-12-21T07:03:24.340+0000] {processor.py:183} INFO - Processing /home/airflow/.local/lib/python3.8/site-packages/airflow/example_dags/example_latest_only.py took 0.100 seconds
[2025-12-21T07:03:55.016+0000] {processor.py:161} INFO - Started process (PID=609) to work on /home/airflow/.local/lib/python3.8/site-packages/airflow/example_dags/example_latest_only.py
[2025-12-21T07:03:55.017+0000] {processor.py:830} INFO - Processing file /home/airflow/.local/lib/python3.8/site-packages/airflow/example_dags/example_latest_only.py for tasks to queue
[2025-12-21T07:03:55.019+0000] {logging_mixin.py:188} INFO - [2025-12-21T07:03:55.019+0000] {dagbag.py:540} INFO - Filling up the DagBag from /home/airflow/.local/lib/python3.8/site-packages/airflow/example_dags/example_latest_only.py
[2025-12-21T07:03:55.025+0000] {processor.py:840} INFO - DAG(s) 'latest_only' retrieved from /home/airflow/.local/lib/python3.8/site-packages/airflow/example_dags/example_latest_only.py
[2025-12-21T07:03:55.050+0000] {logging_mixin.py:188} INFO - [2025-12-21T07:03:55.049+0000] {dag.py:3047} INFO - Sync 1 DAGs
[2025-12-21T07:03:55.075+0000] {logging_mixin.py:188} INFO - [2025-12-21T07:03:55.075+0000] {dag.py:3834} INFO - Setting next_dagrun for latest_only to 2025-12-21 00:00:00+00:00, run_after=2025-12-21 04:00:00+00:00
[2025-12-21T07:03:55.097+0000] {processor.py:183} INFO - Processing /home/airflow/.local/lib/python3.8/site-packages/airflow/example_dags/example_latest_only.py took 0.086 seconds
[2025-12-21T07:04:25.820+0000] {processor.py:161} INFO - Started process (PID=665) to work on /home/airflow/.local/lib/python3.8/site-packages/airflow/example_dags/example_latest_only.py
[2025-12-21T07:04:25.822+0000] {processor.py:830} INFO - Processing file /home/airflow/.local/lib/python3.8/site-packages/airflow/example_dags/example_latest_only.py for tasks to queue
[2025-12-21T07:04:25.824+0000] {logging_mixin.py:188} INFO - [2025-12-21T07:04:25.824+0000] {dagbag.py:540} INFO - Filling up the DagBag from /home/airflow/.local/lib/python3.8/site-packages/airflow/example_dags/example_latest_only.py
[2025-12-21T07:04:25.832+0000] {processor.py:840} INFO - DAG(s) 'latest_only' retrieved from /home/airflow/.local/lib/python3.8/site-packages/airflow/example_dags/example_latest_only.py
[2025-12-21T07:04:25.857+0000] {logging_mixin.py:188} INFO - [2025-12-21T07:04:25.857+0000] {dag.py:3047} INFO - Sync 1 DAGs
[2025-12-21T07:04:25.889+0000] {logging_mixin.py:188} INFO - [2025-12-21T07:04:25.888+0000] {dag.py:3834} INFO - Setting next_dagrun for latest_only to 2025-12-21 00:00:00+00:00, run_after=2025-12-21 04:00:00+00:00
[2025-12-21T07:04:25.921+0000] {processor.py:183} INFO - Processing /home/airflow/.local/lib/python3.8/site-packages/airflow/example_dags/example_latest_only.py took 0.105 seconds
[2025-12-21T07:04:56.065+0000] {processor.py:161} INFO - Started process (PID=721) to work on /home/airflow/.local/lib/python3.8/site-packages/airflow/example_dags/example_latest_only.py
[2025-12-21T07:04:56.067+0000] {processor.py:830} INFO - Processing file /home/airflow/.local/lib/python3.8/site-packages/airflow/example_dags/example_latest_only.py for tasks to queue
[2025-12-21T07:04:56.069+0000] {logging_mixin.py:188} INFO - [2025-12-21T07:04:56.068+0000] {dagbag.py:540} INFO - Filling up the DagBag from /home/airflow/.local/lib/python3.8/site-packages/airflow/example_dags/example_latest_only.py
[2025-12-21T07:04:56.074+0000] {processor.py:840} INFO - DAG(s) 'latest_only' retrieved from /home/airflow/.local/lib/python3.8/site-packages/airflow/example_dags/example_latest_only.py
[2025-12-21T07:04:56.098+0000] {logging_mixin.py:188} INFO - [2025-12-21T07:04:56.098+0000] {dag.py:3047} INFO - Sync 1 DAGs
[2025-12-21T07:04:56.124+0000] {logging_mixin.py:188} INFO - [2025-12-21T07:04:56.124+0000] {dag.py:3834} INFO - Setting next_dagrun for latest_only to 2025-12-21 00:00:00+00:00, run_after=2025-12-21 04:00:00+00:00
[2025-12-21T07:04:56.146+0000] {processor.py:183} INFO - Processing /home/airflow/.local/lib/python3.8/site-packages/airflow/example_dags/example_latest_only.py took 0.085 seconds
[2025-12-21T07:05:26.527+0000] {processor.py:161} INFO - Started process (PID=777) to work on /home/airflow/.local/lib/python3.8/site-packages/airflow/example_dags/example_latest_only.py
[2025-12-21T07:05:26.529+0000] {processor.py:830} INFO - Processing file /home/airflow/.local/lib/python3.8/site-packages/airflow/example_dags/example_latest_only.py for tasks to queue
[2025-12-21T07:05:26.532+0000] {logging_mixin.py:188} INFO - [2025-12-21T07:05:26.531+0000] {dagbag.py:540} INFO - Filling up the DagBag from /home/airflow/.local/lib/python3.8/site-packages/airflow/example_dags/example_latest_only.py
[2025-12-21T07:05:26.538+0000] {processor.py:840} INFO - DAG(s) 'latest_only' retrieved from /home/airflow/.local/lib/python3.8/site-packages/airflow/example_dags/example_latest_only.py
[2025-12-21T07:05:26.563+0000] {logging_mixin.py:188} INFO - [2025-12-21T07:05:26.563+0000] {dag.py:3047} INFO - Sync 1 DAGs
[2025-12-21T07:05:26.594+0000] {logging_mixin.py:188} INFO - [2025-12-21T07:05:26.594+0000] {dag.py:3834} INFO - Setting next_dagrun for latest_only to 2025-12-21 00:00:00+00:00, run_after=2025-12-21 04:00:00+00:00
[2025-12-21T07:05:26.626+0000] {processor.py:183} INFO - Processing /home/airflow/.local/lib/python3.8/site-packages/airflow/example_dags/example_latest_only.py took 0.103 seconds
[2025-12-21T07:05:56.788+0000] {processor.py:161} INFO - Started process (PID=833) to work on /home/airflow/.local/lib/python3.8/site-packages/airflow/example_dags/example_latest_only.py
[2025-12-21T07:05:56.789+0000] {processor.py:830} INFO - Processing file /home/airflow/.local/lib/python3.8/site-packages/airflow/example_dags/example_latest_only.py for tasks to queue
[2025-12-21T07:05:56.791+0000] {logging_mixin.py:188} INFO - [2025-12-21T07:05:56.791+0000] {dagbag.py:540} INFO - Filling up the DagBag from /home/airflow/.local/lib/python3.8/site-packages/airflow/example_dags/example_latest_only.py
[2025-12-21T07:05:56.797+0000] {processor.py:840} INFO - DAG(s) 'latest_only' retrieved from /home/airflow/.local/lib/python3.8/site-packages/airflow/example_dags/example_latest_only.py
[2025-12-21T07:05:56.820+0000] {logging_mixin.py:188} INFO - [2025-12-21T07:05:56.820+0000] {dag.py:3047} INFO - Sync 1 DAGs
[2025-12-21T07:05:56.842+0000] {logging_mixin.py:188} INFO - [2025-12-21T07:05:56.842+0000] {dag.py:3834} INFO - Setting next_dagrun for latest_only to 2025-12-21 00:00:00+00:00, run_after=2025-12-21 04:00:00+00:00
[2025-12-21T07:05:56.862+0000] {processor.py:183} INFO - Processing /home/airflow/.local/lib/python3.8/site-packages/airflow/example_dags/example_latest_only.py took 0.078 seconds
[2025-12-21T07:06:27.102+0000] {processor.py:161} INFO - Started process (PID=889) to work on /home/airflow/.local/lib/python3.8/site-packages/airflow/example_dags/example_latest_only.py
[2025-12-21T07:06:27.104+0000] {processor.py:830} INFO - Processing file /home/airflow/.local/lib/python3.8/site-packages/airflow/example_dags/example_latest_only.py for tasks to queue
[2025-12-21T07:06:27.107+0000] {logging_mixin.py:188} INFO - [2025-12-21T07:06:27.106+0000] {dagbag.py:540} INFO - Filling up the DagBag from /home/airflow/.local/lib/python3.8/site-packages/airflow/example_dags/example_latest_only.py
[2025-12-21T07:06:27.113+0000] {processor.py:840} INFO - DAG(s) 'latest_only' retrieved from /home/airflow/.local/lib/python3.8/site-packages/airflow/example_dags/example_latest_only.py
[2025-12-21T07:06:27.139+0000] {logging_mixin.py:188} INFO - [2025-12-21T07:06:27.138+0000] {dag.py:3047} INFO - Sync 1 DAGs
[2025-12-21T07:06:27.165+0000] {logging_mixin.py:188} INFO - [2025-12-21T07:06:27.165+0000] {dag.py:3834} INFO - Setting next_dagrun for latest_only to 2025-12-21 00:00:00+00:00, run_after=2025-12-21 04:00:00+00:00
[2025-12-21T07:06:27.194+0000] {processor.py:183} INFO - Processing /home/airflow/.local/lib/python3.8/site-packages/airflow/example_dags/example_latest_only.py took 0.095 seconds
[2025-12-21T07:06:57.429+0000] {processor.py:161} INFO - Started process (PID=945) to work on /home/airflow/.local/lib/python3.8/site-packages/airflow/example_dags/example_latest_only.py
[2025-12-21T07:06:57.430+0000] {processor.py:830} INFO - Processing file /home/airflow/.local/lib/python3.8/site-packages/airflow/example_dags/example_latest_only.py for tasks to queue
[2025-12-21T07:06:57.433+0000] {logging_mixin.py:188} INFO - [2025-12-21T07:06:57.432+0000] {dagbag.py:540} INFO - Filling up the DagBag from /home/airflow/.local/lib/python3.8/site-packages/airflow/example_dags/example_latest_only.py
[2025-12-21T07:06:57.438+0000] {processor.py:840} INFO - DAG(s) 'latest_only' retrieved from /home/airflow/.local/lib/python3.8/site-packages/airflow/example_dags/example_latest_only.py
[2025-12-21T07:06:57.463+0000] {logging_mixin.py:188} INFO - [2025-12-21T07:06:57.462+0000] {dag.py:3047} INFO - Sync 1 DAGs
[2025-12-21T07:06:57.487+0000] {logging_mixin.py:188} INFO - [2025-12-21T07:06:57.487+0000] {dag.py:3834} INFO - Setting next_dagrun for latest_only to 2025-12-21 00:00:00+00:00, run_after=2025-12-21 04:00:00+00:00
[2025-12-21T07:06:57.520+0000] {processor.py:183} INFO - Processing /home/airflow/.local/lib/python3.8/site-packages/airflow/example_dags/example_latest_only.py took 0.095 seconds
[2025-12-21T07:07:28.003+0000] {processor.py:161} INFO - Started process (PID=1001) to work on /home/airflow/.local/lib/python3.8/site-packages/airflow/example_dags/example_latest_only.py
[2025-12-21T07:07:28.004+0000] {processor.py:830} INFO - Processing file /home/airflow/.local/lib/python3.8/site-packages/airflow/example_dags/example_latest_only.py for tasks to queue
[2025-12-21T07:07:28.007+0000] {logging_mixin.py:188} INFO - [2025-12-21T07:07:28.007+0000] {dagbag.py:540} INFO - Filling up the DagBag from /home/airflow/.local/lib/python3.8/site-packages/airflow/example_dags/example_latest_only.py
[2025-12-21T07:07:28.013+0000] {processor.py:840} INFO - DAG(s) 'latest_only' retrieved from /home/airflow/.local/lib/python3.8/site-packages/airflow/example_dags/example_latest_only.py
[2025-12-21T07:07:28.040+0000] {logging_mixin.py:188} INFO - [2025-12-21T07:07:28.039+0000] {dag.py:3047} INFO - Sync 1 DAGs
[2025-12-21T07:07:28.064+0000] {logging_mixin.py:188} INFO - [2025-12-21T07:07:28.064+0000] {dag.py:3834} INFO - Setting next_dagrun for latest_only to 2025-12-21 00:00:00+00:00, run_after=2025-12-21 04:00:00+00:00
[2025-12-21T07:07:28.089+0000] {processor.py:183} INFO - Processing /home/airflow/.local/lib/python3.8/site-packages/airflow/example_dags/example_latest_only.py took 0.091 seconds
[2025-12-21T07:07:58.679+0000] {processor.py:161} INFO - Started process (PID=1057) to work on /home/airflow/.local/lib/python3.8/site-packages/airflow/example_dags/example_latest_only.py
[2025-12-21T07:07:58.680+0000] {processor.py:830} INFO - Processing file /home/airflow/.local/lib/python3.8/site-packages/airflow/example_dags/example_latest_only.py for tasks to queue
[2025-12-21T07:07:58.683+0000] {logging_mixin.py:188} INFO - [2025-12-21T07:07:58.683+0000] {dagbag.py:540} INFO - Filling up the DagBag from /home/airflow/.local/lib/python3.8/site-packages/airflow/example_dags/example_latest_only.py
[2025-12-21T07:07:58.690+0000] {processor.py:840} INFO - DAG(s) 'latest_only' retrieved from /home/airflow/.local/lib/python3.8/site-packages/airflow/example_dags/example_latest_only.py
[2025-12-21T07:07:58.716+0000] {logging_mixin.py:188} INFO - [2025-12-21T07:07:58.715+0000] {dag.py:3047} INFO - Sync 1 DAGs
[2025-12-21T07:07:58.744+0000] {logging_mixin.py:188} INFO - [2025-12-21T07:07:58.744+0000] {dag.py:3834} INFO - Setting next_dagrun for latest_only to 2025-12-21 00:00:00+00:00, run_after=2025-12-21 04:00:00+00:00
[2025-12-21T07:07:58.769+0000] {processor.py:183} INFO - Processing /home/airflow/.local/lib/python3.8/site-packages/airflow/example_dags/example_latest_only.py took 0.095 seconds
[2025-12-21T07:08:28.957+0000] {processor.py:161} INFO - Started process (PID=1113) to work on /home/airflow/.local/lib/python3.8/site-packages/airflow/example_dags/example_latest_only.py
[2025-12-21T07:08:28.959+0000] {processor.py:830} INFO - Processing file /home/airflow/.local/lib/python3.8/site-packages/airflow/example_dags/example_latest_only.py for tasks to queue
[2025-12-21T07:08:28.962+0000] {logging_mixin.py:188} INFO - [2025-12-21T07:08:28.962+0000] {dagbag.py:540} INFO - Filling up the DagBag from /home/airflow/.local/lib/python3.8/site-packages/airflow/example_dags/example_latest_only.py
[2025-12-21T07:08:28.970+0000] {processor.py:840} INFO - DAG(s) 'latest_only' retrieved from /home/airflow/.local/lib/python3.8/site-packages/airflow/example_dags/example_latest_only.py
[2025-12-21T07:08:29.002+0000] {logging_mixin.py:188} INFO - [2025-12-21T07:08:29.001+0000] {dag.py:3047} INFO - Sync 1 DAGs
[2025-12-21T07:08:29.038+0000] {logging_mixin.py:188} INFO - [2025-12-21T07:08:29.038+0000] {dag.py:3834} INFO - Setting next_dagrun for latest_only to 2025-12-21 00:00:00+00:00, run_after=2025-12-21 04:00:00+00:00
[2025-12-21T07:08:29.071+0000] {processor.py:183} INFO - Processing /home/airflow/.local/lib/python3.8/site-packages/airflow/example_dags/example_latest_only.py took 0.120 seconds
[2025-12-21T07:11:41.697+0000] {processor.py:161} INFO - Started process (PID=55) to work on /home/airflow/.local/lib/python3.8/site-packages/airflow/example_dags/example_latest_only.py
[2025-12-21T07:11:41.699+0000] {processor.py:830} INFO - Processing file /home/airflow/.local/lib/python3.8/site-packages/airflow/example_dags/example_latest_only.py for tasks to queue
[2025-12-21T07:11:41.701+0000] {logging_mixin.py:188} INFO - [2025-12-21T07:11:41.701+0000] {dagbag.py:540} INFO - Filling up the DagBag from /home/airflow/.local/lib/python3.8/site-packages/airflow/example_dags/example_latest_only.py
[2025-12-21T07:11:41.714+0000] {processor.py:840} INFO - DAG(s) 'latest_only' retrieved from /home/airflow/.local/lib/python3.8/site-packages/airflow/example_dags/example_latest_only.py
[2025-12-21T07:11:41.735+0000] {logging_mixin.py:188} INFO - [2025-12-21T07:11:41.734+0000] {dag.py:3047} INFO - Sync 1 DAGs
[2025-12-21T07:11:41.764+0000] {logging_mixin.py:188} INFO - [2025-12-21T07:11:41.764+0000] {dag.py:3834} INFO - Setting next_dagrun for latest_only to 2025-12-21 00:00:00+00:00, run_after=2025-12-21 04:00:00+00:00
[2025-12-21T07:11:41.788+0000] {processor.py:183} INFO - Processing /home/airflow/.local/lib/python3.8/site-packages/airflow/example_dags/example_latest_only.py took 0.095 seconds
[2025-12-21T07:12:12.579+0000] {processor.py:161} INFO - Started process (PID=110) to work on /home/airflow/.local/lib/python3.8/site-packages/airflow/example_dags/example_latest_only.py
[2025-12-21T07:12:12.581+0000] {processor.py:830} INFO - Processing file /home/airflow/.local/lib/python3.8/site-packages/airflow/example_dags/example_latest_only.py for tasks to queue
[2025-12-21T07:12:12.584+0000] {logging_mixin.py:188} INFO - [2025-12-21T07:12:12.584+0000] {dagbag.py:540} INFO - Filling up the DagBag from /home/airflow/.local/lib/python3.8/site-packages/airflow/example_dags/example_latest_only.py
[2025-12-21T07:12:12.593+0000] {processor.py:840} INFO - DAG(s) 'latest_only' retrieved from /home/airflow/.local/lib/python3.8/site-packages/airflow/example_dags/example_latest_only.py
[2025-12-21T07:12:12.718+0000] {logging_mixin.py:188} INFO - [2025-12-21T07:12:12.717+0000] {dag.py:3047} INFO - Sync 1 DAGs
[2025-12-21T07:12:12.744+0000] {logging_mixin.py:188} INFO - [2025-12-21T07:12:12.743+0000] {dag.py:3834} INFO - Setting next_dagrun for latest_only to 2025-12-21 00:00:00+00:00, run_after=2025-12-21 04:00:00+00:00
[2025-12-21T07:12:12.776+0000] {processor.py:183} INFO - Processing /home/airflow/.local/lib/python3.8/site-packages/airflow/example_dags/example_latest_only.py took 0.201 seconds
[2025-12-21T07:12:42.877+0000] {processor.py:161} INFO - Started process (PID=166) to work on /home/airflow/.local/lib/python3.8/site-packages/airflow/example_dags/example_latest_only.py
[2025-12-21T07:12:42.878+0000] {processor.py:830} INFO - Processing file /home/airflow/.local/lib/python3.8/site-packages/airflow/example_dags/example_latest_only.py for tasks to queue
[2025-12-21T07:12:42.881+0000] {logging_mixin.py:188} INFO - [2025-12-21T07:12:42.881+0000] {dagbag.py:540} INFO - Filling up the DagBag from /home/airflow/.local/lib/python3.8/site-packages/airflow/example_dags/example_latest_only.py
[2025-12-21T07:12:42.888+0000] {processor.py:840} INFO - DAG(s) 'latest_only' retrieved from /home/airflow/.local/lib/python3.8/site-packages/airflow/example_dags/example_latest_only.py
[2025-12-21T07:12:42.914+0000] {logging_mixin.py:188} INFO - [2025-12-21T07:12:42.914+0000] {dag.py:3047} INFO - Sync 1 DAGs
[2025-12-21T07:12:42.937+0000] {logging_mixin.py:188} INFO - [2025-12-21T07:12:42.936+0000] {dag.py:3834} INFO - Setting next_dagrun for latest_only to 2025-12-21 00:00:00+00:00, run_after=2025-12-21 04:00:00+00:00
[2025-12-21T07:12:42.959+0000] {processor.py:183} INFO - Processing /home/airflow/.local/lib/python3.8/site-packages/airflow/example_dags/example_latest_only.py took 0.086 seconds
[2025-12-21T07:13:13.724+0000] {processor.py:161} INFO - Started process (PID=222) to work on /home/airflow/.local/lib/python3.8/site-packages/airflow/example_dags/example_latest_only.py
[2025-12-21T07:13:13.726+0000] {processor.py:830} INFO - Processing file /home/airflow/.local/lib/python3.8/site-packages/airflow/example_dags/example_latest_only.py for tasks to queue
[2025-12-21T07:13:13.728+0000] {logging_mixin.py:188} INFO - [2025-12-21T07:13:13.728+0000] {dagbag.py:540} INFO - Filling up the DagBag from /home/airflow/.local/lib/python3.8/site-packages/airflow/example_dags/example_latest_only.py
[2025-12-21T07:13:13.734+0000] {processor.py:840} INFO - DAG(s) 'latest_only' retrieved from /home/airflow/.local/lib/python3.8/site-packages/airflow/example_dags/example_latest_only.py
[2025-12-21T07:13:13.759+0000] {logging_mixin.py:188} INFO - [2025-12-21T07:13:13.759+0000] {dag.py:3047} INFO - Sync 1 DAGs
[2025-12-21T07:13:13.782+0000] {logging_mixin.py:188} INFO - [2025-12-21T07:13:13.782+0000] {dag.py:3834} INFO - Setting next_dagrun for latest_only to 2025-12-21 00:00:00+00:00, run_after=2025-12-21 04:00:00+00:00
[2025-12-21T07:13:13.804+0000] {processor.py:183} INFO - Processing /home/airflow/.local/lib/python3.8/site-packages/airflow/example_dags/example_latest_only.py took 0.083 seconds
[2025-12-21T07:13:44.595+0000] {processor.py:161} INFO - Started process (PID=284) to work on /home/airflow/.local/lib/python3.8/site-packages/airflow/example_dags/example_latest_only.py
[2025-12-21T07:13:44.597+0000] {processor.py:830} INFO - Processing file /home/airflow/.local/lib/python3.8/site-packages/airflow/example_dags/example_latest_only.py for tasks to queue
[2025-12-21T07:13:44.600+0000] {logging_mixin.py:188} INFO - [2025-12-21T07:13:44.599+0000] {dagbag.py:540} INFO - Filling up the DagBag from /home/airflow/.local/lib/python3.8/site-packages/airflow/example_dags/example_latest_only.py
[2025-12-21T07:13:44.606+0000] {processor.py:840} INFO - DAG(s) 'latest_only' retrieved from /home/airflow/.local/lib/python3.8/site-packages/airflow/example_dags/example_latest_only.py
[2025-12-21T07:13:44.630+0000] {logging_mixin.py:188} INFO - [2025-12-21T07:13:44.630+0000] {dag.py:3047} INFO - Sync 1 DAGs
[2025-12-21T07:13:44.653+0000] {logging_mixin.py:188} INFO - [2025-12-21T07:13:44.653+0000] {dag.py:3834} INFO - Setting next_dagrun for latest_only to 2025-12-21 00:00:00+00:00, run_after=2025-12-21 04:00:00+00:00
[2025-12-21T07:13:44.677+0000] {processor.py:183} INFO - Processing /home/airflow/.local/lib/python3.8/site-packages/airflow/example_dags/example_latest_only.py took 0.086 seconds
[2025-12-21T07:14:15.442+0000] {processor.py:161} INFO - Started process (PID=340) to work on /home/airflow/.local/lib/python3.8/site-packages/airflow/example_dags/example_latest_only.py
[2025-12-21T07:14:15.444+0000] {processor.py:830} INFO - Processing file /home/airflow/.local/lib/python3.8/site-packages/airflow/example_dags/example_latest_only.py for tasks to queue
[2025-12-21T07:14:15.446+0000] {logging_mixin.py:188} INFO - [2025-12-21T07:14:15.446+0000] {dagbag.py:540} INFO - Filling up the DagBag from /home/airflow/.local/lib/python3.8/site-packages/airflow/example_dags/example_latest_only.py
[2025-12-21T07:14:15.451+0000] {processor.py:840} INFO - DAG(s) 'latest_only' retrieved from /home/airflow/.local/lib/python3.8/site-packages/airflow/example_dags/example_latest_only.py
[2025-12-21T07:14:15.472+0000] {logging_mixin.py:188} INFO - [2025-12-21T07:14:15.472+0000] {dag.py:3047} INFO - Sync 1 DAGs
[2025-12-21T07:14:15.493+0000] {logging_mixin.py:188} INFO - [2025-12-21T07:14:15.493+0000] {dag.py:3834} INFO - Setting next_dagrun for latest_only to 2025-12-21 00:00:00+00:00, run_after=2025-12-21 04:00:00+00:00
[2025-12-21T07:14:15.515+0000] {processor.py:183} INFO - Processing /home/airflow/.local/lib/python3.8/site-packages/airflow/example_dags/example_latest_only.py took 0.077 seconds
[2025-12-21T07:14:46.089+0000] {processor.py:161} INFO - Started process (PID=396) to work on /home/airflow/.local/lib/python3.8/site-packages/airflow/example_dags/example_latest_only.py
[2025-12-21T07:14:46.091+0000] {processor.py:830} INFO - Processing file /home/airflow/.local/lib/python3.8/site-packages/airflow/example_dags/example_latest_only.py for tasks to queue
[2025-12-21T07:14:46.094+0000] {logging_mixin.py:188} INFO - [2025-12-21T07:14:46.093+0000] {dagbag.py:540} INFO - Filling up the DagBag from /home/airflow/.local/lib/python3.8/site-packages/airflow/example_dags/example_latest_only.py
[2025-12-21T07:14:46.102+0000] {processor.py:840} INFO - DAG(s) 'latest_only' retrieved from /home/airflow/.local/lib/python3.8/site-packages/airflow/example_dags/example_latest_only.py
[2025-12-21T07:14:46.132+0000] {logging_mixin.py:188} INFO - [2025-12-21T07:14:46.132+0000] {dag.py:3047} INFO - Sync 1 DAGs
[2025-12-21T07:14:46.156+0000] {logging_mixin.py:188} INFO - [2025-12-21T07:14:46.156+0000] {dag.py:3834} INFO - Setting next_dagrun for latest_only to 2025-12-21 00:00:00+00:00, run_after=2025-12-21 04:00:00+00:00
[2025-12-21T07:14:46.182+0000] {processor.py:183} INFO - Processing /home/airflow/.local/lib/python3.8/site-packages/airflow/example_dags/example_latest_only.py took 0.097 seconds
[2025-12-21T07:15:16.325+0000] {processor.py:161} INFO - Started process (PID=452) to work on /home/airflow/.local/lib/python3.8/site-packages/airflow/example_dags/example_latest_only.py
[2025-12-21T07:15:16.326+0000] {processor.py:830} INFO - Processing file /home/airflow/.local/lib/python3.8/site-packages/airflow/example_dags/example_latest_only.py for tasks to queue
[2025-12-21T07:15:16.329+0000] {logging_mixin.py:188} INFO - [2025-12-21T07:15:16.328+0000] {dagbag.py:540} INFO - Filling up the DagBag from /home/airflow/.local/lib/python3.8/site-packages/airflow/example_dags/example_latest_only.py
[2025-12-21T07:15:16.336+0000] {processor.py:840} INFO - DAG(s) 'latest_only' retrieved from /home/airflow/.local/lib/python3.8/site-packages/airflow/example_dags/example_latest_only.py
[2025-12-21T07:15:16.360+0000] {logging_mixin.py:188} INFO - [2025-12-21T07:15:16.359+0000] {dag.py:3047} INFO - Sync 1 DAGs
[2025-12-21T07:15:16.383+0000] {logging_mixin.py:188} INFO - [2025-12-21T07:15:16.383+0000] {dag.py:3834} INFO - Setting next_dagrun for latest_only to 2025-12-21 00:00:00+00:00, run_after=2025-12-21 04:00:00+00:00
[2025-12-21T07:15:16.402+0000] {processor.py:183} INFO - Processing /home/airflow/.local/lib/python3.8/site-packages/airflow/example_dags/example_latest_only.py took 0.081 seconds
[2025-12-21T07:15:46.686+0000] {processor.py:161} INFO - Started process (PID=508) to work on /home/airflow/.local/lib/python3.8/site-packages/airflow/example_dags/example_latest_only.py
[2025-12-21T07:15:46.688+0000] {processor.py:830} INFO - Processing file /home/airflow/.local/lib/python3.8/site-packages/airflow/example_dags/example_latest_only.py for tasks to queue
[2025-12-21T07:15:46.690+0000] {logging_mixin.py:188} INFO - [2025-12-21T07:15:46.690+0000] {dagbag.py:540} INFO - Filling up the DagBag from /home/airflow/.local/lib/python3.8/site-packages/airflow/example_dags/example_latest_only.py
[2025-12-21T07:15:46.696+0000] {processor.py:840} INFO - DAG(s) 'latest_only' retrieved from /home/airflow/.local/lib/python3.8/site-packages/airflow/example_dags/example_latest_only.py
[2025-12-21T07:15:46.722+0000] {logging_mixin.py:188} INFO - [2025-12-21T07:15:46.721+0000] {dag.py:3047} INFO - Sync 1 DAGs
[2025-12-21T07:15:46.748+0000] {logging_mixin.py:188} INFO - [2025-12-21T07:15:46.748+0000] {dag.py:3834} INFO - Setting next_dagrun for latest_only to 2025-12-21 00:00:00+00:00, run_after=2025-12-21 04:00:00+00:00
[2025-12-21T07:15:46.770+0000] {processor.py:183} INFO - Processing /home/airflow/.local/lib/python3.8/site-packages/airflow/example_dags/example_latest_only.py took 0.087 seconds
[2025-12-21T07:16:17.320+0000] {processor.py:161} INFO - Started process (PID=564) to work on /home/airflow/.local/lib/python3.8/site-packages/airflow/example_dags/example_latest_only.py
[2025-12-21T07:16:17.321+0000] {processor.py:830} INFO - Processing file /home/airflow/.local/lib/python3.8/site-packages/airflow/example_dags/example_latest_only.py for tasks to queue
[2025-12-21T07:16:17.324+0000] {logging_mixin.py:188} INFO - [2025-12-21T07:16:17.324+0000] {dagbag.py:540} INFO - Filling up the DagBag from /home/airflow/.local/lib/python3.8/site-packages/airflow/example_dags/example_latest_only.py
[2025-12-21T07:16:17.331+0000] {processor.py:840} INFO - DAG(s) 'latest_only' retrieved from /home/airflow/.local/lib/python3.8/site-packages/airflow/example_dags/example_latest_only.py
[2025-12-21T07:16:17.359+0000] {logging_mixin.py:188} INFO - [2025-12-21T07:16:17.359+0000] {dag.py:3047} INFO - Sync 1 DAGs
[2025-12-21T07:16:17.385+0000] {logging_mixin.py:188} INFO - [2025-12-21T07:16:17.385+0000] {dag.py:3834} INFO - Setting next_dagrun for latest_only to 2025-12-21 00:00:00+00:00, run_after=2025-12-21 04:00:00+00:00
[2025-12-21T07:16:17.411+0000] {processor.py:183} INFO - Processing /home/airflow/.local/lib/python3.8/site-packages/airflow/example_dags/example_latest_only.py took 0.096 seconds
[2025-12-21T07:16:47.580+0000] {processor.py:161} INFO - Started process (PID=620) to work on /home/airflow/.local/lib/python3.8/site-packages/airflow/example_dags/example_latest_only.py
[2025-12-21T07:16:47.582+0000] {processor.py:830} INFO - Processing file /home/airflow/.local/lib/python3.8/site-packages/airflow/example_dags/example_latest_only.py for tasks to queue
[2025-12-21T07:16:47.585+0000] {logging_mixin.py:188} INFO - [2025-12-21T07:16:47.584+0000] {dagbag.py:540} INFO - Filling up the DagBag from /home/airflow/.local/lib/python3.8/site-packages/airflow/example_dags/example_latest_only.py
[2025-12-21T07:16:47.592+0000] {processor.py:840} INFO - DAG(s) 'latest_only' retrieved from /home/airflow/.local/lib/python3.8/site-packages/airflow/example_dags/example_latest_only.py
[2025-12-21T07:16:47.622+0000] {logging_mixin.py:188} INFO - [2025-12-21T07:16:47.622+0000] {dag.py:3047} INFO - Sync 1 DAGs
[2025-12-21T07:16:47.651+0000] {logging_mixin.py:188} INFO - [2025-12-21T07:16:47.650+0000] {dag.py:3834} INFO - Setting next_dagrun for latest_only to 2025-12-21 00:00:00+00:00, run_after=2025-12-21 04:00:00+00:00
[2025-12-21T07:16:47.676+0000] {processor.py:183} INFO - Processing /home/airflow/.local/lib/python3.8/site-packages/airflow/example_dags/example_latest_only.py took 0.100 seconds
[2025-12-21T07:17:17.718+0000] {processor.py:161} INFO - Started process (PID=676) to work on /home/airflow/.local/lib/python3.8/site-packages/airflow/example_dags/example_latest_only.py
[2025-12-21T07:17:17.719+0000] {processor.py:830} INFO - Processing file /home/airflow/.local/lib/python3.8/site-packages/airflow/example_dags/example_latest_only.py for tasks to queue
[2025-12-21T07:17:17.721+0000] {logging_mixin.py:188} INFO - [2025-12-21T07:17:17.721+0000] {dagbag.py:540} INFO - Filling up the DagBag from /home/airflow/.local/lib/python3.8/site-packages/airflow/example_dags/example_latest_only.py
[2025-12-21T07:17:17.728+0000] {processor.py:840} INFO - DAG(s) 'latest_only' retrieved from /home/airflow/.local/lib/python3.8/site-packages/airflow/example_dags/example_latest_only.py
[2025-12-21T07:17:17.750+0000] {logging_mixin.py:188} INFO - [2025-12-21T07:17:17.750+0000] {dag.py:3047} INFO - Sync 1 DAGs
[2025-12-21T07:17:17.771+0000] {logging_mixin.py:188} INFO - [2025-12-21T07:17:17.771+0000] {dag.py:3834} INFO - Setting next_dagrun for latest_only to 2025-12-21 00:00:00+00:00, run_after=2025-12-21 04:00:00+00:00
[2025-12-21T07:17:17.788+0000] {processor.py:183} INFO - Processing /home/airflow/.local/lib/python3.8/site-packages/airflow/example_dags/example_latest_only.py took 0.074 seconds
[2025-12-21T07:17:48.006+0000] {processor.py:161} INFO - Started process (PID=733) to work on /home/airflow/.local/lib/python3.8/site-packages/airflow/example_dags/example_latest_only.py
[2025-12-21T07:17:48.008+0000] {processor.py:830} INFO - Processing file /home/airflow/.local/lib/python3.8/site-packages/airflow/example_dags/example_latest_only.py for tasks to queue
[2025-12-21T07:17:48.010+0000] {logging_mixin.py:188} INFO - [2025-12-21T07:17:48.010+0000] {dagbag.py:540} INFO - Filling up the DagBag from /home/airflow/.local/lib/python3.8/site-packages/airflow/example_dags/example_latest_only.py
[2025-12-21T07:17:48.017+0000] {processor.py:840} INFO - DAG(s) 'latest_only' retrieved from /home/airflow/.local/lib/python3.8/site-packages/airflow/example_dags/example_latest_only.py
[2025-12-21T07:17:48.042+0000] {logging_mixin.py:188} INFO - [2025-12-21T07:17:48.042+0000] {dag.py:3047} INFO - Sync 1 DAGs
[2025-12-21T07:17:48.067+0000] {logging_mixin.py:188} INFO - [2025-12-21T07:17:48.066+0000] {dag.py:3834} INFO - Setting next_dagrun for latest_only to 2025-12-21 00:00:00+00:00, run_after=2025-12-21 04:00:00+00:00
[2025-12-21T07:17:48.086+0000] {processor.py:183} INFO - Processing /home/airflow/.local/lib/python3.8/site-packages/airflow/example_dags/example_latest_only.py took 0.085 seconds
[2025-12-21T07:18:18.977+0000] {processor.py:161} INFO - Started process (PID=789) to work on /home/airflow/.local/lib/python3.8/site-packages/airflow/example_dags/example_latest_only.py
[2025-12-21T07:18:18.989+0000] {processor.py:830} INFO - Processing file /home/airflow/.local/lib/python3.8/site-packages/airflow/example_dags/example_latest_only.py for tasks to queue
[2025-12-21T07:18:18.997+0000] {logging_mixin.py:188} INFO - [2025-12-21T07:18:18.996+0000] {dagbag.py:540} INFO - Filling up the DagBag from /home/airflow/.local/lib/python3.8/site-packages/airflow/example_dags/example_latest_only.py
[2025-12-21T07:18:19.007+0000] {processor.py:840} INFO - DAG(s) 'latest_only' retrieved from /home/airflow/.local/lib/python3.8/site-packages/airflow/example_dags/example_latest_only.py
[2025-12-21T07:18:19.031+0000] {logging_mixin.py:188} INFO - [2025-12-21T07:18:19.030+0000] {dag.py:3047} INFO - Sync 1 DAGs
[2025-12-21T07:18:19.055+0000] {logging_mixin.py:188} INFO - [2025-12-21T07:18:19.054+0000] {dag.py:3834} INFO - Setting next_dagrun for latest_only to 2025-12-21 00:00:00+00:00, run_after=2025-12-21 04:00:00+00:00
[2025-12-21T07:18:19.077+0000] {processor.py:183} INFO - Processing /home/airflow/.local/lib/python3.8/site-packages/airflow/example_dags/example_latest_only.py took 0.111 seconds
[2025-12-21T07:18:49.698+0000] {processor.py:161} INFO - Started process (PID=845) to work on /home/airflow/.local/lib/python3.8/site-packages/airflow/example_dags/example_latest_only.py
[2025-12-21T07:18:49.700+0000] {processor.py:830} INFO - Processing file /home/airflow/.local/lib/python3.8/site-packages/airflow/example_dags/example_latest_only.py for tasks to queue
[2025-12-21T07:18:49.702+0000] {logging_mixin.py:188} INFO - [2025-12-21T07:18:49.702+0000] {dagbag.py:540} INFO - Filling up the DagBag from /home/airflow/.local/lib/python3.8/site-packages/airflow/example_dags/example_latest_only.py
[2025-12-21T07:18:49.708+0000] {processor.py:840} INFO - DAG(s) 'latest_only' retrieved from /home/airflow/.local/lib/python3.8/site-packages/airflow/example_dags/example_latest_only.py
[2025-12-21T07:18:49.730+0000] {logging_mixin.py:188} INFO - [2025-12-21T07:18:49.730+0000] {dag.py:3047} INFO - Sync 1 DAGs
[2025-12-21T07:18:49.751+0000] {logging_mixin.py:188} INFO - [2025-12-21T07:18:49.751+0000] {dag.py:3834} INFO - Setting next_dagrun for latest_only to 2025-12-21 00:00:00+00:00, run_after=2025-12-21 04:00:00+00:00
[2025-12-21T07:18:49.770+0000] {processor.py:183} INFO - Processing /home/airflow/.local/lib/python3.8/site-packages/airflow/example_dags/example_latest_only.py took 0.076 seconds
[2025-12-21T07:19:20.539+0000] {processor.py:161} INFO - Started process (PID=901) to work on /home/airflow/.local/lib/python3.8/site-packages/airflow/example_dags/example_latest_only.py
[2025-12-21T07:19:20.541+0000] {processor.py:830} INFO - Processing file /home/airflow/.local/lib/python3.8/site-packages/airflow/example_dags/example_latest_only.py for tasks to queue
[2025-12-21T07:19:20.543+0000] {logging_mixin.py:188} INFO - [2025-12-21T07:19:20.543+0000] {dagbag.py:540} INFO - Filling up the DagBag from /home/airflow/.local/lib/python3.8/site-packages/airflow/example_dags/example_latest_only.py
[2025-12-21T07:19:20.549+0000] {processor.py:840} INFO - DAG(s) 'latest_only' retrieved from /home/airflow/.local/lib/python3.8/site-packages/airflow/example_dags/example_latest_only.py
[2025-12-21T07:19:20.574+0000] {logging_mixin.py:188} INFO - [2025-12-21T07:19:20.574+0000] {dag.py:3047} INFO - Sync 1 DAGs
[2025-12-21T07:19:20.603+0000] {logging_mixin.py:188} INFO - [2025-12-21T07:19:20.602+0000] {dag.py:3834} INFO - Setting next_dagrun for latest_only to 2025-12-21 00:00:00+00:00, run_after=2025-12-21 04:00:00+00:00
[2025-12-21T07:19:20.627+0000] {processor.py:183} INFO - Processing /home/airflow/.local/lib/python3.8/site-packages/airflow/example_dags/example_latest_only.py took 0.092 seconds
[2025-12-21T07:19:51.009+0000] {processor.py:161} INFO - Started process (PID=957) to work on /home/airflow/.local/lib/python3.8/site-packages/airflow/example_dags/example_latest_only.py
[2025-12-21T07:19:51.010+0000] {processor.py:830} INFO - Processing file /home/airflow/.local/lib/python3.8/site-packages/airflow/example_dags/example_latest_only.py for tasks to queue
[2025-12-21T07:19:51.012+0000] {logging_mixin.py:188} INFO - [2025-12-21T07:19:51.012+0000] {dagbag.py:540} INFO - Filling up the DagBag from /home/airflow/.local/lib/python3.8/site-packages/airflow/example_dags/example_latest_only.py
[2025-12-21T07:19:51.018+0000] {processor.py:840} INFO - DAG(s) 'latest_only' retrieved from /home/airflow/.local/lib/python3.8/site-packages/airflow/example_dags/example_latest_only.py
[2025-12-21T07:19:51.044+0000] {logging_mixin.py:188} INFO - [2025-12-21T07:19:51.044+0000] {dag.py:3047} INFO - Sync 1 DAGs
[2025-12-21T07:19:51.070+0000] {logging_mixin.py:188} INFO - [2025-12-21T07:19:51.069+0000] {dag.py:3834} INFO - Setting next_dagrun for latest_only to 2025-12-21 00:00:00+00:00, run_after=2025-12-21 04:00:00+00:00
[2025-12-21T07:19:51.089+0000] {processor.py:183} INFO - Processing /home/airflow/.local/lib/python3.8/site-packages/airflow/example_dags/example_latest_only.py took 0.084 seconds
[2025-12-21T07:20:21.559+0000] {processor.py:161} INFO - Started process (PID=1013) to work on /home/airflow/.local/lib/python3.8/site-packages/airflow/example_dags/example_latest_only.py
[2025-12-21T07:20:21.560+0000] {processor.py:830} INFO - Processing file /home/airflow/.local/lib/python3.8/site-packages/airflow/example_dags/example_latest_only.py for tasks to queue
[2025-12-21T07:20:21.562+0000] {logging_mixin.py:188} INFO - [2025-12-21T07:20:21.562+0000] {dagbag.py:540} INFO - Filling up the DagBag from /home/airflow/.local/lib/python3.8/site-packages/airflow/example_dags/example_latest_only.py
[2025-12-21T07:20:21.568+0000] {processor.py:840} INFO - DAG(s) 'latest_only' retrieved from /home/airflow/.local/lib/python3.8/site-packages/airflow/example_dags/example_latest_only.py
[2025-12-21T07:20:21.591+0000] {logging_mixin.py:188} INFO - [2025-12-21T07:20:21.591+0000] {dag.py:3047} INFO - Sync 1 DAGs
[2025-12-21T07:20:21.613+0000] {logging_mixin.py:188} INFO - [2025-12-21T07:20:21.613+0000] {dag.py:3834} INFO - Setting next_dagrun for latest_only to 2025-12-21 00:00:00+00:00, run_after=2025-12-21 04:00:00+00:00
[2025-12-21T07:20:21.631+0000] {processor.py:183} INFO - Processing /home/airflow/.local/lib/python3.8/site-packages/airflow/example_dags/example_latest_only.py took 0.075 seconds
[2025-12-21T07:20:38.956+0000] {processor.py:161} INFO - Started process (PID=49) to work on /home/airflow/.local/lib/python3.8/site-packages/airflow/example_dags/example_latest_only.py
[2025-12-21T07:20:38.958+0000] {processor.py:830} INFO - Processing file /home/airflow/.local/lib/python3.8/site-packages/airflow/example_dags/example_latest_only.py for tasks to queue
[2025-12-21T07:20:38.960+0000] {logging_mixin.py:188} INFO - [2025-12-21T07:20:38.960+0000] {dagbag.py:540} INFO - Filling up the DagBag from /home/airflow/.local/lib/python3.8/site-packages/airflow/example_dags/example_latest_only.py
[2025-12-21T07:20:38.970+0000] {processor.py:840} INFO - DAG(s) 'latest_only' retrieved from /home/airflow/.local/lib/python3.8/site-packages/airflow/example_dags/example_latest_only.py
[2025-12-21T07:20:38.997+0000] {logging_mixin.py:188} INFO - [2025-12-21T07:20:38.997+0000] {dag.py:3047} INFO - Sync 1 DAGs
[2025-12-21T07:20:39.019+0000] {logging_mixin.py:188} INFO - [2025-12-21T07:20:39.018+0000] {dag.py:3834} INFO - Setting next_dagrun for latest_only to 2025-12-21 00:00:00+00:00, run_after=2025-12-21 04:00:00+00:00
[2025-12-21T07:20:39.040+0000] {processor.py:183} INFO - Processing /home/airflow/.local/lib/python3.8/site-packages/airflow/example_dags/example_latest_only.py took 0.088 seconds
[2025-12-21T07:21:09.425+0000] {processor.py:161} INFO - Started process (PID=105) to work on /home/airflow/.local/lib/python3.8/site-packages/airflow/example_dags/example_latest_only.py
[2025-12-21T07:21:09.427+0000] {processor.py:830} INFO - Processing file /home/airflow/.local/lib/python3.8/site-packages/airflow/example_dags/example_latest_only.py for tasks to queue
[2025-12-21T07:21:09.430+0000] {logging_mixin.py:188} INFO - [2025-12-21T07:21:09.429+0000] {dagbag.py:540} INFO - Filling up the DagBag from /home/airflow/.local/lib/python3.8/site-packages/airflow/example_dags/example_latest_only.py
[2025-12-21T07:21:09.439+0000] {processor.py:840} INFO - DAG(s) 'latest_only' retrieved from /home/airflow/.local/lib/python3.8/site-packages/airflow/example_dags/example_latest_only.py
[2025-12-21T07:21:09.468+0000] {logging_mixin.py:188} INFO - [2025-12-21T07:21:09.468+0000] {dag.py:3047} INFO - Sync 1 DAGs
[2025-12-21T07:21:09.501+0000] {logging_mixin.py:188} INFO - [2025-12-21T07:21:09.501+0000] {dag.py:3834} INFO - Setting next_dagrun for latest_only to 2025-12-21 00:00:00+00:00, run_after=2025-12-21 04:00:00+00:00
[2025-12-21T07:21:09.547+0000] {processor.py:183} INFO - Processing /home/airflow/.local/lib/python3.8/site-packages/airflow/example_dags/example_latest_only.py took 0.127 seconds
[2025-12-21T07:22:19.362+0000] {processor.py:161} INFO - Started process (PID=56) to work on /home/airflow/.local/lib/python3.8/site-packages/airflow/example_dags/example_latest_only.py
[2025-12-21T07:22:19.363+0000] {processor.py:830} INFO - Processing file /home/airflow/.local/lib/python3.8/site-packages/airflow/example_dags/example_latest_only.py for tasks to queue
[2025-12-21T07:22:19.366+0000] {logging_mixin.py:188} INFO - [2025-12-21T07:22:19.365+0000] {dagbag.py:540} INFO - Filling up the DagBag from /home/airflow/.local/lib/python3.8/site-packages/airflow/example_dags/example_latest_only.py
[2025-12-21T07:22:19.376+0000] {processor.py:840} INFO - DAG(s) 'latest_only' retrieved from /home/airflow/.local/lib/python3.8/site-packages/airflow/example_dags/example_latest_only.py
[2025-12-21T07:22:19.391+0000] {logging_mixin.py:188} INFO - [2025-12-21T07:22:19.391+0000] {dag.py:3047} INFO - Sync 1 DAGs
[2025-12-21T07:22:19.417+0000] {logging_mixin.py:188} INFO - [2025-12-21T07:22:19.417+0000] {dag.py:3834} INFO - Setting next_dagrun for latest_only to 2025-12-21 00:00:00+00:00, run_after=2025-12-21 04:00:00+00:00
[2025-12-21T07:22:19.438+0000] {processor.py:183} INFO - Processing /home/airflow/.local/lib/python3.8/site-packages/airflow/example_dags/example_latest_only.py took 0.081 seconds
[2025-12-21T07:22:50.565+0000] {processor.py:161} INFO - Started process (PID=112) to work on /home/airflow/.local/lib/python3.8/site-packages/airflow/example_dags/example_latest_only.py
[2025-12-21T07:22:50.567+0000] {processor.py:830} INFO - Processing file /home/airflow/.local/lib/python3.8/site-packages/airflow/example_dags/example_latest_only.py for tasks to queue
[2025-12-21T07:22:50.570+0000] {logging_mixin.py:188} INFO - [2025-12-21T07:22:50.569+0000] {dagbag.py:540} INFO - Filling up the DagBag from /home/airflow/.local/lib/python3.8/site-packages/airflow/example_dags/example_latest_only.py
[2025-12-21T07:22:50.578+0000] {processor.py:840} INFO - DAG(s) 'latest_only' retrieved from /home/airflow/.local/lib/python3.8/site-packages/airflow/example_dags/example_latest_only.py
[2025-12-21T07:22:50.688+0000] {logging_mixin.py:188} INFO - [2025-12-21T07:22:50.687+0000] {dag.py:3047} INFO - Sync 1 DAGs
[2025-12-21T07:22:50.712+0000] {logging_mixin.py:188} INFO - [2025-12-21T07:22:50.712+0000] {dag.py:3834} INFO - Setting next_dagrun for latest_only to 2025-12-21 00:00:00+00:00, run_after=2025-12-21 04:00:00+00:00
[2025-12-21T07:22:50.749+0000] {processor.py:183} INFO - Processing /home/airflow/.local/lib/python3.8/site-packages/airflow/example_dags/example_latest_only.py took 0.189 seconds
[2025-12-21T07:28:29.693+0000] {processor.py:161} INFO - Started process (PID=57) to work on /home/airflow/.local/lib/python3.8/site-packages/airflow/example_dags/example_latest_only.py
[2025-12-21T07:28:29.696+0000] {processor.py:830} INFO - Processing file /home/airflow/.local/lib/python3.8/site-packages/airflow/example_dags/example_latest_only.py for tasks to queue
[2025-12-21T07:28:29.698+0000] {logging_mixin.py:188} INFO - [2025-12-21T07:28:29.698+0000] {dagbag.py:540} INFO - Filling up the DagBag from /home/airflow/.local/lib/python3.8/site-packages/airflow/example_dags/example_latest_only.py
[2025-12-21T07:28:29.710+0000] {processor.py:840} INFO - DAG(s) 'latest_only' retrieved from /home/airflow/.local/lib/python3.8/site-packages/airflow/example_dags/example_latest_only.py
[2025-12-21T07:28:29.732+0000] {logging_mixin.py:188} INFO - [2025-12-21T07:28:29.732+0000] {dag.py:3047} INFO - Sync 1 DAGs
[2025-12-21T07:28:29.768+0000] {logging_mixin.py:188} INFO - [2025-12-21T07:28:29.767+0000] {dag.py:3834} INFO - Setting next_dagrun for latest_only to 2025-12-21 00:00:00+00:00, run_after=2025-12-21 04:00:00+00:00
[2025-12-21T07:28:29.800+0000] {processor.py:183} INFO - Processing /home/airflow/.local/lib/python3.8/site-packages/airflow/example_dags/example_latest_only.py took 0.112 seconds
[2025-12-21T07:28:59.891+0000] {processor.py:161} INFO - Started process (PID=114) to work on /home/airflow/.local/lib/python3.8/site-packages/airflow/example_dags/example_latest_only.py
[2025-12-21T07:28:59.892+0000] {processor.py:830} INFO - Processing file /home/airflow/.local/lib/python3.8/site-packages/airflow/example_dags/example_latest_only.py for tasks to queue
[2025-12-21T07:28:59.895+0000] {logging_mixin.py:188} INFO - [2025-12-21T07:28:59.895+0000] {dagbag.py:540} INFO - Filling up the DagBag from /home/airflow/.local/lib/python3.8/site-packages/airflow/example_dags/example_latest_only.py
[2025-12-21T07:28:59.902+0000] {processor.py:840} INFO - DAG(s) 'latest_only' retrieved from /home/airflow/.local/lib/python3.8/site-packages/airflow/example_dags/example_latest_only.py
[2025-12-21T07:29:00.004+0000] {logging_mixin.py:188} INFO - [2025-12-21T07:29:00.004+0000] {dag.py:3047} INFO - Sync 1 DAGs
[2025-12-21T07:29:00.029+0000] {logging_mixin.py:188} INFO - [2025-12-21T07:29:00.029+0000] {dag.py:3834} INFO - Setting next_dagrun for latest_only to 2025-12-21 00:00:00+00:00, run_after=2025-12-21 04:00:00+00:00
[2025-12-21T07:29:00.060+0000] {processor.py:183} INFO - Processing /home/airflow/.local/lib/python3.8/site-packages/airflow/example_dags/example_latest_only.py took 0.173 seconds
[2025-12-21T07:29:30.660+0000] {processor.py:161} INFO - Started process (PID=170) to work on /home/airflow/.local/lib/python3.8/site-packages/airflow/example_dags/example_latest_only.py
[2025-12-21T07:29:30.662+0000] {processor.py:830} INFO - Processing file /home/airflow/.local/lib/python3.8/site-packages/airflow/example_dags/example_latest_only.py for tasks to queue
[2025-12-21T07:29:30.665+0000] {logging_mixin.py:188} INFO - [2025-12-21T07:29:30.664+0000] {dagbag.py:540} INFO - Filling up the DagBag from /home/airflow/.local/lib/python3.8/site-packages/airflow/example_dags/example_latest_only.py
[2025-12-21T07:29:30.670+0000] {processor.py:840} INFO - DAG(s) 'latest_only' retrieved from /home/airflow/.local/lib/python3.8/site-packages/airflow/example_dags/example_latest_only.py
[2025-12-21T07:29:30.691+0000] {logging_mixin.py:188} INFO - [2025-12-21T07:29:30.691+0000] {dag.py:3047} INFO - Sync 1 DAGs
[2025-12-21T07:29:30.713+0000] {logging_mixin.py:188} INFO - [2025-12-21T07:29:30.712+0000] {dag.py:3834} INFO - Setting next_dagrun for latest_only to 2025-12-21 00:00:00+00:00, run_after=2025-12-21 04:00:00+00:00
[2025-12-21T07:29:30.731+0000] {processor.py:183} INFO - Processing /home/airflow/.local/lib/python3.8/site-packages/airflow/example_dags/example_latest_only.py took 0.074 seconds
[2025-12-21T07:30:01.059+0000] {processor.py:161} INFO - Started process (PID=231) to work on /home/airflow/.local/lib/python3.8/site-packages/airflow/example_dags/example_latest_only.py
[2025-12-21T07:30:01.061+0000] {processor.py:830} INFO - Processing file /home/airflow/.local/lib/python3.8/site-packages/airflow/example_dags/example_latest_only.py for tasks to queue
[2025-12-21T07:30:01.063+0000] {logging_mixin.py:188} INFO - [2025-12-21T07:30:01.063+0000] {dagbag.py:540} INFO - Filling up the DagBag from /home/airflow/.local/lib/python3.8/site-packages/airflow/example_dags/example_latest_only.py
[2025-12-21T07:30:01.069+0000] {processor.py:840} INFO - DAG(s) 'latest_only' retrieved from /home/airflow/.local/lib/python3.8/site-packages/airflow/example_dags/example_latest_only.py
[2025-12-21T07:30:01.095+0000] {logging_mixin.py:188} INFO - [2025-12-21T07:30:01.095+0000] {dag.py:3047} INFO - Sync 1 DAGs
[2025-12-21T07:30:01.125+0000] {logging_mixin.py:188} INFO - [2025-12-21T07:30:01.124+0000] {dag.py:3834} INFO - Setting next_dagrun for latest_only to 2025-12-21 00:00:00+00:00, run_after=2025-12-21 04:00:00+00:00
[2025-12-21T07:30:01.151+0000] {processor.py:183} INFO - Processing /home/airflow/.local/lib/python3.8/site-packages/airflow/example_dags/example_latest_only.py took 0.095 seconds
[2025-12-21T07:30:31.379+0000] {processor.py:161} INFO - Started process (PID=287) to work on /home/airflow/.local/lib/python3.8/site-packages/airflow/example_dags/example_latest_only.py
[2025-12-21T07:30:31.380+0000] {processor.py:830} INFO - Processing file /home/airflow/.local/lib/python3.8/site-packages/airflow/example_dags/example_latest_only.py for tasks to queue
[2025-12-21T07:30:31.382+0000] {logging_mixin.py:188} INFO - [2025-12-21T07:30:31.382+0000] {dagbag.py:540} INFO - Filling up the DagBag from /home/airflow/.local/lib/python3.8/site-packages/airflow/example_dags/example_latest_only.py
[2025-12-21T07:30:31.389+0000] {processor.py:840} INFO - DAG(s) 'latest_only' retrieved from /home/airflow/.local/lib/python3.8/site-packages/airflow/example_dags/example_latest_only.py
[2025-12-21T07:30:31.414+0000] {logging_mixin.py:188} INFO - [2025-12-21T07:30:31.414+0000] {dag.py:3047} INFO - Sync 1 DAGs
[2025-12-21T07:30:31.439+0000] {logging_mixin.py:188} INFO - [2025-12-21T07:30:31.439+0000] {dag.py:3834} INFO - Setting next_dagrun for latest_only to 2025-12-21 00:00:00+00:00, run_after=2025-12-21 04:00:00+00:00
[2025-12-21T07:30:31.461+0000] {processor.py:183} INFO - Processing /home/airflow/.local/lib/python3.8/site-packages/airflow/example_dags/example_latest_only.py took 0.087 seconds
[2025-12-21T07:31:01.571+0000] {processor.py:161} INFO - Started process (PID=343) to work on /home/airflow/.local/lib/python3.8/site-packages/airflow/example_dags/example_latest_only.py
[2025-12-21T07:31:01.572+0000] {processor.py:830} INFO - Processing file /home/airflow/.local/lib/python3.8/site-packages/airflow/example_dags/example_latest_only.py for tasks to queue
[2025-12-21T07:31:01.574+0000] {logging_mixin.py:188} INFO - [2025-12-21T07:31:01.574+0000] {dagbag.py:540} INFO - Filling up the DagBag from /home/airflow/.local/lib/python3.8/site-packages/airflow/example_dags/example_latest_only.py
[2025-12-21T07:31:01.580+0000] {processor.py:840} INFO - DAG(s) 'latest_only' retrieved from /home/airflow/.local/lib/python3.8/site-packages/airflow/example_dags/example_latest_only.py
[2025-12-21T07:31:01.602+0000] {logging_mixin.py:188} INFO - [2025-12-21T07:31:01.602+0000] {dag.py:3047} INFO - Sync 1 DAGs
[2025-12-21T07:31:01.623+0000] {logging_mixin.py:188} INFO - [2025-12-21T07:31:01.623+0000] {dag.py:3834} INFO - Setting next_dagrun for latest_only to 2025-12-21 00:00:00+00:00, run_after=2025-12-21 04:00:00+00:00
[2025-12-21T07:31:01.643+0000] {processor.py:183} INFO - Processing /home/airflow/.local/lib/python3.8/site-packages/airflow/example_dags/example_latest_only.py took 0.075 seconds
[2025-12-21T07:31:31.976+0000] {processor.py:161} INFO - Started process (PID=399) to work on /home/airflow/.local/lib/python3.8/site-packages/airflow/example_dags/example_latest_only.py
[2025-12-21T07:31:31.977+0000] {processor.py:830} INFO - Processing file /home/airflow/.local/lib/python3.8/site-packages/airflow/example_dags/example_latest_only.py for tasks to queue
[2025-12-21T07:31:31.979+0000] {logging_mixin.py:188} INFO - [2025-12-21T07:31:31.979+0000] {dagbag.py:540} INFO - Filling up the DagBag from /home/airflow/.local/lib/python3.8/site-packages/airflow/example_dags/example_latest_only.py
[2025-12-21T07:31:31.986+0000] {processor.py:840} INFO - DAG(s) 'latest_only' retrieved from /home/airflow/.local/lib/python3.8/site-packages/airflow/example_dags/example_latest_only.py
[2025-12-21T07:31:32.009+0000] {logging_mixin.py:188} INFO - [2025-12-21T07:31:32.009+0000] {dag.py:3047} INFO - Sync 1 DAGs
[2025-12-21T07:31:32.033+0000] {logging_mixin.py:188} INFO - [2025-12-21T07:31:32.033+0000] {dag.py:3834} INFO - Setting next_dagrun for latest_only to 2025-12-21 00:00:00+00:00, run_after=2025-12-21 04:00:00+00:00
[2025-12-21T07:31:32.061+0000] {processor.py:183} INFO - Processing /home/airflow/.local/lib/python3.8/site-packages/airflow/example_dags/example_latest_only.py took 0.089 seconds
