[2025-12-21T06:58:36.551+0000] {processor.py:161} INFO - Started process (PID=62) to work on /home/airflow/.local/lib/python3.8/site-packages/airflow/example_dags/example_short_circuit_operator.py
[2025-12-21T06:58:36.553+0000] {processor.py:830} INFO - Processing file /home/airflow/.local/lib/python3.8/site-packages/airflow/example_dags/example_short_circuit_operator.py for tasks to queue
[2025-12-21T06:58:36.557+0000] {logging_mixin.py:188} INFO - [2025-12-21T06:58:36.556+0000] {dagbag.py:540} INFO - Filling up the DagBag from /home/airflow/.local/lib/python3.8/site-packages/airflow/example_dags/example_short_circuit_operator.py
[2025-12-21T06:58:36.573+0000] {processor.py:840} INFO - DAG(s) 'example_short_circuit_operator' retrieved from /home/airflow/.local/lib/python3.8/site-packages/airflow/example_dags/example_short_circuit_operator.py
[2025-12-21T06:58:36.595+0000] {logging_mixin.py:188} INFO - [2025-12-21T06:58:36.594+0000] {dag.py:3047} INFO - Sync 1 DAGs
[2025-12-21T06:58:36.633+0000] {logging_mixin.py:188} INFO - [2025-12-21T06:58:36.632+0000] {dag.py:3834} INFO - Setting next_dagrun for example_short_circuit_operator to 2025-12-20 00:00:00+00:00, run_after=2025-12-21 00:00:00+00:00
[2025-12-21T06:58:36.781+0000] {processor.py:183} INFO - Processing /home/airflow/.local/lib/python3.8/site-packages/airflow/example_dags/example_short_circuit_operator.py took 0.237 seconds
[2025-12-21T06:58:52.194+0000] {processor.py:161} INFO - Started process (PID=58) to work on /home/airflow/.local/lib/python3.8/site-packages/airflow/example_dags/example_short_circuit_operator.py
[2025-12-21T06:58:52.196+0000] {processor.py:830} INFO - Processing file /home/airflow/.local/lib/python3.8/site-packages/airflow/example_dags/example_short_circuit_operator.py for tasks to queue
[2025-12-21T06:58:52.199+0000] {logging_mixin.py:188} INFO - [2025-12-21T06:58:52.199+0000] {dagbag.py:540} INFO - Filling up the DagBag from /home/airflow/.local/lib/python3.8/site-packages/airflow/example_dags/example_short_circuit_operator.py
[2025-12-21T06:58:52.208+0000] {processor.py:840} INFO - DAG(s) 'example_short_circuit_operator' retrieved from /home/airflow/.local/lib/python3.8/site-packages/airflow/example_dags/example_short_circuit_operator.py
[2025-12-21T06:58:52.315+0000] {logging_mixin.py:188} INFO - [2025-12-21T06:58:52.314+0000] {dag.py:3047} INFO - Sync 1 DAGs
[2025-12-21T06:58:52.335+0000] {logging_mixin.py:188} INFO - [2025-12-21T06:58:52.335+0000] {dag.py:3834} INFO - Setting next_dagrun for example_short_circuit_operator to 2025-12-20 00:00:00+00:00, run_after=2025-12-21 00:00:00+00:00
[2025-12-21T06:58:52.357+0000] {processor.py:183} INFO - Processing /home/airflow/.local/lib/python3.8/site-packages/airflow/example_dags/example_short_circuit_operator.py took 0.166 seconds
[2025-12-21T06:59:23.333+0000] {processor.py:161} INFO - Started process (PID=114) to work on /home/airflow/.local/lib/python3.8/site-packages/airflow/example_dags/example_short_circuit_operator.py
[2025-12-21T06:59:23.335+0000] {processor.py:830} INFO - Processing file /home/airflow/.local/lib/python3.8/site-packages/airflow/example_dags/example_short_circuit_operator.py for tasks to queue
[2025-12-21T06:59:23.337+0000] {logging_mixin.py:188} INFO - [2025-12-21T06:59:23.337+0000] {dagbag.py:540} INFO - Filling up the DagBag from /home/airflow/.local/lib/python3.8/site-packages/airflow/example_dags/example_short_circuit_operator.py
[2025-12-21T06:59:23.347+0000] {processor.py:840} INFO - DAG(s) 'example_short_circuit_operator' retrieved from /home/airflow/.local/lib/python3.8/site-packages/airflow/example_dags/example_short_circuit_operator.py
[2025-12-21T06:59:23.377+0000] {logging_mixin.py:188} INFO - [2025-12-21T06:59:23.376+0000] {dag.py:3047} INFO - Sync 1 DAGs
[2025-12-21T06:59:23.399+0000] {logging_mixin.py:188} INFO - [2025-12-21T06:59:23.399+0000] {dag.py:3834} INFO - Setting next_dagrun for example_short_circuit_operator to 2025-12-20 00:00:00+00:00, run_after=2025-12-21 00:00:00+00:00
[2025-12-21T06:59:23.422+0000] {processor.py:183} INFO - Processing /home/airflow/.local/lib/python3.8/site-packages/airflow/example_dags/example_short_circuit_operator.py took 0.093 seconds
[2025-12-21T06:59:53.652+0000] {processor.py:161} INFO - Started process (PID=170) to work on /home/airflow/.local/lib/python3.8/site-packages/airflow/example_dags/example_short_circuit_operator.py
[2025-12-21T06:59:53.654+0000] {processor.py:830} INFO - Processing file /home/airflow/.local/lib/python3.8/site-packages/airflow/example_dags/example_short_circuit_operator.py for tasks to queue
[2025-12-21T06:59:53.657+0000] {logging_mixin.py:188} INFO - [2025-12-21T06:59:53.657+0000] {dagbag.py:540} INFO - Filling up the DagBag from /home/airflow/.local/lib/python3.8/site-packages/airflow/example_dags/example_short_circuit_operator.py
[2025-12-21T06:59:53.666+0000] {processor.py:840} INFO - DAG(s) 'example_short_circuit_operator' retrieved from /home/airflow/.local/lib/python3.8/site-packages/airflow/example_dags/example_short_circuit_operator.py
[2025-12-21T06:59:53.694+0000] {logging_mixin.py:188} INFO - [2025-12-21T06:59:53.693+0000] {dag.py:3047} INFO - Sync 1 DAGs
[2025-12-21T06:59:53.717+0000] {logging_mixin.py:188} INFO - [2025-12-21T06:59:53.717+0000] {dag.py:3834} INFO - Setting next_dagrun for example_short_circuit_operator to 2025-12-20 00:00:00+00:00, run_after=2025-12-21 00:00:00+00:00
[2025-12-21T06:59:53.741+0000] {processor.py:183} INFO - Processing /home/airflow/.local/lib/python3.8/site-packages/airflow/example_dags/example_short_circuit_operator.py took 0.093 seconds
[2025-12-21T07:00:23.847+0000] {processor.py:161} INFO - Started process (PID=226) to work on /home/airflow/.local/lib/python3.8/site-packages/airflow/example_dags/example_short_circuit_operator.py
[2025-12-21T07:00:23.849+0000] {processor.py:830} INFO - Processing file /home/airflow/.local/lib/python3.8/site-packages/airflow/example_dags/example_short_circuit_operator.py for tasks to queue
[2025-12-21T07:00:23.852+0000] {logging_mixin.py:188} INFO - [2025-12-21T07:00:23.851+0000] {dagbag.py:540} INFO - Filling up the DagBag from /home/airflow/.local/lib/python3.8/site-packages/airflow/example_dags/example_short_circuit_operator.py
[2025-12-21T07:00:23.862+0000] {processor.py:840} INFO - DAG(s) 'example_short_circuit_operator' retrieved from /home/airflow/.local/lib/python3.8/site-packages/airflow/example_dags/example_short_circuit_operator.py
[2025-12-21T07:00:23.894+0000] {logging_mixin.py:188} INFO - [2025-12-21T07:00:23.894+0000] {dag.py:3047} INFO - Sync 1 DAGs
[2025-12-21T07:00:23.921+0000] {logging_mixin.py:188} INFO - [2025-12-21T07:00:23.920+0000] {dag.py:3834} INFO - Setting next_dagrun for example_short_circuit_operator to 2025-12-20 00:00:00+00:00, run_after=2025-12-21 00:00:00+00:00
[2025-12-21T07:00:23.945+0000] {processor.py:183} INFO - Processing /home/airflow/.local/lib/python3.8/site-packages/airflow/example_dags/example_short_circuit_operator.py took 0.102 seconds
[2025-12-21T07:00:54.255+0000] {processor.py:161} INFO - Started process (PID=282) to work on /home/airflow/.local/lib/python3.8/site-packages/airflow/example_dags/example_short_circuit_operator.py
[2025-12-21T07:00:54.257+0000] {processor.py:830} INFO - Processing file /home/airflow/.local/lib/python3.8/site-packages/airflow/example_dags/example_short_circuit_operator.py for tasks to queue
[2025-12-21T07:00:54.259+0000] {logging_mixin.py:188} INFO - [2025-12-21T07:00:54.258+0000] {dagbag.py:540} INFO - Filling up the DagBag from /home/airflow/.local/lib/python3.8/site-packages/airflow/example_dags/example_short_circuit_operator.py
[2025-12-21T07:00:54.267+0000] {processor.py:840} INFO - DAG(s) 'example_short_circuit_operator' retrieved from /home/airflow/.local/lib/python3.8/site-packages/airflow/example_dags/example_short_circuit_operator.py
[2025-12-21T07:00:54.294+0000] {logging_mixin.py:188} INFO - [2025-12-21T07:00:54.294+0000] {dag.py:3047} INFO - Sync 1 DAGs
[2025-12-21T07:00:54.317+0000] {logging_mixin.py:188} INFO - [2025-12-21T07:00:54.317+0000] {dag.py:3834} INFO - Setting next_dagrun for example_short_circuit_operator to 2025-12-20 00:00:00+00:00, run_after=2025-12-21 00:00:00+00:00
[2025-12-21T07:00:54.341+0000] {processor.py:183} INFO - Processing /home/airflow/.local/lib/python3.8/site-packages/airflow/example_dags/example_short_circuit_operator.py took 0.089 seconds
[2025-12-21T07:01:24.583+0000] {processor.py:161} INFO - Started process (PID=338) to work on /home/airflow/.local/lib/python3.8/site-packages/airflow/example_dags/example_short_circuit_operator.py
[2025-12-21T07:01:24.584+0000] {processor.py:830} INFO - Processing file /home/airflow/.local/lib/python3.8/site-packages/airflow/example_dags/example_short_circuit_operator.py for tasks to queue
[2025-12-21T07:01:24.587+0000] {logging_mixin.py:188} INFO - [2025-12-21T07:01:24.587+0000] {dagbag.py:540} INFO - Filling up the DagBag from /home/airflow/.local/lib/python3.8/site-packages/airflow/example_dags/example_short_circuit_operator.py
[2025-12-21T07:01:24.597+0000] {processor.py:840} INFO - DAG(s) 'example_short_circuit_operator' retrieved from /home/airflow/.local/lib/python3.8/site-packages/airflow/example_dags/example_short_circuit_operator.py
[2025-12-21T07:01:24.626+0000] {logging_mixin.py:188} INFO - [2025-12-21T07:01:24.626+0000] {dag.py:3047} INFO - Sync 1 DAGs
[2025-12-21T07:01:24.650+0000] {logging_mixin.py:188} INFO - [2025-12-21T07:01:24.650+0000] {dag.py:3834} INFO - Setting next_dagrun for example_short_circuit_operator to 2025-12-20 00:00:00+00:00, run_after=2025-12-21 00:00:00+00:00
[2025-12-21T07:01:24.675+0000] {processor.py:183} INFO - Processing /home/airflow/.local/lib/python3.8/site-packages/airflow/example_dags/example_short_circuit_operator.py took 0.096 seconds
[2025-12-21T07:01:54.807+0000] {processor.py:161} INFO - Started process (PID=393) to work on /home/airflow/.local/lib/python3.8/site-packages/airflow/example_dags/example_short_circuit_operator.py
[2025-12-21T07:01:54.809+0000] {processor.py:830} INFO - Processing file /home/airflow/.local/lib/python3.8/site-packages/airflow/example_dags/example_short_circuit_operator.py for tasks to queue
[2025-12-21T07:01:54.811+0000] {logging_mixin.py:188} INFO - [2025-12-21T07:01:54.811+0000] {dagbag.py:540} INFO - Filling up the DagBag from /home/airflow/.local/lib/python3.8/site-packages/airflow/example_dags/example_short_circuit_operator.py
[2025-12-21T07:01:54.821+0000] {processor.py:840} INFO - DAG(s) 'example_short_circuit_operator' retrieved from /home/airflow/.local/lib/python3.8/site-packages/airflow/example_dags/example_short_circuit_operator.py
[2025-12-21T07:01:54.848+0000] {logging_mixin.py:188} INFO - [2025-12-21T07:01:54.847+0000] {dag.py:3047} INFO - Sync 1 DAGs
[2025-12-21T07:01:54.872+0000] {logging_mixin.py:188} INFO - [2025-12-21T07:01:54.871+0000] {dag.py:3834} INFO - Setting next_dagrun for example_short_circuit_operator to 2025-12-20 00:00:00+00:00, run_after=2025-12-21 00:00:00+00:00
[2025-12-21T07:01:54.894+0000] {processor.py:183} INFO - Processing /home/airflow/.local/lib/python3.8/site-packages/airflow/example_dags/example_short_circuit_operator.py took 0.091 seconds
[2025-12-21T07:02:25.043+0000] {processor.py:161} INFO - Started process (PID=449) to work on /home/airflow/.local/lib/python3.8/site-packages/airflow/example_dags/example_short_circuit_operator.py
[2025-12-21T07:02:25.045+0000] {processor.py:830} INFO - Processing file /home/airflow/.local/lib/python3.8/site-packages/airflow/example_dags/example_short_circuit_operator.py for tasks to queue
[2025-12-21T07:02:25.047+0000] {logging_mixin.py:188} INFO - [2025-12-21T07:02:25.047+0000] {dagbag.py:540} INFO - Filling up the DagBag from /home/airflow/.local/lib/python3.8/site-packages/airflow/example_dags/example_short_circuit_operator.py
[2025-12-21T07:02:25.057+0000] {processor.py:840} INFO - DAG(s) 'example_short_circuit_operator' retrieved from /home/airflow/.local/lib/python3.8/site-packages/airflow/example_dags/example_short_circuit_operator.py
[2025-12-21T07:02:25.086+0000] {logging_mixin.py:188} INFO - [2025-12-21T07:02:25.085+0000] {dag.py:3047} INFO - Sync 1 DAGs
[2025-12-21T07:02:25.112+0000] {logging_mixin.py:188} INFO - [2025-12-21T07:02:25.112+0000] {dag.py:3834} INFO - Setting next_dagrun for example_short_circuit_operator to 2025-12-20 00:00:00+00:00, run_after=2025-12-21 00:00:00+00:00
[2025-12-21T07:02:25.138+0000] {processor.py:183} INFO - Processing /home/airflow/.local/lib/python3.8/site-packages/airflow/example_dags/example_short_circuit_operator.py took 0.099 seconds
[2025-12-21T07:02:55.506+0000] {processor.py:161} INFO - Started process (PID=505) to work on /home/airflow/.local/lib/python3.8/site-packages/airflow/example_dags/example_short_circuit_operator.py
[2025-12-21T07:02:55.511+0000] {processor.py:830} INFO - Processing file /home/airflow/.local/lib/python3.8/site-packages/airflow/example_dags/example_short_circuit_operator.py for tasks to queue
[2025-12-21T07:02:55.517+0000] {logging_mixin.py:188} INFO - [2025-12-21T07:02:55.516+0000] {dagbag.py:540} INFO - Filling up the DagBag from /home/airflow/.local/lib/python3.8/site-packages/airflow/example_dags/example_short_circuit_operator.py
[2025-12-21T07:02:55.538+0000] {processor.py:840} INFO - DAG(s) 'example_short_circuit_operator' retrieved from /home/airflow/.local/lib/python3.8/site-packages/airflow/example_dags/example_short_circuit_operator.py
[2025-12-21T07:02:55.612+0000] {logging_mixin.py:188} INFO - [2025-12-21T07:02:55.611+0000] {dag.py:3047} INFO - Sync 1 DAGs
[2025-12-21T07:02:55.665+0000] {logging_mixin.py:188} INFO - [2025-12-21T07:02:55.664+0000] {dag.py:3834} INFO - Setting next_dagrun for example_short_circuit_operator to 2025-12-20 00:00:00+00:00, run_after=2025-12-21 00:00:00+00:00
[2025-12-21T07:02:55.696+0000] {processor.py:183} INFO - Processing /home/airflow/.local/lib/python3.8/site-packages/airflow/example_dags/example_short_circuit_operator.py took 0.201 seconds
[2025-12-21T07:03:25.919+0000] {processor.py:161} INFO - Started process (PID=561) to work on /home/airflow/.local/lib/python3.8/site-packages/airflow/example_dags/example_short_circuit_operator.py
[2025-12-21T07:03:25.921+0000] {processor.py:830} INFO - Processing file /home/airflow/.local/lib/python3.8/site-packages/airflow/example_dags/example_short_circuit_operator.py for tasks to queue
[2025-12-21T07:03:25.924+0000] {logging_mixin.py:188} INFO - [2025-12-21T07:03:25.923+0000] {dagbag.py:540} INFO - Filling up the DagBag from /home/airflow/.local/lib/python3.8/site-packages/airflow/example_dags/example_short_circuit_operator.py
[2025-12-21T07:03:25.932+0000] {processor.py:840} INFO - DAG(s) 'example_short_circuit_operator' retrieved from /home/airflow/.local/lib/python3.8/site-packages/airflow/example_dags/example_short_circuit_operator.py
[2025-12-21T07:03:25.958+0000] {logging_mixin.py:188} INFO - [2025-12-21T07:03:25.958+0000] {dag.py:3047} INFO - Sync 1 DAGs
[2025-12-21T07:03:25.980+0000] {logging_mixin.py:188} INFO - [2025-12-21T07:03:25.980+0000] {dag.py:3834} INFO - Setting next_dagrun for example_short_circuit_operator to 2025-12-20 00:00:00+00:00, run_after=2025-12-21 00:00:00+00:00
[2025-12-21T07:03:26.002+0000] {processor.py:183} INFO - Processing /home/airflow/.local/lib/python3.8/site-packages/airflow/example_dags/example_short_circuit_operator.py took 0.087 seconds
[2025-12-21T07:03:56.609+0000] {processor.py:161} INFO - Started process (PID=617) to work on /home/airflow/.local/lib/python3.8/site-packages/airflow/example_dags/example_short_circuit_operator.py
[2025-12-21T07:03:56.610+0000] {processor.py:830} INFO - Processing file /home/airflow/.local/lib/python3.8/site-packages/airflow/example_dags/example_short_circuit_operator.py for tasks to queue
[2025-12-21T07:03:56.612+0000] {logging_mixin.py:188} INFO - [2025-12-21T07:03:56.612+0000] {dagbag.py:540} INFO - Filling up the DagBag from /home/airflow/.local/lib/python3.8/site-packages/airflow/example_dags/example_short_circuit_operator.py
[2025-12-21T07:03:56.621+0000] {processor.py:840} INFO - DAG(s) 'example_short_circuit_operator' retrieved from /home/airflow/.local/lib/python3.8/site-packages/airflow/example_dags/example_short_circuit_operator.py
[2025-12-21T07:03:56.646+0000] {logging_mixin.py:188} INFO - [2025-12-21T07:03:56.646+0000] {dag.py:3047} INFO - Sync 1 DAGs
[2025-12-21T07:03:56.667+0000] {logging_mixin.py:188} INFO - [2025-12-21T07:03:56.667+0000] {dag.py:3834} INFO - Setting next_dagrun for example_short_circuit_operator to 2025-12-20 00:00:00+00:00, run_after=2025-12-21 00:00:00+00:00
[2025-12-21T07:03:56.686+0000] {processor.py:183} INFO - Processing /home/airflow/.local/lib/python3.8/site-packages/airflow/example_dags/example_short_circuit_operator.py took 0.081 seconds
[2025-12-21T07:04:27.411+0000] {processor.py:161} INFO - Started process (PID=673) to work on /home/airflow/.local/lib/python3.8/site-packages/airflow/example_dags/example_short_circuit_operator.py
[2025-12-21T07:04:27.412+0000] {processor.py:830} INFO - Processing file /home/airflow/.local/lib/python3.8/site-packages/airflow/example_dags/example_short_circuit_operator.py for tasks to queue
[2025-12-21T07:04:27.415+0000] {logging_mixin.py:188} INFO - [2025-12-21T07:04:27.415+0000] {dagbag.py:540} INFO - Filling up the DagBag from /home/airflow/.local/lib/python3.8/site-packages/airflow/example_dags/example_short_circuit_operator.py
[2025-12-21T07:04:27.423+0000] {processor.py:840} INFO - DAG(s) 'example_short_circuit_operator' retrieved from /home/airflow/.local/lib/python3.8/site-packages/airflow/example_dags/example_short_circuit_operator.py
[2025-12-21T07:04:27.452+0000] {logging_mixin.py:188} INFO - [2025-12-21T07:04:27.451+0000] {dag.py:3047} INFO - Sync 1 DAGs
[2025-12-21T07:04:27.479+0000] {logging_mixin.py:188} INFO - [2025-12-21T07:04:27.478+0000] {dag.py:3834} INFO - Setting next_dagrun for example_short_circuit_operator to 2025-12-20 00:00:00+00:00, run_after=2025-12-21 00:00:00+00:00
[2025-12-21T07:04:27.501+0000] {processor.py:183} INFO - Processing /home/airflow/.local/lib/python3.8/site-packages/airflow/example_dags/example_short_circuit_operator.py took 0.095 seconds
[2025-12-21T07:04:57.750+0000] {processor.py:161} INFO - Started process (PID=729) to work on /home/airflow/.local/lib/python3.8/site-packages/airflow/example_dags/example_short_circuit_operator.py
[2025-12-21T07:04:57.752+0000] {processor.py:830} INFO - Processing file /home/airflow/.local/lib/python3.8/site-packages/airflow/example_dags/example_short_circuit_operator.py for tasks to queue
[2025-12-21T07:04:57.754+0000] {logging_mixin.py:188} INFO - [2025-12-21T07:04:57.753+0000] {dagbag.py:540} INFO - Filling up the DagBag from /home/airflow/.local/lib/python3.8/site-packages/airflow/example_dags/example_short_circuit_operator.py
[2025-12-21T07:04:57.761+0000] {processor.py:840} INFO - DAG(s) 'example_short_circuit_operator' retrieved from /home/airflow/.local/lib/python3.8/site-packages/airflow/example_dags/example_short_circuit_operator.py
[2025-12-21T07:04:57.786+0000] {logging_mixin.py:188} INFO - [2025-12-21T07:04:57.786+0000] {dag.py:3047} INFO - Sync 1 DAGs
[2025-12-21T07:04:57.808+0000] {logging_mixin.py:188} INFO - [2025-12-21T07:04:57.808+0000] {dag.py:3834} INFO - Setting next_dagrun for example_short_circuit_operator to 2025-12-20 00:00:00+00:00, run_after=2025-12-21 00:00:00+00:00
[2025-12-21T07:04:57.829+0000] {processor.py:183} INFO - Processing /home/airflow/.local/lib/python3.8/site-packages/airflow/example_dags/example_short_circuit_operator.py took 0.083 seconds
[2025-12-21T07:05:28.096+0000] {processor.py:161} INFO - Started process (PID=785) to work on /home/airflow/.local/lib/python3.8/site-packages/airflow/example_dags/example_short_circuit_operator.py
[2025-12-21T07:05:28.098+0000] {processor.py:830} INFO - Processing file /home/airflow/.local/lib/python3.8/site-packages/airflow/example_dags/example_short_circuit_operator.py for tasks to queue
[2025-12-21T07:05:28.101+0000] {logging_mixin.py:188} INFO - [2025-12-21T07:05:28.101+0000] {dagbag.py:540} INFO - Filling up the DagBag from /home/airflow/.local/lib/python3.8/site-packages/airflow/example_dags/example_short_circuit_operator.py
[2025-12-21T07:05:28.110+0000] {processor.py:840} INFO - DAG(s) 'example_short_circuit_operator' retrieved from /home/airflow/.local/lib/python3.8/site-packages/airflow/example_dags/example_short_circuit_operator.py
[2025-12-21T07:05:28.144+0000] {logging_mixin.py:188} INFO - [2025-12-21T07:05:28.143+0000] {dag.py:3047} INFO - Sync 1 DAGs
[2025-12-21T07:05:28.174+0000] {logging_mixin.py:188} INFO - [2025-12-21T07:05:28.173+0000] {dag.py:3834} INFO - Setting next_dagrun for example_short_circuit_operator to 2025-12-20 00:00:00+00:00, run_after=2025-12-21 00:00:00+00:00
[2025-12-21T07:05:28.204+0000] {processor.py:183} INFO - Processing /home/airflow/.local/lib/python3.8/site-packages/airflow/example_dags/example_short_circuit_operator.py took 0.112 seconds
[2025-12-21T07:05:58.432+0000] {processor.py:161} INFO - Started process (PID=841) to work on /home/airflow/.local/lib/python3.8/site-packages/airflow/example_dags/example_short_circuit_operator.py
[2025-12-21T07:05:58.433+0000] {processor.py:830} INFO - Processing file /home/airflow/.local/lib/python3.8/site-packages/airflow/example_dags/example_short_circuit_operator.py for tasks to queue
[2025-12-21T07:05:58.435+0000] {logging_mixin.py:188} INFO - [2025-12-21T07:05:58.435+0000] {dagbag.py:540} INFO - Filling up the DagBag from /home/airflow/.local/lib/python3.8/site-packages/airflow/example_dags/example_short_circuit_operator.py
[2025-12-21T07:05:58.443+0000] {processor.py:840} INFO - DAG(s) 'example_short_circuit_operator' retrieved from /home/airflow/.local/lib/python3.8/site-packages/airflow/example_dags/example_short_circuit_operator.py
[2025-12-21T07:05:58.471+0000] {logging_mixin.py:188} INFO - [2025-12-21T07:05:58.471+0000] {dag.py:3047} INFO - Sync 1 DAGs
[2025-12-21T07:05:58.498+0000] {logging_mixin.py:188} INFO - [2025-12-21T07:05:58.498+0000] {dag.py:3834} INFO - Setting next_dagrun for example_short_circuit_operator to 2025-12-20 00:00:00+00:00, run_after=2025-12-21 00:00:00+00:00
[2025-12-21T07:05:58.522+0000] {processor.py:183} INFO - Processing /home/airflow/.local/lib/python3.8/site-packages/airflow/example_dags/example_short_circuit_operator.py took 0.095 seconds
[2025-12-21T07:06:28.840+0000] {processor.py:161} INFO - Started process (PID=897) to work on /home/airflow/.local/lib/python3.8/site-packages/airflow/example_dags/example_short_circuit_operator.py
[2025-12-21T07:06:28.841+0000] {processor.py:830} INFO - Processing file /home/airflow/.local/lib/python3.8/site-packages/airflow/example_dags/example_short_circuit_operator.py for tasks to queue
[2025-12-21T07:06:28.844+0000] {logging_mixin.py:188} INFO - [2025-12-21T07:06:28.844+0000] {dagbag.py:540} INFO - Filling up the DagBag from /home/airflow/.local/lib/python3.8/site-packages/airflow/example_dags/example_short_circuit_operator.py
[2025-12-21T07:06:28.853+0000] {processor.py:840} INFO - DAG(s) 'example_short_circuit_operator' retrieved from /home/airflow/.local/lib/python3.8/site-packages/airflow/example_dags/example_short_circuit_operator.py
[2025-12-21T07:06:28.882+0000] {logging_mixin.py:188} INFO - [2025-12-21T07:06:28.881+0000] {dag.py:3047} INFO - Sync 1 DAGs
[2025-12-21T07:06:28.907+0000] {logging_mixin.py:188} INFO - [2025-12-21T07:06:28.907+0000] {dag.py:3834} INFO - Setting next_dagrun for example_short_circuit_operator to 2025-12-20 00:00:00+00:00, run_after=2025-12-21 00:00:00+00:00
[2025-12-21T07:06:28.931+0000] {processor.py:183} INFO - Processing /home/airflow/.local/lib/python3.8/site-packages/airflow/example_dags/example_short_circuit_operator.py took 0.096 seconds
[2025-12-21T07:06:59.145+0000] {processor.py:161} INFO - Started process (PID=953) to work on /home/airflow/.local/lib/python3.8/site-packages/airflow/example_dags/example_short_circuit_operator.py
[2025-12-21T07:06:59.146+0000] {processor.py:830} INFO - Processing file /home/airflow/.local/lib/python3.8/site-packages/airflow/example_dags/example_short_circuit_operator.py for tasks to queue
[2025-12-21T07:06:59.149+0000] {logging_mixin.py:188} INFO - [2025-12-21T07:06:59.148+0000] {dagbag.py:540} INFO - Filling up the DagBag from /home/airflow/.local/lib/python3.8/site-packages/airflow/example_dags/example_short_circuit_operator.py
[2025-12-21T07:06:59.156+0000] {processor.py:840} INFO - DAG(s) 'example_short_circuit_operator' retrieved from /home/airflow/.local/lib/python3.8/site-packages/airflow/example_dags/example_short_circuit_operator.py
[2025-12-21T07:06:59.185+0000] {logging_mixin.py:188} INFO - [2025-12-21T07:06:59.185+0000] {dag.py:3047} INFO - Sync 1 DAGs
[2025-12-21T07:06:59.210+0000] {logging_mixin.py:188} INFO - [2025-12-21T07:06:59.210+0000] {dag.py:3834} INFO - Setting next_dagrun for example_short_circuit_operator to 2025-12-20 00:00:00+00:00, run_after=2025-12-21 00:00:00+00:00
[2025-12-21T07:06:59.235+0000] {processor.py:183} INFO - Processing /home/airflow/.local/lib/python3.8/site-packages/airflow/example_dags/example_short_circuit_operator.py took 0.093 seconds
[2025-12-21T07:07:29.659+0000] {processor.py:161} INFO - Started process (PID=1009) to work on /home/airflow/.local/lib/python3.8/site-packages/airflow/example_dags/example_short_circuit_operator.py
[2025-12-21T07:07:29.660+0000] {processor.py:830} INFO - Processing file /home/airflow/.local/lib/python3.8/site-packages/airflow/example_dags/example_short_circuit_operator.py for tasks to queue
[2025-12-21T07:07:29.662+0000] {logging_mixin.py:188} INFO - [2025-12-21T07:07:29.662+0000] {dagbag.py:540} INFO - Filling up the DagBag from /home/airflow/.local/lib/python3.8/site-packages/airflow/example_dags/example_short_circuit_operator.py
[2025-12-21T07:07:29.670+0000] {processor.py:840} INFO - DAG(s) 'example_short_circuit_operator' retrieved from /home/airflow/.local/lib/python3.8/site-packages/airflow/example_dags/example_short_circuit_operator.py
[2025-12-21T07:07:29.697+0000] {logging_mixin.py:188} INFO - [2025-12-21T07:07:29.697+0000] {dag.py:3047} INFO - Sync 1 DAGs
[2025-12-21T07:07:29.724+0000] {logging_mixin.py:188} INFO - [2025-12-21T07:07:29.723+0000] {dag.py:3834} INFO - Setting next_dagrun for example_short_circuit_operator to 2025-12-20 00:00:00+00:00, run_after=2025-12-21 00:00:00+00:00
[2025-12-21T07:07:29.744+0000] {processor.py:183} INFO - Processing /home/airflow/.local/lib/python3.8/site-packages/airflow/example_dags/example_short_circuit_operator.py took 0.089 seconds
[2025-12-21T07:08:00.430+0000] {processor.py:161} INFO - Started process (PID=1065) to work on /home/airflow/.local/lib/python3.8/site-packages/airflow/example_dags/example_short_circuit_operator.py
[2025-12-21T07:08:00.432+0000] {processor.py:830} INFO - Processing file /home/airflow/.local/lib/python3.8/site-packages/airflow/example_dags/example_short_circuit_operator.py for tasks to queue
[2025-12-21T07:08:00.435+0000] {logging_mixin.py:188} INFO - [2025-12-21T07:08:00.434+0000] {dagbag.py:540} INFO - Filling up the DagBag from /home/airflow/.local/lib/python3.8/site-packages/airflow/example_dags/example_short_circuit_operator.py
[2025-12-21T07:08:00.446+0000] {processor.py:840} INFO - DAG(s) 'example_short_circuit_operator' retrieved from /home/airflow/.local/lib/python3.8/site-packages/airflow/example_dags/example_short_circuit_operator.py
[2025-12-21T07:08:00.473+0000] {logging_mixin.py:188} INFO - [2025-12-21T07:08:00.473+0000] {dag.py:3047} INFO - Sync 1 DAGs
[2025-12-21T07:08:00.497+0000] {logging_mixin.py:188} INFO - [2025-12-21T07:08:00.497+0000] {dag.py:3834} INFO - Setting next_dagrun for example_short_circuit_operator to 2025-12-20 00:00:00+00:00, run_after=2025-12-21 00:00:00+00:00
[2025-12-21T07:08:00.521+0000] {processor.py:183} INFO - Processing /home/airflow/.local/lib/python3.8/site-packages/airflow/example_dags/example_short_circuit_operator.py took 0.097 seconds
[2025-12-21T07:08:30.588+0000] {processor.py:161} INFO - Started process (PID=1121) to work on /home/airflow/.local/lib/python3.8/site-packages/airflow/example_dags/example_short_circuit_operator.py
[2025-12-21T07:08:30.590+0000] {processor.py:830} INFO - Processing file /home/airflow/.local/lib/python3.8/site-packages/airflow/example_dags/example_short_circuit_operator.py for tasks to queue
[2025-12-21T07:08:30.592+0000] {logging_mixin.py:188} INFO - [2025-12-21T07:08:30.592+0000] {dagbag.py:540} INFO - Filling up the DagBag from /home/airflow/.local/lib/python3.8/site-packages/airflow/example_dags/example_short_circuit_operator.py
[2025-12-21T07:08:30.601+0000] {processor.py:840} INFO - DAG(s) 'example_short_circuit_operator' retrieved from /home/airflow/.local/lib/python3.8/site-packages/airflow/example_dags/example_short_circuit_operator.py
[2025-12-21T07:08:30.630+0000] {logging_mixin.py:188} INFO - [2025-12-21T07:08:30.629+0000] {dag.py:3047} INFO - Sync 1 DAGs
[2025-12-21T07:08:30.653+0000] {logging_mixin.py:188} INFO - [2025-12-21T07:08:30.653+0000] {dag.py:3834} INFO - Setting next_dagrun for example_short_circuit_operator to 2025-12-20 00:00:00+00:00, run_after=2025-12-21 00:00:00+00:00
[2025-12-21T07:08:30.675+0000] {processor.py:183} INFO - Processing /home/airflow/.local/lib/python3.8/site-packages/airflow/example_dags/example_short_circuit_operator.py took 0.091 seconds
[2025-12-21T07:11:42.397+0000] {processor.py:161} INFO - Started process (PID=64) to work on /home/airflow/.local/lib/python3.8/site-packages/airflow/example_dags/example_short_circuit_operator.py
[2025-12-21T07:11:42.399+0000] {processor.py:830} INFO - Processing file /home/airflow/.local/lib/python3.8/site-packages/airflow/example_dags/example_short_circuit_operator.py for tasks to queue
[2025-12-21T07:11:42.402+0000] {logging_mixin.py:188} INFO - [2025-12-21T07:11:42.402+0000] {dagbag.py:540} INFO - Filling up the DagBag from /home/airflow/.local/lib/python3.8/site-packages/airflow/example_dags/example_short_circuit_operator.py
[2025-12-21T07:11:42.415+0000] {processor.py:840} INFO - DAG(s) 'example_short_circuit_operator' retrieved from /home/airflow/.local/lib/python3.8/site-packages/airflow/example_dags/example_short_circuit_operator.py
[2025-12-21T07:11:42.436+0000] {logging_mixin.py:188} INFO - [2025-12-21T07:11:42.436+0000] {dag.py:3047} INFO - Sync 1 DAGs
[2025-12-21T07:11:42.469+0000] {logging_mixin.py:188} INFO - [2025-12-21T07:11:42.469+0000] {dag.py:3834} INFO - Setting next_dagrun for example_short_circuit_operator to 2025-12-20 00:00:00+00:00, run_after=2025-12-21 00:00:00+00:00
[2025-12-21T07:11:42.498+0000] {processor.py:183} INFO - Processing /home/airflow/.local/lib/python3.8/site-packages/airflow/example_dags/example_short_circuit_operator.py took 0.108 seconds
[2025-12-21T07:12:13.955+0000] {processor.py:161} INFO - Started process (PID=125) to work on /home/airflow/.local/lib/python3.8/site-packages/airflow/example_dags/example_short_circuit_operator.py
[2025-12-21T07:12:13.957+0000] {processor.py:830} INFO - Processing file /home/airflow/.local/lib/python3.8/site-packages/airflow/example_dags/example_short_circuit_operator.py for tasks to queue
[2025-12-21T07:12:13.959+0000] {logging_mixin.py:188} INFO - [2025-12-21T07:12:13.959+0000] {dagbag.py:540} INFO - Filling up the DagBag from /home/airflow/.local/lib/python3.8/site-packages/airflow/example_dags/example_short_circuit_operator.py
[2025-12-21T07:12:13.967+0000] {processor.py:840} INFO - DAG(s) 'example_short_circuit_operator' retrieved from /home/airflow/.local/lib/python3.8/site-packages/airflow/example_dags/example_short_circuit_operator.py
[2025-12-21T07:12:14.059+0000] {logging_mixin.py:188} INFO - [2025-12-21T07:12:14.059+0000] {dag.py:3047} INFO - Sync 1 DAGs
[2025-12-21T07:12:14.077+0000] {logging_mixin.py:188} INFO - [2025-12-21T07:12:14.077+0000] {dag.py:3834} INFO - Setting next_dagrun for example_short_circuit_operator to 2025-12-20 00:00:00+00:00, run_after=2025-12-21 00:00:00+00:00
[2025-12-21T07:12:14.095+0000] {processor.py:183} INFO - Processing /home/airflow/.local/lib/python3.8/site-packages/airflow/example_dags/example_short_circuit_operator.py took 0.144 seconds
[2025-12-21T07:12:44.687+0000] {processor.py:161} INFO - Started process (PID=181) to work on /home/airflow/.local/lib/python3.8/site-packages/airflow/example_dags/example_short_circuit_operator.py
[2025-12-21T07:12:44.688+0000] {processor.py:830} INFO - Processing file /home/airflow/.local/lib/python3.8/site-packages/airflow/example_dags/example_short_circuit_operator.py for tasks to queue
[2025-12-21T07:12:44.690+0000] {logging_mixin.py:188} INFO - [2025-12-21T07:12:44.690+0000] {dagbag.py:540} INFO - Filling up the DagBag from /home/airflow/.local/lib/python3.8/site-packages/airflow/example_dags/example_short_circuit_operator.py
[2025-12-21T07:12:44.699+0000] {processor.py:840} INFO - DAG(s) 'example_short_circuit_operator' retrieved from /home/airflow/.local/lib/python3.8/site-packages/airflow/example_dags/example_short_circuit_operator.py
[2025-12-21T07:12:44.730+0000] {logging_mixin.py:188} INFO - [2025-12-21T07:12:44.730+0000] {dag.py:3047} INFO - Sync 1 DAGs
[2025-12-21T07:12:44.759+0000] {logging_mixin.py:188} INFO - [2025-12-21T07:12:44.759+0000] {dag.py:3834} INFO - Setting next_dagrun for example_short_circuit_operator to 2025-12-20 00:00:00+00:00, run_after=2025-12-21 00:00:00+00:00
[2025-12-21T07:12:44.782+0000] {processor.py:183} INFO - Processing /home/airflow/.local/lib/python3.8/site-packages/airflow/example_dags/example_short_circuit_operator.py took 0.099 seconds
[2025-12-21T07:13:15.415+0000] {processor.py:161} INFO - Started process (PID=237) to work on /home/airflow/.local/lib/python3.8/site-packages/airflow/example_dags/example_short_circuit_operator.py
[2025-12-21T07:13:15.416+0000] {processor.py:830} INFO - Processing file /home/airflow/.local/lib/python3.8/site-packages/airflow/example_dags/example_short_circuit_operator.py for tasks to queue
[2025-12-21T07:13:15.418+0000] {logging_mixin.py:188} INFO - [2025-12-21T07:13:15.418+0000] {dagbag.py:540} INFO - Filling up the DagBag from /home/airflow/.local/lib/python3.8/site-packages/airflow/example_dags/example_short_circuit_operator.py
[2025-12-21T07:13:15.426+0000] {processor.py:840} INFO - DAG(s) 'example_short_circuit_operator' retrieved from /home/airflow/.local/lib/python3.8/site-packages/airflow/example_dags/example_short_circuit_operator.py
[2025-12-21T07:13:15.453+0000] {logging_mixin.py:188} INFO - [2025-12-21T07:13:15.453+0000] {dag.py:3047} INFO - Sync 1 DAGs
[2025-12-21T07:13:15.479+0000] {logging_mixin.py:188} INFO - [2025-12-21T07:13:15.479+0000] {dag.py:3834} INFO - Setting next_dagrun for example_short_circuit_operator to 2025-12-20 00:00:00+00:00, run_after=2025-12-21 00:00:00+00:00
[2025-12-21T07:13:15.502+0000] {processor.py:183} INFO - Processing /home/airflow/.local/lib/python3.8/site-packages/airflow/example_dags/example_short_circuit_operator.py took 0.091 seconds
[2025-12-21T07:13:46.425+0000] {processor.py:161} INFO - Started process (PID=293) to work on /home/airflow/.local/lib/python3.8/site-packages/airflow/example_dags/example_short_circuit_operator.py
[2025-12-21T07:13:46.428+0000] {processor.py:830} INFO - Processing file /home/airflow/.local/lib/python3.8/site-packages/airflow/example_dags/example_short_circuit_operator.py for tasks to queue
[2025-12-21T07:13:46.431+0000] {logging_mixin.py:188} INFO - [2025-12-21T07:13:46.430+0000] {dagbag.py:540} INFO - Filling up the DagBag from /home/airflow/.local/lib/python3.8/site-packages/airflow/example_dags/example_short_circuit_operator.py
[2025-12-21T07:13:46.439+0000] {processor.py:840} INFO - DAG(s) 'example_short_circuit_operator' retrieved from /home/airflow/.local/lib/python3.8/site-packages/airflow/example_dags/example_short_circuit_operator.py
[2025-12-21T07:13:46.468+0000] {logging_mixin.py:188} INFO - [2025-12-21T07:13:46.468+0000] {dag.py:3047} INFO - Sync 1 DAGs
[2025-12-21T07:13:46.493+0000] {logging_mixin.py:188} INFO - [2025-12-21T07:13:46.493+0000] {dag.py:3834} INFO - Setting next_dagrun for example_short_circuit_operator to 2025-12-20 00:00:00+00:00, run_after=2025-12-21 00:00:00+00:00
[2025-12-21T07:13:46.521+0000] {processor.py:183} INFO - Processing /home/airflow/.local/lib/python3.8/site-packages/airflow/example_dags/example_short_circuit_operator.py took 0.099 seconds
[2025-12-21T07:14:17.099+0000] {processor.py:161} INFO - Started process (PID=349) to work on /home/airflow/.local/lib/python3.8/site-packages/airflow/example_dags/example_short_circuit_operator.py
[2025-12-21T07:14:17.100+0000] {processor.py:830} INFO - Processing file /home/airflow/.local/lib/python3.8/site-packages/airflow/example_dags/example_short_circuit_operator.py for tasks to queue
[2025-12-21T07:14:17.103+0000] {logging_mixin.py:188} INFO - [2025-12-21T07:14:17.102+0000] {dagbag.py:540} INFO - Filling up the DagBag from /home/airflow/.local/lib/python3.8/site-packages/airflow/example_dags/example_short_circuit_operator.py
[2025-12-21T07:14:17.111+0000] {processor.py:840} INFO - DAG(s) 'example_short_circuit_operator' retrieved from /home/airflow/.local/lib/python3.8/site-packages/airflow/example_dags/example_short_circuit_operator.py
[2025-12-21T07:14:17.136+0000] {logging_mixin.py:188} INFO - [2025-12-21T07:14:17.136+0000] {dag.py:3047} INFO - Sync 1 DAGs
[2025-12-21T07:14:17.160+0000] {logging_mixin.py:188} INFO - [2025-12-21T07:14:17.160+0000] {dag.py:3834} INFO - Setting next_dagrun for example_short_circuit_operator to 2025-12-20 00:00:00+00:00, run_after=2025-12-21 00:00:00+00:00
[2025-12-21T07:14:17.181+0000] {processor.py:183} INFO - Processing /home/airflow/.local/lib/python3.8/site-packages/airflow/example_dags/example_short_circuit_operator.py took 0.086 seconds
[2025-12-21T07:14:47.843+0000] {processor.py:161} INFO - Started process (PID=405) to work on /home/airflow/.local/lib/python3.8/site-packages/airflow/example_dags/example_short_circuit_operator.py
[2025-12-21T07:14:47.844+0000] {processor.py:830} INFO - Processing file /home/airflow/.local/lib/python3.8/site-packages/airflow/example_dags/example_short_circuit_operator.py for tasks to queue
[2025-12-21T07:14:47.847+0000] {logging_mixin.py:188} INFO - [2025-12-21T07:14:47.847+0000] {dagbag.py:540} INFO - Filling up the DagBag from /home/airflow/.local/lib/python3.8/site-packages/airflow/example_dags/example_short_circuit_operator.py
[2025-12-21T07:14:47.858+0000] {processor.py:840} INFO - DAG(s) 'example_short_circuit_operator' retrieved from /home/airflow/.local/lib/python3.8/site-packages/airflow/example_dags/example_short_circuit_operator.py
[2025-12-21T07:14:47.885+0000] {logging_mixin.py:188} INFO - [2025-12-21T07:14:47.884+0000] {dag.py:3047} INFO - Sync 1 DAGs
[2025-12-21T07:14:47.909+0000] {logging_mixin.py:188} INFO - [2025-12-21T07:14:47.909+0000] {dag.py:3834} INFO - Setting next_dagrun for example_short_circuit_operator to 2025-12-20 00:00:00+00:00, run_after=2025-12-21 00:00:00+00:00
[2025-12-21T07:14:47.933+0000] {processor.py:183} INFO - Processing /home/airflow/.local/lib/python3.8/site-packages/airflow/example_dags/example_short_circuit_operator.py took 0.094 seconds
[2025-12-21T07:15:18.105+0000] {processor.py:161} INFO - Started process (PID=461) to work on /home/airflow/.local/lib/python3.8/site-packages/airflow/example_dags/example_short_circuit_operator.py
[2025-12-21T07:15:18.106+0000] {processor.py:830} INFO - Processing file /home/airflow/.local/lib/python3.8/site-packages/airflow/example_dags/example_short_circuit_operator.py for tasks to queue
[2025-12-21T07:15:18.109+0000] {logging_mixin.py:188} INFO - [2025-12-21T07:15:18.109+0000] {dagbag.py:540} INFO - Filling up the DagBag from /home/airflow/.local/lib/python3.8/site-packages/airflow/example_dags/example_short_circuit_operator.py
[2025-12-21T07:15:18.119+0000] {processor.py:840} INFO - DAG(s) 'example_short_circuit_operator' retrieved from /home/airflow/.local/lib/python3.8/site-packages/airflow/example_dags/example_short_circuit_operator.py
[2025-12-21T07:15:18.147+0000] {logging_mixin.py:188} INFO - [2025-12-21T07:15:18.147+0000] {dag.py:3047} INFO - Sync 1 DAGs
[2025-12-21T07:15:18.171+0000] {logging_mixin.py:188} INFO - [2025-12-21T07:15:18.171+0000] {dag.py:3834} INFO - Setting next_dagrun for example_short_circuit_operator to 2025-12-20 00:00:00+00:00, run_after=2025-12-21 00:00:00+00:00
[2025-12-21T07:15:18.194+0000] {processor.py:183} INFO - Processing /home/airflow/.local/lib/python3.8/site-packages/airflow/example_dags/example_short_circuit_operator.py took 0.094 seconds
[2025-12-21T07:15:48.504+0000] {processor.py:161} INFO - Started process (PID=517) to work on /home/airflow/.local/lib/python3.8/site-packages/airflow/example_dags/example_short_circuit_operator.py
[2025-12-21T07:15:48.505+0000] {processor.py:830} INFO - Processing file /home/airflow/.local/lib/python3.8/site-packages/airflow/example_dags/example_short_circuit_operator.py for tasks to queue
[2025-12-21T07:15:48.508+0000] {logging_mixin.py:188} INFO - [2025-12-21T07:15:48.508+0000] {dagbag.py:540} INFO - Filling up the DagBag from /home/airflow/.local/lib/python3.8/site-packages/airflow/example_dags/example_short_circuit_operator.py
[2025-12-21T07:15:48.519+0000] {processor.py:840} INFO - DAG(s) 'example_short_circuit_operator' retrieved from /home/airflow/.local/lib/python3.8/site-packages/airflow/example_dags/example_short_circuit_operator.py
[2025-12-21T07:15:48.544+0000] {logging_mixin.py:188} INFO - [2025-12-21T07:15:48.544+0000] {dag.py:3047} INFO - Sync 1 DAGs
[2025-12-21T07:15:48.567+0000] {logging_mixin.py:188} INFO - [2025-12-21T07:15:48.567+0000] {dag.py:3834} INFO - Setting next_dagrun for example_short_circuit_operator to 2025-12-20 00:00:00+00:00, run_after=2025-12-21 00:00:00+00:00
[2025-12-21T07:15:48.588+0000] {processor.py:183} INFO - Processing /home/airflow/.local/lib/python3.8/site-packages/airflow/example_dags/example_short_circuit_operator.py took 0.087 seconds
[2025-12-21T07:16:19.449+0000] {processor.py:161} INFO - Started process (PID=573) to work on /home/airflow/.local/lib/python3.8/site-packages/airflow/example_dags/example_short_circuit_operator.py
[2025-12-21T07:16:19.451+0000] {processor.py:830} INFO - Processing file /home/airflow/.local/lib/python3.8/site-packages/airflow/example_dags/example_short_circuit_operator.py for tasks to queue
[2025-12-21T07:16:19.455+0000] {logging_mixin.py:188} INFO - [2025-12-21T07:16:19.454+0000] {dagbag.py:540} INFO - Filling up the DagBag from /home/airflow/.local/lib/python3.8/site-packages/airflow/example_dags/example_short_circuit_operator.py
[2025-12-21T07:16:19.470+0000] {processor.py:840} INFO - DAG(s) 'example_short_circuit_operator' retrieved from /home/airflow/.local/lib/python3.8/site-packages/airflow/example_dags/example_short_circuit_operator.py
[2025-12-21T07:16:19.505+0000] {logging_mixin.py:188} INFO - [2025-12-21T07:16:19.504+0000] {dag.py:3047} INFO - Sync 1 DAGs
[2025-12-21T07:16:19.544+0000] {logging_mixin.py:188} INFO - [2025-12-21T07:16:19.544+0000] {dag.py:3834} INFO - Setting next_dagrun for example_short_circuit_operator to 2025-12-20 00:00:00+00:00, run_after=2025-12-21 00:00:00+00:00
[2025-12-21T07:16:19.578+0000] {processor.py:183} INFO - Processing /home/airflow/.local/lib/python3.8/site-packages/airflow/example_dags/example_short_circuit_operator.py took 0.134 seconds
[2025-12-21T07:16:50.320+0000] {processor.py:161} INFO - Started process (PID=629) to work on /home/airflow/.local/lib/python3.8/site-packages/airflow/example_dags/example_short_circuit_operator.py
[2025-12-21T07:16:50.322+0000] {processor.py:830} INFO - Processing file /home/airflow/.local/lib/python3.8/site-packages/airflow/example_dags/example_short_circuit_operator.py for tasks to queue
[2025-12-21T07:16:50.324+0000] {logging_mixin.py:188} INFO - [2025-12-21T07:16:50.324+0000] {dagbag.py:540} INFO - Filling up the DagBag from /home/airflow/.local/lib/python3.8/site-packages/airflow/example_dags/example_short_circuit_operator.py
[2025-12-21T07:16:50.333+0000] {processor.py:840} INFO - DAG(s) 'example_short_circuit_operator' retrieved from /home/airflow/.local/lib/python3.8/site-packages/airflow/example_dags/example_short_circuit_operator.py
[2025-12-21T07:16:50.358+0000] {logging_mixin.py:188} INFO - [2025-12-21T07:16:50.357+0000] {dag.py:3047} INFO - Sync 1 DAGs
[2025-12-21T07:16:50.381+0000] {logging_mixin.py:188} INFO - [2025-12-21T07:16:50.381+0000] {dag.py:3834} INFO - Setting next_dagrun for example_short_circuit_operator to 2025-12-20 00:00:00+00:00, run_after=2025-12-21 00:00:00+00:00
[2025-12-21T07:16:50.405+0000] {processor.py:183} INFO - Processing /home/airflow/.local/lib/python3.8/site-packages/airflow/example_dags/example_short_circuit_operator.py took 0.090 seconds
[2025-12-21T07:17:20.489+0000] {processor.py:161} INFO - Started process (PID=685) to work on /home/airflow/.local/lib/python3.8/site-packages/airflow/example_dags/example_short_circuit_operator.py
[2025-12-21T07:17:20.490+0000] {processor.py:830} INFO - Processing file /home/airflow/.local/lib/python3.8/site-packages/airflow/example_dags/example_short_circuit_operator.py for tasks to queue
[2025-12-21T07:17:20.492+0000] {logging_mixin.py:188} INFO - [2025-12-21T07:17:20.492+0000] {dagbag.py:540} INFO - Filling up the DagBag from /home/airflow/.local/lib/python3.8/site-packages/airflow/example_dags/example_short_circuit_operator.py
[2025-12-21T07:17:20.500+0000] {processor.py:840} INFO - DAG(s) 'example_short_circuit_operator' retrieved from /home/airflow/.local/lib/python3.8/site-packages/airflow/example_dags/example_short_circuit_operator.py
[2025-12-21T07:17:20.525+0000] {logging_mixin.py:188} INFO - [2025-12-21T07:17:20.525+0000] {dag.py:3047} INFO - Sync 1 DAGs
[2025-12-21T07:17:20.547+0000] {logging_mixin.py:188} INFO - [2025-12-21T07:17:20.547+0000] {dag.py:3834} INFO - Setting next_dagrun for example_short_circuit_operator to 2025-12-20 00:00:00+00:00, run_after=2025-12-21 00:00:00+00:00
[2025-12-21T07:17:20.569+0000] {processor.py:183} INFO - Processing /home/airflow/.local/lib/python3.8/site-packages/airflow/example_dags/example_short_circuit_operator.py took 0.084 seconds
[2025-12-21T07:17:50.703+0000] {processor.py:161} INFO - Started process (PID=741) to work on /home/airflow/.local/lib/python3.8/site-packages/airflow/example_dags/example_short_circuit_operator.py
[2025-12-21T07:17:50.704+0000] {processor.py:830} INFO - Processing file /home/airflow/.local/lib/python3.8/site-packages/airflow/example_dags/example_short_circuit_operator.py for tasks to queue
[2025-12-21T07:17:50.706+0000] {logging_mixin.py:188} INFO - [2025-12-21T07:17:50.706+0000] {dagbag.py:540} INFO - Filling up the DagBag from /home/airflow/.local/lib/python3.8/site-packages/airflow/example_dags/example_short_circuit_operator.py
[2025-12-21T07:17:50.714+0000] {processor.py:840} INFO - DAG(s) 'example_short_circuit_operator' retrieved from /home/airflow/.local/lib/python3.8/site-packages/airflow/example_dags/example_short_circuit_operator.py
[2025-12-21T07:17:50.738+0000] {logging_mixin.py:188} INFO - [2025-12-21T07:17:50.738+0000] {dag.py:3047} INFO - Sync 1 DAGs
[2025-12-21T07:17:50.758+0000] {logging_mixin.py:188} INFO - [2025-12-21T07:17:50.758+0000] {dag.py:3834} INFO - Setting next_dagrun for example_short_circuit_operator to 2025-12-20 00:00:00+00:00, run_after=2025-12-21 00:00:00+00:00
[2025-12-21T07:17:50.776+0000] {processor.py:183} INFO - Processing /home/airflow/.local/lib/python3.8/site-packages/airflow/example_dags/example_short_circuit_operator.py took 0.077 seconds
[2025-12-21T07:18:21.684+0000] {processor.py:161} INFO - Started process (PID=798) to work on /home/airflow/.local/lib/python3.8/site-packages/airflow/example_dags/example_short_circuit_operator.py
[2025-12-21T07:18:21.685+0000] {processor.py:830} INFO - Processing file /home/airflow/.local/lib/python3.8/site-packages/airflow/example_dags/example_short_circuit_operator.py for tasks to queue
[2025-12-21T07:18:21.689+0000] {logging_mixin.py:188} INFO - [2025-12-21T07:18:21.688+0000] {dagbag.py:540} INFO - Filling up the DagBag from /home/airflow/.local/lib/python3.8/site-packages/airflow/example_dags/example_short_circuit_operator.py
[2025-12-21T07:18:21.697+0000] {processor.py:840} INFO - DAG(s) 'example_short_circuit_operator' retrieved from /home/airflow/.local/lib/python3.8/site-packages/airflow/example_dags/example_short_circuit_operator.py
[2025-12-21T07:18:21.725+0000] {logging_mixin.py:188} INFO - [2025-12-21T07:18:21.724+0000] {dag.py:3047} INFO - Sync 1 DAGs
[2025-12-21T07:18:21.751+0000] {logging_mixin.py:188} INFO - [2025-12-21T07:18:21.750+0000] {dag.py:3834} INFO - Setting next_dagrun for example_short_circuit_operator to 2025-12-20 00:00:00+00:00, run_after=2025-12-21 00:00:00+00:00
[2025-12-21T07:18:21.771+0000] {processor.py:183} INFO - Processing /home/airflow/.local/lib/python3.8/site-packages/airflow/example_dags/example_short_circuit_operator.py took 0.091 seconds
[2025-12-21T07:18:52.645+0000] {processor.py:161} INFO - Started process (PID=854) to work on /home/airflow/.local/lib/python3.8/site-packages/airflow/example_dags/example_short_circuit_operator.py
[2025-12-21T07:18:52.646+0000] {processor.py:830} INFO - Processing file /home/airflow/.local/lib/python3.8/site-packages/airflow/example_dags/example_short_circuit_operator.py for tasks to queue
[2025-12-21T07:18:52.649+0000] {logging_mixin.py:188} INFO - [2025-12-21T07:18:52.648+0000] {dagbag.py:540} INFO - Filling up the DagBag from /home/airflow/.local/lib/python3.8/site-packages/airflow/example_dags/example_short_circuit_operator.py
[2025-12-21T07:18:52.660+0000] {processor.py:840} INFO - DAG(s) 'example_short_circuit_operator' retrieved from /home/airflow/.local/lib/python3.8/site-packages/airflow/example_dags/example_short_circuit_operator.py
[2025-12-21T07:18:52.688+0000] {logging_mixin.py:188} INFO - [2025-12-21T07:18:52.687+0000] {dag.py:3047} INFO - Sync 1 DAGs
[2025-12-21T07:18:52.712+0000] {logging_mixin.py:188} INFO - [2025-12-21T07:18:52.712+0000] {dag.py:3834} INFO - Setting next_dagrun for example_short_circuit_operator to 2025-12-20 00:00:00+00:00, run_after=2025-12-21 00:00:00+00:00
[2025-12-21T07:18:52.733+0000] {processor.py:183} INFO - Processing /home/airflow/.local/lib/python3.8/site-packages/airflow/example_dags/example_short_circuit_operator.py took 0.092 seconds
[2025-12-21T07:19:23.614+0000] {processor.py:161} INFO - Started process (PID=910) to work on /home/airflow/.local/lib/python3.8/site-packages/airflow/example_dags/example_short_circuit_operator.py
[2025-12-21T07:19:23.618+0000] {processor.py:830} INFO - Processing file /home/airflow/.local/lib/python3.8/site-packages/airflow/example_dags/example_short_circuit_operator.py for tasks to queue
[2025-12-21T07:19:23.621+0000] {logging_mixin.py:188} INFO - [2025-12-21T07:19:23.621+0000] {dagbag.py:540} INFO - Filling up the DagBag from /home/airflow/.local/lib/python3.8/site-packages/airflow/example_dags/example_short_circuit_operator.py
[2025-12-21T07:19:23.636+0000] {processor.py:840} INFO - DAG(s) 'example_short_circuit_operator' retrieved from /home/airflow/.local/lib/python3.8/site-packages/airflow/example_dags/example_short_circuit_operator.py
[2025-12-21T07:19:23.674+0000] {logging_mixin.py:188} INFO - [2025-12-21T07:19:23.674+0000] {dag.py:3047} INFO - Sync 1 DAGs
[2025-12-21T07:19:23.719+0000] {logging_mixin.py:188} INFO - [2025-12-21T07:19:23.718+0000] {dag.py:3834} INFO - Setting next_dagrun for example_short_circuit_operator to 2025-12-20 00:00:00+00:00, run_after=2025-12-21 00:00:00+00:00
[2025-12-21T07:19:23.746+0000] {processor.py:183} INFO - Processing /home/airflow/.local/lib/python3.8/site-packages/airflow/example_dags/example_short_circuit_operator.py took 0.136 seconds
[2025-12-21T07:19:53.798+0000] {processor.py:161} INFO - Started process (PID=967) to work on /home/airflow/.local/lib/python3.8/site-packages/airflow/example_dags/example_short_circuit_operator.py
[2025-12-21T07:19:53.800+0000] {processor.py:830} INFO - Processing file /home/airflow/.local/lib/python3.8/site-packages/airflow/example_dags/example_short_circuit_operator.py for tasks to queue
[2025-12-21T07:19:53.803+0000] {logging_mixin.py:188} INFO - [2025-12-21T07:19:53.803+0000] {dagbag.py:540} INFO - Filling up the DagBag from /home/airflow/.local/lib/python3.8/site-packages/airflow/example_dags/example_short_circuit_operator.py
[2025-12-21T07:19:53.811+0000] {processor.py:840} INFO - DAG(s) 'example_short_circuit_operator' retrieved from /home/airflow/.local/lib/python3.8/site-packages/airflow/example_dags/example_short_circuit_operator.py
[2025-12-21T07:19:53.840+0000] {logging_mixin.py:188} INFO - [2025-12-21T07:19:53.840+0000] {dag.py:3047} INFO - Sync 1 DAGs
[2025-12-21T07:19:53.866+0000] {logging_mixin.py:188} INFO - [2025-12-21T07:19:53.865+0000] {dag.py:3834} INFO - Setting next_dagrun for example_short_circuit_operator to 2025-12-20 00:00:00+00:00, run_after=2025-12-21 00:00:00+00:00
[2025-12-21T07:19:53.891+0000] {processor.py:183} INFO - Processing /home/airflow/.local/lib/python3.8/site-packages/airflow/example_dags/example_short_circuit_operator.py took 0.097 seconds
[2025-12-21T07:20:24.230+0000] {processor.py:161} INFO - Started process (PID=1023) to work on /home/airflow/.local/lib/python3.8/site-packages/airflow/example_dags/example_short_circuit_operator.py
[2025-12-21T07:20:24.232+0000] {processor.py:830} INFO - Processing file /home/airflow/.local/lib/python3.8/site-packages/airflow/example_dags/example_short_circuit_operator.py for tasks to queue
[2025-12-21T07:20:24.235+0000] {logging_mixin.py:188} INFO - [2025-12-21T07:20:24.234+0000] {dagbag.py:540} INFO - Filling up the DagBag from /home/airflow/.local/lib/python3.8/site-packages/airflow/example_dags/example_short_circuit_operator.py
[2025-12-21T07:20:24.242+0000] {processor.py:840} INFO - DAG(s) 'example_short_circuit_operator' retrieved from /home/airflow/.local/lib/python3.8/site-packages/airflow/example_dags/example_short_circuit_operator.py
[2025-12-21T07:20:24.267+0000] {logging_mixin.py:188} INFO - [2025-12-21T07:20:24.266+0000] {dag.py:3047} INFO - Sync 1 DAGs
[2025-12-21T07:20:24.289+0000] {logging_mixin.py:188} INFO - [2025-12-21T07:20:24.289+0000] {dag.py:3834} INFO - Setting next_dagrun for example_short_circuit_operator to 2025-12-20 00:00:00+00:00, run_after=2025-12-21 00:00:00+00:00
[2025-12-21T07:20:24.308+0000] {processor.py:183} INFO - Processing /home/airflow/.local/lib/python3.8/site-packages/airflow/example_dags/example_short_circuit_operator.py took 0.082 seconds
[2025-12-21T07:20:39.592+0000] {processor.py:161} INFO - Started process (PID=58) to work on /home/airflow/.local/lib/python3.8/site-packages/airflow/example_dags/example_short_circuit_operator.py
[2025-12-21T07:20:39.593+0000] {processor.py:830} INFO - Processing file /home/airflow/.local/lib/python3.8/site-packages/airflow/example_dags/example_short_circuit_operator.py for tasks to queue
[2025-12-21T07:20:39.596+0000] {logging_mixin.py:188} INFO - [2025-12-21T07:20:39.595+0000] {dagbag.py:540} INFO - Filling up the DagBag from /home/airflow/.local/lib/python3.8/site-packages/airflow/example_dags/example_short_circuit_operator.py
[2025-12-21T07:20:39.603+0000] {processor.py:840} INFO - DAG(s) 'example_short_circuit_operator' retrieved from /home/airflow/.local/lib/python3.8/site-packages/airflow/example_dags/example_short_circuit_operator.py
[2025-12-21T07:20:39.634+0000] {logging_mixin.py:188} INFO - [2025-12-21T07:20:39.634+0000] {dag.py:3047} INFO - Sync 1 DAGs
[2025-12-21T07:20:39.655+0000] {logging_mixin.py:188} INFO - [2025-12-21T07:20:39.654+0000] {dag.py:3834} INFO - Setting next_dagrun for example_short_circuit_operator to 2025-12-20 00:00:00+00:00, run_after=2025-12-21 00:00:00+00:00
[2025-12-21T07:20:39.673+0000] {processor.py:183} INFO - Processing /home/airflow/.local/lib/python3.8/site-packages/airflow/example_dags/example_short_circuit_operator.py took 0.085 seconds
[2025-12-21T07:21:10.412+0000] {processor.py:161} INFO - Started process (PID=113) to work on /home/airflow/.local/lib/python3.8/site-packages/airflow/example_dags/example_short_circuit_operator.py
[2025-12-21T07:21:10.414+0000] {processor.py:830} INFO - Processing file /home/airflow/.local/lib/python3.8/site-packages/airflow/example_dags/example_short_circuit_operator.py for tasks to queue
[2025-12-21T07:21:10.417+0000] {logging_mixin.py:188} INFO - [2025-12-21T07:21:10.416+0000] {dagbag.py:540} INFO - Filling up the DagBag from /home/airflow/.local/lib/python3.8/site-packages/airflow/example_dags/example_short_circuit_operator.py
[2025-12-21T07:21:10.431+0000] {processor.py:840} INFO - DAG(s) 'example_short_circuit_operator' retrieved from /home/airflow/.local/lib/python3.8/site-packages/airflow/example_dags/example_short_circuit_operator.py
[2025-12-21T07:21:10.476+0000] {logging_mixin.py:188} INFO - [2025-12-21T07:21:10.475+0000] {dag.py:3047} INFO - Sync 1 DAGs
[2025-12-21T07:21:10.512+0000] {logging_mixin.py:188} INFO - [2025-12-21T07:21:10.511+0000] {dag.py:3834} INFO - Setting next_dagrun for example_short_circuit_operator to 2025-12-20 00:00:00+00:00, run_after=2025-12-21 00:00:00+00:00
[2025-12-21T07:21:10.537+0000] {processor.py:183} INFO - Processing /home/airflow/.local/lib/python3.8/site-packages/airflow/example_dags/example_short_circuit_operator.py took 0.131 seconds
[2025-12-21T07:22:20.276+0000] {processor.py:161} INFO - Started process (PID=65) to work on /home/airflow/.local/lib/python3.8/site-packages/airflow/example_dags/example_short_circuit_operator.py
[2025-12-21T07:22:20.280+0000] {processor.py:830} INFO - Processing file /home/airflow/.local/lib/python3.8/site-packages/airflow/example_dags/example_short_circuit_operator.py for tasks to queue
[2025-12-21T07:22:20.282+0000] {logging_mixin.py:188} INFO - [2025-12-21T07:22:20.282+0000] {dagbag.py:540} INFO - Filling up the DagBag from /home/airflow/.local/lib/python3.8/site-packages/airflow/example_dags/example_short_circuit_operator.py
[2025-12-21T07:22:20.291+0000] {processor.py:840} INFO - DAG(s) 'example_short_circuit_operator' retrieved from /home/airflow/.local/lib/python3.8/site-packages/airflow/example_dags/example_short_circuit_operator.py
[2025-12-21T07:22:20.308+0000] {logging_mixin.py:188} INFO - [2025-12-21T07:22:20.307+0000] {dag.py:3047} INFO - Sync 1 DAGs
[2025-12-21T07:22:20.332+0000] {logging_mixin.py:188} INFO - [2025-12-21T07:22:20.332+0000] {dag.py:3834} INFO - Setting next_dagrun for example_short_circuit_operator to 2025-12-20 00:00:00+00:00, run_after=2025-12-21 00:00:00+00:00
[2025-12-21T07:22:20.357+0000] {processor.py:183} INFO - Processing /home/airflow/.local/lib/python3.8/site-packages/airflow/example_dags/example_short_circuit_operator.py took 0.089 seconds
[2025-12-21T07:22:51.668+0000] {processor.py:161} INFO - Started process (PID=121) to work on /home/airflow/.local/lib/python3.8/site-packages/airflow/example_dags/example_short_circuit_operator.py
[2025-12-21T07:22:51.669+0000] {processor.py:830} INFO - Processing file /home/airflow/.local/lib/python3.8/site-packages/airflow/example_dags/example_short_circuit_operator.py for tasks to queue
[2025-12-21T07:22:51.672+0000] {logging_mixin.py:188} INFO - [2025-12-21T07:22:51.671+0000] {dagbag.py:540} INFO - Filling up the DagBag from /home/airflow/.local/lib/python3.8/site-packages/airflow/example_dags/example_short_circuit_operator.py
[2025-12-21T07:22:51.680+0000] {processor.py:840} INFO - DAG(s) 'example_short_circuit_operator' retrieved from /home/airflow/.local/lib/python3.8/site-packages/airflow/example_dags/example_short_circuit_operator.py
[2025-12-21T07:22:51.798+0000] {logging_mixin.py:188} INFO - [2025-12-21T07:22:51.797+0000] {dag.py:3047} INFO - Sync 1 DAGs
[2025-12-21T07:22:51.820+0000] {logging_mixin.py:188} INFO - [2025-12-21T07:22:51.819+0000] {dag.py:3834} INFO - Setting next_dagrun for example_short_circuit_operator to 2025-12-20 00:00:00+00:00, run_after=2025-12-21 00:00:00+00:00
[2025-12-21T07:22:51.840+0000] {processor.py:183} INFO - Processing /home/airflow/.local/lib/python3.8/site-packages/airflow/example_dags/example_short_circuit_operator.py took 0.176 seconds
[2025-12-21T07:28:30.613+0000] {processor.py:161} INFO - Started process (PID=66) to work on /home/airflow/.local/lib/python3.8/site-packages/airflow/example_dags/example_short_circuit_operator.py
[2025-12-21T07:28:30.614+0000] {processor.py:830} INFO - Processing file /home/airflow/.local/lib/python3.8/site-packages/airflow/example_dags/example_short_circuit_operator.py for tasks to queue
[2025-12-21T07:28:30.617+0000] {logging_mixin.py:188} INFO - [2025-12-21T07:28:30.617+0000] {dagbag.py:540} INFO - Filling up the DagBag from /home/airflow/.local/lib/python3.8/site-packages/airflow/example_dags/example_short_circuit_operator.py
[2025-12-21T07:28:30.627+0000] {processor.py:840} INFO - DAG(s) 'example_short_circuit_operator' retrieved from /home/airflow/.local/lib/python3.8/site-packages/airflow/example_dags/example_short_circuit_operator.py
[2025-12-21T07:28:30.647+0000] {logging_mixin.py:188} INFO - [2025-12-21T07:28:30.646+0000] {dag.py:3047} INFO - Sync 1 DAGs
[2025-12-21T07:28:30.682+0000] {logging_mixin.py:188} INFO - [2025-12-21T07:28:30.682+0000] {dag.py:3834} INFO - Setting next_dagrun for example_short_circuit_operator to 2025-12-20 00:00:00+00:00, run_after=2025-12-21 00:00:00+00:00
[2025-12-21T07:28:30.715+0000] {processor.py:183} INFO - Processing /home/airflow/.local/lib/python3.8/site-packages/airflow/example_dags/example_short_circuit_operator.py took 0.107 seconds
[2025-12-21T07:29:01.012+0000] {processor.py:161} INFO - Started process (PID=129) to work on /home/airflow/.local/lib/python3.8/site-packages/airflow/example_dags/example_short_circuit_operator.py
[2025-12-21T07:29:01.014+0000] {processor.py:830} INFO - Processing file /home/airflow/.local/lib/python3.8/site-packages/airflow/example_dags/example_short_circuit_operator.py for tasks to queue
[2025-12-21T07:29:01.016+0000] {logging_mixin.py:188} INFO - [2025-12-21T07:29:01.016+0000] {dagbag.py:540} INFO - Filling up the DagBag from /home/airflow/.local/lib/python3.8/site-packages/airflow/example_dags/example_short_circuit_operator.py
[2025-12-21T07:29:01.026+0000] {processor.py:840} INFO - DAG(s) 'example_short_circuit_operator' retrieved from /home/airflow/.local/lib/python3.8/site-packages/airflow/example_dags/example_short_circuit_operator.py
[2025-12-21T07:29:01.156+0000] {logging_mixin.py:188} INFO - [2025-12-21T07:29:01.156+0000] {dag.py:3047} INFO - Sync 1 DAGs
[2025-12-21T07:29:01.179+0000] {logging_mixin.py:188} INFO - [2025-12-21T07:29:01.179+0000] {dag.py:3834} INFO - Setting next_dagrun for example_short_circuit_operator to 2025-12-20 00:00:00+00:00, run_after=2025-12-21 00:00:00+00:00
[2025-12-21T07:29:01.203+0000] {processor.py:183} INFO - Processing /home/airflow/.local/lib/python3.8/site-packages/airflow/example_dags/example_short_circuit_operator.py took 0.194 seconds
[2025-12-21T07:29:31.410+0000] {processor.py:161} INFO - Started process (PID=185) to work on /home/airflow/.local/lib/python3.8/site-packages/airflow/example_dags/example_short_circuit_operator.py
[2025-12-21T07:29:31.411+0000] {processor.py:830} INFO - Processing file /home/airflow/.local/lib/python3.8/site-packages/airflow/example_dags/example_short_circuit_operator.py for tasks to queue
[2025-12-21T07:29:31.413+0000] {logging_mixin.py:188} INFO - [2025-12-21T07:29:31.413+0000] {dagbag.py:540} INFO - Filling up the DagBag from /home/airflow/.local/lib/python3.8/site-packages/airflow/example_dags/example_short_circuit_operator.py
[2025-12-21T07:29:31.420+0000] {processor.py:840} INFO - DAG(s) 'example_short_circuit_operator' retrieved from /home/airflow/.local/lib/python3.8/site-packages/airflow/example_dags/example_short_circuit_operator.py
[2025-12-21T07:29:31.449+0000] {logging_mixin.py:188} INFO - [2025-12-21T07:29:31.449+0000] {dag.py:3047} INFO - Sync 1 DAGs
[2025-12-21T07:29:31.475+0000] {logging_mixin.py:188} INFO - [2025-12-21T07:29:31.475+0000] {dag.py:3834} INFO - Setting next_dagrun for example_short_circuit_operator to 2025-12-20 00:00:00+00:00, run_after=2025-12-21 00:00:00+00:00
[2025-12-21T07:29:31.497+0000] {processor.py:183} INFO - Processing /home/airflow/.local/lib/python3.8/site-packages/airflow/example_dags/example_short_circuit_operator.py took 0.091 seconds
[2025-12-21T07:30:01.902+0000] {processor.py:161} INFO - Started process (PID=240) to work on /home/airflow/.local/lib/python3.8/site-packages/airflow/example_dags/example_short_circuit_operator.py
[2025-12-21T07:30:01.904+0000] {processor.py:830} INFO - Processing file /home/airflow/.local/lib/python3.8/site-packages/airflow/example_dags/example_short_circuit_operator.py for tasks to queue
[2025-12-21T07:30:01.907+0000] {logging_mixin.py:188} INFO - [2025-12-21T07:30:01.906+0000] {dagbag.py:540} INFO - Filling up the DagBag from /home/airflow/.local/lib/python3.8/site-packages/airflow/example_dags/example_short_circuit_operator.py
[2025-12-21T07:30:01.915+0000] {processor.py:840} INFO - DAG(s) 'example_short_circuit_operator' retrieved from /home/airflow/.local/lib/python3.8/site-packages/airflow/example_dags/example_short_circuit_operator.py
[2025-12-21T07:30:01.942+0000] {logging_mixin.py:188} INFO - [2025-12-21T07:30:01.942+0000] {dag.py:3047} INFO - Sync 1 DAGs
[2025-12-21T07:30:01.970+0000] {logging_mixin.py:188} INFO - [2025-12-21T07:30:01.970+0000] {dag.py:3834} INFO - Setting next_dagrun for example_short_circuit_operator to 2025-12-20 00:00:00+00:00, run_after=2025-12-21 00:00:00+00:00
[2025-12-21T07:30:01.998+0000] {processor.py:183} INFO - Processing /home/airflow/.local/lib/python3.8/site-packages/airflow/example_dags/example_short_circuit_operator.py took 0.100 seconds
[2025-12-21T07:30:32.087+0000] {processor.py:161} INFO - Started process (PID=296) to work on /home/airflow/.local/lib/python3.8/site-packages/airflow/example_dags/example_short_circuit_operator.py
[2025-12-21T07:30:32.089+0000] {processor.py:830} INFO - Processing file /home/airflow/.local/lib/python3.8/site-packages/airflow/example_dags/example_short_circuit_operator.py for tasks to queue
[2025-12-21T07:30:32.091+0000] {logging_mixin.py:188} INFO - [2025-12-21T07:30:32.091+0000] {dagbag.py:540} INFO - Filling up the DagBag from /home/airflow/.local/lib/python3.8/site-packages/airflow/example_dags/example_short_circuit_operator.py
[2025-12-21T07:30:32.099+0000] {processor.py:840} INFO - DAG(s) 'example_short_circuit_operator' retrieved from /home/airflow/.local/lib/python3.8/site-packages/airflow/example_dags/example_short_circuit_operator.py
[2025-12-21T07:30:32.123+0000] {logging_mixin.py:188} INFO - [2025-12-21T07:30:32.123+0000] {dag.py:3047} INFO - Sync 1 DAGs
[2025-12-21T07:30:32.146+0000] {logging_mixin.py:188} INFO - [2025-12-21T07:30:32.146+0000] {dag.py:3834} INFO - Setting next_dagrun for example_short_circuit_operator to 2025-12-20 00:00:00+00:00, run_after=2025-12-21 00:00:00+00:00
[2025-12-21T07:30:32.168+0000] {processor.py:183} INFO - Processing /home/airflow/.local/lib/python3.8/site-packages/airflow/example_dags/example_short_circuit_operator.py took 0.084 seconds
[2025-12-21T07:31:02.325+0000] {processor.py:161} INFO - Started process (PID=352) to work on /home/airflow/.local/lib/python3.8/site-packages/airflow/example_dags/example_short_circuit_operator.py
[2025-12-21T07:31:02.326+0000] {processor.py:830} INFO - Processing file /home/airflow/.local/lib/python3.8/site-packages/airflow/example_dags/example_short_circuit_operator.py for tasks to queue
[2025-12-21T07:31:02.329+0000] {logging_mixin.py:188} INFO - [2025-12-21T07:31:02.328+0000] {dagbag.py:540} INFO - Filling up the DagBag from /home/airflow/.local/lib/python3.8/site-packages/airflow/example_dags/example_short_circuit_operator.py
[2025-12-21T07:31:02.339+0000] {processor.py:840} INFO - DAG(s) 'example_short_circuit_operator' retrieved from /home/airflow/.local/lib/python3.8/site-packages/airflow/example_dags/example_short_circuit_operator.py
[2025-12-21T07:31:02.366+0000] {logging_mixin.py:188} INFO - [2025-12-21T07:31:02.366+0000] {dag.py:3047} INFO - Sync 1 DAGs
[2025-12-21T07:31:02.390+0000] {logging_mixin.py:188} INFO - [2025-12-21T07:31:02.389+0000] {dag.py:3834} INFO - Setting next_dagrun for example_short_circuit_operator to 2025-12-20 00:00:00+00:00, run_after=2025-12-21 00:00:00+00:00
[2025-12-21T07:31:02.412+0000] {processor.py:183} INFO - Processing /home/airflow/.local/lib/python3.8/site-packages/airflow/example_dags/example_short_circuit_operator.py took 0.092 seconds
[2025-12-21T07:31:32.518+0000] {processor.py:161} INFO - Started process (PID=407) to work on /home/airflow/.local/lib/python3.8/site-packages/airflow/example_dags/example_short_circuit_operator.py
[2025-12-21T07:31:32.524+0000] {processor.py:830} INFO - Processing file /home/airflow/.local/lib/python3.8/site-packages/airflow/example_dags/example_short_circuit_operator.py for tasks to queue
[2025-12-21T07:31:32.526+0000] {logging_mixin.py:188} INFO - [2025-12-21T07:31:32.526+0000] {dagbag.py:540} INFO - Filling up the DagBag from /home/airflow/.local/lib/python3.8/site-packages/airflow/example_dags/example_short_circuit_operator.py
[2025-12-21T07:31:32.535+0000] {processor.py:840} INFO - DAG(s) 'example_short_circuit_operator' retrieved from /home/airflow/.local/lib/python3.8/site-packages/airflow/example_dags/example_short_circuit_operator.py
[2025-12-21T07:31:32.564+0000] {logging_mixin.py:188} INFO - [2025-12-21T07:31:32.563+0000] {dag.py:3047} INFO - Sync 1 DAGs
[2025-12-21T07:31:32.593+0000] {logging_mixin.py:188} INFO - [2025-12-21T07:31:32.593+0000] {dag.py:3834} INFO - Setting next_dagrun for example_short_circuit_operator to 2025-12-20 00:00:00+00:00, run_after=2025-12-21 00:00:00+00:00
[2025-12-21T07:31:32.617+0000] {processor.py:183} INFO - Processing /home/airflow/.local/lib/python3.8/site-packages/airflow/example_dags/example_short_circuit_operator.py took 0.104 seconds
