[2025-12-21T06:58:37.757+0000] {processor.py:161} INFO - Started process (PID=73) to work on /home/airflow/.local/lib/python3.8/site-packages/airflow/example_dags/example_sensors.py
[2025-12-21T06:58:37.759+0000] {processor.py:830} INFO - Processing file /home/airflow/.local/lib/python3.8/site-packages/airflow/example_dags/example_sensors.py for tasks to queue
[2025-12-21T06:58:37.763+0000] {logging_mixin.py:188} INFO - [2025-12-21T06:58:37.762+0000] {dagbag.py:540} INFO - Filling up the DagBag from /home/airflow/.local/lib/python3.8/site-packages/airflow/example_dags/example_sensors.py
[2025-12-21T06:58:37.815+0000] {processor.py:840} INFO - DAG(s) 'example_sensors' retrieved from /home/airflow/.local/lib/python3.8/site-packages/airflow/example_dags/example_sensors.py
[2025-12-21T06:58:37.862+0000] {logging_mixin.py:188} INFO - [2025-12-21T06:58:37.861+0000] {dag.py:3047} INFO - Sync 1 DAGs
[2025-12-21T06:58:37.900+0000] {logging_mixin.py:188} INFO - [2025-12-21T06:58:37.899+0000] {dag.py:3834} INFO - Setting next_dagrun for example_sensors to None, run_after=None
[2025-12-21T06:58:37.967+0000] {processor.py:183} INFO - Processing /home/airflow/.local/lib/python3.8/site-packages/airflow/example_dags/example_sensors.py took 0.219 seconds
[2025-12-21T06:58:52.674+0000] {processor.py:161} INFO - Started process (PID=63) to work on /home/airflow/.local/lib/python3.8/site-packages/airflow/example_dags/example_sensors.py
[2025-12-21T06:58:52.676+0000] {processor.py:830} INFO - Processing file /home/airflow/.local/lib/python3.8/site-packages/airflow/example_dags/example_sensors.py for tasks to queue
[2025-12-21T06:58:52.678+0000] {logging_mixin.py:188} INFO - [2025-12-21T06:58:52.678+0000] {dagbag.py:540} INFO - Filling up the DagBag from /home/airflow/.local/lib/python3.8/site-packages/airflow/example_dags/example_sensors.py
[2025-12-21T06:58:52.687+0000] {processor.py:840} INFO - DAG(s) 'example_sensors' retrieved from /home/airflow/.local/lib/python3.8/site-packages/airflow/example_dags/example_sensors.py
[2025-12-21T06:58:52.805+0000] {logging_mixin.py:188} INFO - [2025-12-21T06:58:52.805+0000] {dag.py:3047} INFO - Sync 1 DAGs
[2025-12-21T06:58:52.816+0000] {logging_mixin.py:188} INFO - [2025-12-21T06:58:52.816+0000] {dag.py:3834} INFO - Setting next_dagrun for example_sensors to None, run_after=None
[2025-12-21T06:58:52.838+0000] {processor.py:183} INFO - Processing /home/airflow/.local/lib/python3.8/site-packages/airflow/example_dags/example_sensors.py took 0.167 seconds
[2025-12-21T06:59:23.654+0000] {processor.py:161} INFO - Started process (PID=119) to work on /home/airflow/.local/lib/python3.8/site-packages/airflow/example_dags/example_sensors.py
[2025-12-21T06:59:23.656+0000] {processor.py:830} INFO - Processing file /home/airflow/.local/lib/python3.8/site-packages/airflow/example_dags/example_sensors.py for tasks to queue
[2025-12-21T06:59:23.659+0000] {logging_mixin.py:188} INFO - [2025-12-21T06:59:23.659+0000] {dagbag.py:540} INFO - Filling up the DagBag from /home/airflow/.local/lib/python3.8/site-packages/airflow/example_dags/example_sensors.py
[2025-12-21T06:59:23.670+0000] {processor.py:840} INFO - DAG(s) 'example_sensors' retrieved from /home/airflow/.local/lib/python3.8/site-packages/airflow/example_dags/example_sensors.py
[2025-12-21T06:59:23.700+0000] {logging_mixin.py:188} INFO - [2025-12-21T06:59:23.699+0000] {dag.py:3047} INFO - Sync 1 DAGs
[2025-12-21T06:59:23.713+0000] {logging_mixin.py:188} INFO - [2025-12-21T06:59:23.712+0000] {dag.py:3834} INFO - Setting next_dagrun for example_sensors to None, run_after=None
[2025-12-21T06:59:23.738+0000] {processor.py:183} INFO - Processing /home/airflow/.local/lib/python3.8/site-packages/airflow/example_dags/example_sensors.py took 0.088 seconds
[2025-12-21T06:59:54.076+0000] {processor.py:161} INFO - Started process (PID=175) to work on /home/airflow/.local/lib/python3.8/site-packages/airflow/example_dags/example_sensors.py
[2025-12-21T06:59:54.077+0000] {processor.py:830} INFO - Processing file /home/airflow/.local/lib/python3.8/site-packages/airflow/example_dags/example_sensors.py for tasks to queue
[2025-12-21T06:59:54.080+0000] {logging_mixin.py:188} INFO - [2025-12-21T06:59:54.079+0000] {dagbag.py:540} INFO - Filling up the DagBag from /home/airflow/.local/lib/python3.8/site-packages/airflow/example_dags/example_sensors.py
[2025-12-21T06:59:54.090+0000] {processor.py:840} INFO - DAG(s) 'example_sensors' retrieved from /home/airflow/.local/lib/python3.8/site-packages/airflow/example_dags/example_sensors.py
[2025-12-21T06:59:54.119+0000] {logging_mixin.py:188} INFO - [2025-12-21T06:59:54.119+0000] {dag.py:3047} INFO - Sync 1 DAGs
[2025-12-21T06:59:54.133+0000] {logging_mixin.py:188} INFO - [2025-12-21T06:59:54.133+0000] {dag.py:3834} INFO - Setting next_dagrun for example_sensors to None, run_after=None
[2025-12-21T06:59:54.156+0000] {processor.py:183} INFO - Processing /home/airflow/.local/lib/python3.8/site-packages/airflow/example_dags/example_sensors.py took 0.083 seconds
[2025-12-21T07:00:24.458+0000] {processor.py:161} INFO - Started process (PID=231) to work on /home/airflow/.local/lib/python3.8/site-packages/airflow/example_dags/example_sensors.py
[2025-12-21T07:00:24.459+0000] {processor.py:830} INFO - Processing file /home/airflow/.local/lib/python3.8/site-packages/airflow/example_dags/example_sensors.py for tasks to queue
[2025-12-21T07:00:24.462+0000] {logging_mixin.py:188} INFO - [2025-12-21T07:00:24.461+0000] {dagbag.py:540} INFO - Filling up the DagBag from /home/airflow/.local/lib/python3.8/site-packages/airflow/example_dags/example_sensors.py
[2025-12-21T07:00:24.472+0000] {processor.py:840} INFO - DAG(s) 'example_sensors' retrieved from /home/airflow/.local/lib/python3.8/site-packages/airflow/example_dags/example_sensors.py
[2025-12-21T07:00:24.504+0000] {logging_mixin.py:188} INFO - [2025-12-21T07:00:24.503+0000] {dag.py:3047} INFO - Sync 1 DAGs
[2025-12-21T07:00:24.518+0000] {logging_mixin.py:188} INFO - [2025-12-21T07:00:24.517+0000] {dag.py:3834} INFO - Setting next_dagrun for example_sensors to None, run_after=None
[2025-12-21T07:00:24.539+0000] {processor.py:183} INFO - Processing /home/airflow/.local/lib/python3.8/site-packages/airflow/example_dags/example_sensors.py took 0.085 seconds
[2025-12-21T07:00:54.654+0000] {processor.py:161} INFO - Started process (PID=287) to work on /home/airflow/.local/lib/python3.8/site-packages/airflow/example_dags/example_sensors.py
[2025-12-21T07:00:54.655+0000] {processor.py:830} INFO - Processing file /home/airflow/.local/lib/python3.8/site-packages/airflow/example_dags/example_sensors.py for tasks to queue
[2025-12-21T07:00:54.658+0000] {logging_mixin.py:188} INFO - [2025-12-21T07:00:54.657+0000] {dagbag.py:540} INFO - Filling up the DagBag from /home/airflow/.local/lib/python3.8/site-packages/airflow/example_dags/example_sensors.py
[2025-12-21T07:00:54.668+0000] {processor.py:840} INFO - DAG(s) 'example_sensors' retrieved from /home/airflow/.local/lib/python3.8/site-packages/airflow/example_dags/example_sensors.py
[2025-12-21T07:00:54.698+0000] {logging_mixin.py:188} INFO - [2025-12-21T07:00:54.697+0000] {dag.py:3047} INFO - Sync 1 DAGs
[2025-12-21T07:00:54.712+0000] {logging_mixin.py:188} INFO - [2025-12-21T07:00:54.711+0000] {dag.py:3834} INFO - Setting next_dagrun for example_sensors to None, run_after=None
[2025-12-21T07:00:54.735+0000] {processor.py:183} INFO - Processing /home/airflow/.local/lib/python3.8/site-packages/airflow/example_dags/example_sensors.py took 0.085 seconds
[2025-12-21T07:01:25.075+0000] {processor.py:161} INFO - Started process (PID=343) to work on /home/airflow/.local/lib/python3.8/site-packages/airflow/example_dags/example_sensors.py
[2025-12-21T07:01:25.077+0000] {processor.py:830} INFO - Processing file /home/airflow/.local/lib/python3.8/site-packages/airflow/example_dags/example_sensors.py for tasks to queue
[2025-12-21T07:01:25.082+0000] {logging_mixin.py:188} INFO - [2025-12-21T07:01:25.082+0000] {dagbag.py:540} INFO - Filling up the DagBag from /home/airflow/.local/lib/python3.8/site-packages/airflow/example_dags/example_sensors.py
[2025-12-21T07:01:25.094+0000] {processor.py:840} INFO - DAG(s) 'example_sensors' retrieved from /home/airflow/.local/lib/python3.8/site-packages/airflow/example_dags/example_sensors.py
[2025-12-21T07:01:25.140+0000] {logging_mixin.py:188} INFO - [2025-12-21T07:01:25.139+0000] {dag.py:3047} INFO - Sync 1 DAGs
[2025-12-21T07:01:25.166+0000] {logging_mixin.py:188} INFO - [2025-12-21T07:01:25.165+0000] {dag.py:3834} INFO - Setting next_dagrun for example_sensors to None, run_after=None
[2025-12-21T07:01:25.249+0000] {processor.py:183} INFO - Processing /home/airflow/.local/lib/python3.8/site-packages/airflow/example_dags/example_sensors.py took 0.178 seconds
[2025-12-21T07:01:55.413+0000] {processor.py:161} INFO - Started process (PID=399) to work on /home/airflow/.local/lib/python3.8/site-packages/airflow/example_dags/example_sensors.py
[2025-12-21T07:01:55.416+0000] {processor.py:830} INFO - Processing file /home/airflow/.local/lib/python3.8/site-packages/airflow/example_dags/example_sensors.py for tasks to queue
[2025-12-21T07:01:55.424+0000] {logging_mixin.py:188} INFO - [2025-12-21T07:01:55.422+0000] {dagbag.py:540} INFO - Filling up the DagBag from /home/airflow/.local/lib/python3.8/site-packages/airflow/example_dags/example_sensors.py
[2025-12-21T07:01:55.440+0000] {processor.py:840} INFO - DAG(s) 'example_sensors' retrieved from /home/airflow/.local/lib/python3.8/site-packages/airflow/example_dags/example_sensors.py
[2025-12-21T07:01:55.470+0000] {logging_mixin.py:188} INFO - [2025-12-21T07:01:55.470+0000] {dag.py:3047} INFO - Sync 1 DAGs
[2025-12-21T07:01:55.482+0000] {logging_mixin.py:188} INFO - [2025-12-21T07:01:55.482+0000] {dag.py:3834} INFO - Setting next_dagrun for example_sensors to None, run_after=None
[2025-12-21T07:01:55.503+0000] {processor.py:183} INFO - Processing /home/airflow/.local/lib/python3.8/site-packages/airflow/example_dags/example_sensors.py took 0.095 seconds
[2025-12-21T07:02:25.804+0000] {processor.py:161} INFO - Started process (PID=455) to work on /home/airflow/.local/lib/python3.8/site-packages/airflow/example_dags/example_sensors.py
[2025-12-21T07:02:25.806+0000] {processor.py:830} INFO - Processing file /home/airflow/.local/lib/python3.8/site-packages/airflow/example_dags/example_sensors.py for tasks to queue
[2025-12-21T07:02:25.809+0000] {logging_mixin.py:188} INFO - [2025-12-21T07:02:25.808+0000] {dagbag.py:540} INFO - Filling up the DagBag from /home/airflow/.local/lib/python3.8/site-packages/airflow/example_dags/example_sensors.py
[2025-12-21T07:02:25.819+0000] {processor.py:840} INFO - DAG(s) 'example_sensors' retrieved from /home/airflow/.local/lib/python3.8/site-packages/airflow/example_dags/example_sensors.py
[2025-12-21T07:02:25.845+0000] {logging_mixin.py:188} INFO - [2025-12-21T07:02:25.845+0000] {dag.py:3047} INFO - Sync 1 DAGs
[2025-12-21T07:02:25.861+0000] {logging_mixin.py:188} INFO - [2025-12-21T07:02:25.860+0000] {dag.py:3834} INFO - Setting next_dagrun for example_sensors to None, run_after=None
[2025-12-21T07:02:25.881+0000] {processor.py:183} INFO - Processing /home/airflow/.local/lib/python3.8/site-packages/airflow/example_dags/example_sensors.py took 0.082 seconds
[2025-12-21T07:02:56.269+0000] {processor.py:161} INFO - Started process (PID=511) to work on /home/airflow/.local/lib/python3.8/site-packages/airflow/example_dags/example_sensors.py
[2025-12-21T07:02:56.271+0000] {processor.py:830} INFO - Processing file /home/airflow/.local/lib/python3.8/site-packages/airflow/example_dags/example_sensors.py for tasks to queue
[2025-12-21T07:02:56.274+0000] {logging_mixin.py:188} INFO - [2025-12-21T07:02:56.273+0000] {dagbag.py:540} INFO - Filling up the DagBag from /home/airflow/.local/lib/python3.8/site-packages/airflow/example_dags/example_sensors.py
[2025-12-21T07:02:56.287+0000] {processor.py:840} INFO - DAG(s) 'example_sensors' retrieved from /home/airflow/.local/lib/python3.8/site-packages/airflow/example_dags/example_sensors.py
[2025-12-21T07:02:56.327+0000] {logging_mixin.py:188} INFO - [2025-12-21T07:02:56.327+0000] {dag.py:3047} INFO - Sync 1 DAGs
[2025-12-21T07:02:56.344+0000] {logging_mixin.py:188} INFO - [2025-12-21T07:02:56.344+0000] {dag.py:3834} INFO - Setting next_dagrun for example_sensors to None, run_after=None
[2025-12-21T07:02:56.375+0000] {processor.py:183} INFO - Processing /home/airflow/.local/lib/python3.8/site-packages/airflow/example_dags/example_sensors.py took 0.113 seconds
[2025-12-21T07:03:26.697+0000] {processor.py:161} INFO - Started process (PID=567) to work on /home/airflow/.local/lib/python3.8/site-packages/airflow/example_dags/example_sensors.py
[2025-12-21T07:03:26.699+0000] {processor.py:830} INFO - Processing file /home/airflow/.local/lib/python3.8/site-packages/airflow/example_dags/example_sensors.py for tasks to queue
[2025-12-21T07:03:26.702+0000] {logging_mixin.py:188} INFO - [2025-12-21T07:03:26.701+0000] {dagbag.py:540} INFO - Filling up the DagBag from /home/airflow/.local/lib/python3.8/site-packages/airflow/example_dags/example_sensors.py
[2025-12-21T07:03:26.713+0000] {processor.py:840} INFO - DAG(s) 'example_sensors' retrieved from /home/airflow/.local/lib/python3.8/site-packages/airflow/example_dags/example_sensors.py
[2025-12-21T07:03:26.748+0000] {logging_mixin.py:188} INFO - [2025-12-21T07:03:26.748+0000] {dag.py:3047} INFO - Sync 1 DAGs
[2025-12-21T07:03:26.767+0000] {logging_mixin.py:188} INFO - [2025-12-21T07:03:26.767+0000] {dag.py:3834} INFO - Setting next_dagrun for example_sensors to None, run_after=None
[2025-12-21T07:03:26.790+0000] {processor.py:183} INFO - Processing /home/airflow/.local/lib/python3.8/site-packages/airflow/example_dags/example_sensors.py took 0.098 seconds
[2025-12-21T07:03:57.141+0000] {processor.py:161} INFO - Started process (PID=623) to work on /home/airflow/.local/lib/python3.8/site-packages/airflow/example_dags/example_sensors.py
[2025-12-21T07:03:57.142+0000] {processor.py:830} INFO - Processing file /home/airflow/.local/lib/python3.8/site-packages/airflow/example_dags/example_sensors.py for tasks to queue
[2025-12-21T07:03:57.146+0000] {logging_mixin.py:188} INFO - [2025-12-21T07:03:57.145+0000] {dagbag.py:540} INFO - Filling up the DagBag from /home/airflow/.local/lib/python3.8/site-packages/airflow/example_dags/example_sensors.py
[2025-12-21T07:03:57.156+0000] {processor.py:840} INFO - DAG(s) 'example_sensors' retrieved from /home/airflow/.local/lib/python3.8/site-packages/airflow/example_dags/example_sensors.py
[2025-12-21T07:03:57.187+0000] {logging_mixin.py:188} INFO - [2025-12-21T07:03:57.187+0000] {dag.py:3047} INFO - Sync 1 DAGs
[2025-12-21T07:03:57.204+0000] {logging_mixin.py:188} INFO - [2025-12-21T07:03:57.204+0000] {dag.py:3834} INFO - Setting next_dagrun for example_sensors to None, run_after=None
[2025-12-21T07:03:57.232+0000] {processor.py:183} INFO - Processing /home/airflow/.local/lib/python3.8/site-packages/airflow/example_dags/example_sensors.py took 0.096 seconds
[2025-12-21T07:04:28.125+0000] {processor.py:161} INFO - Started process (PID=679) to work on /home/airflow/.local/lib/python3.8/site-packages/airflow/example_dags/example_sensors.py
[2025-12-21T07:04:28.127+0000] {processor.py:830} INFO - Processing file /home/airflow/.local/lib/python3.8/site-packages/airflow/example_dags/example_sensors.py for tasks to queue
[2025-12-21T07:04:28.130+0000] {logging_mixin.py:188} INFO - [2025-12-21T07:04:28.129+0000] {dagbag.py:540} INFO - Filling up the DagBag from /home/airflow/.local/lib/python3.8/site-packages/airflow/example_dags/example_sensors.py
[2025-12-21T07:04:28.141+0000] {processor.py:840} INFO - DAG(s) 'example_sensors' retrieved from /home/airflow/.local/lib/python3.8/site-packages/airflow/example_dags/example_sensors.py
[2025-12-21T07:04:28.176+0000] {logging_mixin.py:188} INFO - [2025-12-21T07:04:28.176+0000] {dag.py:3047} INFO - Sync 1 DAGs
[2025-12-21T07:04:28.192+0000] {logging_mixin.py:188} INFO - [2025-12-21T07:04:28.192+0000] {dag.py:3834} INFO - Setting next_dagrun for example_sensors to None, run_after=None
[2025-12-21T07:04:28.219+0000] {processor.py:183} INFO - Processing /home/airflow/.local/lib/python3.8/site-packages/airflow/example_dags/example_sensors.py took 0.101 seconds
[2025-12-21T07:04:58.331+0000] {processor.py:161} INFO - Started process (PID=735) to work on /home/airflow/.local/lib/python3.8/site-packages/airflow/example_dags/example_sensors.py
[2025-12-21T07:04:58.332+0000] {processor.py:830} INFO - Processing file /home/airflow/.local/lib/python3.8/site-packages/airflow/example_dags/example_sensors.py for tasks to queue
[2025-12-21T07:04:58.334+0000] {logging_mixin.py:188} INFO - [2025-12-21T07:04:58.334+0000] {dagbag.py:540} INFO - Filling up the DagBag from /home/airflow/.local/lib/python3.8/site-packages/airflow/example_dags/example_sensors.py
[2025-12-21T07:04:58.344+0000] {processor.py:840} INFO - DAG(s) 'example_sensors' retrieved from /home/airflow/.local/lib/python3.8/site-packages/airflow/example_dags/example_sensors.py
[2025-12-21T07:04:58.371+0000] {logging_mixin.py:188} INFO - [2025-12-21T07:04:58.371+0000] {dag.py:3047} INFO - Sync 1 DAGs
[2025-12-21T07:04:58.385+0000] {logging_mixin.py:188} INFO - [2025-12-21T07:04:58.384+0000] {dag.py:3834} INFO - Setting next_dagrun for example_sensors to None, run_after=None
[2025-12-21T07:04:58.406+0000] {processor.py:183} INFO - Processing /home/airflow/.local/lib/python3.8/site-packages/airflow/example_dags/example_sensors.py took 0.079 seconds
[2025-12-21T07:05:28.755+0000] {processor.py:161} INFO - Started process (PID=791) to work on /home/airflow/.local/lib/python3.8/site-packages/airflow/example_dags/example_sensors.py
[2025-12-21T07:05:28.757+0000] {processor.py:830} INFO - Processing file /home/airflow/.local/lib/python3.8/site-packages/airflow/example_dags/example_sensors.py for tasks to queue
[2025-12-21T07:05:28.760+0000] {logging_mixin.py:188} INFO - [2025-12-21T07:05:28.759+0000] {dagbag.py:540} INFO - Filling up the DagBag from /home/airflow/.local/lib/python3.8/site-packages/airflow/example_dags/example_sensors.py
[2025-12-21T07:05:28.771+0000] {processor.py:840} INFO - DAG(s) 'example_sensors' retrieved from /home/airflow/.local/lib/python3.8/site-packages/airflow/example_dags/example_sensors.py
[2025-12-21T07:05:28.804+0000] {logging_mixin.py:188} INFO - [2025-12-21T07:05:28.803+0000] {dag.py:3047} INFO - Sync 1 DAGs
[2025-12-21T07:05:28.818+0000] {logging_mixin.py:188} INFO - [2025-12-21T07:05:28.817+0000] {dag.py:3834} INFO - Setting next_dagrun for example_sensors to None, run_after=None
[2025-12-21T07:05:28.842+0000] {processor.py:183} INFO - Processing /home/airflow/.local/lib/python3.8/site-packages/airflow/example_dags/example_sensors.py took 0.091 seconds
[2025-12-21T07:05:58.889+0000] {processor.py:161} INFO - Started process (PID=846) to work on /home/airflow/.local/lib/python3.8/site-packages/airflow/example_dags/example_sensors.py
[2025-12-21T07:05:58.890+0000] {processor.py:830} INFO - Processing file /home/airflow/.local/lib/python3.8/site-packages/airflow/example_dags/example_sensors.py for tasks to queue
[2025-12-21T07:05:58.892+0000] {logging_mixin.py:188} INFO - [2025-12-21T07:05:58.892+0000] {dagbag.py:540} INFO - Filling up the DagBag from /home/airflow/.local/lib/python3.8/site-packages/airflow/example_dags/example_sensors.py
[2025-12-21T07:05:58.903+0000] {processor.py:840} INFO - DAG(s) 'example_sensors' retrieved from /home/airflow/.local/lib/python3.8/site-packages/airflow/example_dags/example_sensors.py
[2025-12-21T07:05:58.931+0000] {logging_mixin.py:188} INFO - [2025-12-21T07:05:58.931+0000] {dag.py:3047} INFO - Sync 1 DAGs
[2025-12-21T07:05:58.944+0000] {logging_mixin.py:188} INFO - [2025-12-21T07:05:58.944+0000] {dag.py:3834} INFO - Setting next_dagrun for example_sensors to None, run_after=None
[2025-12-21T07:05:58.969+0000] {processor.py:183} INFO - Processing /home/airflow/.local/lib/python3.8/site-packages/airflow/example_dags/example_sensors.py took 0.085 seconds
[2025-12-21T07:06:29.288+0000] {processor.py:161} INFO - Started process (PID=902) to work on /home/airflow/.local/lib/python3.8/site-packages/airflow/example_dags/example_sensors.py
[2025-12-21T07:06:29.289+0000] {processor.py:830} INFO - Processing file /home/airflow/.local/lib/python3.8/site-packages/airflow/example_dags/example_sensors.py for tasks to queue
[2025-12-21T07:06:29.292+0000] {logging_mixin.py:188} INFO - [2025-12-21T07:06:29.292+0000] {dagbag.py:540} INFO - Filling up the DagBag from /home/airflow/.local/lib/python3.8/site-packages/airflow/example_dags/example_sensors.py
[2025-12-21T07:06:29.304+0000] {processor.py:840} INFO - DAG(s) 'example_sensors' retrieved from /home/airflow/.local/lib/python3.8/site-packages/airflow/example_dags/example_sensors.py
[2025-12-21T07:06:29.341+0000] {logging_mixin.py:188} INFO - [2025-12-21T07:06:29.341+0000] {dag.py:3047} INFO - Sync 1 DAGs
[2025-12-21T07:06:29.359+0000] {logging_mixin.py:188} INFO - [2025-12-21T07:06:29.358+0000] {dag.py:3834} INFO - Setting next_dagrun for example_sensors to None, run_after=None
[2025-12-21T07:06:29.389+0000] {processor.py:183} INFO - Processing /home/airflow/.local/lib/python3.8/site-packages/airflow/example_dags/example_sensors.py took 0.106 seconds
[2025-12-21T07:06:59.553+0000] {processor.py:161} INFO - Started process (PID=958) to work on /home/airflow/.local/lib/python3.8/site-packages/airflow/example_dags/example_sensors.py
[2025-12-21T07:06:59.555+0000] {processor.py:830} INFO - Processing file /home/airflow/.local/lib/python3.8/site-packages/airflow/example_dags/example_sensors.py for tasks to queue
[2025-12-21T07:06:59.558+0000] {logging_mixin.py:188} INFO - [2025-12-21T07:06:59.557+0000] {dagbag.py:540} INFO - Filling up the DagBag from /home/airflow/.local/lib/python3.8/site-packages/airflow/example_dags/example_sensors.py
[2025-12-21T07:06:59.566+0000] {processor.py:840} INFO - DAG(s) 'example_sensors' retrieved from /home/airflow/.local/lib/python3.8/site-packages/airflow/example_dags/example_sensors.py
[2025-12-21T07:06:59.594+0000] {logging_mixin.py:188} INFO - [2025-12-21T07:06:59.594+0000] {dag.py:3047} INFO - Sync 1 DAGs
[2025-12-21T07:06:59.607+0000] {logging_mixin.py:188} INFO - [2025-12-21T07:06:59.606+0000] {dag.py:3834} INFO - Setting next_dagrun for example_sensors to None, run_after=None
[2025-12-21T07:06:59.626+0000] {processor.py:183} INFO - Processing /home/airflow/.local/lib/python3.8/site-packages/airflow/example_dags/example_sensors.py took 0.076 seconds
[2025-12-21T07:07:30.130+0000] {processor.py:161} INFO - Started process (PID=1014) to work on /home/airflow/.local/lib/python3.8/site-packages/airflow/example_dags/example_sensors.py
[2025-12-21T07:07:30.132+0000] {processor.py:830} INFO - Processing file /home/airflow/.local/lib/python3.8/site-packages/airflow/example_dags/example_sensors.py for tasks to queue
[2025-12-21T07:07:30.135+0000] {logging_mixin.py:188} INFO - [2025-12-21T07:07:30.134+0000] {dagbag.py:540} INFO - Filling up the DagBag from /home/airflow/.local/lib/python3.8/site-packages/airflow/example_dags/example_sensors.py
[2025-12-21T07:07:30.144+0000] {processor.py:840} INFO - DAG(s) 'example_sensors' retrieved from /home/airflow/.local/lib/python3.8/site-packages/airflow/example_dags/example_sensors.py
[2025-12-21T07:07:30.175+0000] {logging_mixin.py:188} INFO - [2025-12-21T07:07:30.175+0000] {dag.py:3047} INFO - Sync 1 DAGs
[2025-12-21T07:07:30.189+0000] {logging_mixin.py:188} INFO - [2025-12-21T07:07:30.188+0000] {dag.py:3834} INFO - Setting next_dagrun for example_sensors to None, run_after=None
[2025-12-21T07:07:30.211+0000] {processor.py:183} INFO - Processing /home/airflow/.local/lib/python3.8/site-packages/airflow/example_dags/example_sensors.py took 0.084 seconds
[2025-12-21T07:08:01.041+0000] {processor.py:161} INFO - Started process (PID=1071) to work on /home/airflow/.local/lib/python3.8/site-packages/airflow/example_dags/example_sensors.py
[2025-12-21T07:08:01.043+0000] {processor.py:830} INFO - Processing file /home/airflow/.local/lib/python3.8/site-packages/airflow/example_dags/example_sensors.py for tasks to queue
[2025-12-21T07:08:01.046+0000] {logging_mixin.py:188} INFO - [2025-12-21T07:08:01.045+0000] {dagbag.py:540} INFO - Filling up the DagBag from /home/airflow/.local/lib/python3.8/site-packages/airflow/example_dags/example_sensors.py
[2025-12-21T07:08:01.062+0000] {processor.py:840} INFO - DAG(s) 'example_sensors' retrieved from /home/airflow/.local/lib/python3.8/site-packages/airflow/example_dags/example_sensors.py
[2025-12-21T07:08:01.098+0000] {logging_mixin.py:188} INFO - [2025-12-21T07:08:01.097+0000] {dag.py:3047} INFO - Sync 1 DAGs
[2025-12-21T07:08:01.113+0000] {logging_mixin.py:188} INFO - [2025-12-21T07:08:01.113+0000] {dag.py:3834} INFO - Setting next_dagrun for example_sensors to None, run_after=None
[2025-12-21T07:08:01.145+0000] {processor.py:183} INFO - Processing /home/airflow/.local/lib/python3.8/site-packages/airflow/example_dags/example_sensors.py took 0.108 seconds
[2025-12-21T07:08:32.029+0000] {processor.py:161} INFO - Started process (PID=1127) to work on /home/airflow/.local/lib/python3.8/site-packages/airflow/example_dags/example_sensors.py
[2025-12-21T07:08:32.030+0000] {processor.py:830} INFO - Processing file /home/airflow/.local/lib/python3.8/site-packages/airflow/example_dags/example_sensors.py for tasks to queue
[2025-12-21T07:08:32.032+0000] {logging_mixin.py:188} INFO - [2025-12-21T07:08:32.032+0000] {dagbag.py:540} INFO - Filling up the DagBag from /home/airflow/.local/lib/python3.8/site-packages/airflow/example_dags/example_sensors.py
[2025-12-21T07:08:32.041+0000] {processor.py:840} INFO - DAG(s) 'example_sensors' retrieved from /home/airflow/.local/lib/python3.8/site-packages/airflow/example_dags/example_sensors.py
[2025-12-21T07:08:32.069+0000] {logging_mixin.py:188} INFO - [2025-12-21T07:08:32.069+0000] {dag.py:3047} INFO - Sync 1 DAGs
[2025-12-21T07:08:32.082+0000] {logging_mixin.py:188} INFO - [2025-12-21T07:08:32.081+0000] {dag.py:3834} INFO - Setting next_dagrun for example_sensors to None, run_after=None
[2025-12-21T07:08:32.101+0000] {processor.py:183} INFO - Processing /home/airflow/.local/lib/python3.8/site-packages/airflow/example_dags/example_sensors.py took 0.076 seconds
[2025-12-21T07:11:42.882+0000] {processor.py:161} INFO - Started process (PID=69) to work on /home/airflow/.local/lib/python3.8/site-packages/airflow/example_dags/example_sensors.py
[2025-12-21T07:11:42.886+0000] {processor.py:830} INFO - Processing file /home/airflow/.local/lib/python3.8/site-packages/airflow/example_dags/example_sensors.py for tasks to queue
[2025-12-21T07:11:42.890+0000] {logging_mixin.py:188} INFO - [2025-12-21T07:11:42.890+0000] {dagbag.py:540} INFO - Filling up the DagBag from /home/airflow/.local/lib/python3.8/site-packages/airflow/example_dags/example_sensors.py
[2025-12-21T07:11:42.910+0000] {processor.py:840} INFO - DAG(s) 'example_sensors' retrieved from /home/airflow/.local/lib/python3.8/site-packages/airflow/example_dags/example_sensors.py
[2025-12-21T07:11:42.930+0000] {logging_mixin.py:188} INFO - [2025-12-21T07:11:42.929+0000] {dag.py:3047} INFO - Sync 1 DAGs
[2025-12-21T07:11:42.955+0000] {logging_mixin.py:188} INFO - [2025-12-21T07:11:42.954+0000] {dag.py:3834} INFO - Setting next_dagrun for example_sensors to None, run_after=None
[2025-12-21T07:11:42.983+0000] {processor.py:183} INFO - Processing /home/airflow/.local/lib/python3.8/site-packages/airflow/example_dags/example_sensors.py took 0.109 seconds
[2025-12-21T07:12:14.519+0000] {processor.py:161} INFO - Started process (PID=130) to work on /home/airflow/.local/lib/python3.8/site-packages/airflow/example_dags/example_sensors.py
[2025-12-21T07:12:14.521+0000] {processor.py:830} INFO - Processing file /home/airflow/.local/lib/python3.8/site-packages/airflow/example_dags/example_sensors.py for tasks to queue
[2025-12-21T07:12:14.523+0000] {logging_mixin.py:188} INFO - [2025-12-21T07:12:14.523+0000] {dagbag.py:540} INFO - Filling up the DagBag from /home/airflow/.local/lib/python3.8/site-packages/airflow/example_dags/example_sensors.py
[2025-12-21T07:12:14.533+0000] {processor.py:840} INFO - DAG(s) 'example_sensors' retrieved from /home/airflow/.local/lib/python3.8/site-packages/airflow/example_dags/example_sensors.py
[2025-12-21T07:12:14.648+0000] {logging_mixin.py:188} INFO - [2025-12-21T07:12:14.648+0000] {dag.py:3047} INFO - Sync 1 DAGs
[2025-12-21T07:12:14.659+0000] {logging_mixin.py:188} INFO - [2025-12-21T07:12:14.659+0000] {dag.py:3834} INFO - Setting next_dagrun for example_sensors to None, run_after=None
[2025-12-21T07:12:14.685+0000] {processor.py:183} INFO - Processing /home/airflow/.local/lib/python3.8/site-packages/airflow/example_dags/example_sensors.py took 0.169 seconds
[2025-12-21T07:12:45.009+0000] {processor.py:161} INFO - Started process (PID=186) to work on /home/airflow/.local/lib/python3.8/site-packages/airflow/example_dags/example_sensors.py
[2025-12-21T07:12:45.011+0000] {processor.py:830} INFO - Processing file /home/airflow/.local/lib/python3.8/site-packages/airflow/example_dags/example_sensors.py for tasks to queue
[2025-12-21T07:12:45.014+0000] {logging_mixin.py:188} INFO - [2025-12-21T07:12:45.014+0000] {dagbag.py:540} INFO - Filling up the DagBag from /home/airflow/.local/lib/python3.8/site-packages/airflow/example_dags/example_sensors.py
[2025-12-21T07:12:45.026+0000] {processor.py:840} INFO - DAG(s) 'example_sensors' retrieved from /home/airflow/.local/lib/python3.8/site-packages/airflow/example_dags/example_sensors.py
[2025-12-21T07:12:45.063+0000] {logging_mixin.py:188} INFO - [2025-12-21T07:12:45.063+0000] {dag.py:3047} INFO - Sync 1 DAGs
[2025-12-21T07:12:45.081+0000] {logging_mixin.py:188} INFO - [2025-12-21T07:12:45.080+0000] {dag.py:3834} INFO - Setting next_dagrun for example_sensors to None, run_after=None
[2025-12-21T07:12:45.107+0000] {processor.py:183} INFO - Processing /home/airflow/.local/lib/python3.8/site-packages/airflow/example_dags/example_sensors.py took 0.102 seconds
[2025-12-21T07:13:15.835+0000] {processor.py:161} INFO - Started process (PID=242) to work on /home/airflow/.local/lib/python3.8/site-packages/airflow/example_dags/example_sensors.py
[2025-12-21T07:13:15.838+0000] {processor.py:830} INFO - Processing file /home/airflow/.local/lib/python3.8/site-packages/airflow/example_dags/example_sensors.py for tasks to queue
[2025-12-21T07:13:15.841+0000] {logging_mixin.py:188} INFO - [2025-12-21T07:13:15.841+0000] {dagbag.py:540} INFO - Filling up the DagBag from /home/airflow/.local/lib/python3.8/site-packages/airflow/example_dags/example_sensors.py
[2025-12-21T07:13:15.856+0000] {processor.py:840} INFO - DAG(s) 'example_sensors' retrieved from /home/airflow/.local/lib/python3.8/site-packages/airflow/example_dags/example_sensors.py
[2025-12-21T07:13:15.919+0000] {logging_mixin.py:188} INFO - [2025-12-21T07:13:15.918+0000] {dag.py:3047} INFO - Sync 1 DAGs
[2025-12-21T07:13:15.943+0000] {logging_mixin.py:188} INFO - [2025-12-21T07:13:15.943+0000] {dag.py:3834} INFO - Setting next_dagrun for example_sensors to None, run_after=None
[2025-12-21T07:13:15.984+0000] {processor.py:183} INFO - Processing /home/airflow/.local/lib/python3.8/site-packages/airflow/example_dags/example_sensors.py took 0.153 seconds
[2025-12-21T07:13:46.816+0000] {processor.py:161} INFO - Started process (PID=298) to work on /home/airflow/.local/lib/python3.8/site-packages/airflow/example_dags/example_sensors.py
[2025-12-21T07:13:46.818+0000] {processor.py:830} INFO - Processing file /home/airflow/.local/lib/python3.8/site-packages/airflow/example_dags/example_sensors.py for tasks to queue
[2025-12-21T07:13:46.820+0000] {logging_mixin.py:188} INFO - [2025-12-21T07:13:46.820+0000] {dagbag.py:540} INFO - Filling up the DagBag from /home/airflow/.local/lib/python3.8/site-packages/airflow/example_dags/example_sensors.py
[2025-12-21T07:13:46.831+0000] {processor.py:840} INFO - DAG(s) 'example_sensors' retrieved from /home/airflow/.local/lib/python3.8/site-packages/airflow/example_dags/example_sensors.py
[2025-12-21T07:13:46.865+0000] {logging_mixin.py:188} INFO - [2025-12-21T07:13:46.864+0000] {dag.py:3047} INFO - Sync 1 DAGs
[2025-12-21T07:13:46.880+0000] {logging_mixin.py:188} INFO - [2025-12-21T07:13:46.880+0000] {dag.py:3834} INFO - Setting next_dagrun for example_sensors to None, run_after=None
[2025-12-21T07:13:46.905+0000] {processor.py:183} INFO - Processing /home/airflow/.local/lib/python3.8/site-packages/airflow/example_dags/example_sensors.py took 0.094 seconds
[2025-12-21T07:14:17.449+0000] {processor.py:161} INFO - Started process (PID=354) to work on /home/airflow/.local/lib/python3.8/site-packages/airflow/example_dags/example_sensors.py
[2025-12-21T07:14:17.451+0000] {processor.py:830} INFO - Processing file /home/airflow/.local/lib/python3.8/site-packages/airflow/example_dags/example_sensors.py for tasks to queue
[2025-12-21T07:14:17.454+0000] {logging_mixin.py:188} INFO - [2025-12-21T07:14:17.453+0000] {dagbag.py:540} INFO - Filling up the DagBag from /home/airflow/.local/lib/python3.8/site-packages/airflow/example_dags/example_sensors.py
[2025-12-21T07:14:17.464+0000] {processor.py:840} INFO - DAG(s) 'example_sensors' retrieved from /home/airflow/.local/lib/python3.8/site-packages/airflow/example_dags/example_sensors.py
[2025-12-21T07:14:17.492+0000] {logging_mixin.py:188} INFO - [2025-12-21T07:14:17.491+0000] {dag.py:3047} INFO - Sync 1 DAGs
[2025-12-21T07:14:17.505+0000] {logging_mixin.py:188} INFO - [2025-12-21T07:14:17.505+0000] {dag.py:3834} INFO - Setting next_dagrun for example_sensors to None, run_after=None
[2025-12-21T07:14:17.527+0000] {processor.py:183} INFO - Processing /home/airflow/.local/lib/python3.8/site-packages/airflow/example_dags/example_sensors.py took 0.082 seconds
[2025-12-21T07:14:48.238+0000] {processor.py:161} INFO - Started process (PID=410) to work on /home/airflow/.local/lib/python3.8/site-packages/airflow/example_dags/example_sensors.py
[2025-12-21T07:14:48.241+0000] {processor.py:830} INFO - Processing file /home/airflow/.local/lib/python3.8/site-packages/airflow/example_dags/example_sensors.py for tasks to queue
[2025-12-21T07:14:48.244+0000] {logging_mixin.py:188} INFO - [2025-12-21T07:14:48.243+0000] {dagbag.py:540} INFO - Filling up the DagBag from /home/airflow/.local/lib/python3.8/site-packages/airflow/example_dags/example_sensors.py
[2025-12-21T07:14:48.257+0000] {processor.py:840} INFO - DAG(s) 'example_sensors' retrieved from /home/airflow/.local/lib/python3.8/site-packages/airflow/example_dags/example_sensors.py
[2025-12-21T07:14:48.291+0000] {logging_mixin.py:188} INFO - [2025-12-21T07:14:48.291+0000] {dag.py:3047} INFO - Sync 1 DAGs
[2025-12-21T07:14:48.308+0000] {logging_mixin.py:188} INFO - [2025-12-21T07:14:48.307+0000] {dag.py:3834} INFO - Setting next_dagrun for example_sensors to None, run_after=None
[2025-12-21T07:14:48.345+0000] {processor.py:183} INFO - Processing /home/airflow/.local/lib/python3.8/site-packages/airflow/example_dags/example_sensors.py took 0.111 seconds
[2025-12-21T07:15:18.536+0000] {processor.py:161} INFO - Started process (PID=466) to work on /home/airflow/.local/lib/python3.8/site-packages/airflow/example_dags/example_sensors.py
[2025-12-21T07:15:18.537+0000] {processor.py:830} INFO - Processing file /home/airflow/.local/lib/python3.8/site-packages/airflow/example_dags/example_sensors.py for tasks to queue
[2025-12-21T07:15:18.540+0000] {logging_mixin.py:188} INFO - [2025-12-21T07:15:18.539+0000] {dagbag.py:540} INFO - Filling up the DagBag from /home/airflow/.local/lib/python3.8/site-packages/airflow/example_dags/example_sensors.py
[2025-12-21T07:15:18.553+0000] {processor.py:840} INFO - DAG(s) 'example_sensors' retrieved from /home/airflow/.local/lib/python3.8/site-packages/airflow/example_dags/example_sensors.py
[2025-12-21T07:15:18.592+0000] {logging_mixin.py:188} INFO - [2025-12-21T07:15:18.592+0000] {dag.py:3047} INFO - Sync 1 DAGs
[2025-12-21T07:15:18.605+0000] {logging_mixin.py:188} INFO - [2025-12-21T07:15:18.605+0000] {dag.py:3834} INFO - Setting next_dagrun for example_sensors to None, run_after=None
[2025-12-21T07:15:18.639+0000] {processor.py:183} INFO - Processing /home/airflow/.local/lib/python3.8/site-packages/airflow/example_dags/example_sensors.py took 0.107 seconds
[2025-12-21T07:15:48.841+0000] {processor.py:161} INFO - Started process (PID=522) to work on /home/airflow/.local/lib/python3.8/site-packages/airflow/example_dags/example_sensors.py
[2025-12-21T07:15:48.843+0000] {processor.py:830} INFO - Processing file /home/airflow/.local/lib/python3.8/site-packages/airflow/example_dags/example_sensors.py for tasks to queue
[2025-12-21T07:15:48.847+0000] {logging_mixin.py:188} INFO - [2025-12-21T07:15:48.846+0000] {dagbag.py:540} INFO - Filling up the DagBag from /home/airflow/.local/lib/python3.8/site-packages/airflow/example_dags/example_sensors.py
[2025-12-21T07:15:48.861+0000] {processor.py:840} INFO - DAG(s) 'example_sensors' retrieved from /home/airflow/.local/lib/python3.8/site-packages/airflow/example_dags/example_sensors.py
[2025-12-21T07:15:48.894+0000] {logging_mixin.py:188} INFO - [2025-12-21T07:15:48.894+0000] {dag.py:3047} INFO - Sync 1 DAGs
[2025-12-21T07:15:48.911+0000] {logging_mixin.py:188} INFO - [2025-12-21T07:15:48.911+0000] {dag.py:3834} INFO - Setting next_dagrun for example_sensors to None, run_after=None
[2025-12-21T07:15:48.935+0000] {processor.py:183} INFO - Processing /home/airflow/.local/lib/python3.8/site-packages/airflow/example_dags/example_sensors.py took 0.099 seconds
[2025-12-21T07:16:19.956+0000] {processor.py:161} INFO - Started process (PID=578) to work on /home/airflow/.local/lib/python3.8/site-packages/airflow/example_dags/example_sensors.py
[2025-12-21T07:16:19.957+0000] {processor.py:830} INFO - Processing file /home/airflow/.local/lib/python3.8/site-packages/airflow/example_dags/example_sensors.py for tasks to queue
[2025-12-21T07:16:19.960+0000] {logging_mixin.py:188} INFO - [2025-12-21T07:16:19.959+0000] {dagbag.py:540} INFO - Filling up the DagBag from /home/airflow/.local/lib/python3.8/site-packages/airflow/example_dags/example_sensors.py
[2025-12-21T07:16:19.970+0000] {processor.py:840} INFO - DAG(s) 'example_sensors' retrieved from /home/airflow/.local/lib/python3.8/site-packages/airflow/example_dags/example_sensors.py
[2025-12-21T07:16:19.998+0000] {logging_mixin.py:188} INFO - [2025-12-21T07:16:19.998+0000] {dag.py:3047} INFO - Sync 1 DAGs
[2025-12-21T07:16:20.011+0000] {logging_mixin.py:188} INFO - [2025-12-21T07:16:20.011+0000] {dag.py:3834} INFO - Setting next_dagrun for example_sensors to None, run_after=None
[2025-12-21T07:16:20.037+0000] {processor.py:183} INFO - Processing /home/airflow/.local/lib/python3.8/site-packages/airflow/example_dags/example_sensors.py took 0.085 seconds
[2025-12-21T07:16:50.593+0000] {processor.py:161} INFO - Started process (PID=634) to work on /home/airflow/.local/lib/python3.8/site-packages/airflow/example_dags/example_sensors.py
[2025-12-21T07:16:50.594+0000] {processor.py:830} INFO - Processing file /home/airflow/.local/lib/python3.8/site-packages/airflow/example_dags/example_sensors.py for tasks to queue
[2025-12-21T07:16:50.597+0000] {logging_mixin.py:188} INFO - [2025-12-21T07:16:50.596+0000] {dagbag.py:540} INFO - Filling up the DagBag from /home/airflow/.local/lib/python3.8/site-packages/airflow/example_dags/example_sensors.py
[2025-12-21T07:16:50.607+0000] {processor.py:840} INFO - DAG(s) 'example_sensors' retrieved from /home/airflow/.local/lib/python3.8/site-packages/airflow/example_dags/example_sensors.py
[2025-12-21T07:16:50.634+0000] {logging_mixin.py:188} INFO - [2025-12-21T07:16:50.634+0000] {dag.py:3047} INFO - Sync 1 DAGs
[2025-12-21T07:16:50.647+0000] {logging_mixin.py:188} INFO - [2025-12-21T07:16:50.646+0000] {dag.py:3834} INFO - Setting next_dagrun for example_sensors to None, run_after=None
[2025-12-21T07:16:50.669+0000] {processor.py:183} INFO - Processing /home/airflow/.local/lib/python3.8/site-packages/airflow/example_dags/example_sensors.py took 0.080 seconds
[2025-12-21T07:17:20.902+0000] {processor.py:161} INFO - Started process (PID=690) to work on /home/airflow/.local/lib/python3.8/site-packages/airflow/example_dags/example_sensors.py
[2025-12-21T07:17:20.903+0000] {processor.py:830} INFO - Processing file /home/airflow/.local/lib/python3.8/site-packages/airflow/example_dags/example_sensors.py for tasks to queue
[2025-12-21T07:17:20.906+0000] {logging_mixin.py:188} INFO - [2025-12-21T07:17:20.906+0000] {dagbag.py:540} INFO - Filling up the DagBag from /home/airflow/.local/lib/python3.8/site-packages/airflow/example_dags/example_sensors.py
[2025-12-21T07:17:20.916+0000] {processor.py:840} INFO - DAG(s) 'example_sensors' retrieved from /home/airflow/.local/lib/python3.8/site-packages/airflow/example_dags/example_sensors.py
[2025-12-21T07:17:20.943+0000] {logging_mixin.py:188} INFO - [2025-12-21T07:17:20.943+0000] {dag.py:3047} INFO - Sync 1 DAGs
[2025-12-21T07:17:20.956+0000] {logging_mixin.py:188} INFO - [2025-12-21T07:17:20.956+0000] {dag.py:3834} INFO - Setting next_dagrun for example_sensors to None, run_after=None
[2025-12-21T07:17:20.978+0000] {processor.py:183} INFO - Processing /home/airflow/.local/lib/python3.8/site-packages/airflow/example_dags/example_sensors.py took 0.080 seconds
[2025-12-21T07:17:51.170+0000] {processor.py:161} INFO - Started process (PID=747) to work on /home/airflow/.local/lib/python3.8/site-packages/airflow/example_dags/example_sensors.py
[2025-12-21T07:17:51.171+0000] {processor.py:830} INFO - Processing file /home/airflow/.local/lib/python3.8/site-packages/airflow/example_dags/example_sensors.py for tasks to queue
[2025-12-21T07:17:51.174+0000] {logging_mixin.py:188} INFO - [2025-12-21T07:17:51.173+0000] {dagbag.py:540} INFO - Filling up the DagBag from /home/airflow/.local/lib/python3.8/site-packages/airflow/example_dags/example_sensors.py
[2025-12-21T07:17:51.184+0000] {processor.py:840} INFO - DAG(s) 'example_sensors' retrieved from /home/airflow/.local/lib/python3.8/site-packages/airflow/example_dags/example_sensors.py
[2025-12-21T07:17:51.212+0000] {logging_mixin.py:188} INFO - [2025-12-21T07:17:51.212+0000] {dag.py:3047} INFO - Sync 1 DAGs
[2025-12-21T07:17:51.224+0000] {logging_mixin.py:188} INFO - [2025-12-21T07:17:51.223+0000] {dag.py:3834} INFO - Setting next_dagrun for example_sensors to None, run_after=None
[2025-12-21T07:17:51.244+0000] {processor.py:183} INFO - Processing /home/airflow/.local/lib/python3.8/site-packages/airflow/example_dags/example_sensors.py took 0.079 seconds
[2025-12-21T07:18:21.984+0000] {processor.py:161} INFO - Started process (PID=803) to work on /home/airflow/.local/lib/python3.8/site-packages/airflow/example_dags/example_sensors.py
[2025-12-21T07:18:21.986+0000] {processor.py:830} INFO - Processing file /home/airflow/.local/lib/python3.8/site-packages/airflow/example_dags/example_sensors.py for tasks to queue
[2025-12-21T07:18:21.989+0000] {logging_mixin.py:188} INFO - [2025-12-21T07:18:21.988+0000] {dagbag.py:540} INFO - Filling up the DagBag from /home/airflow/.local/lib/python3.8/site-packages/airflow/example_dags/example_sensors.py
[2025-12-21T07:18:21.999+0000] {processor.py:840} INFO - DAG(s) 'example_sensors' retrieved from /home/airflow/.local/lib/python3.8/site-packages/airflow/example_dags/example_sensors.py
[2025-12-21T07:18:22.028+0000] {logging_mixin.py:188} INFO - [2025-12-21T07:18:22.028+0000] {dag.py:3047} INFO - Sync 1 DAGs
[2025-12-21T07:18:22.042+0000] {logging_mixin.py:188} INFO - [2025-12-21T07:18:22.042+0000] {dag.py:3834} INFO - Setting next_dagrun for example_sensors to None, run_after=None
[2025-12-21T07:18:22.066+0000] {processor.py:183} INFO - Processing /home/airflow/.local/lib/python3.8/site-packages/airflow/example_dags/example_sensors.py took 0.085 seconds
[2025-12-21T07:18:52.927+0000] {processor.py:161} INFO - Started process (PID=859) to work on /home/airflow/.local/lib/python3.8/site-packages/airflow/example_dags/example_sensors.py
[2025-12-21T07:18:52.928+0000] {processor.py:830} INFO - Processing file /home/airflow/.local/lib/python3.8/site-packages/airflow/example_dags/example_sensors.py for tasks to queue
[2025-12-21T07:18:52.930+0000] {logging_mixin.py:188} INFO - [2025-12-21T07:18:52.930+0000] {dagbag.py:540} INFO - Filling up the DagBag from /home/airflow/.local/lib/python3.8/site-packages/airflow/example_dags/example_sensors.py
[2025-12-21T07:18:52.939+0000] {processor.py:840} INFO - DAG(s) 'example_sensors' retrieved from /home/airflow/.local/lib/python3.8/site-packages/airflow/example_dags/example_sensors.py
[2025-12-21T07:18:52.967+0000] {logging_mixin.py:188} INFO - [2025-12-21T07:18:52.966+0000] {dag.py:3047} INFO - Sync 1 DAGs
[2025-12-21T07:18:52.980+0000] {logging_mixin.py:188} INFO - [2025-12-21T07:18:52.979+0000] {dag.py:3834} INFO - Setting next_dagrun for example_sensors to None, run_after=None
[2025-12-21T07:18:53.000+0000] {processor.py:183} INFO - Processing /home/airflow/.local/lib/python3.8/site-packages/airflow/example_dags/example_sensors.py took 0.077 seconds
[2025-12-21T07:19:24.356+0000] {processor.py:161} INFO - Started process (PID=915) to work on /home/airflow/.local/lib/python3.8/site-packages/airflow/example_dags/example_sensors.py
[2025-12-21T07:19:24.358+0000] {processor.py:830} INFO - Processing file /home/airflow/.local/lib/python3.8/site-packages/airflow/example_dags/example_sensors.py for tasks to queue
[2025-12-21T07:19:24.361+0000] {logging_mixin.py:188} INFO - [2025-12-21T07:19:24.361+0000] {dagbag.py:540} INFO - Filling up the DagBag from /home/airflow/.local/lib/python3.8/site-packages/airflow/example_dags/example_sensors.py
[2025-12-21T07:19:24.378+0000] {processor.py:840} INFO - DAG(s) 'example_sensors' retrieved from /home/airflow/.local/lib/python3.8/site-packages/airflow/example_dags/example_sensors.py
[2025-12-21T07:19:24.428+0000] {logging_mixin.py:188} INFO - [2025-12-21T07:19:24.428+0000] {dag.py:3047} INFO - Sync 1 DAGs
[2025-12-21T07:19:24.457+0000] {logging_mixin.py:188} INFO - [2025-12-21T07:19:24.456+0000] {dag.py:3834} INFO - Setting next_dagrun for example_sensors to None, run_after=None
[2025-12-21T07:19:24.490+0000] {processor.py:183} INFO - Processing /home/airflow/.local/lib/python3.8/site-packages/airflow/example_dags/example_sensors.py took 0.140 seconds
[2025-12-21T07:19:55.212+0000] {processor.py:161} INFO - Started process (PID=972) to work on /home/airflow/.local/lib/python3.8/site-packages/airflow/example_dags/example_sensors.py
[2025-12-21T07:19:55.213+0000] {processor.py:830} INFO - Processing file /home/airflow/.local/lib/python3.8/site-packages/airflow/example_dags/example_sensors.py for tasks to queue
[2025-12-21T07:19:55.215+0000] {logging_mixin.py:188} INFO - [2025-12-21T07:19:55.215+0000] {dagbag.py:540} INFO - Filling up the DagBag from /home/airflow/.local/lib/python3.8/site-packages/airflow/example_dags/example_sensors.py
[2025-12-21T07:19:55.225+0000] {processor.py:840} INFO - DAG(s) 'example_sensors' retrieved from /home/airflow/.local/lib/python3.8/site-packages/airflow/example_dags/example_sensors.py
[2025-12-21T07:19:55.255+0000] {logging_mixin.py:188} INFO - [2025-12-21T07:19:55.254+0000] {dag.py:3047} INFO - Sync 1 DAGs
[2025-12-21T07:19:55.269+0000] {logging_mixin.py:188} INFO - [2025-12-21T07:19:55.269+0000] {dag.py:3834} INFO - Setting next_dagrun for example_sensors to None, run_after=None
[2025-12-21T07:19:55.292+0000] {processor.py:183} INFO - Processing /home/airflow/.local/lib/python3.8/site-packages/airflow/example_dags/example_sensors.py took 0.084 seconds
[2025-12-21T07:20:25.650+0000] {processor.py:161} INFO - Started process (PID=1028) to work on /home/airflow/.local/lib/python3.8/site-packages/airflow/example_dags/example_sensors.py
[2025-12-21T07:20:25.651+0000] {processor.py:830} INFO - Processing file /home/airflow/.local/lib/python3.8/site-packages/airflow/example_dags/example_sensors.py for tasks to queue
[2025-12-21T07:20:25.654+0000] {logging_mixin.py:188} INFO - [2025-12-21T07:20:25.653+0000] {dagbag.py:540} INFO - Filling up the DagBag from /home/airflow/.local/lib/python3.8/site-packages/airflow/example_dags/example_sensors.py
[2025-12-21T07:20:25.662+0000] {processor.py:840} INFO - DAG(s) 'example_sensors' retrieved from /home/airflow/.local/lib/python3.8/site-packages/airflow/example_dags/example_sensors.py
[2025-12-21T07:20:25.686+0000] {logging_mixin.py:188} INFO - [2025-12-21T07:20:25.686+0000] {dag.py:3047} INFO - Sync 1 DAGs
[2025-12-21T07:20:25.698+0000] {logging_mixin.py:188} INFO - [2025-12-21T07:20:25.698+0000] {dag.py:3834} INFO - Setting next_dagrun for example_sensors to None, run_after=None
[2025-12-21T07:20:25.717+0000] {processor.py:183} INFO - Processing /home/airflow/.local/lib/python3.8/site-packages/airflow/example_dags/example_sensors.py took 0.071 seconds
[2025-12-21T07:20:39.986+0000] {processor.py:161} INFO - Started process (PID=63) to work on /home/airflow/.local/lib/python3.8/site-packages/airflow/example_dags/example_sensors.py
[2025-12-21T07:20:39.987+0000] {processor.py:830} INFO - Processing file /home/airflow/.local/lib/python3.8/site-packages/airflow/example_dags/example_sensors.py for tasks to queue
[2025-12-21T07:20:39.989+0000] {logging_mixin.py:188} INFO - [2025-12-21T07:20:39.989+0000] {dagbag.py:540} INFO - Filling up the DagBag from /home/airflow/.local/lib/python3.8/site-packages/airflow/example_dags/example_sensors.py
[2025-12-21T07:20:39.998+0000] {processor.py:840} INFO - DAG(s) 'example_sensors' retrieved from /home/airflow/.local/lib/python3.8/site-packages/airflow/example_dags/example_sensors.py
[2025-12-21T07:20:40.029+0000] {logging_mixin.py:188} INFO - [2025-12-21T07:20:40.029+0000] {dag.py:3047} INFO - Sync 1 DAGs
[2025-12-21T07:20:40.041+0000] {logging_mixin.py:188} INFO - [2025-12-21T07:20:40.041+0000] {dag.py:3834} INFO - Setting next_dagrun for example_sensors to None, run_after=None
[2025-12-21T07:20:40.062+0000] {processor.py:183} INFO - Processing /home/airflow/.local/lib/python3.8/site-packages/airflow/example_dags/example_sensors.py took 0.080 seconds
[2025-12-21T07:21:11.041+0000] {processor.py:161} INFO - Started process (PID=119) to work on /home/airflow/.local/lib/python3.8/site-packages/airflow/example_dags/example_sensors.py
[2025-12-21T07:21:11.043+0000] {processor.py:830} INFO - Processing file /home/airflow/.local/lib/python3.8/site-packages/airflow/example_dags/example_sensors.py for tasks to queue
[2025-12-21T07:21:11.045+0000] {logging_mixin.py:188} INFO - [2025-12-21T07:21:11.044+0000] {dagbag.py:540} INFO - Filling up the DagBag from /home/airflow/.local/lib/python3.8/site-packages/airflow/example_dags/example_sensors.py
[2025-12-21T07:21:11.054+0000] {processor.py:840} INFO - DAG(s) 'example_sensors' retrieved from /home/airflow/.local/lib/python3.8/site-packages/airflow/example_dags/example_sensors.py
[2025-12-21T07:21:11.085+0000] {logging_mixin.py:188} INFO - [2025-12-21T07:21:11.085+0000] {dag.py:3047} INFO - Sync 1 DAGs
[2025-12-21T07:21:11.100+0000] {logging_mixin.py:188} INFO - [2025-12-21T07:21:11.099+0000] {dag.py:3834} INFO - Setting next_dagrun for example_sensors to None, run_after=None
[2025-12-21T07:21:11.124+0000] {processor.py:183} INFO - Processing /home/airflow/.local/lib/python3.8/site-packages/airflow/example_dags/example_sensors.py took 0.086 seconds
[2025-12-21T07:22:20.754+0000] {processor.py:161} INFO - Started process (PID=70) to work on /home/airflow/.local/lib/python3.8/site-packages/airflow/example_dags/example_sensors.py
[2025-12-21T07:22:20.756+0000] {processor.py:830} INFO - Processing file /home/airflow/.local/lib/python3.8/site-packages/airflow/example_dags/example_sensors.py for tasks to queue
[2025-12-21T07:22:20.763+0000] {logging_mixin.py:188} INFO - [2025-12-21T07:22:20.762+0000] {dagbag.py:540} INFO - Filling up the DagBag from /home/airflow/.local/lib/python3.8/site-packages/airflow/example_dags/example_sensors.py
[2025-12-21T07:22:20.775+0000] {processor.py:840} INFO - DAG(s) 'example_sensors' retrieved from /home/airflow/.local/lib/python3.8/site-packages/airflow/example_dags/example_sensors.py
[2025-12-21T07:22:20.795+0000] {logging_mixin.py:188} INFO - [2025-12-21T07:22:20.795+0000] {dag.py:3047} INFO - Sync 1 DAGs
[2025-12-21T07:22:20.812+0000] {logging_mixin.py:188} INFO - [2025-12-21T07:22:20.811+0000] {dag.py:3834} INFO - Setting next_dagrun for example_sensors to None, run_after=None
[2025-12-21T07:22:20.842+0000] {processor.py:183} INFO - Processing /home/airflow/.local/lib/python3.8/site-packages/airflow/example_dags/example_sensors.py took 0.092 seconds
[2025-12-21T07:22:52.160+0000] {processor.py:161} INFO - Started process (PID=133) to work on /home/airflow/.local/lib/python3.8/site-packages/airflow/example_dags/example_sensors.py
[2025-12-21T07:22:52.164+0000] {processor.py:830} INFO - Processing file /home/airflow/.local/lib/python3.8/site-packages/airflow/example_dags/example_sensors.py for tasks to queue
[2025-12-21T07:22:52.167+0000] {logging_mixin.py:188} INFO - [2025-12-21T07:22:52.166+0000] {dagbag.py:540} INFO - Filling up the DagBag from /home/airflow/.local/lib/python3.8/site-packages/airflow/example_dags/example_sensors.py
[2025-12-21T07:22:52.177+0000] {processor.py:840} INFO - DAG(s) 'example_sensors' retrieved from /home/airflow/.local/lib/python3.8/site-packages/airflow/example_dags/example_sensors.py
[2025-12-21T07:22:52.288+0000] {logging_mixin.py:188} INFO - [2025-12-21T07:22:52.288+0000] {dag.py:3047} INFO - Sync 1 DAGs
[2025-12-21T07:22:52.301+0000] {logging_mixin.py:188} INFO - [2025-12-21T07:22:52.300+0000] {dag.py:3834} INFO - Setting next_dagrun for example_sensors to None, run_after=None
[2025-12-21T07:22:52.323+0000] {processor.py:183} INFO - Processing /home/airflow/.local/lib/python3.8/site-packages/airflow/example_dags/example_sensors.py took 0.167 seconds
[2025-12-21T07:28:31.254+0000] {processor.py:161} INFO - Started process (PID=78) to work on /home/airflow/.local/lib/python3.8/site-packages/airflow/example_dags/example_sensors.py
[2025-12-21T07:28:31.266+0000] {processor.py:830} INFO - Processing file /home/airflow/.local/lib/python3.8/site-packages/airflow/example_dags/example_sensors.py for tasks to queue
[2025-12-21T07:28:31.274+0000] {logging_mixin.py:188} INFO - [2025-12-21T07:28:31.274+0000] {dagbag.py:540} INFO - Filling up the DagBag from /home/airflow/.local/lib/python3.8/site-packages/airflow/example_dags/example_sensors.py
[2025-12-21T07:28:31.307+0000] {processor.py:840} INFO - DAG(s) 'example_sensors' retrieved from /home/airflow/.local/lib/python3.8/site-packages/airflow/example_dags/example_sensors.py
[2025-12-21T07:28:31.326+0000] {logging_mixin.py:188} INFO - [2025-12-21T07:28:31.326+0000] {dag.py:3047} INFO - Sync 1 DAGs
[2025-12-21T07:28:31.363+0000] {logging_mixin.py:188} INFO - [2025-12-21T07:28:31.362+0000] {dag.py:3834} INFO - Setting next_dagrun for example_sensors to None, run_after=None
[2025-12-21T07:28:31.437+0000] {processor.py:183} INFO - Processing /home/airflow/.local/lib/python3.8/site-packages/airflow/example_dags/example_sensors.py took 0.195 seconds
[2025-12-21T07:29:01.799+0000] {processor.py:161} INFO - Started process (PID=134) to work on /home/airflow/.local/lib/python3.8/site-packages/airflow/example_dags/example_sensors.py
[2025-12-21T07:29:01.801+0000] {processor.py:830} INFO - Processing file /home/airflow/.local/lib/python3.8/site-packages/airflow/example_dags/example_sensors.py for tasks to queue
[2025-12-21T07:29:01.804+0000] {logging_mixin.py:188} INFO - [2025-12-21T07:29:01.803+0000] {dagbag.py:540} INFO - Filling up the DagBag from /home/airflow/.local/lib/python3.8/site-packages/airflow/example_dags/example_sensors.py
[2025-12-21T07:29:01.814+0000] {processor.py:840} INFO - DAG(s) 'example_sensors' retrieved from /home/airflow/.local/lib/python3.8/site-packages/airflow/example_dags/example_sensors.py
[2025-12-21T07:29:01.936+0000] {logging_mixin.py:188} INFO - [2025-12-21T07:29:01.935+0000] {dag.py:3047} INFO - Sync 1 DAGs
[2025-12-21T07:29:01.948+0000] {logging_mixin.py:188} INFO - [2025-12-21T07:29:01.948+0000] {dag.py:3834} INFO - Setting next_dagrun for example_sensors to None, run_after=None
[2025-12-21T07:29:01.969+0000] {processor.py:183} INFO - Processing /home/airflow/.local/lib/python3.8/site-packages/airflow/example_dags/example_sensors.py took 0.175 seconds
[2025-12-21T07:29:32.945+0000] {processor.py:161} INFO - Started process (PID=190) to work on /home/airflow/.local/lib/python3.8/site-packages/airflow/example_dags/example_sensors.py
[2025-12-21T07:29:32.947+0000] {processor.py:830} INFO - Processing file /home/airflow/.local/lib/python3.8/site-packages/airflow/example_dags/example_sensors.py for tasks to queue
[2025-12-21T07:29:32.950+0000] {logging_mixin.py:188} INFO - [2025-12-21T07:29:32.949+0000] {dagbag.py:540} INFO - Filling up the DagBag from /home/airflow/.local/lib/python3.8/site-packages/airflow/example_dags/example_sensors.py
[2025-12-21T07:29:32.963+0000] {processor.py:840} INFO - DAG(s) 'example_sensors' retrieved from /home/airflow/.local/lib/python3.8/site-packages/airflow/example_dags/example_sensors.py
[2025-12-21T07:29:32.999+0000] {logging_mixin.py:188} INFO - [2025-12-21T07:29:32.998+0000] {dag.py:3047} INFO - Sync 1 DAGs
[2025-12-21T07:29:33.017+0000] {logging_mixin.py:188} INFO - [2025-12-21T07:29:33.017+0000] {dag.py:3834} INFO - Setting next_dagrun for example_sensors to None, run_after=None
[2025-12-21T07:29:33.048+0000] {processor.py:183} INFO - Processing /home/airflow/.local/lib/python3.8/site-packages/airflow/example_dags/example_sensors.py took 0.107 seconds
[2025-12-21T07:30:03.400+0000] {processor.py:161} INFO - Started process (PID=245) to work on /home/airflow/.local/lib/python3.8/site-packages/airflow/example_dags/example_sensors.py
[2025-12-21T07:30:03.402+0000] {processor.py:830} INFO - Processing file /home/airflow/.local/lib/python3.8/site-packages/airflow/example_dags/example_sensors.py for tasks to queue
[2025-12-21T07:30:03.405+0000] {logging_mixin.py:188} INFO - [2025-12-21T07:30:03.404+0000] {dagbag.py:540} INFO - Filling up the DagBag from /home/airflow/.local/lib/python3.8/site-packages/airflow/example_dags/example_sensors.py
[2025-12-21T07:30:03.419+0000] {processor.py:840} INFO - DAG(s) 'example_sensors' retrieved from /home/airflow/.local/lib/python3.8/site-packages/airflow/example_dags/example_sensors.py
[2025-12-21T07:30:03.454+0000] {logging_mixin.py:188} INFO - [2025-12-21T07:30:03.453+0000] {dag.py:3047} INFO - Sync 1 DAGs
[2025-12-21T07:30:03.469+0000] {logging_mixin.py:188} INFO - [2025-12-21T07:30:03.468+0000] {dag.py:3834} INFO - Setting next_dagrun for example_sensors to None, run_after=None
[2025-12-21T07:30:03.495+0000] {processor.py:183} INFO - Processing /home/airflow/.local/lib/python3.8/site-packages/airflow/example_dags/example_sensors.py took 0.100 seconds
[2025-12-21T07:30:33.669+0000] {processor.py:161} INFO - Started process (PID=301) to work on /home/airflow/.local/lib/python3.8/site-packages/airflow/example_dags/example_sensors.py
[2025-12-21T07:30:33.671+0000] {processor.py:830} INFO - Processing file /home/airflow/.local/lib/python3.8/site-packages/airflow/example_dags/example_sensors.py for tasks to queue
[2025-12-21T07:30:33.674+0000] {logging_mixin.py:188} INFO - [2025-12-21T07:30:33.673+0000] {dagbag.py:540} INFO - Filling up the DagBag from /home/airflow/.local/lib/python3.8/site-packages/airflow/example_dags/example_sensors.py
[2025-12-21T07:30:33.692+0000] {processor.py:840} INFO - DAG(s) 'example_sensors' retrieved from /home/airflow/.local/lib/python3.8/site-packages/airflow/example_dags/example_sensors.py
[2025-12-21T07:30:33.734+0000] {logging_mixin.py:188} INFO - [2025-12-21T07:30:33.734+0000] {dag.py:3047} INFO - Sync 1 DAGs
[2025-12-21T07:30:33.751+0000] {logging_mixin.py:188} INFO - [2025-12-21T07:30:33.750+0000] {dag.py:3834} INFO - Setting next_dagrun for example_sensors to None, run_after=None
[2025-12-21T07:30:33.779+0000] {processor.py:183} INFO - Processing /home/airflow/.local/lib/python3.8/site-packages/airflow/example_dags/example_sensors.py took 0.115 seconds
[2025-12-21T07:31:03.953+0000] {processor.py:161} INFO - Started process (PID=357) to work on /home/airflow/.local/lib/python3.8/site-packages/airflow/example_dags/example_sensors.py
[2025-12-21T07:31:03.955+0000] {processor.py:830} INFO - Processing file /home/airflow/.local/lib/python3.8/site-packages/airflow/example_dags/example_sensors.py for tasks to queue
[2025-12-21T07:31:03.957+0000] {logging_mixin.py:188} INFO - [2025-12-21T07:31:03.956+0000] {dagbag.py:540} INFO - Filling up the DagBag from /home/airflow/.local/lib/python3.8/site-packages/airflow/example_dags/example_sensors.py
[2025-12-21T07:31:03.967+0000] {processor.py:840} INFO - DAG(s) 'example_sensors' retrieved from /home/airflow/.local/lib/python3.8/site-packages/airflow/example_dags/example_sensors.py
[2025-12-21T07:31:03.998+0000] {logging_mixin.py:188} INFO - [2025-12-21T07:31:03.997+0000] {dag.py:3047} INFO - Sync 1 DAGs
[2025-12-21T07:31:04.011+0000] {logging_mixin.py:188} INFO - [2025-12-21T07:31:04.011+0000] {dag.py:3834} INFO - Setting next_dagrun for example_sensors to None, run_after=None
[2025-12-21T07:31:04.033+0000] {processor.py:183} INFO - Processing /home/airflow/.local/lib/python3.8/site-packages/airflow/example_dags/example_sensors.py took 0.084 seconds
[2025-12-21T07:31:34.202+0000] {processor.py:161} INFO - Started process (PID=413) to work on /home/airflow/.local/lib/python3.8/site-packages/airflow/example_dags/example_sensors.py
[2025-12-21T07:31:34.204+0000] {processor.py:830} INFO - Processing file /home/airflow/.local/lib/python3.8/site-packages/airflow/example_dags/example_sensors.py for tasks to queue
[2025-12-21T07:31:34.207+0000] {logging_mixin.py:188} INFO - [2025-12-21T07:31:34.206+0000] {dagbag.py:540} INFO - Filling up the DagBag from /home/airflow/.local/lib/python3.8/site-packages/airflow/example_dags/example_sensors.py
[2025-12-21T07:31:34.224+0000] {processor.py:840} INFO - DAG(s) 'example_sensors' retrieved from /home/airflow/.local/lib/python3.8/site-packages/airflow/example_dags/example_sensors.py
[2025-12-21T07:31:34.271+0000] {logging_mixin.py:188} INFO - [2025-12-21T07:31:34.270+0000] {dag.py:3047} INFO - Sync 1 DAGs
[2025-12-21T07:31:34.291+0000] {logging_mixin.py:188} INFO - [2025-12-21T07:31:34.291+0000] {dag.py:3834} INFO - Setting next_dagrun for example_sensors to None, run_after=None
[2025-12-21T07:31:34.321+0000] {processor.py:183} INFO - Processing /home/airflow/.local/lib/python3.8/site-packages/airflow/example_dags/example_sensors.py took 0.124 seconds
