[2025-12-21T06:58:54.547+0000] {processor.py:161} INFO - Started process (PID=79) to work on /home/airflow/.local/lib/python3.8/site-packages/airflow/example_dags/example_sensor_decorator.py
[2025-12-21T06:58:54.549+0000] {processor.py:830} INFO - Processing file /home/airflow/.local/lib/python3.8/site-packages/airflow/example_dags/example_sensor_decorator.py for tasks to queue
[2025-12-21T06:58:54.552+0000] {logging_mixin.py:188} INFO - [2025-12-21T06:58:54.551+0000] {dagbag.py:540} INFO - Filling up the DagBag from /home/airflow/.local/lib/python3.8/site-packages/airflow/example_dags/example_sensor_decorator.py
[2025-12-21T06:58:54.558+0000] {processor.py:840} INFO - DAG(s) 'example_sensor_decorator' retrieved from /home/airflow/.local/lib/python3.8/site-packages/airflow/example_dags/example_sensor_decorator.py
[2025-12-21T06:58:54.657+0000] {logging_mixin.py:188} INFO - [2025-12-21T06:58:54.657+0000] {dag.py:3047} INFO - Sync 1 DAGs
[2025-12-21T06:58:54.668+0000] {logging_mixin.py:188} INFO - [2025-12-21T06:58:54.668+0000] {dag.py:3834} INFO - Setting next_dagrun for example_sensor_decorator to None, run_after=None
[2025-12-21T06:58:54.689+0000] {processor.py:183} INFO - Processing /home/airflow/.local/lib/python3.8/site-packages/airflow/example_dags/example_sensor_decorator.py took 0.146 seconds
[2025-12-21T06:59:24.792+0000] {processor.py:161} INFO - Started process (PID=135) to work on /home/airflow/.local/lib/python3.8/site-packages/airflow/example_dags/example_sensor_decorator.py
[2025-12-21T06:59:24.794+0000] {processor.py:830} INFO - Processing file /home/airflow/.local/lib/python3.8/site-packages/airflow/example_dags/example_sensor_decorator.py for tasks to queue
[2025-12-21T06:59:24.796+0000] {logging_mixin.py:188} INFO - [2025-12-21T06:59:24.796+0000] {dagbag.py:540} INFO - Filling up the DagBag from /home/airflow/.local/lib/python3.8/site-packages/airflow/example_dags/example_sensor_decorator.py
[2025-12-21T06:59:24.804+0000] {processor.py:840} INFO - DAG(s) 'example_sensor_decorator' retrieved from /home/airflow/.local/lib/python3.8/site-packages/airflow/example_dags/example_sensor_decorator.py
[2025-12-21T06:59:24.830+0000] {logging_mixin.py:188} INFO - [2025-12-21T06:59:24.830+0000] {dag.py:3047} INFO - Sync 1 DAGs
[2025-12-21T06:59:24.845+0000] {logging_mixin.py:188} INFO - [2025-12-21T06:59:24.845+0000] {dag.py:3834} INFO - Setting next_dagrun for example_sensor_decorator to None, run_after=None
[2025-12-21T06:59:24.870+0000] {processor.py:183} INFO - Processing /home/airflow/.local/lib/python3.8/site-packages/airflow/example_dags/example_sensor_decorator.py took 0.085 seconds
[2025-12-21T06:59:55.335+0000] {processor.py:161} INFO - Started process (PID=191) to work on /home/airflow/.local/lib/python3.8/site-packages/airflow/example_dags/example_sensor_decorator.py
[2025-12-21T06:59:55.336+0000] {processor.py:830} INFO - Processing file /home/airflow/.local/lib/python3.8/site-packages/airflow/example_dags/example_sensor_decorator.py for tasks to queue
[2025-12-21T06:59:55.345+0000] {logging_mixin.py:188} INFO - [2025-12-21T06:59:55.344+0000] {dagbag.py:540} INFO - Filling up the DagBag from /home/airflow/.local/lib/python3.8/site-packages/airflow/example_dags/example_sensor_decorator.py
[2025-12-21T06:59:55.371+0000] {processor.py:840} INFO - DAG(s) 'example_sensor_decorator' retrieved from /home/airflow/.local/lib/python3.8/site-packages/airflow/example_dags/example_sensor_decorator.py
[2025-12-21T06:59:55.405+0000] {logging_mixin.py:188} INFO - [2025-12-21T06:59:55.405+0000] {dag.py:3047} INFO - Sync 1 DAGs
[2025-12-21T06:59:55.421+0000] {logging_mixin.py:188} INFO - [2025-12-21T06:59:55.420+0000] {dag.py:3834} INFO - Setting next_dagrun for example_sensor_decorator to None, run_after=None
[2025-12-21T06:59:55.464+0000] {processor.py:183} INFO - Processing /home/airflow/.local/lib/python3.8/site-packages/airflow/example_dags/example_sensor_decorator.py took 0.138 seconds
[2025-12-21T07:00:25.717+0000] {processor.py:161} INFO - Started process (PID=247) to work on /home/airflow/.local/lib/python3.8/site-packages/airflow/example_dags/example_sensor_decorator.py
[2025-12-21T07:00:25.719+0000] {processor.py:830} INFO - Processing file /home/airflow/.local/lib/python3.8/site-packages/airflow/example_dags/example_sensor_decorator.py for tasks to queue
[2025-12-21T07:00:25.722+0000] {logging_mixin.py:188} INFO - [2025-12-21T07:00:25.722+0000] {dagbag.py:540} INFO - Filling up the DagBag from /home/airflow/.local/lib/python3.8/site-packages/airflow/example_dags/example_sensor_decorator.py
[2025-12-21T07:00:25.729+0000] {processor.py:840} INFO - DAG(s) 'example_sensor_decorator' retrieved from /home/airflow/.local/lib/python3.8/site-packages/airflow/example_dags/example_sensor_decorator.py
[2025-12-21T07:00:25.755+0000] {logging_mixin.py:188} INFO - [2025-12-21T07:00:25.755+0000] {dag.py:3047} INFO - Sync 1 DAGs
[2025-12-21T07:00:25.769+0000] {logging_mixin.py:188} INFO - [2025-12-21T07:00:25.769+0000] {dag.py:3834} INFO - Setting next_dagrun for example_sensor_decorator to None, run_after=None
[2025-12-21T07:00:25.793+0000] {processor.py:183} INFO - Processing /home/airflow/.local/lib/python3.8/site-packages/airflow/example_dags/example_sensor_decorator.py took 0.081 seconds
[2025-12-21T07:00:56.029+0000] {processor.py:161} INFO - Started process (PID=303) to work on /home/airflow/.local/lib/python3.8/site-packages/airflow/example_dags/example_sensor_decorator.py
[2025-12-21T07:00:56.030+0000] {processor.py:830} INFO - Processing file /home/airflow/.local/lib/python3.8/site-packages/airflow/example_dags/example_sensor_decorator.py for tasks to queue
[2025-12-21T07:00:56.034+0000] {logging_mixin.py:188} INFO - [2025-12-21T07:00:56.033+0000] {dagbag.py:540} INFO - Filling up the DagBag from /home/airflow/.local/lib/python3.8/site-packages/airflow/example_dags/example_sensor_decorator.py
[2025-12-21T07:00:56.041+0000] {processor.py:840} INFO - DAG(s) 'example_sensor_decorator' retrieved from /home/airflow/.local/lib/python3.8/site-packages/airflow/example_dags/example_sensor_decorator.py
[2025-12-21T07:00:56.064+0000] {logging_mixin.py:188} INFO - [2025-12-21T07:00:56.064+0000] {dag.py:3047} INFO - Sync 1 DAGs
[2025-12-21T07:00:56.078+0000] {logging_mixin.py:188} INFO - [2025-12-21T07:00:56.077+0000] {dag.py:3834} INFO - Setting next_dagrun for example_sensor_decorator to None, run_after=None
[2025-12-21T07:00:56.100+0000] {processor.py:183} INFO - Processing /home/airflow/.local/lib/python3.8/site-packages/airflow/example_dags/example_sensor_decorator.py took 0.076 seconds
[2025-12-21T07:01:27.490+0000] {processor.py:161} INFO - Started process (PID=359) to work on /home/airflow/.local/lib/python3.8/site-packages/airflow/example_dags/example_sensor_decorator.py
[2025-12-21T07:01:27.491+0000] {processor.py:830} INFO - Processing file /home/airflow/.local/lib/python3.8/site-packages/airflow/example_dags/example_sensor_decorator.py for tasks to queue
[2025-12-21T07:01:27.495+0000] {logging_mixin.py:188} INFO - [2025-12-21T07:01:27.494+0000] {dagbag.py:540} INFO - Filling up the DagBag from /home/airflow/.local/lib/python3.8/site-packages/airflow/example_dags/example_sensor_decorator.py
[2025-12-21T07:01:27.504+0000] {processor.py:840} INFO - DAG(s) 'example_sensor_decorator' retrieved from /home/airflow/.local/lib/python3.8/site-packages/airflow/example_dags/example_sensor_decorator.py
[2025-12-21T07:01:27.552+0000] {logging_mixin.py:188} INFO - [2025-12-21T07:01:27.552+0000] {dag.py:3047} INFO - Sync 1 DAGs
[2025-12-21T07:01:27.570+0000] {logging_mixin.py:188} INFO - [2025-12-21T07:01:27.569+0000] {dag.py:3834} INFO - Setting next_dagrun for example_sensor_decorator to None, run_after=None
[2025-12-21T07:01:27.600+0000] {processor.py:183} INFO - Processing /home/airflow/.local/lib/python3.8/site-packages/airflow/example_dags/example_sensor_decorator.py took 0.113 seconds
[2025-12-21T07:01:57.865+0000] {processor.py:161} INFO - Started process (PID=415) to work on /home/airflow/.local/lib/python3.8/site-packages/airflow/example_dags/example_sensor_decorator.py
[2025-12-21T07:01:57.867+0000] {processor.py:830} INFO - Processing file /home/airflow/.local/lib/python3.8/site-packages/airflow/example_dags/example_sensor_decorator.py for tasks to queue
[2025-12-21T07:01:57.870+0000] {logging_mixin.py:188} INFO - [2025-12-21T07:01:57.870+0000] {dagbag.py:540} INFO - Filling up the DagBag from /home/airflow/.local/lib/python3.8/site-packages/airflow/example_dags/example_sensor_decorator.py
[2025-12-21T07:01:57.877+0000] {processor.py:840} INFO - DAG(s) 'example_sensor_decorator' retrieved from /home/airflow/.local/lib/python3.8/site-packages/airflow/example_dags/example_sensor_decorator.py
[2025-12-21T07:01:57.903+0000] {logging_mixin.py:188} INFO - [2025-12-21T07:01:57.903+0000] {dag.py:3047} INFO - Sync 1 DAGs
[2025-12-21T07:01:57.917+0000] {logging_mixin.py:188} INFO - [2025-12-21T07:01:57.917+0000] {dag.py:3834} INFO - Setting next_dagrun for example_sensor_decorator to None, run_after=None
[2025-12-21T07:01:57.945+0000] {processor.py:183} INFO - Processing /home/airflow/.local/lib/python3.8/site-packages/airflow/example_dags/example_sensor_decorator.py took 0.085 seconds
[2025-12-21T07:02:28.100+0000] {processor.py:161} INFO - Started process (PID=471) to work on /home/airflow/.local/lib/python3.8/site-packages/airflow/example_dags/example_sensor_decorator.py
[2025-12-21T07:02:28.102+0000] {processor.py:830} INFO - Processing file /home/airflow/.local/lib/python3.8/site-packages/airflow/example_dags/example_sensor_decorator.py for tasks to queue
[2025-12-21T07:02:28.104+0000] {logging_mixin.py:188} INFO - [2025-12-21T07:02:28.104+0000] {dagbag.py:540} INFO - Filling up the DagBag from /home/airflow/.local/lib/python3.8/site-packages/airflow/example_dags/example_sensor_decorator.py
[2025-12-21T07:02:28.113+0000] {processor.py:840} INFO - DAG(s) 'example_sensor_decorator' retrieved from /home/airflow/.local/lib/python3.8/site-packages/airflow/example_dags/example_sensor_decorator.py
[2025-12-21T07:02:28.140+0000] {logging_mixin.py:188} INFO - [2025-12-21T07:02:28.139+0000] {dag.py:3047} INFO - Sync 1 DAGs
[2025-12-21T07:02:28.152+0000] {logging_mixin.py:188} INFO - [2025-12-21T07:02:28.152+0000] {dag.py:3834} INFO - Setting next_dagrun for example_sensor_decorator to None, run_after=None
[2025-12-21T07:02:28.179+0000] {processor.py:183} INFO - Processing /home/airflow/.local/lib/python3.8/site-packages/airflow/example_dags/example_sensor_decorator.py took 0.082 seconds
[2025-12-21T07:02:58.965+0000] {processor.py:161} INFO - Started process (PID=527) to work on /home/airflow/.local/lib/python3.8/site-packages/airflow/example_dags/example_sensor_decorator.py
[2025-12-21T07:02:58.968+0000] {processor.py:830} INFO - Processing file /home/airflow/.local/lib/python3.8/site-packages/airflow/example_dags/example_sensor_decorator.py for tasks to queue
[2025-12-21T07:02:58.972+0000] {logging_mixin.py:188} INFO - [2025-12-21T07:02:58.971+0000] {dagbag.py:540} INFO - Filling up the DagBag from /home/airflow/.local/lib/python3.8/site-packages/airflow/example_dags/example_sensor_decorator.py
[2025-12-21T07:02:58.986+0000] {processor.py:840} INFO - DAG(s) 'example_sensor_decorator' retrieved from /home/airflow/.local/lib/python3.8/site-packages/airflow/example_dags/example_sensor_decorator.py
[2025-12-21T07:02:59.024+0000] {logging_mixin.py:188} INFO - [2025-12-21T07:02:59.023+0000] {dag.py:3047} INFO - Sync 1 DAGs
[2025-12-21T07:02:59.050+0000] {logging_mixin.py:188} INFO - [2025-12-21T07:02:59.050+0000] {dag.py:3834} INFO - Setting next_dagrun for example_sensor_decorator to None, run_after=None
[2025-12-21T07:02:59.084+0000] {processor.py:183} INFO - Processing /home/airflow/.local/lib/python3.8/site-packages/airflow/example_dags/example_sensor_decorator.py took 0.127 seconds
[2025-12-21T07:03:29.968+0000] {processor.py:161} INFO - Started process (PID=583) to work on /home/airflow/.local/lib/python3.8/site-packages/airflow/example_dags/example_sensor_decorator.py
[2025-12-21T07:03:29.970+0000] {processor.py:830} INFO - Processing file /home/airflow/.local/lib/python3.8/site-packages/airflow/example_dags/example_sensor_decorator.py for tasks to queue
[2025-12-21T07:03:29.973+0000] {logging_mixin.py:188} INFO - [2025-12-21T07:03:29.973+0000] {dagbag.py:540} INFO - Filling up the DagBag from /home/airflow/.local/lib/python3.8/site-packages/airflow/example_dags/example_sensor_decorator.py
[2025-12-21T07:03:29.981+0000] {processor.py:840} INFO - DAG(s) 'example_sensor_decorator' retrieved from /home/airflow/.local/lib/python3.8/site-packages/airflow/example_dags/example_sensor_decorator.py
[2025-12-21T07:03:30.012+0000] {logging_mixin.py:188} INFO - [2025-12-21T07:03:30.012+0000] {dag.py:3047} INFO - Sync 1 DAGs
[2025-12-21T07:03:30.028+0000] {logging_mixin.py:188} INFO - [2025-12-21T07:03:30.028+0000] {dag.py:3834} INFO - Setting next_dagrun for example_sensor_decorator to None, run_after=None
[2025-12-21T07:03:30.051+0000] {processor.py:183} INFO - Processing /home/airflow/.local/lib/python3.8/site-packages/airflow/example_dags/example_sensor_decorator.py took 0.088 seconds
[2025-12-21T07:04:00.677+0000] {processor.py:161} INFO - Started process (PID=639) to work on /home/airflow/.local/lib/python3.8/site-packages/airflow/example_dags/example_sensor_decorator.py
[2025-12-21T07:04:00.679+0000] {processor.py:830} INFO - Processing file /home/airflow/.local/lib/python3.8/site-packages/airflow/example_dags/example_sensor_decorator.py for tasks to queue
[2025-12-21T07:04:00.681+0000] {logging_mixin.py:188} INFO - [2025-12-21T07:04:00.680+0000] {dagbag.py:540} INFO - Filling up the DagBag from /home/airflow/.local/lib/python3.8/site-packages/airflow/example_dags/example_sensor_decorator.py
[2025-12-21T07:04:00.689+0000] {processor.py:840} INFO - DAG(s) 'example_sensor_decorator' retrieved from /home/airflow/.local/lib/python3.8/site-packages/airflow/example_dags/example_sensor_decorator.py
[2025-12-21T07:04:00.719+0000] {logging_mixin.py:188} INFO - [2025-12-21T07:04:00.718+0000] {dag.py:3047} INFO - Sync 1 DAGs
[2025-12-21T07:04:00.734+0000] {logging_mixin.py:188} INFO - [2025-12-21T07:04:00.733+0000] {dag.py:3834} INFO - Setting next_dagrun for example_sensor_decorator to None, run_after=None
[2025-12-21T07:04:00.763+0000] {processor.py:183} INFO - Processing /home/airflow/.local/lib/python3.8/site-packages/airflow/example_dags/example_sensor_decorator.py took 0.090 seconds
[2025-12-21T07:04:31.526+0000] {processor.py:161} INFO - Started process (PID=695) to work on /home/airflow/.local/lib/python3.8/site-packages/airflow/example_dags/example_sensor_decorator.py
[2025-12-21T07:04:31.527+0000] {processor.py:830} INFO - Processing file /home/airflow/.local/lib/python3.8/site-packages/airflow/example_dags/example_sensor_decorator.py for tasks to queue
[2025-12-21T07:04:31.531+0000] {logging_mixin.py:188} INFO - [2025-12-21T07:04:31.530+0000] {dagbag.py:540} INFO - Filling up the DagBag from /home/airflow/.local/lib/python3.8/site-packages/airflow/example_dags/example_sensor_decorator.py
[2025-12-21T07:04:31.542+0000] {processor.py:840} INFO - DAG(s) 'example_sensor_decorator' retrieved from /home/airflow/.local/lib/python3.8/site-packages/airflow/example_dags/example_sensor_decorator.py
[2025-12-21T07:04:31.577+0000] {logging_mixin.py:188} INFO - [2025-12-21T07:04:31.577+0000] {dag.py:3047} INFO - Sync 1 DAGs
[2025-12-21T07:04:31.597+0000] {logging_mixin.py:188} INFO - [2025-12-21T07:04:31.596+0000] {dag.py:3834} INFO - Setting next_dagrun for example_sensor_decorator to None, run_after=None
[2025-12-21T07:04:31.625+0000] {processor.py:183} INFO - Processing /home/airflow/.local/lib/python3.8/site-packages/airflow/example_dags/example_sensor_decorator.py took 0.105 seconds
[2025-12-21T07:05:02.607+0000] {processor.py:161} INFO - Started process (PID=751) to work on /home/airflow/.local/lib/python3.8/site-packages/airflow/example_dags/example_sensor_decorator.py
[2025-12-21T07:05:02.614+0000] {processor.py:830} INFO - Processing file /home/airflow/.local/lib/python3.8/site-packages/airflow/example_dags/example_sensor_decorator.py for tasks to queue
[2025-12-21T07:05:02.617+0000] {logging_mixin.py:188} INFO - [2025-12-21T07:05:02.616+0000] {dagbag.py:540} INFO - Filling up the DagBag from /home/airflow/.local/lib/python3.8/site-packages/airflow/example_dags/example_sensor_decorator.py
[2025-12-21T07:05:02.625+0000] {processor.py:840} INFO - DAG(s) 'example_sensor_decorator' retrieved from /home/airflow/.local/lib/python3.8/site-packages/airflow/example_dags/example_sensor_decorator.py
[2025-12-21T07:05:02.653+0000] {logging_mixin.py:188} INFO - [2025-12-21T07:05:02.653+0000] {dag.py:3047} INFO - Sync 1 DAGs
[2025-12-21T07:05:02.667+0000] {logging_mixin.py:188} INFO - [2025-12-21T07:05:02.667+0000] {dag.py:3834} INFO - Setting next_dagrun for example_sensor_decorator to None, run_after=None
[2025-12-21T07:05:02.694+0000] {processor.py:183} INFO - Processing /home/airflow/.local/lib/python3.8/site-packages/airflow/example_dags/example_sensor_decorator.py took 0.092 seconds
[2025-12-21T07:05:32.959+0000] {processor.py:161} INFO - Started process (PID=807) to work on /home/airflow/.local/lib/python3.8/site-packages/airflow/example_dags/example_sensor_decorator.py
[2025-12-21T07:05:32.960+0000] {processor.py:830} INFO - Processing file /home/airflow/.local/lib/python3.8/site-packages/airflow/example_dags/example_sensor_decorator.py for tasks to queue
[2025-12-21T07:05:32.962+0000] {logging_mixin.py:188} INFO - [2025-12-21T07:05:32.962+0000] {dagbag.py:540} INFO - Filling up the DagBag from /home/airflow/.local/lib/python3.8/site-packages/airflow/example_dags/example_sensor_decorator.py
[2025-12-21T07:05:32.969+0000] {processor.py:840} INFO - DAG(s) 'example_sensor_decorator' retrieved from /home/airflow/.local/lib/python3.8/site-packages/airflow/example_dags/example_sensor_decorator.py
[2025-12-21T07:05:32.991+0000] {logging_mixin.py:188} INFO - [2025-12-21T07:05:32.991+0000] {dag.py:3047} INFO - Sync 1 DAGs
[2025-12-21T07:05:33.003+0000] {logging_mixin.py:188} INFO - [2025-12-21T07:05:33.003+0000] {dag.py:3834} INFO - Setting next_dagrun for example_sensor_decorator to None, run_after=None
[2025-12-21T07:05:33.023+0000] {processor.py:183} INFO - Processing /home/airflow/.local/lib/python3.8/site-packages/airflow/example_dags/example_sensor_decorator.py took 0.069 seconds
[2025-12-21T07:06:03.234+0000] {processor.py:161} INFO - Started process (PID=863) to work on /home/airflow/.local/lib/python3.8/site-packages/airflow/example_dags/example_sensor_decorator.py
[2025-12-21T07:06:03.235+0000] {processor.py:830} INFO - Processing file /home/airflow/.local/lib/python3.8/site-packages/airflow/example_dags/example_sensor_decorator.py for tasks to queue
[2025-12-21T07:06:03.239+0000] {logging_mixin.py:188} INFO - [2025-12-21T07:06:03.238+0000] {dagbag.py:540} INFO - Filling up the DagBag from /home/airflow/.local/lib/python3.8/site-packages/airflow/example_dags/example_sensor_decorator.py
[2025-12-21T07:06:03.247+0000] {processor.py:840} INFO - DAG(s) 'example_sensor_decorator' retrieved from /home/airflow/.local/lib/python3.8/site-packages/airflow/example_dags/example_sensor_decorator.py
[2025-12-21T07:06:03.275+0000] {logging_mixin.py:188} INFO - [2025-12-21T07:06:03.274+0000] {dag.py:3047} INFO - Sync 1 DAGs
[2025-12-21T07:06:03.289+0000] {logging_mixin.py:188} INFO - [2025-12-21T07:06:03.289+0000] {dag.py:3834} INFO - Setting next_dagrun for example_sensor_decorator to None, run_after=None
[2025-12-21T07:06:03.310+0000] {processor.py:183} INFO - Processing /home/airflow/.local/lib/python3.8/site-packages/airflow/example_dags/example_sensor_decorator.py took 0.080 seconds
[2025-12-21T07:06:34.301+0000] {processor.py:161} INFO - Started process (PID=919) to work on /home/airflow/.local/lib/python3.8/site-packages/airflow/example_dags/example_sensor_decorator.py
[2025-12-21T07:06:34.303+0000] {processor.py:830} INFO - Processing file /home/airflow/.local/lib/python3.8/site-packages/airflow/example_dags/example_sensor_decorator.py for tasks to queue
[2025-12-21T07:06:34.306+0000] {logging_mixin.py:188} INFO - [2025-12-21T07:06:34.305+0000] {dagbag.py:540} INFO - Filling up the DagBag from /home/airflow/.local/lib/python3.8/site-packages/airflow/example_dags/example_sensor_decorator.py
[2025-12-21T07:06:34.313+0000] {processor.py:840} INFO - DAG(s) 'example_sensor_decorator' retrieved from /home/airflow/.local/lib/python3.8/site-packages/airflow/example_dags/example_sensor_decorator.py
[2025-12-21T07:06:34.338+0000] {logging_mixin.py:188} INFO - [2025-12-21T07:06:34.338+0000] {dag.py:3047} INFO - Sync 1 DAGs
[2025-12-21T07:06:34.350+0000] {logging_mixin.py:188} INFO - [2025-12-21T07:06:34.350+0000] {dag.py:3834} INFO - Setting next_dagrun for example_sensor_decorator to None, run_after=None
[2025-12-21T07:06:34.371+0000] {processor.py:183} INFO - Processing /home/airflow/.local/lib/python3.8/site-packages/airflow/example_dags/example_sensor_decorator.py took 0.075 seconds
[2025-12-21T07:07:04.682+0000] {processor.py:161} INFO - Started process (PID=975) to work on /home/airflow/.local/lib/python3.8/site-packages/airflow/example_dags/example_sensor_decorator.py
[2025-12-21T07:07:04.684+0000] {processor.py:830} INFO - Processing file /home/airflow/.local/lib/python3.8/site-packages/airflow/example_dags/example_sensor_decorator.py for tasks to queue
[2025-12-21T07:07:04.687+0000] {logging_mixin.py:188} INFO - [2025-12-21T07:07:04.687+0000] {dagbag.py:540} INFO - Filling up the DagBag from /home/airflow/.local/lib/python3.8/site-packages/airflow/example_dags/example_sensor_decorator.py
[2025-12-21T07:07:04.695+0000] {processor.py:840} INFO - DAG(s) 'example_sensor_decorator' retrieved from /home/airflow/.local/lib/python3.8/site-packages/airflow/example_dags/example_sensor_decorator.py
[2025-12-21T07:07:04.719+0000] {logging_mixin.py:188} INFO - [2025-12-21T07:07:04.719+0000] {dag.py:3047} INFO - Sync 1 DAGs
[2025-12-21T07:07:04.735+0000] {logging_mixin.py:188} INFO - [2025-12-21T07:07:04.735+0000] {dag.py:3834} INFO - Setting next_dagrun for example_sensor_decorator to None, run_after=None
[2025-12-21T07:07:04.758+0000] {processor.py:183} INFO - Processing /home/airflow/.local/lib/python3.8/site-packages/airflow/example_dags/example_sensor_decorator.py took 0.080 seconds
[2025-12-21T07:07:35.014+0000] {processor.py:161} INFO - Started process (PID=1031) to work on /home/airflow/.local/lib/python3.8/site-packages/airflow/example_dags/example_sensor_decorator.py
[2025-12-21T07:07:35.015+0000] {processor.py:830} INFO - Processing file /home/airflow/.local/lib/python3.8/site-packages/airflow/example_dags/example_sensor_decorator.py for tasks to queue
[2025-12-21T07:07:35.017+0000] {logging_mixin.py:188} INFO - [2025-12-21T07:07:35.017+0000] {dagbag.py:540} INFO - Filling up the DagBag from /home/airflow/.local/lib/python3.8/site-packages/airflow/example_dags/example_sensor_decorator.py
[2025-12-21T07:07:35.024+0000] {processor.py:840} INFO - DAG(s) 'example_sensor_decorator' retrieved from /home/airflow/.local/lib/python3.8/site-packages/airflow/example_dags/example_sensor_decorator.py
[2025-12-21T07:07:35.051+0000] {logging_mixin.py:188} INFO - [2025-12-21T07:07:35.051+0000] {dag.py:3047} INFO - Sync 1 DAGs
[2025-12-21T07:07:35.065+0000] {logging_mixin.py:188} INFO - [2025-12-21T07:07:35.065+0000] {dag.py:3834} INFO - Setting next_dagrun for example_sensor_decorator to None, run_after=None
[2025-12-21T07:07:35.087+0000] {processor.py:183} INFO - Processing /home/airflow/.local/lib/python3.8/site-packages/airflow/example_dags/example_sensor_decorator.py took 0.077 seconds
[2025-12-21T07:08:06.076+0000] {processor.py:161} INFO - Started process (PID=1087) to work on /home/airflow/.local/lib/python3.8/site-packages/airflow/example_dags/example_sensor_decorator.py
[2025-12-21T07:08:06.077+0000] {processor.py:830} INFO - Processing file /home/airflow/.local/lib/python3.8/site-packages/airflow/example_dags/example_sensor_decorator.py for tasks to queue
[2025-12-21T07:08:06.080+0000] {logging_mixin.py:188} INFO - [2025-12-21T07:08:06.079+0000] {dagbag.py:540} INFO - Filling up the DagBag from /home/airflow/.local/lib/python3.8/site-packages/airflow/example_dags/example_sensor_decorator.py
[2025-12-21T07:08:06.087+0000] {processor.py:840} INFO - DAG(s) 'example_sensor_decorator' retrieved from /home/airflow/.local/lib/python3.8/site-packages/airflow/example_dags/example_sensor_decorator.py
[2025-12-21T07:08:06.111+0000] {logging_mixin.py:188} INFO - [2025-12-21T07:08:06.110+0000] {dag.py:3047} INFO - Sync 1 DAGs
[2025-12-21T07:08:06.124+0000] {logging_mixin.py:188} INFO - [2025-12-21T07:08:06.123+0000] {dag.py:3834} INFO - Setting next_dagrun for example_sensor_decorator to None, run_after=None
[2025-12-21T07:08:06.146+0000] {processor.py:183} INFO - Processing /home/airflow/.local/lib/python3.8/site-packages/airflow/example_dags/example_sensor_decorator.py took 0.073 seconds
[2025-12-21T07:08:36.236+0000] {processor.py:161} INFO - Started process (PID=1143) to work on /home/airflow/.local/lib/python3.8/site-packages/airflow/example_dags/example_sensor_decorator.py
[2025-12-21T07:08:36.237+0000] {processor.py:830} INFO - Processing file /home/airflow/.local/lib/python3.8/site-packages/airflow/example_dags/example_sensor_decorator.py for tasks to queue
[2025-12-21T07:08:36.240+0000] {logging_mixin.py:188} INFO - [2025-12-21T07:08:36.240+0000] {dagbag.py:540} INFO - Filling up the DagBag from /home/airflow/.local/lib/python3.8/site-packages/airflow/example_dags/example_sensor_decorator.py
[2025-12-21T07:08:36.248+0000] {processor.py:840} INFO - DAG(s) 'example_sensor_decorator' retrieved from /home/airflow/.local/lib/python3.8/site-packages/airflow/example_dags/example_sensor_decorator.py
[2025-12-21T07:08:36.275+0000] {logging_mixin.py:188} INFO - [2025-12-21T07:08:36.275+0000] {dag.py:3047} INFO - Sync 1 DAGs
[2025-12-21T07:08:36.290+0000] {logging_mixin.py:188} INFO - [2025-12-21T07:08:36.289+0000] {dag.py:3834} INFO - Setting next_dagrun for example_sensor_decorator to None, run_after=None
[2025-12-21T07:08:36.314+0000] {processor.py:183} INFO - Processing /home/airflow/.local/lib/python3.8/site-packages/airflow/example_dags/example_sensor_decorator.py took 0.083 seconds
[2025-12-21T07:11:46.211+0000] {processor.py:161} INFO - Started process (PID=90) to work on /home/airflow/.local/lib/python3.8/site-packages/airflow/example_dags/example_sensor_decorator.py
[2025-12-21T07:11:46.228+0000] {processor.py:830} INFO - Processing file /home/airflow/.local/lib/python3.8/site-packages/airflow/example_dags/example_sensor_decorator.py for tasks to queue
[2025-12-21T07:11:46.230+0000] {logging_mixin.py:188} INFO - [2025-12-21T07:11:46.230+0000] {dagbag.py:540} INFO - Filling up the DagBag from /home/airflow/.local/lib/python3.8/site-packages/airflow/example_dags/example_sensor_decorator.py
[2025-12-21T07:11:46.244+0000] {processor.py:840} INFO - DAG(s) 'example_sensor_decorator' retrieved from /home/airflow/.local/lib/python3.8/site-packages/airflow/example_dags/example_sensor_decorator.py
[2025-12-21T07:11:46.270+0000] {logging_mixin.py:188} INFO - [2025-12-21T07:11:46.269+0000] {dag.py:3047} INFO - Sync 1 DAGs
[2025-12-21T07:11:46.312+0000] {logging_mixin.py:188} INFO - [2025-12-21T07:11:46.312+0000] {dag.py:3834} INFO - Setting next_dagrun for example_sensor_decorator to None, run_after=None
[2025-12-21T07:11:46.368+0000] {processor.py:183} INFO - Processing /home/airflow/.local/lib/python3.8/site-packages/airflow/example_dags/example_sensor_decorator.py took 0.195 seconds
[2025-12-21T07:12:16.556+0000] {processor.py:161} INFO - Started process (PID=146) to work on /home/airflow/.local/lib/python3.8/site-packages/airflow/example_dags/example_sensor_decorator.py
[2025-12-21T07:12:16.558+0000] {processor.py:830} INFO - Processing file /home/airflow/.local/lib/python3.8/site-packages/airflow/example_dags/example_sensor_decorator.py for tasks to queue
[2025-12-21T07:12:16.560+0000] {logging_mixin.py:188} INFO - [2025-12-21T07:12:16.559+0000] {dagbag.py:540} INFO - Filling up the DagBag from /home/airflow/.local/lib/python3.8/site-packages/airflow/example_dags/example_sensor_decorator.py
[2025-12-21T07:12:16.566+0000] {processor.py:840} INFO - DAG(s) 'example_sensor_decorator' retrieved from /home/airflow/.local/lib/python3.8/site-packages/airflow/example_dags/example_sensor_decorator.py
[2025-12-21T07:12:16.669+0000] {logging_mixin.py:188} INFO - [2025-12-21T07:12:16.669+0000] {dag.py:3047} INFO - Sync 1 DAGs
[2025-12-21T07:12:16.680+0000] {logging_mixin.py:188} INFO - [2025-12-21T07:12:16.680+0000] {dag.py:3834} INFO - Setting next_dagrun for example_sensor_decorator to None, run_after=None
[2025-12-21T07:12:16.703+0000] {processor.py:183} INFO - Processing /home/airflow/.local/lib/python3.8/site-packages/airflow/example_dags/example_sensor_decorator.py took 0.151 seconds
[2025-12-21T07:12:46.900+0000] {processor.py:161} INFO - Started process (PID=202) to work on /home/airflow/.local/lib/python3.8/site-packages/airflow/example_dags/example_sensor_decorator.py
[2025-12-21T07:12:46.903+0000] {processor.py:830} INFO - Processing file /home/airflow/.local/lib/python3.8/site-packages/airflow/example_dags/example_sensor_decorator.py for tasks to queue
[2025-12-21T07:12:46.905+0000] {logging_mixin.py:188} INFO - [2025-12-21T07:12:46.905+0000] {dagbag.py:540} INFO - Filling up the DagBag from /home/airflow/.local/lib/python3.8/site-packages/airflow/example_dags/example_sensor_decorator.py
[2025-12-21T07:12:46.913+0000] {processor.py:840} INFO - DAG(s) 'example_sensor_decorator' retrieved from /home/airflow/.local/lib/python3.8/site-packages/airflow/example_dags/example_sensor_decorator.py
[2025-12-21T07:12:46.943+0000] {logging_mixin.py:188} INFO - [2025-12-21T07:12:46.943+0000] {dag.py:3047} INFO - Sync 1 DAGs
[2025-12-21T07:12:46.959+0000] {logging_mixin.py:188} INFO - [2025-12-21T07:12:46.959+0000] {dag.py:3834} INFO - Setting next_dagrun for example_sensor_decorator to None, run_after=None
[2025-12-21T07:12:46.989+0000] {processor.py:183} INFO - Processing /home/airflow/.local/lib/python3.8/site-packages/airflow/example_dags/example_sensor_decorator.py took 0.093 seconds
[2025-12-21T07:13:17.141+0000] {processor.py:161} INFO - Started process (PID=258) to work on /home/airflow/.local/lib/python3.8/site-packages/airflow/example_dags/example_sensor_decorator.py
[2025-12-21T07:13:17.146+0000] {processor.py:830} INFO - Processing file /home/airflow/.local/lib/python3.8/site-packages/airflow/example_dags/example_sensor_decorator.py for tasks to queue
[2025-12-21T07:13:17.150+0000] {logging_mixin.py:188} INFO - [2025-12-21T07:13:17.149+0000] {dagbag.py:540} INFO - Filling up the DagBag from /home/airflow/.local/lib/python3.8/site-packages/airflow/example_dags/example_sensor_decorator.py
[2025-12-21T07:13:17.170+0000] {processor.py:840} INFO - DAG(s) 'example_sensor_decorator' retrieved from /home/airflow/.local/lib/python3.8/site-packages/airflow/example_dags/example_sensor_decorator.py
[2025-12-21T07:13:17.207+0000] {logging_mixin.py:188} INFO - [2025-12-21T07:13:17.207+0000] {dag.py:3047} INFO - Sync 1 DAGs
[2025-12-21T07:13:17.225+0000] {logging_mixin.py:188} INFO - [2025-12-21T07:13:17.225+0000] {dag.py:3834} INFO - Setting next_dagrun for example_sensor_decorator to None, run_after=None
[2025-12-21T07:13:17.260+0000] {processor.py:183} INFO - Processing /home/airflow/.local/lib/python3.8/site-packages/airflow/example_dags/example_sensor_decorator.py took 0.123 seconds
[2025-12-21T07:13:47.902+0000] {processor.py:161} INFO - Started process (PID=314) to work on /home/airflow/.local/lib/python3.8/site-packages/airflow/example_dags/example_sensor_decorator.py
[2025-12-21T07:13:47.904+0000] {processor.py:830} INFO - Processing file /home/airflow/.local/lib/python3.8/site-packages/airflow/example_dags/example_sensor_decorator.py for tasks to queue
[2025-12-21T07:13:47.906+0000] {logging_mixin.py:188} INFO - [2025-12-21T07:13:47.906+0000] {dagbag.py:540} INFO - Filling up the DagBag from /home/airflow/.local/lib/python3.8/site-packages/airflow/example_dags/example_sensor_decorator.py
[2025-12-21T07:13:47.913+0000] {processor.py:840} INFO - DAG(s) 'example_sensor_decorator' retrieved from /home/airflow/.local/lib/python3.8/site-packages/airflow/example_dags/example_sensor_decorator.py
[2025-12-21T07:13:47.936+0000] {logging_mixin.py:188} INFO - [2025-12-21T07:13:47.936+0000] {dag.py:3047} INFO - Sync 1 DAGs
[2025-12-21T07:13:47.948+0000] {logging_mixin.py:188} INFO - [2025-12-21T07:13:47.948+0000] {dag.py:3834} INFO - Setting next_dagrun for example_sensor_decorator to None, run_after=None
[2025-12-21T07:13:47.971+0000] {processor.py:183} INFO - Processing /home/airflow/.local/lib/python3.8/site-packages/airflow/example_dags/example_sensor_decorator.py took 0.073 seconds
[2025-12-21T07:14:18.570+0000] {processor.py:161} INFO - Started process (PID=370) to work on /home/airflow/.local/lib/python3.8/site-packages/airflow/example_dags/example_sensor_decorator.py
[2025-12-21T07:14:18.571+0000] {processor.py:830} INFO - Processing file /home/airflow/.local/lib/python3.8/site-packages/airflow/example_dags/example_sensor_decorator.py for tasks to queue
[2025-12-21T07:14:18.574+0000] {logging_mixin.py:188} INFO - [2025-12-21T07:14:18.574+0000] {dagbag.py:540} INFO - Filling up the DagBag from /home/airflow/.local/lib/python3.8/site-packages/airflow/example_dags/example_sensor_decorator.py
[2025-12-21T07:14:18.583+0000] {processor.py:840} INFO - DAG(s) 'example_sensor_decorator' retrieved from /home/airflow/.local/lib/python3.8/site-packages/airflow/example_dags/example_sensor_decorator.py
[2025-12-21T07:14:18.606+0000] {logging_mixin.py:188} INFO - [2025-12-21T07:14:18.605+0000] {dag.py:3047} INFO - Sync 1 DAGs
[2025-12-21T07:14:18.621+0000] {logging_mixin.py:188} INFO - [2025-12-21T07:14:18.620+0000] {dag.py:3834} INFO - Setting next_dagrun for example_sensor_decorator to None, run_after=None
[2025-12-21T07:14:18.646+0000] {processor.py:183} INFO - Processing /home/airflow/.local/lib/python3.8/site-packages/airflow/example_dags/example_sensor_decorator.py took 0.081 seconds
[2025-12-21T07:14:49.416+0000] {processor.py:161} INFO - Started process (PID=426) to work on /home/airflow/.local/lib/python3.8/site-packages/airflow/example_dags/example_sensor_decorator.py
[2025-12-21T07:14:49.417+0000] {processor.py:830} INFO - Processing file /home/airflow/.local/lib/python3.8/site-packages/airflow/example_dags/example_sensor_decorator.py for tasks to queue
[2025-12-21T07:14:49.420+0000] {logging_mixin.py:188} INFO - [2025-12-21T07:14:49.419+0000] {dagbag.py:540} INFO - Filling up the DagBag from /home/airflow/.local/lib/python3.8/site-packages/airflow/example_dags/example_sensor_decorator.py
[2025-12-21T07:14:49.426+0000] {processor.py:840} INFO - DAG(s) 'example_sensor_decorator' retrieved from /home/airflow/.local/lib/python3.8/site-packages/airflow/example_dags/example_sensor_decorator.py
[2025-12-21T07:14:49.451+0000] {logging_mixin.py:188} INFO - [2025-12-21T07:14:49.451+0000] {dag.py:3047} INFO - Sync 1 DAGs
[2025-12-21T07:14:49.465+0000] {logging_mixin.py:188} INFO - [2025-12-21T07:14:49.464+0000] {dag.py:3834} INFO - Setting next_dagrun for example_sensor_decorator to None, run_after=None
[2025-12-21T07:14:49.504+0000] {processor.py:183} INFO - Processing /home/airflow/.local/lib/python3.8/site-packages/airflow/example_dags/example_sensor_decorator.py took 0.092 seconds
[2025-12-21T07:15:19.559+0000] {processor.py:161} INFO - Started process (PID=482) to work on /home/airflow/.local/lib/python3.8/site-packages/airflow/example_dags/example_sensor_decorator.py
[2025-12-21T07:15:19.561+0000] {processor.py:830} INFO - Processing file /home/airflow/.local/lib/python3.8/site-packages/airflow/example_dags/example_sensor_decorator.py for tasks to queue
[2025-12-21T07:15:19.563+0000] {logging_mixin.py:188} INFO - [2025-12-21T07:15:19.563+0000] {dagbag.py:540} INFO - Filling up the DagBag from /home/airflow/.local/lib/python3.8/site-packages/airflow/example_dags/example_sensor_decorator.py
[2025-12-21T07:15:19.570+0000] {processor.py:840} INFO - DAG(s) 'example_sensor_decorator' retrieved from /home/airflow/.local/lib/python3.8/site-packages/airflow/example_dags/example_sensor_decorator.py
[2025-12-21T07:15:19.594+0000] {logging_mixin.py:188} INFO - [2025-12-21T07:15:19.594+0000] {dag.py:3047} INFO - Sync 1 DAGs
[2025-12-21T07:15:19.608+0000] {logging_mixin.py:188} INFO - [2025-12-21T07:15:19.607+0000] {dag.py:3834} INFO - Setting next_dagrun for example_sensor_decorator to None, run_after=None
[2025-12-21T07:15:19.628+0000] {processor.py:183} INFO - Processing /home/airflow/.local/lib/python3.8/site-packages/airflow/example_dags/example_sensor_decorator.py took 0.073 seconds
[2025-12-21T07:15:49.919+0000] {processor.py:161} INFO - Started process (PID=538) to work on /home/airflow/.local/lib/python3.8/site-packages/airflow/example_dags/example_sensor_decorator.py
[2025-12-21T07:15:49.920+0000] {processor.py:830} INFO - Processing file /home/airflow/.local/lib/python3.8/site-packages/airflow/example_dags/example_sensor_decorator.py for tasks to queue
[2025-12-21T07:15:49.922+0000] {logging_mixin.py:188} INFO - [2025-12-21T07:15:49.922+0000] {dagbag.py:540} INFO - Filling up the DagBag from /home/airflow/.local/lib/python3.8/site-packages/airflow/example_dags/example_sensor_decorator.py
[2025-12-21T07:15:49.929+0000] {processor.py:840} INFO - DAG(s) 'example_sensor_decorator' retrieved from /home/airflow/.local/lib/python3.8/site-packages/airflow/example_dags/example_sensor_decorator.py
[2025-12-21T07:15:49.952+0000] {logging_mixin.py:188} INFO - [2025-12-21T07:15:49.952+0000] {dag.py:3047} INFO - Sync 1 DAGs
[2025-12-21T07:15:49.965+0000] {logging_mixin.py:188} INFO - [2025-12-21T07:15:49.964+0000] {dag.py:3834} INFO - Setting next_dagrun for example_sensor_decorator to None, run_after=None
[2025-12-21T07:15:49.991+0000] {processor.py:183} INFO - Processing /home/airflow/.local/lib/python3.8/site-packages/airflow/example_dags/example_sensor_decorator.py took 0.076 seconds
[2025-12-21T07:16:21.180+0000] {processor.py:161} INFO - Started process (PID=594) to work on /home/airflow/.local/lib/python3.8/site-packages/airflow/example_dags/example_sensor_decorator.py
[2025-12-21T07:16:21.181+0000] {processor.py:830} INFO - Processing file /home/airflow/.local/lib/python3.8/site-packages/airflow/example_dags/example_sensor_decorator.py for tasks to queue
[2025-12-21T07:16:21.184+0000] {logging_mixin.py:188} INFO - [2025-12-21T07:16:21.184+0000] {dagbag.py:540} INFO - Filling up the DagBag from /home/airflow/.local/lib/python3.8/site-packages/airflow/example_dags/example_sensor_decorator.py
[2025-12-21T07:16:21.191+0000] {processor.py:840} INFO - DAG(s) 'example_sensor_decorator' retrieved from /home/airflow/.local/lib/python3.8/site-packages/airflow/example_dags/example_sensor_decorator.py
[2025-12-21T07:16:21.218+0000] {logging_mixin.py:188} INFO - [2025-12-21T07:16:21.217+0000] {dag.py:3047} INFO - Sync 1 DAGs
[2025-12-21T07:16:21.234+0000] {logging_mixin.py:188} INFO - [2025-12-21T07:16:21.234+0000] {dag.py:3834} INFO - Setting next_dagrun for example_sensor_decorator to None, run_after=None
[2025-12-21T07:16:21.258+0000] {processor.py:183} INFO - Processing /home/airflow/.local/lib/python3.8/site-packages/airflow/example_dags/example_sensor_decorator.py took 0.083 seconds
[2025-12-21T07:16:52.062+0000] {processor.py:161} INFO - Started process (PID=650) to work on /home/airflow/.local/lib/python3.8/site-packages/airflow/example_dags/example_sensor_decorator.py
[2025-12-21T07:16:52.064+0000] {processor.py:830} INFO - Processing file /home/airflow/.local/lib/python3.8/site-packages/airflow/example_dags/example_sensor_decorator.py for tasks to queue
[2025-12-21T07:16:52.066+0000] {logging_mixin.py:188} INFO - [2025-12-21T07:16:52.065+0000] {dagbag.py:540} INFO - Filling up the DagBag from /home/airflow/.local/lib/python3.8/site-packages/airflow/example_dags/example_sensor_decorator.py
[2025-12-21T07:16:52.075+0000] {processor.py:840} INFO - DAG(s) 'example_sensor_decorator' retrieved from /home/airflow/.local/lib/python3.8/site-packages/airflow/example_dags/example_sensor_decorator.py
[2025-12-21T07:16:52.102+0000] {logging_mixin.py:188} INFO - [2025-12-21T07:16:52.101+0000] {dag.py:3047} INFO - Sync 1 DAGs
[2025-12-21T07:16:52.116+0000] {logging_mixin.py:188} INFO - [2025-12-21T07:16:52.115+0000] {dag.py:3834} INFO - Setting next_dagrun for example_sensor_decorator to None, run_after=None
[2025-12-21T07:16:52.141+0000] {processor.py:183} INFO - Processing /home/airflow/.local/lib/python3.8/site-packages/airflow/example_dags/example_sensor_decorator.py took 0.083 seconds
[2025-12-21T07:17:22.254+0000] {processor.py:161} INFO - Started process (PID=706) to work on /home/airflow/.local/lib/python3.8/site-packages/airflow/example_dags/example_sensor_decorator.py
[2025-12-21T07:17:22.256+0000] {processor.py:830} INFO - Processing file /home/airflow/.local/lib/python3.8/site-packages/airflow/example_dags/example_sensor_decorator.py for tasks to queue
[2025-12-21T07:17:22.258+0000] {logging_mixin.py:188} INFO - [2025-12-21T07:17:22.258+0000] {dagbag.py:540} INFO - Filling up the DagBag from /home/airflow/.local/lib/python3.8/site-packages/airflow/example_dags/example_sensor_decorator.py
[2025-12-21T07:17:22.266+0000] {processor.py:840} INFO - DAG(s) 'example_sensor_decorator' retrieved from /home/airflow/.local/lib/python3.8/site-packages/airflow/example_dags/example_sensor_decorator.py
[2025-12-21T07:17:22.289+0000] {logging_mixin.py:188} INFO - [2025-12-21T07:17:22.289+0000] {dag.py:3047} INFO - Sync 1 DAGs
[2025-12-21T07:17:22.305+0000] {logging_mixin.py:188} INFO - [2025-12-21T07:17:22.305+0000] {dag.py:3834} INFO - Setting next_dagrun for example_sensor_decorator to None, run_after=None
[2025-12-21T07:17:22.325+0000] {processor.py:183} INFO - Processing /home/airflow/.local/lib/python3.8/site-packages/airflow/example_dags/example_sensor_decorator.py took 0.075 seconds
[2025-12-21T07:17:52.412+0000] {processor.py:161} INFO - Started process (PID=763) to work on /home/airflow/.local/lib/python3.8/site-packages/airflow/example_dags/example_sensor_decorator.py
[2025-12-21T07:17:52.414+0000] {processor.py:830} INFO - Processing file /home/airflow/.local/lib/python3.8/site-packages/airflow/example_dags/example_sensor_decorator.py for tasks to queue
[2025-12-21T07:17:52.417+0000] {logging_mixin.py:188} INFO - [2025-12-21T07:17:52.416+0000] {dagbag.py:540} INFO - Filling up the DagBag from /home/airflow/.local/lib/python3.8/site-packages/airflow/example_dags/example_sensor_decorator.py
[2025-12-21T07:17:52.423+0000] {processor.py:840} INFO - DAG(s) 'example_sensor_decorator' retrieved from /home/airflow/.local/lib/python3.8/site-packages/airflow/example_dags/example_sensor_decorator.py
[2025-12-21T07:17:52.445+0000] {logging_mixin.py:188} INFO - [2025-12-21T07:17:52.445+0000] {dag.py:3047} INFO - Sync 1 DAGs
[2025-12-21T07:17:52.457+0000] {logging_mixin.py:188} INFO - [2025-12-21T07:17:52.457+0000] {dag.py:3834} INFO - Setting next_dagrun for example_sensor_decorator to None, run_after=None
[2025-12-21T07:17:52.480+0000] {processor.py:183} INFO - Processing /home/airflow/.local/lib/python3.8/site-packages/airflow/example_dags/example_sensor_decorator.py took 0.072 seconds
[2025-12-21T07:18:23.148+0000] {processor.py:161} INFO - Started process (PID=819) to work on /home/airflow/.local/lib/python3.8/site-packages/airflow/example_dags/example_sensor_decorator.py
[2025-12-21T07:18:23.150+0000] {processor.py:830} INFO - Processing file /home/airflow/.local/lib/python3.8/site-packages/airflow/example_dags/example_sensor_decorator.py for tasks to queue
[2025-12-21T07:18:23.152+0000] {logging_mixin.py:188} INFO - [2025-12-21T07:18:23.152+0000] {dagbag.py:540} INFO - Filling up the DagBag from /home/airflow/.local/lib/python3.8/site-packages/airflow/example_dags/example_sensor_decorator.py
[2025-12-21T07:18:23.161+0000] {processor.py:840} INFO - DAG(s) 'example_sensor_decorator' retrieved from /home/airflow/.local/lib/python3.8/site-packages/airflow/example_dags/example_sensor_decorator.py
[2025-12-21T07:18:23.188+0000] {logging_mixin.py:188} INFO - [2025-12-21T07:18:23.188+0000] {dag.py:3047} INFO - Sync 1 DAGs
[2025-12-21T07:18:23.203+0000] {logging_mixin.py:188} INFO - [2025-12-21T07:18:23.203+0000] {dag.py:3834} INFO - Setting next_dagrun for example_sensor_decorator to None, run_after=None
[2025-12-21T07:18:23.227+0000] {processor.py:183} INFO - Processing /home/airflow/.local/lib/python3.8/site-packages/airflow/example_dags/example_sensor_decorator.py took 0.083 seconds
[2025-12-21T07:18:54.143+0000] {processor.py:161} INFO - Started process (PID=875) to work on /home/airflow/.local/lib/python3.8/site-packages/airflow/example_dags/example_sensor_decorator.py
[2025-12-21T07:18:54.144+0000] {processor.py:830} INFO - Processing file /home/airflow/.local/lib/python3.8/site-packages/airflow/example_dags/example_sensor_decorator.py for tasks to queue
[2025-12-21T07:18:54.147+0000] {logging_mixin.py:188} INFO - [2025-12-21T07:18:54.147+0000] {dagbag.py:540} INFO - Filling up the DagBag from /home/airflow/.local/lib/python3.8/site-packages/airflow/example_dags/example_sensor_decorator.py
[2025-12-21T07:18:54.154+0000] {processor.py:840} INFO - DAG(s) 'example_sensor_decorator' retrieved from /home/airflow/.local/lib/python3.8/site-packages/airflow/example_dags/example_sensor_decorator.py
[2025-12-21T07:18:54.177+0000] {logging_mixin.py:188} INFO - [2025-12-21T07:18:54.177+0000] {dag.py:3047} INFO - Sync 1 DAGs
[2025-12-21T07:18:54.190+0000] {logging_mixin.py:188} INFO - [2025-12-21T07:18:54.189+0000] {dag.py:3834} INFO - Setting next_dagrun for example_sensor_decorator to None, run_after=None
[2025-12-21T07:18:54.213+0000] {processor.py:183} INFO - Processing /home/airflow/.local/lib/python3.8/site-packages/airflow/example_dags/example_sensor_decorator.py took 0.074 seconds
[2025-12-21T07:19:26.632+0000] {processor.py:161} INFO - Started process (PID=931) to work on /home/airflow/.local/lib/python3.8/site-packages/airflow/example_dags/example_sensor_decorator.py
[2025-12-21T07:19:26.634+0000] {processor.py:830} INFO - Processing file /home/airflow/.local/lib/python3.8/site-packages/airflow/example_dags/example_sensor_decorator.py for tasks to queue
[2025-12-21T07:19:26.636+0000] {logging_mixin.py:188} INFO - [2025-12-21T07:19:26.636+0000] {dagbag.py:540} INFO - Filling up the DagBag from /home/airflow/.local/lib/python3.8/site-packages/airflow/example_dags/example_sensor_decorator.py
[2025-12-21T07:19:26.645+0000] {processor.py:840} INFO - DAG(s) 'example_sensor_decorator' retrieved from /home/airflow/.local/lib/python3.8/site-packages/airflow/example_dags/example_sensor_decorator.py
[2025-12-21T07:19:26.670+0000] {logging_mixin.py:188} INFO - [2025-12-21T07:19:26.670+0000] {dag.py:3047} INFO - Sync 1 DAGs
[2025-12-21T07:19:26.683+0000] {logging_mixin.py:188} INFO - [2025-12-21T07:19:26.683+0000] {dag.py:3834} INFO - Setting next_dagrun for example_sensor_decorator to None, run_after=None
[2025-12-21T07:19:26.708+0000] {processor.py:183} INFO - Processing /home/airflow/.local/lib/python3.8/site-packages/airflow/example_dags/example_sensor_decorator.py took 0.080 seconds
[2025-12-21T07:19:57.653+0000] {processor.py:161} INFO - Started process (PID=988) to work on /home/airflow/.local/lib/python3.8/site-packages/airflow/example_dags/example_sensor_decorator.py
[2025-12-21T07:19:57.655+0000] {processor.py:830} INFO - Processing file /home/airflow/.local/lib/python3.8/site-packages/airflow/example_dags/example_sensor_decorator.py for tasks to queue
[2025-12-21T07:19:57.668+0000] {logging_mixin.py:188} INFO - [2025-12-21T07:19:57.667+0000] {dagbag.py:540} INFO - Filling up the DagBag from /home/airflow/.local/lib/python3.8/site-packages/airflow/example_dags/example_sensor_decorator.py
[2025-12-21T07:19:57.686+0000] {processor.py:840} INFO - DAG(s) 'example_sensor_decorator' retrieved from /home/airflow/.local/lib/python3.8/site-packages/airflow/example_dags/example_sensor_decorator.py
[2025-12-21T07:19:57.734+0000] {logging_mixin.py:188} INFO - [2025-12-21T07:19:57.733+0000] {dag.py:3047} INFO - Sync 1 DAGs
[2025-12-21T07:19:57.753+0000] {logging_mixin.py:188} INFO - [2025-12-21T07:19:57.752+0000] {dag.py:3834} INFO - Setting next_dagrun for example_sensor_decorator to None, run_after=None
[2025-12-21T07:19:57.782+0000] {processor.py:183} INFO - Processing /home/airflow/.local/lib/python3.8/site-packages/airflow/example_dags/example_sensor_decorator.py took 0.133 seconds
[2025-12-21T07:20:41.233+0000] {processor.py:161} INFO - Started process (PID=79) to work on /home/airflow/.local/lib/python3.8/site-packages/airflow/example_dags/example_sensor_decorator.py
[2025-12-21T07:20:41.234+0000] {processor.py:830} INFO - Processing file /home/airflow/.local/lib/python3.8/site-packages/airflow/example_dags/example_sensor_decorator.py for tasks to queue
[2025-12-21T07:20:41.237+0000] {logging_mixin.py:188} INFO - [2025-12-21T07:20:41.236+0000] {dagbag.py:540} INFO - Filling up the DagBag from /home/airflow/.local/lib/python3.8/site-packages/airflow/example_dags/example_sensor_decorator.py
[2025-12-21T07:20:41.244+0000] {processor.py:840} INFO - DAG(s) 'example_sensor_decorator' retrieved from /home/airflow/.local/lib/python3.8/site-packages/airflow/example_dags/example_sensor_decorator.py
[2025-12-21T07:20:41.276+0000] {logging_mixin.py:188} INFO - [2025-12-21T07:20:41.276+0000] {dag.py:3047} INFO - Sync 1 DAGs
[2025-12-21T07:20:41.294+0000] {logging_mixin.py:188} INFO - [2025-12-21T07:20:41.293+0000] {dag.py:3834} INFO - Setting next_dagrun for example_sensor_decorator to None, run_after=None
[2025-12-21T07:20:41.314+0000] {processor.py:183} INFO - Processing /home/airflow/.local/lib/python3.8/site-packages/airflow/example_dags/example_sensor_decorator.py took 0.085 seconds
[2025-12-21T07:21:11.547+0000] {processor.py:161} INFO - Started process (PID=135) to work on /home/airflow/.local/lib/python3.8/site-packages/airflow/example_dags/example_sensor_decorator.py
[2025-12-21T07:21:11.549+0000] {processor.py:830} INFO - Processing file /home/airflow/.local/lib/python3.8/site-packages/airflow/example_dags/example_sensor_decorator.py for tasks to queue
[2025-12-21T07:21:11.552+0000] {logging_mixin.py:188} INFO - [2025-12-21T07:21:11.552+0000] {dagbag.py:540} INFO - Filling up the DagBag from /home/airflow/.local/lib/python3.8/site-packages/airflow/example_dags/example_sensor_decorator.py
[2025-12-21T07:21:11.561+0000] {processor.py:840} INFO - DAG(s) 'example_sensor_decorator' retrieved from /home/airflow/.local/lib/python3.8/site-packages/airflow/example_dags/example_sensor_decorator.py
[2025-12-21T07:21:11.589+0000] {logging_mixin.py:188} INFO - [2025-12-21T07:21:11.588+0000] {dag.py:3047} INFO - Sync 1 DAGs
[2025-12-21T07:21:11.604+0000] {logging_mixin.py:188} INFO - [2025-12-21T07:21:11.604+0000] {dag.py:3834} INFO - Setting next_dagrun for example_sensor_decorator to None, run_after=None
[2025-12-21T07:21:11.631+0000] {processor.py:183} INFO - Processing /home/airflow/.local/lib/python3.8/site-packages/airflow/example_dags/example_sensor_decorator.py took 0.088 seconds
[2025-12-21T07:22:22.382+0000] {processor.py:161} INFO - Started process (PID=92) to work on /home/airflow/.local/lib/python3.8/site-packages/airflow/example_dags/example_sensor_decorator.py
[2025-12-21T07:22:22.386+0000] {processor.py:830} INFO - Processing file /home/airflow/.local/lib/python3.8/site-packages/airflow/example_dags/example_sensor_decorator.py for tasks to queue
[2025-12-21T07:22:22.396+0000] {logging_mixin.py:188} INFO - [2025-12-21T07:22:22.392+0000] {dagbag.py:540} INFO - Filling up the DagBag from /home/airflow/.local/lib/python3.8/site-packages/airflow/example_dags/example_sensor_decorator.py
[2025-12-21T07:22:22.416+0000] {processor.py:840} INFO - DAG(s) 'example_sensor_decorator' retrieved from /home/airflow/.local/lib/python3.8/site-packages/airflow/example_dags/example_sensor_decorator.py
[2025-12-21T07:22:22.435+0000] {logging_mixin.py:188} INFO - [2025-12-21T07:22:22.434+0000] {dag.py:3047} INFO - Sync 1 DAGs
[2025-12-21T07:22:22.452+0000] {logging_mixin.py:188} INFO - [2025-12-21T07:22:22.452+0000] {dag.py:3834} INFO - Setting next_dagrun for example_sensor_decorator to None, run_after=None
[2025-12-21T07:22:22.492+0000] {processor.py:183} INFO - Processing /home/airflow/.local/lib/python3.8/site-packages/airflow/example_dags/example_sensor_decorator.py took 0.118 seconds
[2025-12-21T07:22:53.866+0000] {processor.py:161} INFO - Started process (PID=149) to work on /home/airflow/.local/lib/python3.8/site-packages/airflow/example_dags/example_sensor_decorator.py
[2025-12-21T07:22:53.867+0000] {processor.py:830} INFO - Processing file /home/airflow/.local/lib/python3.8/site-packages/airflow/example_dags/example_sensor_decorator.py for tasks to queue
[2025-12-21T07:22:53.869+0000] {logging_mixin.py:188} INFO - [2025-12-21T07:22:53.869+0000] {dagbag.py:540} INFO - Filling up the DagBag from /home/airflow/.local/lib/python3.8/site-packages/airflow/example_dags/example_sensor_decorator.py
[2025-12-21T07:22:53.876+0000] {processor.py:840} INFO - DAG(s) 'example_sensor_decorator' retrieved from /home/airflow/.local/lib/python3.8/site-packages/airflow/example_dags/example_sensor_decorator.py
[2025-12-21T07:22:53.975+0000] {logging_mixin.py:188} INFO - [2025-12-21T07:22:53.975+0000] {dag.py:3047} INFO - Sync 1 DAGs
[2025-12-21T07:22:53.985+0000] {logging_mixin.py:188} INFO - [2025-12-21T07:22:53.984+0000] {dag.py:3834} INFO - Setting next_dagrun for example_sensor_decorator to None, run_after=None
[2025-12-21T07:22:54.007+0000] {processor.py:183} INFO - Processing /home/airflow/.local/lib/python3.8/site-packages/airflow/example_dags/example_sensor_decorator.py took 0.145 seconds
[2025-12-21T07:28:33.389+0000] {processor.py:161} INFO - Started process (PID=94) to work on /home/airflow/.local/lib/python3.8/site-packages/airflow/example_dags/example_sensor_decorator.py
[2025-12-21T07:28:33.396+0000] {processor.py:830} INFO - Processing file /home/airflow/.local/lib/python3.8/site-packages/airflow/example_dags/example_sensor_decorator.py for tasks to queue
[2025-12-21T07:28:33.404+0000] {logging_mixin.py:188} INFO - [2025-12-21T07:28:33.404+0000] {dagbag.py:540} INFO - Filling up the DagBag from /home/airflow/.local/lib/python3.8/site-packages/airflow/example_dags/example_sensor_decorator.py
[2025-12-21T07:28:33.416+0000] {processor.py:840} INFO - DAG(s) 'example_sensor_decorator' retrieved from /home/airflow/.local/lib/python3.8/site-packages/airflow/example_dags/example_sensor_decorator.py
[2025-12-21T07:28:33.443+0000] {logging_mixin.py:188} INFO - [2025-12-21T07:28:33.442+0000] {dag.py:3047} INFO - Sync 1 DAGs
[2025-12-21T07:28:33.461+0000] {logging_mixin.py:188} INFO - [2025-12-21T07:28:33.461+0000] {dag.py:3834} INFO - Setting next_dagrun for example_sensor_decorator to None, run_after=None
[2025-12-21T07:28:33.511+0000] {processor.py:183} INFO - Processing /home/airflow/.local/lib/python3.8/site-packages/airflow/example_dags/example_sensor_decorator.py took 0.129 seconds
[2025-12-21T07:29:03.676+0000] {processor.py:161} INFO - Started process (PID=150) to work on /home/airflow/.local/lib/python3.8/site-packages/airflow/example_dags/example_sensor_decorator.py
[2025-12-21T07:29:03.678+0000] {processor.py:830} INFO - Processing file /home/airflow/.local/lib/python3.8/site-packages/airflow/example_dags/example_sensor_decorator.py for tasks to queue
[2025-12-21T07:29:03.681+0000] {logging_mixin.py:188} INFO - [2025-12-21T07:29:03.681+0000] {dagbag.py:540} INFO - Filling up the DagBag from /home/airflow/.local/lib/python3.8/site-packages/airflow/example_dags/example_sensor_decorator.py
[2025-12-21T07:29:03.690+0000] {processor.py:840} INFO - DAG(s) 'example_sensor_decorator' retrieved from /home/airflow/.local/lib/python3.8/site-packages/airflow/example_dags/example_sensor_decorator.py
[2025-12-21T07:29:03.812+0000] {logging_mixin.py:188} INFO - [2025-12-21T07:29:03.812+0000] {dag.py:3047} INFO - Sync 1 DAGs
[2025-12-21T07:29:03.823+0000] {logging_mixin.py:188} INFO - [2025-12-21T07:29:03.823+0000] {dag.py:3834} INFO - Setting next_dagrun for example_sensor_decorator to None, run_after=None
[2025-12-21T07:29:03.855+0000] {processor.py:183} INFO - Processing /home/airflow/.local/lib/python3.8/site-packages/airflow/example_dags/example_sensor_decorator.py took 0.184 seconds
[2025-12-21T07:29:34.245+0000] {processor.py:161} INFO - Started process (PID=206) to work on /home/airflow/.local/lib/python3.8/site-packages/airflow/example_dags/example_sensor_decorator.py
[2025-12-21T07:29:34.249+0000] {processor.py:830} INFO - Processing file /home/airflow/.local/lib/python3.8/site-packages/airflow/example_dags/example_sensor_decorator.py for tasks to queue
[2025-12-21T07:29:34.252+0000] {logging_mixin.py:188} INFO - [2025-12-21T07:29:34.252+0000] {dagbag.py:540} INFO - Filling up the DagBag from /home/airflow/.local/lib/python3.8/site-packages/airflow/example_dags/example_sensor_decorator.py
[2025-12-21T07:29:34.265+0000] {processor.py:840} INFO - DAG(s) 'example_sensor_decorator' retrieved from /home/airflow/.local/lib/python3.8/site-packages/airflow/example_dags/example_sensor_decorator.py
[2025-12-21T07:29:34.294+0000] {logging_mixin.py:188} INFO - [2025-12-21T07:29:34.294+0000] {dag.py:3047} INFO - Sync 1 DAGs
[2025-12-21T07:29:34.311+0000] {logging_mixin.py:188} INFO - [2025-12-21T07:29:34.311+0000] {dag.py:3834} INFO - Setting next_dagrun for example_sensor_decorator to None, run_after=None
[2025-12-21T07:29:34.340+0000] {processor.py:183} INFO - Processing /home/airflow/.local/lib/python3.8/site-packages/airflow/example_dags/example_sensor_decorator.py took 0.102 seconds
[2025-12-21T07:30:04.499+0000] {processor.py:161} INFO - Started process (PID=261) to work on /home/airflow/.local/lib/python3.8/site-packages/airflow/example_dags/example_sensor_decorator.py
[2025-12-21T07:30:04.500+0000] {processor.py:830} INFO - Processing file /home/airflow/.local/lib/python3.8/site-packages/airflow/example_dags/example_sensor_decorator.py for tasks to queue
[2025-12-21T07:30:04.503+0000] {logging_mixin.py:188} INFO - [2025-12-21T07:30:04.502+0000] {dagbag.py:540} INFO - Filling up the DagBag from /home/airflow/.local/lib/python3.8/site-packages/airflow/example_dags/example_sensor_decorator.py
[2025-12-21T07:30:04.510+0000] {processor.py:840} INFO - DAG(s) 'example_sensor_decorator' retrieved from /home/airflow/.local/lib/python3.8/site-packages/airflow/example_dags/example_sensor_decorator.py
[2025-12-21T07:30:04.533+0000] {logging_mixin.py:188} INFO - [2025-12-21T07:30:04.533+0000] {dag.py:3047} INFO - Sync 1 DAGs
[2025-12-21T07:30:04.547+0000] {logging_mixin.py:188} INFO - [2025-12-21T07:30:04.547+0000] {dag.py:3834} INFO - Setting next_dagrun for example_sensor_decorator to None, run_after=None
[2025-12-21T07:30:04.570+0000] {processor.py:183} INFO - Processing /home/airflow/.local/lib/python3.8/site-packages/airflow/example_dags/example_sensor_decorator.py took 0.075 seconds
[2025-12-21T07:30:34.820+0000] {processor.py:161} INFO - Started process (PID=317) to work on /home/airflow/.local/lib/python3.8/site-packages/airflow/example_dags/example_sensor_decorator.py
[2025-12-21T07:30:34.822+0000] {processor.py:830} INFO - Processing file /home/airflow/.local/lib/python3.8/site-packages/airflow/example_dags/example_sensor_decorator.py for tasks to queue
[2025-12-21T07:30:34.825+0000] {logging_mixin.py:188} INFO - [2025-12-21T07:30:34.824+0000] {dagbag.py:540} INFO - Filling up the DagBag from /home/airflow/.local/lib/python3.8/site-packages/airflow/example_dags/example_sensor_decorator.py
[2025-12-21T07:30:34.835+0000] {processor.py:840} INFO - DAG(s) 'example_sensor_decorator' retrieved from /home/airflow/.local/lib/python3.8/site-packages/airflow/example_dags/example_sensor_decorator.py
[2025-12-21T07:30:34.862+0000] {logging_mixin.py:188} INFO - [2025-12-21T07:30:34.862+0000] {dag.py:3047} INFO - Sync 1 DAGs
[2025-12-21T07:30:34.878+0000] {logging_mixin.py:188} INFO - [2025-12-21T07:30:34.878+0000] {dag.py:3834} INFO - Setting next_dagrun for example_sensor_decorator to None, run_after=None
[2025-12-21T07:30:34.907+0000] {processor.py:183} INFO - Processing /home/airflow/.local/lib/python3.8/site-packages/airflow/example_dags/example_sensor_decorator.py took 0.092 seconds
[2025-12-21T07:31:05.137+0000] {processor.py:161} INFO - Started process (PID=373) to work on /home/airflow/.local/lib/python3.8/site-packages/airflow/example_dags/example_sensor_decorator.py
[2025-12-21T07:31:05.139+0000] {processor.py:830} INFO - Processing file /home/airflow/.local/lib/python3.8/site-packages/airflow/example_dags/example_sensor_decorator.py for tasks to queue
[2025-12-21T07:31:05.142+0000] {logging_mixin.py:188} INFO - [2025-12-21T07:31:05.141+0000] {dagbag.py:540} INFO - Filling up the DagBag from /home/airflow/.local/lib/python3.8/site-packages/airflow/example_dags/example_sensor_decorator.py
[2025-12-21T07:31:05.149+0000] {processor.py:840} INFO - DAG(s) 'example_sensor_decorator' retrieved from /home/airflow/.local/lib/python3.8/site-packages/airflow/example_dags/example_sensor_decorator.py
[2025-12-21T07:31:05.175+0000] {logging_mixin.py:188} INFO - [2025-12-21T07:31:05.174+0000] {dag.py:3047} INFO - Sync 1 DAGs
[2025-12-21T07:31:05.188+0000] {logging_mixin.py:188} INFO - [2025-12-21T07:31:05.188+0000] {dag.py:3834} INFO - Setting next_dagrun for example_sensor_decorator to None, run_after=None
[2025-12-21T07:31:05.211+0000] {processor.py:183} INFO - Processing /home/airflow/.local/lib/python3.8/site-packages/airflow/example_dags/example_sensor_decorator.py took 0.078 seconds
[2025-12-21T07:31:35.335+0000] {processor.py:161} INFO - Started process (PID=429) to work on /home/airflow/.local/lib/python3.8/site-packages/airflow/example_dags/example_sensor_decorator.py
[2025-12-21T07:31:35.337+0000] {processor.py:830} INFO - Processing file /home/airflow/.local/lib/python3.8/site-packages/airflow/example_dags/example_sensor_decorator.py for tasks to queue
[2025-12-21T07:31:35.343+0000] {logging_mixin.py:188} INFO - [2025-12-21T07:31:35.343+0000] {dagbag.py:540} INFO - Filling up the DagBag from /home/airflow/.local/lib/python3.8/site-packages/airflow/example_dags/example_sensor_decorator.py
[2025-12-21T07:31:35.353+0000] {processor.py:840} INFO - DAG(s) 'example_sensor_decorator' retrieved from /home/airflow/.local/lib/python3.8/site-packages/airflow/example_dags/example_sensor_decorator.py
[2025-12-21T07:31:35.380+0000] {logging_mixin.py:188} INFO - [2025-12-21T07:31:35.380+0000] {dag.py:3047} INFO - Sync 1 DAGs
[2025-12-21T07:31:35.393+0000] {logging_mixin.py:188} INFO - [2025-12-21T07:31:35.393+0000] {dag.py:3834} INFO - Setting next_dagrun for example_sensor_decorator to None, run_after=None
[2025-12-21T07:31:35.417+0000] {processor.py:183} INFO - Processing /home/airflow/.local/lib/python3.8/site-packages/airflow/example_dags/example_sensor_decorator.py took 0.086 seconds
