[2025-12-21T06:58:54.948+0000] {processor.py:161} INFO - Started process (PID=82) to work on /home/airflow/.local/lib/python3.8/site-packages/airflow/example_dags/example_external_task_marker_dag.py
[2025-12-21T06:58:54.950+0000] {processor.py:830} INFO - Processing file /home/airflow/.local/lib/python3.8/site-packages/airflow/example_dags/example_external_task_marker_dag.py for tasks to queue
[2025-12-21T06:58:54.952+0000] {logging_mixin.py:188} INFO - [2025-12-21T06:58:54.952+0000] {dagbag.py:540} INFO - Filling up the DagBag from /home/airflow/.local/lib/python3.8/site-packages/airflow/example_dags/example_external_task_marker_dag.py
[2025-12-21T06:58:54.960+0000] {processor.py:840} INFO - DAG(s) 'example_external_task_marker_child', 'example_external_task_marker_parent' retrieved from /home/airflow/.local/lib/python3.8/site-packages/airflow/example_dags/example_external_task_marker_dag.py
[2025-12-21T06:58:55.100+0000] {logging_mixin.py:188} INFO - [2025-12-21T06:58:55.100+0000] {dag.py:3047} INFO - Sync 2 DAGs
[2025-12-21T06:58:55.115+0000] {logging_mixin.py:188} INFO - [2025-12-21T06:58:55.115+0000] {dag.py:3834} INFO - Setting next_dagrun for example_external_task_marker_child to None, run_after=None
[2025-12-21T06:58:55.122+0000] {logging_mixin.py:188} INFO - [2025-12-21T06:58:55.121+0000] {dag.py:3834} INFO - Setting next_dagrun for example_external_task_marker_parent to None, run_after=None
[2025-12-21T06:58:55.166+0000] {processor.py:183} INFO - Processing /home/airflow/.local/lib/python3.8/site-packages/airflow/example_dags/example_external_task_marker_dag.py took 0.222 seconds
[2025-12-21T06:59:25.314+0000] {processor.py:161} INFO - Started process (PID=138) to work on /home/airflow/.local/lib/python3.8/site-packages/airflow/example_dags/example_external_task_marker_dag.py
[2025-12-21T06:59:25.316+0000] {processor.py:830} INFO - Processing file /home/airflow/.local/lib/python3.8/site-packages/airflow/example_dags/example_external_task_marker_dag.py for tasks to queue
[2025-12-21T06:59:25.319+0000] {logging_mixin.py:188} INFO - [2025-12-21T06:59:25.318+0000] {dagbag.py:540} INFO - Filling up the DagBag from /home/airflow/.local/lib/python3.8/site-packages/airflow/example_dags/example_external_task_marker_dag.py
[2025-12-21T06:59:25.329+0000] {processor.py:840} INFO - DAG(s) 'example_external_task_marker_child', 'example_external_task_marker_parent' retrieved from /home/airflow/.local/lib/python3.8/site-packages/airflow/example_dags/example_external_task_marker_dag.py
[2025-12-21T06:59:25.361+0000] {logging_mixin.py:188} INFO - [2025-12-21T06:59:25.361+0000] {dag.py:3047} INFO - Sync 2 DAGs
[2025-12-21T06:59:25.376+0000] {logging_mixin.py:188} INFO - [2025-12-21T06:59:25.375+0000] {dag.py:3834} INFO - Setting next_dagrun for example_external_task_marker_child to None, run_after=None
[2025-12-21T06:59:25.380+0000] {logging_mixin.py:188} INFO - [2025-12-21T06:59:25.379+0000] {dag.py:3834} INFO - Setting next_dagrun for example_external_task_marker_parent to None, run_after=None
[2025-12-21T06:59:25.401+0000] {processor.py:183} INFO - Processing /home/airflow/.local/lib/python3.8/site-packages/airflow/example_dags/example_external_task_marker_dag.py took 0.092 seconds
[2025-12-21T06:59:55.600+0000] {processor.py:161} INFO - Started process (PID=194) to work on /home/airflow/.local/lib/python3.8/site-packages/airflow/example_dags/example_external_task_marker_dag.py
[2025-12-21T06:59:55.602+0000] {processor.py:830} INFO - Processing file /home/airflow/.local/lib/python3.8/site-packages/airflow/example_dags/example_external_task_marker_dag.py for tasks to queue
[2025-12-21T06:59:55.605+0000] {logging_mixin.py:188} INFO - [2025-12-21T06:59:55.604+0000] {dagbag.py:540} INFO - Filling up the DagBag from /home/airflow/.local/lib/python3.8/site-packages/airflow/example_dags/example_external_task_marker_dag.py
[2025-12-21T06:59:55.613+0000] {processor.py:840} INFO - DAG(s) 'example_external_task_marker_parent', 'example_external_task_marker_child' retrieved from /home/airflow/.local/lib/python3.8/site-packages/airflow/example_dags/example_external_task_marker_dag.py
[2025-12-21T06:59:55.645+0000] {logging_mixin.py:188} INFO - [2025-12-21T06:59:55.645+0000] {dag.py:3047} INFO - Sync 2 DAGs
[2025-12-21T06:59:55.660+0000] {logging_mixin.py:188} INFO - [2025-12-21T06:59:55.660+0000] {dag.py:3834} INFO - Setting next_dagrun for example_external_task_marker_child to None, run_after=None
[2025-12-21T06:59:55.665+0000] {logging_mixin.py:188} INFO - [2025-12-21T06:59:55.664+0000] {dag.py:3834} INFO - Setting next_dagrun for example_external_task_marker_parent to None, run_after=None
[2025-12-21T06:59:55.687+0000] {processor.py:183} INFO - Processing /home/airflow/.local/lib/python3.8/site-packages/airflow/example_dags/example_external_task_marker_dag.py took 0.091 seconds
[2025-12-21T07:00:25.911+0000] {processor.py:161} INFO - Started process (PID=250) to work on /home/airflow/.local/lib/python3.8/site-packages/airflow/example_dags/example_external_task_marker_dag.py
[2025-12-21T07:00:25.912+0000] {processor.py:830} INFO - Processing file /home/airflow/.local/lib/python3.8/site-packages/airflow/example_dags/example_external_task_marker_dag.py for tasks to queue
[2025-12-21T07:00:25.914+0000] {logging_mixin.py:188} INFO - [2025-12-21T07:00:25.914+0000] {dagbag.py:540} INFO - Filling up the DagBag from /home/airflow/.local/lib/python3.8/site-packages/airflow/example_dags/example_external_task_marker_dag.py
[2025-12-21T07:00:25.922+0000] {processor.py:840} INFO - DAG(s) 'example_external_task_marker_parent', 'example_external_task_marker_child' retrieved from /home/airflow/.local/lib/python3.8/site-packages/airflow/example_dags/example_external_task_marker_dag.py
[2025-12-21T07:00:25.952+0000] {logging_mixin.py:188} INFO - [2025-12-21T07:00:25.952+0000] {dag.py:3047} INFO - Sync 2 DAGs
[2025-12-21T07:00:25.966+0000] {logging_mixin.py:188} INFO - [2025-12-21T07:00:25.965+0000] {dag.py:3834} INFO - Setting next_dagrun for example_external_task_marker_child to None, run_after=None
[2025-12-21T07:00:25.971+0000] {logging_mixin.py:188} INFO - [2025-12-21T07:00:25.970+0000] {dag.py:3834} INFO - Setting next_dagrun for example_external_task_marker_parent to None, run_after=None
[2025-12-21T07:00:25.992+0000] {processor.py:183} INFO - Processing /home/airflow/.local/lib/python3.8/site-packages/airflow/example_dags/example_external_task_marker_dag.py took 0.085 seconds
[2025-12-21T07:00:56.200+0000] {processor.py:161} INFO - Started process (PID=306) to work on /home/airflow/.local/lib/python3.8/site-packages/airflow/example_dags/example_external_task_marker_dag.py
[2025-12-21T07:00:56.202+0000] {processor.py:830} INFO - Processing file /home/airflow/.local/lib/python3.8/site-packages/airflow/example_dags/example_external_task_marker_dag.py for tasks to queue
[2025-12-21T07:00:56.204+0000] {logging_mixin.py:188} INFO - [2025-12-21T07:00:56.204+0000] {dagbag.py:540} INFO - Filling up the DagBag from /home/airflow/.local/lib/python3.8/site-packages/airflow/example_dags/example_external_task_marker_dag.py
[2025-12-21T07:00:56.211+0000] {processor.py:840} INFO - DAG(s) 'example_external_task_marker_child', 'example_external_task_marker_parent' retrieved from /home/airflow/.local/lib/python3.8/site-packages/airflow/example_dags/example_external_task_marker_dag.py
[2025-12-21T07:00:56.240+0000] {logging_mixin.py:188} INFO - [2025-12-21T07:00:56.240+0000] {dag.py:3047} INFO - Sync 2 DAGs
[2025-12-21T07:00:56.253+0000] {logging_mixin.py:188} INFO - [2025-12-21T07:00:56.252+0000] {dag.py:3834} INFO - Setting next_dagrun for example_external_task_marker_child to None, run_after=None
[2025-12-21T07:00:56.257+0000] {logging_mixin.py:188} INFO - [2025-12-21T07:00:56.257+0000] {dag.py:3834} INFO - Setting next_dagrun for example_external_task_marker_parent to None, run_after=None
[2025-12-21T07:00:56.278+0000] {processor.py:183} INFO - Processing /home/airflow/.local/lib/python3.8/site-packages/airflow/example_dags/example_external_task_marker_dag.py took 0.082 seconds
[2025-12-21T07:01:27.665+0000] {processor.py:161} INFO - Started process (PID=362) to work on /home/airflow/.local/lib/python3.8/site-packages/airflow/example_dags/example_external_task_marker_dag.py
[2025-12-21T07:01:27.666+0000] {processor.py:830} INFO - Processing file /home/airflow/.local/lib/python3.8/site-packages/airflow/example_dags/example_external_task_marker_dag.py for tasks to queue
[2025-12-21T07:01:27.673+0000] {logging_mixin.py:188} INFO - [2025-12-21T07:01:27.672+0000] {dagbag.py:540} INFO - Filling up the DagBag from /home/airflow/.local/lib/python3.8/site-packages/airflow/example_dags/example_external_task_marker_dag.py
[2025-12-21T07:01:27.680+0000] {processor.py:840} INFO - DAG(s) 'example_external_task_marker_parent', 'example_external_task_marker_child' retrieved from /home/airflow/.local/lib/python3.8/site-packages/airflow/example_dags/example_external_task_marker_dag.py
[2025-12-21T07:01:27.708+0000] {logging_mixin.py:188} INFO - [2025-12-21T07:01:27.708+0000] {dag.py:3047} INFO - Sync 2 DAGs
[2025-12-21T07:01:27.723+0000] {logging_mixin.py:188} INFO - [2025-12-21T07:01:27.723+0000] {dag.py:3834} INFO - Setting next_dagrun for example_external_task_marker_child to None, run_after=None
[2025-12-21T07:01:27.728+0000] {logging_mixin.py:188} INFO - [2025-12-21T07:01:27.728+0000] {dag.py:3834} INFO - Setting next_dagrun for example_external_task_marker_parent to None, run_after=None
[2025-12-21T07:01:27.752+0000] {processor.py:183} INFO - Processing /home/airflow/.local/lib/python3.8/site-packages/airflow/example_dags/example_external_task_marker_dag.py took 0.093 seconds
[2025-12-21T07:01:58.009+0000] {processor.py:161} INFO - Started process (PID=418) to work on /home/airflow/.local/lib/python3.8/site-packages/airflow/example_dags/example_external_task_marker_dag.py
[2025-12-21T07:01:58.010+0000] {processor.py:830} INFO - Processing file /home/airflow/.local/lib/python3.8/site-packages/airflow/example_dags/example_external_task_marker_dag.py for tasks to queue
[2025-12-21T07:01:58.013+0000] {logging_mixin.py:188} INFO - [2025-12-21T07:01:58.013+0000] {dagbag.py:540} INFO - Filling up the DagBag from /home/airflow/.local/lib/python3.8/site-packages/airflow/example_dags/example_external_task_marker_dag.py
[2025-12-21T07:01:58.021+0000] {processor.py:840} INFO - DAG(s) 'example_external_task_marker_child', 'example_external_task_marker_parent' retrieved from /home/airflow/.local/lib/python3.8/site-packages/airflow/example_dags/example_external_task_marker_dag.py
[2025-12-21T07:01:58.059+0000] {logging_mixin.py:188} INFO - [2025-12-21T07:01:58.059+0000] {dag.py:3047} INFO - Sync 2 DAGs
[2025-12-21T07:01:58.076+0000] {logging_mixin.py:188} INFO - [2025-12-21T07:01:58.076+0000] {dag.py:3834} INFO - Setting next_dagrun for example_external_task_marker_child to None, run_after=None
[2025-12-21T07:01:58.082+0000] {logging_mixin.py:188} INFO - [2025-12-21T07:01:58.081+0000] {dag.py:3834} INFO - Setting next_dagrun for example_external_task_marker_parent to None, run_after=None
[2025-12-21T07:01:58.105+0000] {processor.py:183} INFO - Processing /home/airflow/.local/lib/python3.8/site-packages/airflow/example_dags/example_external_task_marker_dag.py took 0.100 seconds
[2025-12-21T07:02:28.361+0000] {processor.py:161} INFO - Started process (PID=474) to work on /home/airflow/.local/lib/python3.8/site-packages/airflow/example_dags/example_external_task_marker_dag.py
[2025-12-21T07:02:28.362+0000] {processor.py:830} INFO - Processing file /home/airflow/.local/lib/python3.8/site-packages/airflow/example_dags/example_external_task_marker_dag.py for tasks to queue
[2025-12-21T07:02:28.364+0000] {logging_mixin.py:188} INFO - [2025-12-21T07:02:28.364+0000] {dagbag.py:540} INFO - Filling up the DagBag from /home/airflow/.local/lib/python3.8/site-packages/airflow/example_dags/example_external_task_marker_dag.py
[2025-12-21T07:02:28.372+0000] {processor.py:840} INFO - DAG(s) 'example_external_task_marker_child', 'example_external_task_marker_parent' retrieved from /home/airflow/.local/lib/python3.8/site-packages/airflow/example_dags/example_external_task_marker_dag.py
[2025-12-21T07:02:28.402+0000] {logging_mixin.py:188} INFO - [2025-12-21T07:02:28.402+0000] {dag.py:3047} INFO - Sync 2 DAGs
[2025-12-21T07:02:28.415+0000] {logging_mixin.py:188} INFO - [2025-12-21T07:02:28.415+0000] {dag.py:3834} INFO - Setting next_dagrun for example_external_task_marker_child to None, run_after=None
[2025-12-21T07:02:28.420+0000] {logging_mixin.py:188} INFO - [2025-12-21T07:02:28.419+0000] {dag.py:3834} INFO - Setting next_dagrun for example_external_task_marker_parent to None, run_after=None
[2025-12-21T07:02:28.438+0000] {processor.py:183} INFO - Processing /home/airflow/.local/lib/python3.8/site-packages/airflow/example_dags/example_external_task_marker_dag.py took 0.081 seconds
[2025-12-21T07:02:59.241+0000] {processor.py:161} INFO - Started process (PID=530) to work on /home/airflow/.local/lib/python3.8/site-packages/airflow/example_dags/example_external_task_marker_dag.py
[2025-12-21T07:02:59.246+0000] {processor.py:830} INFO - Processing file /home/airflow/.local/lib/python3.8/site-packages/airflow/example_dags/example_external_task_marker_dag.py for tasks to queue
[2025-12-21T07:02:59.249+0000] {logging_mixin.py:188} INFO - [2025-12-21T07:02:59.248+0000] {dagbag.py:540} INFO - Filling up the DagBag from /home/airflow/.local/lib/python3.8/site-packages/airflow/example_dags/example_external_task_marker_dag.py
[2025-12-21T07:02:59.260+0000] {processor.py:840} INFO - DAG(s) 'example_external_task_marker_child', 'example_external_task_marker_parent' retrieved from /home/airflow/.local/lib/python3.8/site-packages/airflow/example_dags/example_external_task_marker_dag.py
[2025-12-21T07:02:59.307+0000] {logging_mixin.py:188} INFO - [2025-12-21T07:02:59.306+0000] {dag.py:3047} INFO - Sync 2 DAGs
[2025-12-21T07:02:59.330+0000] {logging_mixin.py:188} INFO - [2025-12-21T07:02:59.329+0000] {dag.py:3834} INFO - Setting next_dagrun for example_external_task_marker_child to None, run_after=None
[2025-12-21T07:02:59.335+0000] {logging_mixin.py:188} INFO - [2025-12-21T07:02:59.335+0000] {dag.py:3834} INFO - Setting next_dagrun for example_external_task_marker_parent to None, run_after=None
[2025-12-21T07:02:59.365+0000] {processor.py:183} INFO - Processing /home/airflow/.local/lib/python3.8/site-packages/airflow/example_dags/example_external_task_marker_dag.py took 0.131 seconds
[2025-12-21T07:03:30.251+0000] {processor.py:161} INFO - Started process (PID=586) to work on /home/airflow/.local/lib/python3.8/site-packages/airflow/example_dags/example_external_task_marker_dag.py
[2025-12-21T07:03:30.253+0000] {processor.py:830} INFO - Processing file /home/airflow/.local/lib/python3.8/site-packages/airflow/example_dags/example_external_task_marker_dag.py for tasks to queue
[2025-12-21T07:03:30.255+0000] {logging_mixin.py:188} INFO - [2025-12-21T07:03:30.255+0000] {dagbag.py:540} INFO - Filling up the DagBag from /home/airflow/.local/lib/python3.8/site-packages/airflow/example_dags/example_external_task_marker_dag.py
[2025-12-21T07:03:30.263+0000] {processor.py:840} INFO - DAG(s) 'example_external_task_marker_parent', 'example_external_task_marker_child' retrieved from /home/airflow/.local/lib/python3.8/site-packages/airflow/example_dags/example_external_task_marker_dag.py
[2025-12-21T07:03:30.292+0000] {logging_mixin.py:188} INFO - [2025-12-21T07:03:30.292+0000] {dag.py:3047} INFO - Sync 2 DAGs
[2025-12-21T07:03:30.307+0000] {logging_mixin.py:188} INFO - [2025-12-21T07:03:30.307+0000] {dag.py:3834} INFO - Setting next_dagrun for example_external_task_marker_child to None, run_after=None
[2025-12-21T07:03:30.312+0000] {logging_mixin.py:188} INFO - [2025-12-21T07:03:30.312+0000] {dag.py:3834} INFO - Setting next_dagrun for example_external_task_marker_parent to None, run_after=None
[2025-12-21T07:03:30.333+0000] {processor.py:183} INFO - Processing /home/airflow/.local/lib/python3.8/site-packages/airflow/example_dags/example_external_task_marker_dag.py took 0.086 seconds
[2025-12-21T07:04:00.842+0000] {processor.py:161} INFO - Started process (PID=642) to work on /home/airflow/.local/lib/python3.8/site-packages/airflow/example_dags/example_external_task_marker_dag.py
[2025-12-21T07:04:00.844+0000] {processor.py:830} INFO - Processing file /home/airflow/.local/lib/python3.8/site-packages/airflow/example_dags/example_external_task_marker_dag.py for tasks to queue
[2025-12-21T07:04:00.847+0000] {logging_mixin.py:188} INFO - [2025-12-21T07:04:00.846+0000] {dagbag.py:540} INFO - Filling up the DagBag from /home/airflow/.local/lib/python3.8/site-packages/airflow/example_dags/example_external_task_marker_dag.py
[2025-12-21T07:04:00.854+0000] {processor.py:840} INFO - DAG(s) 'example_external_task_marker_child', 'example_external_task_marker_parent' retrieved from /home/airflow/.local/lib/python3.8/site-packages/airflow/example_dags/example_external_task_marker_dag.py
[2025-12-21T07:04:00.886+0000] {logging_mixin.py:188} INFO - [2025-12-21T07:04:00.886+0000] {dag.py:3047} INFO - Sync 2 DAGs
[2025-12-21T07:04:00.901+0000] {logging_mixin.py:188} INFO - [2025-12-21T07:04:00.901+0000] {dag.py:3834} INFO - Setting next_dagrun for example_external_task_marker_child to None, run_after=None
[2025-12-21T07:04:00.905+0000] {logging_mixin.py:188} INFO - [2025-12-21T07:04:00.905+0000] {dag.py:3834} INFO - Setting next_dagrun for example_external_task_marker_parent to None, run_after=None
[2025-12-21T07:04:00.927+0000] {processor.py:183} INFO - Processing /home/airflow/.local/lib/python3.8/site-packages/airflow/example_dags/example_external_task_marker_dag.py took 0.089 seconds
[2025-12-21T07:04:31.702+0000] {processor.py:161} INFO - Started process (PID=698) to work on /home/airflow/.local/lib/python3.8/site-packages/airflow/example_dags/example_external_task_marker_dag.py
[2025-12-21T07:04:31.703+0000] {processor.py:830} INFO - Processing file /home/airflow/.local/lib/python3.8/site-packages/airflow/example_dags/example_external_task_marker_dag.py for tasks to queue
[2025-12-21T07:04:31.706+0000] {logging_mixin.py:188} INFO - [2025-12-21T07:04:31.705+0000] {dagbag.py:540} INFO - Filling up the DagBag from /home/airflow/.local/lib/python3.8/site-packages/airflow/example_dags/example_external_task_marker_dag.py
[2025-12-21T07:04:31.715+0000] {processor.py:840} INFO - DAG(s) 'example_external_task_marker_child', 'example_external_task_marker_parent' retrieved from /home/airflow/.local/lib/python3.8/site-packages/airflow/example_dags/example_external_task_marker_dag.py
[2025-12-21T07:04:31.750+0000] {logging_mixin.py:188} INFO - [2025-12-21T07:04:31.750+0000] {dag.py:3047} INFO - Sync 2 DAGs
[2025-12-21T07:04:31.769+0000] {logging_mixin.py:188} INFO - [2025-12-21T07:04:31.769+0000] {dag.py:3834} INFO - Setting next_dagrun for example_external_task_marker_child to None, run_after=None
[2025-12-21T07:04:31.775+0000] {logging_mixin.py:188} INFO - [2025-12-21T07:04:31.775+0000] {dag.py:3834} INFO - Setting next_dagrun for example_external_task_marker_parent to None, run_after=None
[2025-12-21T07:04:31.806+0000] {processor.py:183} INFO - Processing /home/airflow/.local/lib/python3.8/site-packages/airflow/example_dags/example_external_task_marker_dag.py took 0.108 seconds
[2025-12-21T07:05:02.768+0000] {processor.py:161} INFO - Started process (PID=754) to work on /home/airflow/.local/lib/python3.8/site-packages/airflow/example_dags/example_external_task_marker_dag.py
[2025-12-21T07:05:02.770+0000] {processor.py:830} INFO - Processing file /home/airflow/.local/lib/python3.8/site-packages/airflow/example_dags/example_external_task_marker_dag.py for tasks to queue
[2025-12-21T07:05:02.778+0000] {logging_mixin.py:188} INFO - [2025-12-21T07:05:02.777+0000] {dagbag.py:540} INFO - Filling up the DagBag from /home/airflow/.local/lib/python3.8/site-packages/airflow/example_dags/example_external_task_marker_dag.py
[2025-12-21T07:05:02.785+0000] {processor.py:840} INFO - DAG(s) 'example_external_task_marker_parent', 'example_external_task_marker_child' retrieved from /home/airflow/.local/lib/python3.8/site-packages/airflow/example_dags/example_external_task_marker_dag.py
[2025-12-21T07:05:02.815+0000] {logging_mixin.py:188} INFO - [2025-12-21T07:05:02.815+0000] {dag.py:3047} INFO - Sync 2 DAGs
[2025-12-21T07:05:02.830+0000] {logging_mixin.py:188} INFO - [2025-12-21T07:05:02.829+0000] {dag.py:3834} INFO - Setting next_dagrun for example_external_task_marker_child to None, run_after=None
[2025-12-21T07:05:02.834+0000] {logging_mixin.py:188} INFO - [2025-12-21T07:05:02.834+0000] {dag.py:3834} INFO - Setting next_dagrun for example_external_task_marker_parent to None, run_after=None
[2025-12-21T07:05:02.854+0000] {processor.py:183} INFO - Processing /home/airflow/.local/lib/python3.8/site-packages/airflow/example_dags/example_external_task_marker_dag.py took 0.090 seconds
[2025-12-21T07:05:33.089+0000] {processor.py:161} INFO - Started process (PID=810) to work on /home/airflow/.local/lib/python3.8/site-packages/airflow/example_dags/example_external_task_marker_dag.py
[2025-12-21T07:05:33.090+0000] {processor.py:830} INFO - Processing file /home/airflow/.local/lib/python3.8/site-packages/airflow/example_dags/example_external_task_marker_dag.py for tasks to queue
[2025-12-21T07:05:33.093+0000] {logging_mixin.py:188} INFO - [2025-12-21T07:05:33.093+0000] {dagbag.py:540} INFO - Filling up the DagBag from /home/airflow/.local/lib/python3.8/site-packages/airflow/example_dags/example_external_task_marker_dag.py
[2025-12-21T07:05:33.101+0000] {processor.py:840} INFO - DAG(s) 'example_external_task_marker_parent', 'example_external_task_marker_child' retrieved from /home/airflow/.local/lib/python3.8/site-packages/airflow/example_dags/example_external_task_marker_dag.py
[2025-12-21T07:05:33.133+0000] {logging_mixin.py:188} INFO - [2025-12-21T07:05:33.133+0000] {dag.py:3047} INFO - Sync 2 DAGs
[2025-12-21T07:05:33.153+0000] {logging_mixin.py:188} INFO - [2025-12-21T07:05:33.152+0000] {dag.py:3834} INFO - Setting next_dagrun for example_external_task_marker_child to None, run_after=None
[2025-12-21T07:05:33.157+0000] {logging_mixin.py:188} INFO - [2025-12-21T07:05:33.157+0000] {dag.py:3834} INFO - Setting next_dagrun for example_external_task_marker_parent to None, run_after=None
[2025-12-21T07:05:33.180+0000] {processor.py:183} INFO - Processing /home/airflow/.local/lib/python3.8/site-packages/airflow/example_dags/example_external_task_marker_dag.py took 0.096 seconds
[2025-12-21T07:06:03.365+0000] {processor.py:161} INFO - Started process (PID=866) to work on /home/airflow/.local/lib/python3.8/site-packages/airflow/example_dags/example_external_task_marker_dag.py
[2025-12-21T07:06:03.366+0000] {processor.py:830} INFO - Processing file /home/airflow/.local/lib/python3.8/site-packages/airflow/example_dags/example_external_task_marker_dag.py for tasks to queue
[2025-12-21T07:06:03.369+0000] {logging_mixin.py:188} INFO - [2025-12-21T07:06:03.368+0000] {dagbag.py:540} INFO - Filling up the DagBag from /home/airflow/.local/lib/python3.8/site-packages/airflow/example_dags/example_external_task_marker_dag.py
[2025-12-21T07:06:03.376+0000] {processor.py:840} INFO - DAG(s) 'example_external_task_marker_child', 'example_external_task_marker_parent' retrieved from /home/airflow/.local/lib/python3.8/site-packages/airflow/example_dags/example_external_task_marker_dag.py
[2025-12-21T07:06:03.404+0000] {logging_mixin.py:188} INFO - [2025-12-21T07:06:03.403+0000] {dag.py:3047} INFO - Sync 2 DAGs
[2025-12-21T07:06:03.417+0000] {logging_mixin.py:188} INFO - [2025-12-21T07:06:03.416+0000] {dag.py:3834} INFO - Setting next_dagrun for example_external_task_marker_child to None, run_after=None
[2025-12-21T07:06:03.421+0000] {logging_mixin.py:188} INFO - [2025-12-21T07:06:03.420+0000] {dag.py:3834} INFO - Setting next_dagrun for example_external_task_marker_parent to None, run_after=None
[2025-12-21T07:06:03.444+0000] {processor.py:183} INFO - Processing /home/airflow/.local/lib/python3.8/site-packages/airflow/example_dags/example_external_task_marker_dag.py took 0.083 seconds
[2025-12-21T07:06:34.459+0000] {processor.py:161} INFO - Started process (PID=922) to work on /home/airflow/.local/lib/python3.8/site-packages/airflow/example_dags/example_external_task_marker_dag.py
[2025-12-21T07:06:34.460+0000] {processor.py:830} INFO - Processing file /home/airflow/.local/lib/python3.8/site-packages/airflow/example_dags/example_external_task_marker_dag.py for tasks to queue
[2025-12-21T07:06:34.464+0000] {logging_mixin.py:188} INFO - [2025-12-21T07:06:34.463+0000] {dagbag.py:540} INFO - Filling up the DagBag from /home/airflow/.local/lib/python3.8/site-packages/airflow/example_dags/example_external_task_marker_dag.py
[2025-12-21T07:06:34.474+0000] {processor.py:840} INFO - DAG(s) 'example_external_task_marker_child', 'example_external_task_marker_parent' retrieved from /home/airflow/.local/lib/python3.8/site-packages/airflow/example_dags/example_external_task_marker_dag.py
[2025-12-21T07:06:34.503+0000] {logging_mixin.py:188} INFO - [2025-12-21T07:06:34.503+0000] {dag.py:3047} INFO - Sync 2 DAGs
[2025-12-21T07:06:34.517+0000] {logging_mixin.py:188} INFO - [2025-12-21T07:06:34.517+0000] {dag.py:3834} INFO - Setting next_dagrun for example_external_task_marker_child to None, run_after=None
[2025-12-21T07:06:34.522+0000] {logging_mixin.py:188} INFO - [2025-12-21T07:06:34.521+0000] {dag.py:3834} INFO - Setting next_dagrun for example_external_task_marker_parent to None, run_after=None
[2025-12-21T07:06:34.540+0000] {processor.py:183} INFO - Processing /home/airflow/.local/lib/python3.8/site-packages/airflow/example_dags/example_external_task_marker_dag.py took 0.085 seconds
[2025-12-21T07:07:04.939+0000] {processor.py:161} INFO - Started process (PID=978) to work on /home/airflow/.local/lib/python3.8/site-packages/airflow/example_dags/example_external_task_marker_dag.py
[2025-12-21T07:07:04.941+0000] {processor.py:830} INFO - Processing file /home/airflow/.local/lib/python3.8/site-packages/airflow/example_dags/example_external_task_marker_dag.py for tasks to queue
[2025-12-21T07:07:04.943+0000] {logging_mixin.py:188} INFO - [2025-12-21T07:07:04.942+0000] {dagbag.py:540} INFO - Filling up the DagBag from /home/airflow/.local/lib/python3.8/site-packages/airflow/example_dags/example_external_task_marker_dag.py
[2025-12-21T07:07:04.950+0000] {processor.py:840} INFO - DAG(s) 'example_external_task_marker_parent', 'example_external_task_marker_child' retrieved from /home/airflow/.local/lib/python3.8/site-packages/airflow/example_dags/example_external_task_marker_dag.py
[2025-12-21T07:07:04.987+0000] {logging_mixin.py:188} INFO - [2025-12-21T07:07:04.987+0000] {dag.py:3047} INFO - Sync 2 DAGs
[2025-12-21T07:07:05.011+0000] {logging_mixin.py:188} INFO - [2025-12-21T07:07:05.011+0000] {dag.py:3834} INFO - Setting next_dagrun for example_external_task_marker_child to None, run_after=None
[2025-12-21T07:07:05.016+0000] {logging_mixin.py:188} INFO - [2025-12-21T07:07:05.016+0000] {dag.py:3834} INFO - Setting next_dagrun for example_external_task_marker_parent to None, run_after=None
[2025-12-21T07:07:05.038+0000] {processor.py:183} INFO - Processing /home/airflow/.local/lib/python3.8/site-packages/airflow/example_dags/example_external_task_marker_dag.py took 0.103 seconds
[2025-12-21T07:07:35.302+0000] {processor.py:161} INFO - Started process (PID=1034) to work on /home/airflow/.local/lib/python3.8/site-packages/airflow/example_dags/example_external_task_marker_dag.py
[2025-12-21T07:07:35.303+0000] {processor.py:830} INFO - Processing file /home/airflow/.local/lib/python3.8/site-packages/airflow/example_dags/example_external_task_marker_dag.py for tasks to queue
[2025-12-21T07:07:35.305+0000] {logging_mixin.py:188} INFO - [2025-12-21T07:07:35.305+0000] {dagbag.py:540} INFO - Filling up the DagBag from /home/airflow/.local/lib/python3.8/site-packages/airflow/example_dags/example_external_task_marker_dag.py
[2025-12-21T07:07:35.314+0000] {processor.py:840} INFO - DAG(s) 'example_external_task_marker_parent', 'example_external_task_marker_child' retrieved from /home/airflow/.local/lib/python3.8/site-packages/airflow/example_dags/example_external_task_marker_dag.py
[2025-12-21T07:07:35.343+0000] {logging_mixin.py:188} INFO - [2025-12-21T07:07:35.343+0000] {dag.py:3047} INFO - Sync 2 DAGs
[2025-12-21T07:07:35.358+0000] {logging_mixin.py:188} INFO - [2025-12-21T07:07:35.358+0000] {dag.py:3834} INFO - Setting next_dagrun for example_external_task_marker_child to None, run_after=None
[2025-12-21T07:07:35.364+0000] {logging_mixin.py:188} INFO - [2025-12-21T07:07:35.363+0000] {dag.py:3834} INFO - Setting next_dagrun for example_external_task_marker_parent to None, run_after=None
[2025-12-21T07:07:35.388+0000] {processor.py:183} INFO - Processing /home/airflow/.local/lib/python3.8/site-packages/airflow/example_dags/example_external_task_marker_dag.py took 0.091 seconds
[2025-12-21T07:08:06.313+0000] {processor.py:161} INFO - Started process (PID=1090) to work on /home/airflow/.local/lib/python3.8/site-packages/airflow/example_dags/example_external_task_marker_dag.py
[2025-12-21T07:08:06.314+0000] {processor.py:830} INFO - Processing file /home/airflow/.local/lib/python3.8/site-packages/airflow/example_dags/example_external_task_marker_dag.py for tasks to queue
[2025-12-21T07:08:06.317+0000] {logging_mixin.py:188} INFO - [2025-12-21T07:08:06.317+0000] {dagbag.py:540} INFO - Filling up the DagBag from /home/airflow/.local/lib/python3.8/site-packages/airflow/example_dags/example_external_task_marker_dag.py
[2025-12-21T07:08:06.324+0000] {processor.py:840} INFO - DAG(s) 'example_external_task_marker_child', 'example_external_task_marker_parent' retrieved from /home/airflow/.local/lib/python3.8/site-packages/airflow/example_dags/example_external_task_marker_dag.py
[2025-12-21T07:08:06.352+0000] {logging_mixin.py:188} INFO - [2025-12-21T07:08:06.351+0000] {dag.py:3047} INFO - Sync 2 DAGs
[2025-12-21T07:08:06.365+0000] {logging_mixin.py:188} INFO - [2025-12-21T07:08:06.365+0000] {dag.py:3834} INFO - Setting next_dagrun for example_external_task_marker_child to None, run_after=None
[2025-12-21T07:08:06.370+0000] {logging_mixin.py:188} INFO - [2025-12-21T07:08:06.369+0000] {dag.py:3834} INFO - Setting next_dagrun for example_external_task_marker_parent to None, run_after=None
[2025-12-21T07:08:06.392+0000] {processor.py:183} INFO - Processing /home/airflow/.local/lib/python3.8/site-packages/airflow/example_dags/example_external_task_marker_dag.py took 0.085 seconds
[2025-12-21T07:08:36.540+0000] {processor.py:161} INFO - Started process (PID=1146) to work on /home/airflow/.local/lib/python3.8/site-packages/airflow/example_dags/example_external_task_marker_dag.py
[2025-12-21T07:08:36.542+0000] {processor.py:830} INFO - Processing file /home/airflow/.local/lib/python3.8/site-packages/airflow/example_dags/example_external_task_marker_dag.py for tasks to queue
[2025-12-21T07:08:36.545+0000] {logging_mixin.py:188} INFO - [2025-12-21T07:08:36.544+0000] {dagbag.py:540} INFO - Filling up the DagBag from /home/airflow/.local/lib/python3.8/site-packages/airflow/example_dags/example_external_task_marker_dag.py
[2025-12-21T07:08:36.552+0000] {processor.py:840} INFO - DAG(s) 'example_external_task_marker_parent', 'example_external_task_marker_child' retrieved from /home/airflow/.local/lib/python3.8/site-packages/airflow/example_dags/example_external_task_marker_dag.py
[2025-12-21T07:08:36.582+0000] {logging_mixin.py:188} INFO - [2025-12-21T07:08:36.582+0000] {dag.py:3047} INFO - Sync 2 DAGs
[2025-12-21T07:08:36.598+0000] {logging_mixin.py:188} INFO - [2025-12-21T07:08:36.598+0000] {dag.py:3834} INFO - Setting next_dagrun for example_external_task_marker_child to None, run_after=None
[2025-12-21T07:08:36.603+0000] {logging_mixin.py:188} INFO - [2025-12-21T07:08:36.603+0000] {dag.py:3834} INFO - Setting next_dagrun for example_external_task_marker_parent to None, run_after=None
[2025-12-21T07:08:36.627+0000] {processor.py:183} INFO - Processing /home/airflow/.local/lib/python3.8/site-packages/airflow/example_dags/example_external_task_marker_dag.py took 0.091 seconds
[2025-12-21T07:11:46.530+0000] {processor.py:161} INFO - Started process (PID=93) to work on /home/airflow/.local/lib/python3.8/site-packages/airflow/example_dags/example_external_task_marker_dag.py
[2025-12-21T07:11:46.532+0000] {processor.py:830} INFO - Processing file /home/airflow/.local/lib/python3.8/site-packages/airflow/example_dags/example_external_task_marker_dag.py for tasks to queue
[2025-12-21T07:11:46.541+0000] {logging_mixin.py:188} INFO - [2025-12-21T07:11:46.541+0000] {dagbag.py:540} INFO - Filling up the DagBag from /home/airflow/.local/lib/python3.8/site-packages/airflow/example_dags/example_external_task_marker_dag.py
[2025-12-21T07:11:46.573+0000] {processor.py:840} INFO - DAG(s) 'example_external_task_marker_child', 'example_external_task_marker_parent' retrieved from /home/airflow/.local/lib/python3.8/site-packages/airflow/example_dags/example_external_task_marker_dag.py
[2025-12-21T07:11:46.792+0000] {logging_mixin.py:188} INFO - [2025-12-21T07:11:46.791+0000] {dag.py:3047} INFO - Sync 2 DAGs
[2025-12-21T07:11:46.807+0000] {logging_mixin.py:188} INFO - [2025-12-21T07:11:46.806+0000] {dag.py:3834} INFO - Setting next_dagrun for example_external_task_marker_child to None, run_after=None
[2025-12-21T07:11:46.811+0000] {logging_mixin.py:188} INFO - [2025-12-21T07:11:46.811+0000] {dag.py:3834} INFO - Setting next_dagrun for example_external_task_marker_parent to None, run_after=None
[2025-12-21T07:11:46.853+0000] {processor.py:183} INFO - Processing /home/airflow/.local/lib/python3.8/site-packages/airflow/example_dags/example_external_task_marker_dag.py took 0.332 seconds
[2025-12-21T07:12:17.773+0000] {processor.py:161} INFO - Started process (PID=149) to work on /home/airflow/.local/lib/python3.8/site-packages/airflow/example_dags/example_external_task_marker_dag.py
[2025-12-21T07:12:17.775+0000] {processor.py:830} INFO - Processing file /home/airflow/.local/lib/python3.8/site-packages/airflow/example_dags/example_external_task_marker_dag.py for tasks to queue
[2025-12-21T07:12:17.780+0000] {logging_mixin.py:188} INFO - [2025-12-21T07:12:17.779+0000] {dagbag.py:540} INFO - Filling up the DagBag from /home/airflow/.local/lib/python3.8/site-packages/airflow/example_dags/example_external_task_marker_dag.py
[2025-12-21T07:12:17.797+0000] {processor.py:840} INFO - DAG(s) 'example_external_task_marker_parent', 'example_external_task_marker_child' retrieved from /home/airflow/.local/lib/python3.8/site-packages/airflow/example_dags/example_external_task_marker_dag.py
[2025-12-21T07:12:17.827+0000] {logging_mixin.py:188} INFO - [2025-12-21T07:12:17.826+0000] {dag.py:3047} INFO - Sync 2 DAGs
[2025-12-21T07:12:17.842+0000] {logging_mixin.py:188} INFO - [2025-12-21T07:12:17.841+0000] {dag.py:3834} INFO - Setting next_dagrun for example_external_task_marker_child to None, run_after=None
[2025-12-21T07:12:17.847+0000] {logging_mixin.py:188} INFO - [2025-12-21T07:12:17.847+0000] {dag.py:3834} INFO - Setting next_dagrun for example_external_task_marker_parent to None, run_after=None
[2025-12-21T07:12:17.867+0000] {processor.py:183} INFO - Processing /home/airflow/.local/lib/python3.8/site-packages/airflow/example_dags/example_external_task_marker_dag.py took 0.099 seconds
[2025-12-21T07:12:48.052+0000] {processor.py:161} INFO - Started process (PID=205) to work on /home/airflow/.local/lib/python3.8/site-packages/airflow/example_dags/example_external_task_marker_dag.py
[2025-12-21T07:12:48.054+0000] {processor.py:830} INFO - Processing file /home/airflow/.local/lib/python3.8/site-packages/airflow/example_dags/example_external_task_marker_dag.py for tasks to queue
[2025-12-21T07:12:48.056+0000] {logging_mixin.py:188} INFO - [2025-12-21T07:12:48.056+0000] {dagbag.py:540} INFO - Filling up the DagBag from /home/airflow/.local/lib/python3.8/site-packages/airflow/example_dags/example_external_task_marker_dag.py
[2025-12-21T07:12:48.064+0000] {processor.py:840} INFO - DAG(s) 'example_external_task_marker_parent', 'example_external_task_marker_child' retrieved from /home/airflow/.local/lib/python3.8/site-packages/airflow/example_dags/example_external_task_marker_dag.py
[2025-12-21T07:12:48.096+0000] {logging_mixin.py:188} INFO - [2025-12-21T07:12:48.096+0000] {dag.py:3047} INFO - Sync 2 DAGs
[2025-12-21T07:12:48.111+0000] {logging_mixin.py:188} INFO - [2025-12-21T07:12:48.111+0000] {dag.py:3834} INFO - Setting next_dagrun for example_external_task_marker_child to None, run_after=None
[2025-12-21T07:12:48.117+0000] {logging_mixin.py:188} INFO - [2025-12-21T07:12:48.117+0000] {dag.py:3834} INFO - Setting next_dagrun for example_external_task_marker_parent to None, run_after=None
[2025-12-21T07:12:48.145+0000] {processor.py:183} INFO - Processing /home/airflow/.local/lib/python3.8/site-packages/airflow/example_dags/example_external_task_marker_dag.py took 0.097 seconds
[2025-12-21T07:13:18.327+0000] {processor.py:161} INFO - Started process (PID=261) to work on /home/airflow/.local/lib/python3.8/site-packages/airflow/example_dags/example_external_task_marker_dag.py
[2025-12-21T07:13:18.332+0000] {processor.py:830} INFO - Processing file /home/airflow/.local/lib/python3.8/site-packages/airflow/example_dags/example_external_task_marker_dag.py for tasks to queue
[2025-12-21T07:13:18.335+0000] {logging_mixin.py:188} INFO - [2025-12-21T07:13:18.334+0000] {dagbag.py:540} INFO - Filling up the DagBag from /home/airflow/.local/lib/python3.8/site-packages/airflow/example_dags/example_external_task_marker_dag.py
[2025-12-21T07:13:18.343+0000] {processor.py:840} INFO - DAG(s) 'example_external_task_marker_child', 'example_external_task_marker_parent' retrieved from /home/airflow/.local/lib/python3.8/site-packages/airflow/example_dags/example_external_task_marker_dag.py
[2025-12-21T07:13:18.378+0000] {logging_mixin.py:188} INFO - [2025-12-21T07:13:18.378+0000] {dag.py:3047} INFO - Sync 2 DAGs
[2025-12-21T07:13:18.395+0000] {logging_mixin.py:188} INFO - [2025-12-21T07:13:18.395+0000] {dag.py:3834} INFO - Setting next_dagrun for example_external_task_marker_child to None, run_after=None
[2025-12-21T07:13:18.401+0000] {logging_mixin.py:188} INFO - [2025-12-21T07:13:18.400+0000] {dag.py:3834} INFO - Setting next_dagrun for example_external_task_marker_parent to None, run_after=None
[2025-12-21T07:13:18.420+0000] {processor.py:183} INFO - Processing /home/airflow/.local/lib/python3.8/site-packages/airflow/example_dags/example_external_task_marker_dag.py took 0.098 seconds
[2025-12-21T07:13:49.038+0000] {processor.py:161} INFO - Started process (PID=317) to work on /home/airflow/.local/lib/python3.8/site-packages/airflow/example_dags/example_external_task_marker_dag.py
[2025-12-21T07:13:49.039+0000] {processor.py:830} INFO - Processing file /home/airflow/.local/lib/python3.8/site-packages/airflow/example_dags/example_external_task_marker_dag.py for tasks to queue
[2025-12-21T07:13:49.043+0000] {logging_mixin.py:188} INFO - [2025-12-21T07:13:49.042+0000] {dagbag.py:540} INFO - Filling up the DagBag from /home/airflow/.local/lib/python3.8/site-packages/airflow/example_dags/example_external_task_marker_dag.py
[2025-12-21T07:13:49.054+0000] {processor.py:840} INFO - DAG(s) 'example_external_task_marker_parent', 'example_external_task_marker_child' retrieved from /home/airflow/.local/lib/python3.8/site-packages/airflow/example_dags/example_external_task_marker_dag.py
[2025-12-21T07:13:49.087+0000] {logging_mixin.py:188} INFO - [2025-12-21T07:13:49.087+0000] {dag.py:3047} INFO - Sync 2 DAGs
[2025-12-21T07:13:49.103+0000] {logging_mixin.py:188} INFO - [2025-12-21T07:13:49.102+0000] {dag.py:3834} INFO - Setting next_dagrun for example_external_task_marker_child to None, run_after=None
[2025-12-21T07:13:49.108+0000] {logging_mixin.py:188} INFO - [2025-12-21T07:13:49.108+0000] {dag.py:3834} INFO - Setting next_dagrun for example_external_task_marker_parent to None, run_after=None
[2025-12-21T07:13:49.132+0000] {processor.py:183} INFO - Processing /home/airflow/.local/lib/python3.8/site-packages/airflow/example_dags/example_external_task_marker_dag.py took 0.099 seconds
[2025-12-21T07:14:19.706+0000] {processor.py:161} INFO - Started process (PID=373) to work on /home/airflow/.local/lib/python3.8/site-packages/airflow/example_dags/example_external_task_marker_dag.py
[2025-12-21T07:14:19.707+0000] {processor.py:830} INFO - Processing file /home/airflow/.local/lib/python3.8/site-packages/airflow/example_dags/example_external_task_marker_dag.py for tasks to queue
[2025-12-21T07:14:19.709+0000] {logging_mixin.py:188} INFO - [2025-12-21T07:14:19.709+0000] {dagbag.py:540} INFO - Filling up the DagBag from /home/airflow/.local/lib/python3.8/site-packages/airflow/example_dags/example_external_task_marker_dag.py
[2025-12-21T07:14:19.715+0000] {processor.py:840} INFO - DAG(s) 'example_external_task_marker_child', 'example_external_task_marker_parent' retrieved from /home/airflow/.local/lib/python3.8/site-packages/airflow/example_dags/example_external_task_marker_dag.py
[2025-12-21T07:14:19.740+0000] {logging_mixin.py:188} INFO - [2025-12-21T07:14:19.740+0000] {dag.py:3047} INFO - Sync 2 DAGs
[2025-12-21T07:14:19.754+0000] {logging_mixin.py:188} INFO - [2025-12-21T07:14:19.753+0000] {dag.py:3834} INFO - Setting next_dagrun for example_external_task_marker_child to None, run_after=None
[2025-12-21T07:14:19.757+0000] {logging_mixin.py:188} INFO - [2025-12-21T07:14:19.757+0000] {dag.py:3834} INFO - Setting next_dagrun for example_external_task_marker_parent to None, run_after=None
[2025-12-21T07:14:19.774+0000] {processor.py:183} INFO - Processing /home/airflow/.local/lib/python3.8/site-packages/airflow/example_dags/example_external_task_marker_dag.py took 0.071 seconds
[2025-12-21T07:14:50.563+0000] {processor.py:161} INFO - Started process (PID=429) to work on /home/airflow/.local/lib/python3.8/site-packages/airflow/example_dags/example_external_task_marker_dag.py
[2025-12-21T07:14:50.564+0000] {processor.py:830} INFO - Processing file /home/airflow/.local/lib/python3.8/site-packages/airflow/example_dags/example_external_task_marker_dag.py for tasks to queue
[2025-12-21T07:14:50.566+0000] {logging_mixin.py:188} INFO - [2025-12-21T07:14:50.566+0000] {dagbag.py:540} INFO - Filling up the DagBag from /home/airflow/.local/lib/python3.8/site-packages/airflow/example_dags/example_external_task_marker_dag.py
[2025-12-21T07:14:50.574+0000] {processor.py:840} INFO - DAG(s) 'example_external_task_marker_parent', 'example_external_task_marker_child' retrieved from /home/airflow/.local/lib/python3.8/site-packages/airflow/example_dags/example_external_task_marker_dag.py
[2025-12-21T07:14:50.601+0000] {logging_mixin.py:188} INFO - [2025-12-21T07:14:50.601+0000] {dag.py:3047} INFO - Sync 2 DAGs
[2025-12-21T07:14:50.615+0000] {logging_mixin.py:188} INFO - [2025-12-21T07:14:50.614+0000] {dag.py:3834} INFO - Setting next_dagrun for example_external_task_marker_child to None, run_after=None
[2025-12-21T07:14:50.619+0000] {logging_mixin.py:188} INFO - [2025-12-21T07:14:50.619+0000] {dag.py:3834} INFO - Setting next_dagrun for example_external_task_marker_parent to None, run_after=None
[2025-12-21T07:14:50.645+0000] {processor.py:183} INFO - Processing /home/airflow/.local/lib/python3.8/site-packages/airflow/example_dags/example_external_task_marker_dag.py took 0.086 seconds
[2025-12-21T07:15:20.757+0000] {processor.py:161} INFO - Started process (PID=485) to work on /home/airflow/.local/lib/python3.8/site-packages/airflow/example_dags/example_external_task_marker_dag.py
[2025-12-21T07:15:20.759+0000] {processor.py:830} INFO - Processing file /home/airflow/.local/lib/python3.8/site-packages/airflow/example_dags/example_external_task_marker_dag.py for tasks to queue
[2025-12-21T07:15:20.761+0000] {logging_mixin.py:188} INFO - [2025-12-21T07:15:20.760+0000] {dagbag.py:540} INFO - Filling up the DagBag from /home/airflow/.local/lib/python3.8/site-packages/airflow/example_dags/example_external_task_marker_dag.py
[2025-12-21T07:15:20.768+0000] {processor.py:840} INFO - DAG(s) 'example_external_task_marker_child', 'example_external_task_marker_parent' retrieved from /home/airflow/.local/lib/python3.8/site-packages/airflow/example_dags/example_external_task_marker_dag.py
[2025-12-21T07:15:20.791+0000] {logging_mixin.py:188} INFO - [2025-12-21T07:15:20.791+0000] {dag.py:3047} INFO - Sync 2 DAGs
[2025-12-21T07:15:20.802+0000] {logging_mixin.py:188} INFO - [2025-12-21T07:15:20.802+0000] {dag.py:3834} INFO - Setting next_dagrun for example_external_task_marker_child to None, run_after=None
[2025-12-21T07:15:20.806+0000] {logging_mixin.py:188} INFO - [2025-12-21T07:15:20.806+0000] {dag.py:3834} INFO - Setting next_dagrun for example_external_task_marker_parent to None, run_after=None
[2025-12-21T07:15:20.824+0000] {processor.py:183} INFO - Processing /home/airflow/.local/lib/python3.8/site-packages/airflow/example_dags/example_external_task_marker_dag.py took 0.070 seconds
[2025-12-21T07:15:51.043+0000] {processor.py:161} INFO - Started process (PID=541) to work on /home/airflow/.local/lib/python3.8/site-packages/airflow/example_dags/example_external_task_marker_dag.py
[2025-12-21T07:15:51.044+0000] {processor.py:830} INFO - Processing file /home/airflow/.local/lib/python3.8/site-packages/airflow/example_dags/example_external_task_marker_dag.py for tasks to queue
[2025-12-21T07:15:51.046+0000] {logging_mixin.py:188} INFO - [2025-12-21T07:15:51.046+0000] {dagbag.py:540} INFO - Filling up the DagBag from /home/airflow/.local/lib/python3.8/site-packages/airflow/example_dags/example_external_task_marker_dag.py
[2025-12-21T07:15:51.053+0000] {processor.py:840} INFO - DAG(s) 'example_external_task_marker_child', 'example_external_task_marker_parent' retrieved from /home/airflow/.local/lib/python3.8/site-packages/airflow/example_dags/example_external_task_marker_dag.py
[2025-12-21T07:15:51.076+0000] {logging_mixin.py:188} INFO - [2025-12-21T07:15:51.076+0000] {dag.py:3047} INFO - Sync 2 DAGs
[2025-12-21T07:15:51.088+0000] {logging_mixin.py:188} INFO - [2025-12-21T07:15:51.087+0000] {dag.py:3834} INFO - Setting next_dagrun for example_external_task_marker_child to None, run_after=None
[2025-12-21T07:15:51.092+0000] {logging_mixin.py:188} INFO - [2025-12-21T07:15:51.092+0000] {dag.py:3834} INFO - Setting next_dagrun for example_external_task_marker_parent to None, run_after=None
[2025-12-21T07:15:51.110+0000] {processor.py:183} INFO - Processing /home/airflow/.local/lib/python3.8/site-packages/airflow/example_dags/example_external_task_marker_dag.py took 0.070 seconds
[2025-12-21T07:16:21.404+0000] {processor.py:161} INFO - Started process (PID=597) to work on /home/airflow/.local/lib/python3.8/site-packages/airflow/example_dags/example_external_task_marker_dag.py
[2025-12-21T07:16:21.406+0000] {processor.py:830} INFO - Processing file /home/airflow/.local/lib/python3.8/site-packages/airflow/example_dags/example_external_task_marker_dag.py for tasks to queue
[2025-12-21T07:16:21.410+0000] {logging_mixin.py:188} INFO - [2025-12-21T07:16:21.409+0000] {dagbag.py:540} INFO - Filling up the DagBag from /home/airflow/.local/lib/python3.8/site-packages/airflow/example_dags/example_external_task_marker_dag.py
[2025-12-21T07:16:21.419+0000] {processor.py:840} INFO - DAG(s) 'example_external_task_marker_child', 'example_external_task_marker_parent' retrieved from /home/airflow/.local/lib/python3.8/site-packages/airflow/example_dags/example_external_task_marker_dag.py
[2025-12-21T07:16:21.452+0000] {logging_mixin.py:188} INFO - [2025-12-21T07:16:21.452+0000] {dag.py:3047} INFO - Sync 2 DAGs
[2025-12-21T07:16:21.469+0000] {logging_mixin.py:188} INFO - [2025-12-21T07:16:21.469+0000] {dag.py:3834} INFO - Setting next_dagrun for example_external_task_marker_child to None, run_after=None
[2025-12-21T07:16:21.475+0000] {logging_mixin.py:188} INFO - [2025-12-21T07:16:21.475+0000] {dag.py:3834} INFO - Setting next_dagrun for example_external_task_marker_parent to None, run_after=None
[2025-12-21T07:16:21.502+0000] {processor.py:183} INFO - Processing /home/airflow/.local/lib/python3.8/site-packages/airflow/example_dags/example_external_task_marker_dag.py took 0.103 seconds
[2025-12-21T07:16:52.203+0000] {processor.py:161} INFO - Started process (PID=653) to work on /home/airflow/.local/lib/python3.8/site-packages/airflow/example_dags/example_external_task_marker_dag.py
[2025-12-21T07:16:52.205+0000] {processor.py:830} INFO - Processing file /home/airflow/.local/lib/python3.8/site-packages/airflow/example_dags/example_external_task_marker_dag.py for tasks to queue
[2025-12-21T07:16:52.208+0000] {logging_mixin.py:188} INFO - [2025-12-21T07:16:52.208+0000] {dagbag.py:540} INFO - Filling up the DagBag from /home/airflow/.local/lib/python3.8/site-packages/airflow/example_dags/example_external_task_marker_dag.py
[2025-12-21T07:16:52.217+0000] {processor.py:840} INFO - DAG(s) 'example_external_task_marker_child', 'example_external_task_marker_parent' retrieved from /home/airflow/.local/lib/python3.8/site-packages/airflow/example_dags/example_external_task_marker_dag.py
[2025-12-21T07:16:52.252+0000] {logging_mixin.py:188} INFO - [2025-12-21T07:16:52.252+0000] {dag.py:3047} INFO - Sync 2 DAGs
[2025-12-21T07:16:52.269+0000] {logging_mixin.py:188} INFO - [2025-12-21T07:16:52.269+0000] {dag.py:3834} INFO - Setting next_dagrun for example_external_task_marker_child to None, run_after=None
[2025-12-21T07:16:52.274+0000] {logging_mixin.py:188} INFO - [2025-12-21T07:16:52.273+0000] {dag.py:3834} INFO - Setting next_dagrun for example_external_task_marker_parent to None, run_after=None
[2025-12-21T07:16:52.300+0000] {processor.py:183} INFO - Processing /home/airflow/.local/lib/python3.8/site-packages/airflow/example_dags/example_external_task_marker_dag.py took 0.101 seconds
[2025-12-21T07:17:22.492+0000] {processor.py:161} INFO - Started process (PID=709) to work on /home/airflow/.local/lib/python3.8/site-packages/airflow/example_dags/example_external_task_marker_dag.py
[2025-12-21T07:17:22.494+0000] {processor.py:830} INFO - Processing file /home/airflow/.local/lib/python3.8/site-packages/airflow/example_dags/example_external_task_marker_dag.py for tasks to queue
[2025-12-21T07:17:22.496+0000] {logging_mixin.py:188} INFO - [2025-12-21T07:17:22.496+0000] {dagbag.py:540} INFO - Filling up the DagBag from /home/airflow/.local/lib/python3.8/site-packages/airflow/example_dags/example_external_task_marker_dag.py
[2025-12-21T07:17:22.502+0000] {processor.py:840} INFO - DAG(s) 'example_external_task_marker_child', 'example_external_task_marker_parent' retrieved from /home/airflow/.local/lib/python3.8/site-packages/airflow/example_dags/example_external_task_marker_dag.py
[2025-12-21T07:17:22.530+0000] {logging_mixin.py:188} INFO - [2025-12-21T07:17:22.530+0000] {dag.py:3047} INFO - Sync 2 DAGs
[2025-12-21T07:17:22.543+0000] {logging_mixin.py:188} INFO - [2025-12-21T07:17:22.543+0000] {dag.py:3834} INFO - Setting next_dagrun for example_external_task_marker_child to None, run_after=None
[2025-12-21T07:17:22.548+0000] {logging_mixin.py:188} INFO - [2025-12-21T07:17:22.548+0000] {dag.py:3834} INFO - Setting next_dagrun for example_external_task_marker_parent to None, run_after=None
[2025-12-21T07:17:22.569+0000] {processor.py:183} INFO - Processing /home/airflow/.local/lib/python3.8/site-packages/airflow/example_dags/example_external_task_marker_dag.py took 0.080 seconds
[2025-12-21T07:17:52.643+0000] {processor.py:161} INFO - Started process (PID=766) to work on /home/airflow/.local/lib/python3.8/site-packages/airflow/example_dags/example_external_task_marker_dag.py
[2025-12-21T07:17:52.644+0000] {processor.py:830} INFO - Processing file /home/airflow/.local/lib/python3.8/site-packages/airflow/example_dags/example_external_task_marker_dag.py for tasks to queue
[2025-12-21T07:17:52.646+0000] {logging_mixin.py:188} INFO - [2025-12-21T07:17:52.646+0000] {dagbag.py:540} INFO - Filling up the DagBag from /home/airflow/.local/lib/python3.8/site-packages/airflow/example_dags/example_external_task_marker_dag.py
[2025-12-21T07:17:52.653+0000] {processor.py:840} INFO - DAG(s) 'example_external_task_marker_parent', 'example_external_task_marker_child' retrieved from /home/airflow/.local/lib/python3.8/site-packages/airflow/example_dags/example_external_task_marker_dag.py
[2025-12-21T07:17:52.680+0000] {logging_mixin.py:188} INFO - [2025-12-21T07:17:52.679+0000] {dag.py:3047} INFO - Sync 2 DAGs
[2025-12-21T07:17:52.694+0000] {logging_mixin.py:188} INFO - [2025-12-21T07:17:52.694+0000] {dag.py:3834} INFO - Setting next_dagrun for example_external_task_marker_child to None, run_after=None
[2025-12-21T07:17:52.698+0000] {logging_mixin.py:188} INFO - [2025-12-21T07:17:52.698+0000] {dag.py:3834} INFO - Setting next_dagrun for example_external_task_marker_parent to None, run_after=None
[2025-12-21T07:17:52.717+0000] {processor.py:183} INFO - Processing /home/airflow/.local/lib/python3.8/site-packages/airflow/example_dags/example_external_task_marker_dag.py took 0.078 seconds
[2025-12-21T07:18:23.399+0000] {processor.py:161} INFO - Started process (PID=822) to work on /home/airflow/.local/lib/python3.8/site-packages/airflow/example_dags/example_external_task_marker_dag.py
[2025-12-21T07:18:23.401+0000] {processor.py:830} INFO - Processing file /home/airflow/.local/lib/python3.8/site-packages/airflow/example_dags/example_external_task_marker_dag.py for tasks to queue
[2025-12-21T07:18:23.404+0000] {logging_mixin.py:188} INFO - [2025-12-21T07:18:23.404+0000] {dagbag.py:540} INFO - Filling up the DagBag from /home/airflow/.local/lib/python3.8/site-packages/airflow/example_dags/example_external_task_marker_dag.py
[2025-12-21T07:18:23.413+0000] {processor.py:840} INFO - DAG(s) 'example_external_task_marker_child', 'example_external_task_marker_parent' retrieved from /home/airflow/.local/lib/python3.8/site-packages/airflow/example_dags/example_external_task_marker_dag.py
[2025-12-21T07:18:23.445+0000] {logging_mixin.py:188} INFO - [2025-12-21T07:18:23.444+0000] {dag.py:3047} INFO - Sync 2 DAGs
[2025-12-21T07:18:23.461+0000] {logging_mixin.py:188} INFO - [2025-12-21T07:18:23.460+0000] {dag.py:3834} INFO - Setting next_dagrun for example_external_task_marker_child to None, run_after=None
[2025-12-21T07:18:23.465+0000] {logging_mixin.py:188} INFO - [2025-12-21T07:18:23.465+0000] {dag.py:3834} INFO - Setting next_dagrun for example_external_task_marker_parent to None, run_after=None
[2025-12-21T07:18:23.487+0000] {processor.py:183} INFO - Processing /home/airflow/.local/lib/python3.8/site-packages/airflow/example_dags/example_external_task_marker_dag.py took 0.093 seconds
[2025-12-21T07:18:54.391+0000] {processor.py:161} INFO - Started process (PID=878) to work on /home/airflow/.local/lib/python3.8/site-packages/airflow/example_dags/example_external_task_marker_dag.py
[2025-12-21T07:18:54.392+0000] {processor.py:830} INFO - Processing file /home/airflow/.local/lib/python3.8/site-packages/airflow/example_dags/example_external_task_marker_dag.py for tasks to queue
[2025-12-21T07:18:54.397+0000] {logging_mixin.py:188} INFO - [2025-12-21T07:18:54.396+0000] {dagbag.py:540} INFO - Filling up the DagBag from /home/airflow/.local/lib/python3.8/site-packages/airflow/example_dags/example_external_task_marker_dag.py
[2025-12-21T07:18:54.409+0000] {processor.py:840} INFO - DAG(s) 'example_external_task_marker_child', 'example_external_task_marker_parent' retrieved from /home/airflow/.local/lib/python3.8/site-packages/airflow/example_dags/example_external_task_marker_dag.py
[2025-12-21T07:18:54.443+0000] {logging_mixin.py:188} INFO - [2025-12-21T07:18:54.442+0000] {dag.py:3047} INFO - Sync 2 DAGs
[2025-12-21T07:18:54.461+0000] {logging_mixin.py:188} INFO - [2025-12-21T07:18:54.460+0000] {dag.py:3834} INFO - Setting next_dagrun for example_external_task_marker_child to None, run_after=None
[2025-12-21T07:18:54.466+0000] {logging_mixin.py:188} INFO - [2025-12-21T07:18:54.466+0000] {dag.py:3834} INFO - Setting next_dagrun for example_external_task_marker_parent to None, run_after=None
[2025-12-21T07:18:54.488+0000] {processor.py:183} INFO - Processing /home/airflow/.local/lib/python3.8/site-packages/airflow/example_dags/example_external_task_marker_dag.py took 0.102 seconds
[2025-12-21T07:19:26.904+0000] {processor.py:161} INFO - Started process (PID=934) to work on /home/airflow/.local/lib/python3.8/site-packages/airflow/example_dags/example_external_task_marker_dag.py
[2025-12-21T07:19:26.905+0000] {processor.py:830} INFO - Processing file /home/airflow/.local/lib/python3.8/site-packages/airflow/example_dags/example_external_task_marker_dag.py for tasks to queue
[2025-12-21T07:19:26.907+0000] {logging_mixin.py:188} INFO - [2025-12-21T07:19:26.907+0000] {dagbag.py:540} INFO - Filling up the DagBag from /home/airflow/.local/lib/python3.8/site-packages/airflow/example_dags/example_external_task_marker_dag.py
[2025-12-21T07:19:26.914+0000] {processor.py:840} INFO - DAG(s) 'example_external_task_marker_child', 'example_external_task_marker_parent' retrieved from /home/airflow/.local/lib/python3.8/site-packages/airflow/example_dags/example_external_task_marker_dag.py
[2025-12-21T07:19:26.944+0000] {logging_mixin.py:188} INFO - [2025-12-21T07:19:26.943+0000] {dag.py:3047} INFO - Sync 2 DAGs
[2025-12-21T07:19:26.963+0000] {logging_mixin.py:188} INFO - [2025-12-21T07:19:26.963+0000] {dag.py:3834} INFO - Setting next_dagrun for example_external_task_marker_child to None, run_after=None
[2025-12-21T07:19:26.969+0000] {logging_mixin.py:188} INFO - [2025-12-21T07:19:26.969+0000] {dag.py:3834} INFO - Setting next_dagrun for example_external_task_marker_parent to None, run_after=None
[2025-12-21T07:19:26.995+0000] {processor.py:183} INFO - Processing /home/airflow/.local/lib/python3.8/site-packages/airflow/example_dags/example_external_task_marker_dag.py took 0.095 seconds
[2025-12-21T07:19:57.965+0000] {processor.py:161} INFO - Started process (PID=991) to work on /home/airflow/.local/lib/python3.8/site-packages/airflow/example_dags/example_external_task_marker_dag.py
[2025-12-21T07:19:57.968+0000] {processor.py:830} INFO - Processing file /home/airflow/.local/lib/python3.8/site-packages/airflow/example_dags/example_external_task_marker_dag.py for tasks to queue
[2025-12-21T07:19:57.972+0000] {logging_mixin.py:188} INFO - [2025-12-21T07:19:57.971+0000] {dagbag.py:540} INFO - Filling up the DagBag from /home/airflow/.local/lib/python3.8/site-packages/airflow/example_dags/example_external_task_marker_dag.py
[2025-12-21T07:19:57.982+0000] {processor.py:840} INFO - DAG(s) 'example_external_task_marker_child', 'example_external_task_marker_parent' retrieved from /home/airflow/.local/lib/python3.8/site-packages/airflow/example_dags/example_external_task_marker_dag.py
[2025-12-21T07:19:58.045+0000] {logging_mixin.py:188} INFO - [2025-12-21T07:19:58.044+0000] {dag.py:3047} INFO - Sync 2 DAGs
[2025-12-21T07:19:58.070+0000] {logging_mixin.py:188} INFO - [2025-12-21T07:19:58.069+0000] {dag.py:3834} INFO - Setting next_dagrun for example_external_task_marker_child to None, run_after=None
[2025-12-21T07:19:58.081+0000] {logging_mixin.py:188} INFO - [2025-12-21T07:19:58.081+0000] {dag.py:3834} INFO - Setting next_dagrun for example_external_task_marker_parent to None, run_after=None
[2025-12-21T07:19:58.111+0000] {processor.py:183} INFO - Processing /home/airflow/.local/lib/python3.8/site-packages/airflow/example_dags/example_external_task_marker_dag.py took 0.152 seconds
[2025-12-21T07:20:41.528+0000] {processor.py:161} INFO - Started process (PID=82) to work on /home/airflow/.local/lib/python3.8/site-packages/airflow/example_dags/example_external_task_marker_dag.py
[2025-12-21T07:20:41.530+0000] {processor.py:830} INFO - Processing file /home/airflow/.local/lib/python3.8/site-packages/airflow/example_dags/example_external_task_marker_dag.py for tasks to queue
[2025-12-21T07:20:41.533+0000] {logging_mixin.py:188} INFO - [2025-12-21T07:20:41.532+0000] {dagbag.py:540} INFO - Filling up the DagBag from /home/airflow/.local/lib/python3.8/site-packages/airflow/example_dags/example_external_task_marker_dag.py
[2025-12-21T07:20:41.540+0000] {processor.py:840} INFO - DAG(s) 'example_external_task_marker_child', 'example_external_task_marker_parent' retrieved from /home/airflow/.local/lib/python3.8/site-packages/airflow/example_dags/example_external_task_marker_dag.py
[2025-12-21T07:20:41.567+0000] {logging_mixin.py:188} INFO - [2025-12-21T07:20:41.566+0000] {dag.py:3047} INFO - Sync 2 DAGs
[2025-12-21T07:20:41.580+0000] {logging_mixin.py:188} INFO - [2025-12-21T07:20:41.580+0000] {dag.py:3834} INFO - Setting next_dagrun for example_external_task_marker_child to None, run_after=None
[2025-12-21T07:20:41.584+0000] {logging_mixin.py:188} INFO - [2025-12-21T07:20:41.584+0000] {dag.py:3834} INFO - Setting next_dagrun for example_external_task_marker_parent to None, run_after=None
[2025-12-21T07:20:41.604+0000] {processor.py:183} INFO - Processing /home/airflow/.local/lib/python3.8/site-packages/airflow/example_dags/example_external_task_marker_dag.py took 0.081 seconds
[2025-12-21T07:21:11.785+0000] {processor.py:161} INFO - Started process (PID=138) to work on /home/airflow/.local/lib/python3.8/site-packages/airflow/example_dags/example_external_task_marker_dag.py
[2025-12-21T07:21:11.787+0000] {processor.py:830} INFO - Processing file /home/airflow/.local/lib/python3.8/site-packages/airflow/example_dags/example_external_task_marker_dag.py for tasks to queue
[2025-12-21T07:21:11.790+0000] {logging_mixin.py:188} INFO - [2025-12-21T07:21:11.789+0000] {dagbag.py:540} INFO - Filling up the DagBag from /home/airflow/.local/lib/python3.8/site-packages/airflow/example_dags/example_external_task_marker_dag.py
[2025-12-21T07:21:11.800+0000] {processor.py:840} INFO - DAG(s) 'example_external_task_marker_parent', 'example_external_task_marker_child' retrieved from /home/airflow/.local/lib/python3.8/site-packages/airflow/example_dags/example_external_task_marker_dag.py
[2025-12-21T07:21:11.830+0000] {logging_mixin.py:188} INFO - [2025-12-21T07:21:11.829+0000] {dag.py:3047} INFO - Sync 2 DAGs
[2025-12-21T07:21:11.847+0000] {logging_mixin.py:188} INFO - [2025-12-21T07:21:11.846+0000] {dag.py:3834} INFO - Setting next_dagrun for example_external_task_marker_child to None, run_after=None
[2025-12-21T07:21:11.853+0000] {logging_mixin.py:188} INFO - [2025-12-21T07:21:11.852+0000] {dag.py:3834} INFO - Setting next_dagrun for example_external_task_marker_parent to None, run_after=None
[2025-12-21T07:21:11.880+0000] {processor.py:183} INFO - Processing /home/airflow/.local/lib/python3.8/site-packages/airflow/example_dags/example_external_task_marker_dag.py took 0.101 seconds
[2025-12-21T07:22:22.697+0000] {processor.py:161} INFO - Started process (PID=95) to work on /home/airflow/.local/lib/python3.8/site-packages/airflow/example_dags/example_external_task_marker_dag.py
[2025-12-21T07:22:22.703+0000] {processor.py:830} INFO - Processing file /home/airflow/.local/lib/python3.8/site-packages/airflow/example_dags/example_external_task_marker_dag.py for tasks to queue
[2025-12-21T07:22:22.705+0000] {logging_mixin.py:188} INFO - [2025-12-21T07:22:22.705+0000] {dagbag.py:540} INFO - Filling up the DagBag from /home/airflow/.local/lib/python3.8/site-packages/airflow/example_dags/example_external_task_marker_dag.py
[2025-12-21T07:22:22.715+0000] {processor.py:840} INFO - DAG(s) 'example_external_task_marker_parent', 'example_external_task_marker_child' retrieved from /home/airflow/.local/lib/python3.8/site-packages/airflow/example_dags/example_external_task_marker_dag.py
[2025-12-21T07:22:22.731+0000] {logging_mixin.py:188} INFO - [2025-12-21T07:22:22.731+0000] {dag.py:3047} INFO - Sync 2 DAGs
[2025-12-21T07:22:22.749+0000] {logging_mixin.py:188} INFO - [2025-12-21T07:22:22.748+0000] {dag.py:3834} INFO - Setting next_dagrun for example_external_task_marker_child to None, run_after=None
[2025-12-21T07:22:22.753+0000] {logging_mixin.py:188} INFO - [2025-12-21T07:22:22.753+0000] {dag.py:3834} INFO - Setting next_dagrun for example_external_task_marker_parent to None, run_after=None
[2025-12-21T07:22:22.786+0000] {processor.py:183} INFO - Processing /home/airflow/.local/lib/python3.8/site-packages/airflow/example_dags/example_external_task_marker_dag.py took 0.098 seconds
[2025-12-21T07:22:54.246+0000] {processor.py:161} INFO - Started process (PID=152) to work on /home/airflow/.local/lib/python3.8/site-packages/airflow/example_dags/example_external_task_marker_dag.py
[2025-12-21T07:22:54.248+0000] {processor.py:830} INFO - Processing file /home/airflow/.local/lib/python3.8/site-packages/airflow/example_dags/example_external_task_marker_dag.py for tasks to queue
[2025-12-21T07:22:54.252+0000] {logging_mixin.py:188} INFO - [2025-12-21T07:22:54.251+0000] {dagbag.py:540} INFO - Filling up the DagBag from /home/airflow/.local/lib/python3.8/site-packages/airflow/example_dags/example_external_task_marker_dag.py
[2025-12-21T07:22:54.263+0000] {processor.py:840} INFO - DAG(s) 'example_external_task_marker_parent', 'example_external_task_marker_child' retrieved from /home/airflow/.local/lib/python3.8/site-packages/airflow/example_dags/example_external_task_marker_dag.py
[2025-12-21T07:22:54.376+0000] {logging_mixin.py:188} INFO - [2025-12-21T07:22:54.375+0000] {dag.py:3047} INFO - Sync 2 DAGs
[2025-12-21T07:22:54.387+0000] {logging_mixin.py:188} INFO - [2025-12-21T07:22:54.387+0000] {dag.py:3834} INFO - Setting next_dagrun for example_external_task_marker_child to None, run_after=None
[2025-12-21T07:22:54.391+0000] {logging_mixin.py:188} INFO - [2025-12-21T07:22:54.390+0000] {dag.py:3834} INFO - Setting next_dagrun for example_external_task_marker_parent to None, run_after=None
[2025-12-21T07:22:54.414+0000] {processor.py:183} INFO - Processing /home/airflow/.local/lib/python3.8/site-packages/airflow/example_dags/example_external_task_marker_dag.py took 0.177 seconds
[2025-12-21T07:28:33.780+0000] {processor.py:161} INFO - Started process (PID=97) to work on /home/airflow/.local/lib/python3.8/site-packages/airflow/example_dags/example_external_task_marker_dag.py
[2025-12-21T07:28:33.782+0000] {processor.py:830} INFO - Processing file /home/airflow/.local/lib/python3.8/site-packages/airflow/example_dags/example_external_task_marker_dag.py for tasks to queue
[2025-12-21T07:28:33.788+0000] {logging_mixin.py:188} INFO - [2025-12-21T07:28:33.788+0000] {dagbag.py:540} INFO - Filling up the DagBag from /home/airflow/.local/lib/python3.8/site-packages/airflow/example_dags/example_external_task_marker_dag.py
[2025-12-21T07:28:33.802+0000] {processor.py:840} INFO - DAG(s) 'example_external_task_marker_parent', 'example_external_task_marker_child' retrieved from /home/airflow/.local/lib/python3.8/site-packages/airflow/example_dags/example_external_task_marker_dag.py
[2025-12-21T07:28:33.843+0000] {logging_mixin.py:188} INFO - [2025-12-21T07:28:33.842+0000] {dag.py:3047} INFO - Sync 2 DAGs
[2025-12-21T07:28:33.883+0000] {logging_mixin.py:188} INFO - [2025-12-21T07:28:33.883+0000] {dag.py:3834} INFO - Setting next_dagrun for example_external_task_marker_child to None, run_after=None
[2025-12-21T07:28:33.895+0000] {logging_mixin.py:188} INFO - [2025-12-21T07:28:33.894+0000] {dag.py:3834} INFO - Setting next_dagrun for example_external_task_marker_parent to None, run_after=None
[2025-12-21T07:28:33.992+0000] {processor.py:183} INFO - Processing /home/airflow/.local/lib/python3.8/site-packages/airflow/example_dags/example_external_task_marker_dag.py took 0.226 seconds
[2025-12-21T07:29:04.156+0000] {processor.py:161} INFO - Started process (PID=153) to work on /home/airflow/.local/lib/python3.8/site-packages/airflow/example_dags/example_external_task_marker_dag.py
[2025-12-21T07:29:04.157+0000] {processor.py:830} INFO - Processing file /home/airflow/.local/lib/python3.8/site-packages/airflow/example_dags/example_external_task_marker_dag.py for tasks to queue
[2025-12-21T07:29:04.160+0000] {logging_mixin.py:188} INFO - [2025-12-21T07:29:04.160+0000] {dagbag.py:540} INFO - Filling up the DagBag from /home/airflow/.local/lib/python3.8/site-packages/airflow/example_dags/example_external_task_marker_dag.py
[2025-12-21T07:29:04.168+0000] {processor.py:840} INFO - DAG(s) 'example_external_task_marker_child', 'example_external_task_marker_parent' retrieved from /home/airflow/.local/lib/python3.8/site-packages/airflow/example_dags/example_external_task_marker_dag.py
[2025-12-21T07:29:04.289+0000] {logging_mixin.py:188} INFO - [2025-12-21T07:29:04.288+0000] {dag.py:3047} INFO - Sync 2 DAGs
[2025-12-21T07:29:04.300+0000] {logging_mixin.py:188} INFO - [2025-12-21T07:29:04.300+0000] {dag.py:3834} INFO - Setting next_dagrun for example_external_task_marker_child to None, run_after=None
[2025-12-21T07:29:04.304+0000] {logging_mixin.py:188} INFO - [2025-12-21T07:29:04.303+0000] {dag.py:3834} INFO - Setting next_dagrun for example_external_task_marker_parent to None, run_after=None
[2025-12-21T07:29:04.331+0000] {processor.py:183} INFO - Processing /home/airflow/.local/lib/python3.8/site-packages/airflow/example_dags/example_external_task_marker_dag.py took 0.179 seconds
[2025-12-21T07:29:34.517+0000] {processor.py:161} INFO - Started process (PID=209) to work on /home/airflow/.local/lib/python3.8/site-packages/airflow/example_dags/example_external_task_marker_dag.py
[2025-12-21T07:29:34.519+0000] {processor.py:830} INFO - Processing file /home/airflow/.local/lib/python3.8/site-packages/airflow/example_dags/example_external_task_marker_dag.py for tasks to queue
[2025-12-21T07:29:34.523+0000] {logging_mixin.py:188} INFO - [2025-12-21T07:29:34.522+0000] {dagbag.py:540} INFO - Filling up the DagBag from /home/airflow/.local/lib/python3.8/site-packages/airflow/example_dags/example_external_task_marker_dag.py
[2025-12-21T07:29:34.532+0000] {processor.py:840} INFO - DAG(s) 'example_external_task_marker_child', 'example_external_task_marker_parent' retrieved from /home/airflow/.local/lib/python3.8/site-packages/airflow/example_dags/example_external_task_marker_dag.py
[2025-12-21T07:29:34.565+0000] {logging_mixin.py:188} INFO - [2025-12-21T07:29:34.564+0000] {dag.py:3047} INFO - Sync 2 DAGs
[2025-12-21T07:29:34.581+0000] {logging_mixin.py:188} INFO - [2025-12-21T07:29:34.580+0000] {dag.py:3834} INFO - Setting next_dagrun for example_external_task_marker_child to None, run_after=None
[2025-12-21T07:29:34.586+0000] {logging_mixin.py:188} INFO - [2025-12-21T07:29:34.585+0000] {dag.py:3834} INFO - Setting next_dagrun for example_external_task_marker_parent to None, run_after=None
[2025-12-21T07:29:34.611+0000] {processor.py:183} INFO - Processing /home/airflow/.local/lib/python3.8/site-packages/airflow/example_dags/example_external_task_marker_dag.py took 0.100 seconds
[2025-12-21T07:30:04.704+0000] {processor.py:161} INFO - Started process (PID=264) to work on /home/airflow/.local/lib/python3.8/site-packages/airflow/example_dags/example_external_task_marker_dag.py
[2025-12-21T07:30:04.706+0000] {processor.py:830} INFO - Processing file /home/airflow/.local/lib/python3.8/site-packages/airflow/example_dags/example_external_task_marker_dag.py for tasks to queue
[2025-12-21T07:30:04.715+0000] {logging_mixin.py:188} INFO - [2025-12-21T07:30:04.714+0000] {dagbag.py:540} INFO - Filling up the DagBag from /home/airflow/.local/lib/python3.8/site-packages/airflow/example_dags/example_external_task_marker_dag.py
[2025-12-21T07:30:04.725+0000] {processor.py:840} INFO - DAG(s) 'example_external_task_marker_child', 'example_external_task_marker_parent' retrieved from /home/airflow/.local/lib/python3.8/site-packages/airflow/example_dags/example_external_task_marker_dag.py
[2025-12-21T07:30:04.755+0000] {logging_mixin.py:188} INFO - [2025-12-21T07:30:04.754+0000] {dag.py:3047} INFO - Sync 2 DAGs
[2025-12-21T07:30:04.769+0000] {logging_mixin.py:188} INFO - [2025-12-21T07:30:04.768+0000] {dag.py:3834} INFO - Setting next_dagrun for example_external_task_marker_child to None, run_after=None
[2025-12-21T07:30:04.773+0000] {logging_mixin.py:188} INFO - [2025-12-21T07:30:04.773+0000] {dag.py:3834} INFO - Setting next_dagrun for example_external_task_marker_parent to None, run_after=None
[2025-12-21T07:30:04.793+0000] {processor.py:183} INFO - Processing /home/airflow/.local/lib/python3.8/site-packages/airflow/example_dags/example_external_task_marker_dag.py took 0.093 seconds
[2025-12-21T07:30:35.072+0000] {processor.py:161} INFO - Started process (PID=320) to work on /home/airflow/.local/lib/python3.8/site-packages/airflow/example_dags/example_external_task_marker_dag.py
[2025-12-21T07:30:35.074+0000] {processor.py:830} INFO - Processing file /home/airflow/.local/lib/python3.8/site-packages/airflow/example_dags/example_external_task_marker_dag.py for tasks to queue
[2025-12-21T07:30:35.076+0000] {logging_mixin.py:188} INFO - [2025-12-21T07:30:35.076+0000] {dagbag.py:540} INFO - Filling up the DagBag from /home/airflow/.local/lib/python3.8/site-packages/airflow/example_dags/example_external_task_marker_dag.py
[2025-12-21T07:30:35.088+0000] {processor.py:840} INFO - DAG(s) 'example_external_task_marker_parent', 'example_external_task_marker_child' retrieved from /home/airflow/.local/lib/python3.8/site-packages/airflow/example_dags/example_external_task_marker_dag.py
[2025-12-21T07:30:35.120+0000] {logging_mixin.py:188} INFO - [2025-12-21T07:30:35.119+0000] {dag.py:3047} INFO - Sync 2 DAGs
[2025-12-21T07:30:35.135+0000] {logging_mixin.py:188} INFO - [2025-12-21T07:30:35.134+0000] {dag.py:3834} INFO - Setting next_dagrun for example_external_task_marker_child to None, run_after=None
[2025-12-21T07:30:35.139+0000] {logging_mixin.py:188} INFO - [2025-12-21T07:30:35.139+0000] {dag.py:3834} INFO - Setting next_dagrun for example_external_task_marker_parent to None, run_after=None
[2025-12-21T07:30:35.161+0000] {processor.py:183} INFO - Processing /home/airflow/.local/lib/python3.8/site-packages/airflow/example_dags/example_external_task_marker_dag.py took 0.094 seconds
[2025-12-21T07:31:05.348+0000] {processor.py:161} INFO - Started process (PID=376) to work on /home/airflow/.local/lib/python3.8/site-packages/airflow/example_dags/example_external_task_marker_dag.py
[2025-12-21T07:31:05.350+0000] {processor.py:830} INFO - Processing file /home/airflow/.local/lib/python3.8/site-packages/airflow/example_dags/example_external_task_marker_dag.py for tasks to queue
[2025-12-21T07:31:05.357+0000] {logging_mixin.py:188} INFO - [2025-12-21T07:31:05.356+0000] {dagbag.py:540} INFO - Filling up the DagBag from /home/airflow/.local/lib/python3.8/site-packages/airflow/example_dags/example_external_task_marker_dag.py
[2025-12-21T07:31:05.364+0000] {processor.py:840} INFO - DAG(s) 'example_external_task_marker_parent', 'example_external_task_marker_child' retrieved from /home/airflow/.local/lib/python3.8/site-packages/airflow/example_dags/example_external_task_marker_dag.py
[2025-12-21T07:31:05.390+0000] {logging_mixin.py:188} INFO - [2025-12-21T07:31:05.389+0000] {dag.py:3047} INFO - Sync 2 DAGs
[2025-12-21T07:31:05.403+0000] {logging_mixin.py:188} INFO - [2025-12-21T07:31:05.402+0000] {dag.py:3834} INFO - Setting next_dagrun for example_external_task_marker_child to None, run_after=None
[2025-12-21T07:31:05.407+0000] {logging_mixin.py:188} INFO - [2025-12-21T07:31:05.407+0000] {dag.py:3834} INFO - Setting next_dagrun for example_external_task_marker_parent to None, run_after=None
[2025-12-21T07:31:05.427+0000] {processor.py:183} INFO - Processing /home/airflow/.local/lib/python3.8/site-packages/airflow/example_dags/example_external_task_marker_dag.py took 0.083 seconds
[2025-12-21T07:31:35.567+0000] {processor.py:161} INFO - Started process (PID=432) to work on /home/airflow/.local/lib/python3.8/site-packages/airflow/example_dags/example_external_task_marker_dag.py
[2025-12-21T07:31:35.569+0000] {processor.py:830} INFO - Processing file /home/airflow/.local/lib/python3.8/site-packages/airflow/example_dags/example_external_task_marker_dag.py for tasks to queue
[2025-12-21T07:31:35.571+0000] {logging_mixin.py:188} INFO - [2025-12-21T07:31:35.571+0000] {dagbag.py:540} INFO - Filling up the DagBag from /home/airflow/.local/lib/python3.8/site-packages/airflow/example_dags/example_external_task_marker_dag.py
[2025-12-21T07:31:35.577+0000] {processor.py:840} INFO - DAG(s) 'example_external_task_marker_child', 'example_external_task_marker_parent' retrieved from /home/airflow/.local/lib/python3.8/site-packages/airflow/example_dags/example_external_task_marker_dag.py
[2025-12-21T07:31:35.604+0000] {logging_mixin.py:188} INFO - [2025-12-21T07:31:35.604+0000] {dag.py:3047} INFO - Sync 2 DAGs
[2025-12-21T07:31:35.617+0000] {logging_mixin.py:188} INFO - [2025-12-21T07:31:35.617+0000] {dag.py:3834} INFO - Setting next_dagrun for example_external_task_marker_child to None, run_after=None
[2025-12-21T07:31:35.621+0000] {logging_mixin.py:188} INFO - [2025-12-21T07:31:35.621+0000] {dag.py:3834} INFO - Setting next_dagrun for example_external_task_marker_parent to None, run_after=None
[2025-12-21T07:31:35.638+0000] {processor.py:183} INFO - Processing /home/airflow/.local/lib/python3.8/site-packages/airflow/example_dags/example_external_task_marker_dag.py took 0.075 seconds
