[2025-12-21T06:58:36.548+0000] {processor.py:161} INFO - Started process (PID=61) to work on /home/airflow/.local/lib/python3.8/site-packages/airflow/example_dags/example_bash_operator.py
[2025-12-21T06:58:36.551+0000] {processor.py:830} INFO - Processing file /home/airflow/.local/lib/python3.8/site-packages/airflow/example_dags/example_bash_operator.py for tasks to queue
[2025-12-21T06:58:36.554+0000] {logging_mixin.py:188} INFO - [2025-12-21T06:58:36.553+0000] {dagbag.py:540} INFO - Filling up the DagBag from /home/airflow/.local/lib/python3.8/site-packages/airflow/example_dags/example_bash_operator.py
[2025-12-21T06:58:36.575+0000] {processor.py:840} INFO - DAG(s) 'example_bash_operator' retrieved from /home/airflow/.local/lib/python3.8/site-packages/airflow/example_dags/example_bash_operator.py
[2025-12-21T06:58:36.596+0000] {logging_mixin.py:188} INFO - [2025-12-21T06:58:36.596+0000] {dag.py:3047} INFO - Sync 1 DAGs
[2025-12-21T06:58:36.639+0000] {logging_mixin.py:188} INFO - [2025-12-21T06:58:36.635+0000] {dag.py:3834} INFO - Setting next_dagrun for example_bash_operator to 2025-12-20 00:00:00+00:00, run_after=2025-12-21 00:00:00+00:00
[2025-12-21T06:58:36.679+0000] {processor.py:183} INFO - Processing /home/airflow/.local/lib/python3.8/site-packages/airflow/example_dags/example_bash_operator.py took 0.136 seconds
[2025-12-21T06:58:52.052+0000] {processor.py:161} INFO - Started process (PID=57) to work on /home/airflow/.local/lib/python3.8/site-packages/airflow/example_dags/example_bash_operator.py
[2025-12-21T06:58:52.054+0000] {processor.py:830} INFO - Processing file /home/airflow/.local/lib/python3.8/site-packages/airflow/example_dags/example_bash_operator.py for tasks to queue
[2025-12-21T06:58:52.056+0000] {logging_mixin.py:188} INFO - [2025-12-21T06:58:52.056+0000] {dagbag.py:540} INFO - Filling up the DagBag from /home/airflow/.local/lib/python3.8/site-packages/airflow/example_dags/example_bash_operator.py
[2025-12-21T06:58:52.067+0000] {processor.py:840} INFO - DAG(s) 'example_bash_operator' retrieved from /home/airflow/.local/lib/python3.8/site-packages/airflow/example_dags/example_bash_operator.py
[2025-12-21T06:58:52.174+0000] {logging_mixin.py:188} INFO - [2025-12-21T06:58:52.173+0000] {dag.py:3047} INFO - Sync 1 DAGs
[2025-12-21T06:58:52.193+0000] {logging_mixin.py:188} INFO - [2025-12-21T06:58:52.192+0000] {dag.py:3834} INFO - Setting next_dagrun for example_bash_operator to 2025-12-20 00:00:00+00:00, run_after=2025-12-21 00:00:00+00:00
[2025-12-21T06:58:52.216+0000] {processor.py:183} INFO - Processing /home/airflow/.local/lib/python3.8/site-packages/airflow/example_dags/example_bash_operator.py took 0.167 seconds
[2025-12-21T06:59:23.250+0000] {processor.py:161} INFO - Started process (PID=113) to work on /home/airflow/.local/lib/python3.8/site-packages/airflow/example_dags/example_bash_operator.py
[2025-12-21T06:59:23.251+0000] {processor.py:830} INFO - Processing file /home/airflow/.local/lib/python3.8/site-packages/airflow/example_dags/example_bash_operator.py for tasks to queue
[2025-12-21T06:59:23.254+0000] {logging_mixin.py:188} INFO - [2025-12-21T06:59:23.253+0000] {dagbag.py:540} INFO - Filling up the DagBag from /home/airflow/.local/lib/python3.8/site-packages/airflow/example_dags/example_bash_operator.py
[2025-12-21T06:59:23.267+0000] {processor.py:840} INFO - DAG(s) 'example_bash_operator' retrieved from /home/airflow/.local/lib/python3.8/site-packages/airflow/example_dags/example_bash_operator.py
[2025-12-21T06:59:23.302+0000] {logging_mixin.py:188} INFO - [2025-12-21T06:59:23.301+0000] {dag.py:3047} INFO - Sync 1 DAGs
[2025-12-21T06:59:23.326+0000] {logging_mixin.py:188} INFO - [2025-12-21T06:59:23.326+0000] {dag.py:3834} INFO - Setting next_dagrun for example_bash_operator to 2025-12-20 00:00:00+00:00, run_after=2025-12-21 00:00:00+00:00
[2025-12-21T06:59:23.351+0000] {processor.py:183} INFO - Processing /home/airflow/.local/lib/python3.8/site-packages/airflow/example_dags/example_bash_operator.py took 0.105 seconds
[2025-12-21T06:59:53.504+0000] {processor.py:161} INFO - Started process (PID=169) to work on /home/airflow/.local/lib/python3.8/site-packages/airflow/example_dags/example_bash_operator.py
[2025-12-21T06:59:53.506+0000] {processor.py:830} INFO - Processing file /home/airflow/.local/lib/python3.8/site-packages/airflow/example_dags/example_bash_operator.py for tasks to queue
[2025-12-21T06:59:53.508+0000] {logging_mixin.py:188} INFO - [2025-12-21T06:59:53.508+0000] {dagbag.py:540} INFO - Filling up the DagBag from /home/airflow/.local/lib/python3.8/site-packages/airflow/example_dags/example_bash_operator.py
[2025-12-21T06:59:53.520+0000] {processor.py:840} INFO - DAG(s) 'example_bash_operator' retrieved from /home/airflow/.local/lib/python3.8/site-packages/airflow/example_dags/example_bash_operator.py
[2025-12-21T06:59:53.550+0000] {logging_mixin.py:188} INFO - [2025-12-21T06:59:53.550+0000] {dag.py:3047} INFO - Sync 1 DAGs
[2025-12-21T06:59:53.574+0000] {logging_mixin.py:188} INFO - [2025-12-21T06:59:53.574+0000] {dag.py:3834} INFO - Setting next_dagrun for example_bash_operator to 2025-12-20 00:00:00+00:00, run_after=2025-12-21 00:00:00+00:00
[2025-12-21T06:59:53.599+0000] {processor.py:183} INFO - Processing /home/airflow/.local/lib/python3.8/site-packages/airflow/example_dags/example_bash_operator.py took 0.098 seconds
[2025-12-21T07:00:23.687+0000] {processor.py:161} INFO - Started process (PID=225) to work on /home/airflow/.local/lib/python3.8/site-packages/airflow/example_dags/example_bash_operator.py
[2025-12-21T07:00:23.688+0000] {processor.py:830} INFO - Processing file /home/airflow/.local/lib/python3.8/site-packages/airflow/example_dags/example_bash_operator.py for tasks to queue
[2025-12-21T07:00:23.691+0000] {logging_mixin.py:188} INFO - [2025-12-21T07:00:23.691+0000] {dagbag.py:540} INFO - Filling up the DagBag from /home/airflow/.local/lib/python3.8/site-packages/airflow/example_dags/example_bash_operator.py
[2025-12-21T07:00:23.704+0000] {processor.py:840} INFO - DAG(s) 'example_bash_operator' retrieved from /home/airflow/.local/lib/python3.8/site-packages/airflow/example_dags/example_bash_operator.py
[2025-12-21T07:00:23.735+0000] {logging_mixin.py:188} INFO - [2025-12-21T07:00:23.735+0000] {dag.py:3047} INFO - Sync 1 DAGs
[2025-12-21T07:00:23.765+0000] {logging_mixin.py:188} INFO - [2025-12-21T07:00:23.765+0000] {dag.py:3834} INFO - Setting next_dagrun for example_bash_operator to 2025-12-20 00:00:00+00:00, run_after=2025-12-21 00:00:00+00:00
[2025-12-21T07:00:23.796+0000] {processor.py:183} INFO - Processing /home/airflow/.local/lib/python3.8/site-packages/airflow/example_dags/example_bash_operator.py took 0.113 seconds
[2025-12-21T07:00:54.102+0000] {processor.py:161} INFO - Started process (PID=280) to work on /home/airflow/.local/lib/python3.8/site-packages/airflow/example_dags/example_bash_operator.py
[2025-12-21T07:00:54.104+0000] {processor.py:830} INFO - Processing file /home/airflow/.local/lib/python3.8/site-packages/airflow/example_dags/example_bash_operator.py for tasks to queue
[2025-12-21T07:00:54.106+0000] {logging_mixin.py:188} INFO - [2025-12-21T07:00:54.106+0000] {dagbag.py:540} INFO - Filling up the DagBag from /home/airflow/.local/lib/python3.8/site-packages/airflow/example_dags/example_bash_operator.py
[2025-12-21T07:00:54.118+0000] {processor.py:840} INFO - DAG(s) 'example_bash_operator' retrieved from /home/airflow/.local/lib/python3.8/site-packages/airflow/example_dags/example_bash_operator.py
[2025-12-21T07:00:54.150+0000] {logging_mixin.py:188} INFO - [2025-12-21T07:00:54.150+0000] {dag.py:3047} INFO - Sync 1 DAGs
[2025-12-21T07:00:54.175+0000] {logging_mixin.py:188} INFO - [2025-12-21T07:00:54.174+0000] {dag.py:3834} INFO - Setting next_dagrun for example_bash_operator to 2025-12-20 00:00:00+00:00, run_after=2025-12-21 00:00:00+00:00
[2025-12-21T07:00:54.201+0000] {processor.py:183} INFO - Processing /home/airflow/.local/lib/python3.8/site-packages/airflow/example_dags/example_bash_operator.py took 0.102 seconds
[2025-12-21T07:01:24.423+0000] {processor.py:161} INFO - Started process (PID=336) to work on /home/airflow/.local/lib/python3.8/site-packages/airflow/example_dags/example_bash_operator.py
[2025-12-21T07:01:24.425+0000] {processor.py:830} INFO - Processing file /home/airflow/.local/lib/python3.8/site-packages/airflow/example_dags/example_bash_operator.py for tasks to queue
[2025-12-21T07:01:24.427+0000] {logging_mixin.py:188} INFO - [2025-12-21T07:01:24.427+0000] {dagbag.py:540} INFO - Filling up the DagBag from /home/airflow/.local/lib/python3.8/site-packages/airflow/example_dags/example_bash_operator.py
[2025-12-21T07:01:24.441+0000] {processor.py:840} INFO - DAG(s) 'example_bash_operator' retrieved from /home/airflow/.local/lib/python3.8/site-packages/airflow/example_dags/example_bash_operator.py
[2025-12-21T07:01:24.475+0000] {logging_mixin.py:188} INFO - [2025-12-21T07:01:24.475+0000] {dag.py:3047} INFO - Sync 1 DAGs
[2025-12-21T07:01:24.501+0000] {logging_mixin.py:188} INFO - [2025-12-21T07:01:24.500+0000] {dag.py:3834} INFO - Setting next_dagrun for example_bash_operator to 2025-12-20 00:00:00+00:00, run_after=2025-12-21 00:00:00+00:00
[2025-12-21T07:01:24.525+0000] {processor.py:183} INFO - Processing /home/airflow/.local/lib/python3.8/site-packages/airflow/example_dags/example_bash_operator.py took 0.106 seconds
[2025-12-21T07:01:54.647+0000] {processor.py:161} INFO - Started process (PID=392) to work on /home/airflow/.local/lib/python3.8/site-packages/airflow/example_dags/example_bash_operator.py
[2025-12-21T07:01:54.649+0000] {processor.py:830} INFO - Processing file /home/airflow/.local/lib/python3.8/site-packages/airflow/example_dags/example_bash_operator.py for tasks to queue
[2025-12-21T07:01:54.652+0000] {logging_mixin.py:188} INFO - [2025-12-21T07:01:54.651+0000] {dagbag.py:540} INFO - Filling up the DagBag from /home/airflow/.local/lib/python3.8/site-packages/airflow/example_dags/example_bash_operator.py
[2025-12-21T07:01:54.665+0000] {processor.py:840} INFO - DAG(s) 'example_bash_operator' retrieved from /home/airflow/.local/lib/python3.8/site-packages/airflow/example_dags/example_bash_operator.py
[2025-12-21T07:01:54.698+0000] {logging_mixin.py:188} INFO - [2025-12-21T07:01:54.698+0000] {dag.py:3047} INFO - Sync 1 DAGs
[2025-12-21T07:01:54.723+0000] {logging_mixin.py:188} INFO - [2025-12-21T07:01:54.723+0000] {dag.py:3834} INFO - Setting next_dagrun for example_bash_operator to 2025-12-20 00:00:00+00:00, run_after=2025-12-21 00:00:00+00:00
[2025-12-21T07:01:54.744+0000] {processor.py:183} INFO - Processing /home/airflow/.local/lib/python3.8/site-packages/airflow/example_dags/example_bash_operator.py took 0.101 seconds
[2025-12-21T07:02:24.890+0000] {processor.py:161} INFO - Started process (PID=448) to work on /home/airflow/.local/lib/python3.8/site-packages/airflow/example_dags/example_bash_operator.py
[2025-12-21T07:02:24.891+0000] {processor.py:830} INFO - Processing file /home/airflow/.local/lib/python3.8/site-packages/airflow/example_dags/example_bash_operator.py for tasks to queue
[2025-12-21T07:02:24.894+0000] {logging_mixin.py:188} INFO - [2025-12-21T07:02:24.894+0000] {dagbag.py:540} INFO - Filling up the DagBag from /home/airflow/.local/lib/python3.8/site-packages/airflow/example_dags/example_bash_operator.py
[2025-12-21T07:02:24.906+0000] {processor.py:840} INFO - DAG(s) 'example_bash_operator' retrieved from /home/airflow/.local/lib/python3.8/site-packages/airflow/example_dags/example_bash_operator.py
[2025-12-21T07:02:24.937+0000] {logging_mixin.py:188} INFO - [2025-12-21T07:02:24.937+0000] {dag.py:3047} INFO - Sync 1 DAGs
[2025-12-21T07:02:24.959+0000] {logging_mixin.py:188} INFO - [2025-12-21T07:02:24.959+0000] {dag.py:3834} INFO - Setting next_dagrun for example_bash_operator to 2025-12-20 00:00:00+00:00, run_after=2025-12-21 00:00:00+00:00
[2025-12-21T07:02:24.985+0000] {processor.py:183} INFO - Processing /home/airflow/.local/lib/python3.8/site-packages/airflow/example_dags/example_bash_operator.py took 0.098 seconds
[2025-12-21T07:02:55.269+0000] {processor.py:161} INFO - Started process (PID=504) to work on /home/airflow/.local/lib/python3.8/site-packages/airflow/example_dags/example_bash_operator.py
[2025-12-21T07:02:55.271+0000] {processor.py:830} INFO - Processing file /home/airflow/.local/lib/python3.8/site-packages/airflow/example_dags/example_bash_operator.py for tasks to queue
[2025-12-21T07:02:55.274+0000] {logging_mixin.py:188} INFO - [2025-12-21T07:02:55.273+0000] {dagbag.py:540} INFO - Filling up the DagBag from /home/airflow/.local/lib/python3.8/site-packages/airflow/example_dags/example_bash_operator.py
[2025-12-21T07:02:55.287+0000] {processor.py:840} INFO - DAG(s) 'example_bash_operator' retrieved from /home/airflow/.local/lib/python3.8/site-packages/airflow/example_dags/example_bash_operator.py
[2025-12-21T07:02:55.329+0000] {logging_mixin.py:188} INFO - [2025-12-21T07:02:55.328+0000] {dag.py:3047} INFO - Sync 1 DAGs
[2025-12-21T07:02:55.381+0000] {logging_mixin.py:188} INFO - [2025-12-21T07:02:55.380+0000] {dag.py:3834} INFO - Setting next_dagrun for example_bash_operator to 2025-12-20 00:00:00+00:00, run_after=2025-12-21 00:00:00+00:00
[2025-12-21T07:02:55.415+0000] {processor.py:183} INFO - Processing /home/airflow/.local/lib/python3.8/site-packages/airflow/example_dags/example_bash_operator.py took 0.150 seconds
[2025-12-21T07:03:25.768+0000] {processor.py:161} INFO - Started process (PID=560) to work on /home/airflow/.local/lib/python3.8/site-packages/airflow/example_dags/example_bash_operator.py
[2025-12-21T07:03:25.770+0000] {processor.py:830} INFO - Processing file /home/airflow/.local/lib/python3.8/site-packages/airflow/example_dags/example_bash_operator.py for tasks to queue
[2025-12-21T07:03:25.772+0000] {logging_mixin.py:188} INFO - [2025-12-21T07:03:25.772+0000] {dagbag.py:540} INFO - Filling up the DagBag from /home/airflow/.local/lib/python3.8/site-packages/airflow/example_dags/example_bash_operator.py
[2025-12-21T07:03:25.785+0000] {processor.py:840} INFO - DAG(s) 'example_bash_operator' retrieved from /home/airflow/.local/lib/python3.8/site-packages/airflow/example_dags/example_bash_operator.py
[2025-12-21T07:03:25.818+0000] {logging_mixin.py:188} INFO - [2025-12-21T07:03:25.818+0000] {dag.py:3047} INFO - Sync 1 DAGs
[2025-12-21T07:03:25.844+0000] {logging_mixin.py:188} INFO - [2025-12-21T07:03:25.844+0000] {dag.py:3834} INFO - Setting next_dagrun for example_bash_operator to 2025-12-20 00:00:00+00:00, run_after=2025-12-21 00:00:00+00:00
[2025-12-21T07:03:25.868+0000] {processor.py:183} INFO - Processing /home/airflow/.local/lib/python3.8/site-packages/airflow/example_dags/example_bash_operator.py took 0.103 seconds
[2025-12-21T07:03:56.463+0000] {processor.py:161} INFO - Started process (PID=616) to work on /home/airflow/.local/lib/python3.8/site-packages/airflow/example_dags/example_bash_operator.py
[2025-12-21T07:03:56.465+0000] {processor.py:830} INFO - Processing file /home/airflow/.local/lib/python3.8/site-packages/airflow/example_dags/example_bash_operator.py for tasks to queue
[2025-12-21T07:03:56.467+0000] {logging_mixin.py:188} INFO - [2025-12-21T07:03:56.467+0000] {dagbag.py:540} INFO - Filling up the DagBag from /home/airflow/.local/lib/python3.8/site-packages/airflow/example_dags/example_bash_operator.py
[2025-12-21T07:03:56.479+0000] {processor.py:840} INFO - DAG(s) 'example_bash_operator' retrieved from /home/airflow/.local/lib/python3.8/site-packages/airflow/example_dags/example_bash_operator.py
[2025-12-21T07:03:56.510+0000] {logging_mixin.py:188} INFO - [2025-12-21T07:03:56.510+0000] {dag.py:3047} INFO - Sync 1 DAGs
[2025-12-21T07:03:56.536+0000] {logging_mixin.py:188} INFO - [2025-12-21T07:03:56.536+0000] {dag.py:3834} INFO - Setting next_dagrun for example_bash_operator to 2025-12-20 00:00:00+00:00, run_after=2025-12-21 00:00:00+00:00
[2025-12-21T07:03:56.560+0000] {processor.py:183} INFO - Processing /home/airflow/.local/lib/python3.8/site-packages/airflow/example_dags/example_bash_operator.py took 0.100 seconds
[2025-12-21T07:04:27.257+0000] {processor.py:161} INFO - Started process (PID=672) to work on /home/airflow/.local/lib/python3.8/site-packages/airflow/example_dags/example_bash_operator.py
[2025-12-21T07:04:27.259+0000] {processor.py:830} INFO - Processing file /home/airflow/.local/lib/python3.8/site-packages/airflow/example_dags/example_bash_operator.py for tasks to queue
[2025-12-21T07:04:27.261+0000] {logging_mixin.py:188} INFO - [2025-12-21T07:04:27.261+0000] {dagbag.py:540} INFO - Filling up the DagBag from /home/airflow/.local/lib/python3.8/site-packages/airflow/example_dags/example_bash_operator.py
[2025-12-21T07:04:27.274+0000] {processor.py:840} INFO - DAG(s) 'example_bash_operator' retrieved from /home/airflow/.local/lib/python3.8/site-packages/airflow/example_dags/example_bash_operator.py
[2025-12-21T07:04:27.309+0000] {logging_mixin.py:188} INFO - [2025-12-21T07:04:27.308+0000] {dag.py:3047} INFO - Sync 1 DAGs
[2025-12-21T07:04:27.335+0000] {logging_mixin.py:188} INFO - [2025-12-21T07:04:27.335+0000] {dag.py:3834} INFO - Setting next_dagrun for example_bash_operator to 2025-12-20 00:00:00+00:00, run_after=2025-12-21 00:00:00+00:00
[2025-12-21T07:04:27.361+0000] {processor.py:183} INFO - Processing /home/airflow/.local/lib/python3.8/site-packages/airflow/example_dags/example_bash_operator.py took 0.109 seconds
[2025-12-21T07:04:57.618+0000] {processor.py:161} INFO - Started process (PID=728) to work on /home/airflow/.local/lib/python3.8/site-packages/airflow/example_dags/example_bash_operator.py
[2025-12-21T07:04:57.619+0000] {processor.py:830} INFO - Processing file /home/airflow/.local/lib/python3.8/site-packages/airflow/example_dags/example_bash_operator.py for tasks to queue
[2025-12-21T07:04:57.621+0000] {logging_mixin.py:188} INFO - [2025-12-21T07:04:57.621+0000] {dagbag.py:540} INFO - Filling up the DagBag from /home/airflow/.local/lib/python3.8/site-packages/airflow/example_dags/example_bash_operator.py
[2025-12-21T07:04:57.633+0000] {processor.py:840} INFO - DAG(s) 'example_bash_operator' retrieved from /home/airflow/.local/lib/python3.8/site-packages/airflow/example_dags/example_bash_operator.py
[2025-12-21T07:04:57.663+0000] {logging_mixin.py:188} INFO - [2025-12-21T07:04:57.662+0000] {dag.py:3047} INFO - Sync 1 DAGs
[2025-12-21T07:04:57.684+0000] {logging_mixin.py:188} INFO - [2025-12-21T07:04:57.684+0000] {dag.py:3834} INFO - Setting next_dagrun for example_bash_operator to 2025-12-20 00:00:00+00:00, run_after=2025-12-21 00:00:00+00:00
[2025-12-21T07:04:57.705+0000] {processor.py:183} INFO - Processing /home/airflow/.local/lib/python3.8/site-packages/airflow/example_dags/example_bash_operator.py took 0.091 seconds
[2025-12-21T07:05:28.095+0000] {processor.py:161} INFO - Started process (PID=784) to work on /home/airflow/.local/lib/python3.8/site-packages/airflow/example_dags/example_bash_operator.py
[2025-12-21T07:05:28.097+0000] {processor.py:830} INFO - Processing file /home/airflow/.local/lib/python3.8/site-packages/airflow/example_dags/example_bash_operator.py for tasks to queue
[2025-12-21T07:05:28.101+0000] {logging_mixin.py:188} INFO - [2025-12-21T07:05:28.100+0000] {dagbag.py:540} INFO - Filling up the DagBag from /home/airflow/.local/lib/python3.8/site-packages/airflow/example_dags/example_bash_operator.py
[2025-12-21T07:05:28.115+0000] {processor.py:840} INFO - DAG(s) 'example_bash_operator' retrieved from /home/airflow/.local/lib/python3.8/site-packages/airflow/example_dags/example_bash_operator.py
[2025-12-21T07:05:28.152+0000] {logging_mixin.py:188} INFO - [2025-12-21T07:05:28.152+0000] {dag.py:3047} INFO - Sync 1 DAGs
[2025-12-21T07:05:28.185+0000] {logging_mixin.py:188} INFO - [2025-12-21T07:05:28.185+0000] {dag.py:3834} INFO - Setting next_dagrun for example_bash_operator to 2025-12-20 00:00:00+00:00, run_after=2025-12-21 00:00:00+00:00
[2025-12-21T07:05:28.213+0000] {processor.py:183} INFO - Processing /home/airflow/.local/lib/python3.8/site-packages/airflow/example_dags/example_bash_operator.py took 0.122 seconds
[2025-12-21T07:05:58.289+0000] {processor.py:161} INFO - Started process (PID=840) to work on /home/airflow/.local/lib/python3.8/site-packages/airflow/example_dags/example_bash_operator.py
[2025-12-21T07:05:58.291+0000] {processor.py:830} INFO - Processing file /home/airflow/.local/lib/python3.8/site-packages/airflow/example_dags/example_bash_operator.py for tasks to queue
[2025-12-21T07:05:58.294+0000] {logging_mixin.py:188} INFO - [2025-12-21T07:05:58.294+0000] {dagbag.py:540} INFO - Filling up the DagBag from /home/airflow/.local/lib/python3.8/site-packages/airflow/example_dags/example_bash_operator.py
[2025-12-21T07:05:58.309+0000] {processor.py:840} INFO - DAG(s) 'example_bash_operator' retrieved from /home/airflow/.local/lib/python3.8/site-packages/airflow/example_dags/example_bash_operator.py
[2025-12-21T07:05:58.340+0000] {logging_mixin.py:188} INFO - [2025-12-21T07:05:58.340+0000] {dag.py:3047} INFO - Sync 1 DAGs
[2025-12-21T07:05:58.362+0000] {logging_mixin.py:188} INFO - [2025-12-21T07:05:58.362+0000] {dag.py:3834} INFO - Setting next_dagrun for example_bash_operator to 2025-12-20 00:00:00+00:00, run_after=2025-12-21 00:00:00+00:00
[2025-12-21T07:05:58.381+0000] {processor.py:183} INFO - Processing /home/airflow/.local/lib/python3.8/site-packages/airflow/example_dags/example_bash_operator.py took 0.097 seconds
[2025-12-21T07:06:28.674+0000] {processor.py:161} INFO - Started process (PID=896) to work on /home/airflow/.local/lib/python3.8/site-packages/airflow/example_dags/example_bash_operator.py
[2025-12-21T07:06:28.676+0000] {processor.py:830} INFO - Processing file /home/airflow/.local/lib/python3.8/site-packages/airflow/example_dags/example_bash_operator.py for tasks to queue
[2025-12-21T07:06:28.680+0000] {logging_mixin.py:188} INFO - [2025-12-21T07:06:28.679+0000] {dagbag.py:540} INFO - Filling up the DagBag from /home/airflow/.local/lib/python3.8/site-packages/airflow/example_dags/example_bash_operator.py
[2025-12-21T07:06:28.696+0000] {processor.py:840} INFO - DAG(s) 'example_bash_operator' retrieved from /home/airflow/.local/lib/python3.8/site-packages/airflow/example_dags/example_bash_operator.py
[2025-12-21T07:06:28.736+0000] {logging_mixin.py:188} INFO - [2025-12-21T07:06:28.736+0000] {dag.py:3047} INFO - Sync 1 DAGs
[2025-12-21T07:06:28.763+0000] {logging_mixin.py:188} INFO - [2025-12-21T07:06:28.762+0000] {dag.py:3834} INFO - Setting next_dagrun for example_bash_operator to 2025-12-20 00:00:00+00:00, run_after=2025-12-21 00:00:00+00:00
[2025-12-21T07:06:28.789+0000] {processor.py:183} INFO - Processing /home/airflow/.local/lib/python3.8/site-packages/airflow/example_dags/example_bash_operator.py took 0.120 seconds
[2025-12-21T07:06:58.992+0000] {processor.py:161} INFO - Started process (PID=952) to work on /home/airflow/.local/lib/python3.8/site-packages/airflow/example_dags/example_bash_operator.py
[2025-12-21T07:06:58.994+0000] {processor.py:830} INFO - Processing file /home/airflow/.local/lib/python3.8/site-packages/airflow/example_dags/example_bash_operator.py for tasks to queue
[2025-12-21T07:06:58.996+0000] {logging_mixin.py:188} INFO - [2025-12-21T07:06:58.996+0000] {dagbag.py:540} INFO - Filling up the DagBag from /home/airflow/.local/lib/python3.8/site-packages/airflow/example_dags/example_bash_operator.py
[2025-12-21T07:06:59.009+0000] {processor.py:840} INFO - DAG(s) 'example_bash_operator' retrieved from /home/airflow/.local/lib/python3.8/site-packages/airflow/example_dags/example_bash_operator.py
[2025-12-21T07:06:59.043+0000] {logging_mixin.py:188} INFO - [2025-12-21T07:06:59.042+0000] {dag.py:3047} INFO - Sync 1 DAGs
[2025-12-21T07:06:59.070+0000] {logging_mixin.py:188} INFO - [2025-12-21T07:06:59.070+0000] {dag.py:3834} INFO - Setting next_dagrun for example_bash_operator to 2025-12-20 00:00:00+00:00, run_after=2025-12-21 00:00:00+00:00
[2025-12-21T07:06:59.095+0000] {processor.py:183} INFO - Processing /home/airflow/.local/lib/python3.8/site-packages/airflow/example_dags/example_bash_operator.py took 0.106 seconds
[2025-12-21T07:07:29.525+0000] {processor.py:161} INFO - Started process (PID=1008) to work on /home/airflow/.local/lib/python3.8/site-packages/airflow/example_dags/example_bash_operator.py
[2025-12-21T07:07:29.527+0000] {processor.py:830} INFO - Processing file /home/airflow/.local/lib/python3.8/site-packages/airflow/example_dags/example_bash_operator.py for tasks to queue
[2025-12-21T07:07:29.529+0000] {logging_mixin.py:188} INFO - [2025-12-21T07:07:29.529+0000] {dagbag.py:540} INFO - Filling up the DagBag from /home/airflow/.local/lib/python3.8/site-packages/airflow/example_dags/example_bash_operator.py
[2025-12-21T07:07:29.541+0000] {processor.py:840} INFO - DAG(s) 'example_bash_operator' retrieved from /home/airflow/.local/lib/python3.8/site-packages/airflow/example_dags/example_bash_operator.py
[2025-12-21T07:07:29.572+0000] {logging_mixin.py:188} INFO - [2025-12-21T07:07:29.572+0000] {dag.py:3047} INFO - Sync 1 DAGs
[2025-12-21T07:07:29.596+0000] {logging_mixin.py:188} INFO - [2025-12-21T07:07:29.596+0000] {dag.py:3834} INFO - Setting next_dagrun for example_bash_operator to 2025-12-20 00:00:00+00:00, run_after=2025-12-21 00:00:00+00:00
[2025-12-21T07:07:29.615+0000] {processor.py:183} INFO - Processing /home/airflow/.local/lib/python3.8/site-packages/airflow/example_dags/example_bash_operator.py took 0.094 seconds
[2025-12-21T07:08:00.237+0000] {processor.py:161} INFO - Started process (PID=1064) to work on /home/airflow/.local/lib/python3.8/site-packages/airflow/example_dags/example_bash_operator.py
[2025-12-21T07:08:00.238+0000] {processor.py:830} INFO - Processing file /home/airflow/.local/lib/python3.8/site-packages/airflow/example_dags/example_bash_operator.py for tasks to queue
[2025-12-21T07:08:00.241+0000] {logging_mixin.py:188} INFO - [2025-12-21T07:08:00.240+0000] {dagbag.py:540} INFO - Filling up the DagBag from /home/airflow/.local/lib/python3.8/site-packages/airflow/example_dags/example_bash_operator.py
[2025-12-21T07:08:00.257+0000] {processor.py:840} INFO - DAG(s) 'example_bash_operator' retrieved from /home/airflow/.local/lib/python3.8/site-packages/airflow/example_dags/example_bash_operator.py
[2025-12-21T07:08:00.294+0000] {logging_mixin.py:188} INFO - [2025-12-21T07:08:00.293+0000] {dag.py:3047} INFO - Sync 1 DAGs
[2025-12-21T07:08:00.322+0000] {logging_mixin.py:188} INFO - [2025-12-21T07:08:00.322+0000] {dag.py:3834} INFO - Setting next_dagrun for example_bash_operator to 2025-12-20 00:00:00+00:00, run_after=2025-12-21 00:00:00+00:00
[2025-12-21T07:08:00.362+0000] {processor.py:183} INFO - Processing /home/airflow/.local/lib/python3.8/site-packages/airflow/example_dags/example_bash_operator.py took 0.129 seconds
[2025-12-21T07:08:30.420+0000] {processor.py:161} INFO - Started process (PID=1120) to work on /home/airflow/.local/lib/python3.8/site-packages/airflow/example_dags/example_bash_operator.py
[2025-12-21T07:08:30.422+0000] {processor.py:830} INFO - Processing file /home/airflow/.local/lib/python3.8/site-packages/airflow/example_dags/example_bash_operator.py for tasks to queue
[2025-12-21T07:08:30.424+0000] {logging_mixin.py:188} INFO - [2025-12-21T07:08:30.424+0000] {dagbag.py:540} INFO - Filling up the DagBag from /home/airflow/.local/lib/python3.8/site-packages/airflow/example_dags/example_bash_operator.py
[2025-12-21T07:08:30.437+0000] {processor.py:840} INFO - DAG(s) 'example_bash_operator' retrieved from /home/airflow/.local/lib/python3.8/site-packages/airflow/example_dags/example_bash_operator.py
[2025-12-21T07:08:30.476+0000] {logging_mixin.py:188} INFO - [2025-12-21T07:08:30.476+0000] {dag.py:3047} INFO - Sync 1 DAGs
[2025-12-21T07:08:30.505+0000] {logging_mixin.py:188} INFO - [2025-12-21T07:08:30.505+0000] {dag.py:3834} INFO - Setting next_dagrun for example_bash_operator to 2025-12-20 00:00:00+00:00, run_after=2025-12-21 00:00:00+00:00
[2025-12-21T07:08:30.535+0000] {processor.py:183} INFO - Processing /home/airflow/.local/lib/python3.8/site-packages/airflow/example_dags/example_bash_operator.py took 0.119 seconds
[2025-12-21T07:11:42.370+0000] {processor.py:161} INFO - Started process (PID=63) to work on /home/airflow/.local/lib/python3.8/site-packages/airflow/example_dags/example_bash_operator.py
[2025-12-21T07:11:42.371+0000] {processor.py:830} INFO - Processing file /home/airflow/.local/lib/python3.8/site-packages/airflow/example_dags/example_bash_operator.py for tasks to queue
[2025-12-21T07:11:42.374+0000] {logging_mixin.py:188} INFO - [2025-12-21T07:11:42.373+0000] {dagbag.py:540} INFO - Filling up the DagBag from /home/airflow/.local/lib/python3.8/site-packages/airflow/example_dags/example_bash_operator.py
[2025-12-21T07:11:42.393+0000] {processor.py:840} INFO - DAG(s) 'example_bash_operator' retrieved from /home/airflow/.local/lib/python3.8/site-packages/airflow/example_dags/example_bash_operator.py
[2025-12-21T07:11:42.412+0000] {logging_mixin.py:188} INFO - [2025-12-21T07:11:42.411+0000] {dag.py:3047} INFO - Sync 1 DAGs
[2025-12-21T07:11:42.444+0000] {logging_mixin.py:188} INFO - [2025-12-21T07:11:42.444+0000] {dag.py:3834} INFO - Setting next_dagrun for example_bash_operator to 2025-12-20 00:00:00+00:00, run_after=2025-12-21 00:00:00+00:00
[2025-12-21T07:11:42.472+0000] {processor.py:183} INFO - Processing /home/airflow/.local/lib/python3.8/site-packages/airflow/example_dags/example_bash_operator.py took 0.108 seconds
[2025-12-21T07:12:13.755+0000] {processor.py:161} INFO - Started process (PID=118) to work on /home/airflow/.local/lib/python3.8/site-packages/airflow/example_dags/example_bash_operator.py
[2025-12-21T07:12:13.758+0000] {processor.py:830} INFO - Processing file /home/airflow/.local/lib/python3.8/site-packages/airflow/example_dags/example_bash_operator.py for tasks to queue
[2025-12-21T07:12:13.761+0000] {logging_mixin.py:188} INFO - [2025-12-21T07:12:13.760+0000] {dagbag.py:540} INFO - Filling up the DagBag from /home/airflow/.local/lib/python3.8/site-packages/airflow/example_dags/example_bash_operator.py
[2025-12-21T07:12:13.775+0000] {processor.py:840} INFO - DAG(s) 'example_bash_operator' retrieved from /home/airflow/.local/lib/python3.8/site-packages/airflow/example_dags/example_bash_operator.py
[2025-12-21T07:12:13.873+0000] {logging_mixin.py:188} INFO - [2025-12-21T07:12:13.873+0000] {dag.py:3047} INFO - Sync 1 DAGs
[2025-12-21T07:12:13.894+0000] {logging_mixin.py:188} INFO - [2025-12-21T07:12:13.893+0000] {dag.py:3834} INFO - Setting next_dagrun for example_bash_operator to 2025-12-20 00:00:00+00:00, run_after=2025-12-21 00:00:00+00:00
[2025-12-21T07:12:13.912+0000] {processor.py:183} INFO - Processing /home/airflow/.local/lib/python3.8/site-packages/airflow/example_dags/example_bash_operator.py took 0.161 seconds
[2025-12-21T07:12:44.595+0000] {processor.py:161} INFO - Started process (PID=180) to work on /home/airflow/.local/lib/python3.8/site-packages/airflow/example_dags/example_bash_operator.py
[2025-12-21T07:12:44.597+0000] {processor.py:830} INFO - Processing file /home/airflow/.local/lib/python3.8/site-packages/airflow/example_dags/example_bash_operator.py for tasks to queue
[2025-12-21T07:12:44.599+0000] {logging_mixin.py:188} INFO - [2025-12-21T07:12:44.598+0000] {dagbag.py:540} INFO - Filling up the DagBag from /home/airflow/.local/lib/python3.8/site-packages/airflow/example_dags/example_bash_operator.py
[2025-12-21T07:12:44.611+0000] {processor.py:840} INFO - DAG(s) 'example_bash_operator' retrieved from /home/airflow/.local/lib/python3.8/site-packages/airflow/example_dags/example_bash_operator.py
[2025-12-21T07:12:44.641+0000] {logging_mixin.py:188} INFO - [2025-12-21T07:12:44.640+0000] {dag.py:3047} INFO - Sync 1 DAGs
[2025-12-21T07:12:44.668+0000] {logging_mixin.py:188} INFO - [2025-12-21T07:12:44.668+0000] {dag.py:3834} INFO - Setting next_dagrun for example_bash_operator to 2025-12-20 00:00:00+00:00, run_after=2025-12-21 00:00:00+00:00
[2025-12-21T07:12:44.692+0000] {processor.py:183} INFO - Processing /home/airflow/.local/lib/python3.8/site-packages/airflow/example_dags/example_bash_operator.py took 0.100 seconds
[2025-12-21T07:13:15.353+0000] {processor.py:161} INFO - Started process (PID=236) to work on /home/airflow/.local/lib/python3.8/site-packages/airflow/example_dags/example_bash_operator.py
[2025-12-21T07:13:15.354+0000] {processor.py:830} INFO - Processing file /home/airflow/.local/lib/python3.8/site-packages/airflow/example_dags/example_bash_operator.py for tasks to queue
[2025-12-21T07:13:15.356+0000] {logging_mixin.py:188} INFO - [2025-12-21T07:13:15.356+0000] {dagbag.py:540} INFO - Filling up the DagBag from /home/airflow/.local/lib/python3.8/site-packages/airflow/example_dags/example_bash_operator.py
[2025-12-21T07:13:15.368+0000] {processor.py:840} INFO - DAG(s) 'example_bash_operator' retrieved from /home/airflow/.local/lib/python3.8/site-packages/airflow/example_dags/example_bash_operator.py
[2025-12-21T07:13:15.400+0000] {logging_mixin.py:188} INFO - [2025-12-21T07:13:15.399+0000] {dag.py:3047} INFO - Sync 1 DAGs
[2025-12-21T07:13:15.426+0000] {logging_mixin.py:188} INFO - [2025-12-21T07:13:15.425+0000] {dag.py:3834} INFO - Setting next_dagrun for example_bash_operator to 2025-12-20 00:00:00+00:00, run_after=2025-12-21 00:00:00+00:00
[2025-12-21T07:13:15.447+0000] {processor.py:183} INFO - Processing /home/airflow/.local/lib/python3.8/site-packages/airflow/example_dags/example_bash_operator.py took 0.098 seconds
[2025-12-21T07:13:46.343+0000] {processor.py:161} INFO - Started process (PID=292) to work on /home/airflow/.local/lib/python3.8/site-packages/airflow/example_dags/example_bash_operator.py
[2025-12-21T07:13:46.344+0000] {processor.py:830} INFO - Processing file /home/airflow/.local/lib/python3.8/site-packages/airflow/example_dags/example_bash_operator.py for tasks to queue
[2025-12-21T07:13:46.346+0000] {logging_mixin.py:188} INFO - [2025-12-21T07:13:46.346+0000] {dagbag.py:540} INFO - Filling up the DagBag from /home/airflow/.local/lib/python3.8/site-packages/airflow/example_dags/example_bash_operator.py
[2025-12-21T07:13:46.359+0000] {processor.py:840} INFO - DAG(s) 'example_bash_operator' retrieved from /home/airflow/.local/lib/python3.8/site-packages/airflow/example_dags/example_bash_operator.py
[2025-12-21T07:13:46.391+0000] {logging_mixin.py:188} INFO - [2025-12-21T07:13:46.391+0000] {dag.py:3047} INFO - Sync 1 DAGs
[2025-12-21T07:13:46.417+0000] {logging_mixin.py:188} INFO - [2025-12-21T07:13:46.417+0000] {dag.py:3834} INFO - Setting next_dagrun for example_bash_operator to 2025-12-20 00:00:00+00:00, run_after=2025-12-21 00:00:00+00:00
[2025-12-21T07:13:46.439+0000] {processor.py:183} INFO - Processing /home/airflow/.local/lib/python3.8/site-packages/airflow/example_dags/example_bash_operator.py took 0.101 seconds
[2025-12-21T07:14:17.043+0000] {processor.py:161} INFO - Started process (PID=348) to work on /home/airflow/.local/lib/python3.8/site-packages/airflow/example_dags/example_bash_operator.py
[2025-12-21T07:14:17.045+0000] {processor.py:830} INFO - Processing file /home/airflow/.local/lib/python3.8/site-packages/airflow/example_dags/example_bash_operator.py for tasks to queue
[2025-12-21T07:14:17.047+0000] {logging_mixin.py:188} INFO - [2025-12-21T07:14:17.047+0000] {dagbag.py:540} INFO - Filling up the DagBag from /home/airflow/.local/lib/python3.8/site-packages/airflow/example_dags/example_bash_operator.py
[2025-12-21T07:14:17.059+0000] {processor.py:840} INFO - DAG(s) 'example_bash_operator' retrieved from /home/airflow/.local/lib/python3.8/site-packages/airflow/example_dags/example_bash_operator.py
[2025-12-21T07:14:17.088+0000] {logging_mixin.py:188} INFO - [2025-12-21T07:14:17.088+0000] {dag.py:3047} INFO - Sync 1 DAGs
[2025-12-21T07:14:17.111+0000] {logging_mixin.py:188} INFO - [2025-12-21T07:14:17.110+0000] {dag.py:3834} INFO - Setting next_dagrun for example_bash_operator to 2025-12-20 00:00:00+00:00, run_after=2025-12-21 00:00:00+00:00
[2025-12-21T07:14:17.132+0000] {processor.py:183} INFO - Processing /home/airflow/.local/lib/python3.8/site-packages/airflow/example_dags/example_bash_operator.py took 0.093 seconds
[2025-12-21T07:14:47.752+0000] {processor.py:161} INFO - Started process (PID=404) to work on /home/airflow/.local/lib/python3.8/site-packages/airflow/example_dags/example_bash_operator.py
[2025-12-21T07:14:47.755+0000] {processor.py:830} INFO - Processing file /home/airflow/.local/lib/python3.8/site-packages/airflow/example_dags/example_bash_operator.py for tasks to queue
[2025-12-21T07:14:47.758+0000] {logging_mixin.py:188} INFO - [2025-12-21T07:14:47.758+0000] {dagbag.py:540} INFO - Filling up the DagBag from /home/airflow/.local/lib/python3.8/site-packages/airflow/example_dags/example_bash_operator.py
[2025-12-21T07:14:47.776+0000] {processor.py:840} INFO - DAG(s) 'example_bash_operator' retrieved from /home/airflow/.local/lib/python3.8/site-packages/airflow/example_dags/example_bash_operator.py
[2025-12-21T07:14:47.821+0000] {logging_mixin.py:188} INFO - [2025-12-21T07:14:47.821+0000] {dag.py:3047} INFO - Sync 1 DAGs
[2025-12-21T07:14:47.846+0000] {logging_mixin.py:188} INFO - [2025-12-21T07:14:47.846+0000] {dag.py:3834} INFO - Setting next_dagrun for example_bash_operator to 2025-12-20 00:00:00+00:00, run_after=2025-12-21 00:00:00+00:00
[2025-12-21T07:14:47.871+0000] {processor.py:183} INFO - Processing /home/airflow/.local/lib/python3.8/site-packages/airflow/example_dags/example_bash_operator.py took 0.123 seconds
[2025-12-21T07:15:18.060+0000] {processor.py:161} INFO - Started process (PID=460) to work on /home/airflow/.local/lib/python3.8/site-packages/airflow/example_dags/example_bash_operator.py
[2025-12-21T07:15:18.062+0000] {processor.py:830} INFO - Processing file /home/airflow/.local/lib/python3.8/site-packages/airflow/example_dags/example_bash_operator.py for tasks to queue
[2025-12-21T07:15:18.064+0000] {logging_mixin.py:188} INFO - [2025-12-21T07:15:18.064+0000] {dagbag.py:540} INFO - Filling up the DagBag from /home/airflow/.local/lib/python3.8/site-packages/airflow/example_dags/example_bash_operator.py
[2025-12-21T07:15:18.080+0000] {processor.py:840} INFO - DAG(s) 'example_bash_operator' retrieved from /home/airflow/.local/lib/python3.8/site-packages/airflow/example_dags/example_bash_operator.py
[2025-12-21T07:15:18.117+0000] {logging_mixin.py:188} INFO - [2025-12-21T07:15:18.117+0000] {dag.py:3047} INFO - Sync 1 DAGs
[2025-12-21T07:15:18.142+0000] {logging_mixin.py:188} INFO - [2025-12-21T07:15:18.142+0000] {dag.py:3834} INFO - Setting next_dagrun for example_bash_operator to 2025-12-20 00:00:00+00:00, run_after=2025-12-21 00:00:00+00:00
[2025-12-21T07:15:18.164+0000] {processor.py:183} INFO - Processing /home/airflow/.local/lib/python3.8/site-packages/airflow/example_dags/example_bash_operator.py took 0.109 seconds
[2025-12-21T07:15:48.445+0000] {processor.py:161} INFO - Started process (PID=516) to work on /home/airflow/.local/lib/python3.8/site-packages/airflow/example_dags/example_bash_operator.py
[2025-12-21T07:15:48.447+0000] {processor.py:830} INFO - Processing file /home/airflow/.local/lib/python3.8/site-packages/airflow/example_dags/example_bash_operator.py for tasks to queue
[2025-12-21T07:15:48.450+0000] {logging_mixin.py:188} INFO - [2025-12-21T07:15:48.449+0000] {dagbag.py:540} INFO - Filling up the DagBag from /home/airflow/.local/lib/python3.8/site-packages/airflow/example_dags/example_bash_operator.py
[2025-12-21T07:15:48.462+0000] {processor.py:840} INFO - DAG(s) 'example_bash_operator' retrieved from /home/airflow/.local/lib/python3.8/site-packages/airflow/example_dags/example_bash_operator.py
[2025-12-21T07:15:48.495+0000] {logging_mixin.py:188} INFO - [2025-12-21T07:15:48.494+0000] {dag.py:3047} INFO - Sync 1 DAGs
[2025-12-21T07:15:48.521+0000] {logging_mixin.py:188} INFO - [2025-12-21T07:15:48.521+0000] {dag.py:3834} INFO - Setting next_dagrun for example_bash_operator to 2025-12-20 00:00:00+00:00, run_after=2025-12-21 00:00:00+00:00
[2025-12-21T07:15:48.540+0000] {processor.py:183} INFO - Processing /home/airflow/.local/lib/python3.8/site-packages/airflow/example_dags/example_bash_operator.py took 0.098 seconds
[2025-12-21T07:16:19.264+0000] {processor.py:161} INFO - Started process (PID=572) to work on /home/airflow/.local/lib/python3.8/site-packages/airflow/example_dags/example_bash_operator.py
[2025-12-21T07:16:19.265+0000] {processor.py:830} INFO - Processing file /home/airflow/.local/lib/python3.8/site-packages/airflow/example_dags/example_bash_operator.py for tasks to queue
[2025-12-21T07:16:19.268+0000] {logging_mixin.py:188} INFO - [2025-12-21T07:16:19.268+0000] {dagbag.py:540} INFO - Filling up the DagBag from /home/airflow/.local/lib/python3.8/site-packages/airflow/example_dags/example_bash_operator.py
[2025-12-21T07:16:19.285+0000] {processor.py:840} INFO - DAG(s) 'example_bash_operator' retrieved from /home/airflow/.local/lib/python3.8/site-packages/airflow/example_dags/example_bash_operator.py
[2025-12-21T07:16:19.339+0000] {logging_mixin.py:188} INFO - [2025-12-21T07:16:19.339+0000] {dag.py:3047} INFO - Sync 1 DAGs
[2025-12-21T07:16:19.383+0000] {logging_mixin.py:188} INFO - [2025-12-21T07:16:19.382+0000] {dag.py:3834} INFO - Setting next_dagrun for example_bash_operator to 2025-12-20 00:00:00+00:00, run_after=2025-12-21 00:00:00+00:00
[2025-12-21T07:16:19.420+0000] {processor.py:183} INFO - Processing /home/airflow/.local/lib/python3.8/site-packages/airflow/example_dags/example_bash_operator.py took 0.160 seconds
[2025-12-21T07:16:50.190+0000] {processor.py:161} INFO - Started process (PID=628) to work on /home/airflow/.local/lib/python3.8/site-packages/airflow/example_dags/example_bash_operator.py
[2025-12-21T07:16:50.191+0000] {processor.py:830} INFO - Processing file /home/airflow/.local/lib/python3.8/site-packages/airflow/example_dags/example_bash_operator.py for tasks to queue
[2025-12-21T07:16:50.193+0000] {logging_mixin.py:188} INFO - [2025-12-21T07:16:50.193+0000] {dagbag.py:540} INFO - Filling up the DagBag from /home/airflow/.local/lib/python3.8/site-packages/airflow/example_dags/example_bash_operator.py
[2025-12-21T07:16:50.205+0000] {processor.py:840} INFO - DAG(s) 'example_bash_operator' retrieved from /home/airflow/.local/lib/python3.8/site-packages/airflow/example_dags/example_bash_operator.py
[2025-12-21T07:16:50.235+0000] {logging_mixin.py:188} INFO - [2025-12-21T07:16:50.234+0000] {dag.py:3047} INFO - Sync 1 DAGs
[2025-12-21T07:16:50.258+0000] {logging_mixin.py:188} INFO - [2025-12-21T07:16:50.258+0000] {dag.py:3834} INFO - Setting next_dagrun for example_bash_operator to 2025-12-20 00:00:00+00:00, run_after=2025-12-21 00:00:00+00:00
[2025-12-21T07:16:50.280+0000] {processor.py:183} INFO - Processing /home/airflow/.local/lib/python3.8/site-packages/airflow/example_dags/example_bash_operator.py took 0.094 seconds
[2025-12-21T07:17:20.334+0000] {processor.py:161} INFO - Started process (PID=683) to work on /home/airflow/.local/lib/python3.8/site-packages/airflow/example_dags/example_bash_operator.py
[2025-12-21T07:17:20.336+0000] {processor.py:830} INFO - Processing file /home/airflow/.local/lib/python3.8/site-packages/airflow/example_dags/example_bash_operator.py for tasks to queue
[2025-12-21T07:17:20.339+0000] {logging_mixin.py:188} INFO - [2025-12-21T07:17:20.338+0000] {dagbag.py:540} INFO - Filling up the DagBag from /home/airflow/.local/lib/python3.8/site-packages/airflow/example_dags/example_bash_operator.py
[2025-12-21T07:17:20.351+0000] {processor.py:840} INFO - DAG(s) 'example_bash_operator' retrieved from /home/airflow/.local/lib/python3.8/site-packages/airflow/example_dags/example_bash_operator.py
[2025-12-21T07:17:20.380+0000] {logging_mixin.py:188} INFO - [2025-12-21T07:17:20.379+0000] {dag.py:3047} INFO - Sync 1 DAGs
[2025-12-21T07:17:20.410+0000] {logging_mixin.py:188} INFO - [2025-12-21T07:17:20.410+0000] {dag.py:3834} INFO - Setting next_dagrun for example_bash_operator to 2025-12-20 00:00:00+00:00, run_after=2025-12-21 00:00:00+00:00
[2025-12-21T07:17:20.440+0000] {processor.py:183} INFO - Processing /home/airflow/.local/lib/python3.8/site-packages/airflow/example_dags/example_bash_operator.py took 0.110 seconds
[2025-12-21T07:17:50.575+0000] {processor.py:161} INFO - Started process (PID=740) to work on /home/airflow/.local/lib/python3.8/site-packages/airflow/example_dags/example_bash_operator.py
[2025-12-21T07:17:50.576+0000] {processor.py:830} INFO - Processing file /home/airflow/.local/lib/python3.8/site-packages/airflow/example_dags/example_bash_operator.py for tasks to queue
[2025-12-21T07:17:50.578+0000] {logging_mixin.py:188} INFO - [2025-12-21T07:17:50.578+0000] {dagbag.py:540} INFO - Filling up the DagBag from /home/airflow/.local/lib/python3.8/site-packages/airflow/example_dags/example_bash_operator.py
[2025-12-21T07:17:50.589+0000] {processor.py:840} INFO - DAG(s) 'example_bash_operator' retrieved from /home/airflow/.local/lib/python3.8/site-packages/airflow/example_dags/example_bash_operator.py
[2025-12-21T07:17:50.618+0000] {logging_mixin.py:188} INFO - [2025-12-21T07:17:50.617+0000] {dag.py:3047} INFO - Sync 1 DAGs
[2025-12-21T07:17:50.639+0000] {logging_mixin.py:188} INFO - [2025-12-21T07:17:50.638+0000] {dag.py:3834} INFO - Setting next_dagrun for example_bash_operator to 2025-12-20 00:00:00+00:00, run_after=2025-12-21 00:00:00+00:00
[2025-12-21T07:17:50.656+0000] {processor.py:183} INFO - Processing /home/airflow/.local/lib/python3.8/site-packages/airflow/example_dags/example_bash_operator.py took 0.085 seconds
[2025-12-21T07:18:21.550+0000] {processor.py:161} INFO - Started process (PID=797) to work on /home/airflow/.local/lib/python3.8/site-packages/airflow/example_dags/example_bash_operator.py
[2025-12-21T07:18:21.552+0000] {processor.py:830} INFO - Processing file /home/airflow/.local/lib/python3.8/site-packages/airflow/example_dags/example_bash_operator.py for tasks to queue
[2025-12-21T07:18:21.555+0000] {logging_mixin.py:188} INFO - [2025-12-21T07:18:21.554+0000] {dagbag.py:540} INFO - Filling up the DagBag from /home/airflow/.local/lib/python3.8/site-packages/airflow/example_dags/example_bash_operator.py
[2025-12-21T07:18:21.567+0000] {processor.py:840} INFO - DAG(s) 'example_bash_operator' retrieved from /home/airflow/.local/lib/python3.8/site-packages/airflow/example_dags/example_bash_operator.py
[2025-12-21T07:18:21.598+0000] {logging_mixin.py:188} INFO - [2025-12-21T07:18:21.598+0000] {dag.py:3047} INFO - Sync 1 DAGs
[2025-12-21T07:18:21.622+0000] {logging_mixin.py:188} INFO - [2025-12-21T07:18:21.622+0000] {dag.py:3834} INFO - Setting next_dagrun for example_bash_operator to 2025-12-20 00:00:00+00:00, run_after=2025-12-21 00:00:00+00:00
[2025-12-21T07:18:21.643+0000] {processor.py:183} INFO - Processing /home/airflow/.local/lib/python3.8/site-packages/airflow/example_dags/example_bash_operator.py took 0.096 seconds
[2025-12-21T07:18:52.497+0000] {processor.py:161} INFO - Started process (PID=853) to work on /home/airflow/.local/lib/python3.8/site-packages/airflow/example_dags/example_bash_operator.py
[2025-12-21T07:18:52.499+0000] {processor.py:830} INFO - Processing file /home/airflow/.local/lib/python3.8/site-packages/airflow/example_dags/example_bash_operator.py for tasks to queue
[2025-12-21T07:18:52.502+0000] {logging_mixin.py:188} INFO - [2025-12-21T07:18:52.501+0000] {dagbag.py:540} INFO - Filling up the DagBag from /home/airflow/.local/lib/python3.8/site-packages/airflow/example_dags/example_bash_operator.py
[2025-12-21T07:18:52.516+0000] {processor.py:840} INFO - DAG(s) 'example_bash_operator' retrieved from /home/airflow/.local/lib/python3.8/site-packages/airflow/example_dags/example_bash_operator.py
[2025-12-21T07:18:52.552+0000] {logging_mixin.py:188} INFO - [2025-12-21T07:18:52.552+0000] {dag.py:3047} INFO - Sync 1 DAGs
[2025-12-21T07:18:52.577+0000] {logging_mixin.py:188} INFO - [2025-12-21T07:18:52.577+0000] {dag.py:3834} INFO - Setting next_dagrun for example_bash_operator to 2025-12-20 00:00:00+00:00, run_after=2025-12-21 00:00:00+00:00
[2025-12-21T07:18:52.602+0000] {processor.py:183} INFO - Processing /home/airflow/.local/lib/python3.8/site-packages/airflow/example_dags/example_bash_operator.py took 0.109 seconds
[2025-12-21T07:19:23.248+0000] {processor.py:161} INFO - Started process (PID=909) to work on /home/airflow/.local/lib/python3.8/site-packages/airflow/example_dags/example_bash_operator.py
[2025-12-21T07:19:23.262+0000] {processor.py:830} INFO - Processing file /home/airflow/.local/lib/python3.8/site-packages/airflow/example_dags/example_bash_operator.py for tasks to queue
[2025-12-21T07:19:23.265+0000] {logging_mixin.py:188} INFO - [2025-12-21T07:19:23.264+0000] {dagbag.py:540} INFO - Filling up the DagBag from /home/airflow/.local/lib/python3.8/site-packages/airflow/example_dags/example_bash_operator.py
[2025-12-21T07:19:23.330+0000] {processor.py:840} INFO - DAG(s) 'example_bash_operator' retrieved from /home/airflow/.local/lib/python3.8/site-packages/airflow/example_dags/example_bash_operator.py
[2025-12-21T07:19:23.455+0000] {logging_mixin.py:188} INFO - [2025-12-21T07:19:23.454+0000] {dag.py:3047} INFO - Sync 1 DAGs
[2025-12-21T07:19:23.499+0000] {logging_mixin.py:188} INFO - [2025-12-21T07:19:23.499+0000] {dag.py:3834} INFO - Setting next_dagrun for example_bash_operator to 2025-12-20 00:00:00+00:00, run_after=2025-12-21 00:00:00+00:00
[2025-12-21T07:19:23.542+0000] {processor.py:183} INFO - Processing /home/airflow/.local/lib/python3.8/site-packages/airflow/example_dags/example_bash_operator.py took 0.298 seconds
[2025-12-21T07:19:53.634+0000] {processor.py:161} INFO - Started process (PID=966) to work on /home/airflow/.local/lib/python3.8/site-packages/airflow/example_dags/example_bash_operator.py
[2025-12-21T07:19:53.635+0000] {processor.py:830} INFO - Processing file /home/airflow/.local/lib/python3.8/site-packages/airflow/example_dags/example_bash_operator.py for tasks to queue
[2025-12-21T07:19:53.639+0000] {logging_mixin.py:188} INFO - [2025-12-21T07:19:53.638+0000] {dagbag.py:540} INFO - Filling up the DagBag from /home/airflow/.local/lib/python3.8/site-packages/airflow/example_dags/example_bash_operator.py
[2025-12-21T07:19:53.659+0000] {processor.py:840} INFO - DAG(s) 'example_bash_operator' retrieved from /home/airflow/.local/lib/python3.8/site-packages/airflow/example_dags/example_bash_operator.py
[2025-12-21T07:19:53.697+0000] {logging_mixin.py:188} INFO - [2025-12-21T07:19:53.696+0000] {dag.py:3047} INFO - Sync 1 DAGs
[2025-12-21T07:19:53.727+0000] {logging_mixin.py:188} INFO - [2025-12-21T07:19:53.726+0000] {dag.py:3834} INFO - Setting next_dagrun for example_bash_operator to 2025-12-20 00:00:00+00:00, run_after=2025-12-21 00:00:00+00:00
[2025-12-21T07:19:53.752+0000] {processor.py:183} INFO - Processing /home/airflow/.local/lib/python3.8/site-packages/airflow/example_dags/example_bash_operator.py took 0.123 seconds
[2025-12-21T07:20:24.092+0000] {processor.py:161} INFO - Started process (PID=1022) to work on /home/airflow/.local/lib/python3.8/site-packages/airflow/example_dags/example_bash_operator.py
[2025-12-21T07:20:24.093+0000] {processor.py:830} INFO - Processing file /home/airflow/.local/lib/python3.8/site-packages/airflow/example_dags/example_bash_operator.py for tasks to queue
[2025-12-21T07:20:24.097+0000] {logging_mixin.py:188} INFO - [2025-12-21T07:20:24.097+0000] {dagbag.py:540} INFO - Filling up the DagBag from /home/airflow/.local/lib/python3.8/site-packages/airflow/example_dags/example_bash_operator.py
[2025-12-21T07:20:24.109+0000] {processor.py:840} INFO - DAG(s) 'example_bash_operator' retrieved from /home/airflow/.local/lib/python3.8/site-packages/airflow/example_dags/example_bash_operator.py
[2025-12-21T07:20:24.141+0000] {logging_mixin.py:188} INFO - [2025-12-21T07:20:24.141+0000] {dag.py:3047} INFO - Sync 1 DAGs
[2025-12-21T07:20:24.167+0000] {logging_mixin.py:188} INFO - [2025-12-21T07:20:24.167+0000] {dag.py:3834} INFO - Setting next_dagrun for example_bash_operator to 2025-12-20 00:00:00+00:00, run_after=2025-12-21 00:00:00+00:00
[2025-12-21T07:20:24.191+0000] {processor.py:183} INFO - Processing /home/airflow/.local/lib/python3.8/site-packages/airflow/example_dags/example_bash_operator.py took 0.102 seconds
[2025-12-21T07:20:39.591+0000] {processor.py:161} INFO - Started process (PID=57) to work on /home/airflow/.local/lib/python3.8/site-packages/airflow/example_dags/example_bash_operator.py
[2025-12-21T07:20:39.593+0000] {processor.py:830} INFO - Processing file /home/airflow/.local/lib/python3.8/site-packages/airflow/example_dags/example_bash_operator.py for tasks to queue
[2025-12-21T07:20:39.597+0000] {logging_mixin.py:188} INFO - [2025-12-21T07:20:39.596+0000] {dagbag.py:540} INFO - Filling up the DagBag from /home/airflow/.local/lib/python3.8/site-packages/airflow/example_dags/example_bash_operator.py
[2025-12-21T07:20:39.608+0000] {processor.py:840} INFO - DAG(s) 'example_bash_operator' retrieved from /home/airflow/.local/lib/python3.8/site-packages/airflow/example_dags/example_bash_operator.py
[2025-12-21T07:20:39.642+0000] {logging_mixin.py:188} INFO - [2025-12-21T07:20:39.642+0000] {dag.py:3047} INFO - Sync 1 DAGs
[2025-12-21T07:20:39.665+0000] {logging_mixin.py:188} INFO - [2025-12-21T07:20:39.664+0000] {dag.py:3834} INFO - Setting next_dagrun for example_bash_operator to 2025-12-20 00:00:00+00:00, run_after=2025-12-21 00:00:00+00:00
[2025-12-21T07:20:39.685+0000] {processor.py:183} INFO - Processing /home/airflow/.local/lib/python3.8/site-packages/airflow/example_dags/example_bash_operator.py took 0.097 seconds
[2025-12-21T07:21:10.594+0000] {processor.py:161} INFO - Started process (PID=114) to work on /home/airflow/.local/lib/python3.8/site-packages/airflow/example_dags/example_bash_operator.py
[2025-12-21T07:21:10.595+0000] {processor.py:830} INFO - Processing file /home/airflow/.local/lib/python3.8/site-packages/airflow/example_dags/example_bash_operator.py for tasks to queue
[2025-12-21T07:21:10.598+0000] {logging_mixin.py:188} INFO - [2025-12-21T07:21:10.597+0000] {dagbag.py:540} INFO - Filling up the DagBag from /home/airflow/.local/lib/python3.8/site-packages/airflow/example_dags/example_bash_operator.py
[2025-12-21T07:21:10.611+0000] {processor.py:840} INFO - DAG(s) 'example_bash_operator' retrieved from /home/airflow/.local/lib/python3.8/site-packages/airflow/example_dags/example_bash_operator.py
[2025-12-21T07:21:10.648+0000] {logging_mixin.py:188} INFO - [2025-12-21T07:21:10.648+0000] {dag.py:3047} INFO - Sync 1 DAGs
[2025-12-21T07:21:10.675+0000] {logging_mixin.py:188} INFO - [2025-12-21T07:21:10.674+0000] {dag.py:3834} INFO - Setting next_dagrun for example_bash_operator to 2025-12-20 00:00:00+00:00, run_after=2025-12-21 00:00:00+00:00
[2025-12-21T07:21:10.702+0000] {processor.py:183} INFO - Processing /home/airflow/.local/lib/python3.8/site-packages/airflow/example_dags/example_bash_operator.py took 0.111 seconds
[2025-12-21T07:22:20.234+0000] {processor.py:161} INFO - Started process (PID=64) to work on /home/airflow/.local/lib/python3.8/site-packages/airflow/example_dags/example_bash_operator.py
[2025-12-21T07:22:20.236+0000] {processor.py:830} INFO - Processing file /home/airflow/.local/lib/python3.8/site-packages/airflow/example_dags/example_bash_operator.py for tasks to queue
[2025-12-21T07:22:20.239+0000] {logging_mixin.py:188} INFO - [2025-12-21T07:22:20.238+0000] {dagbag.py:540} INFO - Filling up the DagBag from /home/airflow/.local/lib/python3.8/site-packages/airflow/example_dags/example_bash_operator.py
[2025-12-21T07:22:20.255+0000] {processor.py:840} INFO - DAG(s) 'example_bash_operator' retrieved from /home/airflow/.local/lib/python3.8/site-packages/airflow/example_dags/example_bash_operator.py
[2025-12-21T07:22:20.278+0000] {logging_mixin.py:188} INFO - [2025-12-21T07:22:20.277+0000] {dag.py:3047} INFO - Sync 1 DAGs
[2025-12-21T07:22:20.306+0000] {logging_mixin.py:188} INFO - [2025-12-21T07:22:20.306+0000] {dag.py:3834} INFO - Setting next_dagrun for example_bash_operator to 2025-12-20 00:00:00+00:00, run_after=2025-12-21 00:00:00+00:00
[2025-12-21T07:22:20.330+0000] {processor.py:183} INFO - Processing /home/airflow/.local/lib/python3.8/site-packages/airflow/example_dags/example_bash_operator.py took 0.100 seconds
[2025-12-21T07:22:51.509+0000] {processor.py:161} INFO - Started process (PID=120) to work on /home/airflow/.local/lib/python3.8/site-packages/airflow/example_dags/example_bash_operator.py
[2025-12-21T07:22:51.511+0000] {processor.py:830} INFO - Processing file /home/airflow/.local/lib/python3.8/site-packages/airflow/example_dags/example_bash_operator.py for tasks to queue
[2025-12-21T07:22:51.513+0000] {logging_mixin.py:188} INFO - [2025-12-21T07:22:51.512+0000] {dagbag.py:540} INFO - Filling up the DagBag from /home/airflow/.local/lib/python3.8/site-packages/airflow/example_dags/example_bash_operator.py
[2025-12-21T07:22:51.527+0000] {processor.py:840} INFO - DAG(s) 'example_bash_operator' retrieved from /home/airflow/.local/lib/python3.8/site-packages/airflow/example_dags/example_bash_operator.py
[2025-12-21T07:22:51.637+0000] {logging_mixin.py:188} INFO - [2025-12-21T07:22:51.637+0000] {dag.py:3047} INFO - Sync 1 DAGs
[2025-12-21T07:22:51.660+0000] {logging_mixin.py:188} INFO - [2025-12-21T07:22:51.660+0000] {dag.py:3834} INFO - Setting next_dagrun for example_bash_operator to 2025-12-20 00:00:00+00:00, run_after=2025-12-21 00:00:00+00:00
[2025-12-21T07:22:51.682+0000] {processor.py:183} INFO - Processing /home/airflow/.local/lib/python3.8/site-packages/airflow/example_dags/example_bash_operator.py took 0.178 seconds
[2025-12-21T07:28:30.557+0000] {processor.py:161} INFO - Started process (PID=65) to work on /home/airflow/.local/lib/python3.8/site-packages/airflow/example_dags/example_bash_operator.py
[2025-12-21T07:28:30.559+0000] {processor.py:830} INFO - Processing file /home/airflow/.local/lib/python3.8/site-packages/airflow/example_dags/example_bash_operator.py for tasks to queue
[2025-12-21T07:28:30.562+0000] {logging_mixin.py:188} INFO - [2025-12-21T07:28:30.561+0000] {dagbag.py:540} INFO - Filling up the DagBag from /home/airflow/.local/lib/python3.8/site-packages/airflow/example_dags/example_bash_operator.py
[2025-12-21T07:28:30.579+0000] {processor.py:840} INFO - DAG(s) 'example_bash_operator' retrieved from /home/airflow/.local/lib/python3.8/site-packages/airflow/example_dags/example_bash_operator.py
[2025-12-21T07:28:30.600+0000] {logging_mixin.py:188} INFO - [2025-12-21T07:28:30.599+0000] {dag.py:3047} INFO - Sync 1 DAGs
[2025-12-21T07:28:30.630+0000] {logging_mixin.py:188} INFO - [2025-12-21T07:28:30.630+0000] {dag.py:3834} INFO - Setting next_dagrun for example_bash_operator to 2025-12-20 00:00:00+00:00, run_after=2025-12-21 00:00:00+00:00
[2025-12-21T07:28:30.659+0000] {processor.py:183} INFO - Processing /home/airflow/.local/lib/python3.8/site-packages/airflow/example_dags/example_bash_operator.py took 0.107 seconds
[2025-12-21T07:29:00.768+0000] {processor.py:161} INFO - Started process (PID=122) to work on /home/airflow/.local/lib/python3.8/site-packages/airflow/example_dags/example_bash_operator.py
[2025-12-21T07:29:00.769+0000] {processor.py:830} INFO - Processing file /home/airflow/.local/lib/python3.8/site-packages/airflow/example_dags/example_bash_operator.py for tasks to queue
[2025-12-21T07:29:00.771+0000] {logging_mixin.py:188} INFO - [2025-12-21T07:29:00.771+0000] {dagbag.py:540} INFO - Filling up the DagBag from /home/airflow/.local/lib/python3.8/site-packages/airflow/example_dags/example_bash_operator.py
[2025-12-21T07:29:00.785+0000] {processor.py:840} INFO - DAG(s) 'example_bash_operator' retrieved from /home/airflow/.local/lib/python3.8/site-packages/airflow/example_dags/example_bash_operator.py
[2025-12-21T07:29:00.899+0000] {logging_mixin.py:188} INFO - [2025-12-21T07:29:00.898+0000] {dag.py:3047} INFO - Sync 1 DAGs
[2025-12-21T07:29:00.932+0000] {logging_mixin.py:188} INFO - [2025-12-21T07:29:00.932+0000] {dag.py:3834} INFO - Setting next_dagrun for example_bash_operator to 2025-12-20 00:00:00+00:00, run_after=2025-12-21 00:00:00+00:00
[2025-12-21T07:29:00.955+0000] {processor.py:183} INFO - Processing /home/airflow/.local/lib/python3.8/site-packages/airflow/example_dags/example_bash_operator.py took 0.191 seconds
[2025-12-21T07:29:31.281+0000] {processor.py:161} INFO - Started process (PID=184) to work on /home/airflow/.local/lib/python3.8/site-packages/airflow/example_dags/example_bash_operator.py
[2025-12-21T07:29:31.283+0000] {processor.py:830} INFO - Processing file /home/airflow/.local/lib/python3.8/site-packages/airflow/example_dags/example_bash_operator.py for tasks to queue
[2025-12-21T07:29:31.285+0000] {logging_mixin.py:188} INFO - [2025-12-21T07:29:31.284+0000] {dagbag.py:540} INFO - Filling up the DagBag from /home/airflow/.local/lib/python3.8/site-packages/airflow/example_dags/example_bash_operator.py
[2025-12-21T07:29:31.296+0000] {processor.py:840} INFO - DAG(s) 'example_bash_operator' retrieved from /home/airflow/.local/lib/python3.8/site-packages/airflow/example_dags/example_bash_operator.py
[2025-12-21T07:29:31.328+0000] {logging_mixin.py:188} INFO - [2025-12-21T07:29:31.327+0000] {dag.py:3047} INFO - Sync 1 DAGs
[2025-12-21T07:29:31.353+0000] {logging_mixin.py:188} INFO - [2025-12-21T07:29:31.353+0000] {dag.py:3834} INFO - Setting next_dagrun for example_bash_operator to 2025-12-20 00:00:00+00:00, run_after=2025-12-21 00:00:00+00:00
[2025-12-21T07:29:31.375+0000] {processor.py:183} INFO - Processing /home/airflow/.local/lib/python3.8/site-packages/airflow/example_dags/example_bash_operator.py took 0.097 seconds
[2025-12-21T07:30:01.751+0000] {processor.py:161} INFO - Started process (PID=239) to work on /home/airflow/.local/lib/python3.8/site-packages/airflow/example_dags/example_bash_operator.py
[2025-12-21T07:30:01.753+0000] {processor.py:830} INFO - Processing file /home/airflow/.local/lib/python3.8/site-packages/airflow/example_dags/example_bash_operator.py for tasks to queue
[2025-12-21T07:30:01.755+0000] {logging_mixin.py:188} INFO - [2025-12-21T07:30:01.755+0000] {dagbag.py:540} INFO - Filling up the DagBag from /home/airflow/.local/lib/python3.8/site-packages/airflow/example_dags/example_bash_operator.py
[2025-12-21T07:30:01.769+0000] {processor.py:840} INFO - DAG(s) 'example_bash_operator' retrieved from /home/airflow/.local/lib/python3.8/site-packages/airflow/example_dags/example_bash_operator.py
[2025-12-21T07:30:01.805+0000] {logging_mixin.py:188} INFO - [2025-12-21T07:30:01.805+0000] {dag.py:3047} INFO - Sync 1 DAGs
[2025-12-21T07:30:01.834+0000] {logging_mixin.py:188} INFO - [2025-12-21T07:30:01.834+0000] {dag.py:3834} INFO - Setting next_dagrun for example_bash_operator to 2025-12-20 00:00:00+00:00, run_after=2025-12-21 00:00:00+00:00
[2025-12-21T07:30:01.863+0000] {processor.py:183} INFO - Processing /home/airflow/.local/lib/python3.8/site-packages/airflow/example_dags/example_bash_operator.py took 0.116 seconds
[2025-12-21T07:30:31.938+0000] {processor.py:161} INFO - Started process (PID=294) to work on /home/airflow/.local/lib/python3.8/site-packages/airflow/example_dags/example_bash_operator.py
[2025-12-21T07:30:31.940+0000] {processor.py:830} INFO - Processing file /home/airflow/.local/lib/python3.8/site-packages/airflow/example_dags/example_bash_operator.py for tasks to queue
[2025-12-21T07:30:31.942+0000] {logging_mixin.py:188} INFO - [2025-12-21T07:30:31.942+0000] {dagbag.py:540} INFO - Filling up the DagBag from /home/airflow/.local/lib/python3.8/site-packages/airflow/example_dags/example_bash_operator.py
[2025-12-21T07:30:31.955+0000] {processor.py:840} INFO - DAG(s) 'example_bash_operator' retrieved from /home/airflow/.local/lib/python3.8/site-packages/airflow/example_dags/example_bash_operator.py
[2025-12-21T07:30:31.988+0000] {logging_mixin.py:188} INFO - [2025-12-21T07:30:31.988+0000] {dag.py:3047} INFO - Sync 1 DAGs
[2025-12-21T07:30:32.015+0000] {logging_mixin.py:188} INFO - [2025-12-21T07:30:32.015+0000] {dag.py:3834} INFO - Setting next_dagrun for example_bash_operator to 2025-12-20 00:00:00+00:00, run_after=2025-12-21 00:00:00+00:00
[2025-12-21T07:30:32.048+0000] {processor.py:183} INFO - Processing /home/airflow/.local/lib/python3.8/site-packages/airflow/example_dags/example_bash_operator.py took 0.114 seconds
[2025-12-21T07:31:02.179+0000] {processor.py:161} INFO - Started process (PID=350) to work on /home/airflow/.local/lib/python3.8/site-packages/airflow/example_dags/example_bash_operator.py
[2025-12-21T07:31:02.180+0000] {processor.py:830} INFO - Processing file /home/airflow/.local/lib/python3.8/site-packages/airflow/example_dags/example_bash_operator.py for tasks to queue
[2025-12-21T07:31:02.182+0000] {logging_mixin.py:188} INFO - [2025-12-21T07:31:02.182+0000] {dagbag.py:540} INFO - Filling up the DagBag from /home/airflow/.local/lib/python3.8/site-packages/airflow/example_dags/example_bash_operator.py
[2025-12-21T07:31:02.194+0000] {processor.py:840} INFO - DAG(s) 'example_bash_operator' retrieved from /home/airflow/.local/lib/python3.8/site-packages/airflow/example_dags/example_bash_operator.py
[2025-12-21T07:31:02.226+0000] {logging_mixin.py:188} INFO - [2025-12-21T07:31:02.226+0000] {dag.py:3047} INFO - Sync 1 DAGs
[2025-12-21T07:31:02.251+0000] {logging_mixin.py:188} INFO - [2025-12-21T07:31:02.250+0000] {dag.py:3834} INFO - Setting next_dagrun for example_bash_operator to 2025-12-20 00:00:00+00:00, run_after=2025-12-21 00:00:00+00:00
[2025-12-21T07:31:02.272+0000] {processor.py:183} INFO - Processing /home/airflow/.local/lib/python3.8/site-packages/airflow/example_dags/example_bash_operator.py took 0.096 seconds
[2025-12-21T07:31:32.442+0000] {processor.py:161} INFO - Started process (PID=406) to work on /home/airflow/.local/lib/python3.8/site-packages/airflow/example_dags/example_bash_operator.py
[2025-12-21T07:31:32.445+0000] {processor.py:830} INFO - Processing file /home/airflow/.local/lib/python3.8/site-packages/airflow/example_dags/example_bash_operator.py for tasks to queue
[2025-12-21T07:31:32.448+0000] {logging_mixin.py:188} INFO - [2025-12-21T07:31:32.447+0000] {dagbag.py:540} INFO - Filling up the DagBag from /home/airflow/.local/lib/python3.8/site-packages/airflow/example_dags/example_bash_operator.py
[2025-12-21T07:31:32.466+0000] {processor.py:840} INFO - DAG(s) 'example_bash_operator' retrieved from /home/airflow/.local/lib/python3.8/site-packages/airflow/example_dags/example_bash_operator.py
[2025-12-21T07:31:32.508+0000] {logging_mixin.py:188} INFO - [2025-12-21T07:31:32.508+0000] {dag.py:3047} INFO - Sync 1 DAGs
[2025-12-21T07:31:32.539+0000] {logging_mixin.py:188} INFO - [2025-12-21T07:31:32.539+0000] {dag.py:3834} INFO - Setting next_dagrun for example_bash_operator to 2025-12-20 00:00:00+00:00, run_after=2025-12-21 00:00:00+00:00
[2025-12-21T07:31:32.563+0000] {processor.py:183} INFO - Processing /home/airflow/.local/lib/python3.8/site-packages/airflow/example_dags/example_bash_operator.py took 0.125 seconds
