[2025-12-21T06:58:36.887+0000] {processor.py:161} INFO - Started process (PID=63) to work on /home/airflow/.local/lib/python3.8/site-packages/airflow/example_dags/example_xcom.py
[2025-12-21T06:58:36.889+0000] {processor.py:830} INFO - Processing file /home/airflow/.local/lib/python3.8/site-packages/airflow/example_dags/example_xcom.py for tasks to queue
[2025-12-21T06:58:36.894+0000] {logging_mixin.py:188} INFO - [2025-12-21T06:58:36.892+0000] {dagbag.py:540} INFO - Filling up the DagBag from /home/airflow/.local/lib/python3.8/site-packages/airflow/example_dags/example_xcom.py
[2025-12-21T06:58:36.910+0000] {processor.py:840} INFO - DAG(s) 'example_xcom' retrieved from /home/airflow/.local/lib/python3.8/site-packages/airflow/example_dags/example_xcom.py
[2025-12-21T06:58:36.970+0000] {logging_mixin.py:188} INFO - [2025-12-21T06:58:36.970+0000] {dag.py:3047} INFO - Sync 1 DAGs
[2025-12-21T06:58:37.078+0000] {logging_mixin.py:188} INFO - [2025-12-21T06:58:37.077+0000] {dag.py:3834} INFO - Setting next_dagrun for example_xcom to 2021-01-01 00:00:00+00:00, run_after=2021-01-01 00:00:00+00:00
[2025-12-21T06:58:37.205+0000] {processor.py:183} INFO - Processing /home/airflow/.local/lib/python3.8/site-packages/airflow/example_dags/example_xcom.py took 0.331 seconds
[2025-12-21T06:58:52.259+0000] {processor.py:161} INFO - Started process (PID=59) to work on /home/airflow/.local/lib/python3.8/site-packages/airflow/example_dags/example_xcom.py
[2025-12-21T06:58:52.261+0000] {processor.py:830} INFO - Processing file /home/airflow/.local/lib/python3.8/site-packages/airflow/example_dags/example_xcom.py for tasks to queue
[2025-12-21T06:58:52.263+0000] {logging_mixin.py:188} INFO - [2025-12-21T06:58:52.262+0000] {dagbag.py:540} INFO - Filling up the DagBag from /home/airflow/.local/lib/python3.8/site-packages/airflow/example_dags/example_xcom.py
[2025-12-21T06:58:52.271+0000] {processor.py:840} INFO - DAG(s) 'example_xcom' retrieved from /home/airflow/.local/lib/python3.8/site-packages/airflow/example_dags/example_xcom.py
[2025-12-21T06:58:52.371+0000] {logging_mixin.py:188} INFO - [2025-12-21T06:58:52.371+0000] {dag.py:3047} INFO - Sync 1 DAGs
[2025-12-21T06:58:52.390+0000] {logging_mixin.py:188} INFO - [2025-12-21T06:58:52.390+0000] {dag.py:3834} INFO - Setting next_dagrun for example_xcom to 2021-01-01 00:00:00+00:00, run_after=2021-01-01 00:00:00+00:00
[2025-12-21T06:58:52.415+0000] {processor.py:183} INFO - Processing /home/airflow/.local/lib/python3.8/site-packages/airflow/example_dags/example_xcom.py took 0.159 seconds
[2025-12-21T06:59:23.393+0000] {processor.py:161} INFO - Started process (PID=115) to work on /home/airflow/.local/lib/python3.8/site-packages/airflow/example_dags/example_xcom.py
[2025-12-21T06:59:23.394+0000] {processor.py:830} INFO - Processing file /home/airflow/.local/lib/python3.8/site-packages/airflow/example_dags/example_xcom.py for tasks to queue
[2025-12-21T06:59:23.397+0000] {logging_mixin.py:188} INFO - [2025-12-21T06:59:23.396+0000] {dagbag.py:540} INFO - Filling up the DagBag from /home/airflow/.local/lib/python3.8/site-packages/airflow/example_dags/example_xcom.py
[2025-12-21T06:59:23.405+0000] {processor.py:840} INFO - DAG(s) 'example_xcom' retrieved from /home/airflow/.local/lib/python3.8/site-packages/airflow/example_dags/example_xcom.py
[2025-12-21T06:59:23.434+0000] {logging_mixin.py:188} INFO - [2025-12-21T06:59:23.433+0000] {dag.py:3047} INFO - Sync 1 DAGs
[2025-12-21T06:59:23.458+0000] {logging_mixin.py:188} INFO - [2025-12-21T06:59:23.457+0000] {dag.py:3834} INFO - Setting next_dagrun for example_xcom to 2021-01-01 00:00:00+00:00, run_after=2021-01-01 00:00:00+00:00
[2025-12-21T06:59:23.484+0000] {processor.py:183} INFO - Processing /home/airflow/.local/lib/python3.8/site-packages/airflow/example_dags/example_xcom.py took 0.095 seconds
[2025-12-21T06:59:53.796+0000] {processor.py:161} INFO - Started process (PID=171) to work on /home/airflow/.local/lib/python3.8/site-packages/airflow/example_dags/example_xcom.py
[2025-12-21T06:59:53.798+0000] {processor.py:830} INFO - Processing file /home/airflow/.local/lib/python3.8/site-packages/airflow/example_dags/example_xcom.py for tasks to queue
[2025-12-21T06:59:53.801+0000] {logging_mixin.py:188} INFO - [2025-12-21T06:59:53.800+0000] {dagbag.py:540} INFO - Filling up the DagBag from /home/airflow/.local/lib/python3.8/site-packages/airflow/example_dags/example_xcom.py
[2025-12-21T06:59:53.809+0000] {processor.py:840} INFO - DAG(s) 'example_xcom' retrieved from /home/airflow/.local/lib/python3.8/site-packages/airflow/example_dags/example_xcom.py
[2025-12-21T06:59:53.834+0000] {logging_mixin.py:188} INFO - [2025-12-21T06:59:53.833+0000] {dag.py:3047} INFO - Sync 1 DAGs
[2025-12-21T06:59:53.855+0000] {logging_mixin.py:188} INFO - [2025-12-21T06:59:53.855+0000] {dag.py:3834} INFO - Setting next_dagrun for example_xcom to 2021-01-01 00:00:00+00:00, run_after=2021-01-01 00:00:00+00:00
[2025-12-21T06:59:53.877+0000] {processor.py:183} INFO - Processing /home/airflow/.local/lib/python3.8/site-packages/airflow/example_dags/example_xcom.py took 0.085 seconds
[2025-12-21T07:00:24.005+0000] {processor.py:161} INFO - Started process (PID=227) to work on /home/airflow/.local/lib/python3.8/site-packages/airflow/example_dags/example_xcom.py
[2025-12-21T07:00:24.007+0000] {processor.py:830} INFO - Processing file /home/airflow/.local/lib/python3.8/site-packages/airflow/example_dags/example_xcom.py for tasks to queue
[2025-12-21T07:00:24.010+0000] {logging_mixin.py:188} INFO - [2025-12-21T07:00:24.009+0000] {dagbag.py:540} INFO - Filling up the DagBag from /home/airflow/.local/lib/python3.8/site-packages/airflow/example_dags/example_xcom.py
[2025-12-21T07:00:24.020+0000] {processor.py:840} INFO - DAG(s) 'example_xcom' retrieved from /home/airflow/.local/lib/python3.8/site-packages/airflow/example_dags/example_xcom.py
[2025-12-21T07:00:24.045+0000] {logging_mixin.py:188} INFO - [2025-12-21T07:00:24.045+0000] {dag.py:3047} INFO - Sync 1 DAGs
[2025-12-21T07:00:24.069+0000] {logging_mixin.py:188} INFO - [2025-12-21T07:00:24.069+0000] {dag.py:3834} INFO - Setting next_dagrun for example_xcom to 2021-01-01 00:00:00+00:00, run_after=2021-01-01 00:00:00+00:00
[2025-12-21T07:00:24.091+0000] {processor.py:183} INFO - Processing /home/airflow/.local/lib/python3.8/site-packages/airflow/example_dags/example_xcom.py took 0.090 seconds
[2025-12-21T07:00:54.380+0000] {processor.py:161} INFO - Started process (PID=283) to work on /home/airflow/.local/lib/python3.8/site-packages/airflow/example_dags/example_xcom.py
[2025-12-21T07:00:54.382+0000] {processor.py:830} INFO - Processing file /home/airflow/.local/lib/python3.8/site-packages/airflow/example_dags/example_xcom.py for tasks to queue
[2025-12-21T07:00:54.384+0000] {logging_mixin.py:188} INFO - [2025-12-21T07:00:54.384+0000] {dagbag.py:540} INFO - Filling up the DagBag from /home/airflow/.local/lib/python3.8/site-packages/airflow/example_dags/example_xcom.py
[2025-12-21T07:00:54.391+0000] {processor.py:840} INFO - DAG(s) 'example_xcom' retrieved from /home/airflow/.local/lib/python3.8/site-packages/airflow/example_dags/example_xcom.py
[2025-12-21T07:00:54.418+0000] {logging_mixin.py:188} INFO - [2025-12-21T07:00:54.418+0000] {dag.py:3047} INFO - Sync 1 DAGs
[2025-12-21T07:00:54.441+0000] {logging_mixin.py:188} INFO - [2025-12-21T07:00:54.440+0000] {dag.py:3834} INFO - Setting next_dagrun for example_xcom to 2021-01-01 00:00:00+00:00, run_after=2021-01-01 00:00:00+00:00
[2025-12-21T07:00:54.464+0000] {processor.py:183} INFO - Processing /home/airflow/.local/lib/python3.8/site-packages/airflow/example_dags/example_xcom.py took 0.088 seconds
[2025-12-21T07:01:24.719+0000] {processor.py:161} INFO - Started process (PID=339) to work on /home/airflow/.local/lib/python3.8/site-packages/airflow/example_dags/example_xcom.py
[2025-12-21T07:01:24.720+0000] {processor.py:830} INFO - Processing file /home/airflow/.local/lib/python3.8/site-packages/airflow/example_dags/example_xcom.py for tasks to queue
[2025-12-21T07:01:24.723+0000] {logging_mixin.py:188} INFO - [2025-12-21T07:01:24.723+0000] {dagbag.py:540} INFO - Filling up the DagBag from /home/airflow/.local/lib/python3.8/site-packages/airflow/example_dags/example_xcom.py
[2025-12-21T07:01:24.732+0000] {processor.py:840} INFO - DAG(s) 'example_xcom' retrieved from /home/airflow/.local/lib/python3.8/site-packages/airflow/example_dags/example_xcom.py
[2025-12-21T07:01:24.759+0000] {logging_mixin.py:188} INFO - [2025-12-21T07:01:24.758+0000] {dag.py:3047} INFO - Sync 1 DAGs
[2025-12-21T07:01:24.783+0000] {logging_mixin.py:188} INFO - [2025-12-21T07:01:24.783+0000] {dag.py:3834} INFO - Setting next_dagrun for example_xcom to 2021-01-01 00:00:00+00:00, run_after=2021-01-01 00:00:00+00:00
[2025-12-21T07:01:24.809+0000] {processor.py:183} INFO - Processing /home/airflow/.local/lib/python3.8/site-packages/airflow/example_dags/example_xcom.py took 0.094 seconds
[2025-12-21T07:01:54.950+0000] {processor.py:161} INFO - Started process (PID=395) to work on /home/airflow/.local/lib/python3.8/site-packages/airflow/example_dags/example_xcom.py
[2025-12-21T07:01:54.953+0000] {processor.py:830} INFO - Processing file /home/airflow/.local/lib/python3.8/site-packages/airflow/example_dags/example_xcom.py for tasks to queue
[2025-12-21T07:01:54.955+0000] {logging_mixin.py:188} INFO - [2025-12-21T07:01:54.955+0000] {dagbag.py:540} INFO - Filling up the DagBag from /home/airflow/.local/lib/python3.8/site-packages/airflow/example_dags/example_xcom.py
[2025-12-21T07:01:54.965+0000] {processor.py:840} INFO - DAG(s) 'example_xcom' retrieved from /home/airflow/.local/lib/python3.8/site-packages/airflow/example_dags/example_xcom.py
[2025-12-21T07:01:54.993+0000] {logging_mixin.py:188} INFO - [2025-12-21T07:01:54.993+0000] {dag.py:3047} INFO - Sync 1 DAGs
[2025-12-21T07:01:55.018+0000] {logging_mixin.py:188} INFO - [2025-12-21T07:01:55.018+0000] {dag.py:3834} INFO - Setting next_dagrun for example_xcom to 2021-01-01 00:00:00+00:00, run_after=2021-01-01 00:00:00+00:00
[2025-12-21T07:01:55.049+0000] {processor.py:183} INFO - Processing /home/airflow/.local/lib/python3.8/site-packages/airflow/example_dags/example_xcom.py took 0.104 seconds
[2025-12-21T07:02:25.201+0000] {processor.py:161} INFO - Started process (PID=450) to work on /home/airflow/.local/lib/python3.8/site-packages/airflow/example_dags/example_xcom.py
[2025-12-21T07:02:25.203+0000] {processor.py:830} INFO - Processing file /home/airflow/.local/lib/python3.8/site-packages/airflow/example_dags/example_xcom.py for tasks to queue
[2025-12-21T07:02:25.206+0000] {logging_mixin.py:188} INFO - [2025-12-21T07:02:25.206+0000] {dagbag.py:540} INFO - Filling up the DagBag from /home/airflow/.local/lib/python3.8/site-packages/airflow/example_dags/example_xcom.py
[2025-12-21T07:02:25.218+0000] {processor.py:840} INFO - DAG(s) 'example_xcom' retrieved from /home/airflow/.local/lib/python3.8/site-packages/airflow/example_dags/example_xcom.py
[2025-12-21T07:02:25.246+0000] {logging_mixin.py:188} INFO - [2025-12-21T07:02:25.245+0000] {dag.py:3047} INFO - Sync 1 DAGs
[2025-12-21T07:02:25.282+0000] {logging_mixin.py:188} INFO - [2025-12-21T07:02:25.281+0000] {dag.py:3834} INFO - Setting next_dagrun for example_xcom to 2021-01-01 00:00:00+00:00, run_after=2021-01-01 00:00:00+00:00
[2025-12-21T07:02:25.310+0000] {processor.py:183} INFO - Processing /home/airflow/.local/lib/python3.8/site-packages/airflow/example_dags/example_xcom.py took 0.113 seconds
[2025-12-21T07:02:55.511+0000] {processor.py:161} INFO - Started process (PID=506) to work on /home/airflow/.local/lib/python3.8/site-packages/airflow/example_dags/example_xcom.py
[2025-12-21T07:02:55.514+0000] {processor.py:830} INFO - Processing file /home/airflow/.local/lib/python3.8/site-packages/airflow/example_dags/example_xcom.py for tasks to queue
[2025-12-21T07:02:55.519+0000] {logging_mixin.py:188} INFO - [2025-12-21T07:02:55.518+0000] {dagbag.py:540} INFO - Filling up the DagBag from /home/airflow/.local/lib/python3.8/site-packages/airflow/example_dags/example_xcom.py
[2025-12-21T07:02:55.541+0000] {processor.py:840} INFO - DAG(s) 'example_xcom' retrieved from /home/airflow/.local/lib/python3.8/site-packages/airflow/example_dags/example_xcom.py
[2025-12-21T07:02:55.608+0000] {logging_mixin.py:188} INFO - [2025-12-21T07:02:55.607+0000] {dag.py:3047} INFO - Sync 1 DAGs
[2025-12-21T07:02:55.660+0000] {logging_mixin.py:188} INFO - [2025-12-21T07:02:55.660+0000] {dag.py:3834} INFO - Setting next_dagrun for example_xcom to 2021-01-01 00:00:00+00:00, run_after=2021-01-01 00:00:00+00:00
[2025-12-21T07:02:55.692+0000] {processor.py:183} INFO - Processing /home/airflow/.local/lib/python3.8/site-packages/airflow/example_dags/example_xcom.py took 0.190 seconds
[2025-12-21T07:03:25.920+0000] {processor.py:161} INFO - Started process (PID=562) to work on /home/airflow/.local/lib/python3.8/site-packages/airflow/example_dags/example_xcom.py
[2025-12-21T07:03:25.921+0000] {processor.py:830} INFO - Processing file /home/airflow/.local/lib/python3.8/site-packages/airflow/example_dags/example_xcom.py for tasks to queue
[2025-12-21T07:03:25.924+0000] {logging_mixin.py:188} INFO - [2025-12-21T07:03:25.923+0000] {dagbag.py:540} INFO - Filling up the DagBag from /home/airflow/.local/lib/python3.8/site-packages/airflow/example_dags/example_xcom.py
[2025-12-21T07:03:25.932+0000] {processor.py:840} INFO - DAG(s) 'example_xcom' retrieved from /home/airflow/.local/lib/python3.8/site-packages/airflow/example_dags/example_xcom.py
[2025-12-21T07:03:25.956+0000] {logging_mixin.py:188} INFO - [2025-12-21T07:03:25.956+0000] {dag.py:3047} INFO - Sync 1 DAGs
[2025-12-21T07:03:25.979+0000] {logging_mixin.py:188} INFO - [2025-12-21T07:03:25.978+0000] {dag.py:3834} INFO - Setting next_dagrun for example_xcom to 2021-01-01 00:00:00+00:00, run_after=2021-01-01 00:00:00+00:00
[2025-12-21T07:03:26.001+0000] {processor.py:183} INFO - Processing /home/airflow/.local/lib/python3.8/site-packages/airflow/example_dags/example_xcom.py took 0.085 seconds
[2025-12-21T07:03:56.609+0000] {processor.py:161} INFO - Started process (PID=618) to work on /home/airflow/.local/lib/python3.8/site-packages/airflow/example_dags/example_xcom.py
[2025-12-21T07:03:56.610+0000] {processor.py:830} INFO - Processing file /home/airflow/.local/lib/python3.8/site-packages/airflow/example_dags/example_xcom.py for tasks to queue
[2025-12-21T07:03:56.612+0000] {logging_mixin.py:188} INFO - [2025-12-21T07:03:56.612+0000] {dagbag.py:540} INFO - Filling up the DagBag from /home/airflow/.local/lib/python3.8/site-packages/airflow/example_dags/example_xcom.py
[2025-12-21T07:03:56.621+0000] {processor.py:840} INFO - DAG(s) 'example_xcom' retrieved from /home/airflow/.local/lib/python3.8/site-packages/airflow/example_dags/example_xcom.py
[2025-12-21T07:03:56.644+0000] {logging_mixin.py:188} INFO - [2025-12-21T07:03:56.643+0000] {dag.py:3047} INFO - Sync 1 DAGs
[2025-12-21T07:03:56.666+0000] {logging_mixin.py:188} INFO - [2025-12-21T07:03:56.665+0000] {dag.py:3834} INFO - Setting next_dagrun for example_xcom to 2021-01-01 00:00:00+00:00, run_after=2021-01-01 00:00:00+00:00
[2025-12-21T07:03:56.685+0000] {processor.py:183} INFO - Processing /home/airflow/.local/lib/python3.8/site-packages/airflow/example_dags/example_xcom.py took 0.081 seconds
[2025-12-21T07:04:27.411+0000] {processor.py:161} INFO - Started process (PID=674) to work on /home/airflow/.local/lib/python3.8/site-packages/airflow/example_dags/example_xcom.py
[2025-12-21T07:04:27.412+0000] {processor.py:830} INFO - Processing file /home/airflow/.local/lib/python3.8/site-packages/airflow/example_dags/example_xcom.py for tasks to queue
[2025-12-21T07:04:27.415+0000] {logging_mixin.py:188} INFO - [2025-12-21T07:04:27.415+0000] {dagbag.py:540} INFO - Filling up the DagBag from /home/airflow/.local/lib/python3.8/site-packages/airflow/example_dags/example_xcom.py
[2025-12-21T07:04:27.424+0000] {processor.py:840} INFO - DAG(s) 'example_xcom' retrieved from /home/airflow/.local/lib/python3.8/site-packages/airflow/example_dags/example_xcom.py
[2025-12-21T07:04:27.450+0000] {logging_mixin.py:188} INFO - [2025-12-21T07:04:27.450+0000] {dag.py:3047} INFO - Sync 1 DAGs
[2025-12-21T07:04:27.478+0000] {logging_mixin.py:188} INFO - [2025-12-21T07:04:27.478+0000] {dag.py:3834} INFO - Setting next_dagrun for example_xcom to 2021-01-01 00:00:00+00:00, run_after=2021-01-01 00:00:00+00:00
[2025-12-21T07:04:27.501+0000] {processor.py:183} INFO - Processing /home/airflow/.local/lib/python3.8/site-packages/airflow/example_dags/example_xcom.py took 0.095 seconds
[2025-12-21T07:04:57.750+0000] {processor.py:161} INFO - Started process (PID=730) to work on /home/airflow/.local/lib/python3.8/site-packages/airflow/example_dags/example_xcom.py
[2025-12-21T07:04:57.751+0000] {processor.py:830} INFO - Processing file /home/airflow/.local/lib/python3.8/site-packages/airflow/example_dags/example_xcom.py for tasks to queue
[2025-12-21T07:04:57.754+0000] {logging_mixin.py:188} INFO - [2025-12-21T07:04:57.753+0000] {dagbag.py:540} INFO - Filling up the DagBag from /home/airflow/.local/lib/python3.8/site-packages/airflow/example_dags/example_xcom.py
[2025-12-21T07:04:57.761+0000] {processor.py:840} INFO - DAG(s) 'example_xcom' retrieved from /home/airflow/.local/lib/python3.8/site-packages/airflow/example_dags/example_xcom.py
[2025-12-21T07:04:57.786+0000] {logging_mixin.py:188} INFO - [2025-12-21T07:04:57.786+0000] {dag.py:3047} INFO - Sync 1 DAGs
[2025-12-21T07:04:57.808+0000] {logging_mixin.py:188} INFO - [2025-12-21T07:04:57.808+0000] {dag.py:3834} INFO - Setting next_dagrun for example_xcom to 2021-01-01 00:00:00+00:00, run_after=2021-01-01 00:00:00+00:00
[2025-12-21T07:04:57.828+0000] {processor.py:183} INFO - Processing /home/airflow/.local/lib/python3.8/site-packages/airflow/example_dags/example_xcom.py took 0.082 seconds
[2025-12-21T07:05:28.257+0000] {processor.py:161} INFO - Started process (PID=786) to work on /home/airflow/.local/lib/python3.8/site-packages/airflow/example_dags/example_xcom.py
[2025-12-21T07:05:28.260+0000] {processor.py:830} INFO - Processing file /home/airflow/.local/lib/python3.8/site-packages/airflow/example_dags/example_xcom.py for tasks to queue
[2025-12-21T07:05:28.263+0000] {logging_mixin.py:188} INFO - [2025-12-21T07:05:28.262+0000] {dagbag.py:540} INFO - Filling up the DagBag from /home/airflow/.local/lib/python3.8/site-packages/airflow/example_dags/example_xcom.py
[2025-12-21T07:05:28.273+0000] {processor.py:840} INFO - DAG(s) 'example_xcom' retrieved from /home/airflow/.local/lib/python3.8/site-packages/airflow/example_dags/example_xcom.py
[2025-12-21T07:05:28.298+0000] {logging_mixin.py:188} INFO - [2025-12-21T07:05:28.298+0000] {dag.py:3047} INFO - Sync 1 DAGs
[2025-12-21T07:05:28.324+0000] {logging_mixin.py:188} INFO - [2025-12-21T07:05:28.324+0000] {dag.py:3834} INFO - Setting next_dagrun for example_xcom to 2021-01-01 00:00:00+00:00, run_after=2021-01-01 00:00:00+00:00
[2025-12-21T07:05:28.350+0000] {processor.py:183} INFO - Processing /home/airflow/.local/lib/python3.8/site-packages/airflow/example_dags/example_xcom.py took 0.099 seconds
[2025-12-21T07:05:58.579+0000] {processor.py:161} INFO - Started process (PID=842) to work on /home/airflow/.local/lib/python3.8/site-packages/airflow/example_dags/example_xcom.py
[2025-12-21T07:05:58.581+0000] {processor.py:830} INFO - Processing file /home/airflow/.local/lib/python3.8/site-packages/airflow/example_dags/example_xcom.py for tasks to queue
[2025-12-21T07:05:58.584+0000] {logging_mixin.py:188} INFO - [2025-12-21T07:05:58.583+0000] {dagbag.py:540} INFO - Filling up the DagBag from /home/airflow/.local/lib/python3.8/site-packages/airflow/example_dags/example_xcom.py
[2025-12-21T07:05:58.595+0000] {processor.py:840} INFO - DAG(s) 'example_xcom' retrieved from /home/airflow/.local/lib/python3.8/site-packages/airflow/example_dags/example_xcom.py
[2025-12-21T07:05:58.625+0000] {logging_mixin.py:188} INFO - [2025-12-21T07:05:58.625+0000] {dag.py:3047} INFO - Sync 1 DAGs
[2025-12-21T07:05:58.653+0000] {logging_mixin.py:188} INFO - [2025-12-21T07:05:58.653+0000] {dag.py:3834} INFO - Setting next_dagrun for example_xcom to 2021-01-01 00:00:00+00:00, run_after=2021-01-01 00:00:00+00:00
[2025-12-21T07:05:58.682+0000] {processor.py:183} INFO - Processing /home/airflow/.local/lib/python3.8/site-packages/airflow/example_dags/example_xcom.py took 0.107 seconds
[2025-12-21T07:06:28.840+0000] {processor.py:161} INFO - Started process (PID=898) to work on /home/airflow/.local/lib/python3.8/site-packages/airflow/example_dags/example_xcom.py
[2025-12-21T07:06:28.841+0000] {processor.py:830} INFO - Processing file /home/airflow/.local/lib/python3.8/site-packages/airflow/example_dags/example_xcom.py for tasks to queue
[2025-12-21T07:06:28.844+0000] {logging_mixin.py:188} INFO - [2025-12-21T07:06:28.843+0000] {dagbag.py:540} INFO - Filling up the DagBag from /home/airflow/.local/lib/python3.8/site-packages/airflow/example_dags/example_xcom.py
[2025-12-21T07:06:28.853+0000] {processor.py:840} INFO - DAG(s) 'example_xcom' retrieved from /home/airflow/.local/lib/python3.8/site-packages/airflow/example_dags/example_xcom.py
[2025-12-21T07:06:28.881+0000] {logging_mixin.py:188} INFO - [2025-12-21T07:06:28.880+0000] {dag.py:3047} INFO - Sync 1 DAGs
[2025-12-21T07:06:28.907+0000] {logging_mixin.py:188} INFO - [2025-12-21T07:06:28.907+0000] {dag.py:3834} INFO - Setting next_dagrun for example_xcom to 2021-01-01 00:00:00+00:00, run_after=2021-01-01 00:00:00+00:00
[2025-12-21T07:06:28.931+0000] {processor.py:183} INFO - Processing /home/airflow/.local/lib/python3.8/site-packages/airflow/example_dags/example_xcom.py took 0.096 seconds
[2025-12-21T07:06:59.145+0000] {processor.py:161} INFO - Started process (PID=954) to work on /home/airflow/.local/lib/python3.8/site-packages/airflow/example_dags/example_xcom.py
[2025-12-21T07:06:59.146+0000] {processor.py:830} INFO - Processing file /home/airflow/.local/lib/python3.8/site-packages/airflow/example_dags/example_xcom.py for tasks to queue
[2025-12-21T07:06:59.149+0000] {logging_mixin.py:188} INFO - [2025-12-21T07:06:59.148+0000] {dagbag.py:540} INFO - Filling up the DagBag from /home/airflow/.local/lib/python3.8/site-packages/airflow/example_dags/example_xcom.py
[2025-12-21T07:06:59.157+0000] {processor.py:840} INFO - DAG(s) 'example_xcom' retrieved from /home/airflow/.local/lib/python3.8/site-packages/airflow/example_dags/example_xcom.py
[2025-12-21T07:06:59.184+0000] {logging_mixin.py:188} INFO - [2025-12-21T07:06:59.183+0000] {dag.py:3047} INFO - Sync 1 DAGs
[2025-12-21T07:06:59.211+0000] {logging_mixin.py:188} INFO - [2025-12-21T07:06:59.211+0000] {dag.py:3834} INFO - Setting next_dagrun for example_xcom to 2021-01-01 00:00:00+00:00, run_after=2021-01-01 00:00:00+00:00
[2025-12-21T07:06:59.235+0000] {processor.py:183} INFO - Processing /home/airflow/.local/lib/python3.8/site-packages/airflow/example_dags/example_xcom.py took 0.094 seconds
[2025-12-21T07:07:29.659+0000] {processor.py:161} INFO - Started process (PID=1010) to work on /home/airflow/.local/lib/python3.8/site-packages/airflow/example_dags/example_xcom.py
[2025-12-21T07:07:29.660+0000] {processor.py:830} INFO - Processing file /home/airflow/.local/lib/python3.8/site-packages/airflow/example_dags/example_xcom.py for tasks to queue
[2025-12-21T07:07:29.662+0000] {logging_mixin.py:188} INFO - [2025-12-21T07:07:29.662+0000] {dagbag.py:540} INFO - Filling up the DagBag from /home/airflow/.local/lib/python3.8/site-packages/airflow/example_dags/example_xcom.py
[2025-12-21T07:07:29.670+0000] {processor.py:840} INFO - DAG(s) 'example_xcom' retrieved from /home/airflow/.local/lib/python3.8/site-packages/airflow/example_dags/example_xcom.py
[2025-12-21T07:07:29.695+0000] {logging_mixin.py:188} INFO - [2025-12-21T07:07:29.695+0000] {dag.py:3047} INFO - Sync 1 DAGs
[2025-12-21T07:07:29.720+0000] {logging_mixin.py:188} INFO - [2025-12-21T07:07:29.719+0000] {dag.py:3834} INFO - Setting next_dagrun for example_xcom to 2021-01-01 00:00:00+00:00, run_after=2021-01-01 00:00:00+00:00
[2025-12-21T07:07:29.741+0000] {processor.py:183} INFO - Processing /home/airflow/.local/lib/python3.8/site-packages/airflow/example_dags/example_xcom.py took 0.086 seconds
[2025-12-21T07:08:00.426+0000] {processor.py:161} INFO - Started process (PID=1066) to work on /home/airflow/.local/lib/python3.8/site-packages/airflow/example_dags/example_xcom.py
[2025-12-21T07:08:00.429+0000] {processor.py:830} INFO - Processing file /home/airflow/.local/lib/python3.8/site-packages/airflow/example_dags/example_xcom.py for tasks to queue
[2025-12-21T07:08:00.432+0000] {logging_mixin.py:188} INFO - [2025-12-21T07:08:00.432+0000] {dagbag.py:540} INFO - Filling up the DagBag from /home/airflow/.local/lib/python3.8/site-packages/airflow/example_dags/example_xcom.py
[2025-12-21T07:08:00.445+0000] {processor.py:840} INFO - DAG(s) 'example_xcom' retrieved from /home/airflow/.local/lib/python3.8/site-packages/airflow/example_dags/example_xcom.py
[2025-12-21T07:08:00.472+0000] {logging_mixin.py:188} INFO - [2025-12-21T07:08:00.471+0000] {dag.py:3047} INFO - Sync 1 DAGs
[2025-12-21T07:08:00.496+0000] {logging_mixin.py:188} INFO - [2025-12-21T07:08:00.496+0000] {dag.py:3834} INFO - Setting next_dagrun for example_xcom to 2021-01-01 00:00:00+00:00, run_after=2021-01-01 00:00:00+00:00
[2025-12-21T07:08:00.521+0000] {processor.py:183} INFO - Processing /home/airflow/.local/lib/python3.8/site-packages/airflow/example_dags/example_xcom.py took 0.103 seconds
[2025-12-21T07:08:30.588+0000] {processor.py:161} INFO - Started process (PID=1122) to work on /home/airflow/.local/lib/python3.8/site-packages/airflow/example_dags/example_xcom.py
[2025-12-21T07:08:30.590+0000] {processor.py:830} INFO - Processing file /home/airflow/.local/lib/python3.8/site-packages/airflow/example_dags/example_xcom.py for tasks to queue
[2025-12-21T07:08:30.592+0000] {logging_mixin.py:188} INFO - [2025-12-21T07:08:30.591+0000] {dagbag.py:540} INFO - Filling up the DagBag from /home/airflow/.local/lib/python3.8/site-packages/airflow/example_dags/example_xcom.py
[2025-12-21T07:08:30.601+0000] {processor.py:840} INFO - DAG(s) 'example_xcom' retrieved from /home/airflow/.local/lib/python3.8/site-packages/airflow/example_dags/example_xcom.py
[2025-12-21T07:08:30.626+0000] {logging_mixin.py:188} INFO - [2025-12-21T07:08:30.626+0000] {dag.py:3047} INFO - Sync 1 DAGs
[2025-12-21T07:08:30.649+0000] {logging_mixin.py:188} INFO - [2025-12-21T07:08:30.649+0000] {dag.py:3834} INFO - Setting next_dagrun for example_xcom to 2021-01-01 00:00:00+00:00, run_after=2021-01-01 00:00:00+00:00
[2025-12-21T07:08:30.671+0000] {processor.py:183} INFO - Processing /home/airflow/.local/lib/python3.8/site-packages/airflow/example_dags/example_xcom.py took 0.087 seconds
[2025-12-21T07:11:42.515+0000] {processor.py:161} INFO - Started process (PID=65) to work on /home/airflow/.local/lib/python3.8/site-packages/airflow/example_dags/example_xcom.py
[2025-12-21T07:11:42.516+0000] {processor.py:830} INFO - Processing file /home/airflow/.local/lib/python3.8/site-packages/airflow/example_dags/example_xcom.py for tasks to queue
[2025-12-21T07:11:42.519+0000] {logging_mixin.py:188} INFO - [2025-12-21T07:11:42.518+0000] {dagbag.py:540} INFO - Filling up the DagBag from /home/airflow/.local/lib/python3.8/site-packages/airflow/example_dags/example_xcom.py
[2025-12-21T07:11:42.529+0000] {processor.py:840} INFO - DAG(s) 'example_xcom' retrieved from /home/airflow/.local/lib/python3.8/site-packages/airflow/example_dags/example_xcom.py
[2025-12-21T07:11:42.544+0000] {logging_mixin.py:188} INFO - [2025-12-21T07:11:42.544+0000] {dag.py:3047} INFO - Sync 1 DAGs
[2025-12-21T07:11:42.578+0000] {logging_mixin.py:188} INFO - [2025-12-21T07:11:42.578+0000] {dag.py:3834} INFO - Setting next_dagrun for example_xcom to 2021-01-01 00:00:00+00:00, run_after=2021-01-01 00:00:00+00:00
[2025-12-21T07:11:42.608+0000] {processor.py:183} INFO - Processing /home/airflow/.local/lib/python3.8/site-packages/airflow/example_dags/example_xcom.py took 0.098 seconds
[2025-12-21T07:12:13.955+0000] {processor.py:161} INFO - Started process (PID=126) to work on /home/airflow/.local/lib/python3.8/site-packages/airflow/example_dags/example_xcom.py
[2025-12-21T07:12:13.957+0000] {processor.py:830} INFO - Processing file /home/airflow/.local/lib/python3.8/site-packages/airflow/example_dags/example_xcom.py for tasks to queue
[2025-12-21T07:12:13.959+0000] {logging_mixin.py:188} INFO - [2025-12-21T07:12:13.959+0000] {dagbag.py:540} INFO - Filling up the DagBag from /home/airflow/.local/lib/python3.8/site-packages/airflow/example_dags/example_xcom.py
[2025-12-21T07:12:13.968+0000] {processor.py:840} INFO - DAG(s) 'example_xcom' retrieved from /home/airflow/.local/lib/python3.8/site-packages/airflow/example_dags/example_xcom.py
[2025-12-21T07:12:14.058+0000] {logging_mixin.py:188} INFO - [2025-12-21T07:12:14.058+0000] {dag.py:3047} INFO - Sync 1 DAGs
[2025-12-21T07:12:14.077+0000] {logging_mixin.py:188} INFO - [2025-12-21T07:12:14.076+0000] {dag.py:3834} INFO - Setting next_dagrun for example_xcom to 2021-01-01 00:00:00+00:00, run_after=2021-01-01 00:00:00+00:00
[2025-12-21T07:12:14.095+0000] {processor.py:183} INFO - Processing /home/airflow/.local/lib/python3.8/site-packages/airflow/example_dags/example_xcom.py took 0.144 seconds
[2025-12-21T07:12:44.735+0000] {processor.py:161} INFO - Started process (PID=182) to work on /home/airflow/.local/lib/python3.8/site-packages/airflow/example_dags/example_xcom.py
[2025-12-21T07:12:44.736+0000] {processor.py:830} INFO - Processing file /home/airflow/.local/lib/python3.8/site-packages/airflow/example_dags/example_xcom.py for tasks to queue
[2025-12-21T07:12:44.738+0000] {logging_mixin.py:188} INFO - [2025-12-21T07:12:44.738+0000] {dagbag.py:540} INFO - Filling up the DagBag from /home/airflow/.local/lib/python3.8/site-packages/airflow/example_dags/example_xcom.py
[2025-12-21T07:12:44.747+0000] {processor.py:840} INFO - DAG(s) 'example_xcom' retrieved from /home/airflow/.local/lib/python3.8/site-packages/airflow/example_dags/example_xcom.py
[2025-12-21T07:12:44.770+0000] {logging_mixin.py:188} INFO - [2025-12-21T07:12:44.770+0000] {dag.py:3047} INFO - Sync 1 DAGs
[2025-12-21T07:12:44.791+0000] {logging_mixin.py:188} INFO - [2025-12-21T07:12:44.790+0000] {dag.py:3834} INFO - Setting next_dagrun for example_xcom to 2021-01-01 00:00:00+00:00, run_after=2021-01-01 00:00:00+00:00
[2025-12-21T07:12:44.813+0000] {processor.py:183} INFO - Processing /home/airflow/.local/lib/python3.8/site-packages/airflow/example_dags/example_xcom.py took 0.082 seconds
[2025-12-21T07:13:15.486+0000] {processor.py:161} INFO - Started process (PID=238) to work on /home/airflow/.local/lib/python3.8/site-packages/airflow/example_dags/example_xcom.py
[2025-12-21T07:13:15.487+0000] {processor.py:830} INFO - Processing file /home/airflow/.local/lib/python3.8/site-packages/airflow/example_dags/example_xcom.py for tasks to queue
[2025-12-21T07:13:15.490+0000] {logging_mixin.py:188} INFO - [2025-12-21T07:13:15.489+0000] {dagbag.py:540} INFO - Filling up the DagBag from /home/airflow/.local/lib/python3.8/site-packages/airflow/example_dags/example_xcom.py
[2025-12-21T07:13:15.500+0000] {processor.py:840} INFO - DAG(s) 'example_xcom' retrieved from /home/airflow/.local/lib/python3.8/site-packages/airflow/example_dags/example_xcom.py
[2025-12-21T07:13:15.527+0000] {logging_mixin.py:188} INFO - [2025-12-21T07:13:15.527+0000] {dag.py:3047} INFO - Sync 1 DAGs
[2025-12-21T07:13:15.557+0000] {logging_mixin.py:188} INFO - [2025-12-21T07:13:15.556+0000] {dag.py:3834} INFO - Setting next_dagrun for example_xcom to 2021-01-01 00:00:00+00:00, run_after=2021-01-01 00:00:00+00:00
[2025-12-21T07:13:15.589+0000] {processor.py:183} INFO - Processing /home/airflow/.local/lib/python3.8/site-packages/airflow/example_dags/example_xcom.py took 0.108 seconds
[2025-12-21T07:13:46.480+0000] {processor.py:161} INFO - Started process (PID=294) to work on /home/airflow/.local/lib/python3.8/site-packages/airflow/example_dags/example_xcom.py
[2025-12-21T07:13:46.482+0000] {processor.py:830} INFO - Processing file /home/airflow/.local/lib/python3.8/site-packages/airflow/example_dags/example_xcom.py for tasks to queue
[2025-12-21T07:13:46.484+0000] {logging_mixin.py:188} INFO - [2025-12-21T07:13:46.484+0000] {dagbag.py:540} INFO - Filling up the DagBag from /home/airflow/.local/lib/python3.8/site-packages/airflow/example_dags/example_xcom.py
[2025-12-21T07:13:46.493+0000] {processor.py:840} INFO - DAG(s) 'example_xcom' retrieved from /home/airflow/.local/lib/python3.8/site-packages/airflow/example_dags/example_xcom.py
[2025-12-21T07:13:46.524+0000] {logging_mixin.py:188} INFO - [2025-12-21T07:13:46.523+0000] {dag.py:3047} INFO - Sync 1 DAGs
[2025-12-21T07:13:46.558+0000] {logging_mixin.py:188} INFO - [2025-12-21T07:13:46.557+0000] {dag.py:3834} INFO - Setting next_dagrun for example_xcom to 2021-01-01 00:00:00+00:00, run_after=2021-01-01 00:00:00+00:00
[2025-12-21T07:13:46.592+0000] {processor.py:183} INFO - Processing /home/airflow/.local/lib/python3.8/site-packages/airflow/example_dags/example_xcom.py took 0.116 seconds
[2025-12-21T07:14:17.175+0000] {processor.py:161} INFO - Started process (PID=350) to work on /home/airflow/.local/lib/python3.8/site-packages/airflow/example_dags/example_xcom.py
[2025-12-21T07:14:17.176+0000] {processor.py:830} INFO - Processing file /home/airflow/.local/lib/python3.8/site-packages/airflow/example_dags/example_xcom.py for tasks to queue
[2025-12-21T07:14:17.179+0000] {logging_mixin.py:188} INFO - [2025-12-21T07:14:17.178+0000] {dagbag.py:540} INFO - Filling up the DagBag from /home/airflow/.local/lib/python3.8/site-packages/airflow/example_dags/example_xcom.py
[2025-12-21T07:14:17.187+0000] {processor.py:840} INFO - DAG(s) 'example_xcom' retrieved from /home/airflow/.local/lib/python3.8/site-packages/airflow/example_dags/example_xcom.py
[2025-12-21T07:14:17.212+0000] {logging_mixin.py:188} INFO - [2025-12-21T07:14:17.212+0000] {dag.py:3047} INFO - Sync 1 DAGs
[2025-12-21T07:14:17.245+0000] {logging_mixin.py:188} INFO - [2025-12-21T07:14:17.244+0000] {dag.py:3834} INFO - Setting next_dagrun for example_xcom to 2021-01-01 00:00:00+00:00, run_after=2021-01-01 00:00:00+00:00
[2025-12-21T07:14:17.280+0000] {processor.py:183} INFO - Processing /home/airflow/.local/lib/python3.8/site-packages/airflow/example_dags/example_xcom.py took 0.109 seconds
[2025-12-21T07:14:47.911+0000] {processor.py:161} INFO - Started process (PID=406) to work on /home/airflow/.local/lib/python3.8/site-packages/airflow/example_dags/example_xcom.py
[2025-12-21T07:14:47.913+0000] {processor.py:830} INFO - Processing file /home/airflow/.local/lib/python3.8/site-packages/airflow/example_dags/example_xcom.py for tasks to queue
[2025-12-21T07:14:47.916+0000] {logging_mixin.py:188} INFO - [2025-12-21T07:14:47.915+0000] {dagbag.py:540} INFO - Filling up the DagBag from /home/airflow/.local/lib/python3.8/site-packages/airflow/example_dags/example_xcom.py
[2025-12-21T07:14:47.925+0000] {processor.py:840} INFO - DAG(s) 'example_xcom' retrieved from /home/airflow/.local/lib/python3.8/site-packages/airflow/example_dags/example_xcom.py
[2025-12-21T07:14:47.955+0000] {logging_mixin.py:188} INFO - [2025-12-21T07:14:47.955+0000] {dag.py:3047} INFO - Sync 1 DAGs
[2025-12-21T07:14:47.991+0000] {logging_mixin.py:188} INFO - [2025-12-21T07:14:47.990+0000] {dag.py:3834} INFO - Setting next_dagrun for example_xcom to 2021-01-01 00:00:00+00:00, run_after=2021-01-01 00:00:00+00:00
[2025-12-21T07:14:48.021+0000] {processor.py:183} INFO - Processing /home/airflow/.local/lib/python3.8/site-packages/airflow/example_dags/example_xcom.py took 0.115 seconds
[2025-12-21T07:15:18.204+0000] {processor.py:161} INFO - Started process (PID=462) to work on /home/airflow/.local/lib/python3.8/site-packages/airflow/example_dags/example_xcom.py
[2025-12-21T07:15:18.205+0000] {processor.py:830} INFO - Processing file /home/airflow/.local/lib/python3.8/site-packages/airflow/example_dags/example_xcom.py for tasks to queue
[2025-12-21T07:15:18.207+0000] {logging_mixin.py:188} INFO - [2025-12-21T07:15:18.207+0000] {dagbag.py:540} INFO - Filling up the DagBag from /home/airflow/.local/lib/python3.8/site-packages/airflow/example_dags/example_xcom.py
[2025-12-21T07:15:18.217+0000] {processor.py:840} INFO - DAG(s) 'example_xcom' retrieved from /home/airflow/.local/lib/python3.8/site-packages/airflow/example_dags/example_xcom.py
[2025-12-21T07:15:18.242+0000] {logging_mixin.py:188} INFO - [2025-12-21T07:15:18.242+0000] {dag.py:3047} INFO - Sync 1 DAGs
[2025-12-21T07:15:18.271+0000] {logging_mixin.py:188} INFO - [2025-12-21T07:15:18.271+0000] {dag.py:3834} INFO - Setting next_dagrun for example_xcom to 2021-01-01 00:00:00+00:00, run_after=2021-01-01 00:00:00+00:00
[2025-12-21T07:15:18.308+0000] {processor.py:183} INFO - Processing /home/airflow/.local/lib/python3.8/site-packages/airflow/example_dags/example_xcom.py took 0.110 seconds
[2025-12-21T07:15:48.581+0000] {processor.py:161} INFO - Started process (PID=518) to work on /home/airflow/.local/lib/python3.8/site-packages/airflow/example_dags/example_xcom.py
[2025-12-21T07:15:48.583+0000] {processor.py:830} INFO - Processing file /home/airflow/.local/lib/python3.8/site-packages/airflow/example_dags/example_xcom.py for tasks to queue
[2025-12-21T07:15:48.585+0000] {logging_mixin.py:188} INFO - [2025-12-21T07:15:48.585+0000] {dagbag.py:540} INFO - Filling up the DagBag from /home/airflow/.local/lib/python3.8/site-packages/airflow/example_dags/example_xcom.py
[2025-12-21T07:15:48.593+0000] {processor.py:840} INFO - DAG(s) 'example_xcom' retrieved from /home/airflow/.local/lib/python3.8/site-packages/airflow/example_dags/example_xcom.py
[2025-12-21T07:15:48.616+0000] {logging_mixin.py:188} INFO - [2025-12-21T07:15:48.616+0000] {dag.py:3047} INFO - Sync 1 DAGs
[2025-12-21T07:15:48.636+0000] {logging_mixin.py:188} INFO - [2025-12-21T07:15:48.636+0000] {dag.py:3834} INFO - Setting next_dagrun for example_xcom to 2021-01-01 00:00:00+00:00, run_after=2021-01-01 00:00:00+00:00
[2025-12-21T07:15:48.656+0000] {processor.py:183} INFO - Processing /home/airflow/.local/lib/python3.8/site-packages/airflow/example_dags/example_xcom.py took 0.078 seconds
[2025-12-21T07:16:19.489+0000] {processor.py:161} INFO - Started process (PID=574) to work on /home/airflow/.local/lib/python3.8/site-packages/airflow/example_dags/example_xcom.py
[2025-12-21T07:16:19.491+0000] {processor.py:830} INFO - Processing file /home/airflow/.local/lib/python3.8/site-packages/airflow/example_dags/example_xcom.py for tasks to queue
[2025-12-21T07:16:19.495+0000] {logging_mixin.py:188} INFO - [2025-12-21T07:16:19.494+0000] {dagbag.py:540} INFO - Filling up the DagBag from /home/airflow/.local/lib/python3.8/site-packages/airflow/example_dags/example_xcom.py
[2025-12-21T07:16:19.505+0000] {processor.py:840} INFO - DAG(s) 'example_xcom' retrieved from /home/airflow/.local/lib/python3.8/site-packages/airflow/example_dags/example_xcom.py
[2025-12-21T07:16:19.535+0000] {logging_mixin.py:188} INFO - [2025-12-21T07:16:19.535+0000] {dag.py:3047} INFO - Sync 1 DAGs
[2025-12-21T07:16:19.565+0000] {logging_mixin.py:188} INFO - [2025-12-21T07:16:19.565+0000] {dag.py:3834} INFO - Setting next_dagrun for example_xcom to 2021-01-01 00:00:00+00:00, run_after=2021-01-01 00:00:00+00:00
[2025-12-21T07:16:19.594+0000] {processor.py:183} INFO - Processing /home/airflow/.local/lib/python3.8/site-packages/airflow/example_dags/example_xcom.py took 0.111 seconds
[2025-12-21T07:16:50.347+0000] {processor.py:161} INFO - Started process (PID=630) to work on /home/airflow/.local/lib/python3.8/site-packages/airflow/example_dags/example_xcom.py
[2025-12-21T07:16:50.348+0000] {processor.py:830} INFO - Processing file /home/airflow/.local/lib/python3.8/site-packages/airflow/example_dags/example_xcom.py for tasks to queue
[2025-12-21T07:16:50.351+0000] {logging_mixin.py:188} INFO - [2025-12-21T07:16:50.350+0000] {dagbag.py:540} INFO - Filling up the DagBag from /home/airflow/.local/lib/python3.8/site-packages/airflow/example_dags/example_xcom.py
[2025-12-21T07:16:50.359+0000] {processor.py:840} INFO - DAG(s) 'example_xcom' retrieved from /home/airflow/.local/lib/python3.8/site-packages/airflow/example_dags/example_xcom.py
[2025-12-21T07:16:50.382+0000] {logging_mixin.py:188} INFO - [2025-12-21T07:16:50.382+0000] {dag.py:3047} INFO - Sync 1 DAGs
[2025-12-21T07:16:50.407+0000] {logging_mixin.py:188} INFO - [2025-12-21T07:16:50.406+0000] {dag.py:3834} INFO - Setting next_dagrun for example_xcom to 2021-01-01 00:00:00+00:00, run_after=2021-01-01 00:00:00+00:00
[2025-12-21T07:16:50.429+0000] {processor.py:183} INFO - Processing /home/airflow/.local/lib/python3.8/site-packages/airflow/example_dags/example_xcom.py took 0.086 seconds
[2025-12-21T07:17:20.617+0000] {processor.py:161} INFO - Started process (PID=686) to work on /home/airflow/.local/lib/python3.8/site-packages/airflow/example_dags/example_xcom.py
[2025-12-21T07:17:20.618+0000] {processor.py:830} INFO - Processing file /home/airflow/.local/lib/python3.8/site-packages/airflow/example_dags/example_xcom.py for tasks to queue
[2025-12-21T07:17:20.621+0000] {logging_mixin.py:188} INFO - [2025-12-21T07:17:20.620+0000] {dagbag.py:540} INFO - Filling up the DagBag from /home/airflow/.local/lib/python3.8/site-packages/airflow/example_dags/example_xcom.py
[2025-12-21T07:17:20.629+0000] {processor.py:840} INFO - DAG(s) 'example_xcom' retrieved from /home/airflow/.local/lib/python3.8/site-packages/airflow/example_dags/example_xcom.py
[2025-12-21T07:17:20.656+0000] {logging_mixin.py:188} INFO - [2025-12-21T07:17:20.656+0000] {dag.py:3047} INFO - Sync 1 DAGs
[2025-12-21T07:17:20.678+0000] {logging_mixin.py:188} INFO - [2025-12-21T07:17:20.677+0000] {dag.py:3834} INFO - Setting next_dagrun for example_xcom to 2021-01-01 00:00:00+00:00, run_after=2021-01-01 00:00:00+00:00
[2025-12-21T07:17:20.699+0000] {processor.py:183} INFO - Processing /home/airflow/.local/lib/python3.8/site-packages/airflow/example_dags/example_xcom.py took 0.087 seconds
[2025-12-21T07:17:50.820+0000] {processor.py:161} INFO - Started process (PID=743) to work on /home/airflow/.local/lib/python3.8/site-packages/airflow/example_dags/example_xcom.py
[2025-12-21T07:17:50.821+0000] {processor.py:830} INFO - Processing file /home/airflow/.local/lib/python3.8/site-packages/airflow/example_dags/example_xcom.py for tasks to queue
[2025-12-21T07:17:50.823+0000] {logging_mixin.py:188} INFO - [2025-12-21T07:17:50.823+0000] {dagbag.py:540} INFO - Filling up the DagBag from /home/airflow/.local/lib/python3.8/site-packages/airflow/example_dags/example_xcom.py
[2025-12-21T07:17:50.830+0000] {processor.py:840} INFO - DAG(s) 'example_xcom' retrieved from /home/airflow/.local/lib/python3.8/site-packages/airflow/example_dags/example_xcom.py
[2025-12-21T07:17:50.853+0000] {logging_mixin.py:188} INFO - [2025-12-21T07:17:50.852+0000] {dag.py:3047} INFO - Sync 1 DAGs
[2025-12-21T07:17:50.875+0000] {logging_mixin.py:188} INFO - [2025-12-21T07:17:50.875+0000] {dag.py:3834} INFO - Setting next_dagrun for example_xcom to 2021-01-01 00:00:00+00:00, run_after=2021-01-01 00:00:00+00:00
[2025-12-21T07:17:50.894+0000] {processor.py:183} INFO - Processing /home/airflow/.local/lib/python3.8/site-packages/airflow/example_dags/example_xcom.py took 0.078 seconds
[2025-12-21T07:18:21.707+0000] {processor.py:161} INFO - Started process (PID=799) to work on /home/airflow/.local/lib/python3.8/site-packages/airflow/example_dags/example_xcom.py
[2025-12-21T07:18:21.709+0000] {processor.py:830} INFO - Processing file /home/airflow/.local/lib/python3.8/site-packages/airflow/example_dags/example_xcom.py for tasks to queue
[2025-12-21T07:18:21.711+0000] {logging_mixin.py:188} INFO - [2025-12-21T07:18:21.711+0000] {dagbag.py:540} INFO - Filling up the DagBag from /home/airflow/.local/lib/python3.8/site-packages/airflow/example_dags/example_xcom.py
[2025-12-21T07:18:21.719+0000] {processor.py:840} INFO - DAG(s) 'example_xcom' retrieved from /home/airflow/.local/lib/python3.8/site-packages/airflow/example_dags/example_xcom.py
[2025-12-21T07:18:21.747+0000] {logging_mixin.py:188} INFO - [2025-12-21T07:18:21.747+0000] {dag.py:3047} INFO - Sync 1 DAGs
[2025-12-21T07:18:21.769+0000] {logging_mixin.py:188} INFO - [2025-12-21T07:18:21.769+0000] {dag.py:3834} INFO - Setting next_dagrun for example_xcom to 2021-01-01 00:00:00+00:00, run_after=2021-01-01 00:00:00+00:00
[2025-12-21T07:18:21.794+0000] {processor.py:183} INFO - Processing /home/airflow/.local/lib/python3.8/site-packages/airflow/example_dags/example_xcom.py took 0.090 seconds
[2025-12-21T07:18:52.680+0000] {processor.py:161} INFO - Started process (PID=855) to work on /home/airflow/.local/lib/python3.8/site-packages/airflow/example_dags/example_xcom.py
[2025-12-21T07:18:52.682+0000] {processor.py:830} INFO - Processing file /home/airflow/.local/lib/python3.8/site-packages/airflow/example_dags/example_xcom.py for tasks to queue
[2025-12-21T07:18:52.685+0000] {logging_mixin.py:188} INFO - [2025-12-21T07:18:52.684+0000] {dagbag.py:540} INFO - Filling up the DagBag from /home/airflow/.local/lib/python3.8/site-packages/airflow/example_dags/example_xcom.py
[2025-12-21T07:18:52.694+0000] {processor.py:840} INFO - DAG(s) 'example_xcom' retrieved from /home/airflow/.local/lib/python3.8/site-packages/airflow/example_dags/example_xcom.py
[2025-12-21T07:18:52.720+0000] {logging_mixin.py:188} INFO - [2025-12-21T07:18:52.720+0000] {dag.py:3047} INFO - Sync 1 DAGs
[2025-12-21T07:18:52.744+0000] {logging_mixin.py:188} INFO - [2025-12-21T07:18:52.744+0000] {dag.py:3834} INFO - Setting next_dagrun for example_xcom to 2021-01-01 00:00:00+00:00, run_after=2021-01-01 00:00:00+00:00
[2025-12-21T07:18:52.767+0000] {processor.py:183} INFO - Processing /home/airflow/.local/lib/python3.8/site-packages/airflow/example_dags/example_xcom.py took 0.090 seconds
[2025-12-21T07:19:23.820+0000] {processor.py:161} INFO - Started process (PID=911) to work on /home/airflow/.local/lib/python3.8/site-packages/airflow/example_dags/example_xcom.py
[2025-12-21T07:19:23.822+0000] {processor.py:830} INFO - Processing file /home/airflow/.local/lib/python3.8/site-packages/airflow/example_dags/example_xcom.py for tasks to queue
[2025-12-21T07:19:23.828+0000] {logging_mixin.py:188} INFO - [2025-12-21T07:19:23.827+0000] {dagbag.py:540} INFO - Filling up the DagBag from /home/airflow/.local/lib/python3.8/site-packages/airflow/example_dags/example_xcom.py
[2025-12-21T07:19:23.842+0000] {processor.py:840} INFO - DAG(s) 'example_xcom' retrieved from /home/airflow/.local/lib/python3.8/site-packages/airflow/example_dags/example_xcom.py
[2025-12-21T07:19:23.895+0000] {logging_mixin.py:188} INFO - [2025-12-21T07:19:23.895+0000] {dag.py:3047} INFO - Sync 1 DAGs
[2025-12-21T07:19:23.963+0000] {logging_mixin.py:188} INFO - [2025-12-21T07:19:23.963+0000] {dag.py:3834} INFO - Setting next_dagrun for example_xcom to 2021-01-01 00:00:00+00:00, run_after=2021-01-01 00:00:00+00:00
[2025-12-21T07:19:24.021+0000] {processor.py:183} INFO - Processing /home/airflow/.local/lib/python3.8/site-packages/airflow/example_dags/example_xcom.py took 0.208 seconds
[2025-12-21T07:19:54.940+0000] {processor.py:161} INFO - Started process (PID=968) to work on /home/airflow/.local/lib/python3.8/site-packages/airflow/example_dags/example_xcom.py
[2025-12-21T07:19:54.941+0000] {processor.py:830} INFO - Processing file /home/airflow/.local/lib/python3.8/site-packages/airflow/example_dags/example_xcom.py for tasks to queue
[2025-12-21T07:19:54.944+0000] {logging_mixin.py:188} INFO - [2025-12-21T07:19:54.943+0000] {dagbag.py:540} INFO - Filling up the DagBag from /home/airflow/.local/lib/python3.8/site-packages/airflow/example_dags/example_xcom.py
[2025-12-21T07:19:54.951+0000] {processor.py:840} INFO - DAG(s) 'example_xcom' retrieved from /home/airflow/.local/lib/python3.8/site-packages/airflow/example_dags/example_xcom.py
[2025-12-21T07:19:54.975+0000] {logging_mixin.py:188} INFO - [2025-12-21T07:19:54.975+0000] {dag.py:3047} INFO - Sync 1 DAGs
[2025-12-21T07:19:54.997+0000] {logging_mixin.py:188} INFO - [2025-12-21T07:19:54.997+0000] {dag.py:3834} INFO - Setting next_dagrun for example_xcom to 2021-01-01 00:00:00+00:00, run_after=2021-01-01 00:00:00+00:00
[2025-12-21T07:19:55.021+0000] {processor.py:183} INFO - Processing /home/airflow/.local/lib/python3.8/site-packages/airflow/example_dags/example_xcom.py took 0.085 seconds
[2025-12-21T07:20:25.271+0000] {processor.py:161} INFO - Started process (PID=1024) to work on /home/airflow/.local/lib/python3.8/site-packages/airflow/example_dags/example_xcom.py
[2025-12-21T07:20:25.273+0000] {processor.py:830} INFO - Processing file /home/airflow/.local/lib/python3.8/site-packages/airflow/example_dags/example_xcom.py for tasks to queue
[2025-12-21T07:20:25.275+0000] {logging_mixin.py:188} INFO - [2025-12-21T07:20:25.275+0000] {dagbag.py:540} INFO - Filling up the DagBag from /home/airflow/.local/lib/python3.8/site-packages/airflow/example_dags/example_xcom.py
[2025-12-21T07:20:25.283+0000] {processor.py:840} INFO - DAG(s) 'example_xcom' retrieved from /home/airflow/.local/lib/python3.8/site-packages/airflow/example_dags/example_xcom.py
[2025-12-21T07:20:25.305+0000] {logging_mixin.py:188} INFO - [2025-12-21T07:20:25.305+0000] {dag.py:3047} INFO - Sync 1 DAGs
[2025-12-21T07:20:25.325+0000] {logging_mixin.py:188} INFO - [2025-12-21T07:20:25.325+0000] {dag.py:3834} INFO - Setting next_dagrun for example_xcom to 2021-01-01 00:00:00+00:00, run_after=2021-01-01 00:00:00+00:00
[2025-12-21T07:20:25.347+0000] {processor.py:183} INFO - Processing /home/airflow/.local/lib/python3.8/site-packages/airflow/example_dags/example_xcom.py took 0.080 seconds
[2025-12-21T07:20:39.722+0000] {processor.py:161} INFO - Started process (PID=59) to work on /home/airflow/.local/lib/python3.8/site-packages/airflow/example_dags/example_xcom.py
[2025-12-21T07:20:39.723+0000] {processor.py:830} INFO - Processing file /home/airflow/.local/lib/python3.8/site-packages/airflow/example_dags/example_xcom.py for tasks to queue
[2025-12-21T07:20:39.726+0000] {logging_mixin.py:188} INFO - [2025-12-21T07:20:39.726+0000] {dagbag.py:540} INFO - Filling up the DagBag from /home/airflow/.local/lib/python3.8/site-packages/airflow/example_dags/example_xcom.py
[2025-12-21T07:20:39.735+0000] {processor.py:840} INFO - DAG(s) 'example_xcom' retrieved from /home/airflow/.local/lib/python3.8/site-packages/airflow/example_dags/example_xcom.py
[2025-12-21T07:20:39.768+0000] {logging_mixin.py:188} INFO - [2025-12-21T07:20:39.767+0000] {dag.py:3047} INFO - Sync 1 DAGs
[2025-12-21T07:20:39.790+0000] {logging_mixin.py:188} INFO - [2025-12-21T07:20:39.790+0000] {dag.py:3834} INFO - Setting next_dagrun for example_xcom to 2021-01-01 00:00:00+00:00, run_after=2021-01-01 00:00:00+00:00
[2025-12-21T07:20:39.812+0000] {processor.py:183} INFO - Processing /home/airflow/.local/lib/python3.8/site-packages/airflow/example_dags/example_xcom.py took 0.094 seconds
[2025-12-21T07:21:10.589+0000] {processor.py:161} INFO - Started process (PID=115) to work on /home/airflow/.local/lib/python3.8/site-packages/airflow/example_dags/example_xcom.py
[2025-12-21T07:21:10.591+0000] {processor.py:830} INFO - Processing file /home/airflow/.local/lib/python3.8/site-packages/airflow/example_dags/example_xcom.py for tasks to queue
[2025-12-21T07:21:10.593+0000] {logging_mixin.py:188} INFO - [2025-12-21T07:21:10.593+0000] {dagbag.py:540} INFO - Filling up the DagBag from /home/airflow/.local/lib/python3.8/site-packages/airflow/example_dags/example_xcom.py
[2025-12-21T07:21:10.603+0000] {processor.py:840} INFO - DAG(s) 'example_xcom' retrieved from /home/airflow/.local/lib/python3.8/site-packages/airflow/example_dags/example_xcom.py
[2025-12-21T07:21:10.630+0000] {logging_mixin.py:188} INFO - [2025-12-21T07:21:10.630+0000] {dag.py:3047} INFO - Sync 1 DAGs
[2025-12-21T07:21:10.656+0000] {logging_mixin.py:188} INFO - [2025-12-21T07:21:10.655+0000] {dag.py:3834} INFO - Setting next_dagrun for example_xcom to 2021-01-01 00:00:00+00:00, run_after=2021-01-01 00:00:00+00:00
[2025-12-21T07:21:10.682+0000] {processor.py:183} INFO - Processing /home/airflow/.local/lib/python3.8/site-packages/airflow/example_dags/example_xcom.py took 0.097 seconds
[2025-12-21T07:22:20.377+0000] {processor.py:161} INFO - Started process (PID=66) to work on /home/airflow/.local/lib/python3.8/site-packages/airflow/example_dags/example_xcom.py
[2025-12-21T07:22:20.378+0000] {processor.py:830} INFO - Processing file /home/airflow/.local/lib/python3.8/site-packages/airflow/example_dags/example_xcom.py for tasks to queue
[2025-12-21T07:22:20.381+0000] {logging_mixin.py:188} INFO - [2025-12-21T07:22:20.380+0000] {dagbag.py:540} INFO - Filling up the DagBag from /home/airflow/.local/lib/python3.8/site-packages/airflow/example_dags/example_xcom.py
[2025-12-21T07:22:20.392+0000] {processor.py:840} INFO - DAG(s) 'example_xcom' retrieved from /home/airflow/.local/lib/python3.8/site-packages/airflow/example_dags/example_xcom.py
[2025-12-21T07:22:20.412+0000] {logging_mixin.py:188} INFO - [2025-12-21T07:22:20.411+0000] {dag.py:3047} INFO - Sync 1 DAGs
[2025-12-21T07:22:20.438+0000] {logging_mixin.py:188} INFO - [2025-12-21T07:22:20.438+0000] {dag.py:3834} INFO - Setting next_dagrun for example_xcom to 2021-01-01 00:00:00+00:00, run_after=2021-01-01 00:00:00+00:00
[2025-12-21T07:22:20.478+0000] {processor.py:183} INFO - Processing /home/airflow/.local/lib/python3.8/site-packages/airflow/example_dags/example_xcom.py took 0.106 seconds
[2025-12-21T07:22:51.727+0000] {processor.py:161} INFO - Started process (PID=122) to work on /home/airflow/.local/lib/python3.8/site-packages/airflow/example_dags/example_xcom.py
[2025-12-21T07:22:51.729+0000] {processor.py:830} INFO - Processing file /home/airflow/.local/lib/python3.8/site-packages/airflow/example_dags/example_xcom.py for tasks to queue
[2025-12-21T07:22:51.731+0000] {logging_mixin.py:188} INFO - [2025-12-21T07:22:51.731+0000] {dagbag.py:540} INFO - Filling up the DagBag from /home/airflow/.local/lib/python3.8/site-packages/airflow/example_dags/example_xcom.py
[2025-12-21T07:22:51.742+0000] {processor.py:840} INFO - DAG(s) 'example_xcom' retrieved from /home/airflow/.local/lib/python3.8/site-packages/airflow/example_dags/example_xcom.py
[2025-12-21T07:22:51.843+0000] {logging_mixin.py:188} INFO - [2025-12-21T07:22:51.842+0000] {dag.py:3047} INFO - Sync 1 DAGs
[2025-12-21T07:22:51.862+0000] {logging_mixin.py:188} INFO - [2025-12-21T07:22:51.862+0000] {dag.py:3834} INFO - Setting next_dagrun for example_xcom to 2021-01-01 00:00:00+00:00, run_after=2021-01-01 00:00:00+00:00
[2025-12-21T07:22:51.891+0000] {processor.py:183} INFO - Processing /home/airflow/.local/lib/python3.8/site-packages/airflow/example_dags/example_xcom.py took 0.170 seconds
[2025-12-21T07:28:30.708+0000] {processor.py:161} INFO - Started process (PID=67) to work on /home/airflow/.local/lib/python3.8/site-packages/airflow/example_dags/example_xcom.py
[2025-12-21T07:28:30.710+0000] {processor.py:830} INFO - Processing file /home/airflow/.local/lib/python3.8/site-packages/airflow/example_dags/example_xcom.py for tasks to queue
[2025-12-21T07:28:30.713+0000] {logging_mixin.py:188} INFO - [2025-12-21T07:28:30.712+0000] {dagbag.py:540} INFO - Filling up the DagBag from /home/airflow/.local/lib/python3.8/site-packages/airflow/example_dags/example_xcom.py
[2025-12-21T07:28:30.726+0000] {processor.py:840} INFO - DAG(s) 'example_xcom' retrieved from /home/airflow/.local/lib/python3.8/site-packages/airflow/example_dags/example_xcom.py
[2025-12-21T07:28:30.746+0000] {logging_mixin.py:188} INFO - [2025-12-21T07:28:30.745+0000] {dag.py:3047} INFO - Sync 1 DAGs
[2025-12-21T07:28:30.782+0000] {logging_mixin.py:188} INFO - [2025-12-21T07:28:30.781+0000] {dag.py:3834} INFO - Setting next_dagrun for example_xcom to 2021-01-01 00:00:00+00:00, run_after=2021-01-01 00:00:00+00:00
[2025-12-21T07:28:30.850+0000] {processor.py:183} INFO - Processing /home/airflow/.local/lib/python3.8/site-packages/airflow/example_dags/example_xcom.py took 0.147 seconds
[2025-12-21T07:29:01.263+0000] {processor.py:161} INFO - Started process (PID=130) to work on /home/airflow/.local/lib/python3.8/site-packages/airflow/example_dags/example_xcom.py
[2025-12-21T07:29:01.265+0000] {processor.py:830} INFO - Processing file /home/airflow/.local/lib/python3.8/site-packages/airflow/example_dags/example_xcom.py for tasks to queue
[2025-12-21T07:29:01.267+0000] {logging_mixin.py:188} INFO - [2025-12-21T07:29:01.267+0000] {dagbag.py:540} INFO - Filling up the DagBag from /home/airflow/.local/lib/python3.8/site-packages/airflow/example_dags/example_xcom.py
[2025-12-21T07:29:01.276+0000] {processor.py:840} INFO - DAG(s) 'example_xcom' retrieved from /home/airflow/.local/lib/python3.8/site-packages/airflow/example_dags/example_xcom.py
[2025-12-21T07:29:01.398+0000] {logging_mixin.py:188} INFO - [2025-12-21T07:29:01.398+0000] {dag.py:3047} INFO - Sync 1 DAGs
[2025-12-21T07:29:01.421+0000] {logging_mixin.py:188} INFO - [2025-12-21T07:29:01.421+0000] {dag.py:3834} INFO - Setting next_dagrun for example_xcom to 2021-01-01 00:00:00+00:00, run_after=2021-01-01 00:00:00+00:00
[2025-12-21T07:29:01.454+0000] {processor.py:183} INFO - Processing /home/airflow/.local/lib/python3.8/site-packages/airflow/example_dags/example_xcom.py took 0.195 seconds
[2025-12-21T07:29:31.549+0000] {processor.py:161} INFO - Started process (PID=186) to work on /home/airflow/.local/lib/python3.8/site-packages/airflow/example_dags/example_xcom.py
[2025-12-21T07:29:31.551+0000] {processor.py:830} INFO - Processing file /home/airflow/.local/lib/python3.8/site-packages/airflow/example_dags/example_xcom.py for tasks to queue
[2025-12-21T07:29:31.556+0000] {logging_mixin.py:188} INFO - [2025-12-21T07:29:31.555+0000] {dagbag.py:540} INFO - Filling up the DagBag from /home/airflow/.local/lib/python3.8/site-packages/airflow/example_dags/example_xcom.py
[2025-12-21T07:29:31.565+0000] {processor.py:840} INFO - DAG(s) 'example_xcom' retrieved from /home/airflow/.local/lib/python3.8/site-packages/airflow/example_dags/example_xcom.py
[2025-12-21T07:29:31.593+0000] {logging_mixin.py:188} INFO - [2025-12-21T07:29:31.592+0000] {dag.py:3047} INFO - Sync 1 DAGs
[2025-12-21T07:29:31.616+0000] {logging_mixin.py:188} INFO - [2025-12-21T07:29:31.616+0000] {dag.py:3834} INFO - Setting next_dagrun for example_xcom to 2021-01-01 00:00:00+00:00, run_after=2021-01-01 00:00:00+00:00
[2025-12-21T07:29:31.637+0000] {processor.py:183} INFO - Processing /home/airflow/.local/lib/python3.8/site-packages/airflow/example_dags/example_xcom.py took 0.092 seconds
[2025-12-21T07:30:02.000+0000] {processor.py:161} INFO - Started process (PID=241) to work on /home/airflow/.local/lib/python3.8/site-packages/airflow/example_dags/example_xcom.py
[2025-12-21T07:30:02.001+0000] {processor.py:830} INFO - Processing file /home/airflow/.local/lib/python3.8/site-packages/airflow/example_dags/example_xcom.py for tasks to queue
[2025-12-21T07:30:02.004+0000] {logging_mixin.py:188} INFO - [2025-12-21T07:30:02.003+0000] {dagbag.py:540} INFO - Filling up the DagBag from /home/airflow/.local/lib/python3.8/site-packages/airflow/example_dags/example_xcom.py
[2025-12-21T07:30:02.013+0000] {processor.py:840} INFO - DAG(s) 'example_xcom' retrieved from /home/airflow/.local/lib/python3.8/site-packages/airflow/example_dags/example_xcom.py
[2025-12-21T07:30:02.036+0000] {logging_mixin.py:188} INFO - [2025-12-21T07:30:02.036+0000] {dag.py:3047} INFO - Sync 1 DAGs
[2025-12-21T07:30:02.058+0000] {logging_mixin.py:188} INFO - [2025-12-21T07:30:02.058+0000] {dag.py:3834} INFO - Setting next_dagrun for example_xcom to 2021-01-01 00:00:00+00:00, run_after=2021-01-01 00:00:00+00:00
[2025-12-21T07:30:02.077+0000] {processor.py:183} INFO - Processing /home/airflow/.local/lib/python3.8/site-packages/airflow/example_dags/example_xcom.py took 0.081 seconds
[2025-12-21T07:30:32.205+0000] {processor.py:161} INFO - Started process (PID=297) to work on /home/airflow/.local/lib/python3.8/site-packages/airflow/example_dags/example_xcom.py
[2025-12-21T07:30:32.206+0000] {processor.py:830} INFO - Processing file /home/airflow/.local/lib/python3.8/site-packages/airflow/example_dags/example_xcom.py for tasks to queue
[2025-12-21T07:30:32.209+0000] {logging_mixin.py:188} INFO - [2025-12-21T07:30:32.208+0000] {dagbag.py:540} INFO - Filling up the DagBag from /home/airflow/.local/lib/python3.8/site-packages/airflow/example_dags/example_xcom.py
[2025-12-21T07:30:32.217+0000] {processor.py:840} INFO - DAG(s) 'example_xcom' retrieved from /home/airflow/.local/lib/python3.8/site-packages/airflow/example_dags/example_xcom.py
[2025-12-21T07:30:32.241+0000] {logging_mixin.py:188} INFO - [2025-12-21T07:30:32.240+0000] {dag.py:3047} INFO - Sync 1 DAGs
[2025-12-21T07:30:32.265+0000] {logging_mixin.py:188} INFO - [2025-12-21T07:30:32.265+0000] {dag.py:3834} INFO - Setting next_dagrun for example_xcom to 2021-01-01 00:00:00+00:00, run_after=2021-01-01 00:00:00+00:00
[2025-12-21T07:30:32.285+0000] {processor.py:183} INFO - Processing /home/airflow/.local/lib/python3.8/site-packages/airflow/example_dags/example_xcom.py took 0.083 seconds
[2025-12-21T07:31:02.449+0000] {processor.py:161} INFO - Started process (PID=353) to work on /home/airflow/.local/lib/python3.8/site-packages/airflow/example_dags/example_xcom.py
[2025-12-21T07:31:02.451+0000] {processor.py:830} INFO - Processing file /home/airflow/.local/lib/python3.8/site-packages/airflow/example_dags/example_xcom.py for tasks to queue
[2025-12-21T07:31:02.453+0000] {logging_mixin.py:188} INFO - [2025-12-21T07:31:02.452+0000] {dagbag.py:540} INFO - Filling up the DagBag from /home/airflow/.local/lib/python3.8/site-packages/airflow/example_dags/example_xcom.py
[2025-12-21T07:31:02.460+0000] {processor.py:840} INFO - DAG(s) 'example_xcom' retrieved from /home/airflow/.local/lib/python3.8/site-packages/airflow/example_dags/example_xcom.py
[2025-12-21T07:31:02.482+0000] {logging_mixin.py:188} INFO - [2025-12-21T07:31:02.482+0000] {dag.py:3047} INFO - Sync 1 DAGs
[2025-12-21T07:31:02.506+0000] {logging_mixin.py:188} INFO - [2025-12-21T07:31:02.505+0000] {dag.py:3834} INFO - Setting next_dagrun for example_xcom to 2021-01-01 00:00:00+00:00, run_after=2021-01-01 00:00:00+00:00
[2025-12-21T07:31:02.533+0000] {processor.py:183} INFO - Processing /home/airflow/.local/lib/python3.8/site-packages/airflow/example_dags/example_xcom.py took 0.088 seconds
[2025-12-21T07:31:32.662+0000] {processor.py:161} INFO - Started process (PID=409) to work on /home/airflow/.local/lib/python3.8/site-packages/airflow/example_dags/example_xcom.py
[2025-12-21T07:31:32.663+0000] {processor.py:830} INFO - Processing file /home/airflow/.local/lib/python3.8/site-packages/airflow/example_dags/example_xcom.py for tasks to queue
[2025-12-21T07:31:32.666+0000] {logging_mixin.py:188} INFO - [2025-12-21T07:31:32.665+0000] {dagbag.py:540} INFO - Filling up the DagBag from /home/airflow/.local/lib/python3.8/site-packages/airflow/example_dags/example_xcom.py
[2025-12-21T07:31:32.675+0000] {processor.py:840} INFO - DAG(s) 'example_xcom' retrieved from /home/airflow/.local/lib/python3.8/site-packages/airflow/example_dags/example_xcom.py
[2025-12-21T07:31:32.702+0000] {logging_mixin.py:188} INFO - [2025-12-21T07:31:32.702+0000] {dag.py:3047} INFO - Sync 1 DAGs
[2025-12-21T07:31:32.731+0000] {logging_mixin.py:188} INFO - [2025-12-21T07:31:32.731+0000] {dag.py:3834} INFO - Setting next_dagrun for example_xcom to 2021-01-01 00:00:00+00:00, run_after=2021-01-01 00:00:00+00:00
[2025-12-21T07:31:32.757+0000] {processor.py:183} INFO - Processing /home/airflow/.local/lib/python3.8/site-packages/airflow/example_dags/example_xcom.py took 0.099 seconds
