[2025-12-21T06:58:54.109+0000] {processor.py:161} INFO - Started process (PID=75) to work on /home/airflow/.local/lib/python3.8/site-packages/airflow/example_dags/example_short_circuit_decorator.py
[2025-12-21T06:58:54.110+0000] {processor.py:830} INFO - Processing file /home/airflow/.local/lib/python3.8/site-packages/airflow/example_dags/example_short_circuit_decorator.py for tasks to queue
[2025-12-21T06:58:54.113+0000] {logging_mixin.py:188} INFO - [2025-12-21T06:58:54.113+0000] {dagbag.py:540} INFO - Filling up the DagBag from /home/airflow/.local/lib/python3.8/site-packages/airflow/example_dags/example_short_circuit_decorator.py
[2025-12-21T06:58:54.124+0000] {processor.py:840} INFO - DAG(s) 'example_short_circuit_decorator' retrieved from /home/airflow/.local/lib/python3.8/site-packages/airflow/example_dags/example_short_circuit_decorator.py
[2025-12-21T06:58:54.227+0000] {logging_mixin.py:188} INFO - [2025-12-21T06:58:54.227+0000] {dag.py:3047} INFO - Sync 1 DAGs
[2025-12-21T06:58:54.248+0000] {logging_mixin.py:188} INFO - [2025-12-21T06:58:54.248+0000] {dag.py:3834} INFO - Setting next_dagrun for example_short_circuit_decorator to 2025-12-20 00:00:00+00:00, run_after=2025-12-21 00:00:00+00:00
[2025-12-21T06:58:54.271+0000] {processor.py:183} INFO - Processing /home/airflow/.local/lib/python3.8/site-packages/airflow/example_dags/example_short_circuit_decorator.py took 0.165 seconds
[2025-12-21T06:59:24.470+0000] {processor.py:161} INFO - Started process (PID=131) to work on /home/airflow/.local/lib/python3.8/site-packages/airflow/example_dags/example_short_circuit_decorator.py
[2025-12-21T06:59:24.473+0000] {processor.py:830} INFO - Processing file /home/airflow/.local/lib/python3.8/site-packages/airflow/example_dags/example_short_circuit_decorator.py for tasks to queue
[2025-12-21T06:59:24.476+0000] {logging_mixin.py:188} INFO - [2025-12-21T06:59:24.475+0000] {dagbag.py:540} INFO - Filling up the DagBag from /home/airflow/.local/lib/python3.8/site-packages/airflow/example_dags/example_short_circuit_decorator.py
[2025-12-21T06:59:24.487+0000] {processor.py:840} INFO - DAG(s) 'example_short_circuit_decorator' retrieved from /home/airflow/.local/lib/python3.8/site-packages/airflow/example_dags/example_short_circuit_decorator.py
[2025-12-21T06:59:24.517+0000] {logging_mixin.py:188} INFO - [2025-12-21T06:59:24.516+0000] {dag.py:3047} INFO - Sync 1 DAGs
[2025-12-21T06:59:24.545+0000] {logging_mixin.py:188} INFO - [2025-12-21T06:59:24.544+0000] {dag.py:3834} INFO - Setting next_dagrun for example_short_circuit_decorator to 2025-12-20 00:00:00+00:00, run_after=2025-12-21 00:00:00+00:00
[2025-12-21T06:59:24.569+0000] {processor.py:183} INFO - Processing /home/airflow/.local/lib/python3.8/site-packages/airflow/example_dags/example_short_circuit_decorator.py took 0.102 seconds
[2025-12-21T06:59:54.951+0000] {processor.py:161} INFO - Started process (PID=187) to work on /home/airflow/.local/lib/python3.8/site-packages/airflow/example_dags/example_short_circuit_decorator.py
[2025-12-21T06:59:54.954+0000] {processor.py:830} INFO - Processing file /home/airflow/.local/lib/python3.8/site-packages/airflow/example_dags/example_short_circuit_decorator.py for tasks to queue
[2025-12-21T06:59:54.957+0000] {logging_mixin.py:188} INFO - [2025-12-21T06:59:54.957+0000] {dagbag.py:540} INFO - Filling up the DagBag from /home/airflow/.local/lib/python3.8/site-packages/airflow/example_dags/example_short_circuit_decorator.py
[2025-12-21T06:59:54.969+0000] {processor.py:840} INFO - DAG(s) 'example_short_circuit_decorator' retrieved from /home/airflow/.local/lib/python3.8/site-packages/airflow/example_dags/example_short_circuit_decorator.py
[2025-12-21T06:59:55.006+0000] {logging_mixin.py:188} INFO - [2025-12-21T06:59:55.006+0000] {dag.py:3047} INFO - Sync 1 DAGs
[2025-12-21T06:59:55.037+0000] {logging_mixin.py:188} INFO - [2025-12-21T06:59:55.037+0000] {dag.py:3834} INFO - Setting next_dagrun for example_short_circuit_decorator to 2025-12-20 00:00:00+00:00, run_after=2025-12-21 00:00:00+00:00
[2025-12-21T06:59:55.066+0000] {processor.py:183} INFO - Processing /home/airflow/.local/lib/python3.8/site-packages/airflow/example_dags/example_short_circuit_decorator.py took 0.120 seconds
[2025-12-21T07:00:25.425+0000] {processor.py:161} INFO - Started process (PID=243) to work on /home/airflow/.local/lib/python3.8/site-packages/airflow/example_dags/example_short_circuit_decorator.py
[2025-12-21T07:00:25.427+0000] {processor.py:830} INFO - Processing file /home/airflow/.local/lib/python3.8/site-packages/airflow/example_dags/example_short_circuit_decorator.py for tasks to queue
[2025-12-21T07:00:25.429+0000] {logging_mixin.py:188} INFO - [2025-12-21T07:00:25.428+0000] {dagbag.py:540} INFO - Filling up the DagBag from /home/airflow/.local/lib/python3.8/site-packages/airflow/example_dags/example_short_circuit_decorator.py
[2025-12-21T07:00:25.440+0000] {processor.py:840} INFO - DAG(s) 'example_short_circuit_decorator' retrieved from /home/airflow/.local/lib/python3.8/site-packages/airflow/example_dags/example_short_circuit_decorator.py
[2025-12-21T07:00:25.470+0000] {logging_mixin.py:188} INFO - [2025-12-21T07:00:25.470+0000] {dag.py:3047} INFO - Sync 1 DAGs
[2025-12-21T07:00:25.498+0000] {logging_mixin.py:188} INFO - [2025-12-21T07:00:25.497+0000] {dag.py:3834} INFO - Setting next_dagrun for example_short_circuit_decorator to 2025-12-20 00:00:00+00:00, run_after=2025-12-21 00:00:00+00:00
[2025-12-21T07:00:25.523+0000] {processor.py:183} INFO - Processing /home/airflow/.local/lib/python3.8/site-packages/airflow/example_dags/example_short_circuit_decorator.py took 0.102 seconds
[2025-12-21T07:00:55.756+0000] {processor.py:161} INFO - Started process (PID=299) to work on /home/airflow/.local/lib/python3.8/site-packages/airflow/example_dags/example_short_circuit_decorator.py
[2025-12-21T07:00:55.757+0000] {processor.py:830} INFO - Processing file /home/airflow/.local/lib/python3.8/site-packages/airflow/example_dags/example_short_circuit_decorator.py for tasks to queue
[2025-12-21T07:00:55.760+0000] {logging_mixin.py:188} INFO - [2025-12-21T07:00:55.760+0000] {dagbag.py:540} INFO - Filling up the DagBag from /home/airflow/.local/lib/python3.8/site-packages/airflow/example_dags/example_short_circuit_decorator.py
[2025-12-21T07:00:55.770+0000] {processor.py:840} INFO - DAG(s) 'example_short_circuit_decorator' retrieved from /home/airflow/.local/lib/python3.8/site-packages/airflow/example_dags/example_short_circuit_decorator.py
[2025-12-21T07:00:55.798+0000] {logging_mixin.py:188} INFO - [2025-12-21T07:00:55.797+0000] {dag.py:3047} INFO - Sync 1 DAGs
[2025-12-21T07:00:55.823+0000] {logging_mixin.py:188} INFO - [2025-12-21T07:00:55.823+0000] {dag.py:3834} INFO - Setting next_dagrun for example_short_circuit_decorator to 2025-12-20 00:00:00+00:00, run_after=2025-12-21 00:00:00+00:00
[2025-12-21T07:00:55.847+0000] {processor.py:183} INFO - Processing /home/airflow/.local/lib/python3.8/site-packages/airflow/example_dags/example_short_circuit_decorator.py took 0.095 seconds
[2025-12-21T07:01:27.024+0000] {processor.py:161} INFO - Started process (PID=355) to work on /home/airflow/.local/lib/python3.8/site-packages/airflow/example_dags/example_short_circuit_decorator.py
[2025-12-21T07:01:27.026+0000] {processor.py:830} INFO - Processing file /home/airflow/.local/lib/python3.8/site-packages/airflow/example_dags/example_short_circuit_decorator.py for tasks to queue
[2025-12-21T07:01:27.029+0000] {logging_mixin.py:188} INFO - [2025-12-21T07:01:27.028+0000] {dagbag.py:540} INFO - Filling up the DagBag from /home/airflow/.local/lib/python3.8/site-packages/airflow/example_dags/example_short_circuit_decorator.py
[2025-12-21T07:01:27.041+0000] {processor.py:840} INFO - DAG(s) 'example_short_circuit_decorator' retrieved from /home/airflow/.local/lib/python3.8/site-packages/airflow/example_dags/example_short_circuit_decorator.py
[2025-12-21T07:01:27.070+0000] {logging_mixin.py:188} INFO - [2025-12-21T07:01:27.070+0000] {dag.py:3047} INFO - Sync 1 DAGs
[2025-12-21T07:01:27.096+0000] {logging_mixin.py:188} INFO - [2025-12-21T07:01:27.096+0000] {dag.py:3834} INFO - Setting next_dagrun for example_short_circuit_decorator to 2025-12-20 00:00:00+00:00, run_after=2025-12-21 00:00:00+00:00
[2025-12-21T07:01:27.118+0000] {processor.py:183} INFO - Processing /home/airflow/.local/lib/python3.8/site-packages/airflow/example_dags/example_short_circuit_decorator.py took 0.099 seconds
[2025-12-21T07:01:57.435+0000] {processor.py:161} INFO - Started process (PID=411) to work on /home/airflow/.local/lib/python3.8/site-packages/airflow/example_dags/example_short_circuit_decorator.py
[2025-12-21T07:01:57.437+0000] {processor.py:830} INFO - Processing file /home/airflow/.local/lib/python3.8/site-packages/airflow/example_dags/example_short_circuit_decorator.py for tasks to queue
[2025-12-21T07:01:57.439+0000] {logging_mixin.py:188} INFO - [2025-12-21T07:01:57.439+0000] {dagbag.py:540} INFO - Filling up the DagBag from /home/airflow/.local/lib/python3.8/site-packages/airflow/example_dags/example_short_circuit_decorator.py
[2025-12-21T07:01:57.451+0000] {processor.py:840} INFO - DAG(s) 'example_short_circuit_decorator' retrieved from /home/airflow/.local/lib/python3.8/site-packages/airflow/example_dags/example_short_circuit_decorator.py
[2025-12-21T07:01:57.478+0000] {logging_mixin.py:188} INFO - [2025-12-21T07:01:57.478+0000] {dag.py:3047} INFO - Sync 1 DAGs
[2025-12-21T07:01:57.504+0000] {logging_mixin.py:188} INFO - [2025-12-21T07:01:57.504+0000] {dag.py:3834} INFO - Setting next_dagrun for example_short_circuit_decorator to 2025-12-20 00:00:00+00:00, run_after=2025-12-21 00:00:00+00:00
[2025-12-21T07:01:57.526+0000] {processor.py:183} INFO - Processing /home/airflow/.local/lib/python3.8/site-packages/airflow/example_dags/example_short_circuit_decorator.py took 0.096 seconds
[2025-12-21T07:02:27.792+0000] {processor.py:161} INFO - Started process (PID=467) to work on /home/airflow/.local/lib/python3.8/site-packages/airflow/example_dags/example_short_circuit_decorator.py
[2025-12-21T07:02:27.794+0000] {processor.py:830} INFO - Processing file /home/airflow/.local/lib/python3.8/site-packages/airflow/example_dags/example_short_circuit_decorator.py for tasks to queue
[2025-12-21T07:02:27.797+0000] {logging_mixin.py:188} INFO - [2025-12-21T07:02:27.796+0000] {dagbag.py:540} INFO - Filling up the DagBag from /home/airflow/.local/lib/python3.8/site-packages/airflow/example_dags/example_short_circuit_decorator.py
[2025-12-21T07:02:27.807+0000] {processor.py:840} INFO - DAG(s) 'example_short_circuit_decorator' retrieved from /home/airflow/.local/lib/python3.8/site-packages/airflow/example_dags/example_short_circuit_decorator.py
[2025-12-21T07:02:27.835+0000] {logging_mixin.py:188} INFO - [2025-12-21T07:02:27.834+0000] {dag.py:3047} INFO - Sync 1 DAGs
[2025-12-21T07:02:27.854+0000] {logging_mixin.py:188} INFO - [2025-12-21T07:02:27.854+0000] {dag.py:3834} INFO - Setting next_dagrun for example_short_circuit_decorator to 2025-12-20 00:00:00+00:00, run_after=2025-12-21 00:00:00+00:00
[2025-12-21T07:02:27.878+0000] {processor.py:183} INFO - Processing /home/airflow/.local/lib/python3.8/site-packages/airflow/example_dags/example_short_circuit_decorator.py took 0.089 seconds
[2025-12-21T07:02:58.560+0000] {processor.py:161} INFO - Started process (PID=523) to work on /home/airflow/.local/lib/python3.8/site-packages/airflow/example_dags/example_short_circuit_decorator.py
[2025-12-21T07:02:58.563+0000] {processor.py:830} INFO - Processing file /home/airflow/.local/lib/python3.8/site-packages/airflow/example_dags/example_short_circuit_decorator.py for tasks to queue
[2025-12-21T07:02:58.567+0000] {logging_mixin.py:188} INFO - [2025-12-21T07:02:58.566+0000] {dagbag.py:540} INFO - Filling up the DagBag from /home/airflow/.local/lib/python3.8/site-packages/airflow/example_dags/example_short_circuit_decorator.py
[2025-12-21T07:02:58.585+0000] {processor.py:840} INFO - DAG(s) 'example_short_circuit_decorator' retrieved from /home/airflow/.local/lib/python3.8/site-packages/airflow/example_dags/example_short_circuit_decorator.py
[2025-12-21T07:02:58.626+0000] {logging_mixin.py:188} INFO - [2025-12-21T07:02:58.625+0000] {dag.py:3047} INFO - Sync 1 DAGs
[2025-12-21T07:02:58.662+0000] {logging_mixin.py:188} INFO - [2025-12-21T07:02:58.661+0000] {dag.py:3834} INFO - Setting next_dagrun for example_short_circuit_decorator to 2025-12-20 00:00:00+00:00, run_after=2025-12-21 00:00:00+00:00
[2025-12-21T07:02:58.696+0000] {processor.py:183} INFO - Processing /home/airflow/.local/lib/python3.8/site-packages/airflow/example_dags/example_short_circuit_decorator.py took 0.143 seconds
[2025-12-21T07:03:29.532+0000] {processor.py:161} INFO - Started process (PID=579) to work on /home/airflow/.local/lib/python3.8/site-packages/airflow/example_dags/example_short_circuit_decorator.py
[2025-12-21T07:03:29.533+0000] {processor.py:830} INFO - Processing file /home/airflow/.local/lib/python3.8/site-packages/airflow/example_dags/example_short_circuit_decorator.py for tasks to queue
[2025-12-21T07:03:29.535+0000] {logging_mixin.py:188} INFO - [2025-12-21T07:03:29.535+0000] {dagbag.py:540} INFO - Filling up the DagBag from /home/airflow/.local/lib/python3.8/site-packages/airflow/example_dags/example_short_circuit_decorator.py
[2025-12-21T07:03:29.545+0000] {processor.py:840} INFO - DAG(s) 'example_short_circuit_decorator' retrieved from /home/airflow/.local/lib/python3.8/site-packages/airflow/example_dags/example_short_circuit_decorator.py
[2025-12-21T07:03:29.570+0000] {logging_mixin.py:188} INFO - [2025-12-21T07:03:29.570+0000] {dag.py:3047} INFO - Sync 1 DAGs
[2025-12-21T07:03:29.592+0000] {logging_mixin.py:188} INFO - [2025-12-21T07:03:29.592+0000] {dag.py:3834} INFO - Setting next_dagrun for example_short_circuit_decorator to 2025-12-20 00:00:00+00:00, run_after=2025-12-21 00:00:00+00:00
[2025-12-21T07:03:29.611+0000] {processor.py:183} INFO - Processing /home/airflow/.local/lib/python3.8/site-packages/airflow/example_dags/example_short_circuit_decorator.py took 0.083 seconds
[2025-12-21T07:04:00.149+0000] {processor.py:161} INFO - Started process (PID=635) to work on /home/airflow/.local/lib/python3.8/site-packages/airflow/example_dags/example_short_circuit_decorator.py
[2025-12-21T07:04:00.150+0000] {processor.py:830} INFO - Processing file /home/airflow/.local/lib/python3.8/site-packages/airflow/example_dags/example_short_circuit_decorator.py for tasks to queue
[2025-12-21T07:04:00.153+0000] {logging_mixin.py:188} INFO - [2025-12-21T07:04:00.153+0000] {dagbag.py:540} INFO - Filling up the DagBag from /home/airflow/.local/lib/python3.8/site-packages/airflow/example_dags/example_short_circuit_decorator.py
[2025-12-21T07:04:00.167+0000] {processor.py:840} INFO - DAG(s) 'example_short_circuit_decorator' retrieved from /home/airflow/.local/lib/python3.8/site-packages/airflow/example_dags/example_short_circuit_decorator.py
[2025-12-21T07:04:00.199+0000] {logging_mixin.py:188} INFO - [2025-12-21T07:04:00.199+0000] {dag.py:3047} INFO - Sync 1 DAGs
[2025-12-21T07:04:00.227+0000] {logging_mixin.py:188} INFO - [2025-12-21T07:04:00.227+0000] {dag.py:3834} INFO - Setting next_dagrun for example_short_circuit_decorator to 2025-12-20 00:00:00+00:00, run_after=2025-12-21 00:00:00+00:00
[2025-12-21T07:04:00.264+0000] {processor.py:183} INFO - Processing /home/airflow/.local/lib/python3.8/site-packages/airflow/example_dags/example_short_circuit_decorator.py took 0.120 seconds
[2025-12-21T07:04:31.048+0000] {processor.py:161} INFO - Started process (PID=691) to work on /home/airflow/.local/lib/python3.8/site-packages/airflow/example_dags/example_short_circuit_decorator.py
[2025-12-21T07:04:31.049+0000] {processor.py:830} INFO - Processing file /home/airflow/.local/lib/python3.8/site-packages/airflow/example_dags/example_short_circuit_decorator.py for tasks to queue
[2025-12-21T07:04:31.052+0000] {logging_mixin.py:188} INFO - [2025-12-21T07:04:31.052+0000] {dagbag.py:540} INFO - Filling up the DagBag from /home/airflow/.local/lib/python3.8/site-packages/airflow/example_dags/example_short_circuit_decorator.py
[2025-12-21T07:04:31.064+0000] {processor.py:840} INFO - DAG(s) 'example_short_circuit_decorator' retrieved from /home/airflow/.local/lib/python3.8/site-packages/airflow/example_dags/example_short_circuit_decorator.py
[2025-12-21T07:04:31.094+0000] {logging_mixin.py:188} INFO - [2025-12-21T07:04:31.094+0000] {dag.py:3047} INFO - Sync 1 DAGs
[2025-12-21T07:04:31.122+0000] {logging_mixin.py:188} INFO - [2025-12-21T07:04:31.121+0000] {dag.py:3834} INFO - Setting next_dagrun for example_short_circuit_decorator to 2025-12-20 00:00:00+00:00, run_after=2025-12-21 00:00:00+00:00
[2025-12-21T07:04:31.147+0000] {processor.py:183} INFO - Processing /home/airflow/.local/lib/python3.8/site-packages/airflow/example_dags/example_short_circuit_decorator.py took 0.104 seconds
[2025-12-21T07:05:01.212+0000] {processor.py:161} INFO - Started process (PID=747) to work on /home/airflow/.local/lib/python3.8/site-packages/airflow/example_dags/example_short_circuit_decorator.py
[2025-12-21T07:05:01.213+0000] {processor.py:830} INFO - Processing file /home/airflow/.local/lib/python3.8/site-packages/airflow/example_dags/example_short_circuit_decorator.py for tasks to queue
[2025-12-21T07:05:01.216+0000] {logging_mixin.py:188} INFO - [2025-12-21T07:05:01.215+0000] {dagbag.py:540} INFO - Filling up the DagBag from /home/airflow/.local/lib/python3.8/site-packages/airflow/example_dags/example_short_circuit_decorator.py
[2025-12-21T07:05:01.225+0000] {processor.py:840} INFO - DAG(s) 'example_short_circuit_decorator' retrieved from /home/airflow/.local/lib/python3.8/site-packages/airflow/example_dags/example_short_circuit_decorator.py
[2025-12-21T07:05:01.249+0000] {logging_mixin.py:188} INFO - [2025-12-21T07:05:01.248+0000] {dag.py:3047} INFO - Sync 1 DAGs
[2025-12-21T07:05:01.271+0000] {logging_mixin.py:188} INFO - [2025-12-21T07:05:01.271+0000] {dag.py:3834} INFO - Setting next_dagrun for example_short_circuit_decorator to 2025-12-20 00:00:00+00:00, run_after=2025-12-21 00:00:00+00:00
[2025-12-21T07:05:01.291+0000] {processor.py:183} INFO - Processing /home/airflow/.local/lib/python3.8/site-packages/airflow/example_dags/example_short_circuit_decorator.py took 0.084 seconds
[2025-12-21T07:05:31.675+0000] {processor.py:161} INFO - Started process (PID=803) to work on /home/airflow/.local/lib/python3.8/site-packages/airflow/example_dags/example_short_circuit_decorator.py
[2025-12-21T07:05:31.676+0000] {processor.py:830} INFO - Processing file /home/airflow/.local/lib/python3.8/site-packages/airflow/example_dags/example_short_circuit_decorator.py for tasks to queue
[2025-12-21T07:05:31.678+0000] {logging_mixin.py:188} INFO - [2025-12-21T07:05:31.678+0000] {dagbag.py:540} INFO - Filling up the DagBag from /home/airflow/.local/lib/python3.8/site-packages/airflow/example_dags/example_short_circuit_decorator.py
[2025-12-21T07:05:31.687+0000] {processor.py:840} INFO - DAG(s) 'example_short_circuit_decorator' retrieved from /home/airflow/.local/lib/python3.8/site-packages/airflow/example_dags/example_short_circuit_decorator.py
[2025-12-21T07:05:31.714+0000] {logging_mixin.py:188} INFO - [2025-12-21T07:05:31.714+0000] {dag.py:3047} INFO - Sync 1 DAGs
[2025-12-21T07:05:31.740+0000] {logging_mixin.py:188} INFO - [2025-12-21T07:05:31.739+0000] {dag.py:3834} INFO - Setting next_dagrun for example_short_circuit_decorator to 2025-12-20 00:00:00+00:00, run_after=2025-12-21 00:00:00+00:00
[2025-12-21T07:05:31.765+0000] {processor.py:183} INFO - Processing /home/airflow/.local/lib/python3.8/site-packages/airflow/example_dags/example_short_circuit_decorator.py took 0.094 seconds
[2025-12-21T07:06:01.954+0000] {processor.py:161} INFO - Started process (PID=859) to work on /home/airflow/.local/lib/python3.8/site-packages/airflow/example_dags/example_short_circuit_decorator.py
[2025-12-21T07:06:01.956+0000] {processor.py:830} INFO - Processing file /home/airflow/.local/lib/python3.8/site-packages/airflow/example_dags/example_short_circuit_decorator.py for tasks to queue
[2025-12-21T07:06:01.958+0000] {logging_mixin.py:188} INFO - [2025-12-21T07:06:01.958+0000] {dagbag.py:540} INFO - Filling up the DagBag from /home/airflow/.local/lib/python3.8/site-packages/airflow/example_dags/example_short_circuit_decorator.py
[2025-12-21T07:06:01.968+0000] {processor.py:840} INFO - DAG(s) 'example_short_circuit_decorator' retrieved from /home/airflow/.local/lib/python3.8/site-packages/airflow/example_dags/example_short_circuit_decorator.py
[2025-12-21T07:06:01.992+0000] {logging_mixin.py:188} INFO - [2025-12-21T07:06:01.992+0000] {dag.py:3047} INFO - Sync 1 DAGs
[2025-12-21T07:06:02.015+0000] {logging_mixin.py:188} INFO - [2025-12-21T07:06:02.015+0000] {dag.py:3834} INFO - Setting next_dagrun for example_short_circuit_decorator to 2025-12-20 00:00:00+00:00, run_after=2025-12-21 00:00:00+00:00
[2025-12-21T07:06:02.037+0000] {processor.py:183} INFO - Processing /home/airflow/.local/lib/python3.8/site-packages/airflow/example_dags/example_short_circuit_decorator.py took 0.086 seconds
[2025-12-21T07:06:32.160+0000] {processor.py:161} INFO - Started process (PID=915) to work on /home/airflow/.local/lib/python3.8/site-packages/airflow/example_dags/example_short_circuit_decorator.py
[2025-12-21T07:06:32.162+0000] {processor.py:830} INFO - Processing file /home/airflow/.local/lib/python3.8/site-packages/airflow/example_dags/example_short_circuit_decorator.py for tasks to queue
[2025-12-21T07:06:32.165+0000] {logging_mixin.py:188} INFO - [2025-12-21T07:06:32.164+0000] {dagbag.py:540} INFO - Filling up the DagBag from /home/airflow/.local/lib/python3.8/site-packages/airflow/example_dags/example_short_circuit_decorator.py
[2025-12-21T07:06:32.176+0000] {processor.py:840} INFO - DAG(s) 'example_short_circuit_decorator' retrieved from /home/airflow/.local/lib/python3.8/site-packages/airflow/example_dags/example_short_circuit_decorator.py
[2025-12-21T07:06:32.202+0000] {logging_mixin.py:188} INFO - [2025-12-21T07:06:32.202+0000] {dag.py:3047} INFO - Sync 1 DAGs
[2025-12-21T07:06:32.225+0000] {logging_mixin.py:188} INFO - [2025-12-21T07:06:32.225+0000] {dag.py:3834} INFO - Setting next_dagrun for example_short_circuit_decorator to 2025-12-20 00:00:00+00:00, run_after=2025-12-21 00:00:00+00:00
[2025-12-21T07:06:32.246+0000] {processor.py:183} INFO - Processing /home/airflow/.local/lib/python3.8/site-packages/airflow/example_dags/example_short_circuit_decorator.py took 0.091 seconds
[2025-12-21T07:07:02.532+0000] {processor.py:161} INFO - Started process (PID=971) to work on /home/airflow/.local/lib/python3.8/site-packages/airflow/example_dags/example_short_circuit_decorator.py
[2025-12-21T07:07:02.533+0000] {processor.py:830} INFO - Processing file /home/airflow/.local/lib/python3.8/site-packages/airflow/example_dags/example_short_circuit_decorator.py for tasks to queue
[2025-12-21T07:07:02.536+0000] {logging_mixin.py:188} INFO - [2025-12-21T07:07:02.535+0000] {dagbag.py:540} INFO - Filling up the DagBag from /home/airflow/.local/lib/python3.8/site-packages/airflow/example_dags/example_short_circuit_decorator.py
[2025-12-21T07:07:02.546+0000] {processor.py:840} INFO - DAG(s) 'example_short_circuit_decorator' retrieved from /home/airflow/.local/lib/python3.8/site-packages/airflow/example_dags/example_short_circuit_decorator.py
[2025-12-21T07:07:02.571+0000] {logging_mixin.py:188} INFO - [2025-12-21T07:07:02.571+0000] {dag.py:3047} INFO - Sync 1 DAGs
[2025-12-21T07:07:02.595+0000] {logging_mixin.py:188} INFO - [2025-12-21T07:07:02.595+0000] {dag.py:3834} INFO - Setting next_dagrun for example_short_circuit_decorator to 2025-12-20 00:00:00+00:00, run_after=2025-12-21 00:00:00+00:00
[2025-12-21T07:07:02.614+0000] {processor.py:183} INFO - Processing /home/airflow/.local/lib/python3.8/site-packages/airflow/example_dags/example_short_circuit_decorator.py took 0.087 seconds
[2025-12-21T07:07:32.989+0000] {processor.py:161} INFO - Started process (PID=1027) to work on /home/airflow/.local/lib/python3.8/site-packages/airflow/example_dags/example_short_circuit_decorator.py
[2025-12-21T07:07:32.991+0000] {processor.py:830} INFO - Processing file /home/airflow/.local/lib/python3.8/site-packages/airflow/example_dags/example_short_circuit_decorator.py for tasks to queue
[2025-12-21T07:07:32.994+0000] {logging_mixin.py:188} INFO - [2025-12-21T07:07:32.994+0000] {dagbag.py:540} INFO - Filling up the DagBag from /home/airflow/.local/lib/python3.8/site-packages/airflow/example_dags/example_short_circuit_decorator.py
[2025-12-21T07:07:33.006+0000] {processor.py:840} INFO - DAG(s) 'example_short_circuit_decorator' retrieved from /home/airflow/.local/lib/python3.8/site-packages/airflow/example_dags/example_short_circuit_decorator.py
[2025-12-21T07:07:33.035+0000] {logging_mixin.py:188} INFO - [2025-12-21T07:07:33.035+0000] {dag.py:3047} INFO - Sync 1 DAGs
[2025-12-21T07:07:33.059+0000] {logging_mixin.py:188} INFO - [2025-12-21T07:07:33.058+0000] {dag.py:3834} INFO - Setting next_dagrun for example_short_circuit_decorator to 2025-12-20 00:00:00+00:00, run_after=2025-12-21 00:00:00+00:00
[2025-12-21T07:07:33.082+0000] {processor.py:183} INFO - Processing /home/airflow/.local/lib/python3.8/site-packages/airflow/example_dags/example_short_circuit_decorator.py took 0.098 seconds
[2025-12-21T07:08:03.925+0000] {processor.py:161} INFO - Started process (PID=1083) to work on /home/airflow/.local/lib/python3.8/site-packages/airflow/example_dags/example_short_circuit_decorator.py
[2025-12-21T07:08:03.927+0000] {processor.py:830} INFO - Processing file /home/airflow/.local/lib/python3.8/site-packages/airflow/example_dags/example_short_circuit_decorator.py for tasks to queue
[2025-12-21T07:08:03.929+0000] {logging_mixin.py:188} INFO - [2025-12-21T07:08:03.929+0000] {dagbag.py:540} INFO - Filling up the DagBag from /home/airflow/.local/lib/python3.8/site-packages/airflow/example_dags/example_short_circuit_decorator.py
[2025-12-21T07:08:03.938+0000] {processor.py:840} INFO - DAG(s) 'example_short_circuit_decorator' retrieved from /home/airflow/.local/lib/python3.8/site-packages/airflow/example_dags/example_short_circuit_decorator.py
[2025-12-21T07:08:03.964+0000] {logging_mixin.py:188} INFO - [2025-12-21T07:08:03.963+0000] {dag.py:3047} INFO - Sync 1 DAGs
[2025-12-21T07:08:03.986+0000] {logging_mixin.py:188} INFO - [2025-12-21T07:08:03.985+0000] {dag.py:3834} INFO - Setting next_dagrun for example_short_circuit_decorator to 2025-12-20 00:00:00+00:00, run_after=2025-12-21 00:00:00+00:00
[2025-12-21T07:08:04.009+0000] {processor.py:183} INFO - Processing /home/airflow/.local/lib/python3.8/site-packages/airflow/example_dags/example_short_circuit_decorator.py took 0.087 seconds
[2025-12-21T07:08:34.930+0000] {processor.py:161} INFO - Started process (PID=1139) to work on /home/airflow/.local/lib/python3.8/site-packages/airflow/example_dags/example_short_circuit_decorator.py
[2025-12-21T07:08:34.932+0000] {processor.py:830} INFO - Processing file /home/airflow/.local/lib/python3.8/site-packages/airflow/example_dags/example_short_circuit_decorator.py for tasks to queue
[2025-12-21T07:08:34.935+0000] {logging_mixin.py:188} INFO - [2025-12-21T07:08:34.935+0000] {dagbag.py:540} INFO - Filling up the DagBag from /home/airflow/.local/lib/python3.8/site-packages/airflow/example_dags/example_short_circuit_decorator.py
[2025-12-21T07:08:34.946+0000] {processor.py:840} INFO - DAG(s) 'example_short_circuit_decorator' retrieved from /home/airflow/.local/lib/python3.8/site-packages/airflow/example_dags/example_short_circuit_decorator.py
[2025-12-21T07:08:34.975+0000] {logging_mixin.py:188} INFO - [2025-12-21T07:08:34.975+0000] {dag.py:3047} INFO - Sync 1 DAGs
[2025-12-21T07:08:35.003+0000] {logging_mixin.py:188} INFO - [2025-12-21T07:08:35.002+0000] {dag.py:3834} INFO - Setting next_dagrun for example_short_circuit_decorator to 2025-12-20 00:00:00+00:00, run_after=2025-12-21 00:00:00+00:00
[2025-12-21T07:08:35.028+0000] {processor.py:183} INFO - Processing /home/airflow/.local/lib/python3.8/site-packages/airflow/example_dags/example_short_circuit_decorator.py took 0.103 seconds
[2025-12-21T07:11:44.894+0000] {processor.py:161} INFO - Started process (PID=86) to work on /home/airflow/.local/lib/python3.8/site-packages/airflow/example_dags/example_short_circuit_decorator.py
[2025-12-21T07:11:44.900+0000] {processor.py:830} INFO - Processing file /home/airflow/.local/lib/python3.8/site-packages/airflow/example_dags/example_short_circuit_decorator.py for tasks to queue
[2025-12-21T07:11:44.902+0000] {logging_mixin.py:188} INFO - [2025-12-21T07:11:44.902+0000] {dagbag.py:540} INFO - Filling up the DagBag from /home/airflow/.local/lib/python3.8/site-packages/airflow/example_dags/example_short_circuit_decorator.py
[2025-12-21T07:11:44.930+0000] {processor.py:840} INFO - DAG(s) 'example_short_circuit_decorator' retrieved from /home/airflow/.local/lib/python3.8/site-packages/airflow/example_dags/example_short_circuit_decorator.py
[2025-12-21T07:11:45.110+0000] {logging_mixin.py:188} INFO - [2025-12-21T07:11:45.110+0000] {dag.py:3047} INFO - Sync 1 DAGs
[2025-12-21T07:11:45.218+0000] {logging_mixin.py:188} INFO - [2025-12-21T07:11:45.218+0000] {dag.py:3834} INFO - Setting next_dagrun for example_short_circuit_decorator to 2025-12-20 00:00:00+00:00, run_after=2025-12-21 00:00:00+00:00
[2025-12-21T07:11:45.288+0000] {processor.py:183} INFO - Processing /home/airflow/.local/lib/python3.8/site-packages/airflow/example_dags/example_short_circuit_decorator.py took 0.412 seconds
[2025-12-21T07:12:15.913+0000] {processor.py:161} INFO - Started process (PID=142) to work on /home/airflow/.local/lib/python3.8/site-packages/airflow/example_dags/example_short_circuit_decorator.py
[2025-12-21T07:12:15.914+0000] {processor.py:830} INFO - Processing file /home/airflow/.local/lib/python3.8/site-packages/airflow/example_dags/example_short_circuit_decorator.py for tasks to queue
[2025-12-21T07:12:15.917+0000] {logging_mixin.py:188} INFO - [2025-12-21T07:12:15.916+0000] {dagbag.py:540} INFO - Filling up the DagBag from /home/airflow/.local/lib/python3.8/site-packages/airflow/example_dags/example_short_circuit_decorator.py
[2025-12-21T07:12:15.929+0000] {processor.py:840} INFO - DAG(s) 'example_short_circuit_decorator' retrieved from /home/airflow/.local/lib/python3.8/site-packages/airflow/example_dags/example_short_circuit_decorator.py
[2025-12-21T07:12:16.036+0000] {logging_mixin.py:188} INFO - [2025-12-21T07:12:16.036+0000] {dag.py:3047} INFO - Sync 1 DAGs
[2025-12-21T07:12:16.057+0000] {logging_mixin.py:188} INFO - [2025-12-21T07:12:16.057+0000] {dag.py:3834} INFO - Setting next_dagrun for example_short_circuit_decorator to 2025-12-20 00:00:00+00:00, run_after=2025-12-21 00:00:00+00:00
[2025-12-21T07:12:16.079+0000] {processor.py:183} INFO - Processing /home/airflow/.local/lib/python3.8/site-packages/airflow/example_dags/example_short_circuit_decorator.py took 0.171 seconds
[2025-12-21T07:12:46.429+0000] {processor.py:161} INFO - Started process (PID=198) to work on /home/airflow/.local/lib/python3.8/site-packages/airflow/example_dags/example_short_circuit_decorator.py
[2025-12-21T07:12:46.430+0000] {processor.py:830} INFO - Processing file /home/airflow/.local/lib/python3.8/site-packages/airflow/example_dags/example_short_circuit_decorator.py for tasks to queue
[2025-12-21T07:12:46.433+0000] {logging_mixin.py:188} INFO - [2025-12-21T07:12:46.432+0000] {dagbag.py:540} INFO - Filling up the DagBag from /home/airflow/.local/lib/python3.8/site-packages/airflow/example_dags/example_short_circuit_decorator.py
[2025-12-21T07:12:46.443+0000] {processor.py:840} INFO - DAG(s) 'example_short_circuit_decorator' retrieved from /home/airflow/.local/lib/python3.8/site-packages/airflow/example_dags/example_short_circuit_decorator.py
[2025-12-21T07:12:46.471+0000] {logging_mixin.py:188} INFO - [2025-12-21T07:12:46.470+0000] {dag.py:3047} INFO - Sync 1 DAGs
[2025-12-21T07:12:46.494+0000] {logging_mixin.py:188} INFO - [2025-12-21T07:12:46.494+0000] {dag.py:3834} INFO - Setting next_dagrun for example_short_circuit_decorator to 2025-12-20 00:00:00+00:00, run_after=2025-12-21 00:00:00+00:00
[2025-12-21T07:12:46.524+0000] {processor.py:183} INFO - Processing /home/airflow/.local/lib/python3.8/site-packages/airflow/example_dags/example_short_circuit_decorator.py took 0.100 seconds
[2025-12-21T07:13:16.836+0000] {processor.py:161} INFO - Started process (PID=254) to work on /home/airflow/.local/lib/python3.8/site-packages/airflow/example_dags/example_short_circuit_decorator.py
[2025-12-21T07:13:16.840+0000] {processor.py:830} INFO - Processing file /home/airflow/.local/lib/python3.8/site-packages/airflow/example_dags/example_short_circuit_decorator.py for tasks to queue
[2025-12-21T07:13:16.843+0000] {logging_mixin.py:188} INFO - [2025-12-21T07:13:16.842+0000] {dagbag.py:540} INFO - Filling up the DagBag from /home/airflow/.local/lib/python3.8/site-packages/airflow/example_dags/example_short_circuit_decorator.py
[2025-12-21T07:13:16.859+0000] {processor.py:840} INFO - DAG(s) 'example_short_circuit_decorator' retrieved from /home/airflow/.local/lib/python3.8/site-packages/airflow/example_dags/example_short_circuit_decorator.py
[2025-12-21T07:13:16.886+0000] {logging_mixin.py:188} INFO - [2025-12-21T07:13:16.886+0000] {dag.py:3047} INFO - Sync 1 DAGs
[2025-12-21T07:13:16.915+0000] {logging_mixin.py:188} INFO - [2025-12-21T07:13:16.915+0000] {dag.py:3834} INFO - Setting next_dagrun for example_short_circuit_decorator to 2025-12-20 00:00:00+00:00, run_after=2025-12-21 00:00:00+00:00
[2025-12-21T07:13:16.937+0000] {processor.py:183} INFO - Processing /home/airflow/.local/lib/python3.8/site-packages/airflow/example_dags/example_short_circuit_decorator.py took 0.107 seconds
[2025-12-21T07:13:47.598+0000] {processor.py:161} INFO - Started process (PID=310) to work on /home/airflow/.local/lib/python3.8/site-packages/airflow/example_dags/example_short_circuit_decorator.py
[2025-12-21T07:13:47.599+0000] {processor.py:830} INFO - Processing file /home/airflow/.local/lib/python3.8/site-packages/airflow/example_dags/example_short_circuit_decorator.py for tasks to queue
[2025-12-21T07:13:47.602+0000] {logging_mixin.py:188} INFO - [2025-12-21T07:13:47.601+0000] {dagbag.py:540} INFO - Filling up the DagBag from /home/airflow/.local/lib/python3.8/site-packages/airflow/example_dags/example_short_circuit_decorator.py
[2025-12-21T07:13:47.612+0000] {processor.py:840} INFO - DAG(s) 'example_short_circuit_decorator' retrieved from /home/airflow/.local/lib/python3.8/site-packages/airflow/example_dags/example_short_circuit_decorator.py
[2025-12-21T07:13:47.638+0000] {logging_mixin.py:188} INFO - [2025-12-21T07:13:47.638+0000] {dag.py:3047} INFO - Sync 1 DAGs
[2025-12-21T07:13:47.662+0000] {logging_mixin.py:188} INFO - [2025-12-21T07:13:47.662+0000] {dag.py:3834} INFO - Setting next_dagrun for example_short_circuit_decorator to 2025-12-20 00:00:00+00:00, run_after=2025-12-21 00:00:00+00:00
[2025-12-21T07:13:47.685+0000] {processor.py:183} INFO - Processing /home/airflow/.local/lib/python3.8/site-packages/airflow/example_dags/example_short_circuit_decorator.py took 0.091 seconds
[2025-12-21T07:14:18.301+0000] {processor.py:161} INFO - Started process (PID=366) to work on /home/airflow/.local/lib/python3.8/site-packages/airflow/example_dags/example_short_circuit_decorator.py
[2025-12-21T07:14:18.303+0000] {processor.py:830} INFO - Processing file /home/airflow/.local/lib/python3.8/site-packages/airflow/example_dags/example_short_circuit_decorator.py for tasks to queue
[2025-12-21T07:14:18.306+0000] {logging_mixin.py:188} INFO - [2025-12-21T07:14:18.305+0000] {dagbag.py:540} INFO - Filling up the DagBag from /home/airflow/.local/lib/python3.8/site-packages/airflow/example_dags/example_short_circuit_decorator.py
[2025-12-21T07:14:18.316+0000] {processor.py:840} INFO - DAG(s) 'example_short_circuit_decorator' retrieved from /home/airflow/.local/lib/python3.8/site-packages/airflow/example_dags/example_short_circuit_decorator.py
[2025-12-21T07:14:18.342+0000] {logging_mixin.py:188} INFO - [2025-12-21T07:14:18.342+0000] {dag.py:3047} INFO - Sync 1 DAGs
[2025-12-21T07:14:18.367+0000] {logging_mixin.py:188} INFO - [2025-12-21T07:14:18.366+0000] {dag.py:3834} INFO - Setting next_dagrun for example_short_circuit_decorator to 2025-12-20 00:00:00+00:00, run_after=2025-12-21 00:00:00+00:00
[2025-12-21T07:14:18.389+0000] {processor.py:183} INFO - Processing /home/airflow/.local/lib/python3.8/site-packages/airflow/example_dags/example_short_circuit_decorator.py took 0.092 seconds
[2025-12-21T07:14:49.090+0000] {processor.py:161} INFO - Started process (PID=422) to work on /home/airflow/.local/lib/python3.8/site-packages/airflow/example_dags/example_short_circuit_decorator.py
[2025-12-21T07:14:49.092+0000] {processor.py:830} INFO - Processing file /home/airflow/.local/lib/python3.8/site-packages/airflow/example_dags/example_short_circuit_decorator.py for tasks to queue
[2025-12-21T07:14:49.095+0000] {logging_mixin.py:188} INFO - [2025-12-21T07:14:49.094+0000] {dagbag.py:540} INFO - Filling up the DagBag from /home/airflow/.local/lib/python3.8/site-packages/airflow/example_dags/example_short_circuit_decorator.py
[2025-12-21T07:14:49.105+0000] {processor.py:840} INFO - DAG(s) 'example_short_circuit_decorator' retrieved from /home/airflow/.local/lib/python3.8/site-packages/airflow/example_dags/example_short_circuit_decorator.py
[2025-12-21T07:14:49.145+0000] {logging_mixin.py:188} INFO - [2025-12-21T07:14:49.145+0000] {dag.py:3047} INFO - Sync 1 DAGs
[2025-12-21T07:14:49.186+0000] {logging_mixin.py:188} INFO - [2025-12-21T07:14:49.185+0000] {dag.py:3834} INFO - Setting next_dagrun for example_short_circuit_decorator to 2025-12-20 00:00:00+00:00, run_after=2025-12-21 00:00:00+00:00
[2025-12-21T07:14:49.214+0000] {processor.py:183} INFO - Processing /home/airflow/.local/lib/python3.8/site-packages/airflow/example_dags/example_short_circuit_decorator.py took 0.128 seconds
[2025-12-21T07:15:19.304+0000] {processor.py:161} INFO - Started process (PID=478) to work on /home/airflow/.local/lib/python3.8/site-packages/airflow/example_dags/example_short_circuit_decorator.py
[2025-12-21T07:15:19.305+0000] {processor.py:830} INFO - Processing file /home/airflow/.local/lib/python3.8/site-packages/airflow/example_dags/example_short_circuit_decorator.py for tasks to queue
[2025-12-21T07:15:19.308+0000] {logging_mixin.py:188} INFO - [2025-12-21T07:15:19.307+0000] {dagbag.py:540} INFO - Filling up the DagBag from /home/airflow/.local/lib/python3.8/site-packages/airflow/example_dags/example_short_circuit_decorator.py
[2025-12-21T07:15:19.317+0000] {processor.py:840} INFO - DAG(s) 'example_short_circuit_decorator' retrieved from /home/airflow/.local/lib/python3.8/site-packages/airflow/example_dags/example_short_circuit_decorator.py
[2025-12-21T07:15:19.343+0000] {logging_mixin.py:188} INFO - [2025-12-21T07:15:19.342+0000] {dag.py:3047} INFO - Sync 1 DAGs
[2025-12-21T07:15:19.364+0000] {logging_mixin.py:188} INFO - [2025-12-21T07:15:19.364+0000] {dag.py:3834} INFO - Setting next_dagrun for example_short_circuit_decorator to 2025-12-20 00:00:00+00:00, run_after=2025-12-21 00:00:00+00:00
[2025-12-21T07:15:19.385+0000] {processor.py:183} INFO - Processing /home/airflow/.local/lib/python3.8/site-packages/airflow/example_dags/example_short_circuit_decorator.py took 0.085 seconds
[2025-12-21T07:15:49.609+0000] {processor.py:161} INFO - Started process (PID=534) to work on /home/airflow/.local/lib/python3.8/site-packages/airflow/example_dags/example_short_circuit_decorator.py
[2025-12-21T07:15:49.621+0000] {processor.py:830} INFO - Processing file /home/airflow/.local/lib/python3.8/site-packages/airflow/example_dags/example_short_circuit_decorator.py for tasks to queue
[2025-12-21T07:15:49.627+0000] {logging_mixin.py:188} INFO - [2025-12-21T07:15:49.627+0000] {dagbag.py:540} INFO - Filling up the DagBag from /home/airflow/.local/lib/python3.8/site-packages/airflow/example_dags/example_short_circuit_decorator.py
[2025-12-21T07:15:49.649+0000] {processor.py:840} INFO - DAG(s) 'example_short_circuit_decorator' retrieved from /home/airflow/.local/lib/python3.8/site-packages/airflow/example_dags/example_short_circuit_decorator.py
[2025-12-21T07:15:49.687+0000] {logging_mixin.py:188} INFO - [2025-12-21T07:15:49.687+0000] {dag.py:3047} INFO - Sync 1 DAGs
[2025-12-21T07:15:49.715+0000] {logging_mixin.py:188} INFO - [2025-12-21T07:15:49.715+0000] {dag.py:3834} INFO - Setting next_dagrun for example_short_circuit_decorator to 2025-12-20 00:00:00+00:00, run_after=2025-12-21 00:00:00+00:00
[2025-12-21T07:15:49.749+0000] {processor.py:183} INFO - Processing /home/airflow/.local/lib/python3.8/site-packages/airflow/example_dags/example_short_circuit_decorator.py took 0.153 seconds
[2025-12-21T07:16:20.858+0000] {processor.py:161} INFO - Started process (PID=590) to work on /home/airflow/.local/lib/python3.8/site-packages/airflow/example_dags/example_short_circuit_decorator.py
[2025-12-21T07:16:20.860+0000] {processor.py:830} INFO - Processing file /home/airflow/.local/lib/python3.8/site-packages/airflow/example_dags/example_short_circuit_decorator.py for tasks to queue
[2025-12-21T07:16:20.864+0000] {logging_mixin.py:188} INFO - [2025-12-21T07:16:20.863+0000] {dagbag.py:540} INFO - Filling up the DagBag from /home/airflow/.local/lib/python3.8/site-packages/airflow/example_dags/example_short_circuit_decorator.py
[2025-12-21T07:16:20.876+0000] {processor.py:840} INFO - DAG(s) 'example_short_circuit_decorator' retrieved from /home/airflow/.local/lib/python3.8/site-packages/airflow/example_dags/example_short_circuit_decorator.py
[2025-12-21T07:16:20.914+0000] {logging_mixin.py:188} INFO - [2025-12-21T07:16:20.914+0000] {dag.py:3047} INFO - Sync 1 DAGs
[2025-12-21T07:16:20.946+0000] {logging_mixin.py:188} INFO - [2025-12-21T07:16:20.946+0000] {dag.py:3834} INFO - Setting next_dagrun for example_short_circuit_decorator to 2025-12-20 00:00:00+00:00, run_after=2025-12-21 00:00:00+00:00
[2025-12-21T07:16:20.975+0000] {processor.py:183} INFO - Processing /home/airflow/.local/lib/python3.8/site-packages/airflow/example_dags/example_short_circuit_decorator.py took 0.122 seconds
[2025-12-21T07:16:51.643+0000] {processor.py:161} INFO - Started process (PID=646) to work on /home/airflow/.local/lib/python3.8/site-packages/airflow/example_dags/example_short_circuit_decorator.py
[2025-12-21T07:16:51.644+0000] {processor.py:830} INFO - Processing file /home/airflow/.local/lib/python3.8/site-packages/airflow/example_dags/example_short_circuit_decorator.py for tasks to queue
[2025-12-21T07:16:51.646+0000] {logging_mixin.py:188} INFO - [2025-12-21T07:16:51.646+0000] {dagbag.py:540} INFO - Filling up the DagBag from /home/airflow/.local/lib/python3.8/site-packages/airflow/example_dags/example_short_circuit_decorator.py
[2025-12-21T07:16:51.656+0000] {processor.py:840} INFO - DAG(s) 'example_short_circuit_decorator' retrieved from /home/airflow/.local/lib/python3.8/site-packages/airflow/example_dags/example_short_circuit_decorator.py
[2025-12-21T07:16:51.683+0000] {logging_mixin.py:188} INFO - [2025-12-21T07:16:51.683+0000] {dag.py:3047} INFO - Sync 1 DAGs
[2025-12-21T07:16:51.704+0000] {logging_mixin.py:188} INFO - [2025-12-21T07:16:51.704+0000] {dag.py:3834} INFO - Setting next_dagrun for example_short_circuit_decorator to 2025-12-20 00:00:00+00:00, run_after=2025-12-21 00:00:00+00:00
[2025-12-21T07:16:51.724+0000] {processor.py:183} INFO - Processing /home/airflow/.local/lib/python3.8/site-packages/airflow/example_dags/example_short_circuit_decorator.py took 0.085 seconds
[2025-12-21T07:17:21.866+0000] {processor.py:161} INFO - Started process (PID=702) to work on /home/airflow/.local/lib/python3.8/site-packages/airflow/example_dags/example_short_circuit_decorator.py
[2025-12-21T07:17:21.867+0000] {processor.py:830} INFO - Processing file /home/airflow/.local/lib/python3.8/site-packages/airflow/example_dags/example_short_circuit_decorator.py for tasks to queue
[2025-12-21T07:17:21.869+0000] {logging_mixin.py:188} INFO - [2025-12-21T07:17:21.869+0000] {dagbag.py:540} INFO - Filling up the DagBag from /home/airflow/.local/lib/python3.8/site-packages/airflow/example_dags/example_short_circuit_decorator.py
[2025-12-21T07:17:21.879+0000] {processor.py:840} INFO - DAG(s) 'example_short_circuit_decorator' retrieved from /home/airflow/.local/lib/python3.8/site-packages/airflow/example_dags/example_short_circuit_decorator.py
[2025-12-21T07:17:21.904+0000] {logging_mixin.py:188} INFO - [2025-12-21T07:17:21.903+0000] {dag.py:3047} INFO - Sync 1 DAGs
[2025-12-21T07:17:21.926+0000] {logging_mixin.py:188} INFO - [2025-12-21T07:17:21.925+0000] {dag.py:3834} INFO - Setting next_dagrun for example_short_circuit_decorator to 2025-12-20 00:00:00+00:00, run_after=2025-12-21 00:00:00+00:00
[2025-12-21T07:17:21.944+0000] {processor.py:183} INFO - Processing /home/airflow/.local/lib/python3.8/site-packages/airflow/example_dags/example_short_circuit_decorator.py took 0.082 seconds
[2025-12-21T07:17:52.004+0000] {processor.py:161} INFO - Started process (PID=759) to work on /home/airflow/.local/lib/python3.8/site-packages/airflow/example_dags/example_short_circuit_decorator.py
[2025-12-21T07:17:52.006+0000] {processor.py:830} INFO - Processing file /home/airflow/.local/lib/python3.8/site-packages/airflow/example_dags/example_short_circuit_decorator.py for tasks to queue
[2025-12-21T07:17:52.008+0000] {logging_mixin.py:188} INFO - [2025-12-21T07:17:52.008+0000] {dagbag.py:540} INFO - Filling up the DagBag from /home/airflow/.local/lib/python3.8/site-packages/airflow/example_dags/example_short_circuit_decorator.py
[2025-12-21T07:17:52.017+0000] {processor.py:840} INFO - DAG(s) 'example_short_circuit_decorator' retrieved from /home/airflow/.local/lib/python3.8/site-packages/airflow/example_dags/example_short_circuit_decorator.py
[2025-12-21T07:17:52.042+0000] {logging_mixin.py:188} INFO - [2025-12-21T07:17:52.042+0000] {dag.py:3047} INFO - Sync 1 DAGs
[2025-12-21T07:17:52.065+0000] {logging_mixin.py:188} INFO - [2025-12-21T07:17:52.065+0000] {dag.py:3834} INFO - Setting next_dagrun for example_short_circuit_decorator to 2025-12-20 00:00:00+00:00, run_after=2025-12-21 00:00:00+00:00
[2025-12-21T07:17:52.083+0000] {processor.py:183} INFO - Processing /home/airflow/.local/lib/python3.8/site-packages/airflow/example_dags/example_short_circuit_decorator.py took 0.082 seconds
[2025-12-21T07:18:22.882+0000] {processor.py:161} INFO - Started process (PID=815) to work on /home/airflow/.local/lib/python3.8/site-packages/airflow/example_dags/example_short_circuit_decorator.py
[2025-12-21T07:18:22.883+0000] {processor.py:830} INFO - Processing file /home/airflow/.local/lib/python3.8/site-packages/airflow/example_dags/example_short_circuit_decorator.py for tasks to queue
[2025-12-21T07:18:22.886+0000] {logging_mixin.py:188} INFO - [2025-12-21T07:18:22.885+0000] {dagbag.py:540} INFO - Filling up the DagBag from /home/airflow/.local/lib/python3.8/site-packages/airflow/example_dags/example_short_circuit_decorator.py
[2025-12-21T07:18:22.897+0000] {processor.py:840} INFO - DAG(s) 'example_short_circuit_decorator' retrieved from /home/airflow/.local/lib/python3.8/site-packages/airflow/example_dags/example_short_circuit_decorator.py
[2025-12-21T07:18:22.924+0000] {logging_mixin.py:188} INFO - [2025-12-21T07:18:22.923+0000] {dag.py:3047} INFO - Sync 1 DAGs
[2025-12-21T07:18:22.948+0000] {logging_mixin.py:188} INFO - [2025-12-21T07:18:22.948+0000] {dag.py:3834} INFO - Setting next_dagrun for example_short_circuit_decorator to 2025-12-20 00:00:00+00:00, run_after=2025-12-21 00:00:00+00:00
[2025-12-21T07:18:22.971+0000] {processor.py:183} INFO - Processing /home/airflow/.local/lib/python3.8/site-packages/airflow/example_dags/example_short_circuit_decorator.py took 0.094 seconds
[2025-12-21T07:18:53.766+0000] {processor.py:161} INFO - Started process (PID=871) to work on /home/airflow/.local/lib/python3.8/site-packages/airflow/example_dags/example_short_circuit_decorator.py
[2025-12-21T07:18:53.767+0000] {processor.py:830} INFO - Processing file /home/airflow/.local/lib/python3.8/site-packages/airflow/example_dags/example_short_circuit_decorator.py for tasks to queue
[2025-12-21T07:18:53.770+0000] {logging_mixin.py:188} INFO - [2025-12-21T07:18:53.769+0000] {dagbag.py:540} INFO - Filling up the DagBag from /home/airflow/.local/lib/python3.8/site-packages/airflow/example_dags/example_short_circuit_decorator.py
[2025-12-21T07:18:53.779+0000] {processor.py:840} INFO - DAG(s) 'example_short_circuit_decorator' retrieved from /home/airflow/.local/lib/python3.8/site-packages/airflow/example_dags/example_short_circuit_decorator.py
[2025-12-21T07:18:53.802+0000] {logging_mixin.py:188} INFO - [2025-12-21T07:18:53.802+0000] {dag.py:3047} INFO - Sync 1 DAGs
[2025-12-21T07:18:53.823+0000] {logging_mixin.py:188} INFO - [2025-12-21T07:18:53.822+0000] {dag.py:3834} INFO - Setting next_dagrun for example_short_circuit_decorator to 2025-12-20 00:00:00+00:00, run_after=2025-12-21 00:00:00+00:00
[2025-12-21T07:18:53.844+0000] {processor.py:183} INFO - Processing /home/airflow/.local/lib/python3.8/site-packages/airflow/example_dags/example_short_circuit_decorator.py took 0.082 seconds
[2025-12-21T07:19:25.928+0000] {processor.py:161} INFO - Started process (PID=927) to work on /home/airflow/.local/lib/python3.8/site-packages/airflow/example_dags/example_short_circuit_decorator.py
[2025-12-21T07:19:25.931+0000] {processor.py:830} INFO - Processing file /home/airflow/.local/lib/python3.8/site-packages/airflow/example_dags/example_short_circuit_decorator.py for tasks to queue
[2025-12-21T07:19:25.941+0000] {logging_mixin.py:188} INFO - [2025-12-21T07:19:25.940+0000] {dagbag.py:540} INFO - Filling up the DagBag from /home/airflow/.local/lib/python3.8/site-packages/airflow/example_dags/example_short_circuit_decorator.py
[2025-12-21T07:19:25.979+0000] {processor.py:840} INFO - DAG(s) 'example_short_circuit_decorator' retrieved from /home/airflow/.local/lib/python3.8/site-packages/airflow/example_dags/example_short_circuit_decorator.py
[2025-12-21T07:19:26.095+0000] {logging_mixin.py:188} INFO - [2025-12-21T07:19:26.093+0000] {dag.py:3047} INFO - Sync 1 DAGs
[2025-12-21T07:19:26.241+0000] {logging_mixin.py:188} INFO - [2025-12-21T07:19:26.237+0000] {dag.py:3834} INFO - Setting next_dagrun for example_short_circuit_decorator to 2025-12-20 00:00:00+00:00, run_after=2025-12-21 00:00:00+00:00
[2025-12-21T07:19:26.363+0000] {processor.py:183} INFO - Processing /home/airflow/.local/lib/python3.8/site-packages/airflow/example_dags/example_short_circuit_decorator.py took 0.451 seconds
[2025-12-21T07:19:57.117+0000] {processor.py:161} INFO - Started process (PID=984) to work on /home/airflow/.local/lib/python3.8/site-packages/airflow/example_dags/example_short_circuit_decorator.py
[2025-12-21T07:19:57.119+0000] {processor.py:830} INFO - Processing file /home/airflow/.local/lib/python3.8/site-packages/airflow/example_dags/example_short_circuit_decorator.py for tasks to queue
[2025-12-21T07:19:57.123+0000] {logging_mixin.py:188} INFO - [2025-12-21T07:19:57.123+0000] {dagbag.py:540} INFO - Filling up the DagBag from /home/airflow/.local/lib/python3.8/site-packages/airflow/example_dags/example_short_circuit_decorator.py
[2025-12-21T07:19:57.141+0000] {processor.py:840} INFO - DAG(s) 'example_short_circuit_decorator' retrieved from /home/airflow/.local/lib/python3.8/site-packages/airflow/example_dags/example_short_circuit_decorator.py
[2025-12-21T07:19:57.196+0000] {logging_mixin.py:188} INFO - [2025-12-21T07:19:57.196+0000] {dag.py:3047} INFO - Sync 1 DAGs
[2025-12-21T07:19:57.269+0000] {logging_mixin.py:188} INFO - [2025-12-21T07:19:57.269+0000] {dag.py:3834} INFO - Setting next_dagrun for example_short_circuit_decorator to 2025-12-20 00:00:00+00:00, run_after=2025-12-21 00:00:00+00:00
[2025-12-21T07:19:57.327+0000] {processor.py:183} INFO - Processing /home/airflow/.local/lib/python3.8/site-packages/airflow/example_dags/example_short_circuit_decorator.py took 0.216 seconds
[2025-12-21T07:20:40.986+0000] {processor.py:161} INFO - Started process (PID=75) to work on /home/airflow/.local/lib/python3.8/site-packages/airflow/example_dags/example_short_circuit_decorator.py
[2025-12-21T07:20:40.987+0000] {processor.py:830} INFO - Processing file /home/airflow/.local/lib/python3.8/site-packages/airflow/example_dags/example_short_circuit_decorator.py for tasks to queue
[2025-12-21T07:20:40.990+0000] {logging_mixin.py:188} INFO - [2025-12-21T07:20:40.989+0000] {dagbag.py:540} INFO - Filling up the DagBag from /home/airflow/.local/lib/python3.8/site-packages/airflow/example_dags/example_short_circuit_decorator.py
[2025-12-21T07:20:41.000+0000] {processor.py:840} INFO - DAG(s) 'example_short_circuit_decorator' retrieved from /home/airflow/.local/lib/python3.8/site-packages/airflow/example_dags/example_short_circuit_decorator.py
[2025-12-21T07:20:41.034+0000] {logging_mixin.py:188} INFO - [2025-12-21T07:20:41.033+0000] {dag.py:3047} INFO - Sync 1 DAGs
[2025-12-21T07:20:41.058+0000] {logging_mixin.py:188} INFO - [2025-12-21T07:20:41.058+0000] {dag.py:3834} INFO - Setting next_dagrun for example_short_circuit_decorator to 2025-12-20 00:00:00+00:00, run_after=2025-12-21 00:00:00+00:00
[2025-12-21T07:20:41.080+0000] {processor.py:183} INFO - Processing /home/airflow/.local/lib/python3.8/site-packages/airflow/example_dags/example_short_circuit_decorator.py took 0.098 seconds
[2025-12-21T07:21:11.210+0000] {processor.py:161} INFO - Started process (PID=131) to work on /home/airflow/.local/lib/python3.8/site-packages/airflow/example_dags/example_short_circuit_decorator.py
[2025-12-21T07:21:11.212+0000] {processor.py:830} INFO - Processing file /home/airflow/.local/lib/python3.8/site-packages/airflow/example_dags/example_short_circuit_decorator.py for tasks to queue
[2025-12-21T07:21:11.214+0000] {logging_mixin.py:188} INFO - [2025-12-21T07:21:11.214+0000] {dagbag.py:540} INFO - Filling up the DagBag from /home/airflow/.local/lib/python3.8/site-packages/airflow/example_dags/example_short_circuit_decorator.py
[2025-12-21T07:21:11.227+0000] {processor.py:840} INFO - DAG(s) 'example_short_circuit_decorator' retrieved from /home/airflow/.local/lib/python3.8/site-packages/airflow/example_dags/example_short_circuit_decorator.py
[2025-12-21T07:21:11.259+0000] {logging_mixin.py:188} INFO - [2025-12-21T07:21:11.259+0000] {dag.py:3047} INFO - Sync 1 DAGs
[2025-12-21T07:21:11.292+0000] {logging_mixin.py:188} INFO - [2025-12-21T07:21:11.292+0000] {dag.py:3834} INFO - Setting next_dagrun for example_short_circuit_decorator to 2025-12-20 00:00:00+00:00, run_after=2025-12-21 00:00:00+00:00
[2025-12-21T07:21:11.321+0000] {processor.py:183} INFO - Processing /home/airflow/.local/lib/python3.8/site-packages/airflow/example_dags/example_short_circuit_decorator.py took 0.115 seconds
[2025-12-21T07:22:21.997+0000] {processor.py:161} INFO - Started process (PID=82) to work on /home/airflow/.local/lib/python3.8/site-packages/airflow/example_dags/example_short_circuit_decorator.py
[2025-12-21T07:22:22.000+0000] {processor.py:830} INFO - Processing file /home/airflow/.local/lib/python3.8/site-packages/airflow/example_dags/example_short_circuit_decorator.py for tasks to queue
[2025-12-21T07:22:22.003+0000] {logging_mixin.py:188} INFO - [2025-12-21T07:22:22.003+0000] {dagbag.py:540} INFO - Filling up the DagBag from /home/airflow/.local/lib/python3.8/site-packages/airflow/example_dags/example_short_circuit_decorator.py
[2025-12-21T07:22:22.019+0000] {processor.py:840} INFO - DAG(s) 'example_short_circuit_decorator' retrieved from /home/airflow/.local/lib/python3.8/site-packages/airflow/example_dags/example_short_circuit_decorator.py
[2025-12-21T07:22:22.059+0000] {logging_mixin.py:188} INFO - [2025-12-21T07:22:22.058+0000] {dag.py:3047} INFO - Sync 1 DAGs
[2025-12-21T07:22:22.102+0000] {logging_mixin.py:188} INFO - [2025-12-21T07:22:22.101+0000] {dag.py:3834} INFO - Setting next_dagrun for example_short_circuit_decorator to 2025-12-20 00:00:00+00:00, run_after=2025-12-21 00:00:00+00:00
[2025-12-21T07:22:22.156+0000] {processor.py:183} INFO - Processing /home/airflow/.local/lib/python3.8/site-packages/airflow/example_dags/example_short_circuit_decorator.py took 0.164 seconds
[2025-12-21T07:22:53.469+0000] {processor.py:161} INFO - Started process (PID=145) to work on /home/airflow/.local/lib/python3.8/site-packages/airflow/example_dags/example_short_circuit_decorator.py
[2025-12-21T07:22:53.471+0000] {processor.py:830} INFO - Processing file /home/airflow/.local/lib/python3.8/site-packages/airflow/example_dags/example_short_circuit_decorator.py for tasks to queue
[2025-12-21T07:22:53.473+0000] {logging_mixin.py:188} INFO - [2025-12-21T07:22:53.473+0000] {dagbag.py:540} INFO - Filling up the DagBag from /home/airflow/.local/lib/python3.8/site-packages/airflow/example_dags/example_short_circuit_decorator.py
[2025-12-21T07:22:53.484+0000] {processor.py:840} INFO - DAG(s) 'example_short_circuit_decorator' retrieved from /home/airflow/.local/lib/python3.8/site-packages/airflow/example_dags/example_short_circuit_decorator.py
[2025-12-21T07:22:53.586+0000] {logging_mixin.py:188} INFO - [2025-12-21T07:22:53.585+0000] {dag.py:3047} INFO - Sync 1 DAGs
[2025-12-21T07:22:53.609+0000] {logging_mixin.py:188} INFO - [2025-12-21T07:22:53.609+0000] {dag.py:3834} INFO - Setting next_dagrun for example_short_circuit_decorator to 2025-12-20 00:00:00+00:00, run_after=2025-12-21 00:00:00+00:00
[2025-12-21T07:22:53.630+0000] {processor.py:183} INFO - Processing /home/airflow/.local/lib/python3.8/site-packages/airflow/example_dags/example_short_circuit_decorator.py took 0.165 seconds
[2025-12-21T07:28:32.824+0000] {processor.py:161} INFO - Started process (PID=90) to work on /home/airflow/.local/lib/python3.8/site-packages/airflow/example_dags/example_short_circuit_decorator.py
[2025-12-21T07:28:32.825+0000] {processor.py:830} INFO - Processing file /home/airflow/.local/lib/python3.8/site-packages/airflow/example_dags/example_short_circuit_decorator.py for tasks to queue
[2025-12-21T07:28:32.829+0000] {logging_mixin.py:188} INFO - [2025-12-21T07:28:32.828+0000] {dagbag.py:540} INFO - Filling up the DagBag from /home/airflow/.local/lib/python3.8/site-packages/airflow/example_dags/example_short_circuit_decorator.py
[2025-12-21T07:28:32.848+0000] {processor.py:840} INFO - DAG(s) 'example_short_circuit_decorator' retrieved from /home/airflow/.local/lib/python3.8/site-packages/airflow/example_dags/example_short_circuit_decorator.py
[2025-12-21T07:28:32.873+0000] {logging_mixin.py:188} INFO - [2025-12-21T07:28:32.873+0000] {dag.py:3047} INFO - Sync 1 DAGs
[2025-12-21T07:28:32.916+0000] {logging_mixin.py:188} INFO - [2025-12-21T07:28:32.916+0000] {dag.py:3834} INFO - Setting next_dagrun for example_short_circuit_decorator to 2025-12-20 00:00:00+00:00, run_after=2025-12-21 00:00:00+00:00
[2025-12-21T07:28:32.968+0000] {processor.py:183} INFO - Processing /home/airflow/.local/lib/python3.8/site-packages/airflow/example_dags/example_short_circuit_decorator.py took 0.158 seconds
[2025-12-21T07:29:03.110+0000] {processor.py:161} INFO - Started process (PID=146) to work on /home/airflow/.local/lib/python3.8/site-packages/airflow/example_dags/example_short_circuit_decorator.py
[2025-12-21T07:29:03.112+0000] {processor.py:830} INFO - Processing file /home/airflow/.local/lib/python3.8/site-packages/airflow/example_dags/example_short_circuit_decorator.py for tasks to queue
[2025-12-21T07:29:03.115+0000] {logging_mixin.py:188} INFO - [2025-12-21T07:29:03.114+0000] {dagbag.py:540} INFO - Filling up the DagBag from /home/airflow/.local/lib/python3.8/site-packages/airflow/example_dags/example_short_circuit_decorator.py
[2025-12-21T07:29:03.124+0000] {processor.py:840} INFO - DAG(s) 'example_short_circuit_decorator' retrieved from /home/airflow/.local/lib/python3.8/site-packages/airflow/example_dags/example_short_circuit_decorator.py
[2025-12-21T07:29:03.236+0000] {logging_mixin.py:188} INFO - [2025-12-21T07:29:03.236+0000] {dag.py:3047} INFO - Sync 1 DAGs
[2025-12-21T07:29:03.259+0000] {logging_mixin.py:188} INFO - [2025-12-21T07:29:03.259+0000] {dag.py:3834} INFO - Setting next_dagrun for example_short_circuit_decorator to 2025-12-20 00:00:00+00:00, run_after=2025-12-21 00:00:00+00:00
[2025-12-21T07:29:03.280+0000] {processor.py:183} INFO - Processing /home/airflow/.local/lib/python3.8/site-packages/airflow/example_dags/example_short_circuit_decorator.py took 0.173 seconds
[2025-12-21T07:29:33.927+0000] {processor.py:161} INFO - Started process (PID=202) to work on /home/airflow/.local/lib/python3.8/site-packages/airflow/example_dags/example_short_circuit_decorator.py
[2025-12-21T07:29:33.929+0000] {processor.py:830} INFO - Processing file /home/airflow/.local/lib/python3.8/site-packages/airflow/example_dags/example_short_circuit_decorator.py for tasks to queue
[2025-12-21T07:29:33.932+0000] {logging_mixin.py:188} INFO - [2025-12-21T07:29:33.932+0000] {dagbag.py:540} INFO - Filling up the DagBag from /home/airflow/.local/lib/python3.8/site-packages/airflow/example_dags/example_short_circuit_decorator.py
[2025-12-21T07:29:33.946+0000] {processor.py:840} INFO - DAG(s) 'example_short_circuit_decorator' retrieved from /home/airflow/.local/lib/python3.8/site-packages/airflow/example_dags/example_short_circuit_decorator.py
[2025-12-21T07:29:33.983+0000] {logging_mixin.py:188} INFO - [2025-12-21T07:29:33.983+0000] {dag.py:3047} INFO - Sync 1 DAGs
[2025-12-21T07:29:34.019+0000] {logging_mixin.py:188} INFO - [2025-12-21T07:29:34.018+0000] {dag.py:3834} INFO - Setting next_dagrun for example_short_circuit_decorator to 2025-12-20 00:00:00+00:00, run_after=2025-12-21 00:00:00+00:00
[2025-12-21T07:29:34.050+0000] {processor.py:183} INFO - Processing /home/airflow/.local/lib/python3.8/site-packages/airflow/example_dags/example_short_circuit_decorator.py took 0.128 seconds
[2025-12-21T07:30:04.237+0000] {processor.py:161} INFO - Started process (PID=257) to work on /home/airflow/.local/lib/python3.8/site-packages/airflow/example_dags/example_short_circuit_decorator.py
[2025-12-21T07:30:04.239+0000] {processor.py:830} INFO - Processing file /home/airflow/.local/lib/python3.8/site-packages/airflow/example_dags/example_short_circuit_decorator.py for tasks to queue
[2025-12-21T07:30:04.241+0000] {logging_mixin.py:188} INFO - [2025-12-21T07:30:04.241+0000] {dagbag.py:540} INFO - Filling up the DagBag from /home/airflow/.local/lib/python3.8/site-packages/airflow/example_dags/example_short_circuit_decorator.py
[2025-12-21T07:30:04.251+0000] {processor.py:840} INFO - DAG(s) 'example_short_circuit_decorator' retrieved from /home/airflow/.local/lib/python3.8/site-packages/airflow/example_dags/example_short_circuit_decorator.py
[2025-12-21T07:30:04.276+0000] {logging_mixin.py:188} INFO - [2025-12-21T07:30:04.276+0000] {dag.py:3047} INFO - Sync 1 DAGs
[2025-12-21T07:30:04.300+0000] {logging_mixin.py:188} INFO - [2025-12-21T07:30:04.299+0000] {dag.py:3834} INFO - Setting next_dagrun for example_short_circuit_decorator to 2025-12-20 00:00:00+00:00, run_after=2025-12-21 00:00:00+00:00
[2025-12-21T07:30:04.322+0000] {processor.py:183} INFO - Processing /home/airflow/.local/lib/python3.8/site-packages/airflow/example_dags/example_short_circuit_decorator.py took 0.089 seconds
[2025-12-21T07:30:34.517+0000] {processor.py:161} INFO - Started process (PID=313) to work on /home/airflow/.local/lib/python3.8/site-packages/airflow/example_dags/example_short_circuit_decorator.py
[2025-12-21T07:30:34.519+0000] {processor.py:830} INFO - Processing file /home/airflow/.local/lib/python3.8/site-packages/airflow/example_dags/example_short_circuit_decorator.py for tasks to queue
[2025-12-21T07:30:34.521+0000] {logging_mixin.py:188} INFO - [2025-12-21T07:30:34.521+0000] {dagbag.py:540} INFO - Filling up the DagBag from /home/airflow/.local/lib/python3.8/site-packages/airflow/example_dags/example_short_circuit_decorator.py
[2025-12-21T07:30:34.533+0000] {processor.py:840} INFO - DAG(s) 'example_short_circuit_decorator' retrieved from /home/airflow/.local/lib/python3.8/site-packages/airflow/example_dags/example_short_circuit_decorator.py
[2025-12-21T07:30:34.559+0000] {logging_mixin.py:188} INFO - [2025-12-21T07:30:34.559+0000] {dag.py:3047} INFO - Sync 1 DAGs
[2025-12-21T07:30:34.583+0000] {logging_mixin.py:188} INFO - [2025-12-21T07:30:34.583+0000] {dag.py:3834} INFO - Setting next_dagrun for example_short_circuit_decorator to 2025-12-20 00:00:00+00:00, run_after=2025-12-21 00:00:00+00:00
[2025-12-21T07:30:34.604+0000] {processor.py:183} INFO - Processing /home/airflow/.local/lib/python3.8/site-packages/airflow/example_dags/example_short_circuit_decorator.py took 0.091 seconds
[2025-12-21T07:31:04.840+0000] {processor.py:161} INFO - Started process (PID=369) to work on /home/airflow/.local/lib/python3.8/site-packages/airflow/example_dags/example_short_circuit_decorator.py
[2025-12-21T07:31:04.841+0000] {processor.py:830} INFO - Processing file /home/airflow/.local/lib/python3.8/site-packages/airflow/example_dags/example_short_circuit_decorator.py for tasks to queue
[2025-12-21T07:31:04.844+0000] {logging_mixin.py:188} INFO - [2025-12-21T07:31:04.843+0000] {dagbag.py:540} INFO - Filling up the DagBag from /home/airflow/.local/lib/python3.8/site-packages/airflow/example_dags/example_short_circuit_decorator.py
[2025-12-21T07:31:04.856+0000] {processor.py:840} INFO - DAG(s) 'example_short_circuit_decorator' retrieved from /home/airflow/.local/lib/python3.8/site-packages/airflow/example_dags/example_short_circuit_decorator.py
[2025-12-21T07:31:04.889+0000] {logging_mixin.py:188} INFO - [2025-12-21T07:31:04.889+0000] {dag.py:3047} INFO - Sync 1 DAGs
[2025-12-21T07:31:04.920+0000] {logging_mixin.py:188} INFO - [2025-12-21T07:31:04.919+0000] {dag.py:3834} INFO - Setting next_dagrun for example_short_circuit_decorator to 2025-12-20 00:00:00+00:00, run_after=2025-12-21 00:00:00+00:00
[2025-12-21T07:31:04.950+0000] {processor.py:183} INFO - Processing /home/airflow/.local/lib/python3.8/site-packages/airflow/example_dags/example_short_circuit_decorator.py took 0.115 seconds
[2025-12-21T07:31:35.045+0000] {processor.py:161} INFO - Started process (PID=425) to work on /home/airflow/.local/lib/python3.8/site-packages/airflow/example_dags/example_short_circuit_decorator.py
[2025-12-21T07:31:35.046+0000] {processor.py:830} INFO - Processing file /home/airflow/.local/lib/python3.8/site-packages/airflow/example_dags/example_short_circuit_decorator.py for tasks to queue
[2025-12-21T07:31:35.049+0000] {logging_mixin.py:188} INFO - [2025-12-21T07:31:35.048+0000] {dagbag.py:540} INFO - Filling up the DagBag from /home/airflow/.local/lib/python3.8/site-packages/airflow/example_dags/example_short_circuit_decorator.py
[2025-12-21T07:31:35.059+0000] {processor.py:840} INFO - DAG(s) 'example_short_circuit_decorator' retrieved from /home/airflow/.local/lib/python3.8/site-packages/airflow/example_dags/example_short_circuit_decorator.py
[2025-12-21T07:31:35.087+0000] {logging_mixin.py:188} INFO - [2025-12-21T07:31:35.086+0000] {dag.py:3047} INFO - Sync 1 DAGs
[2025-12-21T07:31:35.114+0000] {logging_mixin.py:188} INFO - [2025-12-21T07:31:35.114+0000] {dag.py:3834} INFO - Setting next_dagrun for example_short_circuit_decorator to 2025-12-20 00:00:00+00:00, run_after=2025-12-21 00:00:00+00:00
[2025-12-21T07:31:35.139+0000] {processor.py:183} INFO - Processing /home/airflow/.local/lib/python3.8/site-packages/airflow/example_dags/example_short_circuit_decorator.py took 0.098 seconds
