[2025-12-21T06:58:38.071+0000] {processor.py:161} INFO - Started process (PID=75) to work on /home/airflow/.local/lib/python3.8/site-packages/airflow/example_dags/example_task_group_decorator.py
[2025-12-21T06:58:38.074+0000] {processor.py:830} INFO - Processing file /home/airflow/.local/lib/python3.8/site-packages/airflow/example_dags/example_task_group_decorator.py for tasks to queue
[2025-12-21T06:58:38.083+0000] {logging_mixin.py:188} INFO - [2025-12-21T06:58:38.082+0000] {dagbag.py:540} INFO - Filling up the DagBag from /home/airflow/.local/lib/python3.8/site-packages/airflow/example_dags/example_task_group_decorator.py
[2025-12-21T06:58:38.119+0000] {processor.py:840} INFO - DAG(s) 'example_task_group_decorator' retrieved from /home/airflow/.local/lib/python3.8/site-packages/airflow/example_dags/example_task_group_decorator.py
[2025-12-21T06:58:38.163+0000] {logging_mixin.py:188} INFO - [2025-12-21T06:58:38.162+0000] {dag.py:3047} INFO - Sync 1 DAGs
[2025-12-21T06:58:38.197+0000] {logging_mixin.py:188} INFO - [2025-12-21T06:58:38.197+0000] {dag.py:3834} INFO - Setting next_dagrun for example_task_group_decorator to 2025-12-20 00:00:00+00:00, run_after=2025-12-21 00:00:00+00:00
[2025-12-21T06:58:38.225+0000] {processor.py:183} INFO - Processing /home/airflow/.local/lib/python3.8/site-packages/airflow/example_dags/example_task_group_decorator.py took 0.171 seconds
[2025-12-21T06:58:52.882+0000] {processor.py:161} INFO - Started process (PID=65) to work on /home/airflow/.local/lib/python3.8/site-packages/airflow/example_dags/example_task_group_decorator.py
[2025-12-21T06:58:52.884+0000] {processor.py:830} INFO - Processing file /home/airflow/.local/lib/python3.8/site-packages/airflow/example_dags/example_task_group_decorator.py for tasks to queue
[2025-12-21T06:58:52.886+0000] {logging_mixin.py:188} INFO - [2025-12-21T06:58:52.885+0000] {dagbag.py:540} INFO - Filling up the DagBag from /home/airflow/.local/lib/python3.8/site-packages/airflow/example_dags/example_task_group_decorator.py
[2025-12-21T06:58:52.899+0000] {processor.py:840} INFO - DAG(s) 'example_task_group_decorator' retrieved from /home/airflow/.local/lib/python3.8/site-packages/airflow/example_dags/example_task_group_decorator.py
[2025-12-21T06:58:53.010+0000] {logging_mixin.py:188} INFO - [2025-12-21T06:58:53.010+0000] {dag.py:3047} INFO - Sync 1 DAGs
[2025-12-21T06:58:53.033+0000] {logging_mixin.py:188} INFO - [2025-12-21T06:58:53.033+0000] {dag.py:3834} INFO - Setting next_dagrun for example_task_group_decorator to 2025-12-20 00:00:00+00:00, run_after=2025-12-21 00:00:00+00:00
[2025-12-21T06:58:53.057+0000] {processor.py:183} INFO - Processing /home/airflow/.local/lib/python3.8/site-packages/airflow/example_dags/example_task_group_decorator.py took 0.179 seconds
[2025-12-21T06:59:23.782+0000] {processor.py:161} INFO - Started process (PID=121) to work on /home/airflow/.local/lib/python3.8/site-packages/airflow/example_dags/example_task_group_decorator.py
[2025-12-21T06:59:23.783+0000] {processor.py:830} INFO - Processing file /home/airflow/.local/lib/python3.8/site-packages/airflow/example_dags/example_task_group_decorator.py for tasks to queue
[2025-12-21T06:59:23.785+0000] {logging_mixin.py:188} INFO - [2025-12-21T06:59:23.785+0000] {dagbag.py:540} INFO - Filling up the DagBag from /home/airflow/.local/lib/python3.8/site-packages/airflow/example_dags/example_task_group_decorator.py
[2025-12-21T06:59:23.800+0000] {processor.py:840} INFO - DAG(s) 'example_task_group_decorator' retrieved from /home/airflow/.local/lib/python3.8/site-packages/airflow/example_dags/example_task_group_decorator.py
[2025-12-21T06:59:23.829+0000] {logging_mixin.py:188} INFO - [2025-12-21T06:59:23.828+0000] {dag.py:3047} INFO - Sync 1 DAGs
[2025-12-21T06:59:23.855+0000] {logging_mixin.py:188} INFO - [2025-12-21T06:59:23.855+0000] {dag.py:3834} INFO - Setting next_dagrun for example_task_group_decorator to 2025-12-20 00:00:00+00:00, run_after=2025-12-21 00:00:00+00:00
[2025-12-21T06:59:23.880+0000] {processor.py:183} INFO - Processing /home/airflow/.local/lib/python3.8/site-packages/airflow/example_dags/example_task_group_decorator.py took 0.102 seconds
[2025-12-21T06:59:54.210+0000] {processor.py:161} INFO - Started process (PID=177) to work on /home/airflow/.local/lib/python3.8/site-packages/airflow/example_dags/example_task_group_decorator.py
[2025-12-21T06:59:54.211+0000] {processor.py:830} INFO - Processing file /home/airflow/.local/lib/python3.8/site-packages/airflow/example_dags/example_task_group_decorator.py for tasks to queue
[2025-12-21T06:59:54.213+0000] {logging_mixin.py:188} INFO - [2025-12-21T06:59:54.213+0000] {dagbag.py:540} INFO - Filling up the DagBag from /home/airflow/.local/lib/python3.8/site-packages/airflow/example_dags/example_task_group_decorator.py
[2025-12-21T06:59:54.229+0000] {processor.py:840} INFO - DAG(s) 'example_task_group_decorator' retrieved from /home/airflow/.local/lib/python3.8/site-packages/airflow/example_dags/example_task_group_decorator.py
[2025-12-21T06:59:54.259+0000] {logging_mixin.py:188} INFO - [2025-12-21T06:59:54.258+0000] {dag.py:3047} INFO - Sync 1 DAGs
[2025-12-21T06:59:54.282+0000] {logging_mixin.py:188} INFO - [2025-12-21T06:59:54.282+0000] {dag.py:3834} INFO - Setting next_dagrun for example_task_group_decorator to 2025-12-20 00:00:00+00:00, run_after=2025-12-21 00:00:00+00:00
[2025-12-21T06:59:54.307+0000] {processor.py:183} INFO - Processing /home/airflow/.local/lib/python3.8/site-packages/airflow/example_dags/example_task_group_decorator.py took 0.102 seconds
[2025-12-21T07:00:24.592+0000] {processor.py:161} INFO - Started process (PID=233) to work on /home/airflow/.local/lib/python3.8/site-packages/airflow/example_dags/example_task_group_decorator.py
[2025-12-21T07:00:24.593+0000] {processor.py:830} INFO - Processing file /home/airflow/.local/lib/python3.8/site-packages/airflow/example_dags/example_task_group_decorator.py for tasks to queue
[2025-12-21T07:00:24.596+0000] {logging_mixin.py:188} INFO - [2025-12-21T07:00:24.596+0000] {dagbag.py:540} INFO - Filling up the DagBag from /home/airflow/.local/lib/python3.8/site-packages/airflow/example_dags/example_task_group_decorator.py
[2025-12-21T07:00:24.610+0000] {processor.py:840} INFO - DAG(s) 'example_task_group_decorator' retrieved from /home/airflow/.local/lib/python3.8/site-packages/airflow/example_dags/example_task_group_decorator.py
[2025-12-21T07:00:24.638+0000] {logging_mixin.py:188} INFO - [2025-12-21T07:00:24.637+0000] {dag.py:3047} INFO - Sync 1 DAGs
[2025-12-21T07:00:24.662+0000] {logging_mixin.py:188} INFO - [2025-12-21T07:00:24.661+0000] {dag.py:3834} INFO - Setting next_dagrun for example_task_group_decorator to 2025-12-20 00:00:00+00:00, run_after=2025-12-21 00:00:00+00:00
[2025-12-21T07:00:24.688+0000] {processor.py:183} INFO - Processing /home/airflow/.local/lib/python3.8/site-packages/airflow/example_dags/example_task_group_decorator.py took 0.100 seconds
[2025-12-21T07:00:54.782+0000] {processor.py:161} INFO - Started process (PID=289) to work on /home/airflow/.local/lib/python3.8/site-packages/airflow/example_dags/example_task_group_decorator.py
[2025-12-21T07:00:54.784+0000] {processor.py:830} INFO - Processing file /home/airflow/.local/lib/python3.8/site-packages/airflow/example_dags/example_task_group_decorator.py for tasks to queue
[2025-12-21T07:00:54.787+0000] {logging_mixin.py:188} INFO - [2025-12-21T07:00:54.787+0000] {dagbag.py:540} INFO - Filling up the DagBag from /home/airflow/.local/lib/python3.8/site-packages/airflow/example_dags/example_task_group_decorator.py
[2025-12-21T07:00:54.802+0000] {processor.py:840} INFO - DAG(s) 'example_task_group_decorator' retrieved from /home/airflow/.local/lib/python3.8/site-packages/airflow/example_dags/example_task_group_decorator.py
[2025-12-21T07:00:54.831+0000] {logging_mixin.py:188} INFO - [2025-12-21T07:00:54.831+0000] {dag.py:3047} INFO - Sync 1 DAGs
[2025-12-21T07:00:54.858+0000] {logging_mixin.py:188} INFO - [2025-12-21T07:00:54.857+0000] {dag.py:3834} INFO - Setting next_dagrun for example_task_group_decorator to 2025-12-20 00:00:00+00:00, run_after=2025-12-21 00:00:00+00:00
[2025-12-21T07:00:54.884+0000] {processor.py:183} INFO - Processing /home/airflow/.local/lib/python3.8/site-packages/airflow/example_dags/example_task_group_decorator.py took 0.106 seconds
[2025-12-21T07:01:25.377+0000] {processor.py:161} INFO - Started process (PID=345) to work on /home/airflow/.local/lib/python3.8/site-packages/airflow/example_dags/example_task_group_decorator.py
[2025-12-21T07:01:25.392+0000] {processor.py:830} INFO - Processing file /home/airflow/.local/lib/python3.8/site-packages/airflow/example_dags/example_task_group_decorator.py for tasks to queue
[2025-12-21T07:01:25.401+0000] {logging_mixin.py:188} INFO - [2025-12-21T07:01:25.400+0000] {dagbag.py:540} INFO - Filling up the DagBag from /home/airflow/.local/lib/python3.8/site-packages/airflow/example_dags/example_task_group_decorator.py
[2025-12-21T07:01:25.435+0000] {processor.py:840} INFO - DAG(s) 'example_task_group_decorator' retrieved from /home/airflow/.local/lib/python3.8/site-packages/airflow/example_dags/example_task_group_decorator.py
[2025-12-21T07:01:25.490+0000] {logging_mixin.py:188} INFO - [2025-12-21T07:01:25.489+0000] {dag.py:3047} INFO - Sync 1 DAGs
[2025-12-21T07:01:25.581+0000] {logging_mixin.py:188} INFO - [2025-12-21T07:01:25.581+0000] {dag.py:3834} INFO - Setting next_dagrun for example_task_group_decorator to 2025-12-20 00:00:00+00:00, run_after=2025-12-21 00:00:00+00:00
[2025-12-21T07:01:25.654+0000] {processor.py:183} INFO - Processing /home/airflow/.local/lib/python3.8/site-packages/airflow/example_dags/example_task_group_decorator.py took 0.288 seconds
[2025-12-21T07:01:56.575+0000] {processor.py:161} INFO - Started process (PID=401) to work on /home/airflow/.local/lib/python3.8/site-packages/airflow/example_dags/example_task_group_decorator.py
[2025-12-21T07:01:56.576+0000] {processor.py:830} INFO - Processing file /home/airflow/.local/lib/python3.8/site-packages/airflow/example_dags/example_task_group_decorator.py for tasks to queue
[2025-12-21T07:01:56.579+0000] {logging_mixin.py:188} INFO - [2025-12-21T07:01:56.578+0000] {dagbag.py:540} INFO - Filling up the DagBag from /home/airflow/.local/lib/python3.8/site-packages/airflow/example_dags/example_task_group_decorator.py
[2025-12-21T07:01:56.594+0000] {processor.py:840} INFO - DAG(s) 'example_task_group_decorator' retrieved from /home/airflow/.local/lib/python3.8/site-packages/airflow/example_dags/example_task_group_decorator.py
[2025-12-21T07:01:56.620+0000] {logging_mixin.py:188} INFO - [2025-12-21T07:01:56.620+0000] {dag.py:3047} INFO - Sync 1 DAGs
[2025-12-21T07:01:56.644+0000] {logging_mixin.py:188} INFO - [2025-12-21T07:01:56.643+0000] {dag.py:3834} INFO - Setting next_dagrun for example_task_group_decorator to 2025-12-20 00:00:00+00:00, run_after=2025-12-21 00:00:00+00:00
[2025-12-21T07:01:56.662+0000] {processor.py:183} INFO - Processing /home/airflow/.local/lib/python3.8/site-packages/airflow/example_dags/example_task_group_decorator.py took 0.090 seconds
[2025-12-21T07:02:26.950+0000] {processor.py:161} INFO - Started process (PID=457) to work on /home/airflow/.local/lib/python3.8/site-packages/airflow/example_dags/example_task_group_decorator.py
[2025-12-21T07:02:26.952+0000] {processor.py:830} INFO - Processing file /home/airflow/.local/lib/python3.8/site-packages/airflow/example_dags/example_task_group_decorator.py for tasks to queue
[2025-12-21T07:02:26.954+0000] {logging_mixin.py:188} INFO - [2025-12-21T07:02:26.954+0000] {dagbag.py:540} INFO - Filling up the DagBag from /home/airflow/.local/lib/python3.8/site-packages/airflow/example_dags/example_task_group_decorator.py
[2025-12-21T07:02:26.974+0000] {processor.py:840} INFO - DAG(s) 'example_task_group_decorator' retrieved from /home/airflow/.local/lib/python3.8/site-packages/airflow/example_dags/example_task_group_decorator.py
[2025-12-21T07:02:27.001+0000] {logging_mixin.py:188} INFO - [2025-12-21T07:02:27.000+0000] {dag.py:3047} INFO - Sync 1 DAGs
[2025-12-21T07:02:27.022+0000] {logging_mixin.py:188} INFO - [2025-12-21T07:02:27.022+0000] {dag.py:3834} INFO - Setting next_dagrun for example_task_group_decorator to 2025-12-20 00:00:00+00:00, run_after=2025-12-21 00:00:00+00:00
[2025-12-21T07:02:27.048+0000] {processor.py:183} INFO - Processing /home/airflow/.local/lib/python3.8/site-packages/airflow/example_dags/example_task_group_decorator.py took 0.101 seconds
[2025-12-21T07:02:57.488+0000] {processor.py:161} INFO - Started process (PID=513) to work on /home/airflow/.local/lib/python3.8/site-packages/airflow/example_dags/example_task_group_decorator.py
[2025-12-21T07:02:57.491+0000] {processor.py:830} INFO - Processing file /home/airflow/.local/lib/python3.8/site-packages/airflow/example_dags/example_task_group_decorator.py for tasks to queue
[2025-12-21T07:02:57.495+0000] {logging_mixin.py:188} INFO - [2025-12-21T07:02:57.494+0000] {dagbag.py:540} INFO - Filling up the DagBag from /home/airflow/.local/lib/python3.8/site-packages/airflow/example_dags/example_task_group_decorator.py
[2025-12-21T07:02:57.518+0000] {processor.py:840} INFO - DAG(s) 'example_task_group_decorator' retrieved from /home/airflow/.local/lib/python3.8/site-packages/airflow/example_dags/example_task_group_decorator.py
[2025-12-21T07:02:57.569+0000] {logging_mixin.py:188} INFO - [2025-12-21T07:02:57.568+0000] {dag.py:3047} INFO - Sync 1 DAGs
[2025-12-21T07:02:57.612+0000] {logging_mixin.py:188} INFO - [2025-12-21T07:02:57.612+0000] {dag.py:3834} INFO - Setting next_dagrun for example_task_group_decorator to 2025-12-20 00:00:00+00:00, run_after=2025-12-21 00:00:00+00:00
[2025-12-21T07:02:57.649+0000] {processor.py:183} INFO - Processing /home/airflow/.local/lib/python3.8/site-packages/airflow/example_dags/example_task_group_decorator.py took 0.168 seconds
[2025-12-21T07:03:27.871+0000] {processor.py:161} INFO - Started process (PID=569) to work on /home/airflow/.local/lib/python3.8/site-packages/airflow/example_dags/example_task_group_decorator.py
[2025-12-21T07:03:27.873+0000] {processor.py:830} INFO - Processing file /home/airflow/.local/lib/python3.8/site-packages/airflow/example_dags/example_task_group_decorator.py for tasks to queue
[2025-12-21T07:03:27.875+0000] {logging_mixin.py:188} INFO - [2025-12-21T07:03:27.874+0000] {dagbag.py:540} INFO - Filling up the DagBag from /home/airflow/.local/lib/python3.8/site-packages/airflow/example_dags/example_task_group_decorator.py
[2025-12-21T07:03:27.892+0000] {processor.py:840} INFO - DAG(s) 'example_task_group_decorator' retrieved from /home/airflow/.local/lib/python3.8/site-packages/airflow/example_dags/example_task_group_decorator.py
[2025-12-21T07:03:27.922+0000] {logging_mixin.py:188} INFO - [2025-12-21T07:03:27.921+0000] {dag.py:3047} INFO - Sync 1 DAGs
[2025-12-21T07:03:27.951+0000] {logging_mixin.py:188} INFO - [2025-12-21T07:03:27.951+0000] {dag.py:3834} INFO - Setting next_dagrun for example_task_group_decorator to 2025-12-20 00:00:00+00:00, run_after=2025-12-21 00:00:00+00:00
[2025-12-21T07:03:27.974+0000] {processor.py:183} INFO - Processing /home/airflow/.local/lib/python3.8/site-packages/airflow/example_dags/example_task_group_decorator.py took 0.106 seconds
[2025-12-21T07:03:58.301+0000] {processor.py:161} INFO - Started process (PID=625) to work on /home/airflow/.local/lib/python3.8/site-packages/airflow/example_dags/example_task_group_decorator.py
[2025-12-21T07:03:58.302+0000] {processor.py:830} INFO - Processing file /home/airflow/.local/lib/python3.8/site-packages/airflow/example_dags/example_task_group_decorator.py for tasks to queue
[2025-12-21T07:03:58.304+0000] {logging_mixin.py:188} INFO - [2025-12-21T07:03:58.304+0000] {dagbag.py:540} INFO - Filling up the DagBag from /home/airflow/.local/lib/python3.8/site-packages/airflow/example_dags/example_task_group_decorator.py
[2025-12-21T07:03:58.332+0000] {processor.py:840} INFO - DAG(s) 'example_task_group_decorator' retrieved from /home/airflow/.local/lib/python3.8/site-packages/airflow/example_dags/example_task_group_decorator.py
[2025-12-21T07:03:58.377+0000] {logging_mixin.py:188} INFO - [2025-12-21T07:03:58.377+0000] {dag.py:3047} INFO - Sync 1 DAGs
[2025-12-21T07:03:58.419+0000] {logging_mixin.py:188} INFO - [2025-12-21T07:03:58.418+0000] {dag.py:3834} INFO - Setting next_dagrun for example_task_group_decorator to 2025-12-20 00:00:00+00:00, run_after=2025-12-21 00:00:00+00:00
[2025-12-21T07:03:58.455+0000] {processor.py:183} INFO - Processing /home/airflow/.local/lib/python3.8/site-packages/airflow/example_dags/example_task_group_decorator.py took 0.160 seconds
[2025-12-21T07:04:29.303+0000] {processor.py:161} INFO - Started process (PID=681) to work on /home/airflow/.local/lib/python3.8/site-packages/airflow/example_dags/example_task_group_decorator.py
[2025-12-21T07:04:29.304+0000] {processor.py:830} INFO - Processing file /home/airflow/.local/lib/python3.8/site-packages/airflow/example_dags/example_task_group_decorator.py for tasks to queue
[2025-12-21T07:04:29.307+0000] {logging_mixin.py:188} INFO - [2025-12-21T07:04:29.306+0000] {dagbag.py:540} INFO - Filling up the DagBag from /home/airflow/.local/lib/python3.8/site-packages/airflow/example_dags/example_task_group_decorator.py
[2025-12-21T07:04:29.322+0000] {processor.py:840} INFO - DAG(s) 'example_task_group_decorator' retrieved from /home/airflow/.local/lib/python3.8/site-packages/airflow/example_dags/example_task_group_decorator.py
[2025-12-21T07:04:29.346+0000] {logging_mixin.py:188} INFO - [2025-12-21T07:04:29.346+0000] {dag.py:3047} INFO - Sync 1 DAGs
[2025-12-21T07:04:29.369+0000] {logging_mixin.py:188} INFO - [2025-12-21T07:04:29.369+0000] {dag.py:3834} INFO - Setting next_dagrun for example_task_group_decorator to 2025-12-20 00:00:00+00:00, run_after=2025-12-21 00:00:00+00:00
[2025-12-21T07:04:29.398+0000] {processor.py:183} INFO - Processing /home/airflow/.local/lib/python3.8/site-packages/airflow/example_dags/example_task_group_decorator.py took 0.098 seconds
[2025-12-21T07:04:59.570+0000] {processor.py:161} INFO - Started process (PID=737) to work on /home/airflow/.local/lib/python3.8/site-packages/airflow/example_dags/example_task_group_decorator.py
[2025-12-21T07:04:59.571+0000] {processor.py:830} INFO - Processing file /home/airflow/.local/lib/python3.8/site-packages/airflow/example_dags/example_task_group_decorator.py for tasks to queue
[2025-12-21T07:04:59.574+0000] {logging_mixin.py:188} INFO - [2025-12-21T07:04:59.573+0000] {dagbag.py:540} INFO - Filling up the DagBag from /home/airflow/.local/lib/python3.8/site-packages/airflow/example_dags/example_task_group_decorator.py
[2025-12-21T07:04:59.587+0000] {processor.py:840} INFO - DAG(s) 'example_task_group_decorator' retrieved from /home/airflow/.local/lib/python3.8/site-packages/airflow/example_dags/example_task_group_decorator.py
[2025-12-21T07:04:59.612+0000] {logging_mixin.py:188} INFO - [2025-12-21T07:04:59.611+0000] {dag.py:3047} INFO - Sync 1 DAGs
[2025-12-21T07:04:59.634+0000] {logging_mixin.py:188} INFO - [2025-12-21T07:04:59.634+0000] {dag.py:3834} INFO - Setting next_dagrun for example_task_group_decorator to 2025-12-20 00:00:00+00:00, run_after=2025-12-21 00:00:00+00:00
[2025-12-21T07:04:59.655+0000] {processor.py:183} INFO - Processing /home/airflow/.local/lib/python3.8/site-packages/airflow/example_dags/example_task_group_decorator.py took 0.089 seconds
[2025-12-21T07:05:30.014+0000] {processor.py:161} INFO - Started process (PID=793) to work on /home/airflow/.local/lib/python3.8/site-packages/airflow/example_dags/example_task_group_decorator.py
[2025-12-21T07:05:30.015+0000] {processor.py:830} INFO - Processing file /home/airflow/.local/lib/python3.8/site-packages/airflow/example_dags/example_task_group_decorator.py for tasks to queue
[2025-12-21T07:05:30.017+0000] {logging_mixin.py:188} INFO - [2025-12-21T07:05:30.016+0000] {dagbag.py:540} INFO - Filling up the DagBag from /home/airflow/.local/lib/python3.8/site-packages/airflow/example_dags/example_task_group_decorator.py
[2025-12-21T07:05:30.031+0000] {processor.py:840} INFO - DAG(s) 'example_task_group_decorator' retrieved from /home/airflow/.local/lib/python3.8/site-packages/airflow/example_dags/example_task_group_decorator.py
[2025-12-21T07:05:30.057+0000] {logging_mixin.py:188} INFO - [2025-12-21T07:05:30.057+0000] {dag.py:3047} INFO - Sync 1 DAGs
[2025-12-21T07:05:30.079+0000] {logging_mixin.py:188} INFO - [2025-12-21T07:05:30.079+0000] {dag.py:3834} INFO - Setting next_dagrun for example_task_group_decorator to 2025-12-20 00:00:00+00:00, run_after=2025-12-21 00:00:00+00:00
[2025-12-21T07:05:30.098+0000] {processor.py:183} INFO - Processing /home/airflow/.local/lib/python3.8/site-packages/airflow/example_dags/example_task_group_decorator.py took 0.088 seconds
[2025-12-21T07:06:00.148+0000] {processor.py:161} INFO - Started process (PID=849) to work on /home/airflow/.local/lib/python3.8/site-packages/airflow/example_dags/example_task_group_decorator.py
[2025-12-21T07:06:00.150+0000] {processor.py:830} INFO - Processing file /home/airflow/.local/lib/python3.8/site-packages/airflow/example_dags/example_task_group_decorator.py for tasks to queue
[2025-12-21T07:06:00.152+0000] {logging_mixin.py:188} INFO - [2025-12-21T07:06:00.152+0000] {dagbag.py:540} INFO - Filling up the DagBag from /home/airflow/.local/lib/python3.8/site-packages/airflow/example_dags/example_task_group_decorator.py
[2025-12-21T07:06:00.165+0000] {processor.py:840} INFO - DAG(s) 'example_task_group_decorator' retrieved from /home/airflow/.local/lib/python3.8/site-packages/airflow/example_dags/example_task_group_decorator.py
[2025-12-21T07:06:00.191+0000] {logging_mixin.py:188} INFO - [2025-12-21T07:06:00.191+0000] {dag.py:3047} INFO - Sync 1 DAGs
[2025-12-21T07:06:00.212+0000] {logging_mixin.py:188} INFO - [2025-12-21T07:06:00.211+0000] {dag.py:3834} INFO - Setting next_dagrun for example_task_group_decorator to 2025-12-20 00:00:00+00:00, run_after=2025-12-21 00:00:00+00:00
[2025-12-21T07:06:00.231+0000] {processor.py:183} INFO - Processing /home/airflow/.local/lib/python3.8/site-packages/airflow/example_dags/example_task_group_decorator.py took 0.087 seconds
[2025-12-21T07:06:30.461+0000] {processor.py:161} INFO - Started process (PID=905) to work on /home/airflow/.local/lib/python3.8/site-packages/airflow/example_dags/example_task_group_decorator.py
[2025-12-21T07:06:30.463+0000] {processor.py:830} INFO - Processing file /home/airflow/.local/lib/python3.8/site-packages/airflow/example_dags/example_task_group_decorator.py for tasks to queue
[2025-12-21T07:06:30.466+0000] {logging_mixin.py:188} INFO - [2025-12-21T07:06:30.465+0000] {dagbag.py:540} INFO - Filling up the DagBag from /home/airflow/.local/lib/python3.8/site-packages/airflow/example_dags/example_task_group_decorator.py
[2025-12-21T07:06:30.481+0000] {processor.py:840} INFO - DAG(s) 'example_task_group_decorator' retrieved from /home/airflow/.local/lib/python3.8/site-packages/airflow/example_dags/example_task_group_decorator.py
[2025-12-21T07:06:30.509+0000] {logging_mixin.py:188} INFO - [2025-12-21T07:06:30.509+0000] {dag.py:3047} INFO - Sync 1 DAGs
[2025-12-21T07:06:30.533+0000] {logging_mixin.py:188} INFO - [2025-12-21T07:06:30.533+0000] {dag.py:3834} INFO - Setting next_dagrun for example_task_group_decorator to 2025-12-20 00:00:00+00:00, run_after=2025-12-21 00:00:00+00:00
[2025-12-21T07:06:30.555+0000] {processor.py:183} INFO - Processing /home/airflow/.local/lib/python3.8/site-packages/airflow/example_dags/example_task_group_decorator.py took 0.098 seconds
[2025-12-21T07:07:00.816+0000] {processor.py:161} INFO - Started process (PID=961) to work on /home/airflow/.local/lib/python3.8/site-packages/airflow/example_dags/example_task_group_decorator.py
[2025-12-21T07:07:00.818+0000] {processor.py:830} INFO - Processing file /home/airflow/.local/lib/python3.8/site-packages/airflow/example_dags/example_task_group_decorator.py for tasks to queue
[2025-12-21T07:07:00.820+0000] {logging_mixin.py:188} INFO - [2025-12-21T07:07:00.820+0000] {dagbag.py:540} INFO - Filling up the DagBag from /home/airflow/.local/lib/python3.8/site-packages/airflow/example_dags/example_task_group_decorator.py
[2025-12-21T07:07:00.840+0000] {processor.py:840} INFO - DAG(s) 'example_task_group_decorator' retrieved from /home/airflow/.local/lib/python3.8/site-packages/airflow/example_dags/example_task_group_decorator.py
[2025-12-21T07:07:00.868+0000] {logging_mixin.py:188} INFO - [2025-12-21T07:07:00.868+0000] {dag.py:3047} INFO - Sync 1 DAGs
[2025-12-21T07:07:00.893+0000] {logging_mixin.py:188} INFO - [2025-12-21T07:07:00.893+0000] {dag.py:3834} INFO - Setting next_dagrun for example_task_group_decorator to 2025-12-20 00:00:00+00:00, run_after=2025-12-21 00:00:00+00:00
[2025-12-21T07:07:00.918+0000] {processor.py:183} INFO - Processing /home/airflow/.local/lib/python3.8/site-packages/airflow/example_dags/example_task_group_decorator.py took 0.107 seconds
[2025-12-21T07:07:31.275+0000] {processor.py:161} INFO - Started process (PID=1017) to work on /home/airflow/.local/lib/python3.8/site-packages/airflow/example_dags/example_task_group_decorator.py
[2025-12-21T07:07:31.276+0000] {processor.py:830} INFO - Processing file /home/airflow/.local/lib/python3.8/site-packages/airflow/example_dags/example_task_group_decorator.py for tasks to queue
[2025-12-21T07:07:31.279+0000] {logging_mixin.py:188} INFO - [2025-12-21T07:07:31.279+0000] {dagbag.py:540} INFO - Filling up the DagBag from /home/airflow/.local/lib/python3.8/site-packages/airflow/example_dags/example_task_group_decorator.py
[2025-12-21T07:07:31.292+0000] {processor.py:840} INFO - DAG(s) 'example_task_group_decorator' retrieved from /home/airflow/.local/lib/python3.8/site-packages/airflow/example_dags/example_task_group_decorator.py
[2025-12-21T07:07:31.319+0000] {logging_mixin.py:188} INFO - [2025-12-21T07:07:31.318+0000] {dag.py:3047} INFO - Sync 1 DAGs
[2025-12-21T07:07:31.343+0000] {logging_mixin.py:188} INFO - [2025-12-21T07:07:31.343+0000] {dag.py:3834} INFO - Setting next_dagrun for example_task_group_decorator to 2025-12-20 00:00:00+00:00, run_after=2025-12-21 00:00:00+00:00
[2025-12-21T07:07:31.366+0000] {processor.py:183} INFO - Processing /home/airflow/.local/lib/python3.8/site-packages/airflow/example_dags/example_task_group_decorator.py took 0.095 seconds
[2025-12-21T07:08:02.209+0000] {processor.py:161} INFO - Started process (PID=1073) to work on /home/airflow/.local/lib/python3.8/site-packages/airflow/example_dags/example_task_group_decorator.py
[2025-12-21T07:08:02.210+0000] {processor.py:830} INFO - Processing file /home/airflow/.local/lib/python3.8/site-packages/airflow/example_dags/example_task_group_decorator.py for tasks to queue
[2025-12-21T07:08:02.213+0000] {logging_mixin.py:188} INFO - [2025-12-21T07:08:02.213+0000] {dagbag.py:540} INFO - Filling up the DagBag from /home/airflow/.local/lib/python3.8/site-packages/airflow/example_dags/example_task_group_decorator.py
[2025-12-21T07:08:02.230+0000] {processor.py:840} INFO - DAG(s) 'example_task_group_decorator' retrieved from /home/airflow/.local/lib/python3.8/site-packages/airflow/example_dags/example_task_group_decorator.py
[2025-12-21T07:08:02.257+0000] {logging_mixin.py:188} INFO - [2025-12-21T07:08:02.256+0000] {dag.py:3047} INFO - Sync 1 DAGs
[2025-12-21T07:08:02.289+0000] {logging_mixin.py:188} INFO - [2025-12-21T07:08:02.288+0000] {dag.py:3834} INFO - Setting next_dagrun for example_task_group_decorator to 2025-12-20 00:00:00+00:00, run_after=2025-12-21 00:00:00+00:00
[2025-12-21T07:08:02.318+0000] {processor.py:183} INFO - Processing /home/airflow/.local/lib/python3.8/site-packages/airflow/example_dags/example_task_group_decorator.py took 0.113 seconds
[2025-12-21T07:08:33.190+0000] {processor.py:161} INFO - Started process (PID=1129) to work on /home/airflow/.local/lib/python3.8/site-packages/airflow/example_dags/example_task_group_decorator.py
[2025-12-21T07:08:33.192+0000] {processor.py:830} INFO - Processing file /home/airflow/.local/lib/python3.8/site-packages/airflow/example_dags/example_task_group_decorator.py for tasks to queue
[2025-12-21T07:08:33.195+0000] {logging_mixin.py:188} INFO - [2025-12-21T07:08:33.194+0000] {dagbag.py:540} INFO - Filling up the DagBag from /home/airflow/.local/lib/python3.8/site-packages/airflow/example_dags/example_task_group_decorator.py
[2025-12-21T07:08:33.211+0000] {processor.py:840} INFO - DAG(s) 'example_task_group_decorator' retrieved from /home/airflow/.local/lib/python3.8/site-packages/airflow/example_dags/example_task_group_decorator.py
[2025-12-21T07:08:33.239+0000] {logging_mixin.py:188} INFO - [2025-12-21T07:08:33.239+0000] {dag.py:3047} INFO - Sync 1 DAGs
[2025-12-21T07:08:33.264+0000] {logging_mixin.py:188} INFO - [2025-12-21T07:08:33.264+0000] {dag.py:3834} INFO - Setting next_dagrun for example_task_group_decorator to 2025-12-20 00:00:00+00:00, run_after=2025-12-21 00:00:00+00:00
[2025-12-21T07:08:33.290+0000] {processor.py:183} INFO - Processing /home/airflow/.local/lib/python3.8/site-packages/airflow/example_dags/example_task_group_decorator.py took 0.104 seconds
[2025-12-21T07:11:43.065+0000] {processor.py:161} INFO - Started process (PID=71) to work on /home/airflow/.local/lib/python3.8/site-packages/airflow/example_dags/example_task_group_decorator.py
[2025-12-21T07:11:43.067+0000] {processor.py:830} INFO - Processing file /home/airflow/.local/lib/python3.8/site-packages/airflow/example_dags/example_task_group_decorator.py for tasks to queue
[2025-12-21T07:11:43.070+0000] {logging_mixin.py:188} INFO - [2025-12-21T07:11:43.069+0000] {dagbag.py:540} INFO - Filling up the DagBag from /home/airflow/.local/lib/python3.8/site-packages/airflow/example_dags/example_task_group_decorator.py
[2025-12-21T07:11:43.090+0000] {processor.py:840} INFO - DAG(s) 'example_task_group_decorator' retrieved from /home/airflow/.local/lib/python3.8/site-packages/airflow/example_dags/example_task_group_decorator.py
[2025-12-21T07:11:43.113+0000] {logging_mixin.py:188} INFO - [2025-12-21T07:11:43.113+0000] {dag.py:3047} INFO - Sync 1 DAGs
[2025-12-21T07:11:43.149+0000] {logging_mixin.py:188} INFO - [2025-12-21T07:11:43.149+0000] {dag.py:3834} INFO - Setting next_dagrun for example_task_group_decorator to 2025-12-20 00:00:00+00:00, run_after=2025-12-21 00:00:00+00:00
[2025-12-21T07:11:43.175+0000] {processor.py:183} INFO - Processing /home/airflow/.local/lib/python3.8/site-packages/airflow/example_dags/example_task_group_decorator.py took 0.116 seconds
[2025-12-21T07:12:14.725+0000] {processor.py:161} INFO - Started process (PID=132) to work on /home/airflow/.local/lib/python3.8/site-packages/airflow/example_dags/example_task_group_decorator.py
[2025-12-21T07:12:14.727+0000] {processor.py:830} INFO - Processing file /home/airflow/.local/lib/python3.8/site-packages/airflow/example_dags/example_task_group_decorator.py for tasks to queue
[2025-12-21T07:12:14.729+0000] {logging_mixin.py:188} INFO - [2025-12-21T07:12:14.729+0000] {dagbag.py:540} INFO - Filling up the DagBag from /home/airflow/.local/lib/python3.8/site-packages/airflow/example_dags/example_task_group_decorator.py
[2025-12-21T07:12:14.747+0000] {processor.py:840} INFO - DAG(s) 'example_task_group_decorator' retrieved from /home/airflow/.local/lib/python3.8/site-packages/airflow/example_dags/example_task_group_decorator.py
[2025-12-21T07:12:14.861+0000] {logging_mixin.py:188} INFO - [2025-12-21T07:12:14.860+0000] {dag.py:3047} INFO - Sync 1 DAGs
[2025-12-21T07:12:14.881+0000] {logging_mixin.py:188} INFO - [2025-12-21T07:12:14.881+0000] {dag.py:3834} INFO - Setting next_dagrun for example_task_group_decorator to 2025-12-20 00:00:00+00:00, run_after=2025-12-21 00:00:00+00:00
[2025-12-21T07:12:14.905+0000] {processor.py:183} INFO - Processing /home/airflow/.local/lib/python3.8/site-packages/airflow/example_dags/example_task_group_decorator.py took 0.184 seconds
[2025-12-21T07:12:45.293+0000] {processor.py:161} INFO - Started process (PID=188) to work on /home/airflow/.local/lib/python3.8/site-packages/airflow/example_dags/example_task_group_decorator.py
[2025-12-21T07:12:45.295+0000] {processor.py:830} INFO - Processing file /home/airflow/.local/lib/python3.8/site-packages/airflow/example_dags/example_task_group_decorator.py for tasks to queue
[2025-12-21T07:12:45.297+0000] {logging_mixin.py:188} INFO - [2025-12-21T07:12:45.297+0000] {dagbag.py:540} INFO - Filling up the DagBag from /home/airflow/.local/lib/python3.8/site-packages/airflow/example_dags/example_task_group_decorator.py
[2025-12-21T07:12:45.312+0000] {processor.py:840} INFO - DAG(s) 'example_task_group_decorator' retrieved from /home/airflow/.local/lib/python3.8/site-packages/airflow/example_dags/example_task_group_decorator.py
[2025-12-21T07:12:45.341+0000] {logging_mixin.py:188} INFO - [2025-12-21T07:12:45.341+0000] {dag.py:3047} INFO - Sync 1 DAGs
[2025-12-21T07:12:45.367+0000] {logging_mixin.py:188} INFO - [2025-12-21T07:12:45.366+0000] {dag.py:3834} INFO - Setting next_dagrun for example_task_group_decorator to 2025-12-20 00:00:00+00:00, run_after=2025-12-21 00:00:00+00:00
[2025-12-21T07:12:45.392+0000] {processor.py:183} INFO - Processing /home/airflow/.local/lib/python3.8/site-packages/airflow/example_dags/example_task_group_decorator.py took 0.103 seconds
[2025-12-21T07:13:16.067+0000] {processor.py:161} INFO - Started process (PID=244) to work on /home/airflow/.local/lib/python3.8/site-packages/airflow/example_dags/example_task_group_decorator.py
[2025-12-21T07:13:16.070+0000] {processor.py:830} INFO - Processing file /home/airflow/.local/lib/python3.8/site-packages/airflow/example_dags/example_task_group_decorator.py for tasks to queue
[2025-12-21T07:13:16.076+0000] {logging_mixin.py:188} INFO - [2025-12-21T07:13:16.075+0000] {dagbag.py:540} INFO - Filling up the DagBag from /home/airflow/.local/lib/python3.8/site-packages/airflow/example_dags/example_task_group_decorator.py
[2025-12-21T07:13:16.110+0000] {processor.py:840} INFO - DAG(s) 'example_task_group_decorator' retrieved from /home/airflow/.local/lib/python3.8/site-packages/airflow/example_dags/example_task_group_decorator.py
[2025-12-21T07:13:16.153+0000] {logging_mixin.py:188} INFO - [2025-12-21T07:13:16.152+0000] {dag.py:3047} INFO - Sync 1 DAGs
[2025-12-21T07:13:16.188+0000] {logging_mixin.py:188} INFO - [2025-12-21T07:13:16.188+0000] {dag.py:3834} INFO - Setting next_dagrun for example_task_group_decorator to 2025-12-20 00:00:00+00:00, run_after=2025-12-21 00:00:00+00:00
[2025-12-21T07:13:16.217+0000] {processor.py:183} INFO - Processing /home/airflow/.local/lib/python3.8/site-packages/airflow/example_dags/example_task_group_decorator.py took 0.159 seconds
[2025-12-21T07:13:46.946+0000] {processor.py:161} INFO - Started process (PID=300) to work on /home/airflow/.local/lib/python3.8/site-packages/airflow/example_dags/example_task_group_decorator.py
[2025-12-21T07:13:46.948+0000] {processor.py:830} INFO - Processing file /home/airflow/.local/lib/python3.8/site-packages/airflow/example_dags/example_task_group_decorator.py for tasks to queue
[2025-12-21T07:13:46.950+0000] {logging_mixin.py:188} INFO - [2025-12-21T07:13:46.949+0000] {dagbag.py:540} INFO - Filling up the DagBag from /home/airflow/.local/lib/python3.8/site-packages/airflow/example_dags/example_task_group_decorator.py
[2025-12-21T07:13:46.964+0000] {processor.py:840} INFO - DAG(s) 'example_task_group_decorator' retrieved from /home/airflow/.local/lib/python3.8/site-packages/airflow/example_dags/example_task_group_decorator.py
[2025-12-21T07:13:46.991+0000] {logging_mixin.py:188} INFO - [2025-12-21T07:13:46.990+0000] {dag.py:3047} INFO - Sync 1 DAGs
[2025-12-21T07:13:47.015+0000] {logging_mixin.py:188} INFO - [2025-12-21T07:13:47.015+0000] {dag.py:3834} INFO - Setting next_dagrun for example_task_group_decorator to 2025-12-20 00:00:00+00:00, run_after=2025-12-21 00:00:00+00:00
[2025-12-21T07:13:47.037+0000] {processor.py:183} INFO - Processing /home/airflow/.local/lib/python3.8/site-packages/airflow/example_dags/example_task_group_decorator.py took 0.095 seconds
[2025-12-21T07:14:17.566+0000] {processor.py:161} INFO - Started process (PID=356) to work on /home/airflow/.local/lib/python3.8/site-packages/airflow/example_dags/example_task_group_decorator.py
[2025-12-21T07:14:17.567+0000] {processor.py:830} INFO - Processing file /home/airflow/.local/lib/python3.8/site-packages/airflow/example_dags/example_task_group_decorator.py for tasks to queue
[2025-12-21T07:14:17.570+0000] {logging_mixin.py:188} INFO - [2025-12-21T07:14:17.569+0000] {dagbag.py:540} INFO - Filling up the DagBag from /home/airflow/.local/lib/python3.8/site-packages/airflow/example_dags/example_task_group_decorator.py
[2025-12-21T07:14:17.584+0000] {processor.py:840} INFO - DAG(s) 'example_task_group_decorator' retrieved from /home/airflow/.local/lib/python3.8/site-packages/airflow/example_dags/example_task_group_decorator.py
[2025-12-21T07:14:17.612+0000] {logging_mixin.py:188} INFO - [2025-12-21T07:14:17.612+0000] {dag.py:3047} INFO - Sync 1 DAGs
[2025-12-21T07:14:17.637+0000] {logging_mixin.py:188} INFO - [2025-12-21T07:14:17.636+0000] {dag.py:3834} INFO - Setting next_dagrun for example_task_group_decorator to 2025-12-20 00:00:00+00:00, run_after=2025-12-21 00:00:00+00:00
[2025-12-21T07:14:17.658+0000] {processor.py:183} INFO - Processing /home/airflow/.local/lib/python3.8/site-packages/airflow/example_dags/example_task_group_decorator.py took 0.096 seconds
[2025-12-21T07:14:48.396+0000] {processor.py:161} INFO - Started process (PID=412) to work on /home/airflow/.local/lib/python3.8/site-packages/airflow/example_dags/example_task_group_decorator.py
[2025-12-21T07:14:48.398+0000] {processor.py:830} INFO - Processing file /home/airflow/.local/lib/python3.8/site-packages/airflow/example_dags/example_task_group_decorator.py for tasks to queue
[2025-12-21T07:14:48.401+0000] {logging_mixin.py:188} INFO - [2025-12-21T07:14:48.401+0000] {dagbag.py:540} INFO - Filling up the DagBag from /home/airflow/.local/lib/python3.8/site-packages/airflow/example_dags/example_task_group_decorator.py
[2025-12-21T07:14:48.422+0000] {processor.py:840} INFO - DAG(s) 'example_task_group_decorator' retrieved from /home/airflow/.local/lib/python3.8/site-packages/airflow/example_dags/example_task_group_decorator.py
[2025-12-21T07:14:48.459+0000] {logging_mixin.py:188} INFO - [2025-12-21T07:14:48.459+0000] {dag.py:3047} INFO - Sync 1 DAGs
[2025-12-21T07:14:48.491+0000] {logging_mixin.py:188} INFO - [2025-12-21T07:14:48.490+0000] {dag.py:3834} INFO - Setting next_dagrun for example_task_group_decorator to 2025-12-20 00:00:00+00:00, run_after=2025-12-21 00:00:00+00:00
[2025-12-21T07:14:48.515+0000] {processor.py:183} INFO - Processing /home/airflow/.local/lib/python3.8/site-packages/airflow/example_dags/example_task_group_decorator.py took 0.125 seconds
[2025-12-21T07:15:18.678+0000] {processor.py:161} INFO - Started process (PID=468) to work on /home/airflow/.local/lib/python3.8/site-packages/airflow/example_dags/example_task_group_decorator.py
[2025-12-21T07:15:18.680+0000] {processor.py:830} INFO - Processing file /home/airflow/.local/lib/python3.8/site-packages/airflow/example_dags/example_task_group_decorator.py for tasks to queue
[2025-12-21T07:15:18.682+0000] {logging_mixin.py:188} INFO - [2025-12-21T07:15:18.682+0000] {dagbag.py:540} INFO - Filling up the DagBag from /home/airflow/.local/lib/python3.8/site-packages/airflow/example_dags/example_task_group_decorator.py
[2025-12-21T07:15:18.696+0000] {processor.py:840} INFO - DAG(s) 'example_task_group_decorator' retrieved from /home/airflow/.local/lib/python3.8/site-packages/airflow/example_dags/example_task_group_decorator.py
[2025-12-21T07:15:18.722+0000] {logging_mixin.py:188} INFO - [2025-12-21T07:15:18.721+0000] {dag.py:3047} INFO - Sync 1 DAGs
[2025-12-21T07:15:18.744+0000] {logging_mixin.py:188} INFO - [2025-12-21T07:15:18.744+0000] {dag.py:3834} INFO - Setting next_dagrun for example_task_group_decorator to 2025-12-20 00:00:00+00:00, run_after=2025-12-21 00:00:00+00:00
[2025-12-21T07:15:18.766+0000] {processor.py:183} INFO - Processing /home/airflow/.local/lib/python3.8/site-packages/airflow/example_dags/example_task_group_decorator.py took 0.091 seconds
[2025-12-21T07:15:48.974+0000] {processor.py:161} INFO - Started process (PID=524) to work on /home/airflow/.local/lib/python3.8/site-packages/airflow/example_dags/example_task_group_decorator.py
[2025-12-21T07:15:48.975+0000] {processor.py:830} INFO - Processing file /home/airflow/.local/lib/python3.8/site-packages/airflow/example_dags/example_task_group_decorator.py for tasks to queue
[2025-12-21T07:15:48.977+0000] {logging_mixin.py:188} INFO - [2025-12-21T07:15:48.977+0000] {dagbag.py:540} INFO - Filling up the DagBag from /home/airflow/.local/lib/python3.8/site-packages/airflow/example_dags/example_task_group_decorator.py
[2025-12-21T07:15:48.991+0000] {processor.py:840} INFO - DAG(s) 'example_task_group_decorator' retrieved from /home/airflow/.local/lib/python3.8/site-packages/airflow/example_dags/example_task_group_decorator.py
[2025-12-21T07:15:49.018+0000] {logging_mixin.py:188} INFO - [2025-12-21T07:15:49.018+0000] {dag.py:3047} INFO - Sync 1 DAGs
[2025-12-21T07:15:49.041+0000] {logging_mixin.py:188} INFO - [2025-12-21T07:15:49.041+0000] {dag.py:3834} INFO - Setting next_dagrun for example_task_group_decorator to 2025-12-20 00:00:00+00:00, run_after=2025-12-21 00:00:00+00:00
[2025-12-21T07:15:49.063+0000] {processor.py:183} INFO - Processing /home/airflow/.local/lib/python3.8/site-packages/airflow/example_dags/example_task_group_decorator.py took 0.093 seconds
[2025-12-21T07:16:20.086+0000] {processor.py:161} INFO - Started process (PID=580) to work on /home/airflow/.local/lib/python3.8/site-packages/airflow/example_dags/example_task_group_decorator.py
[2025-12-21T07:16:20.087+0000] {processor.py:830} INFO - Processing file /home/airflow/.local/lib/python3.8/site-packages/airflow/example_dags/example_task_group_decorator.py for tasks to queue
[2025-12-21T07:16:20.090+0000] {logging_mixin.py:188} INFO - [2025-12-21T07:16:20.090+0000] {dagbag.py:540} INFO - Filling up the DagBag from /home/airflow/.local/lib/python3.8/site-packages/airflow/example_dags/example_task_group_decorator.py
[2025-12-21T07:16:20.106+0000] {processor.py:840} INFO - DAG(s) 'example_task_group_decorator' retrieved from /home/airflow/.local/lib/python3.8/site-packages/airflow/example_dags/example_task_group_decorator.py
[2025-12-21T07:16:20.133+0000] {logging_mixin.py:188} INFO - [2025-12-21T07:16:20.132+0000] {dag.py:3047} INFO - Sync 1 DAGs
[2025-12-21T07:16:20.162+0000] {logging_mixin.py:188} INFO - [2025-12-21T07:16:20.161+0000] {dag.py:3834} INFO - Setting next_dagrun for example_task_group_decorator to 2025-12-20 00:00:00+00:00, run_after=2025-12-21 00:00:00+00:00
[2025-12-21T07:16:20.190+0000] {processor.py:183} INFO - Processing /home/airflow/.local/lib/python3.8/site-packages/airflow/example_dags/example_task_group_decorator.py took 0.108 seconds
[2025-12-21T07:16:50.819+0000] {processor.py:161} INFO - Started process (PID=636) to work on /home/airflow/.local/lib/python3.8/site-packages/airflow/example_dags/example_task_group_decorator.py
[2025-12-21T07:16:50.820+0000] {processor.py:830} INFO - Processing file /home/airflow/.local/lib/python3.8/site-packages/airflow/example_dags/example_task_group_decorator.py for tasks to queue
[2025-12-21T07:16:50.822+0000] {logging_mixin.py:188} INFO - [2025-12-21T07:16:50.822+0000] {dagbag.py:540} INFO - Filling up the DagBag from /home/airflow/.local/lib/python3.8/site-packages/airflow/example_dags/example_task_group_decorator.py
[2025-12-21T07:16:50.835+0000] {processor.py:840} INFO - DAG(s) 'example_task_group_decorator' retrieved from /home/airflow/.local/lib/python3.8/site-packages/airflow/example_dags/example_task_group_decorator.py
[2025-12-21T07:16:50.860+0000] {logging_mixin.py:188} INFO - [2025-12-21T07:16:50.860+0000] {dag.py:3047} INFO - Sync 1 DAGs
[2025-12-21T07:16:50.882+0000] {logging_mixin.py:188} INFO - [2025-12-21T07:16:50.882+0000] {dag.py:3834} INFO - Setting next_dagrun for example_task_group_decorator to 2025-12-20 00:00:00+00:00, run_after=2025-12-21 00:00:00+00:00
[2025-12-21T07:16:50.901+0000] {processor.py:183} INFO - Processing /home/airflow/.local/lib/python3.8/site-packages/airflow/example_dags/example_task_group_decorator.py took 0.086 seconds
[2025-12-21T07:17:21.022+0000] {processor.py:161} INFO - Started process (PID=692) to work on /home/airflow/.local/lib/python3.8/site-packages/airflow/example_dags/example_task_group_decorator.py
[2025-12-21T07:17:21.023+0000] {processor.py:830} INFO - Processing file /home/airflow/.local/lib/python3.8/site-packages/airflow/example_dags/example_task_group_decorator.py for tasks to queue
[2025-12-21T07:17:21.026+0000] {logging_mixin.py:188} INFO - [2025-12-21T07:17:21.026+0000] {dagbag.py:540} INFO - Filling up the DagBag from /home/airflow/.local/lib/python3.8/site-packages/airflow/example_dags/example_task_group_decorator.py
[2025-12-21T07:17:21.040+0000] {processor.py:840} INFO - DAG(s) 'example_task_group_decorator' retrieved from /home/airflow/.local/lib/python3.8/site-packages/airflow/example_dags/example_task_group_decorator.py
[2025-12-21T07:17:21.066+0000] {logging_mixin.py:188} INFO - [2025-12-21T07:17:21.066+0000] {dag.py:3047} INFO - Sync 1 DAGs
[2025-12-21T07:17:21.088+0000] {logging_mixin.py:188} INFO - [2025-12-21T07:17:21.088+0000] {dag.py:3834} INFO - Setting next_dagrun for example_task_group_decorator to 2025-12-20 00:00:00+00:00, run_after=2025-12-21 00:00:00+00:00
[2025-12-21T07:17:21.110+0000] {processor.py:183} INFO - Processing /home/airflow/.local/lib/python3.8/site-packages/airflow/example_dags/example_task_group_decorator.py took 0.092 seconds
[2025-12-21T07:17:51.286+0000] {processor.py:161} INFO - Started process (PID=749) to work on /home/airflow/.local/lib/python3.8/site-packages/airflow/example_dags/example_task_group_decorator.py
[2025-12-21T07:17:51.287+0000] {processor.py:830} INFO - Processing file /home/airflow/.local/lib/python3.8/site-packages/airflow/example_dags/example_task_group_decorator.py for tasks to queue
[2025-12-21T07:17:51.290+0000] {logging_mixin.py:188} INFO - [2025-12-21T07:17:51.290+0000] {dagbag.py:540} INFO - Filling up the DagBag from /home/airflow/.local/lib/python3.8/site-packages/airflow/example_dags/example_task_group_decorator.py
[2025-12-21T07:17:51.305+0000] {processor.py:840} INFO - DAG(s) 'example_task_group_decorator' retrieved from /home/airflow/.local/lib/python3.8/site-packages/airflow/example_dags/example_task_group_decorator.py
[2025-12-21T07:17:51.334+0000] {logging_mixin.py:188} INFO - [2025-12-21T07:17:51.333+0000] {dag.py:3047} INFO - Sync 1 DAGs
[2025-12-21T07:17:51.358+0000] {logging_mixin.py:188} INFO - [2025-12-21T07:17:51.358+0000] {dag.py:3834} INFO - Setting next_dagrun for example_task_group_decorator to 2025-12-20 00:00:00+00:00, run_after=2025-12-21 00:00:00+00:00
[2025-12-21T07:17:51.382+0000] {processor.py:183} INFO - Processing /home/airflow/.local/lib/python3.8/site-packages/airflow/example_dags/example_task_group_decorator.py took 0.100 seconds
[2025-12-21T07:18:22.221+0000] {processor.py:161} INFO - Started process (PID=805) to work on /home/airflow/.local/lib/python3.8/site-packages/airflow/example_dags/example_task_group_decorator.py
[2025-12-21T07:18:22.222+0000] {processor.py:830} INFO - Processing file /home/airflow/.local/lib/python3.8/site-packages/airflow/example_dags/example_task_group_decorator.py for tasks to queue
[2025-12-21T07:18:22.224+0000] {logging_mixin.py:188} INFO - [2025-12-21T07:18:22.224+0000] {dagbag.py:540} INFO - Filling up the DagBag from /home/airflow/.local/lib/python3.8/site-packages/airflow/example_dags/example_task_group_decorator.py
[2025-12-21T07:18:22.237+0000] {processor.py:840} INFO - DAG(s) 'example_task_group_decorator' retrieved from /home/airflow/.local/lib/python3.8/site-packages/airflow/example_dags/example_task_group_decorator.py
[2025-12-21T07:18:22.262+0000] {logging_mixin.py:188} INFO - [2025-12-21T07:18:22.262+0000] {dag.py:3047} INFO - Sync 1 DAGs
[2025-12-21T07:18:22.281+0000] {logging_mixin.py:188} INFO - [2025-12-21T07:18:22.281+0000] {dag.py:3834} INFO - Setting next_dagrun for example_task_group_decorator to 2025-12-20 00:00:00+00:00, run_after=2025-12-21 00:00:00+00:00
[2025-12-21T07:18:22.300+0000] {processor.py:183} INFO - Processing /home/airflow/.local/lib/python3.8/site-packages/airflow/example_dags/example_task_group_decorator.py took 0.083 seconds
[2025-12-21T07:18:53.044+0000] {processor.py:161} INFO - Started process (PID=861) to work on /home/airflow/.local/lib/python3.8/site-packages/airflow/example_dags/example_task_group_decorator.py
[2025-12-21T07:18:53.045+0000] {processor.py:830} INFO - Processing file /home/airflow/.local/lib/python3.8/site-packages/airflow/example_dags/example_task_group_decorator.py for tasks to queue
[2025-12-21T07:18:53.047+0000] {logging_mixin.py:188} INFO - [2025-12-21T07:18:53.047+0000] {dagbag.py:540} INFO - Filling up the DagBag from /home/airflow/.local/lib/python3.8/site-packages/airflow/example_dags/example_task_group_decorator.py
[2025-12-21T07:18:53.061+0000] {processor.py:840} INFO - DAG(s) 'example_task_group_decorator' retrieved from /home/airflow/.local/lib/python3.8/site-packages/airflow/example_dags/example_task_group_decorator.py
[2025-12-21T07:18:53.086+0000] {logging_mixin.py:188} INFO - [2025-12-21T07:18:53.085+0000] {dag.py:3047} INFO - Sync 1 DAGs
[2025-12-21T07:18:53.107+0000] {logging_mixin.py:188} INFO - [2025-12-21T07:18:53.107+0000] {dag.py:3834} INFO - Setting next_dagrun for example_task_group_decorator to 2025-12-20 00:00:00+00:00, run_after=2025-12-21 00:00:00+00:00
[2025-12-21T07:18:53.131+0000] {processor.py:183} INFO - Processing /home/airflow/.local/lib/python3.8/site-packages/airflow/example_dags/example_task_group_decorator.py took 0.091 seconds
[2025-12-21T07:19:24.562+0000] {processor.py:161} INFO - Started process (PID=917) to work on /home/airflow/.local/lib/python3.8/site-packages/airflow/example_dags/example_task_group_decorator.py
[2025-12-21T07:19:24.566+0000] {processor.py:830} INFO - Processing file /home/airflow/.local/lib/python3.8/site-packages/airflow/example_dags/example_task_group_decorator.py for tasks to queue
[2025-12-21T07:19:24.572+0000] {logging_mixin.py:188} INFO - [2025-12-21T07:19:24.572+0000] {dagbag.py:540} INFO - Filling up the DagBag from /home/airflow/.local/lib/python3.8/site-packages/airflow/example_dags/example_task_group_decorator.py
[2025-12-21T07:19:24.604+0000] {processor.py:840} INFO - DAG(s) 'example_task_group_decorator' retrieved from /home/airflow/.local/lib/python3.8/site-packages/airflow/example_dags/example_task_group_decorator.py
[2025-12-21T07:19:24.642+0000] {logging_mixin.py:188} INFO - [2025-12-21T07:19:24.642+0000] {dag.py:3047} INFO - Sync 1 DAGs
[2025-12-21T07:19:24.686+0000] {logging_mixin.py:188} INFO - [2025-12-21T07:19:24.685+0000] {dag.py:3834} INFO - Setting next_dagrun for example_task_group_decorator to 2025-12-20 00:00:00+00:00, run_after=2025-12-21 00:00:00+00:00
[2025-12-21T07:19:24.737+0000] {processor.py:183} INFO - Processing /home/airflow/.local/lib/python3.8/site-packages/airflow/example_dags/example_task_group_decorator.py took 0.182 seconds
[2025-12-21T07:19:55.342+0000] {processor.py:161} INFO - Started process (PID=974) to work on /home/airflow/.local/lib/python3.8/site-packages/airflow/example_dags/example_task_group_decorator.py
[2025-12-21T07:19:55.344+0000] {processor.py:830} INFO - Processing file /home/airflow/.local/lib/python3.8/site-packages/airflow/example_dags/example_task_group_decorator.py for tasks to queue
[2025-12-21T07:19:55.347+0000] {logging_mixin.py:188} INFO - [2025-12-21T07:19:55.346+0000] {dagbag.py:540} INFO - Filling up the DagBag from /home/airflow/.local/lib/python3.8/site-packages/airflow/example_dags/example_task_group_decorator.py
[2025-12-21T07:19:55.362+0000] {processor.py:840} INFO - DAG(s) 'example_task_group_decorator' retrieved from /home/airflow/.local/lib/python3.8/site-packages/airflow/example_dags/example_task_group_decorator.py
[2025-12-21T07:19:55.389+0000] {logging_mixin.py:188} INFO - [2025-12-21T07:19:55.389+0000] {dag.py:3047} INFO - Sync 1 DAGs
[2025-12-21T07:19:55.414+0000] {logging_mixin.py:188} INFO - [2025-12-21T07:19:55.414+0000] {dag.py:3834} INFO - Setting next_dagrun for example_task_group_decorator to 2025-12-20 00:00:00+00:00, run_after=2025-12-21 00:00:00+00:00
[2025-12-21T07:19:55.436+0000] {processor.py:183} INFO - Processing /home/airflow/.local/lib/python3.8/site-packages/airflow/example_dags/example_task_group_decorator.py took 0.097 seconds
[2025-12-21T07:20:25.763+0000] {processor.py:161} INFO - Started process (PID=1030) to work on /home/airflow/.local/lib/python3.8/site-packages/airflow/example_dags/example_task_group_decorator.py
[2025-12-21T07:20:25.764+0000] {processor.py:830} INFO - Processing file /home/airflow/.local/lib/python3.8/site-packages/airflow/example_dags/example_task_group_decorator.py for tasks to queue
[2025-12-21T07:20:25.767+0000] {logging_mixin.py:188} INFO - [2025-12-21T07:20:25.766+0000] {dagbag.py:540} INFO - Filling up the DagBag from /home/airflow/.local/lib/python3.8/site-packages/airflow/example_dags/example_task_group_decorator.py
[2025-12-21T07:20:25.783+0000] {processor.py:840} INFO - DAG(s) 'example_task_group_decorator' retrieved from /home/airflow/.local/lib/python3.8/site-packages/airflow/example_dags/example_task_group_decorator.py
[2025-12-21T07:20:25.811+0000] {logging_mixin.py:188} INFO - [2025-12-21T07:20:25.811+0000] {dag.py:3047} INFO - Sync 1 DAGs
[2025-12-21T07:20:25.839+0000] {logging_mixin.py:188} INFO - [2025-12-21T07:20:25.839+0000] {dag.py:3834} INFO - Setting next_dagrun for example_task_group_decorator to 2025-12-20 00:00:00+00:00, run_after=2025-12-21 00:00:00+00:00
[2025-12-21T07:20:25.866+0000] {processor.py:183} INFO - Processing /home/airflow/.local/lib/python3.8/site-packages/airflow/example_dags/example_task_group_decorator.py took 0.108 seconds
[2025-12-21T07:20:40.123+0000] {processor.py:161} INFO - Started process (PID=65) to work on /home/airflow/.local/lib/python3.8/site-packages/airflow/example_dags/example_task_group_decorator.py
[2025-12-21T07:20:40.125+0000] {processor.py:830} INFO - Processing file /home/airflow/.local/lib/python3.8/site-packages/airflow/example_dags/example_task_group_decorator.py for tasks to queue
[2025-12-21T07:20:40.127+0000] {logging_mixin.py:188} INFO - [2025-12-21T07:20:40.126+0000] {dagbag.py:540} INFO - Filling up the DagBag from /home/airflow/.local/lib/python3.8/site-packages/airflow/example_dags/example_task_group_decorator.py
[2025-12-21T07:20:40.143+0000] {processor.py:840} INFO - DAG(s) 'example_task_group_decorator' retrieved from /home/airflow/.local/lib/python3.8/site-packages/airflow/example_dags/example_task_group_decorator.py
[2025-12-21T07:20:40.177+0000] {logging_mixin.py:188} INFO - [2025-12-21T07:20:40.176+0000] {dag.py:3047} INFO - Sync 1 DAGs
[2025-12-21T07:20:40.202+0000] {logging_mixin.py:188} INFO - [2025-12-21T07:20:40.201+0000] {dag.py:3834} INFO - Setting next_dagrun for example_task_group_decorator to 2025-12-20 00:00:00+00:00, run_after=2025-12-21 00:00:00+00:00
[2025-12-21T07:20:40.223+0000] {processor.py:183} INFO - Processing /home/airflow/.local/lib/python3.8/site-packages/airflow/example_dags/example_task_group_decorator.py took 0.104 seconds
[2025-12-21T07:21:11.171+0000] {processor.py:161} INFO - Started process (PID=121) to work on /home/airflow/.local/lib/python3.8/site-packages/airflow/example_dags/example_task_group_decorator.py
[2025-12-21T07:21:11.173+0000] {processor.py:830} INFO - Processing file /home/airflow/.local/lib/python3.8/site-packages/airflow/example_dags/example_task_group_decorator.py for tasks to queue
[2025-12-21T07:21:11.176+0000] {logging_mixin.py:188} INFO - [2025-12-21T07:21:11.176+0000] {dagbag.py:540} INFO - Filling up the DagBag from /home/airflow/.local/lib/python3.8/site-packages/airflow/example_dags/example_task_group_decorator.py
[2025-12-21T07:21:11.199+0000] {processor.py:840} INFO - DAG(s) 'example_task_group_decorator' retrieved from /home/airflow/.local/lib/python3.8/site-packages/airflow/example_dags/example_task_group_decorator.py
[2025-12-21T07:21:11.237+0000] {logging_mixin.py:188} INFO - [2025-12-21T07:21:11.236+0000] {dag.py:3047} INFO - Sync 1 DAGs
[2025-12-21T07:21:11.267+0000] {logging_mixin.py:188} INFO - [2025-12-21T07:21:11.267+0000] {dag.py:3834} INFO - Setting next_dagrun for example_task_group_decorator to 2025-12-20 00:00:00+00:00, run_after=2025-12-21 00:00:00+00:00
[2025-12-21T07:21:11.300+0000] {processor.py:183} INFO - Processing /home/airflow/.local/lib/python3.8/site-packages/airflow/example_dags/example_task_group_decorator.py took 0.133 seconds
[2025-12-21T07:22:21.031+0000] {processor.py:161} INFO - Started process (PID=72) to work on /home/airflow/.local/lib/python3.8/site-packages/airflow/example_dags/example_task_group_decorator.py
[2025-12-21T07:22:21.033+0000] {processor.py:830} INFO - Processing file /home/airflow/.local/lib/python3.8/site-packages/airflow/example_dags/example_task_group_decorator.py for tasks to queue
[2025-12-21T07:22:21.036+0000] {logging_mixin.py:188} INFO - [2025-12-21T07:22:21.035+0000] {dagbag.py:540} INFO - Filling up the DagBag from /home/airflow/.local/lib/python3.8/site-packages/airflow/example_dags/example_task_group_decorator.py
[2025-12-21T07:22:21.051+0000] {processor.py:840} INFO - DAG(s) 'example_task_group_decorator' retrieved from /home/airflow/.local/lib/python3.8/site-packages/airflow/example_dags/example_task_group_decorator.py
[2025-12-21T07:22:21.069+0000] {logging_mixin.py:188} INFO - [2025-12-21T07:22:21.068+0000] {dag.py:3047} INFO - Sync 1 DAGs
[2025-12-21T07:22:21.094+0000] {logging_mixin.py:188} INFO - [2025-12-21T07:22:21.094+0000] {dag.py:3834} INFO - Setting next_dagrun for example_task_group_decorator to 2025-12-20 00:00:00+00:00, run_after=2025-12-21 00:00:00+00:00
[2025-12-21T07:22:21.117+0000] {processor.py:183} INFO - Processing /home/airflow/.local/lib/python3.8/site-packages/airflow/example_dags/example_task_group_decorator.py took 0.090 seconds
[2025-12-21T07:22:52.366+0000] {processor.py:161} INFO - Started process (PID=135) to work on /home/airflow/.local/lib/python3.8/site-packages/airflow/example_dags/example_task_group_decorator.py
[2025-12-21T07:22:52.367+0000] {processor.py:830} INFO - Processing file /home/airflow/.local/lib/python3.8/site-packages/airflow/example_dags/example_task_group_decorator.py for tasks to queue
[2025-12-21T07:22:52.370+0000] {logging_mixin.py:188} INFO - [2025-12-21T07:22:52.370+0000] {dagbag.py:540} INFO - Filling up the DagBag from /home/airflow/.local/lib/python3.8/site-packages/airflow/example_dags/example_task_group_decorator.py
[2025-12-21T07:22:52.388+0000] {processor.py:840} INFO - DAG(s) 'example_task_group_decorator' retrieved from /home/airflow/.local/lib/python3.8/site-packages/airflow/example_dags/example_task_group_decorator.py
[2025-12-21T07:22:52.511+0000] {logging_mixin.py:188} INFO - [2025-12-21T07:22:52.511+0000] {dag.py:3047} INFO - Sync 1 DAGs
[2025-12-21T07:22:52.532+0000] {logging_mixin.py:188} INFO - [2025-12-21T07:22:52.532+0000] {dag.py:3834} INFO - Setting next_dagrun for example_task_group_decorator to 2025-12-20 00:00:00+00:00, run_after=2025-12-21 00:00:00+00:00
[2025-12-21T07:22:52.555+0000] {processor.py:183} INFO - Processing /home/airflow/.local/lib/python3.8/site-packages/airflow/example_dags/example_task_group_decorator.py took 0.193 seconds
[2025-12-21T07:28:31.527+0000] {processor.py:161} INFO - Started process (PID=80) to work on /home/airflow/.local/lib/python3.8/site-packages/airflow/example_dags/example_task_group_decorator.py
[2025-12-21T07:28:31.530+0000] {processor.py:830} INFO - Processing file /home/airflow/.local/lib/python3.8/site-packages/airflow/example_dags/example_task_group_decorator.py for tasks to queue
[2025-12-21T07:28:31.537+0000] {logging_mixin.py:188} INFO - [2025-12-21T07:28:31.536+0000] {dagbag.py:540} INFO - Filling up the DagBag from /home/airflow/.local/lib/python3.8/site-packages/airflow/example_dags/example_task_group_decorator.py
[2025-12-21T07:28:31.571+0000] {processor.py:840} INFO - DAG(s) 'example_task_group_decorator' retrieved from /home/airflow/.local/lib/python3.8/site-packages/airflow/example_dags/example_task_group_decorator.py
[2025-12-21T07:28:31.606+0000] {logging_mixin.py:188} INFO - [2025-12-21T07:28:31.606+0000] {dag.py:3047} INFO - Sync 1 DAGs
[2025-12-21T07:28:31.642+0000] {logging_mixin.py:188} INFO - [2025-12-21T07:28:31.642+0000] {dag.py:3834} INFO - Setting next_dagrun for example_task_group_decorator to 2025-12-20 00:00:00+00:00, run_after=2025-12-21 00:00:00+00:00
[2025-12-21T07:28:31.680+0000] {processor.py:183} INFO - Processing /home/airflow/.local/lib/python3.8/site-packages/airflow/example_dags/example_task_group_decorator.py took 0.167 seconds
[2025-12-21T07:29:02.039+0000] {processor.py:161} INFO - Started process (PID=136) to work on /home/airflow/.local/lib/python3.8/site-packages/airflow/example_dags/example_task_group_decorator.py
[2025-12-21T07:29:02.041+0000] {processor.py:830} INFO - Processing file /home/airflow/.local/lib/python3.8/site-packages/airflow/example_dags/example_task_group_decorator.py for tasks to queue
[2025-12-21T07:29:02.045+0000] {logging_mixin.py:188} INFO - [2025-12-21T07:29:02.044+0000] {dagbag.py:540} INFO - Filling up the DagBag from /home/airflow/.local/lib/python3.8/site-packages/airflow/example_dags/example_task_group_decorator.py
[2025-12-21T07:29:02.062+0000] {processor.py:840} INFO - DAG(s) 'example_task_group_decorator' retrieved from /home/airflow/.local/lib/python3.8/site-packages/airflow/example_dags/example_task_group_decorator.py
[2025-12-21T07:29:02.166+0000] {logging_mixin.py:188} INFO - [2025-12-21T07:29:02.165+0000] {dag.py:3047} INFO - Sync 1 DAGs
[2025-12-21T07:29:02.187+0000] {logging_mixin.py:188} INFO - [2025-12-21T07:29:02.186+0000] {dag.py:3834} INFO - Setting next_dagrun for example_task_group_decorator to 2025-12-20 00:00:00+00:00, run_after=2025-12-21 00:00:00+00:00
[2025-12-21T07:29:02.209+0000] {processor.py:183} INFO - Processing /home/airflow/.local/lib/python3.8/site-packages/airflow/example_dags/example_task_group_decorator.py took 0.173 seconds
[2025-12-21T07:29:33.092+0000] {processor.py:161} INFO - Started process (PID=192) to work on /home/airflow/.local/lib/python3.8/site-packages/airflow/example_dags/example_task_group_decorator.py
[2025-12-21T07:29:33.093+0000] {processor.py:830} INFO - Processing file /home/airflow/.local/lib/python3.8/site-packages/airflow/example_dags/example_task_group_decorator.py for tasks to queue
[2025-12-21T07:29:33.096+0000] {logging_mixin.py:188} INFO - [2025-12-21T07:29:33.096+0000] {dagbag.py:540} INFO - Filling up the DagBag from /home/airflow/.local/lib/python3.8/site-packages/airflow/example_dags/example_task_group_decorator.py
[2025-12-21T07:29:33.114+0000] {processor.py:840} INFO - DAG(s) 'example_task_group_decorator' retrieved from /home/airflow/.local/lib/python3.8/site-packages/airflow/example_dags/example_task_group_decorator.py
[2025-12-21T07:29:33.153+0000] {logging_mixin.py:188} INFO - [2025-12-21T07:29:33.153+0000] {dag.py:3047} INFO - Sync 1 DAGs
[2025-12-21T07:29:33.193+0000] {logging_mixin.py:188} INFO - [2025-12-21T07:29:33.193+0000] {dag.py:3834} INFO - Setting next_dagrun for example_task_group_decorator to 2025-12-20 00:00:00+00:00, run_after=2025-12-21 00:00:00+00:00
[2025-12-21T07:29:33.227+0000] {processor.py:183} INFO - Processing /home/airflow/.local/lib/python3.8/site-packages/airflow/example_dags/example_task_group_decorator.py took 0.140 seconds
[2025-12-21T07:30:03.541+0000] {processor.py:161} INFO - Started process (PID=247) to work on /home/airflow/.local/lib/python3.8/site-packages/airflow/example_dags/example_task_group_decorator.py
[2025-12-21T07:30:03.543+0000] {processor.py:830} INFO - Processing file /home/airflow/.local/lib/python3.8/site-packages/airflow/example_dags/example_task_group_decorator.py for tasks to queue
[2025-12-21T07:30:03.545+0000] {logging_mixin.py:188} INFO - [2025-12-21T07:30:03.545+0000] {dagbag.py:540} INFO - Filling up the DagBag from /home/airflow/.local/lib/python3.8/site-packages/airflow/example_dags/example_task_group_decorator.py
[2025-12-21T07:30:03.560+0000] {processor.py:840} INFO - DAG(s) 'example_task_group_decorator' retrieved from /home/airflow/.local/lib/python3.8/site-packages/airflow/example_dags/example_task_group_decorator.py
[2025-12-21T07:30:03.589+0000] {logging_mixin.py:188} INFO - [2025-12-21T07:30:03.588+0000] {dag.py:3047} INFO - Sync 1 DAGs
[2025-12-21T07:30:03.614+0000] {logging_mixin.py:188} INFO - [2025-12-21T07:30:03.613+0000] {dag.py:3834} INFO - Setting next_dagrun for example_task_group_decorator to 2025-12-20 00:00:00+00:00, run_after=2025-12-21 00:00:00+00:00
[2025-12-21T07:30:03.641+0000] {processor.py:183} INFO - Processing /home/airflow/.local/lib/python3.8/site-packages/airflow/example_dags/example_task_group_decorator.py took 0.104 seconds
[2025-12-21T07:30:33.825+0000] {processor.py:161} INFO - Started process (PID=303) to work on /home/airflow/.local/lib/python3.8/site-packages/airflow/example_dags/example_task_group_decorator.py
[2025-12-21T07:30:33.826+0000] {processor.py:830} INFO - Processing file /home/airflow/.local/lib/python3.8/site-packages/airflow/example_dags/example_task_group_decorator.py for tasks to queue
[2025-12-21T07:30:33.829+0000] {logging_mixin.py:188} INFO - [2025-12-21T07:30:33.829+0000] {dagbag.py:540} INFO - Filling up the DagBag from /home/airflow/.local/lib/python3.8/site-packages/airflow/example_dags/example_task_group_decorator.py
[2025-12-21T07:30:33.845+0000] {processor.py:840} INFO - DAG(s) 'example_task_group_decorator' retrieved from /home/airflow/.local/lib/python3.8/site-packages/airflow/example_dags/example_task_group_decorator.py
[2025-12-21T07:30:33.874+0000] {logging_mixin.py:188} INFO - [2025-12-21T07:30:33.874+0000] {dag.py:3047} INFO - Sync 1 DAGs
[2025-12-21T07:30:33.900+0000] {logging_mixin.py:188} INFO - [2025-12-21T07:30:33.900+0000] {dag.py:3834} INFO - Setting next_dagrun for example_task_group_decorator to 2025-12-20 00:00:00+00:00, run_after=2025-12-21 00:00:00+00:00
[2025-12-21T07:30:33.925+0000] {processor.py:183} INFO - Processing /home/airflow/.local/lib/python3.8/site-packages/airflow/example_dags/example_task_group_decorator.py took 0.105 seconds
[2025-12-21T07:31:04.085+0000] {processor.py:161} INFO - Started process (PID=359) to work on /home/airflow/.local/lib/python3.8/site-packages/airflow/example_dags/example_task_group_decorator.py
[2025-12-21T07:31:04.087+0000] {processor.py:830} INFO - Processing file /home/airflow/.local/lib/python3.8/site-packages/airflow/example_dags/example_task_group_decorator.py for tasks to queue
[2025-12-21T07:31:04.090+0000] {logging_mixin.py:188} INFO - [2025-12-21T07:31:04.089+0000] {dagbag.py:540} INFO - Filling up the DagBag from /home/airflow/.local/lib/python3.8/site-packages/airflow/example_dags/example_task_group_decorator.py
[2025-12-21T07:31:04.108+0000] {processor.py:840} INFO - DAG(s) 'example_task_group_decorator' retrieved from /home/airflow/.local/lib/python3.8/site-packages/airflow/example_dags/example_task_group_decorator.py
[2025-12-21T07:31:04.141+0000] {logging_mixin.py:188} INFO - [2025-12-21T07:31:04.141+0000] {dag.py:3047} INFO - Sync 1 DAGs
[2025-12-21T07:31:04.167+0000] {logging_mixin.py:188} INFO - [2025-12-21T07:31:04.167+0000] {dag.py:3834} INFO - Setting next_dagrun for example_task_group_decorator to 2025-12-20 00:00:00+00:00, run_after=2025-12-21 00:00:00+00:00
[2025-12-21T07:31:04.192+0000] {processor.py:183} INFO - Processing /home/airflow/.local/lib/python3.8/site-packages/airflow/example_dags/example_task_group_decorator.py took 0.112 seconds
[2025-12-21T07:31:34.365+0000] {processor.py:161} INFO - Started process (PID=415) to work on /home/airflow/.local/lib/python3.8/site-packages/airflow/example_dags/example_task_group_decorator.py
[2025-12-21T07:31:34.366+0000] {processor.py:830} INFO - Processing file /home/airflow/.local/lib/python3.8/site-packages/airflow/example_dags/example_task_group_decorator.py for tasks to queue
[2025-12-21T07:31:34.368+0000] {logging_mixin.py:188} INFO - [2025-12-21T07:31:34.368+0000] {dagbag.py:540} INFO - Filling up the DagBag from /home/airflow/.local/lib/python3.8/site-packages/airflow/example_dags/example_task_group_decorator.py
[2025-12-21T07:31:34.382+0000] {processor.py:840} INFO - DAG(s) 'example_task_group_decorator' retrieved from /home/airflow/.local/lib/python3.8/site-packages/airflow/example_dags/example_task_group_decorator.py
[2025-12-21T07:31:34.407+0000] {logging_mixin.py:188} INFO - [2025-12-21T07:31:34.407+0000] {dag.py:3047} INFO - Sync 1 DAGs
[2025-12-21T07:31:34.428+0000] {logging_mixin.py:188} INFO - [2025-12-21T07:31:34.427+0000] {dag.py:3834} INFO - Setting next_dagrun for example_task_group_decorator to 2025-12-20 00:00:00+00:00, run_after=2025-12-21 00:00:00+00:00
[2025-12-21T07:31:34.446+0000] {processor.py:183} INFO - Processing /home/airflow/.local/lib/python3.8/site-packages/airflow/example_dags/example_task_group_decorator.py took 0.085 seconds
