[2025-12-21T06:58:34.938+0000] {processor.py:161} INFO - Started process (PID=52) to work on /home/airflow/.local/lib/python3.8/site-packages/airflow/example_dags/example_python_decorator.py
[2025-12-21T06:58:34.940+0000] {processor.py:830} INFO - Processing file /home/airflow/.local/lib/python3.8/site-packages/airflow/example_dags/example_python_decorator.py for tasks to queue
[2025-12-21T06:58:34.944+0000] {logging_mixin.py:188} INFO - [2025-12-21T06:58:34.943+0000] {dagbag.py:540} INFO - Filling up the DagBag from /home/airflow/.local/lib/python3.8/site-packages/airflow/example_dags/example_python_decorator.py
[2025-12-21T06:58:34.965+0000] {processor.py:840} INFO - DAG(s) 'example_python_decorator' retrieved from /home/airflow/.local/lib/python3.8/site-packages/airflow/example_dags/example_python_decorator.py
[2025-12-21T06:58:34.986+0000] {logging_mixin.py:188} INFO - [2025-12-21T06:58:34.985+0000] {dag.py:3047} INFO - Sync 1 DAGs
[2025-12-21T06:58:35.007+0000] {logging_mixin.py:188} INFO - [2025-12-21T06:58:35.007+0000] {dag.py:3834} INFO - Setting next_dagrun for example_python_decorator to None, run_after=None
[2025-12-21T06:58:35.041+0000] {processor.py:183} INFO - Processing /home/airflow/.local/lib/python3.8/site-packages/airflow/example_dags/example_python_decorator.py took 0.107 seconds
[2025-12-21T06:58:51.060+0000] {processor.py:161} INFO - Started process (PID=48) to work on /home/airflow/.local/lib/python3.8/site-packages/airflow/example_dags/example_python_decorator.py
[2025-12-21T06:58:51.064+0000] {processor.py:830} INFO - Processing file /home/airflow/.local/lib/python3.8/site-packages/airflow/example_dags/example_python_decorator.py for tasks to queue
[2025-12-21T06:58:51.067+0000] {logging_mixin.py:188} INFO - [2025-12-21T06:58:51.066+0000] {dagbag.py:540} INFO - Filling up the DagBag from /home/airflow/.local/lib/python3.8/site-packages/airflow/example_dags/example_python_decorator.py
[2025-12-21T06:58:51.083+0000] {processor.py:840} INFO - DAG(s) 'example_python_decorator' retrieved from /home/airflow/.local/lib/python3.8/site-packages/airflow/example_dags/example_python_decorator.py
[2025-12-21T06:58:51.191+0000] {logging_mixin.py:188} INFO - [2025-12-21T06:58:51.191+0000] {dag.py:3047} INFO - Sync 1 DAGs
[2025-12-21T06:58:51.212+0000] {logging_mixin.py:188} INFO - [2025-12-21T06:58:51.212+0000] {dag.py:3834} INFO - Setting next_dagrun for example_python_decorator to None, run_after=None
[2025-12-21T06:58:51.244+0000] {processor.py:183} INFO - Processing /home/airflow/.local/lib/python3.8/site-packages/airflow/example_dags/example_python_decorator.py took 0.187 seconds
[2025-12-21T06:59:21.515+0000] {processor.py:161} INFO - Started process (PID=104) to work on /home/airflow/.local/lib/python3.8/site-packages/airflow/example_dags/example_python_decorator.py
[2025-12-21T06:59:21.517+0000] {processor.py:830} INFO - Processing file /home/airflow/.local/lib/python3.8/site-packages/airflow/example_dags/example_python_decorator.py for tasks to queue
[2025-12-21T06:59:21.520+0000] {logging_mixin.py:188} INFO - [2025-12-21T06:59:21.519+0000] {dagbag.py:540} INFO - Filling up the DagBag from /home/airflow/.local/lib/python3.8/site-packages/airflow/example_dags/example_python_decorator.py
[2025-12-21T06:59:21.534+0000] {processor.py:840} INFO - DAG(s) 'example_python_decorator' retrieved from /home/airflow/.local/lib/python3.8/site-packages/airflow/example_dags/example_python_decorator.py
[2025-12-21T06:59:21.560+0000] {logging_mixin.py:188} INFO - [2025-12-21T06:59:21.560+0000] {dag.py:3047} INFO - Sync 1 DAGs
[2025-12-21T06:59:21.574+0000] {logging_mixin.py:188} INFO - [2025-12-21T06:59:21.574+0000] {dag.py:3834} INFO - Setting next_dagrun for example_python_decorator to None, run_after=None
[2025-12-21T06:59:21.593+0000] {processor.py:183} INFO - Processing /home/airflow/.local/lib/python3.8/site-packages/airflow/example_dags/example_python_decorator.py took 0.082 seconds
[2025-12-21T06:59:51.781+0000] {processor.py:161} INFO - Started process (PID=160) to work on /home/airflow/.local/lib/python3.8/site-packages/airflow/example_dags/example_python_decorator.py
[2025-12-21T06:59:51.783+0000] {processor.py:830} INFO - Processing file /home/airflow/.local/lib/python3.8/site-packages/airflow/example_dags/example_python_decorator.py for tasks to queue
[2025-12-21T06:59:51.786+0000] {logging_mixin.py:188} INFO - [2025-12-21T06:59:51.785+0000] {dagbag.py:540} INFO - Filling up the DagBag from /home/airflow/.local/lib/python3.8/site-packages/airflow/example_dags/example_python_decorator.py
[2025-12-21T06:59:51.802+0000] {processor.py:840} INFO - DAG(s) 'example_python_decorator' retrieved from /home/airflow/.local/lib/python3.8/site-packages/airflow/example_dags/example_python_decorator.py
[2025-12-21T06:59:51.830+0000] {logging_mixin.py:188} INFO - [2025-12-21T06:59:51.830+0000] {dag.py:3047} INFO - Sync 1 DAGs
[2025-12-21T06:59:51.844+0000] {logging_mixin.py:188} INFO - [2025-12-21T06:59:51.844+0000] {dag.py:3834} INFO - Setting next_dagrun for example_python_decorator to None, run_after=None
[2025-12-21T06:59:51.868+0000] {processor.py:183} INFO - Processing /home/airflow/.local/lib/python3.8/site-packages/airflow/example_dags/example_python_decorator.py took 0.092 seconds
[2025-12-21T07:00:22.121+0000] {processor.py:161} INFO - Started process (PID=216) to work on /home/airflow/.local/lib/python3.8/site-packages/airflow/example_dags/example_python_decorator.py
[2025-12-21T07:00:22.122+0000] {processor.py:830} INFO - Processing file /home/airflow/.local/lib/python3.8/site-packages/airflow/example_dags/example_python_decorator.py for tasks to queue
[2025-12-21T07:00:22.124+0000] {logging_mixin.py:188} INFO - [2025-12-21T07:00:22.124+0000] {dagbag.py:540} INFO - Filling up the DagBag from /home/airflow/.local/lib/python3.8/site-packages/airflow/example_dags/example_python_decorator.py
[2025-12-21T07:00:22.139+0000] {processor.py:840} INFO - DAG(s) 'example_python_decorator' retrieved from /home/airflow/.local/lib/python3.8/site-packages/airflow/example_dags/example_python_decorator.py
[2025-12-21T07:00:22.162+0000] {logging_mixin.py:188} INFO - [2025-12-21T07:00:22.162+0000] {dag.py:3047} INFO - Sync 1 DAGs
[2025-12-21T07:00:22.178+0000] {logging_mixin.py:188} INFO - [2025-12-21T07:00:22.178+0000] {dag.py:3834} INFO - Setting next_dagrun for example_python_decorator to None, run_after=None
[2025-12-21T07:00:22.206+0000] {processor.py:183} INFO - Processing /home/airflow/.local/lib/python3.8/site-packages/airflow/example_dags/example_python_decorator.py took 0.089 seconds
[2025-12-21T07:00:52.454+0000] {processor.py:161} INFO - Started process (PID=272) to work on /home/airflow/.local/lib/python3.8/site-packages/airflow/example_dags/example_python_decorator.py
[2025-12-21T07:00:52.457+0000] {processor.py:830} INFO - Processing file /home/airflow/.local/lib/python3.8/site-packages/airflow/example_dags/example_python_decorator.py for tasks to queue
[2025-12-21T07:00:52.464+0000] {logging_mixin.py:188} INFO - [2025-12-21T07:00:52.464+0000] {dagbag.py:540} INFO - Filling up the DagBag from /home/airflow/.local/lib/python3.8/site-packages/airflow/example_dags/example_python_decorator.py
[2025-12-21T07:00:52.484+0000] {processor.py:840} INFO - DAG(s) 'example_python_decorator' retrieved from /home/airflow/.local/lib/python3.8/site-packages/airflow/example_dags/example_python_decorator.py
[2025-12-21T07:00:52.509+0000] {logging_mixin.py:188} INFO - [2025-12-21T07:00:52.508+0000] {dag.py:3047} INFO - Sync 1 DAGs
[2025-12-21T07:00:52.525+0000] {logging_mixin.py:188} INFO - [2025-12-21T07:00:52.525+0000] {dag.py:3834} INFO - Setting next_dagrun for example_python_decorator to None, run_after=None
[2025-12-21T07:00:52.562+0000] {processor.py:183} INFO - Processing /home/airflow/.local/lib/python3.8/site-packages/airflow/example_dags/example_python_decorator.py took 0.113 seconds
[2025-12-21T07:01:22.687+0000] {processor.py:161} INFO - Started process (PID=328) to work on /home/airflow/.local/lib/python3.8/site-packages/airflow/example_dags/example_python_decorator.py
[2025-12-21T07:01:22.689+0000] {processor.py:830} INFO - Processing file /home/airflow/.local/lib/python3.8/site-packages/airflow/example_dags/example_python_decorator.py for tasks to queue
[2025-12-21T07:01:22.692+0000] {logging_mixin.py:188} INFO - [2025-12-21T07:01:22.691+0000] {dagbag.py:540} INFO - Filling up the DagBag from /home/airflow/.local/lib/python3.8/site-packages/airflow/example_dags/example_python_decorator.py
[2025-12-21T07:01:22.706+0000] {processor.py:840} INFO - DAG(s) 'example_python_decorator' retrieved from /home/airflow/.local/lib/python3.8/site-packages/airflow/example_dags/example_python_decorator.py
[2025-12-21T07:01:22.733+0000] {logging_mixin.py:188} INFO - [2025-12-21T07:01:22.733+0000] {dag.py:3047} INFO - Sync 1 DAGs
[2025-12-21T07:01:22.748+0000] {logging_mixin.py:188} INFO - [2025-12-21T07:01:22.747+0000] {dag.py:3834} INFO - Setting next_dagrun for example_python_decorator to None, run_after=None
[2025-12-21T07:01:22.770+0000] {processor.py:183} INFO - Processing /home/airflow/.local/lib/python3.8/site-packages/airflow/example_dags/example_python_decorator.py took 0.087 seconds
[2025-12-21T07:01:53.073+0000] {processor.py:161} INFO - Started process (PID=384) to work on /home/airflow/.local/lib/python3.8/site-packages/airflow/example_dags/example_python_decorator.py
[2025-12-21T07:01:53.075+0000] {processor.py:830} INFO - Processing file /home/airflow/.local/lib/python3.8/site-packages/airflow/example_dags/example_python_decorator.py for tasks to queue
[2025-12-21T07:01:53.077+0000] {logging_mixin.py:188} INFO - [2025-12-21T07:01:53.077+0000] {dagbag.py:540} INFO - Filling up the DagBag from /home/airflow/.local/lib/python3.8/site-packages/airflow/example_dags/example_python_decorator.py
[2025-12-21T07:01:53.093+0000] {processor.py:840} INFO - DAG(s) 'example_python_decorator' retrieved from /home/airflow/.local/lib/python3.8/site-packages/airflow/example_dags/example_python_decorator.py
[2025-12-21T07:01:53.119+0000] {logging_mixin.py:188} INFO - [2025-12-21T07:01:53.118+0000] {dag.py:3047} INFO - Sync 1 DAGs
[2025-12-21T07:01:53.133+0000] {logging_mixin.py:188} INFO - [2025-12-21T07:01:53.133+0000] {dag.py:3834} INFO - Setting next_dagrun for example_python_decorator to None, run_after=None
[2025-12-21T07:01:53.159+0000] {processor.py:183} INFO - Processing /home/airflow/.local/lib/python3.8/site-packages/airflow/example_dags/example_python_decorator.py took 0.090 seconds
[2025-12-21T07:02:23.440+0000] {processor.py:161} INFO - Started process (PID=440) to work on /home/airflow/.local/lib/python3.8/site-packages/airflow/example_dags/example_python_decorator.py
[2025-12-21T07:02:23.442+0000] {processor.py:830} INFO - Processing file /home/airflow/.local/lib/python3.8/site-packages/airflow/example_dags/example_python_decorator.py for tasks to queue
[2025-12-21T07:02:23.444+0000] {logging_mixin.py:188} INFO - [2025-12-21T07:02:23.444+0000] {dagbag.py:540} INFO - Filling up the DagBag from /home/airflow/.local/lib/python3.8/site-packages/airflow/example_dags/example_python_decorator.py
[2025-12-21T07:02:23.460+0000] {processor.py:840} INFO - DAG(s) 'example_python_decorator' retrieved from /home/airflow/.local/lib/python3.8/site-packages/airflow/example_dags/example_python_decorator.py
[2025-12-21T07:02:23.487+0000] {logging_mixin.py:188} INFO - [2025-12-21T07:02:23.487+0000] {dag.py:3047} INFO - Sync 1 DAGs
[2025-12-21T07:02:23.500+0000] {logging_mixin.py:188} INFO - [2025-12-21T07:02:23.500+0000] {dag.py:3834} INFO - Setting next_dagrun for example_python_decorator to None, run_after=None
[2025-12-21T07:02:23.520+0000] {processor.py:183} INFO - Processing /home/airflow/.local/lib/python3.8/site-packages/airflow/example_dags/example_python_decorator.py took 0.083 seconds
[2025-12-21T07:02:53.771+0000] {processor.py:161} INFO - Started process (PID=496) to work on /home/airflow/.local/lib/python3.8/site-packages/airflow/example_dags/example_python_decorator.py
[2025-12-21T07:02:53.773+0000] {processor.py:830} INFO - Processing file /home/airflow/.local/lib/python3.8/site-packages/airflow/example_dags/example_python_decorator.py for tasks to queue
[2025-12-21T07:02:53.778+0000] {logging_mixin.py:188} INFO - [2025-12-21T07:02:53.777+0000] {dagbag.py:540} INFO - Filling up the DagBag from /home/airflow/.local/lib/python3.8/site-packages/airflow/example_dags/example_python_decorator.py
[2025-12-21T07:02:53.792+0000] {processor.py:840} INFO - DAG(s) 'example_python_decorator' retrieved from /home/airflow/.local/lib/python3.8/site-packages/airflow/example_dags/example_python_decorator.py
[2025-12-21T07:02:53.820+0000] {logging_mixin.py:188} INFO - [2025-12-21T07:02:53.820+0000] {dag.py:3047} INFO - Sync 1 DAGs
[2025-12-21T07:02:53.836+0000] {logging_mixin.py:188} INFO - [2025-12-21T07:02:53.835+0000] {dag.py:3834} INFO - Setting next_dagrun for example_python_decorator to None, run_after=None
[2025-12-21T07:02:53.859+0000] {processor.py:183} INFO - Processing /home/airflow/.local/lib/python3.8/site-packages/airflow/example_dags/example_python_decorator.py took 0.092 seconds
[2025-12-21T07:03:24.123+0000] {processor.py:161} INFO - Started process (PID=552) to work on /home/airflow/.local/lib/python3.8/site-packages/airflow/example_dags/example_python_decorator.py
[2025-12-21T07:03:24.125+0000] {processor.py:830} INFO - Processing file /home/airflow/.local/lib/python3.8/site-packages/airflow/example_dags/example_python_decorator.py for tasks to queue
[2025-12-21T07:03:24.128+0000] {logging_mixin.py:188} INFO - [2025-12-21T07:03:24.127+0000] {dagbag.py:540} INFO - Filling up the DagBag from /home/airflow/.local/lib/python3.8/site-packages/airflow/example_dags/example_python_decorator.py
[2025-12-21T07:03:24.148+0000] {processor.py:840} INFO - DAG(s) 'example_python_decorator' retrieved from /home/airflow/.local/lib/python3.8/site-packages/airflow/example_dags/example_python_decorator.py
[2025-12-21T07:03:24.183+0000] {logging_mixin.py:188} INFO - [2025-12-21T07:03:24.182+0000] {dag.py:3047} INFO - Sync 1 DAGs
[2025-12-21T07:03:24.202+0000] {logging_mixin.py:188} INFO - [2025-12-21T07:03:24.202+0000] {dag.py:3834} INFO - Setting next_dagrun for example_python_decorator to None, run_after=None
[2025-12-21T07:03:24.230+0000] {processor.py:183} INFO - Processing /home/airflow/.local/lib/python3.8/site-packages/airflow/example_dags/example_python_decorator.py took 0.112 seconds
[2025-12-21T07:03:54.962+0000] {processor.py:161} INFO - Started process (PID=608) to work on /home/airflow/.local/lib/python3.8/site-packages/airflow/example_dags/example_python_decorator.py
[2025-12-21T07:03:54.964+0000] {processor.py:830} INFO - Processing file /home/airflow/.local/lib/python3.8/site-packages/airflow/example_dags/example_python_decorator.py for tasks to queue
[2025-12-21T07:03:54.967+0000] {logging_mixin.py:188} INFO - [2025-12-21T07:03:54.966+0000] {dagbag.py:540} INFO - Filling up the DagBag from /home/airflow/.local/lib/python3.8/site-packages/airflow/example_dags/example_python_decorator.py
[2025-12-21T07:03:54.982+0000] {processor.py:840} INFO - DAG(s) 'example_python_decorator' retrieved from /home/airflow/.local/lib/python3.8/site-packages/airflow/example_dags/example_python_decorator.py
[2025-12-21T07:03:55.011+0000] {logging_mixin.py:188} INFO - [2025-12-21T07:03:55.011+0000] {dag.py:3047} INFO - Sync 1 DAGs
[2025-12-21T07:03:55.025+0000] {logging_mixin.py:188} INFO - [2025-12-21T07:03:55.025+0000] {dag.py:3834} INFO - Setting next_dagrun for example_python_decorator to None, run_after=None
[2025-12-21T07:03:55.048+0000] {processor.py:183} INFO - Processing /home/airflow/.local/lib/python3.8/site-packages/airflow/example_dags/example_python_decorator.py took 0.090 seconds
[2025-12-21T07:04:25.766+0000] {processor.py:161} INFO - Started process (PID=664) to work on /home/airflow/.local/lib/python3.8/site-packages/airflow/example_dags/example_python_decorator.py
[2025-12-21T07:04:25.768+0000] {processor.py:830} INFO - Processing file /home/airflow/.local/lib/python3.8/site-packages/airflow/example_dags/example_python_decorator.py for tasks to queue
[2025-12-21T07:04:25.772+0000] {logging_mixin.py:188} INFO - [2025-12-21T07:04:25.771+0000] {dagbag.py:540} INFO - Filling up the DagBag from /home/airflow/.local/lib/python3.8/site-packages/airflow/example_dags/example_python_decorator.py
[2025-12-21T07:04:25.795+0000] {processor.py:840} INFO - DAG(s) 'example_python_decorator' retrieved from /home/airflow/.local/lib/python3.8/site-packages/airflow/example_dags/example_python_decorator.py
[2025-12-21T07:04:25.822+0000] {logging_mixin.py:188} INFO - [2025-12-21T07:04:25.822+0000] {dag.py:3047} INFO - Sync 1 DAGs
[2025-12-21T07:04:25.839+0000] {logging_mixin.py:188} INFO - [2025-12-21T07:04:25.839+0000] {dag.py:3834} INFO - Setting next_dagrun for example_python_decorator to None, run_after=None
[2025-12-21T07:04:25.862+0000] {processor.py:183} INFO - Processing /home/airflow/.local/lib/python3.8/site-packages/airflow/example_dags/example_python_decorator.py took 0.101 seconds
[2025-12-21T07:04:56.064+0000] {processor.py:161} INFO - Started process (PID=720) to work on /home/airflow/.local/lib/python3.8/site-packages/airflow/example_dags/example_python_decorator.py
[2025-12-21T07:04:56.066+0000] {processor.py:830} INFO - Processing file /home/airflow/.local/lib/python3.8/site-packages/airflow/example_dags/example_python_decorator.py for tasks to queue
[2025-12-21T07:04:56.069+0000] {logging_mixin.py:188} INFO - [2025-12-21T07:04:56.068+0000] {dagbag.py:540} INFO - Filling up the DagBag from /home/airflow/.local/lib/python3.8/site-packages/airflow/example_dags/example_python_decorator.py
[2025-12-21T07:04:56.082+0000] {processor.py:840} INFO - DAG(s) 'example_python_decorator' retrieved from /home/airflow/.local/lib/python3.8/site-packages/airflow/example_dags/example_python_decorator.py
[2025-12-21T07:04:56.108+0000] {logging_mixin.py:188} INFO - [2025-12-21T07:04:56.108+0000] {dag.py:3047} INFO - Sync 1 DAGs
[2025-12-21T07:04:56.121+0000] {logging_mixin.py:188} INFO - [2025-12-21T07:04:56.121+0000] {dag.py:3834} INFO - Setting next_dagrun for example_python_decorator to None, run_after=None
[2025-12-21T07:04:56.145+0000] {processor.py:183} INFO - Processing /home/airflow/.local/lib/python3.8/site-packages/airflow/example_dags/example_python_decorator.py took 0.084 seconds
[2025-12-21T07:05:26.471+0000] {processor.py:161} INFO - Started process (PID=776) to work on /home/airflow/.local/lib/python3.8/site-packages/airflow/example_dags/example_python_decorator.py
[2025-12-21T07:05:26.474+0000] {processor.py:830} INFO - Processing file /home/airflow/.local/lib/python3.8/site-packages/airflow/example_dags/example_python_decorator.py for tasks to queue
[2025-12-21T07:05:26.477+0000] {logging_mixin.py:188} INFO - [2025-12-21T07:05:26.477+0000] {dagbag.py:540} INFO - Filling up the DagBag from /home/airflow/.local/lib/python3.8/site-packages/airflow/example_dags/example_python_decorator.py
[2025-12-21T07:05:26.495+0000] {processor.py:840} INFO - DAG(s) 'example_python_decorator' retrieved from /home/airflow/.local/lib/python3.8/site-packages/airflow/example_dags/example_python_decorator.py
[2025-12-21T07:05:26.523+0000] {logging_mixin.py:188} INFO - [2025-12-21T07:05:26.523+0000] {dag.py:3047} INFO - Sync 1 DAGs
[2025-12-21T07:05:26.537+0000] {logging_mixin.py:188} INFO - [2025-12-21T07:05:26.537+0000] {dag.py:3834} INFO - Setting next_dagrun for example_python_decorator to None, run_after=None
[2025-12-21T07:05:26.563+0000] {processor.py:183} INFO - Processing /home/airflow/.local/lib/python3.8/site-packages/airflow/example_dags/example_python_decorator.py took 0.096 seconds
[2025-12-21T07:05:56.752+0000] {processor.py:161} INFO - Started process (PID=832) to work on /home/airflow/.local/lib/python3.8/site-packages/airflow/example_dags/example_python_decorator.py
[2025-12-21T07:05:56.753+0000] {processor.py:830} INFO - Processing file /home/airflow/.local/lib/python3.8/site-packages/airflow/example_dags/example_python_decorator.py for tasks to queue
[2025-12-21T07:05:56.757+0000] {logging_mixin.py:188} INFO - [2025-12-21T07:05:56.757+0000] {dagbag.py:540} INFO - Filling up the DagBag from /home/airflow/.local/lib/python3.8/site-packages/airflow/example_dags/example_python_decorator.py
[2025-12-21T07:05:56.772+0000] {processor.py:840} INFO - DAG(s) 'example_python_decorator' retrieved from /home/airflow/.local/lib/python3.8/site-packages/airflow/example_dags/example_python_decorator.py
[2025-12-21T07:05:56.800+0000] {logging_mixin.py:188} INFO - [2025-12-21T07:05:56.800+0000] {dag.py:3047} INFO - Sync 1 DAGs
[2025-12-21T07:05:56.812+0000] {logging_mixin.py:188} INFO - [2025-12-21T07:05:56.811+0000] {dag.py:3834} INFO - Setting next_dagrun for example_python_decorator to None, run_after=None
[2025-12-21T07:05:56.832+0000] {processor.py:183} INFO - Processing /home/airflow/.local/lib/python3.8/site-packages/airflow/example_dags/example_python_decorator.py took 0.086 seconds
[2025-12-21T07:06:27.050+0000] {processor.py:161} INFO - Started process (PID=888) to work on /home/airflow/.local/lib/python3.8/site-packages/airflow/example_dags/example_python_decorator.py
[2025-12-21T07:06:27.052+0000] {processor.py:830} INFO - Processing file /home/airflow/.local/lib/python3.8/site-packages/airflow/example_dags/example_python_decorator.py for tasks to queue
[2025-12-21T07:06:27.054+0000] {logging_mixin.py:188} INFO - [2025-12-21T07:06:27.054+0000] {dagbag.py:540} INFO - Filling up the DagBag from /home/airflow/.local/lib/python3.8/site-packages/airflow/example_dags/example_python_decorator.py
[2025-12-21T07:06:27.068+0000] {processor.py:840} INFO - DAG(s) 'example_python_decorator' retrieved from /home/airflow/.local/lib/python3.8/site-packages/airflow/example_dags/example_python_decorator.py
[2025-12-21T07:06:27.095+0000] {logging_mixin.py:188} INFO - [2025-12-21T07:06:27.095+0000] {dag.py:3047} INFO - Sync 1 DAGs
[2025-12-21T07:06:27.108+0000] {logging_mixin.py:188} INFO - [2025-12-21T07:06:27.108+0000] {dag.py:3834} INFO - Setting next_dagrun for example_python_decorator to None, run_after=None
[2025-12-21T07:06:27.132+0000] {processor.py:183} INFO - Processing /home/airflow/.local/lib/python3.8/site-packages/airflow/example_dags/example_python_decorator.py took 0.087 seconds
[2025-12-21T07:06:57.397+0000] {processor.py:161} INFO - Started process (PID=944) to work on /home/airflow/.local/lib/python3.8/site-packages/airflow/example_dags/example_python_decorator.py
[2025-12-21T07:06:57.398+0000] {processor.py:830} INFO - Processing file /home/airflow/.local/lib/python3.8/site-packages/airflow/example_dags/example_python_decorator.py for tasks to queue
[2025-12-21T07:06:57.401+0000] {logging_mixin.py:188} INFO - [2025-12-21T07:06:57.401+0000] {dagbag.py:540} INFO - Filling up the DagBag from /home/airflow/.local/lib/python3.8/site-packages/airflow/example_dags/example_python_decorator.py
[2025-12-21T07:06:57.415+0000] {processor.py:840} INFO - DAG(s) 'example_python_decorator' retrieved from /home/airflow/.local/lib/python3.8/site-packages/airflow/example_dags/example_python_decorator.py
[2025-12-21T07:06:57.437+0000] {logging_mixin.py:188} INFO - [2025-12-21T07:06:57.437+0000] {dag.py:3047} INFO - Sync 1 DAGs
[2025-12-21T07:06:57.451+0000] {logging_mixin.py:188} INFO - [2025-12-21T07:06:57.450+0000] {dag.py:3834} INFO - Setting next_dagrun for example_python_decorator to None, run_after=None
[2025-12-21T07:06:57.472+0000] {processor.py:183} INFO - Processing /home/airflow/.local/lib/python3.8/site-packages/airflow/example_dags/example_python_decorator.py took 0.079 seconds
[2025-12-21T07:07:27.979+0000] {processor.py:161} INFO - Started process (PID=1000) to work on /home/airflow/.local/lib/python3.8/site-packages/airflow/example_dags/example_python_decorator.py
[2025-12-21T07:07:27.980+0000] {processor.py:830} INFO - Processing file /home/airflow/.local/lib/python3.8/site-packages/airflow/example_dags/example_python_decorator.py for tasks to queue
[2025-12-21T07:07:27.982+0000] {logging_mixin.py:188} INFO - [2025-12-21T07:07:27.982+0000] {dagbag.py:540} INFO - Filling up the DagBag from /home/airflow/.local/lib/python3.8/site-packages/airflow/example_dags/example_python_decorator.py
[2025-12-21T07:07:27.996+0000] {processor.py:840} INFO - DAG(s) 'example_python_decorator' retrieved from /home/airflow/.local/lib/python3.8/site-packages/airflow/example_dags/example_python_decorator.py
[2025-12-21T07:07:28.022+0000] {logging_mixin.py:188} INFO - [2025-12-21T07:07:28.022+0000] {dag.py:3047} INFO - Sync 1 DAGs
[2025-12-21T07:07:28.037+0000] {logging_mixin.py:188} INFO - [2025-12-21T07:07:28.037+0000] {dag.py:3834} INFO - Setting next_dagrun for example_python_decorator to None, run_after=None
[2025-12-21T07:07:28.060+0000] {processor.py:183} INFO - Processing /home/airflow/.local/lib/python3.8/site-packages/airflow/example_dags/example_python_decorator.py took 0.084 seconds
[2025-12-21T07:07:58.619+0000] {processor.py:161} INFO - Started process (PID=1056) to work on /home/airflow/.local/lib/python3.8/site-packages/airflow/example_dags/example_python_decorator.py
[2025-12-21T07:07:58.621+0000] {processor.py:830} INFO - Processing file /home/airflow/.local/lib/python3.8/site-packages/airflow/example_dags/example_python_decorator.py for tasks to queue
[2025-12-21T07:07:58.623+0000] {logging_mixin.py:188} INFO - [2025-12-21T07:07:58.623+0000] {dagbag.py:540} INFO - Filling up the DagBag from /home/airflow/.local/lib/python3.8/site-packages/airflow/example_dags/example_python_decorator.py
[2025-12-21T07:07:58.642+0000] {processor.py:840} INFO - DAG(s) 'example_python_decorator' retrieved from /home/airflow/.local/lib/python3.8/site-packages/airflow/example_dags/example_python_decorator.py
[2025-12-21T07:07:58.671+0000] {logging_mixin.py:188} INFO - [2025-12-21T07:07:58.671+0000] {dag.py:3047} INFO - Sync 1 DAGs
[2025-12-21T07:07:58.685+0000] {logging_mixin.py:188} INFO - [2025-12-21T07:07:58.685+0000] {dag.py:3834} INFO - Setting next_dagrun for example_python_decorator to None, run_after=None
[2025-12-21T07:07:58.710+0000] {processor.py:183} INFO - Processing /home/airflow/.local/lib/python3.8/site-packages/airflow/example_dags/example_python_decorator.py took 0.095 seconds
[2025-12-21T07:08:28.898+0000] {processor.py:161} INFO - Started process (PID=1112) to work on /home/airflow/.local/lib/python3.8/site-packages/airflow/example_dags/example_python_decorator.py
[2025-12-21T07:08:28.901+0000] {processor.py:830} INFO - Processing file /home/airflow/.local/lib/python3.8/site-packages/airflow/example_dags/example_python_decorator.py for tasks to queue
[2025-12-21T07:08:28.906+0000] {logging_mixin.py:188} INFO - [2025-12-21T07:08:28.905+0000] {dagbag.py:540} INFO - Filling up the DagBag from /home/airflow/.local/lib/python3.8/site-packages/airflow/example_dags/example_python_decorator.py
[2025-12-21T07:08:28.928+0000] {processor.py:840} INFO - DAG(s) 'example_python_decorator' retrieved from /home/airflow/.local/lib/python3.8/site-packages/airflow/example_dags/example_python_decorator.py
[2025-12-21T07:08:28.963+0000] {logging_mixin.py:188} INFO - [2025-12-21T07:08:28.963+0000] {dag.py:3047} INFO - Sync 1 DAGs
[2025-12-21T07:08:28.982+0000] {logging_mixin.py:188} INFO - [2025-12-21T07:08:28.981+0000] {dag.py:3834} INFO - Setting next_dagrun for example_python_decorator to None, run_after=None
[2025-12-21T07:08:29.014+0000] {processor.py:183} INFO - Processing /home/airflow/.local/lib/python3.8/site-packages/airflow/example_dags/example_python_decorator.py took 0.122 seconds
[2025-12-21T07:11:41.558+0000] {processor.py:161} INFO - Started process (PID=54) to work on /home/airflow/.local/lib/python3.8/site-packages/airflow/example_dags/example_python_decorator.py
[2025-12-21T07:11:41.560+0000] {processor.py:830} INFO - Processing file /home/airflow/.local/lib/python3.8/site-packages/airflow/example_dags/example_python_decorator.py for tasks to queue
[2025-12-21T07:11:41.564+0000] {logging_mixin.py:188} INFO - [2025-12-21T07:11:41.563+0000] {dagbag.py:540} INFO - Filling up the DagBag from /home/airflow/.local/lib/python3.8/site-packages/airflow/example_dags/example_python_decorator.py
[2025-12-21T07:11:41.595+0000] {processor.py:840} INFO - DAG(s) 'example_python_decorator' retrieved from /home/airflow/.local/lib/python3.8/site-packages/airflow/example_dags/example_python_decorator.py
[2025-12-21T07:11:41.618+0000] {logging_mixin.py:188} INFO - [2025-12-21T07:11:41.618+0000] {dag.py:3047} INFO - Sync 1 DAGs
[2025-12-21T07:11:41.634+0000] {logging_mixin.py:188} INFO - [2025-12-21T07:11:41.634+0000] {dag.py:3834} INFO - Setting next_dagrun for example_python_decorator to None, run_after=None
[2025-12-21T07:11:41.664+0000] {processor.py:183} INFO - Processing /home/airflow/.local/lib/python3.8/site-packages/airflow/example_dags/example_python_decorator.py took 0.116 seconds
[2025-12-21T07:12:12.547+0000] {processor.py:161} INFO - Started process (PID=109) to work on /home/airflow/.local/lib/python3.8/site-packages/airflow/example_dags/example_python_decorator.py
[2025-12-21T07:12:12.548+0000] {processor.py:830} INFO - Processing file /home/airflow/.local/lib/python3.8/site-packages/airflow/example_dags/example_python_decorator.py for tasks to queue
[2025-12-21T07:12:12.551+0000] {logging_mixin.py:188} INFO - [2025-12-21T07:12:12.551+0000] {dagbag.py:540} INFO - Filling up the DagBag from /home/airflow/.local/lib/python3.8/site-packages/airflow/example_dags/example_python_decorator.py
[2025-12-21T07:12:12.573+0000] {processor.py:840} INFO - DAG(s) 'example_python_decorator' retrieved from /home/airflow/.local/lib/python3.8/site-packages/airflow/example_dags/example_python_decorator.py
[2025-12-21T07:12:12.711+0000] {logging_mixin.py:188} INFO - [2025-12-21T07:12:12.711+0000] {dag.py:3047} INFO - Sync 1 DAGs
[2025-12-21T07:12:12.724+0000] {logging_mixin.py:188} INFO - [2025-12-21T07:12:12.724+0000] {dag.py:3834} INFO - Setting next_dagrun for example_python_decorator to None, run_after=None
[2025-12-21T07:12:12.752+0000] {processor.py:183} INFO - Processing /home/airflow/.local/lib/python3.8/site-packages/airflow/example_dags/example_python_decorator.py took 0.210 seconds
[2025-12-21T07:12:42.850+0000] {processor.py:161} INFO - Started process (PID=165) to work on /home/airflow/.local/lib/python3.8/site-packages/airflow/example_dags/example_python_decorator.py
[2025-12-21T07:12:42.852+0000] {processor.py:830} INFO - Processing file /home/airflow/.local/lib/python3.8/site-packages/airflow/example_dags/example_python_decorator.py for tasks to queue
[2025-12-21T07:12:42.860+0000] {logging_mixin.py:188} INFO - [2025-12-21T07:12:42.860+0000] {dagbag.py:540} INFO - Filling up the DagBag from /home/airflow/.local/lib/python3.8/site-packages/airflow/example_dags/example_python_decorator.py
[2025-12-21T07:12:42.874+0000] {processor.py:840} INFO - DAG(s) 'example_python_decorator' retrieved from /home/airflow/.local/lib/python3.8/site-packages/airflow/example_dags/example_python_decorator.py
[2025-12-21T07:12:42.901+0000] {logging_mixin.py:188} INFO - [2025-12-21T07:12:42.901+0000] {dag.py:3047} INFO - Sync 1 DAGs
[2025-12-21T07:12:42.913+0000] {logging_mixin.py:188} INFO - [2025-12-21T07:12:42.913+0000] {dag.py:3834} INFO - Setting next_dagrun for example_python_decorator to None, run_after=None
[2025-12-21T07:12:42.936+0000] {processor.py:183} INFO - Processing /home/airflow/.local/lib/python3.8/site-packages/airflow/example_dags/example_python_decorator.py took 0.090 seconds
[2025-12-21T07:13:13.685+0000] {processor.py:161} INFO - Started process (PID=221) to work on /home/airflow/.local/lib/python3.8/site-packages/airflow/example_dags/example_python_decorator.py
[2025-12-21T07:13:13.687+0000] {processor.py:830} INFO - Processing file /home/airflow/.local/lib/python3.8/site-packages/airflow/example_dags/example_python_decorator.py for tasks to queue
[2025-12-21T07:13:13.689+0000] {logging_mixin.py:188} INFO - [2025-12-21T07:13:13.689+0000] {dagbag.py:540} INFO - Filling up the DagBag from /home/airflow/.local/lib/python3.8/site-packages/airflow/example_dags/example_python_decorator.py
[2025-12-21T07:13:13.705+0000] {processor.py:840} INFO - DAG(s) 'example_python_decorator' retrieved from /home/airflow/.local/lib/python3.8/site-packages/airflow/example_dags/example_python_decorator.py
[2025-12-21T07:13:13.729+0000] {logging_mixin.py:188} INFO - [2025-12-21T07:13:13.729+0000] {dag.py:3047} INFO - Sync 1 DAGs
[2025-12-21T07:13:13.742+0000] {logging_mixin.py:188} INFO - [2025-12-21T07:13:13.742+0000] {dag.py:3834} INFO - Setting next_dagrun for example_python_decorator to None, run_after=None
[2025-12-21T07:13:13.764+0000] {processor.py:183} INFO - Processing /home/airflow/.local/lib/python3.8/site-packages/airflow/example_dags/example_python_decorator.py took 0.082 seconds
[2025-12-21T07:13:44.561+0000] {processor.py:161} INFO - Started process (PID=283) to work on /home/airflow/.local/lib/python3.8/site-packages/airflow/example_dags/example_python_decorator.py
[2025-12-21T07:13:44.562+0000] {processor.py:830} INFO - Processing file /home/airflow/.local/lib/python3.8/site-packages/airflow/example_dags/example_python_decorator.py for tasks to queue
[2025-12-21T07:13:44.565+0000] {logging_mixin.py:188} INFO - [2025-12-21T07:13:44.565+0000] {dagbag.py:540} INFO - Filling up the DagBag from /home/airflow/.local/lib/python3.8/site-packages/airflow/example_dags/example_python_decorator.py
[2025-12-21T07:13:44.581+0000] {processor.py:840} INFO - DAG(s) 'example_python_decorator' retrieved from /home/airflow/.local/lib/python3.8/site-packages/airflow/example_dags/example_python_decorator.py
[2025-12-21T07:13:44.606+0000] {logging_mixin.py:188} INFO - [2025-12-21T07:13:44.606+0000] {dag.py:3047} INFO - Sync 1 DAGs
[2025-12-21T07:13:44.619+0000] {logging_mixin.py:188} INFO - [2025-12-21T07:13:44.619+0000] {dag.py:3834} INFO - Setting next_dagrun for example_python_decorator to None, run_after=None
[2025-12-21T07:13:44.642+0000] {processor.py:183} INFO - Processing /home/airflow/.local/lib/python3.8/site-packages/airflow/example_dags/example_python_decorator.py took 0.084 seconds
[2025-12-21T07:14:15.394+0000] {processor.py:161} INFO - Started process (PID=339) to work on /home/airflow/.local/lib/python3.8/site-packages/airflow/example_dags/example_python_decorator.py
[2025-12-21T07:14:15.395+0000] {processor.py:830} INFO - Processing file /home/airflow/.local/lib/python3.8/site-packages/airflow/example_dags/example_python_decorator.py for tasks to queue
[2025-12-21T07:14:15.398+0000] {logging_mixin.py:188} INFO - [2025-12-21T07:14:15.397+0000] {dagbag.py:540} INFO - Filling up the DagBag from /home/airflow/.local/lib/python3.8/site-packages/airflow/example_dags/example_python_decorator.py
[2025-12-21T07:14:15.410+0000] {processor.py:840} INFO - DAG(s) 'example_python_decorator' retrieved from /home/airflow/.local/lib/python3.8/site-packages/airflow/example_dags/example_python_decorator.py
[2025-12-21T07:14:15.434+0000] {logging_mixin.py:188} INFO - [2025-12-21T07:14:15.434+0000] {dag.py:3047} INFO - Sync 1 DAGs
[2025-12-21T07:14:15.445+0000] {logging_mixin.py:188} INFO - [2025-12-21T07:14:15.445+0000] {dag.py:3834} INFO - Setting next_dagrun for example_python_decorator to None, run_after=None
[2025-12-21T07:14:15.465+0000] {processor.py:183} INFO - Processing /home/airflow/.local/lib/python3.8/site-packages/airflow/example_dags/example_python_decorator.py took 0.075 seconds
[2025-12-21T07:14:46.008+0000] {processor.py:161} INFO - Started process (PID=395) to work on /home/airflow/.local/lib/python3.8/site-packages/airflow/example_dags/example_python_decorator.py
[2025-12-21T07:14:46.010+0000] {processor.py:830} INFO - Processing file /home/airflow/.local/lib/python3.8/site-packages/airflow/example_dags/example_python_decorator.py for tasks to queue
[2025-12-21T07:14:46.014+0000] {logging_mixin.py:188} INFO - [2025-12-21T07:14:46.013+0000] {dagbag.py:540} INFO - Filling up the DagBag from /home/airflow/.local/lib/python3.8/site-packages/airflow/example_dags/example_python_decorator.py
[2025-12-21T07:14:46.031+0000] {processor.py:840} INFO - DAG(s) 'example_python_decorator' retrieved from /home/airflow/.local/lib/python3.8/site-packages/airflow/example_dags/example_python_decorator.py
[2025-12-21T07:14:46.064+0000] {logging_mixin.py:188} INFO - [2025-12-21T07:14:46.064+0000] {dag.py:3047} INFO - Sync 1 DAGs
[2025-12-21T07:14:46.081+0000] {logging_mixin.py:188} INFO - [2025-12-21T07:14:46.081+0000] {dag.py:3834} INFO - Setting next_dagrun for example_python_decorator to None, run_after=None
[2025-12-21T07:14:46.110+0000] {processor.py:183} INFO - Processing /home/airflow/.local/lib/python3.8/site-packages/airflow/example_dags/example_python_decorator.py took 0.107 seconds
[2025-12-21T07:15:16.255+0000] {processor.py:161} INFO - Started process (PID=451) to work on /home/airflow/.local/lib/python3.8/site-packages/airflow/example_dags/example_python_decorator.py
[2025-12-21T07:15:16.257+0000] {processor.py:830} INFO - Processing file /home/airflow/.local/lib/python3.8/site-packages/airflow/example_dags/example_python_decorator.py for tasks to queue
[2025-12-21T07:15:16.259+0000] {logging_mixin.py:188} INFO - [2025-12-21T07:15:16.259+0000] {dagbag.py:540} INFO - Filling up the DagBag from /home/airflow/.local/lib/python3.8/site-packages/airflow/example_dags/example_python_decorator.py
[2025-12-21T07:15:16.275+0000] {processor.py:840} INFO - DAG(s) 'example_python_decorator' retrieved from /home/airflow/.local/lib/python3.8/site-packages/airflow/example_dags/example_python_decorator.py
[2025-12-21T07:15:16.304+0000] {logging_mixin.py:188} INFO - [2025-12-21T07:15:16.304+0000] {dag.py:3047} INFO - Sync 1 DAGs
[2025-12-21T07:15:16.320+0000] {logging_mixin.py:188} INFO - [2025-12-21T07:15:16.319+0000] {dag.py:3834} INFO - Setting next_dagrun for example_python_decorator to None, run_after=None
[2025-12-21T07:15:16.344+0000] {processor.py:183} INFO - Processing /home/airflow/.local/lib/python3.8/site-packages/airflow/example_dags/example_python_decorator.py took 0.093 seconds
[2025-12-21T07:15:46.642+0000] {processor.py:161} INFO - Started process (PID=507) to work on /home/airflow/.local/lib/python3.8/site-packages/airflow/example_dags/example_python_decorator.py
[2025-12-21T07:15:46.644+0000] {processor.py:830} INFO - Processing file /home/airflow/.local/lib/python3.8/site-packages/airflow/example_dags/example_python_decorator.py for tasks to queue
[2025-12-21T07:15:46.646+0000] {logging_mixin.py:188} INFO - [2025-12-21T07:15:46.646+0000] {dagbag.py:540} INFO - Filling up the DagBag from /home/airflow/.local/lib/python3.8/site-packages/airflow/example_dags/example_python_decorator.py
[2025-12-21T07:15:46.661+0000] {processor.py:840} INFO - DAG(s) 'example_python_decorator' retrieved from /home/airflow/.local/lib/python3.8/site-packages/airflow/example_dags/example_python_decorator.py
[2025-12-21T07:15:46.686+0000] {logging_mixin.py:188} INFO - [2025-12-21T07:15:46.686+0000] {dag.py:3047} INFO - Sync 1 DAGs
[2025-12-21T07:15:46.699+0000] {logging_mixin.py:188} INFO - [2025-12-21T07:15:46.699+0000] {dag.py:3834} INFO - Setting next_dagrun for example_python_decorator to None, run_after=None
[2025-12-21T07:15:46.723+0000] {processor.py:183} INFO - Processing /home/airflow/.local/lib/python3.8/site-packages/airflow/example_dags/example_python_decorator.py took 0.085 seconds
[2025-12-21T07:16:17.278+0000] {processor.py:161} INFO - Started process (PID=563) to work on /home/airflow/.local/lib/python3.8/site-packages/airflow/example_dags/example_python_decorator.py
[2025-12-21T07:16:17.280+0000] {processor.py:830} INFO - Processing file /home/airflow/.local/lib/python3.8/site-packages/airflow/example_dags/example_python_decorator.py for tasks to queue
[2025-12-21T07:16:17.282+0000] {logging_mixin.py:188} INFO - [2025-12-21T07:16:17.282+0000] {dagbag.py:540} INFO - Filling up the DagBag from /home/airflow/.local/lib/python3.8/site-packages/airflow/example_dags/example_python_decorator.py
[2025-12-21T07:16:17.300+0000] {processor.py:840} INFO - DAG(s) 'example_python_decorator' retrieved from /home/airflow/.local/lib/python3.8/site-packages/airflow/example_dags/example_python_decorator.py
[2025-12-21T07:16:17.330+0000] {logging_mixin.py:188} INFO - [2025-12-21T07:16:17.330+0000] {dag.py:3047} INFO - Sync 1 DAGs
[2025-12-21T07:16:17.348+0000] {logging_mixin.py:188} INFO - [2025-12-21T07:16:17.347+0000] {dag.py:3834} INFO - Setting next_dagrun for example_python_decorator to None, run_after=None
[2025-12-21T07:16:17.371+0000] {processor.py:183} INFO - Processing /home/airflow/.local/lib/python3.8/site-packages/airflow/example_dags/example_python_decorator.py took 0.097 seconds
[2025-12-21T07:16:47.531+0000] {processor.py:161} INFO - Started process (PID=619) to work on /home/airflow/.local/lib/python3.8/site-packages/airflow/example_dags/example_python_decorator.py
[2025-12-21T07:16:47.532+0000] {processor.py:830} INFO - Processing file /home/airflow/.local/lib/python3.8/site-packages/airflow/example_dags/example_python_decorator.py for tasks to queue
[2025-12-21T07:16:47.536+0000] {logging_mixin.py:188} INFO - [2025-12-21T07:16:47.535+0000] {dagbag.py:540} INFO - Filling up the DagBag from /home/airflow/.local/lib/python3.8/site-packages/airflow/example_dags/example_python_decorator.py
[2025-12-21T07:16:47.552+0000] {processor.py:840} INFO - DAG(s) 'example_python_decorator' retrieved from /home/airflow/.local/lib/python3.8/site-packages/airflow/example_dags/example_python_decorator.py
[2025-12-21T07:16:47.583+0000] {logging_mixin.py:188} INFO - [2025-12-21T07:16:47.583+0000] {dag.py:3047} INFO - Sync 1 DAGs
[2025-12-21T07:16:47.601+0000] {logging_mixin.py:188} INFO - [2025-12-21T07:16:47.601+0000] {dag.py:3834} INFO - Setting next_dagrun for example_python_decorator to None, run_after=None
[2025-12-21T07:16:47.629+0000] {processor.py:183} INFO - Processing /home/airflow/.local/lib/python3.8/site-packages/airflow/example_dags/example_python_decorator.py took 0.103 seconds
[2025-12-21T07:17:17.718+0000] {processor.py:161} INFO - Started process (PID=675) to work on /home/airflow/.local/lib/python3.8/site-packages/airflow/example_dags/example_python_decorator.py
[2025-12-21T07:17:17.719+0000] {processor.py:830} INFO - Processing file /home/airflow/.local/lib/python3.8/site-packages/airflow/example_dags/example_python_decorator.py for tasks to queue
[2025-12-21T07:17:17.721+0000] {logging_mixin.py:188} INFO - [2025-12-21T07:17:17.721+0000] {dagbag.py:540} INFO - Filling up the DagBag from /home/airflow/.local/lib/python3.8/site-packages/airflow/example_dags/example_python_decorator.py
[2025-12-21T07:17:17.736+0000] {processor.py:840} INFO - DAG(s) 'example_python_decorator' retrieved from /home/airflow/.local/lib/python3.8/site-packages/airflow/example_dags/example_python_decorator.py
[2025-12-21T07:17:17.758+0000] {logging_mixin.py:188} INFO - [2025-12-21T07:17:17.758+0000] {dag.py:3047} INFO - Sync 1 DAGs
[2025-12-21T07:17:17.769+0000] {logging_mixin.py:188} INFO - [2025-12-21T07:17:17.769+0000] {dag.py:3834} INFO - Setting next_dagrun for example_python_decorator to None, run_after=None
[2025-12-21T07:17:17.789+0000] {processor.py:183} INFO - Processing /home/airflow/.local/lib/python3.8/site-packages/airflow/example_dags/example_python_decorator.py took 0.075 seconds
[2025-12-21T07:17:47.948+0000] {processor.py:161} INFO - Started process (PID=732) to work on /home/airflow/.local/lib/python3.8/site-packages/airflow/example_dags/example_python_decorator.py
[2025-12-21T07:17:47.950+0000] {processor.py:830} INFO - Processing file /home/airflow/.local/lib/python3.8/site-packages/airflow/example_dags/example_python_decorator.py for tasks to queue
[2025-12-21T07:17:47.953+0000] {logging_mixin.py:188} INFO - [2025-12-21T07:17:47.953+0000] {dagbag.py:540} INFO - Filling up the DagBag from /home/airflow/.local/lib/python3.8/site-packages/airflow/example_dags/example_python_decorator.py
[2025-12-21T07:17:47.971+0000] {processor.py:840} INFO - DAG(s) 'example_python_decorator' retrieved from /home/airflow/.local/lib/python3.8/site-packages/airflow/example_dags/example_python_decorator.py
[2025-12-21T07:17:47.997+0000] {logging_mixin.py:188} INFO - [2025-12-21T07:17:47.996+0000] {dag.py:3047} INFO - Sync 1 DAGs
[2025-12-21T07:17:48.012+0000] {logging_mixin.py:188} INFO - [2025-12-21T07:17:48.011+0000] {dag.py:3834} INFO - Setting next_dagrun for example_python_decorator to None, run_after=None
[2025-12-21T07:17:48.034+0000] {processor.py:183} INFO - Processing /home/airflow/.local/lib/python3.8/site-packages/airflow/example_dags/example_python_decorator.py took 0.093 seconds
[2025-12-21T07:18:18.851+0000] {processor.py:161} INFO - Started process (PID=788) to work on /home/airflow/.local/lib/python3.8/site-packages/airflow/example_dags/example_python_decorator.py
[2025-12-21T07:18:18.856+0000] {processor.py:830} INFO - Processing file /home/airflow/.local/lib/python3.8/site-packages/airflow/example_dags/example_python_decorator.py for tasks to queue
[2025-12-21T07:18:18.867+0000] {logging_mixin.py:188} INFO - [2025-12-21T07:18:18.865+0000] {dagbag.py:540} INFO - Filling up the DagBag from /home/airflow/.local/lib/python3.8/site-packages/airflow/example_dags/example_python_decorator.py
[2025-12-21T07:18:18.898+0000] {processor.py:840} INFO - DAG(s) 'example_python_decorator' retrieved from /home/airflow/.local/lib/python3.8/site-packages/airflow/example_dags/example_python_decorator.py
[2025-12-21T07:18:18.932+0000] {logging_mixin.py:188} INFO - [2025-12-21T07:18:18.931+0000] {dag.py:3047} INFO - Sync 1 DAGs
[2025-12-21T07:18:18.947+0000] {logging_mixin.py:188} INFO - [2025-12-21T07:18:18.946+0000] {dag.py:3834} INFO - Setting next_dagrun for example_python_decorator to None, run_after=None
[2025-12-21T07:18:18.972+0000] {processor.py:183} INFO - Processing /home/airflow/.local/lib/python3.8/site-packages/airflow/example_dags/example_python_decorator.py took 0.126 seconds
[2025-12-21T07:18:49.667+0000] {processor.py:161} INFO - Started process (PID=844) to work on /home/airflow/.local/lib/python3.8/site-packages/airflow/example_dags/example_python_decorator.py
[2025-12-21T07:18:49.668+0000] {processor.py:830} INFO - Processing file /home/airflow/.local/lib/python3.8/site-packages/airflow/example_dags/example_python_decorator.py for tasks to queue
[2025-12-21T07:18:49.671+0000] {logging_mixin.py:188} INFO - [2025-12-21T07:18:49.670+0000] {dagbag.py:540} INFO - Filling up the DagBag from /home/airflow/.local/lib/python3.8/site-packages/airflow/example_dags/example_python_decorator.py
[2025-12-21T07:18:49.684+0000] {processor.py:840} INFO - DAG(s) 'example_python_decorator' retrieved from /home/airflow/.local/lib/python3.8/site-packages/airflow/example_dags/example_python_decorator.py
[2025-12-21T07:18:49.707+0000] {logging_mixin.py:188} INFO - [2025-12-21T07:18:49.707+0000] {dag.py:3047} INFO - Sync 1 DAGs
[2025-12-21T07:18:49.720+0000] {logging_mixin.py:188} INFO - [2025-12-21T07:18:49.720+0000] {dag.py:3834} INFO - Setting next_dagrun for example_python_decorator to None, run_after=None
[2025-12-21T07:18:49.738+0000] {processor.py:183} INFO - Processing /home/airflow/.local/lib/python3.8/site-packages/airflow/example_dags/example_python_decorator.py took 0.076 seconds
[2025-12-21T07:19:20.487+0000] {processor.py:161} INFO - Started process (PID=900) to work on /home/airflow/.local/lib/python3.8/site-packages/airflow/example_dags/example_python_decorator.py
[2025-12-21T07:19:20.489+0000] {processor.py:830} INFO - Processing file /home/airflow/.local/lib/python3.8/site-packages/airflow/example_dags/example_python_decorator.py for tasks to queue
[2025-12-21T07:19:20.492+0000] {logging_mixin.py:188} INFO - [2025-12-21T07:19:20.491+0000] {dagbag.py:540} INFO - Filling up the DagBag from /home/airflow/.local/lib/python3.8/site-packages/airflow/example_dags/example_python_decorator.py
[2025-12-21T07:19:20.509+0000] {processor.py:840} INFO - DAG(s) 'example_python_decorator' retrieved from /home/airflow/.local/lib/python3.8/site-packages/airflow/example_dags/example_python_decorator.py
[2025-12-21T07:19:20.538+0000] {logging_mixin.py:188} INFO - [2025-12-21T07:19:20.537+0000] {dag.py:3047} INFO - Sync 1 DAGs
[2025-12-21T07:19:20.551+0000] {logging_mixin.py:188} INFO - [2025-12-21T07:19:20.550+0000] {dag.py:3834} INFO - Setting next_dagrun for example_python_decorator to None, run_after=None
[2025-12-21T07:19:20.574+0000] {processor.py:183} INFO - Processing /home/airflow/.local/lib/python3.8/site-packages/airflow/example_dags/example_python_decorator.py took 0.092 seconds
[2025-12-21T07:19:50.958+0000] {processor.py:161} INFO - Started process (PID=956) to work on /home/airflow/.local/lib/python3.8/site-packages/airflow/example_dags/example_python_decorator.py
[2025-12-21T07:19:50.960+0000] {processor.py:830} INFO - Processing file /home/airflow/.local/lib/python3.8/site-packages/airflow/example_dags/example_python_decorator.py for tasks to queue
[2025-12-21T07:19:50.963+0000] {logging_mixin.py:188} INFO - [2025-12-21T07:19:50.963+0000] {dagbag.py:540} INFO - Filling up the DagBag from /home/airflow/.local/lib/python3.8/site-packages/airflow/example_dags/example_python_decorator.py
[2025-12-21T07:19:50.979+0000] {processor.py:840} INFO - DAG(s) 'example_python_decorator' retrieved from /home/airflow/.local/lib/python3.8/site-packages/airflow/example_dags/example_python_decorator.py
[2025-12-21T07:19:51.006+0000] {logging_mixin.py:188} INFO - [2025-12-21T07:19:51.006+0000] {dag.py:3047} INFO - Sync 1 DAGs
[2025-12-21T07:19:51.021+0000] {logging_mixin.py:188} INFO - [2025-12-21T07:19:51.021+0000] {dag.py:3834} INFO - Setting next_dagrun for example_python_decorator to None, run_after=None
[2025-12-21T07:19:51.045+0000] {processor.py:183} INFO - Processing /home/airflow/.local/lib/python3.8/site-packages/airflow/example_dags/example_python_decorator.py took 0.091 seconds
[2025-12-21T07:20:21.502+0000] {processor.py:161} INFO - Started process (PID=1012) to work on /home/airflow/.local/lib/python3.8/site-packages/airflow/example_dags/example_python_decorator.py
[2025-12-21T07:20:21.504+0000] {processor.py:830} INFO - Processing file /home/airflow/.local/lib/python3.8/site-packages/airflow/example_dags/example_python_decorator.py for tasks to queue
[2025-12-21T07:20:21.506+0000] {logging_mixin.py:188} INFO - [2025-12-21T07:20:21.506+0000] {dagbag.py:540} INFO - Filling up the DagBag from /home/airflow/.local/lib/python3.8/site-packages/airflow/example_dags/example_python_decorator.py
[2025-12-21T07:20:21.520+0000] {processor.py:840} INFO - DAG(s) 'example_python_decorator' retrieved from /home/airflow/.local/lib/python3.8/site-packages/airflow/example_dags/example_python_decorator.py
[2025-12-21T07:20:21.546+0000] {logging_mixin.py:188} INFO - [2025-12-21T07:20:21.546+0000] {dag.py:3047} INFO - Sync 1 DAGs
[2025-12-21T07:20:21.560+0000] {logging_mixin.py:188} INFO - [2025-12-21T07:20:21.560+0000] {dag.py:3834} INFO - Setting next_dagrun for example_python_decorator to None, run_after=None
[2025-12-21T07:20:21.581+0000] {processor.py:183} INFO - Processing /home/airflow/.local/lib/python3.8/site-packages/airflow/example_dags/example_python_decorator.py took 0.083 seconds
[2025-12-21T07:20:38.751+0000] {processor.py:161} INFO - Started process (PID=48) to work on /home/airflow/.local/lib/python3.8/site-packages/airflow/example_dags/example_python_decorator.py
[2025-12-21T07:20:38.753+0000] {processor.py:830} INFO - Processing file /home/airflow/.local/lib/python3.8/site-packages/airflow/example_dags/example_python_decorator.py for tasks to queue
[2025-12-21T07:20:38.755+0000] {logging_mixin.py:188} INFO - [2025-12-21T07:20:38.755+0000] {dagbag.py:540} INFO - Filling up the DagBag from /home/airflow/.local/lib/python3.8/site-packages/airflow/example_dags/example_python_decorator.py
[2025-12-21T07:20:38.777+0000] {processor.py:840} INFO - DAG(s) 'example_python_decorator' retrieved from /home/airflow/.local/lib/python3.8/site-packages/airflow/example_dags/example_python_decorator.py
[2025-12-21T07:20:38.886+0000] {logging_mixin.py:188} INFO - [2025-12-21T07:20:38.886+0000] {dag.py:3047} INFO - Sync 1 DAGs
[2025-12-21T07:20:38.896+0000] {logging_mixin.py:188} INFO - [2025-12-21T07:20:38.896+0000] {dag.py:3834} INFO - Setting next_dagrun for example_python_decorator to None, run_after=None
[2025-12-21T07:20:38.918+0000] {processor.py:183} INFO - Processing /home/airflow/.local/lib/python3.8/site-packages/airflow/example_dags/example_python_decorator.py took 0.171 seconds
[2025-12-21T07:21:09.358+0000] {processor.py:161} INFO - Started process (PID=104) to work on /home/airflow/.local/lib/python3.8/site-packages/airflow/example_dags/example_python_decorator.py
[2025-12-21T07:21:09.359+0000] {processor.py:830} INFO - Processing file /home/airflow/.local/lib/python3.8/site-packages/airflow/example_dags/example_python_decorator.py for tasks to queue
[2025-12-21T07:21:09.363+0000] {logging_mixin.py:188} INFO - [2025-12-21T07:21:09.362+0000] {dagbag.py:540} INFO - Filling up the DagBag from /home/airflow/.local/lib/python3.8/site-packages/airflow/example_dags/example_python_decorator.py
[2025-12-21T07:21:09.379+0000] {processor.py:840} INFO - DAG(s) 'example_python_decorator' retrieved from /home/airflow/.local/lib/python3.8/site-packages/airflow/example_dags/example_python_decorator.py
[2025-12-21T07:21:09.419+0000] {logging_mixin.py:188} INFO - [2025-12-21T07:21:09.418+0000] {dag.py:3047} INFO - Sync 1 DAGs
[2025-12-21T07:21:09.435+0000] {logging_mixin.py:188} INFO - [2025-12-21T07:21:09.435+0000] {dag.py:3834} INFO - Setting next_dagrun for example_python_decorator to None, run_after=None
[2025-12-21T07:21:09.462+0000] {processor.py:183} INFO - Processing /home/airflow/.local/lib/python3.8/site-packages/airflow/example_dags/example_python_decorator.py took 0.108 seconds
[2025-12-21T07:22:19.218+0000] {processor.py:161} INFO - Started process (PID=55) to work on /home/airflow/.local/lib/python3.8/site-packages/airflow/example_dags/example_python_decorator.py
[2025-12-21T07:22:19.220+0000] {processor.py:830} INFO - Processing file /home/airflow/.local/lib/python3.8/site-packages/airflow/example_dags/example_python_decorator.py for tasks to queue
[2025-12-21T07:22:19.222+0000] {logging_mixin.py:188} INFO - [2025-12-21T07:22:19.222+0000] {dagbag.py:540} INFO - Filling up the DagBag from /home/airflow/.local/lib/python3.8/site-packages/airflow/example_dags/example_python_decorator.py
[2025-12-21T07:22:19.245+0000] {processor.py:840} INFO - DAG(s) 'example_python_decorator' retrieved from /home/airflow/.local/lib/python3.8/site-packages/airflow/example_dags/example_python_decorator.py
[2025-12-21T07:22:19.264+0000] {logging_mixin.py:188} INFO - [2025-12-21T07:22:19.263+0000] {dag.py:3047} INFO - Sync 1 DAGs
[2025-12-21T07:22:19.281+0000] {logging_mixin.py:188} INFO - [2025-12-21T07:22:19.280+0000] {dag.py:3834} INFO - Setting next_dagrun for example_python_decorator to None, run_after=None
[2025-12-21T07:22:19.309+0000] {processor.py:183} INFO - Processing /home/airflow/.local/lib/python3.8/site-packages/airflow/example_dags/example_python_decorator.py took 0.095 seconds
[2025-12-21T07:22:50.350+0000] {processor.py:161} INFO - Started process (PID=111) to work on /home/airflow/.local/lib/python3.8/site-packages/airflow/example_dags/example_python_decorator.py
[2025-12-21T07:22:50.352+0000] {processor.py:830} INFO - Processing file /home/airflow/.local/lib/python3.8/site-packages/airflow/example_dags/example_python_decorator.py for tasks to queue
[2025-12-21T07:22:50.355+0000] {logging_mixin.py:188} INFO - [2025-12-21T07:22:50.355+0000] {dagbag.py:540} INFO - Filling up the DagBag from /home/airflow/.local/lib/python3.8/site-packages/airflow/example_dags/example_python_decorator.py
[2025-12-21T07:22:50.371+0000] {processor.py:840} INFO - DAG(s) 'example_python_decorator' retrieved from /home/airflow/.local/lib/python3.8/site-packages/airflow/example_dags/example_python_decorator.py
[2025-12-21T07:22:50.484+0000] {logging_mixin.py:188} INFO - [2025-12-21T07:22:50.483+0000] {dag.py:3047} INFO - Sync 1 DAGs
[2025-12-21T07:22:50.497+0000] {logging_mixin.py:188} INFO - [2025-12-21T07:22:50.497+0000] {dag.py:3834} INFO - Setting next_dagrun for example_python_decorator to None, run_after=None
[2025-12-21T07:22:50.524+0000] {processor.py:183} INFO - Processing /home/airflow/.local/lib/python3.8/site-packages/airflow/example_dags/example_python_decorator.py took 0.178 seconds
[2025-12-21T07:28:29.549+0000] {processor.py:161} INFO - Started process (PID=56) to work on /home/airflow/.local/lib/python3.8/site-packages/airflow/example_dags/example_python_decorator.py
[2025-12-21T07:28:29.550+0000] {processor.py:830} INFO - Processing file /home/airflow/.local/lib/python3.8/site-packages/airflow/example_dags/example_python_decorator.py for tasks to queue
[2025-12-21T07:28:29.553+0000] {logging_mixin.py:188} INFO - [2025-12-21T07:28:29.552+0000] {dagbag.py:540} INFO - Filling up the DagBag from /home/airflow/.local/lib/python3.8/site-packages/airflow/example_dags/example_python_decorator.py
[2025-12-21T07:28:29.573+0000] {processor.py:840} INFO - DAG(s) 'example_python_decorator' retrieved from /home/airflow/.local/lib/python3.8/site-packages/airflow/example_dags/example_python_decorator.py
[2025-12-21T07:28:29.590+0000] {logging_mixin.py:188} INFO - [2025-12-21T07:28:29.589+0000] {dag.py:3047} INFO - Sync 1 DAGs
[2025-12-21T07:28:29.608+0000] {logging_mixin.py:188} INFO - [2025-12-21T07:28:29.607+0000] {dag.py:3834} INFO - Setting next_dagrun for example_python_decorator to None, run_after=None
[2025-12-21T07:28:29.634+0000] {processor.py:183} INFO - Processing /home/airflow/.local/lib/python3.8/site-packages/airflow/example_dags/example_python_decorator.py took 0.089 seconds
[2025-12-21T07:28:59.763+0000] {processor.py:161} INFO - Started process (PID=113) to work on /home/airflow/.local/lib/python3.8/site-packages/airflow/example_dags/example_python_decorator.py
[2025-12-21T07:28:59.764+0000] {processor.py:830} INFO - Processing file /home/airflow/.local/lib/python3.8/site-packages/airflow/example_dags/example_python_decorator.py for tasks to queue
[2025-12-21T07:28:59.767+0000] {logging_mixin.py:188} INFO - [2025-12-21T07:28:59.766+0000] {dagbag.py:540} INFO - Filling up the DagBag from /home/airflow/.local/lib/python3.8/site-packages/airflow/example_dags/example_python_decorator.py
[2025-12-21T07:28:59.782+0000] {processor.py:840} INFO - DAG(s) 'example_python_decorator' retrieved from /home/airflow/.local/lib/python3.8/site-packages/airflow/example_dags/example_python_decorator.py
[2025-12-21T07:28:59.899+0000] {logging_mixin.py:188} INFO - [2025-12-21T07:28:59.898+0000] {dag.py:3047} INFO - Sync 1 DAGs
[2025-12-21T07:28:59.912+0000] {logging_mixin.py:188} INFO - [2025-12-21T07:28:59.912+0000] {dag.py:3834} INFO - Setting next_dagrun for example_python_decorator to None, run_after=None
[2025-12-21T07:28:59.933+0000] {processor.py:183} INFO - Processing /home/airflow/.local/lib/python3.8/site-packages/airflow/example_dags/example_python_decorator.py took 0.174 seconds
[2025-12-21T07:29:30.541+0000] {processor.py:161} INFO - Started process (PID=169) to work on /home/airflow/.local/lib/python3.8/site-packages/airflow/example_dags/example_python_decorator.py
[2025-12-21T07:29:30.543+0000] {processor.py:830} INFO - Processing file /home/airflow/.local/lib/python3.8/site-packages/airflow/example_dags/example_python_decorator.py for tasks to queue
[2025-12-21T07:29:30.546+0000] {logging_mixin.py:188} INFO - [2025-12-21T07:29:30.545+0000] {dagbag.py:540} INFO - Filling up the DagBag from /home/airflow/.local/lib/python3.8/site-packages/airflow/example_dags/example_python_decorator.py
[2025-12-21T07:29:30.560+0000] {processor.py:840} INFO - DAG(s) 'example_python_decorator' retrieved from /home/airflow/.local/lib/python3.8/site-packages/airflow/example_dags/example_python_decorator.py
[2025-12-21T07:29:30.584+0000] {logging_mixin.py:188} INFO - [2025-12-21T07:29:30.584+0000] {dag.py:3047} INFO - Sync 1 DAGs
[2025-12-21T07:29:30.596+0000] {logging_mixin.py:188} INFO - [2025-12-21T07:29:30.596+0000] {dag.py:3834} INFO - Setting next_dagrun for example_python_decorator to None, run_after=None
[2025-12-21T07:29:30.616+0000] {processor.py:183} INFO - Processing /home/airflow/.local/lib/python3.8/site-packages/airflow/example_dags/example_python_decorator.py took 0.079 seconds
[2025-12-21T07:30:00.904+0000] {processor.py:161} INFO - Started process (PID=225) to work on /home/airflow/.local/lib/python3.8/site-packages/airflow/example_dags/example_python_decorator.py
[2025-12-21T07:30:00.906+0000] {processor.py:830} INFO - Processing file /home/airflow/.local/lib/python3.8/site-packages/airflow/example_dags/example_python_decorator.py for tasks to queue
[2025-12-21T07:30:00.909+0000] {logging_mixin.py:188} INFO - [2025-12-21T07:30:00.909+0000] {dagbag.py:540} INFO - Filling up the DagBag from /home/airflow/.local/lib/python3.8/site-packages/airflow/example_dags/example_python_decorator.py
[2025-12-21T07:30:00.927+0000] {processor.py:840} INFO - DAG(s) 'example_python_decorator' retrieved from /home/airflow/.local/lib/python3.8/site-packages/airflow/example_dags/example_python_decorator.py
[2025-12-21T07:30:00.951+0000] {logging_mixin.py:188} INFO - [2025-12-21T07:30:00.951+0000] {dag.py:3047} INFO - Sync 1 DAGs
[2025-12-21T07:30:00.971+0000] {logging_mixin.py:188} INFO - [2025-12-21T07:30:00.970+0000] {dag.py:3834} INFO - Setting next_dagrun for example_python_decorator to None, run_after=None
[2025-12-21T07:30:00.995+0000] {processor.py:183} INFO - Processing /home/airflow/.local/lib/python3.8/site-packages/airflow/example_dags/example_python_decorator.py took 0.097 seconds
[2025-12-21T07:30:31.377+0000] {processor.py:161} INFO - Started process (PID=286) to work on /home/airflow/.local/lib/python3.8/site-packages/airflow/example_dags/example_python_decorator.py
[2025-12-21T07:30:31.378+0000] {processor.py:830} INFO - Processing file /home/airflow/.local/lib/python3.8/site-packages/airflow/example_dags/example_python_decorator.py for tasks to queue
[2025-12-21T07:30:31.380+0000] {logging_mixin.py:188} INFO - [2025-12-21T07:30:31.380+0000] {dagbag.py:540} INFO - Filling up the DagBag from /home/airflow/.local/lib/python3.8/site-packages/airflow/example_dags/example_python_decorator.py
[2025-12-21T07:30:31.396+0000] {processor.py:840} INFO - DAG(s) 'example_python_decorator' retrieved from /home/airflow/.local/lib/python3.8/site-packages/airflow/example_dags/example_python_decorator.py
[2025-12-21T07:30:31.423+0000] {logging_mixin.py:188} INFO - [2025-12-21T07:30:31.422+0000] {dag.py:3047} INFO - Sync 1 DAGs
[2025-12-21T07:30:31.436+0000] {logging_mixin.py:188} INFO - [2025-12-21T07:30:31.436+0000] {dag.py:3834} INFO - Setting next_dagrun for example_python_decorator to None, run_after=None
[2025-12-21T07:30:31.459+0000] {processor.py:183} INFO - Processing /home/airflow/.local/lib/python3.8/site-packages/airflow/example_dags/example_python_decorator.py took 0.086 seconds
[2025-12-21T07:31:01.571+0000] {processor.py:161} INFO - Started process (PID=342) to work on /home/airflow/.local/lib/python3.8/site-packages/airflow/example_dags/example_python_decorator.py
[2025-12-21T07:31:01.572+0000] {processor.py:830} INFO - Processing file /home/airflow/.local/lib/python3.8/site-packages/airflow/example_dags/example_python_decorator.py for tasks to queue
[2025-12-21T07:31:01.574+0000] {logging_mixin.py:188} INFO - [2025-12-21T07:31:01.574+0000] {dagbag.py:540} INFO - Filling up the DagBag from /home/airflow/.local/lib/python3.8/site-packages/airflow/example_dags/example_python_decorator.py
[2025-12-21T07:31:01.587+0000] {processor.py:840} INFO - DAG(s) 'example_python_decorator' retrieved from /home/airflow/.local/lib/python3.8/site-packages/airflow/example_dags/example_python_decorator.py
[2025-12-21T07:31:01.610+0000] {logging_mixin.py:188} INFO - [2025-12-21T07:31:01.610+0000] {dag.py:3047} INFO - Sync 1 DAGs
[2025-12-21T07:31:01.622+0000] {logging_mixin.py:188} INFO - [2025-12-21T07:31:01.622+0000] {dag.py:3834} INFO - Setting next_dagrun for example_python_decorator to None, run_after=None
[2025-12-21T07:31:01.643+0000] {processor.py:183} INFO - Processing /home/airflow/.local/lib/python3.8/site-packages/airflow/example_dags/example_python_decorator.py took 0.075 seconds
[2025-12-21T07:31:31.878+0000] {processor.py:161} INFO - Started process (PID=398) to work on /home/airflow/.local/lib/python3.8/site-packages/airflow/example_dags/example_python_decorator.py
[2025-12-21T07:31:31.879+0000] {processor.py:830} INFO - Processing file /home/airflow/.local/lib/python3.8/site-packages/airflow/example_dags/example_python_decorator.py for tasks to queue
[2025-12-21T07:31:31.882+0000] {logging_mixin.py:188} INFO - [2025-12-21T07:31:31.881+0000] {dagbag.py:540} INFO - Filling up the DagBag from /home/airflow/.local/lib/python3.8/site-packages/airflow/example_dags/example_python_decorator.py
[2025-12-21T07:31:31.895+0000] {processor.py:840} INFO - DAG(s) 'example_python_decorator' retrieved from /home/airflow/.local/lib/python3.8/site-packages/airflow/example_dags/example_python_decorator.py
[2025-12-21T07:31:31.921+0000] {logging_mixin.py:188} INFO - [2025-12-21T07:31:31.921+0000] {dag.py:3047} INFO - Sync 1 DAGs
[2025-12-21T07:31:31.934+0000] {logging_mixin.py:188} INFO - [2025-12-21T07:31:31.933+0000] {dag.py:3834} INFO - Setting next_dagrun for example_python_decorator to None, run_after=None
[2025-12-21T07:31:31.958+0000] {processor.py:183} INFO - Processing /home/airflow/.local/lib/python3.8/site-packages/airflow/example_dags/example_python_decorator.py took 0.085 seconds
