[2025-12-21T06:58:53.877+0000] {processor.py:161} INFO - Started process (PID=73) to work on /home/airflow/.local/lib/python3.8/site-packages/airflow/example_dags/example_xcomargs.py
[2025-12-21T06:58:53.879+0000] {processor.py:830} INFO - Processing file /home/airflow/.local/lib/python3.8/site-packages/airflow/example_dags/example_xcomargs.py for tasks to queue
[2025-12-21T06:58:53.882+0000] {logging_mixin.py:188} INFO - [2025-12-21T06:58:53.881+0000] {dagbag.py:540} INFO - Filling up the DagBag from /home/airflow/.local/lib/python3.8/site-packages/airflow/example_dags/example_xcomargs.py
[2025-12-21T06:58:53.892+0000] {processor.py:840} INFO - DAG(s) 'example_xcom_args_with_operators', 'example_xcom_args' retrieved from /home/airflow/.local/lib/python3.8/site-packages/airflow/example_dags/example_xcomargs.py
[2025-12-21T06:58:54.015+0000] {logging_mixin.py:188} INFO - [2025-12-21T06:58:54.015+0000] {dag.py:3047} INFO - Sync 2 DAGs
[2025-12-21T06:58:54.027+0000] {logging_mixin.py:188} INFO - [2025-12-21T06:58:54.026+0000] {dag.py:3834} INFO - Setting next_dagrun for example_xcom_args to None, run_after=None
[2025-12-21T06:58:54.031+0000] {logging_mixin.py:188} INFO - [2025-12-21T06:58:54.031+0000] {dag.py:3834} INFO - Setting next_dagrun for example_xcom_args_with_operators to None, run_after=None
[2025-12-21T06:58:54.055+0000] {processor.py:183} INFO - Processing /home/airflow/.local/lib/python3.8/site-packages/airflow/example_dags/example_xcomargs.py took 0.183 seconds
[2025-12-21T06:59:24.331+0000] {processor.py:161} INFO - Started process (PID=129) to work on /home/airflow/.local/lib/python3.8/site-packages/airflow/example_dags/example_xcomargs.py
[2025-12-21T06:59:24.333+0000] {processor.py:830} INFO - Processing file /home/airflow/.local/lib/python3.8/site-packages/airflow/example_dags/example_xcomargs.py for tasks to queue
[2025-12-21T06:59:24.335+0000] {logging_mixin.py:188} INFO - [2025-12-21T06:59:24.335+0000] {dagbag.py:540} INFO - Filling up the DagBag from /home/airflow/.local/lib/python3.8/site-packages/airflow/example_dags/example_xcomargs.py
[2025-12-21T06:59:24.346+0000] {processor.py:840} INFO - DAG(s) 'example_xcom_args_with_operators', 'example_xcom_args' retrieved from /home/airflow/.local/lib/python3.8/site-packages/airflow/example_dags/example_xcomargs.py
[2025-12-21T06:59:24.379+0000] {logging_mixin.py:188} INFO - [2025-12-21T06:59:24.379+0000] {dag.py:3047} INFO - Sync 2 DAGs
[2025-12-21T06:59:24.394+0000] {logging_mixin.py:188} INFO - [2025-12-21T06:59:24.394+0000] {dag.py:3834} INFO - Setting next_dagrun for example_xcom_args to None, run_after=None
[2025-12-21T06:59:24.400+0000] {logging_mixin.py:188} INFO - [2025-12-21T06:59:24.400+0000] {dag.py:3834} INFO - Setting next_dagrun for example_xcom_args_with_operators to None, run_after=None
[2025-12-21T06:59:24.422+0000] {processor.py:183} INFO - Processing /home/airflow/.local/lib/python3.8/site-packages/airflow/example_dags/example_xcomargs.py took 0.095 seconds
[2025-12-21T06:59:54.797+0000] {processor.py:161} INFO - Started process (PID=185) to work on /home/airflow/.local/lib/python3.8/site-packages/airflow/example_dags/example_xcomargs.py
[2025-12-21T06:59:54.799+0000] {processor.py:830} INFO - Processing file /home/airflow/.local/lib/python3.8/site-packages/airflow/example_dags/example_xcomargs.py for tasks to queue
[2025-12-21T06:59:54.802+0000] {logging_mixin.py:188} INFO - [2025-12-21T06:59:54.801+0000] {dagbag.py:540} INFO - Filling up the DagBag from /home/airflow/.local/lib/python3.8/site-packages/airflow/example_dags/example_xcomargs.py
[2025-12-21T06:59:54.812+0000] {processor.py:840} INFO - DAG(s) 'example_xcom_args_with_operators', 'example_xcom_args' retrieved from /home/airflow/.local/lib/python3.8/site-packages/airflow/example_dags/example_xcomargs.py
[2025-12-21T06:59:54.844+0000] {logging_mixin.py:188} INFO - [2025-12-21T06:59:54.844+0000] {dag.py:3047} INFO - Sync 2 DAGs
[2025-12-21T06:59:54.862+0000] {logging_mixin.py:188} INFO - [2025-12-21T06:59:54.862+0000] {dag.py:3834} INFO - Setting next_dagrun for example_xcom_args to None, run_after=None
[2025-12-21T06:59:54.868+0000] {logging_mixin.py:188} INFO - [2025-12-21T06:59:54.867+0000] {dag.py:3834} INFO - Setting next_dagrun for example_xcom_args_with_operators to None, run_after=None
[2025-12-21T06:59:54.896+0000] {processor.py:183} INFO - Processing /home/airflow/.local/lib/python3.8/site-packages/airflow/example_dags/example_xcomargs.py took 0.103 seconds
[2025-12-21T07:00:25.276+0000] {processor.py:161} INFO - Started process (PID=241) to work on /home/airflow/.local/lib/python3.8/site-packages/airflow/example_dags/example_xcomargs.py
[2025-12-21T07:00:25.278+0000] {processor.py:830} INFO - Processing file /home/airflow/.local/lib/python3.8/site-packages/airflow/example_dags/example_xcomargs.py for tasks to queue
[2025-12-21T07:00:25.282+0000] {logging_mixin.py:188} INFO - [2025-12-21T07:00:25.282+0000] {dagbag.py:540} INFO - Filling up the DagBag from /home/airflow/.local/lib/python3.8/site-packages/airflow/example_dags/example_xcomargs.py
[2025-12-21T07:00:25.293+0000] {processor.py:840} INFO - DAG(s) 'example_xcom_args', 'example_xcom_args_with_operators' retrieved from /home/airflow/.local/lib/python3.8/site-packages/airflow/example_dags/example_xcomargs.py
[2025-12-21T07:00:25.327+0000] {logging_mixin.py:188} INFO - [2025-12-21T07:00:25.327+0000] {dag.py:3047} INFO - Sync 2 DAGs
[2025-12-21T07:00:25.344+0000] {logging_mixin.py:188} INFO - [2025-12-21T07:00:25.344+0000] {dag.py:3834} INFO - Setting next_dagrun for example_xcom_args to None, run_after=None
[2025-12-21T07:00:25.352+0000] {logging_mixin.py:188} INFO - [2025-12-21T07:00:25.352+0000] {dag.py:3834} INFO - Setting next_dagrun for example_xcom_args_with_operators to None, run_after=None
[2025-12-21T07:00:25.377+0000] {processor.py:183} INFO - Processing /home/airflow/.local/lib/python3.8/site-packages/airflow/example_dags/example_xcomargs.py took 0.106 seconds
[2025-12-21T07:00:55.548+0000] {processor.py:161} INFO - Started process (PID=297) to work on /home/airflow/.local/lib/python3.8/site-packages/airflow/example_dags/example_xcomargs.py
[2025-12-21T07:00:55.551+0000] {processor.py:830} INFO - Processing file /home/airflow/.local/lib/python3.8/site-packages/airflow/example_dags/example_xcomargs.py for tasks to queue
[2025-12-21T07:00:55.558+0000] {logging_mixin.py:188} INFO - [2025-12-21T07:00:55.557+0000] {dagbag.py:540} INFO - Filling up the DagBag from /home/airflow/.local/lib/python3.8/site-packages/airflow/example_dags/example_xcomargs.py
[2025-12-21T07:00:55.583+0000] {processor.py:840} INFO - DAG(s) 'example_xcom_args', 'example_xcom_args_with_operators' retrieved from /home/airflow/.local/lib/python3.8/site-packages/airflow/example_dags/example_xcomargs.py
[2025-12-21T07:00:55.649+0000] {logging_mixin.py:188} INFO - [2025-12-21T07:00:55.649+0000] {dag.py:3047} INFO - Sync 2 DAGs
[2025-12-21T07:00:55.676+0000] {logging_mixin.py:188} INFO - [2025-12-21T07:00:55.675+0000] {dag.py:3834} INFO - Setting next_dagrun for example_xcom_args to None, run_after=None
[2025-12-21T07:00:55.681+0000] {logging_mixin.py:188} INFO - [2025-12-21T07:00:55.680+0000] {dag.py:3834} INFO - Setting next_dagrun for example_xcom_args_with_operators to None, run_after=None
[2025-12-21T07:00:55.706+0000] {processor.py:183} INFO - Processing /home/airflow/.local/lib/python3.8/site-packages/airflow/example_dags/example_xcomargs.py took 0.167 seconds
[2025-12-21T07:01:26.854+0000] {processor.py:161} INFO - Started process (PID=353) to work on /home/airflow/.local/lib/python3.8/site-packages/airflow/example_dags/example_xcomargs.py
[2025-12-21T07:01:26.856+0000] {processor.py:830} INFO - Processing file /home/airflow/.local/lib/python3.8/site-packages/airflow/example_dags/example_xcomargs.py for tasks to queue
[2025-12-21T07:01:26.859+0000] {logging_mixin.py:188} INFO - [2025-12-21T07:01:26.858+0000] {dagbag.py:540} INFO - Filling up the DagBag from /home/airflow/.local/lib/python3.8/site-packages/airflow/example_dags/example_xcomargs.py
[2025-12-21T07:01:26.877+0000] {processor.py:840} INFO - DAG(s) 'example_xcom_args', 'example_xcom_args_with_operators' retrieved from /home/airflow/.local/lib/python3.8/site-packages/airflow/example_dags/example_xcomargs.py
[2025-12-21T07:01:26.911+0000] {logging_mixin.py:188} INFO - [2025-12-21T07:01:26.910+0000] {dag.py:3047} INFO - Sync 2 DAGs
[2025-12-21T07:01:26.928+0000] {logging_mixin.py:188} INFO - [2025-12-21T07:01:26.927+0000] {dag.py:3834} INFO - Setting next_dagrun for example_xcom_args to None, run_after=None
[2025-12-21T07:01:26.933+0000] {logging_mixin.py:188} INFO - [2025-12-21T07:01:26.933+0000] {dag.py:3834} INFO - Setting next_dagrun for example_xcom_args_with_operators to None, run_after=None
[2025-12-21T07:01:26.965+0000] {processor.py:183} INFO - Processing /home/airflow/.local/lib/python3.8/site-packages/airflow/example_dags/example_xcomargs.py took 0.115 seconds
[2025-12-21T07:01:57.262+0000] {processor.py:161} INFO - Started process (PID=409) to work on /home/airflow/.local/lib/python3.8/site-packages/airflow/example_dags/example_xcomargs.py
[2025-12-21T07:01:57.263+0000] {processor.py:830} INFO - Processing file /home/airflow/.local/lib/python3.8/site-packages/airflow/example_dags/example_xcomargs.py for tasks to queue
[2025-12-21T07:01:57.265+0000] {logging_mixin.py:188} INFO - [2025-12-21T07:01:57.265+0000] {dagbag.py:540} INFO - Filling up the DagBag from /home/airflow/.local/lib/python3.8/site-packages/airflow/example_dags/example_xcomargs.py
[2025-12-21T07:01:57.275+0000] {processor.py:840} INFO - DAG(s) 'example_xcom_args_with_operators', 'example_xcom_args' retrieved from /home/airflow/.local/lib/python3.8/site-packages/airflow/example_dags/example_xcomargs.py
[2025-12-21T07:01:57.308+0000] {logging_mixin.py:188} INFO - [2025-12-21T07:01:57.308+0000] {dag.py:3047} INFO - Sync 2 DAGs
[2025-12-21T07:01:57.336+0000] {logging_mixin.py:188} INFO - [2025-12-21T07:01:57.335+0000] {dag.py:3834} INFO - Setting next_dagrun for example_xcom_args to None, run_after=None
[2025-12-21T07:01:57.341+0000] {logging_mixin.py:188} INFO - [2025-12-21T07:01:57.341+0000] {dag.py:3834} INFO - Setting next_dagrun for example_xcom_args_with_operators to None, run_after=None
[2025-12-21T07:01:57.377+0000] {processor.py:183} INFO - Processing /home/airflow/.local/lib/python3.8/site-packages/airflow/example_dags/example_xcomargs.py took 0.119 seconds
[2025-12-21T07:02:27.524+0000] {processor.py:161} INFO - Started process (PID=465) to work on /home/airflow/.local/lib/python3.8/site-packages/airflow/example_dags/example_xcomargs.py
[2025-12-21T07:02:27.526+0000] {processor.py:830} INFO - Processing file /home/airflow/.local/lib/python3.8/site-packages/airflow/example_dags/example_xcomargs.py for tasks to queue
[2025-12-21T07:02:27.529+0000] {logging_mixin.py:188} INFO - [2025-12-21T07:02:27.528+0000] {dagbag.py:540} INFO - Filling up the DagBag from /home/airflow/.local/lib/python3.8/site-packages/airflow/example_dags/example_xcomargs.py
[2025-12-21T07:02:27.540+0000] {processor.py:840} INFO - DAG(s) 'example_xcom_args_with_operators', 'example_xcom_args' retrieved from /home/airflow/.local/lib/python3.8/site-packages/airflow/example_dags/example_xcomargs.py
[2025-12-21T07:02:27.573+0000] {logging_mixin.py:188} INFO - [2025-12-21T07:02:27.572+0000] {dag.py:3047} INFO - Sync 2 DAGs
[2025-12-21T07:02:27.591+0000] {logging_mixin.py:188} INFO - [2025-12-21T07:02:27.591+0000] {dag.py:3834} INFO - Setting next_dagrun for example_xcom_args to None, run_after=None
[2025-12-21T07:02:27.596+0000] {logging_mixin.py:188} INFO - [2025-12-21T07:02:27.596+0000] {dag.py:3834} INFO - Setting next_dagrun for example_xcom_args_with_operators to None, run_after=None
[2025-12-21T07:02:27.623+0000] {processor.py:183} INFO - Processing /home/airflow/.local/lib/python3.8/site-packages/airflow/example_dags/example_xcomargs.py took 0.103 seconds
[2025-12-21T07:02:58.343+0000] {processor.py:161} INFO - Started process (PID=521) to work on /home/airflow/.local/lib/python3.8/site-packages/airflow/example_dags/example_xcomargs.py
[2025-12-21T07:02:58.345+0000] {processor.py:830} INFO - Processing file /home/airflow/.local/lib/python3.8/site-packages/airflow/example_dags/example_xcomargs.py for tasks to queue
[2025-12-21T07:02:58.348+0000] {logging_mixin.py:188} INFO - [2025-12-21T07:02:58.347+0000] {dagbag.py:540} INFO - Filling up the DagBag from /home/airflow/.local/lib/python3.8/site-packages/airflow/example_dags/example_xcomargs.py
[2025-12-21T07:02:58.364+0000] {processor.py:840} INFO - DAG(s) 'example_xcom_args', 'example_xcom_args_with_operators' retrieved from /home/airflow/.local/lib/python3.8/site-packages/airflow/example_dags/example_xcomargs.py
[2025-12-21T07:02:58.410+0000] {logging_mixin.py:188} INFO - [2025-12-21T07:02:58.410+0000] {dag.py:3047} INFO - Sync 2 DAGs
[2025-12-21T07:02:58.435+0000] {logging_mixin.py:188} INFO - [2025-12-21T07:02:58.434+0000] {dag.py:3834} INFO - Setting next_dagrun for example_xcom_args to None, run_after=None
[2025-12-21T07:02:58.441+0000] {logging_mixin.py:188} INFO - [2025-12-21T07:02:58.440+0000] {dag.py:3834} INFO - Setting next_dagrun for example_xcom_args_with_operators to None, run_after=None
[2025-12-21T07:02:58.479+0000] {processor.py:183} INFO - Processing /home/airflow/.local/lib/python3.8/site-packages/airflow/example_dags/example_xcomargs.py took 0.144 seconds
[2025-12-21T07:03:29.416+0000] {processor.py:161} INFO - Started process (PID=577) to work on /home/airflow/.local/lib/python3.8/site-packages/airflow/example_dags/example_xcomargs.py
[2025-12-21T07:03:29.418+0000] {processor.py:830} INFO - Processing file /home/airflow/.local/lib/python3.8/site-packages/airflow/example_dags/example_xcomargs.py for tasks to queue
[2025-12-21T07:03:29.420+0000] {logging_mixin.py:188} INFO - [2025-12-21T07:03:29.420+0000] {dagbag.py:540} INFO - Filling up the DagBag from /home/airflow/.local/lib/python3.8/site-packages/airflow/example_dags/example_xcomargs.py
[2025-12-21T07:03:29.428+0000] {processor.py:840} INFO - DAG(s) 'example_xcom_args', 'example_xcom_args_with_operators' retrieved from /home/airflow/.local/lib/python3.8/site-packages/airflow/example_dags/example_xcomargs.py
[2025-12-21T07:03:29.455+0000] {logging_mixin.py:188} INFO - [2025-12-21T07:03:29.455+0000] {dag.py:3047} INFO - Sync 2 DAGs
[2025-12-21T07:03:29.468+0000] {logging_mixin.py:188} INFO - [2025-12-21T07:03:29.467+0000] {dag.py:3834} INFO - Setting next_dagrun for example_xcom_args to None, run_after=None
[2025-12-21T07:03:29.471+0000] {logging_mixin.py:188} INFO - [2025-12-21T07:03:29.471+0000] {dag.py:3834} INFO - Setting next_dagrun for example_xcom_args_with_operators to None, run_after=None
[2025-12-21T07:03:29.489+0000] {processor.py:183} INFO - Processing /home/airflow/.local/lib/python3.8/site-packages/airflow/example_dags/example_xcomargs.py took 0.076 seconds
[2025-12-21T07:03:59.971+0000] {processor.py:161} INFO - Started process (PID=633) to work on /home/airflow/.local/lib/python3.8/site-packages/airflow/example_dags/example_xcomargs.py
[2025-12-21T07:03:59.974+0000] {processor.py:830} INFO - Processing file /home/airflow/.local/lib/python3.8/site-packages/airflow/example_dags/example_xcomargs.py for tasks to queue
[2025-12-21T07:03:59.977+0000] {logging_mixin.py:188} INFO - [2025-12-21T07:03:59.976+0000] {dagbag.py:540} INFO - Filling up the DagBag from /home/airflow/.local/lib/python3.8/site-packages/airflow/example_dags/example_xcomargs.py
[2025-12-21T07:03:59.990+0000] {processor.py:840} INFO - DAG(s) 'example_xcom_args_with_operators', 'example_xcom_args' retrieved from /home/airflow/.local/lib/python3.8/site-packages/airflow/example_dags/example_xcomargs.py
[2025-12-21T07:04:00.035+0000] {logging_mixin.py:188} INFO - [2025-12-21T07:04:00.035+0000] {dag.py:3047} INFO - Sync 2 DAGs
[2025-12-21T07:04:00.058+0000] {logging_mixin.py:188} INFO - [2025-12-21T07:04:00.057+0000] {dag.py:3834} INFO - Setting next_dagrun for example_xcom_args to None, run_after=None
[2025-12-21T07:04:00.064+0000] {logging_mixin.py:188} INFO - [2025-12-21T07:04:00.064+0000] {dag.py:3834} INFO - Setting next_dagrun for example_xcom_args_with_operators to None, run_after=None
[2025-12-21T07:04:00.096+0000] {processor.py:183} INFO - Processing /home/airflow/.local/lib/python3.8/site-packages/airflow/example_dags/example_xcomargs.py took 0.129 seconds
[2025-12-21T07:04:30.854+0000] {processor.py:161} INFO - Started process (PID=689) to work on /home/airflow/.local/lib/python3.8/site-packages/airflow/example_dags/example_xcomargs.py
[2025-12-21T07:04:30.855+0000] {processor.py:830} INFO - Processing file /home/airflow/.local/lib/python3.8/site-packages/airflow/example_dags/example_xcomargs.py for tasks to queue
[2025-12-21T07:04:30.859+0000] {logging_mixin.py:188} INFO - [2025-12-21T07:04:30.858+0000] {dagbag.py:540} INFO - Filling up the DagBag from /home/airflow/.local/lib/python3.8/site-packages/airflow/example_dags/example_xcomargs.py
[2025-12-21T07:04:30.878+0000] {processor.py:840} INFO - DAG(s) 'example_xcom_args', 'example_xcom_args_with_operators' retrieved from /home/airflow/.local/lib/python3.8/site-packages/airflow/example_dags/example_xcomargs.py
[2025-12-21T07:04:30.922+0000] {logging_mixin.py:188} INFO - [2025-12-21T07:04:30.921+0000] {dag.py:3047} INFO - Sync 2 DAGs
[2025-12-21T07:04:30.945+0000] {logging_mixin.py:188} INFO - [2025-12-21T07:04:30.945+0000] {dag.py:3834} INFO - Setting next_dagrun for example_xcom_args to None, run_after=None
[2025-12-21T07:04:30.952+0000] {logging_mixin.py:188} INFO - [2025-12-21T07:04:30.952+0000] {dag.py:3834} INFO - Setting next_dagrun for example_xcom_args_with_operators to None, run_after=None
[2025-12-21T07:04:30.979+0000] {processor.py:183} INFO - Processing /home/airflow/.local/lib/python3.8/site-packages/airflow/example_dags/example_xcomargs.py took 0.132 seconds
[2025-12-21T07:05:01.080+0000] {processor.py:161} INFO - Started process (PID=745) to work on /home/airflow/.local/lib/python3.8/site-packages/airflow/example_dags/example_xcomargs.py
[2025-12-21T07:05:01.081+0000] {processor.py:830} INFO - Processing file /home/airflow/.local/lib/python3.8/site-packages/airflow/example_dags/example_xcomargs.py for tasks to queue
[2025-12-21T07:05:01.083+0000] {logging_mixin.py:188} INFO - [2025-12-21T07:05:01.083+0000] {dagbag.py:540} INFO - Filling up the DagBag from /home/airflow/.local/lib/python3.8/site-packages/airflow/example_dags/example_xcomargs.py
[2025-12-21T07:05:01.092+0000] {processor.py:840} INFO - DAG(s) 'example_xcom_args', 'example_xcom_args_with_operators' retrieved from /home/airflow/.local/lib/python3.8/site-packages/airflow/example_dags/example_xcomargs.py
[2025-12-21T07:05:01.122+0000] {logging_mixin.py:188} INFO - [2025-12-21T07:05:01.121+0000] {dag.py:3047} INFO - Sync 2 DAGs
[2025-12-21T07:05:01.136+0000] {logging_mixin.py:188} INFO - [2025-12-21T07:05:01.136+0000] {dag.py:3834} INFO - Setting next_dagrun for example_xcom_args to None, run_after=None
[2025-12-21T07:05:01.140+0000] {logging_mixin.py:188} INFO - [2025-12-21T07:05:01.140+0000] {dag.py:3834} INFO - Setting next_dagrun for example_xcom_args_with_operators to None, run_after=None
[2025-12-21T07:05:01.160+0000] {processor.py:183} INFO - Processing /home/airflow/.local/lib/python3.8/site-packages/airflow/example_dags/example_xcomargs.py took 0.083 seconds
[2025-12-21T07:05:31.556+0000] {processor.py:161} INFO - Started process (PID=801) to work on /home/airflow/.local/lib/python3.8/site-packages/airflow/example_dags/example_xcomargs.py
[2025-12-21T07:05:31.557+0000] {processor.py:830} INFO - Processing file /home/airflow/.local/lib/python3.8/site-packages/airflow/example_dags/example_xcomargs.py for tasks to queue
[2025-12-21T07:05:31.560+0000] {logging_mixin.py:188} INFO - [2025-12-21T07:05:31.560+0000] {dagbag.py:540} INFO - Filling up the DagBag from /home/airflow/.local/lib/python3.8/site-packages/airflow/example_dags/example_xcomargs.py
[2025-12-21T07:05:31.568+0000] {processor.py:840} INFO - DAG(s) 'example_xcom_args_with_operators', 'example_xcom_args' retrieved from /home/airflow/.local/lib/python3.8/site-packages/airflow/example_dags/example_xcomargs.py
[2025-12-21T07:05:31.596+0000] {logging_mixin.py:188} INFO - [2025-12-21T07:05:31.595+0000] {dag.py:3047} INFO - Sync 2 DAGs
[2025-12-21T07:05:31.609+0000] {logging_mixin.py:188} INFO - [2025-12-21T07:05:31.608+0000] {dag.py:3834} INFO - Setting next_dagrun for example_xcom_args to None, run_after=None
[2025-12-21T07:05:31.613+0000] {logging_mixin.py:188} INFO - [2025-12-21T07:05:31.612+0000] {dag.py:3834} INFO - Setting next_dagrun for example_xcom_args_with_operators to None, run_after=None
[2025-12-21T07:05:31.631+0000] {processor.py:183} INFO - Processing /home/airflow/.local/lib/python3.8/site-packages/airflow/example_dags/example_xcomargs.py took 0.079 seconds
[2025-12-21T07:06:01.836+0000] {processor.py:161} INFO - Started process (PID=857) to work on /home/airflow/.local/lib/python3.8/site-packages/airflow/example_dags/example_xcomargs.py
[2025-12-21T07:06:01.838+0000] {processor.py:830} INFO - Processing file /home/airflow/.local/lib/python3.8/site-packages/airflow/example_dags/example_xcomargs.py for tasks to queue
[2025-12-21T07:06:01.841+0000] {logging_mixin.py:188} INFO - [2025-12-21T07:06:01.840+0000] {dagbag.py:540} INFO - Filling up the DagBag from /home/airflow/.local/lib/python3.8/site-packages/airflow/example_dags/example_xcomargs.py
[2025-12-21T07:06:01.849+0000] {processor.py:840} INFO - DAG(s) 'example_xcom_args_with_operators', 'example_xcom_args' retrieved from /home/airflow/.local/lib/python3.8/site-packages/airflow/example_dags/example_xcomargs.py
[2025-12-21T07:06:01.876+0000] {logging_mixin.py:188} INFO - [2025-12-21T07:06:01.875+0000] {dag.py:3047} INFO - Sync 2 DAGs
[2025-12-21T07:06:01.888+0000] {logging_mixin.py:188} INFO - [2025-12-21T07:06:01.888+0000] {dag.py:3834} INFO - Setting next_dagrun for example_xcom_args to None, run_after=None
[2025-12-21T07:06:01.893+0000] {logging_mixin.py:188} INFO - [2025-12-21T07:06:01.893+0000] {dag.py:3834} INFO - Setting next_dagrun for example_xcom_args_with_operators to None, run_after=None
[2025-12-21T07:06:01.910+0000] {processor.py:183} INFO - Processing /home/airflow/.local/lib/python3.8/site-packages/airflow/example_dags/example_xcomargs.py took 0.077 seconds
[2025-12-21T07:06:32.010+0000] {processor.py:161} INFO - Started process (PID=913) to work on /home/airflow/.local/lib/python3.8/site-packages/airflow/example_dags/example_xcomargs.py
[2025-12-21T07:06:32.012+0000] {processor.py:830} INFO - Processing file /home/airflow/.local/lib/python3.8/site-packages/airflow/example_dags/example_xcomargs.py for tasks to queue
[2025-12-21T07:06:32.014+0000] {logging_mixin.py:188} INFO - [2025-12-21T07:06:32.014+0000] {dagbag.py:540} INFO - Filling up the DagBag from /home/airflow/.local/lib/python3.8/site-packages/airflow/example_dags/example_xcomargs.py
[2025-12-21T07:06:32.022+0000] {processor.py:840} INFO - DAG(s) 'example_xcom_args', 'example_xcom_args_with_operators' retrieved from /home/airflow/.local/lib/python3.8/site-packages/airflow/example_dags/example_xcomargs.py
[2025-12-21T07:06:32.051+0000] {logging_mixin.py:188} INFO - [2025-12-21T07:06:32.051+0000] {dag.py:3047} INFO - Sync 2 DAGs
[2025-12-21T07:06:32.064+0000] {logging_mixin.py:188} INFO - [2025-12-21T07:06:32.064+0000] {dag.py:3834} INFO - Setting next_dagrun for example_xcom_args to None, run_after=None
[2025-12-21T07:06:32.068+0000] {logging_mixin.py:188} INFO - [2025-12-21T07:06:32.068+0000] {dag.py:3834} INFO - Setting next_dagrun for example_xcom_args_with_operators to None, run_after=None
[2025-12-21T07:06:32.113+0000] {processor.py:183} INFO - Processing /home/airflow/.local/lib/python3.8/site-packages/airflow/example_dags/example_xcomargs.py took 0.106 seconds
[2025-12-21T07:07:02.391+0000] {processor.py:161} INFO - Started process (PID=969) to work on /home/airflow/.local/lib/python3.8/site-packages/airflow/example_dags/example_xcomargs.py
[2025-12-21T07:07:02.393+0000] {processor.py:830} INFO - Processing file /home/airflow/.local/lib/python3.8/site-packages/airflow/example_dags/example_xcomargs.py for tasks to queue
[2025-12-21T07:07:02.395+0000] {logging_mixin.py:188} INFO - [2025-12-21T07:07:02.395+0000] {dagbag.py:540} INFO - Filling up the DagBag from /home/airflow/.local/lib/python3.8/site-packages/airflow/example_dags/example_xcomargs.py
[2025-12-21T07:07:02.406+0000] {processor.py:840} INFO - DAG(s) 'example_xcom_args_with_operators', 'example_xcom_args' retrieved from /home/airflow/.local/lib/python3.8/site-packages/airflow/example_dags/example_xcomargs.py
[2025-12-21T07:07:02.437+0000] {logging_mixin.py:188} INFO - [2025-12-21T07:07:02.436+0000] {dag.py:3047} INFO - Sync 2 DAGs
[2025-12-21T07:07:02.454+0000] {logging_mixin.py:188} INFO - [2025-12-21T07:07:02.454+0000] {dag.py:3834} INFO - Setting next_dagrun for example_xcom_args to None, run_after=None
[2025-12-21T07:07:02.459+0000] {logging_mixin.py:188} INFO - [2025-12-21T07:07:02.459+0000] {dag.py:3834} INFO - Setting next_dagrun for example_xcom_args_with_operators to None, run_after=None
[2025-12-21T07:07:02.488+0000] {processor.py:183} INFO - Processing /home/airflow/.local/lib/python3.8/site-packages/airflow/example_dags/example_xcomargs.py took 0.101 seconds
[2025-12-21T07:07:32.831+0000] {processor.py:161} INFO - Started process (PID=1025) to work on /home/airflow/.local/lib/python3.8/site-packages/airflow/example_dags/example_xcomargs.py
[2025-12-21T07:07:32.833+0000] {processor.py:830} INFO - Processing file /home/airflow/.local/lib/python3.8/site-packages/airflow/example_dags/example_xcomargs.py for tasks to queue
[2025-12-21T07:07:32.835+0000] {logging_mixin.py:188} INFO - [2025-12-21T07:07:32.835+0000] {dagbag.py:540} INFO - Filling up the DagBag from /home/airflow/.local/lib/python3.8/site-packages/airflow/example_dags/example_xcomargs.py
[2025-12-21T07:07:32.845+0000] {processor.py:840} INFO - DAG(s) 'example_xcom_args', 'example_xcom_args_with_operators' retrieved from /home/airflow/.local/lib/python3.8/site-packages/airflow/example_dags/example_xcomargs.py
[2025-12-21T07:07:32.872+0000] {logging_mixin.py:188} INFO - [2025-12-21T07:07:32.872+0000] {dag.py:3047} INFO - Sync 2 DAGs
[2025-12-21T07:07:32.887+0000] {logging_mixin.py:188} INFO - [2025-12-21T07:07:32.886+0000] {dag.py:3834} INFO - Setting next_dagrun for example_xcom_args to None, run_after=None
[2025-12-21T07:07:32.892+0000] {logging_mixin.py:188} INFO - [2025-12-21T07:07:32.891+0000] {dag.py:3834} INFO - Setting next_dagrun for example_xcom_args_with_operators to None, run_after=None
[2025-12-21T07:07:32.934+0000] {processor.py:183} INFO - Processing /home/airflow/.local/lib/python3.8/site-packages/airflow/example_dags/example_xcomargs.py took 0.106 seconds
[2025-12-21T07:08:03.799+0000] {processor.py:161} INFO - Started process (PID=1081) to work on /home/airflow/.local/lib/python3.8/site-packages/airflow/example_dags/example_xcomargs.py
[2025-12-21T07:08:03.800+0000] {processor.py:830} INFO - Processing file /home/airflow/.local/lib/python3.8/site-packages/airflow/example_dags/example_xcomargs.py for tasks to queue
[2025-12-21T07:08:03.803+0000] {logging_mixin.py:188} INFO - [2025-12-21T07:08:03.802+0000] {dagbag.py:540} INFO - Filling up the DagBag from /home/airflow/.local/lib/python3.8/site-packages/airflow/example_dags/example_xcomargs.py
[2025-12-21T07:08:03.811+0000] {processor.py:840} INFO - DAG(s) 'example_xcom_args_with_operators', 'example_xcom_args' retrieved from /home/airflow/.local/lib/python3.8/site-packages/airflow/example_dags/example_xcomargs.py
[2025-12-21T07:08:03.839+0000] {logging_mixin.py:188} INFO - [2025-12-21T07:08:03.839+0000] {dag.py:3047} INFO - Sync 2 DAGs
[2025-12-21T07:08:03.853+0000] {logging_mixin.py:188} INFO - [2025-12-21T07:08:03.852+0000] {dag.py:3834} INFO - Setting next_dagrun for example_xcom_args to None, run_after=None
[2025-12-21T07:08:03.857+0000] {logging_mixin.py:188} INFO - [2025-12-21T07:08:03.857+0000] {dag.py:3834} INFO - Setting next_dagrun for example_xcom_args_with_operators to None, run_after=None
[2025-12-21T07:08:03.879+0000] {processor.py:183} INFO - Processing /home/airflow/.local/lib/python3.8/site-packages/airflow/example_dags/example_xcomargs.py took 0.084 seconds
[2025-12-21T07:08:34.759+0000] {processor.py:161} INFO - Started process (PID=1137) to work on /home/airflow/.local/lib/python3.8/site-packages/airflow/example_dags/example_xcomargs.py
[2025-12-21T07:08:34.761+0000] {processor.py:830} INFO - Processing file /home/airflow/.local/lib/python3.8/site-packages/airflow/example_dags/example_xcomargs.py for tasks to queue
[2025-12-21T07:08:34.764+0000] {logging_mixin.py:188} INFO - [2025-12-21T07:08:34.764+0000] {dagbag.py:540} INFO - Filling up the DagBag from /home/airflow/.local/lib/python3.8/site-packages/airflow/example_dags/example_xcomargs.py
[2025-12-21T07:08:34.777+0000] {processor.py:840} INFO - DAG(s) 'example_xcom_args', 'example_xcom_args_with_operators' retrieved from /home/airflow/.local/lib/python3.8/site-packages/airflow/example_dags/example_xcomargs.py
[2025-12-21T07:08:34.823+0000] {logging_mixin.py:188} INFO - [2025-12-21T07:08:34.822+0000] {dag.py:3047} INFO - Sync 2 DAGs
[2025-12-21T07:08:34.844+0000] {logging_mixin.py:188} INFO - [2025-12-21T07:08:34.844+0000] {dag.py:3834} INFO - Setting next_dagrun for example_xcom_args to None, run_after=None
[2025-12-21T07:08:34.853+0000] {logging_mixin.py:188} INFO - [2025-12-21T07:08:34.852+0000] {dag.py:3834} INFO - Setting next_dagrun for example_xcom_args_with_operators to None, run_after=None
[2025-12-21T07:08:34.881+0000] {processor.py:183} INFO - Processing /home/airflow/.local/lib/python3.8/site-packages/airflow/example_dags/example_xcomargs.py took 0.127 seconds
[2025-12-21T07:11:44.496+0000] {processor.py:161} INFO - Started process (PID=84) to work on /home/airflow/.local/lib/python3.8/site-packages/airflow/example_dags/example_xcomargs.py
[2025-12-21T07:11:44.504+0000] {processor.py:830} INFO - Processing file /home/airflow/.local/lib/python3.8/site-packages/airflow/example_dags/example_xcomargs.py for tasks to queue
[2025-12-21T07:11:44.512+0000] {logging_mixin.py:188} INFO - [2025-12-21T07:11:44.512+0000] {dagbag.py:540} INFO - Filling up the DagBag from /home/airflow/.local/lib/python3.8/site-packages/airflow/example_dags/example_xcomargs.py
[2025-12-21T07:11:44.560+0000] {processor.py:840} INFO - DAG(s) 'example_xcom_args_with_operators', 'example_xcom_args' retrieved from /home/airflow/.local/lib/python3.8/site-packages/airflow/example_dags/example_xcomargs.py
[2025-12-21T07:11:44.612+0000] {logging_mixin.py:188} INFO - [2025-12-21T07:11:44.612+0000] {dag.py:3047} INFO - Sync 2 DAGs
[2025-12-21T07:11:44.663+0000] {logging_mixin.py:188} INFO - [2025-12-21T07:11:44.662+0000] {dag.py:3834} INFO - Setting next_dagrun for example_xcom_args to None, run_after=None
[2025-12-21T07:11:44.684+0000] {logging_mixin.py:188} INFO - [2025-12-21T07:11:44.684+0000] {dag.py:3834} INFO - Setting next_dagrun for example_xcom_args_with_operators to None, run_after=None
[2025-12-21T07:11:44.763+0000] {processor.py:183} INFO - Processing /home/airflow/.local/lib/python3.8/site-packages/airflow/example_dags/example_xcomargs.py took 0.286 seconds
[2025-12-21T07:12:15.574+0000] {processor.py:161} INFO - Started process (PID=140) to work on /home/airflow/.local/lib/python3.8/site-packages/airflow/example_dags/example_xcomargs.py
[2025-12-21T07:12:15.578+0000] {processor.py:830} INFO - Processing file /home/airflow/.local/lib/python3.8/site-packages/airflow/example_dags/example_xcomargs.py for tasks to queue
[2025-12-21T07:12:15.581+0000] {logging_mixin.py:188} INFO - [2025-12-21T07:12:15.580+0000] {dagbag.py:540} INFO - Filling up the DagBag from /home/airflow/.local/lib/python3.8/site-packages/airflow/example_dags/example_xcomargs.py
[2025-12-21T07:12:15.590+0000] {processor.py:840} INFO - DAG(s) 'example_xcom_args', 'example_xcom_args_with_operators' retrieved from /home/airflow/.local/lib/python3.8/site-packages/airflow/example_dags/example_xcomargs.py
[2025-12-21T07:12:15.764+0000] {logging_mixin.py:188} INFO - [2025-12-21T07:12:15.763+0000] {dag.py:3047} INFO - Sync 2 DAGs
[2025-12-21T07:12:15.783+0000] {logging_mixin.py:188} INFO - [2025-12-21T07:12:15.782+0000] {dag.py:3834} INFO - Setting next_dagrun for example_xcom_args to None, run_after=None
[2025-12-21T07:12:15.815+0000] {logging_mixin.py:188} INFO - [2025-12-21T07:12:15.814+0000] {dag.py:3834} INFO - Setting next_dagrun for example_xcom_args_with_operators to None, run_after=None
[2025-12-21T07:12:15.850+0000] {processor.py:183} INFO - Processing /home/airflow/.local/lib/python3.8/site-packages/airflow/example_dags/example_xcomargs.py took 0.280 seconds
[2025-12-21T07:12:46.297+0000] {processor.py:161} INFO - Started process (PID=196) to work on /home/airflow/.local/lib/python3.8/site-packages/airflow/example_dags/example_xcomargs.py
[2025-12-21T07:12:46.298+0000] {processor.py:830} INFO - Processing file /home/airflow/.local/lib/python3.8/site-packages/airflow/example_dags/example_xcomargs.py for tasks to queue
[2025-12-21T07:12:46.301+0000] {logging_mixin.py:188} INFO - [2025-12-21T07:12:46.300+0000] {dagbag.py:540} INFO - Filling up the DagBag from /home/airflow/.local/lib/python3.8/site-packages/airflow/example_dags/example_xcomargs.py
[2025-12-21T07:12:46.311+0000] {processor.py:840} INFO - DAG(s) 'example_xcom_args_with_operators', 'example_xcom_args' retrieved from /home/airflow/.local/lib/python3.8/site-packages/airflow/example_dags/example_xcomargs.py
[2025-12-21T07:12:46.341+0000] {logging_mixin.py:188} INFO - [2025-12-21T07:12:46.341+0000] {dag.py:3047} INFO - Sync 2 DAGs
[2025-12-21T07:12:46.354+0000] {logging_mixin.py:188} INFO - [2025-12-21T07:12:46.354+0000] {dag.py:3834} INFO - Setting next_dagrun for example_xcom_args to None, run_after=None
[2025-12-21T07:12:46.359+0000] {logging_mixin.py:188} INFO - [2025-12-21T07:12:46.359+0000] {dag.py:3834} INFO - Setting next_dagrun for example_xcom_args_with_operators to None, run_after=None
[2025-12-21T07:12:46.380+0000] {processor.py:183} INFO - Processing /home/airflow/.local/lib/python3.8/site-packages/airflow/example_dags/example_xcomargs.py took 0.088 seconds
[2025-12-21T07:13:16.676+0000] {processor.py:161} INFO - Started process (PID=252) to work on /home/airflow/.local/lib/python3.8/site-packages/airflow/example_dags/example_xcomargs.py
[2025-12-21T07:13:16.682+0000] {processor.py:830} INFO - Processing file /home/airflow/.local/lib/python3.8/site-packages/airflow/example_dags/example_xcomargs.py for tasks to queue
[2025-12-21T07:13:16.686+0000] {logging_mixin.py:188} INFO - [2025-12-21T07:13:16.685+0000] {dagbag.py:540} INFO - Filling up the DagBag from /home/airflow/.local/lib/python3.8/site-packages/airflow/example_dags/example_xcomargs.py
[2025-12-21T07:13:16.696+0000] {processor.py:840} INFO - DAG(s) 'example_xcom_args', 'example_xcom_args_with_operators' retrieved from /home/airflow/.local/lib/python3.8/site-packages/airflow/example_dags/example_xcomargs.py
[2025-12-21T07:13:16.733+0000] {logging_mixin.py:188} INFO - [2025-12-21T07:13:16.733+0000] {dag.py:3047} INFO - Sync 2 DAGs
[2025-12-21T07:13:16.755+0000] {logging_mixin.py:188} INFO - [2025-12-21T07:13:16.754+0000] {dag.py:3834} INFO - Setting next_dagrun for example_xcom_args to None, run_after=None
[2025-12-21T07:13:16.759+0000] {logging_mixin.py:188} INFO - [2025-12-21T07:13:16.759+0000] {dag.py:3834} INFO - Setting next_dagrun for example_xcom_args_with_operators to None, run_after=None
[2025-12-21T07:13:16.779+0000] {processor.py:183} INFO - Processing /home/airflow/.local/lib/python3.8/site-packages/airflow/example_dags/example_xcomargs.py took 0.108 seconds
[2025-12-21T07:13:47.481+0000] {processor.py:161} INFO - Started process (PID=308) to work on /home/airflow/.local/lib/python3.8/site-packages/airflow/example_dags/example_xcomargs.py
[2025-12-21T07:13:47.483+0000] {processor.py:830} INFO - Processing file /home/airflow/.local/lib/python3.8/site-packages/airflow/example_dags/example_xcomargs.py for tasks to queue
[2025-12-21T07:13:47.485+0000] {logging_mixin.py:188} INFO - [2025-12-21T07:13:47.485+0000] {dagbag.py:540} INFO - Filling up the DagBag from /home/airflow/.local/lib/python3.8/site-packages/airflow/example_dags/example_xcomargs.py
[2025-12-21T07:13:47.494+0000] {processor.py:840} INFO - DAG(s) 'example_xcom_args_with_operators', 'example_xcom_args' retrieved from /home/airflow/.local/lib/python3.8/site-packages/airflow/example_dags/example_xcomargs.py
[2025-12-21T07:13:47.520+0000] {logging_mixin.py:188} INFO - [2025-12-21T07:13:47.520+0000] {dag.py:3047} INFO - Sync 2 DAGs
[2025-12-21T07:13:47.534+0000] {logging_mixin.py:188} INFO - [2025-12-21T07:13:47.533+0000] {dag.py:3834} INFO - Setting next_dagrun for example_xcom_args to None, run_after=None
[2025-12-21T07:13:47.538+0000] {logging_mixin.py:188} INFO - [2025-12-21T07:13:47.538+0000] {dag.py:3834} INFO - Setting next_dagrun for example_xcom_args_with_operators to None, run_after=None
[2025-12-21T07:13:47.558+0000] {processor.py:183} INFO - Processing /home/airflow/.local/lib/python3.8/site-packages/airflow/example_dags/example_xcomargs.py took 0.081 seconds
[2025-12-21T07:14:18.156+0000] {processor.py:161} INFO - Started process (PID=364) to work on /home/airflow/.local/lib/python3.8/site-packages/airflow/example_dags/example_xcomargs.py
[2025-12-21T07:14:18.158+0000] {processor.py:830} INFO - Processing file /home/airflow/.local/lib/python3.8/site-packages/airflow/example_dags/example_xcomargs.py for tasks to queue
[2025-12-21T07:14:18.160+0000] {logging_mixin.py:188} INFO - [2025-12-21T07:14:18.160+0000] {dagbag.py:540} INFO - Filling up the DagBag from /home/airflow/.local/lib/python3.8/site-packages/airflow/example_dags/example_xcomargs.py
[2025-12-21T07:14:18.169+0000] {processor.py:840} INFO - DAG(s) 'example_xcom_args_with_operators', 'example_xcom_args' retrieved from /home/airflow/.local/lib/python3.8/site-packages/airflow/example_dags/example_xcomargs.py
[2025-12-21T07:14:18.196+0000] {logging_mixin.py:188} INFO - [2025-12-21T07:14:18.196+0000] {dag.py:3047} INFO - Sync 2 DAGs
[2025-12-21T07:14:18.213+0000] {logging_mixin.py:188} INFO - [2025-12-21T07:14:18.213+0000] {dag.py:3834} INFO - Setting next_dagrun for example_xcom_args to None, run_after=None
[2025-12-21T07:14:18.218+0000] {logging_mixin.py:188} INFO - [2025-12-21T07:14:18.217+0000] {dag.py:3834} INFO - Setting next_dagrun for example_xcom_args_with_operators to None, run_after=None
[2025-12-21T07:14:18.245+0000] {processor.py:183} INFO - Processing /home/airflow/.local/lib/python3.8/site-packages/airflow/example_dags/example_xcomargs.py took 0.093 seconds
[2025-12-21T07:14:48.974+0000] {processor.py:161} INFO - Started process (PID=420) to work on /home/airflow/.local/lib/python3.8/site-packages/airflow/example_dags/example_xcomargs.py
[2025-12-21T07:14:48.975+0000] {processor.py:830} INFO - Processing file /home/airflow/.local/lib/python3.8/site-packages/airflow/example_dags/example_xcomargs.py for tasks to queue
[2025-12-21T07:14:48.978+0000] {logging_mixin.py:188} INFO - [2025-12-21T07:14:48.978+0000] {dagbag.py:540} INFO - Filling up the DagBag from /home/airflow/.local/lib/python3.8/site-packages/airflow/example_dags/example_xcomargs.py
[2025-12-21T07:14:48.988+0000] {processor.py:840} INFO - DAG(s) 'example_xcom_args', 'example_xcom_args_with_operators' retrieved from /home/airflow/.local/lib/python3.8/site-packages/airflow/example_dags/example_xcomargs.py
[2025-12-21T07:14:49.016+0000] {logging_mixin.py:188} INFO - [2025-12-21T07:14:49.016+0000] {dag.py:3047} INFO - Sync 2 DAGs
[2025-12-21T07:14:49.030+0000] {logging_mixin.py:188} INFO - [2025-12-21T07:14:49.030+0000] {dag.py:3834} INFO - Setting next_dagrun for example_xcom_args to None, run_after=None
[2025-12-21T07:14:49.035+0000] {logging_mixin.py:188} INFO - [2025-12-21T07:14:49.035+0000] {dag.py:3834} INFO - Setting next_dagrun for example_xcom_args_with_operators to None, run_after=None
[2025-12-21T07:14:49.053+0000] {processor.py:183} INFO - Processing /home/airflow/.local/lib/python3.8/site-packages/airflow/example_dags/example_xcomargs.py took 0.083 seconds
[2025-12-21T07:15:19.184+0000] {processor.py:161} INFO - Started process (PID=476) to work on /home/airflow/.local/lib/python3.8/site-packages/airflow/example_dags/example_xcomargs.py
[2025-12-21T07:15:19.186+0000] {processor.py:830} INFO - Processing file /home/airflow/.local/lib/python3.8/site-packages/airflow/example_dags/example_xcomargs.py for tasks to queue
[2025-12-21T07:15:19.189+0000] {logging_mixin.py:188} INFO - [2025-12-21T07:15:19.189+0000] {dagbag.py:540} INFO - Filling up the DagBag from /home/airflow/.local/lib/python3.8/site-packages/airflow/example_dags/example_xcomargs.py
[2025-12-21T07:15:19.199+0000] {processor.py:840} INFO - DAG(s) 'example_xcom_args', 'example_xcom_args_with_operators' retrieved from /home/airflow/.local/lib/python3.8/site-packages/airflow/example_dags/example_xcomargs.py
[2025-12-21T07:15:19.225+0000] {logging_mixin.py:188} INFO - [2025-12-21T07:15:19.225+0000] {dag.py:3047} INFO - Sync 2 DAGs
[2025-12-21T07:15:19.239+0000] {logging_mixin.py:188} INFO - [2025-12-21T07:15:19.238+0000] {dag.py:3834} INFO - Setting next_dagrun for example_xcom_args to None, run_after=None
[2025-12-21T07:15:19.243+0000] {logging_mixin.py:188} INFO - [2025-12-21T07:15:19.243+0000] {dag.py:3834} INFO - Setting next_dagrun for example_xcom_args_with_operators to None, run_after=None
[2025-12-21T07:15:19.263+0000] {processor.py:183} INFO - Processing /home/airflow/.local/lib/python3.8/site-packages/airflow/example_dags/example_xcomargs.py took 0.082 seconds
[2025-12-21T07:15:49.458+0000] {processor.py:161} INFO - Started process (PID=532) to work on /home/airflow/.local/lib/python3.8/site-packages/airflow/example_dags/example_xcomargs.py
[2025-12-21T07:15:49.460+0000] {processor.py:830} INFO - Processing file /home/airflow/.local/lib/python3.8/site-packages/airflow/example_dags/example_xcomargs.py for tasks to queue
[2025-12-21T07:15:49.463+0000] {logging_mixin.py:188} INFO - [2025-12-21T07:15:49.463+0000] {dagbag.py:540} INFO - Filling up the DagBag from /home/airflow/.local/lib/python3.8/site-packages/airflow/example_dags/example_xcomargs.py
[2025-12-21T07:15:49.473+0000] {processor.py:840} INFO - DAG(s) 'example_xcom_args_with_operators', 'example_xcom_args' retrieved from /home/airflow/.local/lib/python3.8/site-packages/airflow/example_dags/example_xcomargs.py
[2025-12-21T07:15:49.502+0000] {logging_mixin.py:188} INFO - [2025-12-21T07:15:49.502+0000] {dag.py:3047} INFO - Sync 2 DAGs
[2025-12-21T07:15:49.518+0000] {logging_mixin.py:188} INFO - [2025-12-21T07:15:49.518+0000] {dag.py:3834} INFO - Setting next_dagrun for example_xcom_args to None, run_after=None
[2025-12-21T07:15:49.524+0000] {logging_mixin.py:188} INFO - [2025-12-21T07:15:49.523+0000] {dag.py:3834} INFO - Setting next_dagrun for example_xcom_args_with_operators to None, run_after=None
[2025-12-21T07:15:49.547+0000] {processor.py:183} INFO - Processing /home/airflow/.local/lib/python3.8/site-packages/airflow/example_dags/example_xcomargs.py took 0.094 seconds
[2025-12-21T07:16:20.691+0000] {processor.py:161} INFO - Started process (PID=588) to work on /home/airflow/.local/lib/python3.8/site-packages/airflow/example_dags/example_xcomargs.py
[2025-12-21T07:16:20.692+0000] {processor.py:830} INFO - Processing file /home/airflow/.local/lib/python3.8/site-packages/airflow/example_dags/example_xcomargs.py for tasks to queue
[2025-12-21T07:16:20.696+0000] {logging_mixin.py:188} INFO - [2025-12-21T07:16:20.696+0000] {dagbag.py:540} INFO - Filling up the DagBag from /home/airflow/.local/lib/python3.8/site-packages/airflow/example_dags/example_xcomargs.py
[2025-12-21T07:16:20.710+0000] {processor.py:840} INFO - DAG(s) 'example_xcom_args', 'example_xcom_args_with_operators' retrieved from /home/airflow/.local/lib/python3.8/site-packages/airflow/example_dags/example_xcomargs.py
[2025-12-21T07:16:20.751+0000] {logging_mixin.py:188} INFO - [2025-12-21T07:16:20.751+0000] {dag.py:3047} INFO - Sync 2 DAGs
[2025-12-21T07:16:20.773+0000] {logging_mixin.py:188} INFO - [2025-12-21T07:16:20.773+0000] {dag.py:3834} INFO - Setting next_dagrun for example_xcom_args to None, run_after=None
[2025-12-21T07:16:20.780+0000] {logging_mixin.py:188} INFO - [2025-12-21T07:16:20.780+0000] {dag.py:3834} INFO - Setting next_dagrun for example_xcom_args_with_operators to None, run_after=None
[2025-12-21T07:16:20.808+0000] {processor.py:183} INFO - Processing /home/airflow/.local/lib/python3.8/site-packages/airflow/example_dags/example_xcomargs.py took 0.123 seconds
[2025-12-21T07:16:51.369+0000] {processor.py:161} INFO - Started process (PID=644) to work on /home/airflow/.local/lib/python3.8/site-packages/airflow/example_dags/example_xcomargs.py
[2025-12-21T07:16:51.371+0000] {processor.py:830} INFO - Processing file /home/airflow/.local/lib/python3.8/site-packages/airflow/example_dags/example_xcomargs.py for tasks to queue
[2025-12-21T07:16:51.373+0000] {logging_mixin.py:188} INFO - [2025-12-21T07:16:51.372+0000] {dagbag.py:540} INFO - Filling up the DagBag from /home/airflow/.local/lib/python3.8/site-packages/airflow/example_dags/example_xcomargs.py
[2025-12-21T07:16:51.385+0000] {processor.py:840} INFO - DAG(s) 'example_xcom_args_with_operators', 'example_xcom_args' retrieved from /home/airflow/.local/lib/python3.8/site-packages/airflow/example_dags/example_xcomargs.py
[2025-12-21T07:16:51.421+0000] {logging_mixin.py:188} INFO - [2025-12-21T07:16:51.421+0000] {dag.py:3047} INFO - Sync 2 DAGs
[2025-12-21T07:16:51.438+0000] {logging_mixin.py:188} INFO - [2025-12-21T07:16:51.438+0000] {dag.py:3834} INFO - Setting next_dagrun for example_xcom_args to None, run_after=None
[2025-12-21T07:16:51.444+0000] {logging_mixin.py:188} INFO - [2025-12-21T07:16:51.443+0000] {dag.py:3834} INFO - Setting next_dagrun for example_xcom_args_with_operators to None, run_after=None
[2025-12-21T07:16:51.472+0000] {processor.py:183} INFO - Processing /home/airflow/.local/lib/python3.8/site-packages/airflow/example_dags/example_xcomargs.py took 0.108 seconds
[2025-12-21T07:17:21.621+0000] {processor.py:161} INFO - Started process (PID=700) to work on /home/airflow/.local/lib/python3.8/site-packages/airflow/example_dags/example_xcomargs.py
[2025-12-21T07:17:21.622+0000] {processor.py:830} INFO - Processing file /home/airflow/.local/lib/python3.8/site-packages/airflow/example_dags/example_xcomargs.py for tasks to queue
[2025-12-21T07:17:21.625+0000] {logging_mixin.py:188} INFO - [2025-12-21T07:17:21.624+0000] {dagbag.py:540} INFO - Filling up the DagBag from /home/airflow/.local/lib/python3.8/site-packages/airflow/example_dags/example_xcomargs.py
[2025-12-21T07:17:21.634+0000] {processor.py:840} INFO - DAG(s) 'example_xcom_args', 'example_xcom_args_with_operators' retrieved from /home/airflow/.local/lib/python3.8/site-packages/airflow/example_dags/example_xcomargs.py
[2025-12-21T07:17:21.662+0000] {logging_mixin.py:188} INFO - [2025-12-21T07:17:21.662+0000] {dag.py:3047} INFO - Sync 2 DAGs
[2025-12-21T07:17:21.677+0000] {logging_mixin.py:188} INFO - [2025-12-21T07:17:21.677+0000] {dag.py:3834} INFO - Setting next_dagrun for example_xcom_args to None, run_after=None
[2025-12-21T07:17:21.682+0000] {logging_mixin.py:188} INFO - [2025-12-21T07:17:21.681+0000] {dag.py:3834} INFO - Setting next_dagrun for example_xcom_args_with_operators to None, run_after=None
[2025-12-21T07:17:21.705+0000] {processor.py:183} INFO - Processing /home/airflow/.local/lib/python3.8/site-packages/airflow/example_dags/example_xcomargs.py took 0.089 seconds
[2025-12-21T07:17:51.779+0000] {processor.py:161} INFO - Started process (PID=757) to work on /home/airflow/.local/lib/python3.8/site-packages/airflow/example_dags/example_xcomargs.py
[2025-12-21T07:17:51.780+0000] {processor.py:830} INFO - Processing file /home/airflow/.local/lib/python3.8/site-packages/airflow/example_dags/example_xcomargs.py for tasks to queue
[2025-12-21T07:17:51.783+0000] {logging_mixin.py:188} INFO - [2025-12-21T07:17:51.782+0000] {dagbag.py:540} INFO - Filling up the DagBag from /home/airflow/.local/lib/python3.8/site-packages/airflow/example_dags/example_xcomargs.py
[2025-12-21T07:17:51.791+0000] {processor.py:840} INFO - DAG(s) 'example_xcom_args_with_operators', 'example_xcom_args' retrieved from /home/airflow/.local/lib/python3.8/site-packages/airflow/example_dags/example_xcomargs.py
[2025-12-21T07:17:51.814+0000] {logging_mixin.py:188} INFO - [2025-12-21T07:17:51.814+0000] {dag.py:3047} INFO - Sync 2 DAGs
[2025-12-21T07:17:51.827+0000] {logging_mixin.py:188} INFO - [2025-12-21T07:17:51.826+0000] {dag.py:3834} INFO - Setting next_dagrun for example_xcom_args to None, run_after=None
[2025-12-21T07:17:51.830+0000] {logging_mixin.py:188} INFO - [2025-12-21T07:17:51.830+0000] {dag.py:3834} INFO - Setting next_dagrun for example_xcom_args_with_operators to None, run_after=None
[2025-12-21T07:17:51.848+0000] {processor.py:183} INFO - Processing /home/airflow/.local/lib/python3.8/site-packages/airflow/example_dags/example_xcomargs.py took 0.073 seconds
[2025-12-21T07:18:22.723+0000] {processor.py:161} INFO - Started process (PID=813) to work on /home/airflow/.local/lib/python3.8/site-packages/airflow/example_dags/example_xcomargs.py
[2025-12-21T07:18:22.724+0000] {processor.py:830} INFO - Processing file /home/airflow/.local/lib/python3.8/site-packages/airflow/example_dags/example_xcomargs.py for tasks to queue
[2025-12-21T07:18:22.727+0000] {logging_mixin.py:188} INFO - [2025-12-21T07:18:22.726+0000] {dagbag.py:540} INFO - Filling up the DagBag from /home/airflow/.local/lib/python3.8/site-packages/airflow/example_dags/example_xcomargs.py
[2025-12-21T07:18:22.736+0000] {processor.py:840} INFO - DAG(s) 'example_xcom_args', 'example_xcom_args_with_operators' retrieved from /home/airflow/.local/lib/python3.8/site-packages/airflow/example_dags/example_xcomargs.py
[2025-12-21T07:18:22.775+0000] {logging_mixin.py:188} INFO - [2025-12-21T07:18:22.774+0000] {dag.py:3047} INFO - Sync 2 DAGs
[2025-12-21T07:18:22.795+0000] {logging_mixin.py:188} INFO - [2025-12-21T07:18:22.795+0000] {dag.py:3834} INFO - Setting next_dagrun for example_xcom_args to None, run_after=None
[2025-12-21T07:18:22.803+0000] {logging_mixin.py:188} INFO - [2025-12-21T07:18:22.802+0000] {dag.py:3834} INFO - Setting next_dagrun for example_xcom_args_with_operators to None, run_after=None
[2025-12-21T07:18:22.831+0000] {processor.py:183} INFO - Processing /home/airflow/.local/lib/python3.8/site-packages/airflow/example_dags/example_xcomargs.py took 0.113 seconds
[2025-12-21T07:18:53.651+0000] {processor.py:161} INFO - Started process (PID=869) to work on /home/airflow/.local/lib/python3.8/site-packages/airflow/example_dags/example_xcomargs.py
[2025-12-21T07:18:53.653+0000] {processor.py:830} INFO - Processing file /home/airflow/.local/lib/python3.8/site-packages/airflow/example_dags/example_xcomargs.py for tasks to queue
[2025-12-21T07:18:53.655+0000] {logging_mixin.py:188} INFO - [2025-12-21T07:18:53.655+0000] {dagbag.py:540} INFO - Filling up the DagBag from /home/airflow/.local/lib/python3.8/site-packages/airflow/example_dags/example_xcomargs.py
[2025-12-21T07:18:53.666+0000] {processor.py:840} INFO - DAG(s) 'example_xcom_args', 'example_xcom_args_with_operators' retrieved from /home/airflow/.local/lib/python3.8/site-packages/airflow/example_dags/example_xcomargs.py
[2025-12-21T07:18:53.690+0000] {logging_mixin.py:188} INFO - [2025-12-21T07:18:53.690+0000] {dag.py:3047} INFO - Sync 2 DAGs
[2025-12-21T07:18:53.702+0000] {logging_mixin.py:188} INFO - [2025-12-21T07:18:53.701+0000] {dag.py:3834} INFO - Setting next_dagrun for example_xcom_args to None, run_after=None
[2025-12-21T07:18:53.706+0000] {logging_mixin.py:188} INFO - [2025-12-21T07:18:53.705+0000] {dag.py:3834} INFO - Setting next_dagrun for example_xcom_args_with_operators to None, run_after=None
[2025-12-21T07:18:53.724+0000] {processor.py:183} INFO - Processing /home/airflow/.local/lib/python3.8/site-packages/airflow/example_dags/example_xcomargs.py took 0.077 seconds
[2025-12-21T07:19:25.581+0000] {processor.py:161} INFO - Started process (PID=925) to work on /home/airflow/.local/lib/python3.8/site-packages/airflow/example_dags/example_xcomargs.py
[2025-12-21T07:19:25.584+0000] {processor.py:830} INFO - Processing file /home/airflow/.local/lib/python3.8/site-packages/airflow/example_dags/example_xcomargs.py for tasks to queue
[2025-12-21T07:19:25.591+0000] {logging_mixin.py:188} INFO - [2025-12-21T07:19:25.591+0000] {dagbag.py:540} INFO - Filling up the DagBag from /home/airflow/.local/lib/python3.8/site-packages/airflow/example_dags/example_xcomargs.py
[2025-12-21T07:19:25.616+0000] {processor.py:840} INFO - DAG(s) 'example_xcom_args_with_operators', 'example_xcom_args' retrieved from /home/airflow/.local/lib/python3.8/site-packages/airflow/example_dags/example_xcomargs.py
[2025-12-21T07:19:25.688+0000] {logging_mixin.py:188} INFO - [2025-12-21T07:19:25.687+0000] {dag.py:3047} INFO - Sync 2 DAGs
[2025-12-21T07:19:25.739+0000] {logging_mixin.py:188} INFO - [2025-12-21T07:19:25.739+0000] {dag.py:3834} INFO - Setting next_dagrun for example_xcom_args to None, run_after=None
[2025-12-21T07:19:25.750+0000] {logging_mixin.py:188} INFO - [2025-12-21T07:19:25.750+0000] {dag.py:3834} INFO - Setting next_dagrun for example_xcom_args_with_operators to None, run_after=None
[2025-12-21T07:19:25.806+0000] {processor.py:183} INFO - Processing /home/airflow/.local/lib/python3.8/site-packages/airflow/example_dags/example_xcomargs.py took 0.246 seconds
[2025-12-21T07:19:55.903+0000] {processor.py:161} INFO - Started process (PID=982) to work on /home/airflow/.local/lib/python3.8/site-packages/airflow/example_dags/example_xcomargs.py
[2025-12-21T07:19:55.904+0000] {processor.py:830} INFO - Processing file /home/airflow/.local/lib/python3.8/site-packages/airflow/example_dags/example_xcomargs.py for tasks to queue
[2025-12-21T07:19:55.907+0000] {logging_mixin.py:188} INFO - [2025-12-21T07:19:55.906+0000] {dagbag.py:540} INFO - Filling up the DagBag from /home/airflow/.local/lib/python3.8/site-packages/airflow/example_dags/example_xcomargs.py
[2025-12-21T07:19:55.918+0000] {processor.py:840} INFO - DAG(s) 'example_xcom_args_with_operators', 'example_xcom_args' retrieved from /home/airflow/.local/lib/python3.8/site-packages/airflow/example_dags/example_xcomargs.py
[2025-12-21T07:19:55.954+0000] {logging_mixin.py:188} INFO - [2025-12-21T07:19:55.954+0000] {dag.py:3047} INFO - Sync 2 DAGs
[2025-12-21T07:19:55.991+0000] {logging_mixin.py:188} INFO - [2025-12-21T07:19:55.990+0000] {dag.py:3834} INFO - Setting next_dagrun for example_xcom_args to None, run_after=None
[2025-12-21T07:19:55.997+0000] {logging_mixin.py:188} INFO - [2025-12-21T07:19:55.997+0000] {dag.py:3834} INFO - Setting next_dagrun for example_xcom_args_with_operators to None, run_after=None
[2025-12-21T07:19:56.028+0000] {processor.py:183} INFO - Processing /home/airflow/.local/lib/python3.8/site-packages/airflow/example_dags/example_xcomargs.py took 0.132 seconds
[2025-12-21T07:20:26.500+0000] {processor.py:161} INFO - Started process (PID=1038) to work on /home/airflow/.local/lib/python3.8/site-packages/airflow/example_dags/example_xcomargs.py
[2025-12-21T07:20:26.501+0000] {processor.py:830} INFO - Processing file /home/airflow/.local/lib/python3.8/site-packages/airflow/example_dags/example_xcomargs.py for tasks to queue
[2025-12-21T07:20:26.504+0000] {logging_mixin.py:188} INFO - [2025-12-21T07:20:26.504+0000] {dagbag.py:540} INFO - Filling up the DagBag from /home/airflow/.local/lib/python3.8/site-packages/airflow/example_dags/example_xcomargs.py
[2025-12-21T07:20:26.518+0000] {processor.py:840} INFO - DAG(s) 'example_xcom_args', 'example_xcom_args_with_operators' retrieved from /home/airflow/.local/lib/python3.8/site-packages/airflow/example_dags/example_xcomargs.py
[2025-12-21T07:20:26.546+0000] {logging_mixin.py:188} INFO - [2025-12-21T07:20:26.545+0000] {dag.py:3047} INFO - Sync 2 DAGs
[2025-12-21T07:20:26.564+0000] {logging_mixin.py:188} INFO - [2025-12-21T07:20:26.564+0000] {dag.py:3834} INFO - Setting next_dagrun for example_xcom_args to None, run_after=None
[2025-12-21T07:20:26.569+0000] {logging_mixin.py:188} INFO - [2025-12-21T07:20:26.569+0000] {dag.py:3834} INFO - Setting next_dagrun for example_xcom_args_with_operators to None, run_after=None
[2025-12-21T07:20:26.589+0000] {processor.py:183} INFO - Processing /home/airflow/.local/lib/python3.8/site-packages/airflow/example_dags/example_xcomargs.py took 0.093 seconds
[2025-12-21T07:20:40.864+0000] {processor.py:161} INFO - Started process (PID=73) to work on /home/airflow/.local/lib/python3.8/site-packages/airflow/example_dags/example_xcomargs.py
[2025-12-21T07:20:40.866+0000] {processor.py:830} INFO - Processing file /home/airflow/.local/lib/python3.8/site-packages/airflow/example_dags/example_xcomargs.py for tasks to queue
[2025-12-21T07:20:40.868+0000] {logging_mixin.py:188} INFO - [2025-12-21T07:20:40.868+0000] {dagbag.py:540} INFO - Filling up the DagBag from /home/airflow/.local/lib/python3.8/site-packages/airflow/example_dags/example_xcomargs.py
[2025-12-21T07:20:40.878+0000] {processor.py:840} INFO - DAG(s) 'example_xcom_args_with_operators', 'example_xcom_args' retrieved from /home/airflow/.local/lib/python3.8/site-packages/airflow/example_dags/example_xcomargs.py
[2025-12-21T07:20:40.910+0000] {logging_mixin.py:188} INFO - [2025-12-21T07:20:40.909+0000] {dag.py:3047} INFO - Sync 2 DAGs
[2025-12-21T07:20:40.923+0000] {logging_mixin.py:188} INFO - [2025-12-21T07:20:40.923+0000] {dag.py:3834} INFO - Setting next_dagrun for example_xcom_args to None, run_after=None
[2025-12-21T07:20:40.928+0000] {logging_mixin.py:188} INFO - [2025-12-21T07:20:40.928+0000] {dag.py:3834} INFO - Setting next_dagrun for example_xcom_args_with_operators to None, run_after=None
[2025-12-21T07:20:40.946+0000] {processor.py:183} INFO - Processing /home/airflow/.local/lib/python3.8/site-packages/airflow/example_dags/example_xcomargs.py took 0.085 seconds
[2025-12-21T07:21:11.857+0000] {processor.py:161} INFO - Started process (PID=129) to work on /home/airflow/.local/lib/python3.8/site-packages/airflow/example_dags/example_xcomargs.py
[2025-12-21T07:21:11.859+0000] {processor.py:830} INFO - Processing file /home/airflow/.local/lib/python3.8/site-packages/airflow/example_dags/example_xcomargs.py for tasks to queue
[2025-12-21T07:21:11.861+0000] {logging_mixin.py:188} INFO - [2025-12-21T07:21:11.861+0000] {dagbag.py:540} INFO - Filling up the DagBag from /home/airflow/.local/lib/python3.8/site-packages/airflow/example_dags/example_xcomargs.py
[2025-12-21T07:21:11.076+0000] {processor.py:840} INFO - DAG(s) 'example_xcom_args_with_operators', 'example_xcom_args' retrieved from /home/airflow/.local/lib/python3.8/site-packages/airflow/example_dags/example_xcomargs.py
[2025-12-21T07:21:11.111+0000] {logging_mixin.py:188} INFO - [2025-12-21T07:21:11.110+0000] {dag.py:3047} INFO - Sync 2 DAGs
[2025-12-21T07:21:11.131+0000] {logging_mixin.py:188} INFO - [2025-12-21T07:21:11.131+0000] {dag.py:3834} INFO - Setting next_dagrun for example_xcom_args to None, run_after=None
[2025-12-21T07:21:11.140+0000] {logging_mixin.py:188} INFO - [2025-12-21T07:21:11.139+0000] {dag.py:3834} INFO - Setting next_dagrun for example_xcom_args_with_operators to None, run_after=None
[2025-12-21T07:21:11.166+0000] {processor.py:183} INFO - Processing /home/airflow/.local/lib/python3.8/site-packages/airflow/example_dags/example_xcomargs.py took 0.113 seconds
[2025-12-21T07:22:21.720+0000] {processor.py:161} INFO - Started process (PID=80) to work on /home/airflow/.local/lib/python3.8/site-packages/airflow/example_dags/example_xcomargs.py
[2025-12-21T07:22:21.721+0000] {processor.py:830} INFO - Processing file /home/airflow/.local/lib/python3.8/site-packages/airflow/example_dags/example_xcomargs.py for tasks to queue
[2025-12-21T07:22:21.724+0000] {logging_mixin.py:188} INFO - [2025-12-21T07:22:21.724+0000] {dagbag.py:540} INFO - Filling up the DagBag from /home/airflow/.local/lib/python3.8/site-packages/airflow/example_dags/example_xcomargs.py
[2025-12-21T07:22:21.742+0000] {processor.py:840} INFO - DAG(s) 'example_xcom_args_with_operators', 'example_xcom_args' retrieved from /home/airflow/.local/lib/python3.8/site-packages/airflow/example_dags/example_xcomargs.py
[2025-12-21T07:22:21.764+0000] {logging_mixin.py:188} INFO - [2025-12-21T07:22:21.764+0000] {dag.py:3047} INFO - Sync 2 DAGs
[2025-12-21T07:22:21.785+0000] {logging_mixin.py:188} INFO - [2025-12-21T07:22:21.784+0000] {dag.py:3834} INFO - Setting next_dagrun for example_xcom_args to None, run_after=None
[2025-12-21T07:22:21.790+0000] {logging_mixin.py:188} INFO - [2025-12-21T07:22:21.789+0000] {dag.py:3834} INFO - Setting next_dagrun for example_xcom_args_with_operators to None, run_after=None
[2025-12-21T07:22:21.811+0000] {processor.py:183} INFO - Processing /home/airflow/.local/lib/python3.8/site-packages/airflow/example_dags/example_xcomargs.py took 0.098 seconds
[2025-12-21T07:22:53.238+0000] {processor.py:161} INFO - Started process (PID=143) to work on /home/airflow/.local/lib/python3.8/site-packages/airflow/example_dags/example_xcomargs.py
[2025-12-21T07:22:53.240+0000] {processor.py:830} INFO - Processing file /home/airflow/.local/lib/python3.8/site-packages/airflow/example_dags/example_xcomargs.py for tasks to queue
[2025-12-21T07:22:53.243+0000] {logging_mixin.py:188} INFO - [2025-12-21T07:22:53.243+0000] {dagbag.py:540} INFO - Filling up the DagBag from /home/airflow/.local/lib/python3.8/site-packages/airflow/example_dags/example_xcomargs.py
[2025-12-21T07:22:53.254+0000] {processor.py:840} INFO - DAG(s) 'example_xcom_args', 'example_xcom_args_with_operators' retrieved from /home/airflow/.local/lib/python3.8/site-packages/airflow/example_dags/example_xcomargs.py
[2025-12-21T07:22:53.387+0000] {logging_mixin.py:188} INFO - [2025-12-21T07:22:53.387+0000] {dag.py:3047} INFO - Sync 2 DAGs
[2025-12-21T07:22:53.399+0000] {logging_mixin.py:188} INFO - [2025-12-21T07:22:53.399+0000] {dag.py:3834} INFO - Setting next_dagrun for example_xcom_args to None, run_after=None
[2025-12-21T07:22:53.404+0000] {logging_mixin.py:188} INFO - [2025-12-21T07:22:53.404+0000] {dag.py:3834} INFO - Setting next_dagrun for example_xcom_args_with_operators to None, run_after=None
[2025-12-21T07:22:53.424+0000] {processor.py:183} INFO - Processing /home/airflow/.local/lib/python3.8/site-packages/airflow/example_dags/example_xcomargs.py took 0.190 seconds
[2025-12-21T07:28:32.589+0000] {processor.py:161} INFO - Started process (PID=88) to work on /home/airflow/.local/lib/python3.8/site-packages/airflow/example_dags/example_xcomargs.py
[2025-12-21T07:28:32.593+0000] {processor.py:830} INFO - Processing file /home/airflow/.local/lib/python3.8/site-packages/airflow/example_dags/example_xcomargs.py for tasks to queue
[2025-12-21T07:28:32.600+0000] {logging_mixin.py:188} INFO - [2025-12-21T07:28:32.600+0000] {dagbag.py:540} INFO - Filling up the DagBag from /home/airflow/.local/lib/python3.8/site-packages/airflow/example_dags/example_xcomargs.py
[2025-12-21T07:28:32.623+0000] {processor.py:840} INFO - DAG(s) 'example_xcom_args', 'example_xcom_args_with_operators' retrieved from /home/airflow/.local/lib/python3.8/site-packages/airflow/example_dags/example_xcomargs.py
[2025-12-21T07:28:32.645+0000] {logging_mixin.py:188} INFO - [2025-12-21T07:28:32.645+0000] {dag.py:3047} INFO - Sync 2 DAGs
[2025-12-21T07:28:32.666+0000] {logging_mixin.py:188} INFO - [2025-12-21T07:28:32.665+0000] {dag.py:3834} INFO - Setting next_dagrun for example_xcom_args to None, run_after=None
[2025-12-21T07:28:32.677+0000] {logging_mixin.py:188} INFO - [2025-12-21T07:28:32.677+0000] {dag.py:3834} INFO - Setting next_dagrun for example_xcom_args_with_operators to None, run_after=None
[2025-12-21T07:28:32.739+0000] {processor.py:183} INFO - Processing /home/airflow/.local/lib/python3.8/site-packages/airflow/example_dags/example_xcomargs.py took 0.168 seconds
[2025-12-21T07:29:02.899+0000] {processor.py:161} INFO - Started process (PID=144) to work on /home/airflow/.local/lib/python3.8/site-packages/airflow/example_dags/example_xcomargs.py
[2025-12-21T07:29:02.900+0000] {processor.py:830} INFO - Processing file /home/airflow/.local/lib/python3.8/site-packages/airflow/example_dags/example_xcomargs.py for tasks to queue
[2025-12-21T07:29:02.903+0000] {logging_mixin.py:188} INFO - [2025-12-21T07:29:02.902+0000] {dagbag.py:540} INFO - Filling up the DagBag from /home/airflow/.local/lib/python3.8/site-packages/airflow/example_dags/example_xcomargs.py
[2025-12-21T07:29:02.912+0000] {processor.py:840} INFO - DAG(s) 'example_xcom_args_with_operators', 'example_xcom_args' retrieved from /home/airflow/.local/lib/python3.8/site-packages/airflow/example_dags/example_xcomargs.py
[2025-12-21T07:29:03.029+0000] {logging_mixin.py:188} INFO - [2025-12-21T07:29:03.029+0000] {dag.py:3047} INFO - Sync 2 DAGs
[2025-12-21T07:29:03.041+0000] {logging_mixin.py:188} INFO - [2025-12-21T07:29:03.040+0000] {dag.py:3834} INFO - Setting next_dagrun for example_xcom_args to None, run_after=None
[2025-12-21T07:29:03.045+0000] {logging_mixin.py:188} INFO - [2025-12-21T07:29:03.045+0000] {dag.py:3834} INFO - Setting next_dagrun for example_xcom_args_with_operators to None, run_after=None
[2025-12-21T07:29:03.070+0000] {processor.py:183} INFO - Processing /home/airflow/.local/lib/python3.8/site-packages/airflow/example_dags/example_xcomargs.py took 0.175 seconds
[2025-12-21T07:29:33.739+0000] {processor.py:161} INFO - Started process (PID=200) to work on /home/airflow/.local/lib/python3.8/site-packages/airflow/example_dags/example_xcomargs.py
[2025-12-21T07:29:33.740+0000] {processor.py:830} INFO - Processing file /home/airflow/.local/lib/python3.8/site-packages/airflow/example_dags/example_xcomargs.py for tasks to queue
[2025-12-21T07:29:33.743+0000] {logging_mixin.py:188} INFO - [2025-12-21T07:29:33.742+0000] {dagbag.py:540} INFO - Filling up the DagBag from /home/airflow/.local/lib/python3.8/site-packages/airflow/example_dags/example_xcomargs.py
[2025-12-21T07:29:33.754+0000] {processor.py:840} INFO - DAG(s) 'example_xcom_args', 'example_xcom_args_with_operators' retrieved from /home/airflow/.local/lib/python3.8/site-packages/airflow/example_dags/example_xcomargs.py
[2025-12-21T07:29:33.798+0000] {logging_mixin.py:188} INFO - [2025-12-21T07:29:33.798+0000] {dag.py:3047} INFO - Sync 2 DAGs
[2025-12-21T07:29:33.821+0000] {logging_mixin.py:188} INFO - [2025-12-21T07:29:33.820+0000] {dag.py:3834} INFO - Setting next_dagrun for example_xcom_args to None, run_after=None
[2025-12-21T07:29:33.827+0000] {logging_mixin.py:188} INFO - [2025-12-21T07:29:33.827+0000] {dag.py:3834} INFO - Setting next_dagrun for example_xcom_args_with_operators to None, run_after=None
[2025-12-21T07:29:33.865+0000] {processor.py:183} INFO - Processing /home/airflow/.local/lib/python3.8/site-packages/airflow/example_dags/example_xcomargs.py took 0.131 seconds
[2025-12-21T07:30:04.113+0000] {processor.py:161} INFO - Started process (PID=255) to work on /home/airflow/.local/lib/python3.8/site-packages/airflow/example_dags/example_xcomargs.py
[2025-12-21T07:30:04.115+0000] {processor.py:830} INFO - Processing file /home/airflow/.local/lib/python3.8/site-packages/airflow/example_dags/example_xcomargs.py for tasks to queue
[2025-12-21T07:30:04.118+0000] {logging_mixin.py:188} INFO - [2025-12-21T07:30:04.118+0000] {dagbag.py:540} INFO - Filling up the DagBag from /home/airflow/.local/lib/python3.8/site-packages/airflow/example_dags/example_xcomargs.py
[2025-12-21T07:30:04.129+0000] {processor.py:840} INFO - DAG(s) 'example_xcom_args_with_operators', 'example_xcom_args' retrieved from /home/airflow/.local/lib/python3.8/site-packages/airflow/example_dags/example_xcomargs.py
[2025-12-21T07:30:04.157+0000] {logging_mixin.py:188} INFO - [2025-12-21T07:30:04.157+0000] {dag.py:3047} INFO - Sync 2 DAGs
[2025-12-21T07:30:04.171+0000] {logging_mixin.py:188} INFO - [2025-12-21T07:30:04.171+0000] {dag.py:3834} INFO - Setting next_dagrun for example_xcom_args to None, run_after=None
[2025-12-21T07:30:04.175+0000] {logging_mixin.py:188} INFO - [2025-12-21T07:30:04.175+0000] {dag.py:3834} INFO - Setting next_dagrun for example_xcom_args_with_operators to None, run_after=None
[2025-12-21T07:30:04.196+0000] {processor.py:183} INFO - Processing /home/airflow/.local/lib/python3.8/site-packages/airflow/example_dags/example_xcomargs.py took 0.088 seconds
[2025-12-21T07:30:34.382+0000] {processor.py:161} INFO - Started process (PID=311) to work on /home/airflow/.local/lib/python3.8/site-packages/airflow/example_dags/example_xcomargs.py
[2025-12-21T07:30:34.383+0000] {processor.py:830} INFO - Processing file /home/airflow/.local/lib/python3.8/site-packages/airflow/example_dags/example_xcomargs.py for tasks to queue
[2025-12-21T07:30:34.386+0000] {logging_mixin.py:188} INFO - [2025-12-21T07:30:34.385+0000] {dagbag.py:540} INFO - Filling up the DagBag from /home/airflow/.local/lib/python3.8/site-packages/airflow/example_dags/example_xcomargs.py
[2025-12-21T07:30:34.396+0000] {processor.py:840} INFO - DAG(s) 'example_xcom_args', 'example_xcom_args_with_operators' retrieved from /home/airflow/.local/lib/python3.8/site-packages/airflow/example_dags/example_xcomargs.py
[2025-12-21T07:30:34.427+0000] {logging_mixin.py:188} INFO - [2025-12-21T07:30:34.427+0000] {dag.py:3047} INFO - Sync 2 DAGs
[2025-12-21T07:30:34.441+0000] {logging_mixin.py:188} INFO - [2025-12-21T07:30:34.441+0000] {dag.py:3834} INFO - Setting next_dagrun for example_xcom_args to None, run_after=None
[2025-12-21T07:30:34.446+0000] {logging_mixin.py:188} INFO - [2025-12-21T07:30:34.446+0000] {dag.py:3834} INFO - Setting next_dagrun for example_xcom_args_with_operators to None, run_after=None
[2025-12-21T07:30:34.472+0000] {processor.py:183} INFO - Processing /home/airflow/.local/lib/python3.8/site-packages/airflow/example_dags/example_xcomargs.py took 0.094 seconds
[2025-12-21T07:31:04.702+0000] {processor.py:161} INFO - Started process (PID=367) to work on /home/airflow/.local/lib/python3.8/site-packages/airflow/example_dags/example_xcomargs.py
[2025-12-21T07:31:04.704+0000] {processor.py:830} INFO - Processing file /home/airflow/.local/lib/python3.8/site-packages/airflow/example_dags/example_xcomargs.py for tasks to queue
[2025-12-21T07:31:04.707+0000] {logging_mixin.py:188} INFO - [2025-12-21T07:31:04.706+0000] {dagbag.py:540} INFO - Filling up the DagBag from /home/airflow/.local/lib/python3.8/site-packages/airflow/example_dags/example_xcomargs.py
[2025-12-21T07:31:04.719+0000] {processor.py:840} INFO - DAG(s) 'example_xcom_args', 'example_xcom_args_with_operators' retrieved from /home/airflow/.local/lib/python3.8/site-packages/airflow/example_dags/example_xcomargs.py
[2025-12-21T07:31:04.750+0000] {logging_mixin.py:188} INFO - [2025-12-21T07:31:04.750+0000] {dag.py:3047} INFO - Sync 2 DAGs
[2025-12-21T07:31:04.765+0000] {logging_mixin.py:188} INFO - [2025-12-21T07:31:04.764+0000] {dag.py:3834} INFO - Setting next_dagrun for example_xcom_args to None, run_after=None
[2025-12-21T07:31:04.770+0000] {logging_mixin.py:188} INFO - [2025-12-21T07:31:04.770+0000] {dag.py:3834} INFO - Setting next_dagrun for example_xcom_args_with_operators to None, run_after=None
[2025-12-21T07:31:04.794+0000] {processor.py:183} INFO - Processing /home/airflow/.local/lib/python3.8/site-packages/airflow/example_dags/example_xcomargs.py took 0.096 seconds
[2025-12-21T07:31:34.926+0000] {processor.py:161} INFO - Started process (PID=423) to work on /home/airflow/.local/lib/python3.8/site-packages/airflow/example_dags/example_xcomargs.py
[2025-12-21T07:31:34.928+0000] {processor.py:830} INFO - Processing file /home/airflow/.local/lib/python3.8/site-packages/airflow/example_dags/example_xcomargs.py for tasks to queue
[2025-12-21T07:31:34.931+0000] {logging_mixin.py:188} INFO - [2025-12-21T07:31:34.930+0000] {dagbag.py:540} INFO - Filling up the DagBag from /home/airflow/.local/lib/python3.8/site-packages/airflow/example_dags/example_xcomargs.py
[2025-12-21T07:31:34.939+0000] {processor.py:840} INFO - DAG(s) 'example_xcom_args_with_operators', 'example_xcom_args' retrieved from /home/airflow/.local/lib/python3.8/site-packages/airflow/example_dags/example_xcomargs.py
[2025-12-21T07:31:34.968+0000] {logging_mixin.py:188} INFO - [2025-12-21T07:31:34.968+0000] {dag.py:3047} INFO - Sync 2 DAGs
[2025-12-21T07:31:34.982+0000] {logging_mixin.py:188} INFO - [2025-12-21T07:31:34.981+0000] {dag.py:3834} INFO - Setting next_dagrun for example_xcom_args to None, run_after=None
[2025-12-21T07:31:34.986+0000] {logging_mixin.py:188} INFO - [2025-12-21T07:31:34.986+0000] {dag.py:3834} INFO - Setting next_dagrun for example_xcom_args_with_operators to None, run_after=None
[2025-12-21T07:31:35.007+0000] {processor.py:183} INFO - Processing /home/airflow/.local/lib/python3.8/site-packages/airflow/example_dags/example_xcomargs.py took 0.085 seconds
