[2025-12-21T06:58:55.509+0000] {processor.py:161} INFO - Started process (PID=86) to work on /home/airflow/.local/lib/python3.8/site-packages/airflow/example_dags/example_branch_datetime_operator.py
[2025-12-21T06:58:55.512+0000] {processor.py:830} INFO - Processing file /home/airflow/.local/lib/python3.8/site-packages/airflow/example_dags/example_branch_datetime_operator.py for tasks to queue
[2025-12-21T06:58:55.514+0000] {logging_mixin.py:188} INFO - [2025-12-21T06:58:55.513+0000] {dagbag.py:540} INFO - Filling up the DagBag from /home/airflow/.local/lib/python3.8/site-packages/airflow/example_dags/example_branch_datetime_operator.py
[2025-12-21T06:58:55.528+0000] {processor.py:840} INFO - DAG(s) 'example_branch_datetime_operator_3', 'example_branch_datetime_operator', 'example_branch_datetime_operator_2' retrieved from /home/airflow/.local/lib/python3.8/site-packages/airflow/example_dags/example_branch_datetime_operator.py
[2025-12-21T06:58:55.647+0000] {logging_mixin.py:188} INFO - [2025-12-21T06:58:55.647+0000] {dag.py:3047} INFO - Sync 3 DAGs
[2025-12-21T06:58:55.670+0000] {logging_mixin.py:188} INFO - [2025-12-21T06:58:55.669+0000] {dag.py:3834} INFO - Setting next_dagrun for example_branch_datetime_operator to 2025-12-20 00:00:00+00:00, run_after=2025-12-21 00:00:00+00:00
[2025-12-21T06:58:55.674+0000] {logging_mixin.py:188} INFO - [2025-12-21T06:58:55.674+0000] {dag.py:3834} INFO - Setting next_dagrun for example_branch_datetime_operator_2 to 2025-12-20 00:00:00+00:00, run_after=2025-12-21 00:00:00+00:00
[2025-12-21T06:58:55.677+0000] {logging_mixin.py:188} INFO - [2025-12-21T06:58:55.677+0000] {dag.py:3834} INFO - Setting next_dagrun for example_branch_datetime_operator_3 to 2025-12-20 00:00:00+00:00, run_after=2025-12-21 00:00:00+00:00
[2025-12-21T06:58:55.700+0000] {processor.py:183} INFO - Processing /home/airflow/.local/lib/python3.8/site-packages/airflow/example_dags/example_branch_datetime_operator.py took 0.195 seconds
[2025-12-21T06:59:26.615+0000] {processor.py:161} INFO - Started process (PID=142) to work on /home/airflow/.local/lib/python3.8/site-packages/airflow/example_dags/example_branch_datetime_operator.py
[2025-12-21T06:59:26.617+0000] {processor.py:830} INFO - Processing file /home/airflow/.local/lib/python3.8/site-packages/airflow/example_dags/example_branch_datetime_operator.py for tasks to queue
[2025-12-21T06:59:26.620+0000] {logging_mixin.py:188} INFO - [2025-12-21T06:59:26.620+0000] {dagbag.py:540} INFO - Filling up the DagBag from /home/airflow/.local/lib/python3.8/site-packages/airflow/example_dags/example_branch_datetime_operator.py
[2025-12-21T06:59:26.632+0000] {processor.py:840} INFO - DAG(s) 'example_branch_datetime_operator_3', 'example_branch_datetime_operator', 'example_branch_datetime_operator_2' retrieved from /home/airflow/.local/lib/python3.8/site-packages/airflow/example_dags/example_branch_datetime_operator.py
[2025-12-21T06:59:26.668+0000] {logging_mixin.py:188} INFO - [2025-12-21T06:59:26.667+0000] {dag.py:3047} INFO - Sync 3 DAGs
[2025-12-21T06:59:26.694+0000] {logging_mixin.py:188} INFO - [2025-12-21T06:59:26.694+0000] {dag.py:3834} INFO - Setting next_dagrun for example_branch_datetime_operator to 2025-12-20 00:00:00+00:00, run_after=2025-12-21 00:00:00+00:00
[2025-12-21T06:59:26.700+0000] {logging_mixin.py:188} INFO - [2025-12-21T06:59:26.699+0000] {dag.py:3834} INFO - Setting next_dagrun for example_branch_datetime_operator_2 to 2025-12-20 00:00:00+00:00, run_after=2025-12-21 00:00:00+00:00
[2025-12-21T06:59:26.703+0000] {logging_mixin.py:188} INFO - [2025-12-21T06:59:26.702+0000] {dag.py:3834} INFO - Setting next_dagrun for example_branch_datetime_operator_3 to 2025-12-20 00:00:00+00:00, run_after=2025-12-21 00:00:00+00:00
[2025-12-21T06:59:26.724+0000] {processor.py:183} INFO - Processing /home/airflow/.local/lib/python3.8/site-packages/airflow/example_dags/example_branch_datetime_operator.py took 0.112 seconds
[2025-12-21T06:59:56.895+0000] {processor.py:161} INFO - Started process (PID=198) to work on /home/airflow/.local/lib/python3.8/site-packages/airflow/example_dags/example_branch_datetime_operator.py
[2025-12-21T06:59:56.897+0000] {processor.py:830} INFO - Processing file /home/airflow/.local/lib/python3.8/site-packages/airflow/example_dags/example_branch_datetime_operator.py for tasks to queue
[2025-12-21T06:59:56.901+0000] {logging_mixin.py:188} INFO - [2025-12-21T06:59:56.900+0000] {dagbag.py:540} INFO - Filling up the DagBag from /home/airflow/.local/lib/python3.8/site-packages/airflow/example_dags/example_branch_datetime_operator.py
[2025-12-21T06:59:56.916+0000] {processor.py:840} INFO - DAG(s) 'example_branch_datetime_operator_2', 'example_branch_datetime_operator', 'example_branch_datetime_operator_3' retrieved from /home/airflow/.local/lib/python3.8/site-packages/airflow/example_dags/example_branch_datetime_operator.py
[2025-12-21T06:59:56.950+0000] {logging_mixin.py:188} INFO - [2025-12-21T06:59:56.950+0000] {dag.py:3047} INFO - Sync 3 DAGs
[2025-12-21T06:59:56.978+0000] {logging_mixin.py:188} INFO - [2025-12-21T06:59:56.978+0000] {dag.py:3834} INFO - Setting next_dagrun for example_branch_datetime_operator to 2025-12-20 00:00:00+00:00, run_after=2025-12-21 00:00:00+00:00
[2025-12-21T06:59:56.983+0000] {logging_mixin.py:188} INFO - [2025-12-21T06:59:56.983+0000] {dag.py:3834} INFO - Setting next_dagrun for example_branch_datetime_operator_2 to 2025-12-20 00:00:00+00:00, run_after=2025-12-21 00:00:00+00:00
[2025-12-21T06:59:56.986+0000] {logging_mixin.py:188} INFO - [2025-12-21T06:59:56.986+0000] {dag.py:3834} INFO - Setting next_dagrun for example_branch_datetime_operator_3 to 2025-12-20 00:00:00+00:00, run_after=2025-12-21 00:00:00+00:00
[2025-12-21T06:59:57.006+0000] {processor.py:183} INFO - Processing /home/airflow/.local/lib/python3.8/site-packages/airflow/example_dags/example_branch_datetime_operator.py took 0.115 seconds
[2025-12-21T07:00:27.191+0000] {processor.py:161} INFO - Started process (PID=254) to work on /home/airflow/.local/lib/python3.8/site-packages/airflow/example_dags/example_branch_datetime_operator.py
[2025-12-21T07:00:27.193+0000] {processor.py:830} INFO - Processing file /home/airflow/.local/lib/python3.8/site-packages/airflow/example_dags/example_branch_datetime_operator.py for tasks to queue
[2025-12-21T07:00:27.195+0000] {logging_mixin.py:188} INFO - [2025-12-21T07:00:27.195+0000] {dagbag.py:540} INFO - Filling up the DagBag from /home/airflow/.local/lib/python3.8/site-packages/airflow/example_dags/example_branch_datetime_operator.py
[2025-12-21T07:00:27.205+0000] {processor.py:840} INFO - DAG(s) 'example_branch_datetime_operator', 'example_branch_datetime_operator_3', 'example_branch_datetime_operator_2' retrieved from /home/airflow/.local/lib/python3.8/site-packages/airflow/example_dags/example_branch_datetime_operator.py
[2025-12-21T07:00:27.241+0000] {logging_mixin.py:188} INFO - [2025-12-21T07:00:27.240+0000] {dag.py:3047} INFO - Sync 3 DAGs
[2025-12-21T07:00:27.266+0000] {logging_mixin.py:188} INFO - [2025-12-21T07:00:27.266+0000] {dag.py:3834} INFO - Setting next_dagrun for example_branch_datetime_operator to 2025-12-20 00:00:00+00:00, run_after=2025-12-21 00:00:00+00:00
[2025-12-21T07:00:27.272+0000] {logging_mixin.py:188} INFO - [2025-12-21T07:00:27.272+0000] {dag.py:3834} INFO - Setting next_dagrun for example_branch_datetime_operator_2 to 2025-12-20 00:00:00+00:00, run_after=2025-12-21 00:00:00+00:00
[2025-12-21T07:00:27.276+0000] {logging_mixin.py:188} INFO - [2025-12-21T07:00:27.276+0000] {dag.py:3834} INFO - Setting next_dagrun for example_branch_datetime_operator_3 to 2025-12-20 00:00:00+00:00, run_after=2025-12-21 00:00:00+00:00
[2025-12-21T07:00:27.299+0000] {processor.py:183} INFO - Processing /home/airflow/.local/lib/python3.8/site-packages/airflow/example_dags/example_branch_datetime_operator.py took 0.112 seconds
[2025-12-21T07:00:57.489+0000] {processor.py:161} INFO - Started process (PID=310) to work on /home/airflow/.local/lib/python3.8/site-packages/airflow/example_dags/example_branch_datetime_operator.py
[2025-12-21T07:00:57.491+0000] {processor.py:830} INFO - Processing file /home/airflow/.local/lib/python3.8/site-packages/airflow/example_dags/example_branch_datetime_operator.py for tasks to queue
[2025-12-21T07:00:57.493+0000] {logging_mixin.py:188} INFO - [2025-12-21T07:00:57.493+0000] {dagbag.py:540} INFO - Filling up the DagBag from /home/airflow/.local/lib/python3.8/site-packages/airflow/example_dags/example_branch_datetime_operator.py
[2025-12-21T07:00:57.507+0000] {processor.py:840} INFO - DAG(s) 'example_branch_datetime_operator_2', 'example_branch_datetime_operator_3', 'example_branch_datetime_operator' retrieved from /home/airflow/.local/lib/python3.8/site-packages/airflow/example_dags/example_branch_datetime_operator.py
[2025-12-21T07:00:57.542+0000] {logging_mixin.py:188} INFO - [2025-12-21T07:00:57.541+0000] {dag.py:3047} INFO - Sync 3 DAGs
[2025-12-21T07:00:57.567+0000] {logging_mixin.py:188} INFO - [2025-12-21T07:00:57.567+0000] {dag.py:3834} INFO - Setting next_dagrun for example_branch_datetime_operator to 2025-12-20 00:00:00+00:00, run_after=2025-12-21 00:00:00+00:00
[2025-12-21T07:00:57.574+0000] {logging_mixin.py:188} INFO - [2025-12-21T07:00:57.574+0000] {dag.py:3834} INFO - Setting next_dagrun for example_branch_datetime_operator_2 to 2025-12-20 00:00:00+00:00, run_after=2025-12-21 00:00:00+00:00
[2025-12-21T07:00:57.577+0000] {logging_mixin.py:188} INFO - [2025-12-21T07:00:57.577+0000] {dag.py:3834} INFO - Setting next_dagrun for example_branch_datetime_operator_3 to 2025-12-20 00:00:00+00:00, run_after=2025-12-21 00:00:00+00:00
[2025-12-21T07:00:57.598+0000] {processor.py:183} INFO - Processing /home/airflow/.local/lib/python3.8/site-packages/airflow/example_dags/example_branch_datetime_operator.py took 0.113 seconds
[2025-12-21T07:01:28.192+0000] {processor.py:161} INFO - Started process (PID=366) to work on /home/airflow/.local/lib/python3.8/site-packages/airflow/example_dags/example_branch_datetime_operator.py
[2025-12-21T07:01:28.194+0000] {processor.py:830} INFO - Processing file /home/airflow/.local/lib/python3.8/site-packages/airflow/example_dags/example_branch_datetime_operator.py for tasks to queue
[2025-12-21T07:01:28.198+0000] {logging_mixin.py:188} INFO - [2025-12-21T07:01:28.197+0000] {dagbag.py:540} INFO - Filling up the DagBag from /home/airflow/.local/lib/python3.8/site-packages/airflow/example_dags/example_branch_datetime_operator.py
[2025-12-21T07:01:28.211+0000] {processor.py:840} INFO - DAG(s) 'example_branch_datetime_operator_2', 'example_branch_datetime_operator_3', 'example_branch_datetime_operator' retrieved from /home/airflow/.local/lib/python3.8/site-packages/airflow/example_dags/example_branch_datetime_operator.py
[2025-12-21T07:01:28.254+0000] {logging_mixin.py:188} INFO - [2025-12-21T07:01:28.253+0000] {dag.py:3047} INFO - Sync 3 DAGs
[2025-12-21T07:01:28.290+0000] {logging_mixin.py:188} INFO - [2025-12-21T07:01:28.290+0000] {dag.py:3834} INFO - Setting next_dagrun for example_branch_datetime_operator to 2025-12-20 00:00:00+00:00, run_after=2025-12-21 00:00:00+00:00
[2025-12-21T07:01:28.297+0000] {logging_mixin.py:188} INFO - [2025-12-21T07:01:28.297+0000] {dag.py:3834} INFO - Setting next_dagrun for example_branch_datetime_operator_2 to 2025-12-20 00:00:00+00:00, run_after=2025-12-21 00:00:00+00:00
[2025-12-21T07:01:28.302+0000] {logging_mixin.py:188} INFO - [2025-12-21T07:01:28.301+0000] {dag.py:3834} INFO - Setting next_dagrun for example_branch_datetime_operator_3 to 2025-12-20 00:00:00+00:00, run_after=2025-12-21 00:00:00+00:00
[2025-12-21T07:01:28.328+0000] {processor.py:183} INFO - Processing /home/airflow/.local/lib/python3.8/site-packages/airflow/example_dags/example_branch_datetime_operator.py took 0.140 seconds
[2025-12-21T07:01:58.477+0000] {processor.py:161} INFO - Started process (PID=422) to work on /home/airflow/.local/lib/python3.8/site-packages/airflow/example_dags/example_branch_datetime_operator.py
[2025-12-21T07:01:58.479+0000] {processor.py:830} INFO - Processing file /home/airflow/.local/lib/python3.8/site-packages/airflow/example_dags/example_branch_datetime_operator.py for tasks to queue
[2025-12-21T07:01:58.482+0000] {logging_mixin.py:188} INFO - [2025-12-21T07:01:58.481+0000] {dagbag.py:540} INFO - Filling up the DagBag from /home/airflow/.local/lib/python3.8/site-packages/airflow/example_dags/example_branch_datetime_operator.py
[2025-12-21T07:01:58.494+0000] {processor.py:840} INFO - DAG(s) 'example_branch_datetime_operator_2', 'example_branch_datetime_operator', 'example_branch_datetime_operator_3' retrieved from /home/airflow/.local/lib/python3.8/site-packages/airflow/example_dags/example_branch_datetime_operator.py
[2025-12-21T07:01:58.536+0000] {logging_mixin.py:188} INFO - [2025-12-21T07:01:58.536+0000] {dag.py:3047} INFO - Sync 3 DAGs
[2025-12-21T07:01:58.563+0000] {logging_mixin.py:188} INFO - [2025-12-21T07:01:58.563+0000] {dag.py:3834} INFO - Setting next_dagrun for example_branch_datetime_operator to 2025-12-20 00:00:00+00:00, run_after=2025-12-21 00:00:00+00:00
[2025-12-21T07:01:58.572+0000] {logging_mixin.py:188} INFO - [2025-12-21T07:01:58.572+0000] {dag.py:3834} INFO - Setting next_dagrun for example_branch_datetime_operator_2 to 2025-12-20 00:00:00+00:00, run_after=2025-12-21 00:00:00+00:00
[2025-12-21T07:01:58.576+0000] {logging_mixin.py:188} INFO - [2025-12-21T07:01:58.575+0000] {dag.py:3834} INFO - Setting next_dagrun for example_branch_datetime_operator_3 to 2025-12-20 00:00:00+00:00, run_after=2025-12-21 00:00:00+00:00
[2025-12-21T07:01:58.599+0000] {processor.py:183} INFO - Processing /home/airflow/.local/lib/python3.8/site-packages/airflow/example_dags/example_branch_datetime_operator.py took 0.125 seconds
[2025-12-21T07:02:28.679+0000] {processor.py:161} INFO - Started process (PID=478) to work on /home/airflow/.local/lib/python3.8/site-packages/airflow/example_dags/example_branch_datetime_operator.py
[2025-12-21T07:02:28.680+0000] {processor.py:830} INFO - Processing file /home/airflow/.local/lib/python3.8/site-packages/airflow/example_dags/example_branch_datetime_operator.py for tasks to queue
[2025-12-21T07:02:28.683+0000] {logging_mixin.py:188} INFO - [2025-12-21T07:02:28.683+0000] {dagbag.py:540} INFO - Filling up the DagBag from /home/airflow/.local/lib/python3.8/site-packages/airflow/example_dags/example_branch_datetime_operator.py
[2025-12-21T07:02:28.697+0000] {processor.py:840} INFO - DAG(s) 'example_branch_datetime_operator', 'example_branch_datetime_operator_2', 'example_branch_datetime_operator_3' retrieved from /home/airflow/.local/lib/python3.8/site-packages/airflow/example_dags/example_branch_datetime_operator.py
[2025-12-21T07:02:28.731+0000] {logging_mixin.py:188} INFO - [2025-12-21T07:02:28.731+0000] {dag.py:3047} INFO - Sync 3 DAGs
[2025-12-21T07:02:28.756+0000] {logging_mixin.py:188} INFO - [2025-12-21T07:02:28.756+0000] {dag.py:3834} INFO - Setting next_dagrun for example_branch_datetime_operator to 2025-12-20 00:00:00+00:00, run_after=2025-12-21 00:00:00+00:00
[2025-12-21T07:02:28.762+0000] {logging_mixin.py:188} INFO - [2025-12-21T07:02:28.762+0000] {dag.py:3834} INFO - Setting next_dagrun for example_branch_datetime_operator_2 to 2025-12-20 00:00:00+00:00, run_after=2025-12-21 00:00:00+00:00
[2025-12-21T07:02:28.765+0000] {logging_mixin.py:188} INFO - [2025-12-21T07:02:28.765+0000] {dag.py:3834} INFO - Setting next_dagrun for example_branch_datetime_operator_3 to 2025-12-20 00:00:00+00:00, run_after=2025-12-21 00:00:00+00:00
[2025-12-21T07:02:28.786+0000] {processor.py:183} INFO - Processing /home/airflow/.local/lib/python3.8/site-packages/airflow/example_dags/example_branch_datetime_operator.py took 0.112 seconds
[2025-12-21T07:02:59.654+0000] {processor.py:161} INFO - Started process (PID=534) to work on /home/airflow/.local/lib/python3.8/site-packages/airflow/example_dags/example_branch_datetime_operator.py
[2025-12-21T07:02:59.656+0000] {processor.py:830} INFO - Processing file /home/airflow/.local/lib/python3.8/site-packages/airflow/example_dags/example_branch_datetime_operator.py for tasks to queue
[2025-12-21T07:02:59.659+0000] {logging_mixin.py:188} INFO - [2025-12-21T07:02:59.659+0000] {dagbag.py:540} INFO - Filling up the DagBag from /home/airflow/.local/lib/python3.8/site-packages/airflow/example_dags/example_branch_datetime_operator.py
[2025-12-21T07:02:59.679+0000] {processor.py:840} INFO - DAG(s) 'example_branch_datetime_operator_3', 'example_branch_datetime_operator', 'example_branch_datetime_operator_2' retrieved from /home/airflow/.local/lib/python3.8/site-packages/airflow/example_dags/example_branch_datetime_operator.py
[2025-12-21T07:02:59.733+0000] {logging_mixin.py:188} INFO - [2025-12-21T07:02:59.732+0000] {dag.py:3047} INFO - Sync 3 DAGs
[2025-12-21T07:02:59.781+0000] {logging_mixin.py:188} INFO - [2025-12-21T07:02:59.781+0000] {dag.py:3834} INFO - Setting next_dagrun for example_branch_datetime_operator to 2025-12-20 00:00:00+00:00, run_after=2025-12-21 00:00:00+00:00
[2025-12-21T07:02:59.793+0000] {logging_mixin.py:188} INFO - [2025-12-21T07:02:59.793+0000] {dag.py:3834} INFO - Setting next_dagrun for example_branch_datetime_operator_2 to 2025-12-20 00:00:00+00:00, run_after=2025-12-21 00:00:00+00:00
[2025-12-21T07:02:59.799+0000] {logging_mixin.py:188} INFO - [2025-12-21T07:02:59.798+0000] {dag.py:3834} INFO - Setting next_dagrun for example_branch_datetime_operator_3 to 2025-12-20 00:00:00+00:00, run_after=2025-12-21 00:00:00+00:00
[2025-12-21T07:02:59.834+0000] {processor.py:183} INFO - Processing /home/airflow/.local/lib/python3.8/site-packages/airflow/example_dags/example_branch_datetime_operator.py took 0.187 seconds
[2025-12-21T07:03:30.705+0000] {processor.py:161} INFO - Started process (PID=590) to work on /home/airflow/.local/lib/python3.8/site-packages/airflow/example_dags/example_branch_datetime_operator.py
[2025-12-21T07:03:30.707+0000] {processor.py:830} INFO - Processing file /home/airflow/.local/lib/python3.8/site-packages/airflow/example_dags/example_branch_datetime_operator.py for tasks to queue
[2025-12-21T07:03:30.711+0000] {logging_mixin.py:188} INFO - [2025-12-21T07:03:30.710+0000] {dagbag.py:540} INFO - Filling up the DagBag from /home/airflow/.local/lib/python3.8/site-packages/airflow/example_dags/example_branch_datetime_operator.py
[2025-12-21T07:03:30.725+0000] {processor.py:840} INFO - DAG(s) 'example_branch_datetime_operator', 'example_branch_datetime_operator_2', 'example_branch_datetime_operator_3' retrieved from /home/airflow/.local/lib/python3.8/site-packages/airflow/example_dags/example_branch_datetime_operator.py
[2025-12-21T07:03:30.761+0000] {logging_mixin.py:188} INFO - [2025-12-21T07:03:30.760+0000] {dag.py:3047} INFO - Sync 3 DAGs
[2025-12-21T07:03:30.788+0000] {logging_mixin.py:188} INFO - [2025-12-21T07:03:30.787+0000] {dag.py:3834} INFO - Setting next_dagrun for example_branch_datetime_operator to 2025-12-20 00:00:00+00:00, run_after=2025-12-21 00:00:00+00:00
[2025-12-21T07:03:30.794+0000] {logging_mixin.py:188} INFO - [2025-12-21T07:03:30.794+0000] {dag.py:3834} INFO - Setting next_dagrun for example_branch_datetime_operator_2 to 2025-12-20 00:00:00+00:00, run_after=2025-12-21 00:00:00+00:00
[2025-12-21T07:03:30.799+0000] {logging_mixin.py:188} INFO - [2025-12-21T07:03:30.798+0000] {dag.py:3834} INFO - Setting next_dagrun for example_branch_datetime_operator_3 to 2025-12-20 00:00:00+00:00, run_after=2025-12-21 00:00:00+00:00
[2025-12-21T07:03:30.824+0000] {processor.py:183} INFO - Processing /home/airflow/.local/lib/python3.8/site-packages/airflow/example_dags/example_branch_datetime_operator.py took 0.124 seconds
[2025-12-21T07:04:01.105+0000] {processor.py:161} INFO - Started process (PID=646) to work on /home/airflow/.local/lib/python3.8/site-packages/airflow/example_dags/example_branch_datetime_operator.py
[2025-12-21T07:04:01.106+0000] {processor.py:830} INFO - Processing file /home/airflow/.local/lib/python3.8/site-packages/airflow/example_dags/example_branch_datetime_operator.py for tasks to queue
[2025-12-21T07:04:01.109+0000] {logging_mixin.py:188} INFO - [2025-12-21T07:04:01.108+0000] {dagbag.py:540} INFO - Filling up the DagBag from /home/airflow/.local/lib/python3.8/site-packages/airflow/example_dags/example_branch_datetime_operator.py
[2025-12-21T07:04:01.122+0000] {processor.py:840} INFO - DAG(s) 'example_branch_datetime_operator', 'example_branch_datetime_operator_2', 'example_branch_datetime_operator_3' retrieved from /home/airflow/.local/lib/python3.8/site-packages/airflow/example_dags/example_branch_datetime_operator.py
[2025-12-21T07:04:01.156+0000] {logging_mixin.py:188} INFO - [2025-12-21T07:04:01.156+0000] {dag.py:3047} INFO - Sync 3 DAGs
[2025-12-21T07:04:01.182+0000] {logging_mixin.py:188} INFO - [2025-12-21T07:04:01.181+0000] {dag.py:3834} INFO - Setting next_dagrun for example_branch_datetime_operator to 2025-12-20 00:00:00+00:00, run_after=2025-12-21 00:00:00+00:00
[2025-12-21T07:04:01.188+0000] {logging_mixin.py:188} INFO - [2025-12-21T07:04:01.188+0000] {dag.py:3834} INFO - Setting next_dagrun for example_branch_datetime_operator_2 to 2025-12-20 00:00:00+00:00, run_after=2025-12-21 00:00:00+00:00
[2025-12-21T07:04:01.192+0000] {logging_mixin.py:188} INFO - [2025-12-21T07:04:01.191+0000] {dag.py:3834} INFO - Setting next_dagrun for example_branch_datetime_operator_3 to 2025-12-20 00:00:00+00:00, run_after=2025-12-21 00:00:00+00:00
[2025-12-21T07:04:01.215+0000] {processor.py:183} INFO - Processing /home/airflow/.local/lib/python3.8/site-packages/airflow/example_dags/example_branch_datetime_operator.py took 0.114 seconds
[2025-12-21T07:04:32.033+0000] {processor.py:161} INFO - Started process (PID=702) to work on /home/airflow/.local/lib/python3.8/site-packages/airflow/example_dags/example_branch_datetime_operator.py
[2025-12-21T07:04:32.035+0000] {processor.py:830} INFO - Processing file /home/airflow/.local/lib/python3.8/site-packages/airflow/example_dags/example_branch_datetime_operator.py for tasks to queue
[2025-12-21T07:04:32.039+0000] {logging_mixin.py:188} INFO - [2025-12-21T07:04:32.038+0000] {dagbag.py:540} INFO - Filling up the DagBag from /home/airflow/.local/lib/python3.8/site-packages/airflow/example_dags/example_branch_datetime_operator.py
[2025-12-21T07:04:32.054+0000] {processor.py:840} INFO - DAG(s) 'example_branch_datetime_operator_3', 'example_branch_datetime_operator', 'example_branch_datetime_operator_2' retrieved from /home/airflow/.local/lib/python3.8/site-packages/airflow/example_dags/example_branch_datetime_operator.py
[2025-12-21T07:04:32.101+0000] {logging_mixin.py:188} INFO - [2025-12-21T07:04:32.100+0000] {dag.py:3047} INFO - Sync 3 DAGs
[2025-12-21T07:04:32.137+0000] {logging_mixin.py:188} INFO - [2025-12-21T07:04:32.137+0000] {dag.py:3834} INFO - Setting next_dagrun for example_branch_datetime_operator to 2025-12-20 00:00:00+00:00, run_after=2025-12-21 00:00:00+00:00
[2025-12-21T07:04:32.146+0000] {logging_mixin.py:188} INFO - [2025-12-21T07:04:32.146+0000] {dag.py:3834} INFO - Setting next_dagrun for example_branch_datetime_operator_2 to 2025-12-20 00:00:00+00:00, run_after=2025-12-21 00:00:00+00:00
[2025-12-21T07:04:32.152+0000] {logging_mixin.py:188} INFO - [2025-12-21T07:04:32.151+0000] {dag.py:3834} INFO - Setting next_dagrun for example_branch_datetime_operator_3 to 2025-12-20 00:00:00+00:00, run_after=2025-12-21 00:00:00+00:00
[2025-12-21T07:04:32.178+0000] {processor.py:183} INFO - Processing /home/airflow/.local/lib/python3.8/site-packages/airflow/example_dags/example_branch_datetime_operator.py took 0.149 seconds
[2025-12-21T07:05:03.036+0000] {processor.py:161} INFO - Started process (PID=758) to work on /home/airflow/.local/lib/python3.8/site-packages/airflow/example_dags/example_branch_datetime_operator.py
[2025-12-21T07:05:03.038+0000] {processor.py:830} INFO - Processing file /home/airflow/.local/lib/python3.8/site-packages/airflow/example_dags/example_branch_datetime_operator.py for tasks to queue
[2025-12-21T07:05:03.040+0000] {logging_mixin.py:188} INFO - [2025-12-21T07:05:03.040+0000] {dagbag.py:540} INFO - Filling up the DagBag from /home/airflow/.local/lib/python3.8/site-packages/airflow/example_dags/example_branch_datetime_operator.py
[2025-12-21T07:05:03.052+0000] {processor.py:840} INFO - DAG(s) 'example_branch_datetime_operator_2', 'example_branch_datetime_operator', 'example_branch_datetime_operator_3' retrieved from /home/airflow/.local/lib/python3.8/site-packages/airflow/example_dags/example_branch_datetime_operator.py
[2025-12-21T07:05:03.091+0000] {logging_mixin.py:188} INFO - [2025-12-21T07:05:03.091+0000] {dag.py:3047} INFO - Sync 3 DAGs
[2025-12-21T07:05:03.122+0000] {logging_mixin.py:188} INFO - [2025-12-21T07:05:03.121+0000] {dag.py:3834} INFO - Setting next_dagrun for example_branch_datetime_operator to 2025-12-20 00:00:00+00:00, run_after=2025-12-21 00:00:00+00:00
[2025-12-21T07:05:03.132+0000] {logging_mixin.py:188} INFO - [2025-12-21T07:05:03.132+0000] {dag.py:3834} INFO - Setting next_dagrun for example_branch_datetime_operator_2 to 2025-12-20 00:00:00+00:00, run_after=2025-12-21 00:00:00+00:00
[2025-12-21T07:05:03.136+0000] {logging_mixin.py:188} INFO - [2025-12-21T07:05:03.136+0000] {dag.py:3834} INFO - Setting next_dagrun for example_branch_datetime_operator_3 to 2025-12-20 00:00:00+00:00, run_after=2025-12-21 00:00:00+00:00
[2025-12-21T07:05:03.163+0000] {processor.py:183} INFO - Processing /home/airflow/.local/lib/python3.8/site-packages/airflow/example_dags/example_branch_datetime_operator.py took 0.132 seconds
[2025-12-21T07:05:33.478+0000] {processor.py:161} INFO - Started process (PID=814) to work on /home/airflow/.local/lib/python3.8/site-packages/airflow/example_dags/example_branch_datetime_operator.py
[2025-12-21T07:05:33.479+0000] {processor.py:830} INFO - Processing file /home/airflow/.local/lib/python3.8/site-packages/airflow/example_dags/example_branch_datetime_operator.py for tasks to queue
[2025-12-21T07:05:33.482+0000] {logging_mixin.py:188} INFO - [2025-12-21T07:05:33.481+0000] {dagbag.py:540} INFO - Filling up the DagBag from /home/airflow/.local/lib/python3.8/site-packages/airflow/example_dags/example_branch_datetime_operator.py
[2025-12-21T07:05:33.492+0000] {processor.py:840} INFO - DAG(s) 'example_branch_datetime_operator_2', 'example_branch_datetime_operator_3', 'example_branch_datetime_operator' retrieved from /home/airflow/.local/lib/python3.8/site-packages/airflow/example_dags/example_branch_datetime_operator.py
[2025-12-21T07:05:33.520+0000] {logging_mixin.py:188} INFO - [2025-12-21T07:05:33.520+0000] {dag.py:3047} INFO - Sync 3 DAGs
[2025-12-21T07:05:33.541+0000] {logging_mixin.py:188} INFO - [2025-12-21T07:05:33.541+0000] {dag.py:3834} INFO - Setting next_dagrun for example_branch_datetime_operator to 2025-12-20 00:00:00+00:00, run_after=2025-12-21 00:00:00+00:00
[2025-12-21T07:05:33.547+0000] {logging_mixin.py:188} INFO - [2025-12-21T07:05:33.547+0000] {dag.py:3834} INFO - Setting next_dagrun for example_branch_datetime_operator_2 to 2025-12-20 00:00:00+00:00, run_after=2025-12-21 00:00:00+00:00
[2025-12-21T07:05:33.549+0000] {logging_mixin.py:188} INFO - [2025-12-21T07:05:33.549+0000] {dag.py:3834} INFO - Setting next_dagrun for example_branch_datetime_operator_3 to 2025-12-20 00:00:00+00:00, run_after=2025-12-21 00:00:00+00:00
[2025-12-21T07:05:33.566+0000] {processor.py:183} INFO - Processing /home/airflow/.local/lib/python3.8/site-packages/airflow/example_dags/example_branch_datetime_operator.py took 0.092 seconds
[2025-12-21T07:06:03.728+0000] {processor.py:161} INFO - Started process (PID=870) to work on /home/airflow/.local/lib/python3.8/site-packages/airflow/example_dags/example_branch_datetime_operator.py
[2025-12-21T07:06:03.730+0000] {processor.py:830} INFO - Processing file /home/airflow/.local/lib/python3.8/site-packages/airflow/example_dags/example_branch_datetime_operator.py for tasks to queue
[2025-12-21T07:06:03.732+0000] {logging_mixin.py:188} INFO - [2025-12-21T07:06:03.732+0000] {dagbag.py:540} INFO - Filling up the DagBag from /home/airflow/.local/lib/python3.8/site-packages/airflow/example_dags/example_branch_datetime_operator.py
[2025-12-21T07:06:03.742+0000] {processor.py:840} INFO - DAG(s) 'example_branch_datetime_operator', 'example_branch_datetime_operator_3', 'example_branch_datetime_operator_2' retrieved from /home/airflow/.local/lib/python3.8/site-packages/airflow/example_dags/example_branch_datetime_operator.py
[2025-12-21T07:06:03.770+0000] {logging_mixin.py:188} INFO - [2025-12-21T07:06:03.769+0000] {dag.py:3047} INFO - Sync 3 DAGs
[2025-12-21T07:06:03.795+0000] {logging_mixin.py:188} INFO - [2025-12-21T07:06:03.794+0000] {dag.py:3834} INFO - Setting next_dagrun for example_branch_datetime_operator to 2025-12-20 00:00:00+00:00, run_after=2025-12-21 00:00:00+00:00
[2025-12-21T07:06:03.801+0000] {logging_mixin.py:188} INFO - [2025-12-21T07:06:03.801+0000] {dag.py:3834} INFO - Setting next_dagrun for example_branch_datetime_operator_2 to 2025-12-20 00:00:00+00:00, run_after=2025-12-21 00:00:00+00:00
[2025-12-21T07:06:03.804+0000] {logging_mixin.py:188} INFO - [2025-12-21T07:06:03.804+0000] {dag.py:3834} INFO - Setting next_dagrun for example_branch_datetime_operator_3 to 2025-12-20 00:00:00+00:00, run_after=2025-12-21 00:00:00+00:00
[2025-12-21T07:06:03.825+0000] {processor.py:183} INFO - Processing /home/airflow/.local/lib/python3.8/site-packages/airflow/example_dags/example_branch_datetime_operator.py took 0.102 seconds
[2025-12-21T07:06:34.714+0000] {processor.py:161} INFO - Started process (PID=926) to work on /home/airflow/.local/lib/python3.8/site-packages/airflow/example_dags/example_branch_datetime_operator.py
[2025-12-21T07:06:34.715+0000] {processor.py:830} INFO - Processing file /home/airflow/.local/lib/python3.8/site-packages/airflow/example_dags/example_branch_datetime_operator.py for tasks to queue
[2025-12-21T07:06:34.718+0000] {logging_mixin.py:188} INFO - [2025-12-21T07:06:34.717+0000] {dagbag.py:540} INFO - Filling up the DagBag from /home/airflow/.local/lib/python3.8/site-packages/airflow/example_dags/example_branch_datetime_operator.py
[2025-12-21T07:06:34.729+0000] {processor.py:840} INFO - DAG(s) 'example_branch_datetime_operator', 'example_branch_datetime_operator_3', 'example_branch_datetime_operator_2' retrieved from /home/airflow/.local/lib/python3.8/site-packages/airflow/example_dags/example_branch_datetime_operator.py
[2025-12-21T07:06:34.761+0000] {logging_mixin.py:188} INFO - [2025-12-21T07:06:34.761+0000] {dag.py:3047} INFO - Sync 3 DAGs
[2025-12-21T07:06:34.788+0000] {logging_mixin.py:188} INFO - [2025-12-21T07:06:34.788+0000] {dag.py:3834} INFO - Setting next_dagrun for example_branch_datetime_operator to 2025-12-20 00:00:00+00:00, run_after=2025-12-21 00:00:00+00:00
[2025-12-21T07:06:34.794+0000] {logging_mixin.py:188} INFO - [2025-12-21T07:06:34.794+0000] {dag.py:3834} INFO - Setting next_dagrun for example_branch_datetime_operator_2 to 2025-12-20 00:00:00+00:00, run_after=2025-12-21 00:00:00+00:00
[2025-12-21T07:06:34.798+0000] {logging_mixin.py:188} INFO - [2025-12-21T07:06:34.798+0000] {dag.py:3834} INFO - Setting next_dagrun for example_branch_datetime_operator_3 to 2025-12-20 00:00:00+00:00, run_after=2025-12-21 00:00:00+00:00
[2025-12-21T07:06:34.820+0000] {processor.py:183} INFO - Processing /home/airflow/.local/lib/python3.8/site-packages/airflow/example_dags/example_branch_datetime_operator.py took 0.110 seconds
[2025-12-21T07:07:05.253+0000] {processor.py:161} INFO - Started process (PID=982) to work on /home/airflow/.local/lib/python3.8/site-packages/airflow/example_dags/example_branch_datetime_operator.py
[2025-12-21T07:07:05.254+0000] {processor.py:830} INFO - Processing file /home/airflow/.local/lib/python3.8/site-packages/airflow/example_dags/example_branch_datetime_operator.py for tasks to queue
[2025-12-21T07:07:05.257+0000] {logging_mixin.py:188} INFO - [2025-12-21T07:07:05.256+0000] {dagbag.py:540} INFO - Filling up the DagBag from /home/airflow/.local/lib/python3.8/site-packages/airflow/example_dags/example_branch_datetime_operator.py
[2025-12-21T07:07:05.269+0000] {processor.py:840} INFO - DAG(s) 'example_branch_datetime_operator_3', 'example_branch_datetime_operator', 'example_branch_datetime_operator_2' retrieved from /home/airflow/.local/lib/python3.8/site-packages/airflow/example_dags/example_branch_datetime_operator.py
[2025-12-21T07:07:05.311+0000] {logging_mixin.py:188} INFO - [2025-12-21T07:07:05.311+0000] {dag.py:3047} INFO - Sync 3 DAGs
[2025-12-21T07:07:05.342+0000] {logging_mixin.py:188} INFO - [2025-12-21T07:07:05.341+0000] {dag.py:3834} INFO - Setting next_dagrun for example_branch_datetime_operator to 2025-12-20 00:00:00+00:00, run_after=2025-12-21 00:00:00+00:00
[2025-12-21T07:07:05.348+0000] {logging_mixin.py:188} INFO - [2025-12-21T07:07:05.348+0000] {dag.py:3834} INFO - Setting next_dagrun for example_branch_datetime_operator_2 to 2025-12-20 00:00:00+00:00, run_after=2025-12-21 00:00:00+00:00
[2025-12-21T07:07:05.352+0000] {logging_mixin.py:188} INFO - [2025-12-21T07:07:05.352+0000] {dag.py:3834} INFO - Setting next_dagrun for example_branch_datetime_operator_3 to 2025-12-20 00:00:00+00:00, run_after=2025-12-21 00:00:00+00:00
[2025-12-21T07:07:05.380+0000] {processor.py:183} INFO - Processing /home/airflow/.local/lib/python3.8/site-packages/airflow/example_dags/example_branch_datetime_operator.py took 0.132 seconds
[2025-12-21T07:07:35.708+0000] {processor.py:161} INFO - Started process (PID=1038) to work on /home/airflow/.local/lib/python3.8/site-packages/airflow/example_dags/example_branch_datetime_operator.py
[2025-12-21T07:07:35.710+0000] {processor.py:830} INFO - Processing file /home/airflow/.local/lib/python3.8/site-packages/airflow/example_dags/example_branch_datetime_operator.py for tasks to queue
[2025-12-21T07:07:35.713+0000] {logging_mixin.py:188} INFO - [2025-12-21T07:07:35.713+0000] {dagbag.py:540} INFO - Filling up the DagBag from /home/airflow/.local/lib/python3.8/site-packages/airflow/example_dags/example_branch_datetime_operator.py
[2025-12-21T07:07:35.729+0000] {processor.py:840} INFO - DAG(s) 'example_branch_datetime_operator', 'example_branch_datetime_operator_3', 'example_branch_datetime_operator_2' retrieved from /home/airflow/.local/lib/python3.8/site-packages/airflow/example_dags/example_branch_datetime_operator.py
[2025-12-21T07:07:35.773+0000] {logging_mixin.py:188} INFO - [2025-12-21T07:07:35.772+0000] {dag.py:3047} INFO - Sync 3 DAGs
[2025-12-21T07:07:35.805+0000] {logging_mixin.py:188} INFO - [2025-12-21T07:07:35.805+0000] {dag.py:3834} INFO - Setting next_dagrun for example_branch_datetime_operator to 2025-12-20 00:00:00+00:00, run_after=2025-12-21 00:00:00+00:00
[2025-12-21T07:07:35.811+0000] {logging_mixin.py:188} INFO - [2025-12-21T07:07:35.811+0000] {dag.py:3834} INFO - Setting next_dagrun for example_branch_datetime_operator_2 to 2025-12-20 00:00:00+00:00, run_after=2025-12-21 00:00:00+00:00
[2025-12-21T07:07:35.815+0000] {logging_mixin.py:188} INFO - [2025-12-21T07:07:35.815+0000] {dag.py:3834} INFO - Setting next_dagrun for example_branch_datetime_operator_3 to 2025-12-20 00:00:00+00:00, run_after=2025-12-21 00:00:00+00:00
[2025-12-21T07:07:35.839+0000] {processor.py:183} INFO - Processing /home/airflow/.local/lib/python3.8/site-packages/airflow/example_dags/example_branch_datetime_operator.py took 0.137 seconds
[2025-12-21T07:08:06.568+0000] {processor.py:161} INFO - Started process (PID=1094) to work on /home/airflow/.local/lib/python3.8/site-packages/airflow/example_dags/example_branch_datetime_operator.py
[2025-12-21T07:08:06.569+0000] {processor.py:830} INFO - Processing file /home/airflow/.local/lib/python3.8/site-packages/airflow/example_dags/example_branch_datetime_operator.py for tasks to queue
[2025-12-21T07:08:06.572+0000] {logging_mixin.py:188} INFO - [2025-12-21T07:08:06.571+0000] {dagbag.py:540} INFO - Filling up the DagBag from /home/airflow/.local/lib/python3.8/site-packages/airflow/example_dags/example_branch_datetime_operator.py
[2025-12-21T07:08:06.599+0000] {processor.py:840} INFO - DAG(s) 'example_branch_datetime_operator_3', 'example_branch_datetime_operator', 'example_branch_datetime_operator_2' retrieved from /home/airflow/.local/lib/python3.8/site-packages/airflow/example_dags/example_branch_datetime_operator.py
[2025-12-21T07:08:06.650+0000] {logging_mixin.py:188} INFO - [2025-12-21T07:08:06.649+0000] {dag.py:3047} INFO - Sync 3 DAGs
[2025-12-21T07:08:06.677+0000] {logging_mixin.py:188} INFO - [2025-12-21T07:08:06.677+0000] {dag.py:3834} INFO - Setting next_dagrun for example_branch_datetime_operator to 2025-12-20 00:00:00+00:00, run_after=2025-12-21 00:00:00+00:00
[2025-12-21T07:08:06.683+0000] {logging_mixin.py:188} INFO - [2025-12-21T07:08:06.683+0000] {dag.py:3834} INFO - Setting next_dagrun for example_branch_datetime_operator_2 to 2025-12-20 00:00:00+00:00, run_after=2025-12-21 00:00:00+00:00
[2025-12-21T07:08:06.687+0000] {logging_mixin.py:188} INFO - [2025-12-21T07:08:06.687+0000] {dag.py:3834} INFO - Setting next_dagrun for example_branch_datetime_operator_3 to 2025-12-20 00:00:00+00:00, run_after=2025-12-21 00:00:00+00:00
[2025-12-21T07:08:06.709+0000] {processor.py:183} INFO - Processing /home/airflow/.local/lib/python3.8/site-packages/airflow/example_dags/example_branch_datetime_operator.py took 0.146 seconds
[2025-12-21T07:08:36.818+0000] {processor.py:161} INFO - Started process (PID=1150) to work on /home/airflow/.local/lib/python3.8/site-packages/airflow/example_dags/example_branch_datetime_operator.py
[2025-12-21T07:08:36.819+0000] {processor.py:830} INFO - Processing file /home/airflow/.local/lib/python3.8/site-packages/airflow/example_dags/example_branch_datetime_operator.py for tasks to queue
[2025-12-21T07:08:36.822+0000] {logging_mixin.py:188} INFO - [2025-12-21T07:08:36.822+0000] {dagbag.py:540} INFO - Filling up the DagBag from /home/airflow/.local/lib/python3.8/site-packages/airflow/example_dags/example_branch_datetime_operator.py
[2025-12-21T07:08:36.838+0000] {processor.py:840} INFO - DAG(s) 'example_branch_datetime_operator_2', 'example_branch_datetime_operator_3', 'example_branch_datetime_operator' retrieved from /home/airflow/.local/lib/python3.8/site-packages/airflow/example_dags/example_branch_datetime_operator.py
[2025-12-21T07:08:36.887+0000] {logging_mixin.py:188} INFO - [2025-12-21T07:08:36.886+0000] {dag.py:3047} INFO - Sync 3 DAGs
[2025-12-21T07:08:36.926+0000] {logging_mixin.py:188} INFO - [2025-12-21T07:08:36.926+0000] {dag.py:3834} INFO - Setting next_dagrun for example_branch_datetime_operator to 2025-12-20 00:00:00+00:00, run_after=2025-12-21 00:00:00+00:00
[2025-12-21T07:08:36.937+0000] {logging_mixin.py:188} INFO - [2025-12-21T07:08:36.936+0000] {dag.py:3834} INFO - Setting next_dagrun for example_branch_datetime_operator_2 to 2025-12-20 00:00:00+00:00, run_after=2025-12-21 00:00:00+00:00
[2025-12-21T07:08:36.941+0000] {logging_mixin.py:188} INFO - [2025-12-21T07:08:36.940+0000] {dag.py:3834} INFO - Setting next_dagrun for example_branch_datetime_operator_3 to 2025-12-20 00:00:00+00:00, run_after=2025-12-21 00:00:00+00:00
[2025-12-21T07:08:36.966+0000] {processor.py:183} INFO - Processing /home/airflow/.local/lib/python3.8/site-packages/airflow/example_dags/example_branch_datetime_operator.py took 0.152 seconds
[2025-12-21T07:11:47.365+0000] {processor.py:161} INFO - Started process (PID=97) to work on /home/airflow/.local/lib/python3.8/site-packages/airflow/example_dags/example_branch_datetime_operator.py
[2025-12-21T07:11:47.367+0000] {processor.py:830} INFO - Processing file /home/airflow/.local/lib/python3.8/site-packages/airflow/example_dags/example_branch_datetime_operator.py for tasks to queue
[2025-12-21T07:11:47.369+0000] {logging_mixin.py:188} INFO - [2025-12-21T07:11:47.369+0000] {dagbag.py:540} INFO - Filling up the DagBag from /home/airflow/.local/lib/python3.8/site-packages/airflow/example_dags/example_branch_datetime_operator.py
[2025-12-21T07:11:47.385+0000] {processor.py:840} INFO - DAG(s) 'example_branch_datetime_operator_2', 'example_branch_datetime_operator_3', 'example_branch_datetime_operator' retrieved from /home/airflow/.local/lib/python3.8/site-packages/airflow/example_dags/example_branch_datetime_operator.py
[2025-12-21T07:11:47.548+0000] {logging_mixin.py:188} INFO - [2025-12-21T07:11:47.547+0000] {dag.py:3047} INFO - Sync 3 DAGs
[2025-12-21T07:11:47.575+0000] {logging_mixin.py:188} INFO - [2025-12-21T07:11:47.575+0000] {dag.py:3834} INFO - Setting next_dagrun for example_branch_datetime_operator to 2025-12-20 00:00:00+00:00, run_after=2025-12-21 00:00:00+00:00
[2025-12-21T07:11:47.582+0000] {logging_mixin.py:188} INFO - [2025-12-21T07:11:47.581+0000] {dag.py:3834} INFO - Setting next_dagrun for example_branch_datetime_operator_2 to 2025-12-20 00:00:00+00:00, run_after=2025-12-21 00:00:00+00:00
[2025-12-21T07:11:47.586+0000] {logging_mixin.py:188} INFO - [2025-12-21T07:11:47.585+0000] {dag.py:3834} INFO - Setting next_dagrun for example_branch_datetime_operator_3 to 2025-12-20 00:00:00+00:00, run_after=2025-12-21 00:00:00+00:00
[2025-12-21T07:11:47.615+0000] {processor.py:183} INFO - Processing /home/airflow/.local/lib/python3.8/site-packages/airflow/example_dags/example_branch_datetime_operator.py took 0.253 seconds
[2025-12-21T07:12:18.265+0000] {processor.py:161} INFO - Started process (PID=153) to work on /home/airflow/.local/lib/python3.8/site-packages/airflow/example_dags/example_branch_datetime_operator.py
[2025-12-21T07:12:18.267+0000] {processor.py:830} INFO - Processing file /home/airflow/.local/lib/python3.8/site-packages/airflow/example_dags/example_branch_datetime_operator.py for tasks to queue
[2025-12-21T07:12:18.269+0000] {logging_mixin.py:188} INFO - [2025-12-21T07:12:18.269+0000] {dagbag.py:540} INFO - Filling up the DagBag from /home/airflow/.local/lib/python3.8/site-packages/airflow/example_dags/example_branch_datetime_operator.py
[2025-12-21T07:12:18.295+0000] {processor.py:840} INFO - DAG(s) 'example_branch_datetime_operator_2', 'example_branch_datetime_operator', 'example_branch_datetime_operator_3' retrieved from /home/airflow/.local/lib/python3.8/site-packages/airflow/example_dags/example_branch_datetime_operator.py
[2025-12-21T07:12:18.372+0000] {logging_mixin.py:188} INFO - [2025-12-21T07:12:18.371+0000] {dag.py:3047} INFO - Sync 3 DAGs
[2025-12-21T07:12:18.418+0000] {logging_mixin.py:188} INFO - [2025-12-21T07:12:18.418+0000] {dag.py:3834} INFO - Setting next_dagrun for example_branch_datetime_operator to 2025-12-20 00:00:00+00:00, run_after=2025-12-21 00:00:00+00:00
[2025-12-21T07:12:18.430+0000] {logging_mixin.py:188} INFO - [2025-12-21T07:12:18.430+0000] {dag.py:3834} INFO - Setting next_dagrun for example_branch_datetime_operator_2 to 2025-12-20 00:00:00+00:00, run_after=2025-12-21 00:00:00+00:00
[2025-12-21T07:12:18.437+0000] {logging_mixin.py:188} INFO - [2025-12-21T07:12:18.437+0000] {dag.py:3834} INFO - Setting next_dagrun for example_branch_datetime_operator_3 to 2025-12-20 00:00:00+00:00, run_after=2025-12-21 00:00:00+00:00
[2025-12-21T07:12:18.488+0000] {processor.py:183} INFO - Processing /home/airflow/.local/lib/python3.8/site-packages/airflow/example_dags/example_branch_datetime_operator.py took 0.228 seconds
[2025-12-21T07:12:48.618+0000] {processor.py:161} INFO - Started process (PID=210) to work on /home/airflow/.local/lib/python3.8/site-packages/airflow/example_dags/example_branch_datetime_operator.py
[2025-12-21T07:12:48.619+0000] {processor.py:830} INFO - Processing file /home/airflow/.local/lib/python3.8/site-packages/airflow/example_dags/example_branch_datetime_operator.py for tasks to queue
[2025-12-21T07:12:48.624+0000] {logging_mixin.py:188} INFO - [2025-12-21T07:12:48.623+0000] {dagbag.py:540} INFO - Filling up the DagBag from /home/airflow/.local/lib/python3.8/site-packages/airflow/example_dags/example_branch_datetime_operator.py
[2025-12-21T07:12:48.641+0000] {processor.py:840} INFO - DAG(s) 'example_branch_datetime_operator', 'example_branch_datetime_operator_3', 'example_branch_datetime_operator_2' retrieved from /home/airflow/.local/lib/python3.8/site-packages/airflow/example_dags/example_branch_datetime_operator.py
[2025-12-21T07:12:48.679+0000] {logging_mixin.py:188} INFO - [2025-12-21T07:12:48.679+0000] {dag.py:3047} INFO - Sync 3 DAGs
[2025-12-21T07:12:48.710+0000] {logging_mixin.py:188} INFO - [2025-12-21T07:12:48.709+0000] {dag.py:3834} INFO - Setting next_dagrun for example_branch_datetime_operator to 2025-12-20 00:00:00+00:00, run_after=2025-12-21 00:00:00+00:00
[2025-12-21T07:12:48.719+0000] {logging_mixin.py:188} INFO - [2025-12-21T07:12:48.718+0000] {dag.py:3834} INFO - Setting next_dagrun for example_branch_datetime_operator_2 to 2025-12-20 00:00:00+00:00, run_after=2025-12-21 00:00:00+00:00
[2025-12-21T07:12:48.722+0000] {logging_mixin.py:188} INFO - [2025-12-21T07:12:48.722+0000] {dag.py:3834} INFO - Setting next_dagrun for example_branch_datetime_operator_3 to 2025-12-20 00:00:00+00:00, run_after=2025-12-21 00:00:00+00:00
[2025-12-21T07:12:48.751+0000] {processor.py:183} INFO - Processing /home/airflow/.local/lib/python3.8/site-packages/airflow/example_dags/example_branch_datetime_operator.py took 0.137 seconds
[2025-12-21T07:13:18.888+0000] {processor.py:161} INFO - Started process (PID=266) to work on /home/airflow/.local/lib/python3.8/site-packages/airflow/example_dags/example_branch_datetime_operator.py
[2025-12-21T07:13:18.889+0000] {processor.py:830} INFO - Processing file /home/airflow/.local/lib/python3.8/site-packages/airflow/example_dags/example_branch_datetime_operator.py for tasks to queue
[2025-12-21T07:13:18.891+0000] {logging_mixin.py:188} INFO - [2025-12-21T07:13:18.891+0000] {dagbag.py:540} INFO - Filling up the DagBag from /home/airflow/.local/lib/python3.8/site-packages/airflow/example_dags/example_branch_datetime_operator.py
[2025-12-21T07:13:18.902+0000] {processor.py:840} INFO - DAG(s) 'example_branch_datetime_operator', 'example_branch_datetime_operator_3', 'example_branch_datetime_operator_2' retrieved from /home/airflow/.local/lib/python3.8/site-packages/airflow/example_dags/example_branch_datetime_operator.py
[2025-12-21T07:13:18.936+0000] {logging_mixin.py:188} INFO - [2025-12-21T07:13:18.936+0000] {dag.py:3047} INFO - Sync 3 DAGs
[2025-12-21T07:13:18.965+0000] {logging_mixin.py:188} INFO - [2025-12-21T07:13:18.964+0000] {dag.py:3834} INFO - Setting next_dagrun for example_branch_datetime_operator to 2025-12-20 00:00:00+00:00, run_after=2025-12-21 00:00:00+00:00
[2025-12-21T07:13:18.970+0000] {logging_mixin.py:188} INFO - [2025-12-21T07:13:18.970+0000] {dag.py:3834} INFO - Setting next_dagrun for example_branch_datetime_operator_2 to 2025-12-20 00:00:00+00:00, run_after=2025-12-21 00:00:00+00:00
[2025-12-21T07:13:18.973+0000] {logging_mixin.py:188} INFO - [2025-12-21T07:13:18.973+0000] {dag.py:3834} INFO - Setting next_dagrun for example_branch_datetime_operator_3 to 2025-12-20 00:00:00+00:00, run_after=2025-12-21 00:00:00+00:00
[2025-12-21T07:13:18.993+0000] {processor.py:183} INFO - Processing /home/airflow/.local/lib/python3.8/site-packages/airflow/example_dags/example_branch_datetime_operator.py took 0.109 seconds
[2025-12-21T07:13:49.594+0000] {processor.py:161} INFO - Started process (PID=323) to work on /home/airflow/.local/lib/python3.8/site-packages/airflow/example_dags/example_branch_datetime_operator.py
[2025-12-21T07:13:49.595+0000] {processor.py:830} INFO - Processing file /home/airflow/.local/lib/python3.8/site-packages/airflow/example_dags/example_branch_datetime_operator.py for tasks to queue
[2025-12-21T07:13:49.604+0000] {logging_mixin.py:188} INFO - [2025-12-21T07:13:49.604+0000] {dagbag.py:540} INFO - Filling up the DagBag from /home/airflow/.local/lib/python3.8/site-packages/airflow/example_dags/example_branch_datetime_operator.py
[2025-12-21T07:13:49.621+0000] {processor.py:840} INFO - DAG(s) 'example_branch_datetime_operator_2', 'example_branch_datetime_operator', 'example_branch_datetime_operator_3' retrieved from /home/airflow/.local/lib/python3.8/site-packages/airflow/example_dags/example_branch_datetime_operator.py
[2025-12-21T07:13:49.662+0000] {logging_mixin.py:188} INFO - [2025-12-21T07:13:49.662+0000] {dag.py:3047} INFO - Sync 3 DAGs
[2025-12-21T07:13:49.691+0000] {logging_mixin.py:188} INFO - [2025-12-21T07:13:49.691+0000] {dag.py:3834} INFO - Setting next_dagrun for example_branch_datetime_operator to 2025-12-20 00:00:00+00:00, run_after=2025-12-21 00:00:00+00:00
[2025-12-21T07:13:49.698+0000] {logging_mixin.py:188} INFO - [2025-12-21T07:13:49.698+0000] {dag.py:3834} INFO - Setting next_dagrun for example_branch_datetime_operator_2 to 2025-12-20 00:00:00+00:00, run_after=2025-12-21 00:00:00+00:00
[2025-12-21T07:13:49.702+0000] {logging_mixin.py:188} INFO - [2025-12-21T07:13:49.702+0000] {dag.py:3834} INFO - Setting next_dagrun for example_branch_datetime_operator_3 to 2025-12-20 00:00:00+00:00, run_after=2025-12-21 00:00:00+00:00
[2025-12-21T07:13:49.728+0000] {processor.py:183} INFO - Processing /home/airflow/.local/lib/python3.8/site-packages/airflow/example_dags/example_branch_datetime_operator.py took 0.138 seconds
[2025-12-21T07:14:20.136+0000] {processor.py:161} INFO - Started process (PID=379) to work on /home/airflow/.local/lib/python3.8/site-packages/airflow/example_dags/example_branch_datetime_operator.py
[2025-12-21T07:14:20.137+0000] {processor.py:830} INFO - Processing file /home/airflow/.local/lib/python3.8/site-packages/airflow/example_dags/example_branch_datetime_operator.py for tasks to queue
[2025-12-21T07:14:20.139+0000] {logging_mixin.py:188} INFO - [2025-12-21T07:14:20.139+0000] {dagbag.py:540} INFO - Filling up the DagBag from /home/airflow/.local/lib/python3.8/site-packages/airflow/example_dags/example_branch_datetime_operator.py
[2025-12-21T07:14:20.148+0000] {processor.py:840} INFO - DAG(s) 'example_branch_datetime_operator_3', 'example_branch_datetime_operator', 'example_branch_datetime_operator_2' retrieved from /home/airflow/.local/lib/python3.8/site-packages/airflow/example_dags/example_branch_datetime_operator.py
[2025-12-21T07:14:20.179+0000] {logging_mixin.py:188} INFO - [2025-12-21T07:14:20.179+0000] {dag.py:3047} INFO - Sync 3 DAGs
[2025-12-21T07:14:20.200+0000] {logging_mixin.py:188} INFO - [2025-12-21T07:14:20.200+0000] {dag.py:3834} INFO - Setting next_dagrun for example_branch_datetime_operator to 2025-12-20 00:00:00+00:00, run_after=2025-12-21 00:00:00+00:00
[2025-12-21T07:14:20.205+0000] {logging_mixin.py:188} INFO - [2025-12-21T07:14:20.205+0000] {dag.py:3834} INFO - Setting next_dagrun for example_branch_datetime_operator_2 to 2025-12-20 00:00:00+00:00, run_after=2025-12-21 00:00:00+00:00
[2025-12-21T07:14:20.207+0000] {logging_mixin.py:188} INFO - [2025-12-21T07:14:20.207+0000] {dag.py:3834} INFO - Setting next_dagrun for example_branch_datetime_operator_3 to 2025-12-20 00:00:00+00:00, run_after=2025-12-21 00:00:00+00:00
[2025-12-21T07:14:20.226+0000] {processor.py:183} INFO - Processing /home/airflow/.local/lib/python3.8/site-packages/airflow/example_dags/example_branch_datetime_operator.py took 0.094 seconds
[2025-12-21T07:14:50.973+0000] {processor.py:161} INFO - Started process (PID=433) to work on /home/airflow/.local/lib/python3.8/site-packages/airflow/example_dags/example_branch_datetime_operator.py
[2025-12-21T07:14:50.975+0000] {processor.py:830} INFO - Processing file /home/airflow/.local/lib/python3.8/site-packages/airflow/example_dags/example_branch_datetime_operator.py for tasks to queue
[2025-12-21T07:14:50.977+0000] {logging_mixin.py:188} INFO - [2025-12-21T07:14:50.977+0000] {dagbag.py:540} INFO - Filling up the DagBag from /home/airflow/.local/lib/python3.8/site-packages/airflow/example_dags/example_branch_datetime_operator.py
[2025-12-21T07:14:50.990+0000] {processor.py:840} INFO - DAG(s) 'example_branch_datetime_operator_3', 'example_branch_datetime_operator', 'example_branch_datetime_operator_2' retrieved from /home/airflow/.local/lib/python3.8/site-packages/airflow/example_dags/example_branch_datetime_operator.py
[2025-12-21T07:14:51.028+0000] {logging_mixin.py:188} INFO - [2025-12-21T07:14:51.028+0000] {dag.py:3047} INFO - Sync 3 DAGs
[2025-12-21T07:14:51.062+0000] {logging_mixin.py:188} INFO - [2025-12-21T07:14:51.062+0000] {dag.py:3834} INFO - Setting next_dagrun for example_branch_datetime_operator to 2025-12-20 00:00:00+00:00, run_after=2025-12-21 00:00:00+00:00
[2025-12-21T07:14:51.069+0000] {logging_mixin.py:188} INFO - [2025-12-21T07:14:51.069+0000] {dag.py:3834} INFO - Setting next_dagrun for example_branch_datetime_operator_2 to 2025-12-20 00:00:00+00:00, run_after=2025-12-21 00:00:00+00:00
[2025-12-21T07:14:51.073+0000] {logging_mixin.py:188} INFO - [2025-12-21T07:14:51.073+0000] {dag.py:3834} INFO - Setting next_dagrun for example_branch_datetime_operator_3 to 2025-12-20 00:00:00+00:00, run_after=2025-12-21 00:00:00+00:00
[2025-12-21T07:14:51.095+0000] {processor.py:183} INFO - Processing /home/airflow/.local/lib/python3.8/site-packages/airflow/example_dags/example_branch_datetime_operator.py took 0.125 seconds
[2025-12-21T07:15:22.022+0000] {processor.py:161} INFO - Started process (PID=489) to work on /home/airflow/.local/lib/python3.8/site-packages/airflow/example_dags/example_branch_datetime_operator.py
[2025-12-21T07:15:22.023+0000] {processor.py:830} INFO - Processing file /home/airflow/.local/lib/python3.8/site-packages/airflow/example_dags/example_branch_datetime_operator.py for tasks to queue
[2025-12-21T07:15:22.026+0000] {logging_mixin.py:188} INFO - [2025-12-21T07:15:22.025+0000] {dagbag.py:540} INFO - Filling up the DagBag from /home/airflow/.local/lib/python3.8/site-packages/airflow/example_dags/example_branch_datetime_operator.py
[2025-12-21T07:15:22.036+0000] {processor.py:840} INFO - DAG(s) 'example_branch_datetime_operator_3', 'example_branch_datetime_operator_2', 'example_branch_datetime_operator' retrieved from /home/airflow/.local/lib/python3.8/site-packages/airflow/example_dags/example_branch_datetime_operator.py
[2025-12-21T07:15:22.066+0000] {logging_mixin.py:188} INFO - [2025-12-21T07:15:22.066+0000] {dag.py:3047} INFO - Sync 3 DAGs
[2025-12-21T07:15:22.089+0000] {logging_mixin.py:188} INFO - [2025-12-21T07:15:22.089+0000] {dag.py:3834} INFO - Setting next_dagrun for example_branch_datetime_operator to 2025-12-20 00:00:00+00:00, run_after=2025-12-21 00:00:00+00:00
[2025-12-21T07:15:22.095+0000] {logging_mixin.py:188} INFO - [2025-12-21T07:15:22.095+0000] {dag.py:3834} INFO - Setting next_dagrun for example_branch_datetime_operator_2 to 2025-12-20 00:00:00+00:00, run_after=2025-12-21 00:00:00+00:00
[2025-12-21T07:15:22.097+0000] {logging_mixin.py:188} INFO - [2025-12-21T07:15:22.097+0000] {dag.py:3834} INFO - Setting next_dagrun for example_branch_datetime_operator_3 to 2025-12-20 00:00:00+00:00, run_after=2025-12-21 00:00:00+00:00
[2025-12-21T07:15:22.117+0000] {processor.py:183} INFO - Processing /home/airflow/.local/lib/python3.8/site-packages/airflow/example_dags/example_branch_datetime_operator.py took 0.099 seconds
[2025-12-21T07:15:52.421+0000] {processor.py:161} INFO - Started process (PID=545) to work on /home/airflow/.local/lib/python3.8/site-packages/airflow/example_dags/example_branch_datetime_operator.py
[2025-12-21T07:15:52.422+0000] {processor.py:830} INFO - Processing file /home/airflow/.local/lib/python3.8/site-packages/airflow/example_dags/example_branch_datetime_operator.py for tasks to queue
[2025-12-21T07:15:52.425+0000] {logging_mixin.py:188} INFO - [2025-12-21T07:15:52.424+0000] {dagbag.py:540} INFO - Filling up the DagBag from /home/airflow/.local/lib/python3.8/site-packages/airflow/example_dags/example_branch_datetime_operator.py
[2025-12-21T07:15:52.436+0000] {processor.py:840} INFO - DAG(s) 'example_branch_datetime_operator_3', 'example_branch_datetime_operator_2', 'example_branch_datetime_operator' retrieved from /home/airflow/.local/lib/python3.8/site-packages/airflow/example_dags/example_branch_datetime_operator.py
[2025-12-21T07:15:52.465+0000] {logging_mixin.py:188} INFO - [2025-12-21T07:15:52.465+0000] {dag.py:3047} INFO - Sync 3 DAGs
[2025-12-21T07:15:52.487+0000] {logging_mixin.py:188} INFO - [2025-12-21T07:15:52.487+0000] {dag.py:3834} INFO - Setting next_dagrun for example_branch_datetime_operator to 2025-12-20 00:00:00+00:00, run_after=2025-12-21 00:00:00+00:00
[2025-12-21T07:15:52.492+0000] {logging_mixin.py:188} INFO - [2025-12-21T07:15:52.492+0000] {dag.py:3834} INFO - Setting next_dagrun for example_branch_datetime_operator_2 to 2025-12-20 00:00:00+00:00, run_after=2025-12-21 00:00:00+00:00
[2025-12-21T07:15:52.496+0000] {logging_mixin.py:188} INFO - [2025-12-21T07:15:52.496+0000] {dag.py:3834} INFO - Setting next_dagrun for example_branch_datetime_operator_3 to 2025-12-20 00:00:00+00:00, run_after=2025-12-21 00:00:00+00:00
[2025-12-21T07:15:52.514+0000] {processor.py:183} INFO - Processing /home/airflow/.local/lib/python3.8/site-packages/airflow/example_dags/example_branch_datetime_operator.py took 0.096 seconds
[2025-12-21T07:16:22.697+0000] {processor.py:161} INFO - Started process (PID=601) to work on /home/airflow/.local/lib/python3.8/site-packages/airflow/example_dags/example_branch_datetime_operator.py
[2025-12-21T07:16:22.699+0000] {processor.py:830} INFO - Processing file /home/airflow/.local/lib/python3.8/site-packages/airflow/example_dags/example_branch_datetime_operator.py for tasks to queue
[2025-12-21T07:16:22.701+0000] {logging_mixin.py:188} INFO - [2025-12-21T07:16:22.701+0000] {dagbag.py:540} INFO - Filling up the DagBag from /home/airflow/.local/lib/python3.8/site-packages/airflow/example_dags/example_branch_datetime_operator.py
[2025-12-21T07:16:22.713+0000] {processor.py:840} INFO - DAG(s) 'example_branch_datetime_operator', 'example_branch_datetime_operator_3', 'example_branch_datetime_operator_2' retrieved from /home/airflow/.local/lib/python3.8/site-packages/airflow/example_dags/example_branch_datetime_operator.py
[2025-12-21T07:16:22.746+0000] {logging_mixin.py:188} INFO - [2025-12-21T07:16:22.746+0000] {dag.py:3047} INFO - Sync 3 DAGs
[2025-12-21T07:16:22.771+0000] {logging_mixin.py:188} INFO - [2025-12-21T07:16:22.771+0000] {dag.py:3834} INFO - Setting next_dagrun for example_branch_datetime_operator to 2025-12-20 00:00:00+00:00, run_after=2025-12-21 00:00:00+00:00
[2025-12-21T07:16:22.777+0000] {logging_mixin.py:188} INFO - [2025-12-21T07:16:22.777+0000] {dag.py:3834} INFO - Setting next_dagrun for example_branch_datetime_operator_2 to 2025-12-20 00:00:00+00:00, run_after=2025-12-21 00:00:00+00:00
[2025-12-21T07:16:22.780+0000] {logging_mixin.py:188} INFO - [2025-12-21T07:16:22.780+0000] {dag.py:3834} INFO - Setting next_dagrun for example_branch_datetime_operator_3 to 2025-12-20 00:00:00+00:00, run_after=2025-12-21 00:00:00+00:00
[2025-12-21T07:16:22.816+0000] {processor.py:183} INFO - Processing /home/airflow/.local/lib/python3.8/site-packages/airflow/example_dags/example_branch_datetime_operator.py took 0.122 seconds
[2025-12-21T07:16:53.488+0000] {processor.py:161} INFO - Started process (PID=657) to work on /home/airflow/.local/lib/python3.8/site-packages/airflow/example_dags/example_branch_datetime_operator.py
[2025-12-21T07:16:53.490+0000] {processor.py:830} INFO - Processing file /home/airflow/.local/lib/python3.8/site-packages/airflow/example_dags/example_branch_datetime_operator.py for tasks to queue
[2025-12-21T07:16:53.492+0000] {logging_mixin.py:188} INFO - [2025-12-21T07:16:53.492+0000] {dagbag.py:540} INFO - Filling up the DagBag from /home/airflow/.local/lib/python3.8/site-packages/airflow/example_dags/example_branch_datetime_operator.py
[2025-12-21T07:16:53.505+0000] {processor.py:840} INFO - DAG(s) 'example_branch_datetime_operator_2', 'example_branch_datetime_operator_3', 'example_branch_datetime_operator' retrieved from /home/airflow/.local/lib/python3.8/site-packages/airflow/example_dags/example_branch_datetime_operator.py
[2025-12-21T07:16:53.543+0000] {logging_mixin.py:188} INFO - [2025-12-21T07:16:53.543+0000] {dag.py:3047} INFO - Sync 3 DAGs
[2025-12-21T07:16:53.573+0000] {logging_mixin.py:188} INFO - [2025-12-21T07:16:53.573+0000] {dag.py:3834} INFO - Setting next_dagrun for example_branch_datetime_operator to 2025-12-20 00:00:00+00:00, run_after=2025-12-21 00:00:00+00:00
[2025-12-21T07:16:53.580+0000] {logging_mixin.py:188} INFO - [2025-12-21T07:16:53.580+0000] {dag.py:3834} INFO - Setting next_dagrun for example_branch_datetime_operator_2 to 2025-12-20 00:00:00+00:00, run_after=2025-12-21 00:00:00+00:00
[2025-12-21T07:16:53.583+0000] {logging_mixin.py:188} INFO - [2025-12-21T07:16:53.583+0000] {dag.py:3834} INFO - Setting next_dagrun for example_branch_datetime_operator_3 to 2025-12-20 00:00:00+00:00, run_after=2025-12-21 00:00:00+00:00
[2025-12-21T07:16:53.609+0000] {processor.py:183} INFO - Processing /home/airflow/.local/lib/python3.8/site-packages/airflow/example_dags/example_branch_datetime_operator.py took 0.125 seconds
[2025-12-21T07:17:23.778+0000] {processor.py:161} INFO - Started process (PID=713) to work on /home/airflow/.local/lib/python3.8/site-packages/airflow/example_dags/example_branch_datetime_operator.py
[2025-12-21T07:17:23.780+0000] {processor.py:830} INFO - Processing file /home/airflow/.local/lib/python3.8/site-packages/airflow/example_dags/example_branch_datetime_operator.py for tasks to queue
[2025-12-21T07:17:23.782+0000] {logging_mixin.py:188} INFO - [2025-12-21T07:17:23.782+0000] {dagbag.py:540} INFO - Filling up the DagBag from /home/airflow/.local/lib/python3.8/site-packages/airflow/example_dags/example_branch_datetime_operator.py
[2025-12-21T07:17:23.796+0000] {processor.py:840} INFO - DAG(s) 'example_branch_datetime_operator_3', 'example_branch_datetime_operator_2', 'example_branch_datetime_operator' retrieved from /home/airflow/.local/lib/python3.8/site-packages/airflow/example_dags/example_branch_datetime_operator.py
[2025-12-21T07:17:23.830+0000] {logging_mixin.py:188} INFO - [2025-12-21T07:17:23.829+0000] {dag.py:3047} INFO - Sync 3 DAGs
[2025-12-21T07:17:23.853+0000] {logging_mixin.py:188} INFO - [2025-12-21T07:17:23.853+0000] {dag.py:3834} INFO - Setting next_dagrun for example_branch_datetime_operator to 2025-12-20 00:00:00+00:00, run_after=2025-12-21 00:00:00+00:00
[2025-12-21T07:17:23.859+0000] {logging_mixin.py:188} INFO - [2025-12-21T07:17:23.858+0000] {dag.py:3834} INFO - Setting next_dagrun for example_branch_datetime_operator_2 to 2025-12-20 00:00:00+00:00, run_after=2025-12-21 00:00:00+00:00
[2025-12-21T07:17:23.862+0000] {logging_mixin.py:188} INFO - [2025-12-21T07:17:23.861+0000] {dag.py:3834} INFO - Setting next_dagrun for example_branch_datetime_operator_3 to 2025-12-20 00:00:00+00:00, run_after=2025-12-21 00:00:00+00:00
[2025-12-21T07:17:23.885+0000] {processor.py:183} INFO - Processing /home/airflow/.local/lib/python3.8/site-packages/airflow/example_dags/example_branch_datetime_operator.py took 0.111 seconds
[2025-12-21T07:17:53.976+0000] {processor.py:161} INFO - Started process (PID=771) to work on /home/airflow/.local/lib/python3.8/site-packages/airflow/example_dags/example_branch_datetime_operator.py
[2025-12-21T07:17:53.978+0000] {processor.py:830} INFO - Processing file /home/airflow/.local/lib/python3.8/site-packages/airflow/example_dags/example_branch_datetime_operator.py for tasks to queue
[2025-12-21T07:17:53.980+0000] {logging_mixin.py:188} INFO - [2025-12-21T07:17:53.980+0000] {dagbag.py:540} INFO - Filling up the DagBag from /home/airflow/.local/lib/python3.8/site-packages/airflow/example_dags/example_branch_datetime_operator.py
[2025-12-21T07:17:53.990+0000] {processor.py:840} INFO - DAG(s) 'example_branch_datetime_operator_3', 'example_branch_datetime_operator', 'example_branch_datetime_operator_2' retrieved from /home/airflow/.local/lib/python3.8/site-packages/airflow/example_dags/example_branch_datetime_operator.py
[2025-12-21T07:17:54.022+0000] {logging_mixin.py:188} INFO - [2025-12-21T07:17:54.021+0000] {dag.py:3047} INFO - Sync 3 DAGs
[2025-12-21T07:17:54.051+0000] {logging_mixin.py:188} INFO - [2025-12-21T07:17:54.050+0000] {dag.py:3834} INFO - Setting next_dagrun for example_branch_datetime_operator to 2025-12-20 00:00:00+00:00, run_after=2025-12-21 00:00:00+00:00
[2025-12-21T07:17:54.056+0000] {logging_mixin.py:188} INFO - [2025-12-21T07:17:54.056+0000] {dag.py:3834} INFO - Setting next_dagrun for example_branch_datetime_operator_2 to 2025-12-20 00:00:00+00:00, run_after=2025-12-21 00:00:00+00:00
[2025-12-21T07:17:54.060+0000] {logging_mixin.py:188} INFO - [2025-12-21T07:17:54.060+0000] {dag.py:3834} INFO - Setting next_dagrun for example_branch_datetime_operator_3 to 2025-12-20 00:00:00+00:00, run_after=2025-12-21 00:00:00+00:00
[2025-12-21T07:17:54.078+0000] {processor.py:183} INFO - Processing /home/airflow/.local/lib/python3.8/site-packages/airflow/example_dags/example_branch_datetime_operator.py took 0.106 seconds
[2025-12-21T07:18:24.674+0000] {processor.py:161} INFO - Started process (PID=826) to work on /home/airflow/.local/lib/python3.8/site-packages/airflow/example_dags/example_branch_datetime_operator.py
[2025-12-21T07:18:24.676+0000] {processor.py:830} INFO - Processing file /home/airflow/.local/lib/python3.8/site-packages/airflow/example_dags/example_branch_datetime_operator.py for tasks to queue
[2025-12-21T07:18:24.680+0000] {logging_mixin.py:188} INFO - [2025-12-21T07:18:24.679+0000] {dagbag.py:540} INFO - Filling up the DagBag from /home/airflow/.local/lib/python3.8/site-packages/airflow/example_dags/example_branch_datetime_operator.py
[2025-12-21T07:18:24.695+0000] {processor.py:840} INFO - DAG(s) 'example_branch_datetime_operator_3', 'example_branch_datetime_operator', 'example_branch_datetime_operator_2' retrieved from /home/airflow/.local/lib/python3.8/site-packages/airflow/example_dags/example_branch_datetime_operator.py
[2025-12-21T07:18:24.732+0000] {logging_mixin.py:188} INFO - [2025-12-21T07:18:24.732+0000] {dag.py:3047} INFO - Sync 3 DAGs
[2025-12-21T07:18:24.761+0000] {logging_mixin.py:188} INFO - [2025-12-21T07:18:24.761+0000] {dag.py:3834} INFO - Setting next_dagrun for example_branch_datetime_operator to 2025-12-20 00:00:00+00:00, run_after=2025-12-21 00:00:00+00:00
[2025-12-21T07:18:24.771+0000] {logging_mixin.py:188} INFO - [2025-12-21T07:18:24.771+0000] {dag.py:3834} INFO - Setting next_dagrun for example_branch_datetime_operator_2 to 2025-12-20 00:00:00+00:00, run_after=2025-12-21 00:00:00+00:00
[2025-12-21T07:18:24.775+0000] {logging_mixin.py:188} INFO - [2025-12-21T07:18:24.775+0000] {dag.py:3834} INFO - Setting next_dagrun for example_branch_datetime_operator_3 to 2025-12-20 00:00:00+00:00, run_after=2025-12-21 00:00:00+00:00
[2025-12-21T07:18:24.798+0000] {processor.py:183} INFO - Processing /home/airflow/.local/lib/python3.8/site-packages/airflow/example_dags/example_branch_datetime_operator.py took 0.129 seconds
[2025-12-21T07:18:55.664+0000] {processor.py:161} INFO - Started process (PID=882) to work on /home/airflow/.local/lib/python3.8/site-packages/airflow/example_dags/example_branch_datetime_operator.py
[2025-12-21T07:18:55.665+0000] {processor.py:830} INFO - Processing file /home/airflow/.local/lib/python3.8/site-packages/airflow/example_dags/example_branch_datetime_operator.py for tasks to queue
[2025-12-21T07:18:55.668+0000] {logging_mixin.py:188} INFO - [2025-12-21T07:18:55.667+0000] {dagbag.py:540} INFO - Filling up the DagBag from /home/airflow/.local/lib/python3.8/site-packages/airflow/example_dags/example_branch_datetime_operator.py
[2025-12-21T07:18:55.677+0000] {processor.py:840} INFO - DAG(s) 'example_branch_datetime_operator_3', 'example_branch_datetime_operator', 'example_branch_datetime_operator_2' retrieved from /home/airflow/.local/lib/python3.8/site-packages/airflow/example_dags/example_branch_datetime_operator.py
[2025-12-21T07:18:55.708+0000] {logging_mixin.py:188} INFO - [2025-12-21T07:18:55.708+0000] {dag.py:3047} INFO - Sync 3 DAGs
[2025-12-21T07:18:55.732+0000] {logging_mixin.py:188} INFO - [2025-12-21T07:18:55.732+0000] {dag.py:3834} INFO - Setting next_dagrun for example_branch_datetime_operator to 2025-12-20 00:00:00+00:00, run_after=2025-12-21 00:00:00+00:00
[2025-12-21T07:18:55.738+0000] {logging_mixin.py:188} INFO - [2025-12-21T07:18:55.737+0000] {dag.py:3834} INFO - Setting next_dagrun for example_branch_datetime_operator_2 to 2025-12-20 00:00:00+00:00, run_after=2025-12-21 00:00:00+00:00
[2025-12-21T07:18:55.741+0000] {logging_mixin.py:188} INFO - [2025-12-21T07:18:55.741+0000] {dag.py:3834} INFO - Setting next_dagrun for example_branch_datetime_operator_3 to 2025-12-20 00:00:00+00:00, run_after=2025-12-21 00:00:00+00:00
[2025-12-21T07:18:55.762+0000] {processor.py:183} INFO - Processing /home/airflow/.local/lib/python3.8/site-packages/airflow/example_dags/example_branch_datetime_operator.py took 0.101 seconds
[2025-12-21T07:19:27.183+0000] {processor.py:161} INFO - Started process (PID=938) to work on /home/airflow/.local/lib/python3.8/site-packages/airflow/example_dags/example_branch_datetime_operator.py
[2025-12-21T07:19:27.184+0000] {processor.py:830} INFO - Processing file /home/airflow/.local/lib/python3.8/site-packages/airflow/example_dags/example_branch_datetime_operator.py for tasks to queue
[2025-12-21T07:19:27.187+0000] {logging_mixin.py:188} INFO - [2025-12-21T07:19:27.187+0000] {dagbag.py:540} INFO - Filling up the DagBag from /home/airflow/.local/lib/python3.8/site-packages/airflow/example_dags/example_branch_datetime_operator.py
[2025-12-21T07:19:27.200+0000] {processor.py:840} INFO - DAG(s) 'example_branch_datetime_operator_3', 'example_branch_datetime_operator_2', 'example_branch_datetime_operator' retrieved from /home/airflow/.local/lib/python3.8/site-packages/airflow/example_dags/example_branch_datetime_operator.py
[2025-12-21T07:19:27.234+0000] {logging_mixin.py:188} INFO - [2025-12-21T07:19:27.233+0000] {dag.py:3047} INFO - Sync 3 DAGs
[2025-12-21T07:19:27.276+0000] {logging_mixin.py:188} INFO - [2025-12-21T07:19:27.275+0000] {dag.py:3834} INFO - Setting next_dagrun for example_branch_datetime_operator to 2025-12-20 00:00:00+00:00, run_after=2025-12-21 00:00:00+00:00
[2025-12-21T07:19:27.283+0000] {logging_mixin.py:188} INFO - [2025-12-21T07:19:27.283+0000] {dag.py:3834} INFO - Setting next_dagrun for example_branch_datetime_operator_2 to 2025-12-20 00:00:00+00:00, run_after=2025-12-21 00:00:00+00:00
[2025-12-21T07:19:27.288+0000] {logging_mixin.py:188} INFO - [2025-12-21T07:19:27.288+0000] {dag.py:3834} INFO - Setting next_dagrun for example_branch_datetime_operator_3 to 2025-12-20 00:00:00+00:00, run_after=2025-12-21 00:00:00+00:00
[2025-12-21T07:19:27.319+0000] {processor.py:183} INFO - Processing /home/airflow/.local/lib/python3.8/site-packages/airflow/example_dags/example_branch_datetime_operator.py took 0.141 seconds
[2025-12-21T07:19:58.509+0000] {processor.py:161} INFO - Started process (PID=995) to work on /home/airflow/.local/lib/python3.8/site-packages/airflow/example_dags/example_branch_datetime_operator.py
[2025-12-21T07:19:58.511+0000] {processor.py:830} INFO - Processing file /home/airflow/.local/lib/python3.8/site-packages/airflow/example_dags/example_branch_datetime_operator.py for tasks to queue
[2025-12-21T07:19:58.514+0000] {logging_mixin.py:188} INFO - [2025-12-21T07:19:58.514+0000] {dagbag.py:540} INFO - Filling up the DagBag from /home/airflow/.local/lib/python3.8/site-packages/airflow/example_dags/example_branch_datetime_operator.py
[2025-12-21T07:19:58.549+0000] {processor.py:840} INFO - DAG(s) 'example_branch_datetime_operator_2', 'example_branch_datetime_operator', 'example_branch_datetime_operator_3' retrieved from /home/airflow/.local/lib/python3.8/site-packages/airflow/example_dags/example_branch_datetime_operator.py
[2025-12-21T07:19:58.664+0000] {logging_mixin.py:188} INFO - [2025-12-21T07:19:58.663+0000] {dag.py:3047} INFO - Sync 3 DAGs
[2025-12-21T07:19:58.740+0000] {logging_mixin.py:188} INFO - [2025-12-21T07:19:58.739+0000] {dag.py:3834} INFO - Setting next_dagrun for example_branch_datetime_operator to 2025-12-20 00:00:00+00:00, run_after=2025-12-21 00:00:00+00:00
[2025-12-21T07:19:58.756+0000] {logging_mixin.py:188} INFO - [2025-12-21T07:19:58.755+0000] {dag.py:3834} INFO - Setting next_dagrun for example_branch_datetime_operator_2 to 2025-12-20 00:00:00+00:00, run_after=2025-12-21 00:00:00+00:00
[2025-12-21T07:19:58.767+0000] {logging_mixin.py:188} INFO - [2025-12-21T07:19:58.767+0000] {dag.py:3834} INFO - Setting next_dagrun for example_branch_datetime_operator_3 to 2025-12-20 00:00:00+00:00, run_after=2025-12-21 00:00:00+00:00
[2025-12-21T07:19:58.807+0000] {processor.py:183} INFO - Processing /home/airflow/.local/lib/python3.8/site-packages/airflow/example_dags/example_branch_datetime_operator.py took 0.303 seconds
[2025-12-21T07:20:41.768+0000] {processor.py:161} INFO - Started process (PID=86) to work on /home/airflow/.local/lib/python3.8/site-packages/airflow/example_dags/example_branch_datetime_operator.py
[2025-12-21T07:20:41.770+0000] {processor.py:830} INFO - Processing file /home/airflow/.local/lib/python3.8/site-packages/airflow/example_dags/example_branch_datetime_operator.py for tasks to queue
[2025-12-21T07:20:41.772+0000] {logging_mixin.py:188} INFO - [2025-12-21T07:20:41.772+0000] {dagbag.py:540} INFO - Filling up the DagBag from /home/airflow/.local/lib/python3.8/site-packages/airflow/example_dags/example_branch_datetime_operator.py
[2025-12-21T07:20:41.782+0000] {processor.py:840} INFO - DAG(s) 'example_branch_datetime_operator', 'example_branch_datetime_operator_3', 'example_branch_datetime_operator_2' retrieved from /home/airflow/.local/lib/python3.8/site-packages/airflow/example_dags/example_branch_datetime_operator.py
[2025-12-21T07:20:41.812+0000] {logging_mixin.py:188} INFO - [2025-12-21T07:20:41.811+0000] {dag.py:3047} INFO - Sync 3 DAGs
[2025-12-21T07:20:41.837+0000] {logging_mixin.py:188} INFO - [2025-12-21T07:20:41.836+0000] {dag.py:3834} INFO - Setting next_dagrun for example_branch_datetime_operator to 2025-12-20 00:00:00+00:00, run_after=2025-12-21 00:00:00+00:00
[2025-12-21T07:20:41.842+0000] {logging_mixin.py:188} INFO - [2025-12-21T07:20:41.842+0000] {dag.py:3834} INFO - Setting next_dagrun for example_branch_datetime_operator_2 to 2025-12-20 00:00:00+00:00, run_after=2025-12-21 00:00:00+00:00
[2025-12-21T07:20:41.845+0000] {logging_mixin.py:188} INFO - [2025-12-21T07:20:41.844+0000] {dag.py:3834} INFO - Setting next_dagrun for example_branch_datetime_operator_3 to 2025-12-20 00:00:00+00:00, run_after=2025-12-21 00:00:00+00:00
[2025-12-21T07:20:41.863+0000] {processor.py:183} INFO - Processing /home/airflow/.local/lib/python3.8/site-packages/airflow/example_dags/example_branch_datetime_operator.py took 0.098 seconds
[2025-12-21T07:21:12.070+0000] {processor.py:161} INFO - Started process (PID=142) to work on /home/airflow/.local/lib/python3.8/site-packages/airflow/example_dags/example_branch_datetime_operator.py
[2025-12-21T07:21:12.071+0000] {processor.py:830} INFO - Processing file /home/airflow/.local/lib/python3.8/site-packages/airflow/example_dags/example_branch_datetime_operator.py for tasks to queue
[2025-12-21T07:21:12.074+0000] {logging_mixin.py:188} INFO - [2025-12-21T07:21:12.074+0000] {dagbag.py:540} INFO - Filling up the DagBag from /home/airflow/.local/lib/python3.8/site-packages/airflow/example_dags/example_branch_datetime_operator.py
[2025-12-21T07:21:12.087+0000] {processor.py:840} INFO - DAG(s) 'example_branch_datetime_operator', 'example_branch_datetime_operator_2', 'example_branch_datetime_operator_3' retrieved from /home/airflow/.local/lib/python3.8/site-packages/airflow/example_dags/example_branch_datetime_operator.py
[2025-12-21T07:21:12.128+0000] {logging_mixin.py:188} INFO - [2025-12-21T07:21:12.128+0000] {dag.py:3047} INFO - Sync 3 DAGs
[2025-12-21T07:21:12.156+0000] {logging_mixin.py:188} INFO - [2025-12-21T07:21:12.156+0000] {dag.py:3834} INFO - Setting next_dagrun for example_branch_datetime_operator to 2025-12-20 00:00:00+00:00, run_after=2025-12-21 00:00:00+00:00
[2025-12-21T07:21:12.163+0000] {logging_mixin.py:188} INFO - [2025-12-21T07:21:12.163+0000] {dag.py:3834} INFO - Setting next_dagrun for example_branch_datetime_operator_2 to 2025-12-20 00:00:00+00:00, run_after=2025-12-21 00:00:00+00:00
[2025-12-21T07:21:12.167+0000] {logging_mixin.py:188} INFO - [2025-12-21T07:21:12.166+0000] {dag.py:3834} INFO - Setting next_dagrun for example_branch_datetime_operator_3 to 2025-12-20 00:00:00+00:00, run_after=2025-12-21 00:00:00+00:00
[2025-12-21T07:21:12.190+0000] {processor.py:183} INFO - Processing /home/airflow/.local/lib/python3.8/site-packages/airflow/example_dags/example_branch_datetime_operator.py took 0.124 seconds
[2025-12-21T07:22:23.025+0000] {processor.py:161} INFO - Started process (PID=99) to work on /home/airflow/.local/lib/python3.8/site-packages/airflow/example_dags/example_branch_datetime_operator.py
[2025-12-21T07:22:23.028+0000] {processor.py:830} INFO - Processing file /home/airflow/.local/lib/python3.8/site-packages/airflow/example_dags/example_branch_datetime_operator.py for tasks to queue
[2025-12-21T07:22:23.032+0000] {logging_mixin.py:188} INFO - [2025-12-21T07:22:23.032+0000] {dagbag.py:540} INFO - Filling up the DagBag from /home/airflow/.local/lib/python3.8/site-packages/airflow/example_dags/example_branch_datetime_operator.py
[2025-12-21T07:22:23.057+0000] {processor.py:840} INFO - DAG(s) 'example_branch_datetime_operator', 'example_branch_datetime_operator_3', 'example_branch_datetime_operator_2' retrieved from /home/airflow/.local/lib/python3.8/site-packages/airflow/example_dags/example_branch_datetime_operator.py
[2025-12-21T07:22:23.090+0000] {logging_mixin.py:188} INFO - [2025-12-21T07:22:23.090+0000] {dag.py:3047} INFO - Sync 3 DAGs
[2025-12-21T07:22:23.122+0000] {logging_mixin.py:188} INFO - [2025-12-21T07:22:23.122+0000] {dag.py:3834} INFO - Setting next_dagrun for example_branch_datetime_operator to 2025-12-20 00:00:00+00:00, run_after=2025-12-21 00:00:00+00:00
[2025-12-21T07:22:23.130+0000] {logging_mixin.py:188} INFO - [2025-12-21T07:22:23.129+0000] {dag.py:3834} INFO - Setting next_dagrun for example_branch_datetime_operator_2 to 2025-12-20 00:00:00+00:00, run_after=2025-12-21 00:00:00+00:00
[2025-12-21T07:22:23.133+0000] {logging_mixin.py:188} INFO - [2025-12-21T07:22:23.133+0000] {dag.py:3834} INFO - Setting next_dagrun for example_branch_datetime_operator_3 to 2025-12-20 00:00:00+00:00, run_after=2025-12-21 00:00:00+00:00
[2025-12-21T07:22:23.169+0000] {processor.py:183} INFO - Processing /home/airflow/.local/lib/python3.8/site-packages/airflow/example_dags/example_branch_datetime_operator.py took 0.153 seconds
[2025-12-21T07:22:54.652+0000] {processor.py:161} INFO - Started process (PID=156) to work on /home/airflow/.local/lib/python3.8/site-packages/airflow/example_dags/example_branch_datetime_operator.py
[2025-12-21T07:22:54.654+0000] {processor.py:830} INFO - Processing file /home/airflow/.local/lib/python3.8/site-packages/airflow/example_dags/example_branch_datetime_operator.py for tasks to queue
[2025-12-21T07:22:54.656+0000] {logging_mixin.py:188} INFO - [2025-12-21T07:22:54.656+0000] {dagbag.py:540} INFO - Filling up the DagBag from /home/airflow/.local/lib/python3.8/site-packages/airflow/example_dags/example_branch_datetime_operator.py
[2025-12-21T07:22:54.670+0000] {processor.py:840} INFO - DAG(s) 'example_branch_datetime_operator_2', 'example_branch_datetime_operator_3', 'example_branch_datetime_operator' retrieved from /home/airflow/.local/lib/python3.8/site-packages/airflow/example_dags/example_branch_datetime_operator.py
[2025-12-21T07:22:54.807+0000] {logging_mixin.py:188} INFO - [2025-12-21T07:22:54.807+0000] {dag.py:3047} INFO - Sync 3 DAGs
[2025-12-21T07:22:54.828+0000] {logging_mixin.py:188} INFO - [2025-12-21T07:22:54.828+0000] {dag.py:3834} INFO - Setting next_dagrun for example_branch_datetime_operator to 2025-12-20 00:00:00+00:00, run_after=2025-12-21 00:00:00+00:00
[2025-12-21T07:22:54.832+0000] {logging_mixin.py:188} INFO - [2025-12-21T07:22:54.832+0000] {dag.py:3834} INFO - Setting next_dagrun for example_branch_datetime_operator_2 to 2025-12-20 00:00:00+00:00, run_after=2025-12-21 00:00:00+00:00
[2025-12-21T07:22:54.835+0000] {logging_mixin.py:188} INFO - [2025-12-21T07:22:54.835+0000] {dag.py:3834} INFO - Setting next_dagrun for example_branch_datetime_operator_3 to 2025-12-20 00:00:00+00:00, run_after=2025-12-21 00:00:00+00:00
[2025-12-21T07:22:54.855+0000] {processor.py:183} INFO - Processing /home/airflow/.local/lib/python3.8/site-packages/airflow/example_dags/example_branch_datetime_operator.py took 0.207 seconds
[2025-12-21T07:28:34.242+0000] {processor.py:161} INFO - Started process (PID=101) to work on /home/airflow/.local/lib/python3.8/site-packages/airflow/example_dags/example_branch_datetime_operator.py
[2025-12-21T07:28:34.246+0000] {processor.py:830} INFO - Processing file /home/airflow/.local/lib/python3.8/site-packages/airflow/example_dags/example_branch_datetime_operator.py for tasks to queue
[2025-12-21T07:28:34.251+0000] {logging_mixin.py:188} INFO - [2025-12-21T07:28:34.250+0000] {dagbag.py:540} INFO - Filling up the DagBag from /home/airflow/.local/lib/python3.8/site-packages/airflow/example_dags/example_branch_datetime_operator.py
[2025-12-21T07:28:34.267+0000] {processor.py:840} INFO - DAG(s) 'example_branch_datetime_operator_2', 'example_branch_datetime_operator_3', 'example_branch_datetime_operator' retrieved from /home/airflow/.local/lib/python3.8/site-packages/airflow/example_dags/example_branch_datetime_operator.py
[2025-12-21T07:28:34.411+0000] {logging_mixin.py:188} INFO - [2025-12-21T07:28:34.410+0000] {dag.py:3047} INFO - Sync 3 DAGs
[2025-12-21T07:28:34.435+0000] {logging_mixin.py:188} INFO - [2025-12-21T07:28:34.435+0000] {dag.py:3834} INFO - Setting next_dagrun for example_branch_datetime_operator to 2025-12-20 00:00:00+00:00, run_after=2025-12-21 00:00:00+00:00
[2025-12-21T07:28:34.440+0000] {logging_mixin.py:188} INFO - [2025-12-21T07:28:34.439+0000] {dag.py:3834} INFO - Setting next_dagrun for example_branch_datetime_operator_2 to 2025-12-20 00:00:00+00:00, run_after=2025-12-21 00:00:00+00:00
[2025-12-21T07:28:34.443+0000] {logging_mixin.py:188} INFO - [2025-12-21T07:28:34.442+0000] {dag.py:3834} INFO - Setting next_dagrun for example_branch_datetime_operator_3 to 2025-12-20 00:00:00+00:00, run_after=2025-12-21 00:00:00+00:00
[2025-12-21T07:28:34.466+0000] {processor.py:183} INFO - Processing /home/airflow/.local/lib/python3.8/site-packages/airflow/example_dags/example_branch_datetime_operator.py took 0.229 seconds
[2025-12-21T07:29:04.736+0000] {processor.py:161} INFO - Started process (PID=157) to work on /home/airflow/.local/lib/python3.8/site-packages/airflow/example_dags/example_branch_datetime_operator.py
[2025-12-21T07:29:04.738+0000] {processor.py:830} INFO - Processing file /home/airflow/.local/lib/python3.8/site-packages/airflow/example_dags/example_branch_datetime_operator.py for tasks to queue
[2025-12-21T07:29:04.741+0000] {logging_mixin.py:188} INFO - [2025-12-21T07:29:04.741+0000] {dagbag.py:540} INFO - Filling up the DagBag from /home/airflow/.local/lib/python3.8/site-packages/airflow/example_dags/example_branch_datetime_operator.py
[2025-12-21T07:29:04.755+0000] {processor.py:840} INFO - DAG(s) 'example_branch_datetime_operator', 'example_branch_datetime_operator_3', 'example_branch_datetime_operator_2' retrieved from /home/airflow/.local/lib/python3.8/site-packages/airflow/example_dags/example_branch_datetime_operator.py
[2025-12-21T07:29:04.794+0000] {logging_mixin.py:188} INFO - [2025-12-21T07:29:04.793+0000] {dag.py:3047} INFO - Sync 3 DAGs
[2025-12-21T07:29:04.823+0000] {logging_mixin.py:188} INFO - [2025-12-21T07:29:04.823+0000] {dag.py:3834} INFO - Setting next_dagrun for example_branch_datetime_operator to 2025-12-20 00:00:00+00:00, run_after=2025-12-21 00:00:00+00:00
[2025-12-21T07:29:04.830+0000] {logging_mixin.py:188} INFO - [2025-12-21T07:29:04.830+0000] {dag.py:3834} INFO - Setting next_dagrun for example_branch_datetime_operator_2 to 2025-12-20 00:00:00+00:00, run_after=2025-12-21 00:00:00+00:00
[2025-12-21T07:29:04.835+0000] {logging_mixin.py:188} INFO - [2025-12-21T07:29:04.834+0000] {dag.py:3834} INFO - Setting next_dagrun for example_branch_datetime_operator_3 to 2025-12-20 00:00:00+00:00, run_after=2025-12-21 00:00:00+00:00
[2025-12-21T07:29:04.859+0000] {processor.py:183} INFO - Processing /home/airflow/.local/lib/python3.8/site-packages/airflow/example_dags/example_branch_datetime_operator.py took 0.126 seconds
[2025-12-21T07:29:34.972+0000] {processor.py:161} INFO - Started process (PID=213) to work on /home/airflow/.local/lib/python3.8/site-packages/airflow/example_dags/example_branch_datetime_operator.py
[2025-12-21T07:29:34.973+0000] {processor.py:830} INFO - Processing file /home/airflow/.local/lib/python3.8/site-packages/airflow/example_dags/example_branch_datetime_operator.py for tasks to queue
[2025-12-21T07:29:34.976+0000] {logging_mixin.py:188} INFO - [2025-12-21T07:29:34.975+0000] {dagbag.py:540} INFO - Filling up the DagBag from /home/airflow/.local/lib/python3.8/site-packages/airflow/example_dags/example_branch_datetime_operator.py
[2025-12-21T07:29:34.988+0000] {processor.py:840} INFO - DAG(s) 'example_branch_datetime_operator_3', 'example_branch_datetime_operator', 'example_branch_datetime_operator_2' retrieved from /home/airflow/.local/lib/python3.8/site-packages/airflow/example_dags/example_branch_datetime_operator.py
[2025-12-21T07:29:35.023+0000] {logging_mixin.py:188} INFO - [2025-12-21T07:29:35.023+0000] {dag.py:3047} INFO - Sync 3 DAGs
[2025-12-21T07:29:35.053+0000] {logging_mixin.py:188} INFO - [2025-12-21T07:29:35.052+0000] {dag.py:3834} INFO - Setting next_dagrun for example_branch_datetime_operator to 2025-12-20 00:00:00+00:00, run_after=2025-12-21 00:00:00+00:00
[2025-12-21T07:29:35.059+0000] {logging_mixin.py:188} INFO - [2025-12-21T07:29:35.058+0000] {dag.py:3834} INFO - Setting next_dagrun for example_branch_datetime_operator_2 to 2025-12-20 00:00:00+00:00, run_after=2025-12-21 00:00:00+00:00
[2025-12-21T07:29:35.062+0000] {logging_mixin.py:188} INFO - [2025-12-21T07:29:35.062+0000] {dag.py:3834} INFO - Setting next_dagrun for example_branch_datetime_operator_3 to 2025-12-20 00:00:00+00:00, run_after=2025-12-21 00:00:00+00:00
[2025-12-21T07:29:35.084+0000] {processor.py:183} INFO - Processing /home/airflow/.local/lib/python3.8/site-packages/airflow/example_dags/example_branch_datetime_operator.py took 0.116 seconds
[2025-12-21T07:30:05.267+0000] {processor.py:161} INFO - Started process (PID=268) to work on /home/airflow/.local/lib/python3.8/site-packages/airflow/example_dags/example_branch_datetime_operator.py
[2025-12-21T07:30:05.269+0000] {processor.py:830} INFO - Processing file /home/airflow/.local/lib/python3.8/site-packages/airflow/example_dags/example_branch_datetime_operator.py for tasks to queue
[2025-12-21T07:30:05.271+0000] {logging_mixin.py:188} INFO - [2025-12-21T07:30:05.271+0000] {dagbag.py:540} INFO - Filling up the DagBag from /home/airflow/.local/lib/python3.8/site-packages/airflow/example_dags/example_branch_datetime_operator.py
[2025-12-21T07:30:05.284+0000] {processor.py:840} INFO - DAG(s) 'example_branch_datetime_operator_3', 'example_branch_datetime_operator', 'example_branch_datetime_operator_2' retrieved from /home/airflow/.local/lib/python3.8/site-packages/airflow/example_dags/example_branch_datetime_operator.py
[2025-12-21T07:30:05.318+0000] {logging_mixin.py:188} INFO - [2025-12-21T07:30:05.318+0000] {dag.py:3047} INFO - Sync 3 DAGs
[2025-12-21T07:30:05.344+0000] {logging_mixin.py:188} INFO - [2025-12-21T07:30:05.344+0000] {dag.py:3834} INFO - Setting next_dagrun for example_branch_datetime_operator to 2025-12-20 00:00:00+00:00, run_after=2025-12-21 00:00:00+00:00
[2025-12-21T07:30:05.351+0000] {logging_mixin.py:188} INFO - [2025-12-21T07:30:05.350+0000] {dag.py:3834} INFO - Setting next_dagrun for example_branch_datetime_operator_2 to 2025-12-20 00:00:00+00:00, run_after=2025-12-21 00:00:00+00:00
[2025-12-21T07:30:05.353+0000] {logging_mixin.py:188} INFO - [2025-12-21T07:30:05.353+0000] {dag.py:3834} INFO - Setting next_dagrun for example_branch_datetime_operator_3 to 2025-12-20 00:00:00+00:00, run_after=2025-12-21 00:00:00+00:00
[2025-12-21T07:30:05.373+0000] {processor.py:183} INFO - Processing /home/airflow/.local/lib/python3.8/site-packages/airflow/example_dags/example_branch_datetime_operator.py took 0.111 seconds
[2025-12-21T07:30:35.429+0000] {processor.py:161} INFO - Started process (PID=325) to work on /home/airflow/.local/lib/python3.8/site-packages/airflow/example_dags/example_branch_datetime_operator.py
[2025-12-21T07:30:35.431+0000] {processor.py:830} INFO - Processing file /home/airflow/.local/lib/python3.8/site-packages/airflow/example_dags/example_branch_datetime_operator.py for tasks to queue
[2025-12-21T07:30:35.433+0000] {logging_mixin.py:188} INFO - [2025-12-21T07:30:35.433+0000] {dagbag.py:540} INFO - Filling up the DagBag from /home/airflow/.local/lib/python3.8/site-packages/airflow/example_dags/example_branch_datetime_operator.py
[2025-12-21T07:30:35.444+0000] {processor.py:840} INFO - DAG(s) 'example_branch_datetime_operator_2', 'example_branch_datetime_operator', 'example_branch_datetime_operator_3' retrieved from /home/airflow/.local/lib/python3.8/site-packages/airflow/example_dags/example_branch_datetime_operator.py
[2025-12-21T07:30:35.475+0000] {logging_mixin.py:188} INFO - [2025-12-21T07:30:35.474+0000] {dag.py:3047} INFO - Sync 3 DAGs
[2025-12-21T07:30:35.498+0000] {logging_mixin.py:188} INFO - [2025-12-21T07:30:35.497+0000] {dag.py:3834} INFO - Setting next_dagrun for example_branch_datetime_operator to 2025-12-20 00:00:00+00:00, run_after=2025-12-21 00:00:00+00:00
[2025-12-21T07:30:35.503+0000] {logging_mixin.py:188} INFO - [2025-12-21T07:30:35.503+0000] {dag.py:3834} INFO - Setting next_dagrun for example_branch_datetime_operator_2 to 2025-12-20 00:00:00+00:00, run_after=2025-12-21 00:00:00+00:00
[2025-12-21T07:30:35.506+0000] {logging_mixin.py:188} INFO - [2025-12-21T07:30:35.506+0000] {dag.py:3834} INFO - Setting next_dagrun for example_branch_datetime_operator_3 to 2025-12-20 00:00:00+00:00, run_after=2025-12-21 00:00:00+00:00
[2025-12-21T07:30:35.526+0000] {processor.py:183} INFO - Processing /home/airflow/.local/lib/python3.8/site-packages/airflow/example_dags/example_branch_datetime_operator.py took 0.100 seconds
[2025-12-21T07:31:05.658+0000] {processor.py:161} INFO - Started process (PID=381) to work on /home/airflow/.local/lib/python3.8/site-packages/airflow/example_dags/example_branch_datetime_operator.py
[2025-12-21T07:31:05.660+0000] {processor.py:830} INFO - Processing file /home/airflow/.local/lib/python3.8/site-packages/airflow/example_dags/example_branch_datetime_operator.py for tasks to queue
[2025-12-21T07:31:05.663+0000] {logging_mixin.py:188} INFO - [2025-12-21T07:31:05.662+0000] {dagbag.py:540} INFO - Filling up the DagBag from /home/airflow/.local/lib/python3.8/site-packages/airflow/example_dags/example_branch_datetime_operator.py
[2025-12-21T07:31:05.675+0000] {processor.py:840} INFO - DAG(s) 'example_branch_datetime_operator_3', 'example_branch_datetime_operator', 'example_branch_datetime_operator_2' retrieved from /home/airflow/.local/lib/python3.8/site-packages/airflow/example_dags/example_branch_datetime_operator.py
[2025-12-21T07:31:05.711+0000] {logging_mixin.py:188} INFO - [2025-12-21T07:31:05.710+0000] {dag.py:3047} INFO - Sync 3 DAGs
[2025-12-21T07:31:05.743+0000] {logging_mixin.py:188} INFO - [2025-12-21T07:31:05.743+0000] {dag.py:3834} INFO - Setting next_dagrun for example_branch_datetime_operator to 2025-12-20 00:00:00+00:00, run_after=2025-12-21 00:00:00+00:00
[2025-12-21T07:31:05.750+0000] {logging_mixin.py:188} INFO - [2025-12-21T07:31:05.750+0000] {dag.py:3834} INFO - Setting next_dagrun for example_branch_datetime_operator_2 to 2025-12-20 00:00:00+00:00, run_after=2025-12-21 00:00:00+00:00
[2025-12-21T07:31:05.754+0000] {logging_mixin.py:188} INFO - [2025-12-21T07:31:05.754+0000] {dag.py:3834} INFO - Setting next_dagrun for example_branch_datetime_operator_3 to 2025-12-20 00:00:00+00:00, run_after=2025-12-21 00:00:00+00:00
[2025-12-21T07:31:05.775+0000] {processor.py:183} INFO - Processing /home/airflow/.local/lib/python3.8/site-packages/airflow/example_dags/example_branch_datetime_operator.py took 0.122 seconds
[2025-12-21T07:31:36.096+0000] {processor.py:161} INFO - Started process (PID=438) to work on /home/airflow/.local/lib/python3.8/site-packages/airflow/example_dags/example_branch_datetime_operator.py
[2025-12-21T07:31:36.097+0000] {processor.py:830} INFO - Processing file /home/airflow/.local/lib/python3.8/site-packages/airflow/example_dags/example_branch_datetime_operator.py for tasks to queue
[2025-12-21T07:31:36.100+0000] {logging_mixin.py:188} INFO - [2025-12-21T07:31:36.099+0000] {dagbag.py:540} INFO - Filling up the DagBag from /home/airflow/.local/lib/python3.8/site-packages/airflow/example_dags/example_branch_datetime_operator.py
[2025-12-21T07:31:36.111+0000] {processor.py:840} INFO - DAG(s) 'example_branch_datetime_operator_3', 'example_branch_datetime_operator', 'example_branch_datetime_operator_2' retrieved from /home/airflow/.local/lib/python3.8/site-packages/airflow/example_dags/example_branch_datetime_operator.py
[2025-12-21T07:31:36.141+0000] {logging_mixin.py:188} INFO - [2025-12-21T07:31:36.141+0000] {dag.py:3047} INFO - Sync 3 DAGs
[2025-12-21T07:31:36.163+0000] {logging_mixin.py:188} INFO - [2025-12-21T07:31:36.163+0000] {dag.py:3834} INFO - Setting next_dagrun for example_branch_datetime_operator to 2025-12-20 00:00:00+00:00, run_after=2025-12-21 00:00:00+00:00
[2025-12-21T07:31:36.168+0000] {logging_mixin.py:188} INFO - [2025-12-21T07:31:36.168+0000] {dag.py:3834} INFO - Setting next_dagrun for example_branch_datetime_operator_2 to 2025-12-20 00:00:00+00:00, run_after=2025-12-21 00:00:00+00:00
[2025-12-21T07:31:36.171+0000] {logging_mixin.py:188} INFO - [2025-12-21T07:31:36.171+0000] {dag.py:3834} INFO - Setting next_dagrun for example_branch_datetime_operator_3 to 2025-12-20 00:00:00+00:00, run_after=2025-12-21 00:00:00+00:00
[2025-12-21T07:31:36.188+0000] {processor.py:183} INFO - Processing /home/airflow/.local/lib/python3.8/site-packages/airflow/example_dags/example_branch_datetime_operator.py took 0.096 seconds
