[2025-12-21T06:58:36.912+0000] {processor.py:161} INFO - Started process (PID=64) to work on /home/airflow/.local/lib/python3.8/site-packages/airflow/example_dags/example_branch_labels.py
[2025-12-21T06:58:36.915+0000] {processor.py:830} INFO - Processing file /home/airflow/.local/lib/python3.8/site-packages/airflow/example_dags/example_branch_labels.py for tasks to queue
[2025-12-21T06:58:36.928+0000] {logging_mixin.py:188} INFO - [2025-12-21T06:58:36.927+0000] {dagbag.py:540} INFO - Filling up the DagBag from /home/airflow/.local/lib/python3.8/site-packages/airflow/example_dags/example_branch_labels.py
[2025-12-21T06:58:36.974+0000] {processor.py:840} INFO - DAG(s) 'example_branch_labels' retrieved from /home/airflow/.local/lib/python3.8/site-packages/airflow/example_dags/example_branch_labels.py
[2025-12-21T06:58:37.036+0000] {logging_mixin.py:188} INFO - [2025-12-21T06:58:37.036+0000] {dag.py:3047} INFO - Sync 1 DAGs
[2025-12-21T06:58:37.211+0000] {logging_mixin.py:188} INFO - [2025-12-21T06:58:37.210+0000] {dag.py:3834} INFO - Setting next_dagrun for example_branch_labels to 2025-12-20 00:00:00+00:00, run_after=2025-12-21 00:00:00+00:00
[2025-12-21T06:58:37.264+0000] {processor.py:183} INFO - Processing /home/airflow/.local/lib/python3.8/site-packages/airflow/example_dags/example_branch_labels.py took 0.366 seconds
[2025-12-21T06:58:52.400+0000] {processor.py:161} INFO - Started process (PID=60) to work on /home/airflow/.local/lib/python3.8/site-packages/airflow/example_dags/example_branch_labels.py
[2025-12-21T06:58:52.402+0000] {processor.py:830} INFO - Processing file /home/airflow/.local/lib/python3.8/site-packages/airflow/example_dags/example_branch_labels.py for tasks to queue
[2025-12-21T06:58:52.404+0000] {logging_mixin.py:188} INFO - [2025-12-21T06:58:52.404+0000] {dagbag.py:540} INFO - Filling up the DagBag from /home/airflow/.local/lib/python3.8/site-packages/airflow/example_dags/example_branch_labels.py
[2025-12-21T06:58:52.413+0000] {processor.py:840} INFO - DAG(s) 'example_branch_labels' retrieved from /home/airflow/.local/lib/python3.8/site-packages/airflow/example_dags/example_branch_labels.py
[2025-12-21T06:58:52.521+0000] {logging_mixin.py:188} INFO - [2025-12-21T06:58:52.520+0000] {dag.py:3047} INFO - Sync 1 DAGs
[2025-12-21T06:58:52.544+0000] {logging_mixin.py:188} INFO - [2025-12-21T06:58:52.543+0000] {dag.py:3834} INFO - Setting next_dagrun for example_branch_labels to 2025-12-20 00:00:00+00:00, run_after=2025-12-21 00:00:00+00:00
[2025-12-21T06:58:52.569+0000] {processor.py:183} INFO - Processing /home/airflow/.local/lib/python3.8/site-packages/airflow/example_dags/example_branch_labels.py took 0.173 seconds
[2025-12-21T06:59:23.465+0000] {processor.py:161} INFO - Started process (PID=116) to work on /home/airflow/.local/lib/python3.8/site-packages/airflow/example_dags/example_branch_labels.py
[2025-12-21T06:59:23.467+0000] {processor.py:830} INFO - Processing file /home/airflow/.local/lib/python3.8/site-packages/airflow/example_dags/example_branch_labels.py for tasks to queue
[2025-12-21T06:59:23.469+0000] {logging_mixin.py:188} INFO - [2025-12-21T06:59:23.469+0000] {dagbag.py:540} INFO - Filling up the DagBag from /home/airflow/.local/lib/python3.8/site-packages/airflow/example_dags/example_branch_labels.py
[2025-12-21T06:59:23.478+0000] {processor.py:840} INFO - DAG(s) 'example_branch_labels' retrieved from /home/airflow/.local/lib/python3.8/site-packages/airflow/example_dags/example_branch_labels.py
[2025-12-21T06:59:23.506+0000] {logging_mixin.py:188} INFO - [2025-12-21T06:59:23.506+0000] {dag.py:3047} INFO - Sync 1 DAGs
[2025-12-21T06:59:23.530+0000] {logging_mixin.py:188} INFO - [2025-12-21T06:59:23.530+0000] {dag.py:3834} INFO - Setting next_dagrun for example_branch_labels to 2025-12-20 00:00:00+00:00, run_after=2025-12-21 00:00:00+00:00
[2025-12-21T06:59:23.552+0000] {processor.py:183} INFO - Processing /home/airflow/.local/lib/python3.8/site-packages/airflow/example_dags/example_branch_labels.py took 0.091 seconds
[2025-12-21T06:59:53.796+0000] {processor.py:161} INFO - Started process (PID=172) to work on /home/airflow/.local/lib/python3.8/site-packages/airflow/example_dags/example_branch_labels.py
[2025-12-21T06:59:53.798+0000] {processor.py:830} INFO - Processing file /home/airflow/.local/lib/python3.8/site-packages/airflow/example_dags/example_branch_labels.py for tasks to queue
[2025-12-21T06:59:53.801+0000] {logging_mixin.py:188} INFO - [2025-12-21T06:59:53.800+0000] {dagbag.py:540} INFO - Filling up the DagBag from /home/airflow/.local/lib/python3.8/site-packages/airflow/example_dags/example_branch_labels.py
[2025-12-21T06:59:53.809+0000] {processor.py:840} INFO - DAG(s) 'example_branch_labels' retrieved from /home/airflow/.local/lib/python3.8/site-packages/airflow/example_dags/example_branch_labels.py
[2025-12-21T06:59:53.835+0000] {logging_mixin.py:188} INFO - [2025-12-21T06:59:53.834+0000] {dag.py:3047} INFO - Sync 1 DAGs
[2025-12-21T06:59:53.857+0000] {logging_mixin.py:188} INFO - [2025-12-21T06:59:53.857+0000] {dag.py:3834} INFO - Setting next_dagrun for example_branch_labels to 2025-12-20 00:00:00+00:00, run_after=2025-12-21 00:00:00+00:00
[2025-12-21T06:59:53.877+0000] {processor.py:183} INFO - Processing /home/airflow/.local/lib/python3.8/site-packages/airflow/example_dags/example_branch_labels.py took 0.084 seconds
[2025-12-21T07:00:24.007+0000] {processor.py:161} INFO - Started process (PID=228) to work on /home/airflow/.local/lib/python3.8/site-packages/airflow/example_dags/example_branch_labels.py
[2025-12-21T07:00:24.008+0000] {processor.py:830} INFO - Processing file /home/airflow/.local/lib/python3.8/site-packages/airflow/example_dags/example_branch_labels.py for tasks to queue
[2025-12-21T07:00:24.011+0000] {logging_mixin.py:188} INFO - [2025-12-21T07:00:24.010+0000] {dagbag.py:540} INFO - Filling up the DagBag from /home/airflow/.local/lib/python3.8/site-packages/airflow/example_dags/example_branch_labels.py
[2025-12-21T07:00:24.020+0000] {processor.py:840} INFO - DAG(s) 'example_branch_labels' retrieved from /home/airflow/.local/lib/python3.8/site-packages/airflow/example_dags/example_branch_labels.py
[2025-12-21T07:00:24.046+0000] {logging_mixin.py:188} INFO - [2025-12-21T07:00:24.046+0000] {dag.py:3047} INFO - Sync 1 DAGs
[2025-12-21T07:00:24.071+0000] {logging_mixin.py:188} INFO - [2025-12-21T07:00:24.071+0000] {dag.py:3834} INFO - Setting next_dagrun for example_branch_labels to 2025-12-20 00:00:00+00:00, run_after=2025-12-21 00:00:00+00:00
[2025-12-21T07:00:24.093+0000] {processor.py:183} INFO - Processing /home/airflow/.local/lib/python3.8/site-packages/airflow/example_dags/example_branch_labels.py took 0.090 seconds
[2025-12-21T07:00:54.449+0000] {processor.py:161} INFO - Started process (PID=284) to work on /home/airflow/.local/lib/python3.8/site-packages/airflow/example_dags/example_branch_labels.py
[2025-12-21T07:00:54.450+0000] {processor.py:830} INFO - Processing file /home/airflow/.local/lib/python3.8/site-packages/airflow/example_dags/example_branch_labels.py for tasks to queue
[2025-12-21T07:00:54.452+0000] {logging_mixin.py:188} INFO - [2025-12-21T07:00:54.452+0000] {dagbag.py:540} INFO - Filling up the DagBag from /home/airflow/.local/lib/python3.8/site-packages/airflow/example_dags/example_branch_labels.py
[2025-12-21T07:00:54.460+0000] {processor.py:840} INFO - DAG(s) 'example_branch_labels' retrieved from /home/airflow/.local/lib/python3.8/site-packages/airflow/example_dags/example_branch_labels.py
[2025-12-21T07:00:54.485+0000] {logging_mixin.py:188} INFO - [2025-12-21T07:00:54.484+0000] {dag.py:3047} INFO - Sync 1 DAGs
[2025-12-21T07:00:54.510+0000] {logging_mixin.py:188} INFO - [2025-12-21T07:00:54.510+0000] {dag.py:3834} INFO - Setting next_dagrun for example_branch_labels to 2025-12-20 00:00:00+00:00, run_after=2025-12-21 00:00:00+00:00
[2025-12-21T07:00:54.534+0000] {processor.py:183} INFO - Processing /home/airflow/.local/lib/python3.8/site-packages/airflow/example_dags/example_branch_labels.py took 0.089 seconds
[2025-12-21T07:01:24.853+0000] {processor.py:161} INFO - Started process (PID=340) to work on /home/airflow/.local/lib/python3.8/site-packages/airflow/example_dags/example_branch_labels.py
[2025-12-21T07:01:24.855+0000] {processor.py:830} INFO - Processing file /home/airflow/.local/lib/python3.8/site-packages/airflow/example_dags/example_branch_labels.py for tasks to queue
[2025-12-21T07:01:24.858+0000] {logging_mixin.py:188} INFO - [2025-12-21T07:01:24.857+0000] {dagbag.py:540} INFO - Filling up the DagBag from /home/airflow/.local/lib/python3.8/site-packages/airflow/example_dags/example_branch_labels.py
[2025-12-21T07:01:24.867+0000] {processor.py:840} INFO - DAG(s) 'example_branch_labels' retrieved from /home/airflow/.local/lib/python3.8/site-packages/airflow/example_dags/example_branch_labels.py
[2025-12-21T07:01:24.897+0000] {logging_mixin.py:188} INFO - [2025-12-21T07:01:24.896+0000] {dag.py:3047} INFO - Sync 1 DAGs
[2025-12-21T07:01:24.926+0000] {logging_mixin.py:188} INFO - [2025-12-21T07:01:24.925+0000] {dag.py:3834} INFO - Setting next_dagrun for example_branch_labels to 2025-12-20 00:00:00+00:00, run_after=2025-12-21 00:00:00+00:00
[2025-12-21T07:01:24.950+0000] {processor.py:183} INFO - Processing /home/airflow/.local/lib/python3.8/site-packages/airflow/example_dags/example_branch_labels.py took 0.101 seconds
[2025-12-21T07:01:55.094+0000] {processor.py:161} INFO - Started process (PID=396) to work on /home/airflow/.local/lib/python3.8/site-packages/airflow/example_dags/example_branch_labels.py
[2025-12-21T07:01:55.096+0000] {processor.py:830} INFO - Processing file /home/airflow/.local/lib/python3.8/site-packages/airflow/example_dags/example_branch_labels.py for tasks to queue
[2025-12-21T07:01:55.098+0000] {logging_mixin.py:188} INFO - [2025-12-21T07:01:55.098+0000] {dagbag.py:540} INFO - Filling up the DagBag from /home/airflow/.local/lib/python3.8/site-packages/airflow/example_dags/example_branch_labels.py
[2025-12-21T07:01:55.108+0000] {processor.py:840} INFO - DAG(s) 'example_branch_labels' retrieved from /home/airflow/.local/lib/python3.8/site-packages/airflow/example_dags/example_branch_labels.py
[2025-12-21T07:01:55.136+0000] {logging_mixin.py:188} INFO - [2025-12-21T07:01:55.135+0000] {dag.py:3047} INFO - Sync 1 DAGs
[2025-12-21T07:01:55.167+0000] {logging_mixin.py:188} INFO - [2025-12-21T07:01:55.167+0000] {dag.py:3834} INFO - Setting next_dagrun for example_branch_labels to 2025-12-20 00:00:00+00:00, run_after=2025-12-21 00:00:00+00:00
[2025-12-21T07:01:55.190+0000] {processor.py:183} INFO - Processing /home/airflow/.local/lib/python3.8/site-packages/airflow/example_dags/example_branch_labels.py took 0.100 seconds
[2025-12-21T07:02:25.415+0000] {processor.py:161} INFO - Started process (PID=452) to work on /home/airflow/.local/lib/python3.8/site-packages/airflow/example_dags/example_branch_labels.py
[2025-12-21T07:02:25.422+0000] {processor.py:830} INFO - Processing file /home/airflow/.local/lib/python3.8/site-packages/airflow/example_dags/example_branch_labels.py for tasks to queue
[2025-12-21T07:02:25.425+0000] {logging_mixin.py:188} INFO - [2025-12-21T07:02:25.425+0000] {dagbag.py:540} INFO - Filling up the DagBag from /home/airflow/.local/lib/python3.8/site-packages/airflow/example_dags/example_branch_labels.py
[2025-12-21T07:02:25.439+0000] {processor.py:840} INFO - DAG(s) 'example_branch_labels' retrieved from /home/airflow/.local/lib/python3.8/site-packages/airflow/example_dags/example_branch_labels.py
[2025-12-21T07:02:25.500+0000] {logging_mixin.py:188} INFO - [2025-12-21T07:02:25.500+0000] {dag.py:3047} INFO - Sync 1 DAGs
[2025-12-21T07:02:25.557+0000] {logging_mixin.py:188} INFO - [2025-12-21T07:02:25.556+0000] {dag.py:3834} INFO - Setting next_dagrun for example_branch_labels to 2025-12-20 00:00:00+00:00, run_after=2025-12-21 00:00:00+00:00
[2025-12-21T07:02:25.589+0000] {processor.py:183} INFO - Processing /home/airflow/.local/lib/python3.8/site-packages/airflow/example_dags/example_branch_labels.py took 0.181 seconds
[2025-12-21T07:02:55.774+0000] {processor.py:161} INFO - Started process (PID=507) to work on /home/airflow/.local/lib/python3.8/site-packages/airflow/example_dags/example_branch_labels.py
[2025-12-21T07:02:55.777+0000] {processor.py:830} INFO - Processing file /home/airflow/.local/lib/python3.8/site-packages/airflow/example_dags/example_branch_labels.py for tasks to queue
[2025-12-21T07:02:55.780+0000] {logging_mixin.py:188} INFO - [2025-12-21T07:02:55.780+0000] {dagbag.py:540} INFO - Filling up the DagBag from /home/airflow/.local/lib/python3.8/site-packages/airflow/example_dags/example_branch_labels.py
[2025-12-21T07:02:55.794+0000] {processor.py:840} INFO - DAG(s) 'example_branch_labels' retrieved from /home/airflow/.local/lib/python3.8/site-packages/airflow/example_dags/example_branch_labels.py
[2025-12-21T07:02:55.836+0000] {logging_mixin.py:188} INFO - [2025-12-21T07:02:55.835+0000] {dag.py:3047} INFO - Sync 1 DAGs
[2025-12-21T07:02:55.877+0000] {logging_mixin.py:188} INFO - [2025-12-21T07:02:55.877+0000] {dag.py:3834} INFO - Setting next_dagrun for example_branch_labels to 2025-12-20 00:00:00+00:00, run_after=2025-12-21 00:00:00+00:00
[2025-12-21T07:02:55.910+0000] {processor.py:183} INFO - Processing /home/airflow/.local/lib/python3.8/site-packages/airflow/example_dags/example_branch_labels.py took 0.143 seconds
[2025-12-21T07:03:26.057+0000] {processor.py:161} INFO - Started process (PID=563) to work on /home/airflow/.local/lib/python3.8/site-packages/airflow/example_dags/example_branch_labels.py
[2025-12-21T07:03:26.059+0000] {processor.py:830} INFO - Processing file /home/airflow/.local/lib/python3.8/site-packages/airflow/example_dags/example_branch_labels.py for tasks to queue
[2025-12-21T07:03:26.062+0000] {logging_mixin.py:188} INFO - [2025-12-21T07:03:26.062+0000] {dagbag.py:540} INFO - Filling up the DagBag from /home/airflow/.local/lib/python3.8/site-packages/airflow/example_dags/example_branch_labels.py
[2025-12-21T07:03:26.072+0000] {processor.py:840} INFO - DAG(s) 'example_branch_labels' retrieved from /home/airflow/.local/lib/python3.8/site-packages/airflow/example_dags/example_branch_labels.py
[2025-12-21T07:03:26.097+0000] {logging_mixin.py:188} INFO - [2025-12-21T07:03:26.097+0000] {dag.py:3047} INFO - Sync 1 DAGs
[2025-12-21T07:03:26.121+0000] {logging_mixin.py:188} INFO - [2025-12-21T07:03:26.120+0000] {dag.py:3834} INFO - Setting next_dagrun for example_branch_labels to 2025-12-20 00:00:00+00:00, run_after=2025-12-21 00:00:00+00:00
[2025-12-21T07:03:26.142+0000] {processor.py:183} INFO - Processing /home/airflow/.local/lib/python3.8/site-packages/airflow/example_dags/example_branch_labels.py took 0.090 seconds
[2025-12-21T07:03:56.736+0000] {processor.py:161} INFO - Started process (PID=619) to work on /home/airflow/.local/lib/python3.8/site-packages/airflow/example_dags/example_branch_labels.py
[2025-12-21T07:03:56.737+0000] {processor.py:830} INFO - Processing file /home/airflow/.local/lib/python3.8/site-packages/airflow/example_dags/example_branch_labels.py for tasks to queue
[2025-12-21T07:03:56.739+0000] {logging_mixin.py:188} INFO - [2025-12-21T07:03:56.739+0000] {dagbag.py:540} INFO - Filling up the DagBag from /home/airflow/.local/lib/python3.8/site-packages/airflow/example_dags/example_branch_labels.py
[2025-12-21T07:03:56.748+0000] {processor.py:840} INFO - DAG(s) 'example_branch_labels' retrieved from /home/airflow/.local/lib/python3.8/site-packages/airflow/example_dags/example_branch_labels.py
[2025-12-21T07:03:56.771+0000] {logging_mixin.py:188} INFO - [2025-12-21T07:03:56.771+0000] {dag.py:3047} INFO - Sync 1 DAGs
[2025-12-21T07:03:56.800+0000] {logging_mixin.py:188} INFO - [2025-12-21T07:03:56.799+0000] {dag.py:3834} INFO - Setting next_dagrun for example_branch_labels to 2025-12-20 00:00:00+00:00, run_after=2025-12-21 00:00:00+00:00
[2025-12-21T07:03:56.822+0000] {processor.py:183} INFO - Processing /home/airflow/.local/lib/python3.8/site-packages/airflow/example_dags/example_branch_labels.py took 0.089 seconds
[2025-12-21T07:04:27.560+0000] {processor.py:161} INFO - Started process (PID=675) to work on /home/airflow/.local/lib/python3.8/site-packages/airflow/example_dags/example_branch_labels.py
[2025-12-21T07:04:27.562+0000] {processor.py:830} INFO - Processing file /home/airflow/.local/lib/python3.8/site-packages/airflow/example_dags/example_branch_labels.py for tasks to queue
[2025-12-21T07:04:27.566+0000] {logging_mixin.py:188} INFO - [2025-12-21T07:04:27.565+0000] {dagbag.py:540} INFO - Filling up the DagBag from /home/airflow/.local/lib/python3.8/site-packages/airflow/example_dags/example_branch_labels.py
[2025-12-21T07:04:27.579+0000] {processor.py:840} INFO - DAG(s) 'example_branch_labels' retrieved from /home/airflow/.local/lib/python3.8/site-packages/airflow/example_dags/example_branch_labels.py
[2025-12-21T07:04:27.617+0000] {logging_mixin.py:188} INFO - [2025-12-21T07:04:27.617+0000] {dag.py:3047} INFO - Sync 1 DAGs
[2025-12-21T07:04:27.654+0000] {logging_mixin.py:188} INFO - [2025-12-21T07:04:27.653+0000] {dag.py:3834} INFO - Setting next_dagrun for example_branch_labels to 2025-12-20 00:00:00+00:00, run_after=2025-12-21 00:00:00+00:00
[2025-12-21T07:04:27.688+0000] {processor.py:183} INFO - Processing /home/airflow/.local/lib/python3.8/site-packages/airflow/example_dags/example_branch_labels.py took 0.134 seconds
[2025-12-21T07:04:57.877+0000] {processor.py:161} INFO - Started process (PID=731) to work on /home/airflow/.local/lib/python3.8/site-packages/airflow/example_dags/example_branch_labels.py
[2025-12-21T07:04:57.879+0000] {processor.py:830} INFO - Processing file /home/airflow/.local/lib/python3.8/site-packages/airflow/example_dags/example_branch_labels.py for tasks to queue
[2025-12-21T07:04:57.881+0000] {logging_mixin.py:188} INFO - [2025-12-21T07:04:57.880+0000] {dagbag.py:540} INFO - Filling up the DagBag from /home/airflow/.local/lib/python3.8/site-packages/airflow/example_dags/example_branch_labels.py
[2025-12-21T07:04:57.890+0000] {processor.py:840} INFO - DAG(s) 'example_branch_labels' retrieved from /home/airflow/.local/lib/python3.8/site-packages/airflow/example_dags/example_branch_labels.py
[2025-12-21T07:04:57.914+0000] {logging_mixin.py:188} INFO - [2025-12-21T07:04:57.913+0000] {dag.py:3047} INFO - Sync 1 DAGs
[2025-12-21T07:04:57.936+0000] {logging_mixin.py:188} INFO - [2025-12-21T07:04:57.936+0000] {dag.py:3834} INFO - Setting next_dagrun for example_branch_labels to 2025-12-20 00:00:00+00:00, run_after=2025-12-21 00:00:00+00:00
[2025-12-21T07:04:57.960+0000] {processor.py:183} INFO - Processing /home/airflow/.local/lib/python3.8/site-packages/airflow/example_dags/example_branch_labels.py took 0.087 seconds
[2025-12-21T07:05:28.406+0000] {processor.py:161} INFO - Started process (PID=787) to work on /home/airflow/.local/lib/python3.8/site-packages/airflow/example_dags/example_branch_labels.py
[2025-12-21T07:05:28.408+0000] {processor.py:830} INFO - Processing file /home/airflow/.local/lib/python3.8/site-packages/airflow/example_dags/example_branch_labels.py for tasks to queue
[2025-12-21T07:05:28.410+0000] {logging_mixin.py:188} INFO - [2025-12-21T07:05:28.409+0000] {dagbag.py:540} INFO - Filling up the DagBag from /home/airflow/.local/lib/python3.8/site-packages/airflow/example_dags/example_branch_labels.py
[2025-12-21T07:05:28.419+0000] {processor.py:840} INFO - DAG(s) 'example_branch_labels' retrieved from /home/airflow/.local/lib/python3.8/site-packages/airflow/example_dags/example_branch_labels.py
[2025-12-21T07:05:28.449+0000] {logging_mixin.py:188} INFO - [2025-12-21T07:05:28.449+0000] {dag.py:3047} INFO - Sync 1 DAGs
[2025-12-21T07:05:28.483+0000] {logging_mixin.py:188} INFO - [2025-12-21T07:05:28.482+0000] {dag.py:3834} INFO - Setting next_dagrun for example_branch_labels to 2025-12-20 00:00:00+00:00, run_after=2025-12-21 00:00:00+00:00
[2025-12-21T07:05:28.519+0000] {processor.py:183} INFO - Processing /home/airflow/.local/lib/python3.8/site-packages/airflow/example_dags/example_branch_labels.py took 0.117 seconds
[2025-12-21T07:05:58.575+0000] {processor.py:161} INFO - Started process (PID=843) to work on /home/airflow/.local/lib/python3.8/site-packages/airflow/example_dags/example_branch_labels.py
[2025-12-21T07:05:58.577+0000] {processor.py:830} INFO - Processing file /home/airflow/.local/lib/python3.8/site-packages/airflow/example_dags/example_branch_labels.py for tasks to queue
[2025-12-21T07:05:58.581+0000] {logging_mixin.py:188} INFO - [2025-12-21T07:05:58.580+0000] {dagbag.py:540} INFO - Filling up the DagBag from /home/airflow/.local/lib/python3.8/site-packages/airflow/example_dags/example_branch_labels.py
[2025-12-21T07:05:58.593+0000] {processor.py:840} INFO - DAG(s) 'example_branch_labels' retrieved from /home/airflow/.local/lib/python3.8/site-packages/airflow/example_dags/example_branch_labels.py
[2025-12-21T07:05:58.625+0000] {logging_mixin.py:188} INFO - [2025-12-21T07:05:58.625+0000] {dag.py:3047} INFO - Sync 1 DAGs
[2025-12-21T07:05:58.655+0000] {logging_mixin.py:188} INFO - [2025-12-21T07:05:58.655+0000] {dag.py:3834} INFO - Setting next_dagrun for example_branch_labels to 2025-12-20 00:00:00+00:00, run_after=2025-12-21 00:00:00+00:00
[2025-12-21T07:05:58.682+0000] {processor.py:183} INFO - Processing /home/airflow/.local/lib/python3.8/site-packages/airflow/example_dags/example_branch_labels.py took 0.112 seconds
[2025-12-21T07:06:28.983+0000] {processor.py:161} INFO - Started process (PID=899) to work on /home/airflow/.local/lib/python3.8/site-packages/airflow/example_dags/example_branch_labels.py
[2025-12-21T07:06:28.984+0000] {processor.py:830} INFO - Processing file /home/airflow/.local/lib/python3.8/site-packages/airflow/example_dags/example_branch_labels.py for tasks to queue
[2025-12-21T07:06:28.987+0000] {logging_mixin.py:188} INFO - [2025-12-21T07:06:28.986+0000] {dagbag.py:540} INFO - Filling up the DagBag from /home/airflow/.local/lib/python3.8/site-packages/airflow/example_dags/example_branch_labels.py
[2025-12-21T07:06:28.998+0000] {processor.py:840} INFO - DAG(s) 'example_branch_labels' retrieved from /home/airflow/.local/lib/python3.8/site-packages/airflow/example_dags/example_branch_labels.py
[2025-12-21T07:06:29.027+0000] {logging_mixin.py:188} INFO - [2025-12-21T07:06:29.026+0000] {dag.py:3047} INFO - Sync 1 DAGs
[2025-12-21T07:06:29.054+0000] {logging_mixin.py:188} INFO - [2025-12-21T07:06:29.054+0000] {dag.py:3834} INFO - Setting next_dagrun for example_branch_labels to 2025-12-20 00:00:00+00:00, run_after=2025-12-21 00:00:00+00:00
[2025-12-21T07:06:29.079+0000] {processor.py:183} INFO - Processing /home/airflow/.local/lib/python3.8/site-packages/airflow/example_dags/example_branch_labels.py took 0.101 seconds
[2025-12-21T07:06:59.288+0000] {processor.py:161} INFO - Started process (PID=955) to work on /home/airflow/.local/lib/python3.8/site-packages/airflow/example_dags/example_branch_labels.py
[2025-12-21T07:06:59.289+0000] {processor.py:830} INFO - Processing file /home/airflow/.local/lib/python3.8/site-packages/airflow/example_dags/example_branch_labels.py for tasks to queue
[2025-12-21T07:06:59.292+0000] {logging_mixin.py:188} INFO - [2025-12-21T07:06:59.292+0000] {dagbag.py:540} INFO - Filling up the DagBag from /home/airflow/.local/lib/python3.8/site-packages/airflow/example_dags/example_branch_labels.py
[2025-12-21T07:06:59.302+0000] {processor.py:840} INFO - DAG(s) 'example_branch_labels' retrieved from /home/airflow/.local/lib/python3.8/site-packages/airflow/example_dags/example_branch_labels.py
[2025-12-21T07:06:59.328+0000] {logging_mixin.py:188} INFO - [2025-12-21T07:06:59.328+0000] {dag.py:3047} INFO - Sync 1 DAGs
[2025-12-21T07:06:59.351+0000] {logging_mixin.py:188} INFO - [2025-12-21T07:06:59.351+0000] {dag.py:3834} INFO - Setting next_dagrun for example_branch_labels to 2025-12-20 00:00:00+00:00, run_after=2025-12-21 00:00:00+00:00
[2025-12-21T07:06:59.373+0000] {processor.py:183} INFO - Processing /home/airflow/.local/lib/python3.8/site-packages/airflow/example_dags/example_branch_labels.py took 0.090 seconds
[2025-12-21T07:07:29.792+0000] {processor.py:161} INFO - Started process (PID=1011) to work on /home/airflow/.local/lib/python3.8/site-packages/airflow/example_dags/example_branch_labels.py
[2025-12-21T07:07:29.794+0000] {processor.py:830} INFO - Processing file /home/airflow/.local/lib/python3.8/site-packages/airflow/example_dags/example_branch_labels.py for tasks to queue
[2025-12-21T07:07:29.797+0000] {logging_mixin.py:188} INFO - [2025-12-21T07:07:29.796+0000] {dagbag.py:540} INFO - Filling up the DagBag from /home/airflow/.local/lib/python3.8/site-packages/airflow/example_dags/example_branch_labels.py
[2025-12-21T07:07:29.805+0000] {processor.py:840} INFO - DAG(s) 'example_branch_labels' retrieved from /home/airflow/.local/lib/python3.8/site-packages/airflow/example_dags/example_branch_labels.py
[2025-12-21T07:07:29.829+0000] {logging_mixin.py:188} INFO - [2025-12-21T07:07:29.829+0000] {dag.py:3047} INFO - Sync 1 DAGs
[2025-12-21T07:07:29.857+0000] {logging_mixin.py:188} INFO - [2025-12-21T07:07:29.857+0000] {dag.py:3834} INFO - Setting next_dagrun for example_branch_labels to 2025-12-20 00:00:00+00:00, run_after=2025-12-21 00:00:00+00:00
[2025-12-21T07:07:29.893+0000] {processor.py:183} INFO - Processing /home/airflow/.local/lib/python3.8/site-packages/airflow/example_dags/example_branch_labels.py took 0.105 seconds
[2025-12-21T07:08:00.570+0000] {processor.py:161} INFO - Started process (PID=1067) to work on /home/airflow/.local/lib/python3.8/site-packages/airflow/example_dags/example_branch_labels.py
[2025-12-21T07:08:00.572+0000] {processor.py:830} INFO - Processing file /home/airflow/.local/lib/python3.8/site-packages/airflow/example_dags/example_branch_labels.py for tasks to queue
[2025-12-21T07:08:00.574+0000] {logging_mixin.py:188} INFO - [2025-12-21T07:08:00.574+0000] {dagbag.py:540} INFO - Filling up the DagBag from /home/airflow/.local/lib/python3.8/site-packages/airflow/example_dags/example_branch_labels.py
[2025-12-21T07:08:00.583+0000] {processor.py:840} INFO - DAG(s) 'example_branch_labels' retrieved from /home/airflow/.local/lib/python3.8/site-packages/airflow/example_dags/example_branch_labels.py
[2025-12-21T07:08:00.609+0000] {logging_mixin.py:188} INFO - [2025-12-21T07:08:00.609+0000] {dag.py:3047} INFO - Sync 1 DAGs
[2025-12-21T07:08:00.633+0000] {logging_mixin.py:188} INFO - [2025-12-21T07:08:00.633+0000] {dag.py:3834} INFO - Setting next_dagrun for example_branch_labels to 2025-12-20 00:00:00+00:00, run_after=2025-12-21 00:00:00+00:00
[2025-12-21T07:08:00.655+0000] {processor.py:183} INFO - Processing /home/airflow/.local/lib/python3.8/site-packages/airflow/example_dags/example_branch_labels.py took 0.089 seconds
[2025-12-21T07:08:30.731+0000] {processor.py:161} INFO - Started process (PID=1123) to work on /home/airflow/.local/lib/python3.8/site-packages/airflow/example_dags/example_branch_labels.py
[2025-12-21T07:08:30.733+0000] {processor.py:830} INFO - Processing file /home/airflow/.local/lib/python3.8/site-packages/airflow/example_dags/example_branch_labels.py for tasks to queue
[2025-12-21T07:08:30.735+0000] {logging_mixin.py:188} INFO - [2025-12-21T07:08:30.734+0000] {dagbag.py:540} INFO - Filling up the DagBag from /home/airflow/.local/lib/python3.8/site-packages/airflow/example_dags/example_branch_labels.py
[2025-12-21T07:08:30.743+0000] {processor.py:840} INFO - DAG(s) 'example_branch_labels' retrieved from /home/airflow/.local/lib/python3.8/site-packages/airflow/example_dags/example_branch_labels.py
[2025-12-21T07:08:30.769+0000] {logging_mixin.py:188} INFO - [2025-12-21T07:08:30.769+0000] {dag.py:3047} INFO - Sync 1 DAGs
[2025-12-21T07:08:30.793+0000] {logging_mixin.py:188} INFO - [2025-12-21T07:08:30.792+0000] {dag.py:3834} INFO - Setting next_dagrun for example_branch_labels to 2025-12-20 00:00:00+00:00, run_after=2025-12-21 00:00:00+00:00
[2025-12-21T07:08:30.818+0000] {processor.py:183} INFO - Processing /home/airflow/.local/lib/python3.8/site-packages/airflow/example_dags/example_branch_labels.py took 0.090 seconds
[2025-12-21T07:11:42.542+0000] {processor.py:161} INFO - Started process (PID=66) to work on /home/airflow/.local/lib/python3.8/site-packages/airflow/example_dags/example_branch_labels.py
[2025-12-21T07:11:42.543+0000] {processor.py:830} INFO - Processing file /home/airflow/.local/lib/python3.8/site-packages/airflow/example_dags/example_branch_labels.py for tasks to queue
[2025-12-21T07:11:42.545+0000] {logging_mixin.py:188} INFO - [2025-12-21T07:11:42.545+0000] {dagbag.py:540} INFO - Filling up the DagBag from /home/airflow/.local/lib/python3.8/site-packages/airflow/example_dags/example_branch_labels.py
[2025-12-21T07:11:42.559+0000] {processor.py:840} INFO - DAG(s) 'example_branch_labels' retrieved from /home/airflow/.local/lib/python3.8/site-packages/airflow/example_dags/example_branch_labels.py
[2025-12-21T07:11:42.581+0000] {logging_mixin.py:188} INFO - [2025-12-21T07:11:42.581+0000] {dag.py:3047} INFO - Sync 1 DAGs
[2025-12-21T07:11:42.612+0000] {logging_mixin.py:188} INFO - [2025-12-21T07:11:42.611+0000] {dag.py:3834} INFO - Setting next_dagrun for example_branch_labels to 2025-12-20 00:00:00+00:00, run_after=2025-12-21 00:00:00+00:00
[2025-12-21T07:11:42.638+0000] {processor.py:183} INFO - Processing /home/airflow/.local/lib/python3.8/site-packages/airflow/example_dags/example_branch_labels.py took 0.100 seconds
[2025-12-21T07:12:14.140+0000] {processor.py:161} INFO - Started process (PID=127) to work on /home/airflow/.local/lib/python3.8/site-packages/airflow/example_dags/example_branch_labels.py
[2025-12-21T07:12:14.142+0000] {processor.py:830} INFO - Processing file /home/airflow/.local/lib/python3.8/site-packages/airflow/example_dags/example_branch_labels.py for tasks to queue
[2025-12-21T07:12:14.144+0000] {logging_mixin.py:188} INFO - [2025-12-21T07:12:14.143+0000] {dagbag.py:540} INFO - Filling up the DagBag from /home/airflow/.local/lib/python3.8/site-packages/airflow/example_dags/example_branch_labels.py
[2025-12-21T07:12:14.152+0000] {processor.py:840} INFO - DAG(s) 'example_branch_labels' retrieved from /home/airflow/.local/lib/python3.8/site-packages/airflow/example_dags/example_branch_labels.py
[2025-12-21T07:12:14.243+0000] {logging_mixin.py:188} INFO - [2025-12-21T07:12:14.243+0000] {dag.py:3047} INFO - Sync 1 DAGs
[2025-12-21T07:12:14.261+0000] {logging_mixin.py:188} INFO - [2025-12-21T07:12:14.261+0000] {dag.py:3834} INFO - Setting next_dagrun for example_branch_labels to 2025-12-20 00:00:00+00:00, run_after=2025-12-21 00:00:00+00:00
[2025-12-21T07:12:14.279+0000] {processor.py:183} INFO - Processing /home/airflow/.local/lib/python3.8/site-packages/airflow/example_dags/example_branch_labels.py took 0.142 seconds
[2025-12-21T07:12:44.824+0000] {processor.py:161} INFO - Started process (PID=183) to work on /home/airflow/.local/lib/python3.8/site-packages/airflow/example_dags/example_branch_labels.py
[2025-12-21T07:12:44.826+0000] {processor.py:830} INFO - Processing file /home/airflow/.local/lib/python3.8/site-packages/airflow/example_dags/example_branch_labels.py for tasks to queue
[2025-12-21T07:12:44.829+0000] {logging_mixin.py:188} INFO - [2025-12-21T07:12:44.828+0000] {dagbag.py:540} INFO - Filling up the DagBag from /home/airflow/.local/lib/python3.8/site-packages/airflow/example_dags/example_branch_labels.py
[2025-12-21T07:12:44.841+0000] {processor.py:840} INFO - DAG(s) 'example_branch_labels' retrieved from /home/airflow/.local/lib/python3.8/site-packages/airflow/example_dags/example_branch_labels.py
[2025-12-21T07:12:44.871+0000] {logging_mixin.py:188} INFO - [2025-12-21T07:12:44.870+0000] {dag.py:3047} INFO - Sync 1 DAGs
[2025-12-21T07:12:44.903+0000] {logging_mixin.py:188} INFO - [2025-12-21T07:12:44.902+0000] {dag.py:3834} INFO - Setting next_dagrun for example_branch_labels to 2025-12-20 00:00:00+00:00, run_after=2025-12-21 00:00:00+00:00
[2025-12-21T07:12:44.926+0000] {processor.py:183} INFO - Processing /home/airflow/.local/lib/python3.8/site-packages/airflow/example_dags/example_branch_labels.py took 0.107 seconds
[2025-12-21T07:13:15.561+0000] {processor.py:161} INFO - Started process (PID=239) to work on /home/airflow/.local/lib/python3.8/site-packages/airflow/example_dags/example_branch_labels.py
[2025-12-21T07:13:15.564+0000] {processor.py:830} INFO - Processing file /home/airflow/.local/lib/python3.8/site-packages/airflow/example_dags/example_branch_labels.py for tasks to queue
[2025-12-21T07:13:15.567+0000] {logging_mixin.py:188} INFO - [2025-12-21T07:13:15.566+0000] {dagbag.py:540} INFO - Filling up the DagBag from /home/airflow/.local/lib/python3.8/site-packages/airflow/example_dags/example_branch_labels.py
[2025-12-21T07:13:15.577+0000] {processor.py:840} INFO - DAG(s) 'example_branch_labels' retrieved from /home/airflow/.local/lib/python3.8/site-packages/airflow/example_dags/example_branch_labels.py
[2025-12-21T07:13:15.608+0000] {logging_mixin.py:188} INFO - [2025-12-21T07:13:15.608+0000] {dag.py:3047} INFO - Sync 1 DAGs
[2025-12-21T07:13:15.637+0000] {logging_mixin.py:188} INFO - [2025-12-21T07:13:15.637+0000] {dag.py:3834} INFO - Setting next_dagrun for example_branch_labels to 2025-12-20 00:00:00+00:00, run_after=2025-12-21 00:00:00+00:00
[2025-12-21T07:13:15.669+0000] {processor.py:183} INFO - Processing /home/airflow/.local/lib/python3.8/site-packages/airflow/example_dags/example_branch_labels.py took 0.112 seconds
[2025-12-21T07:13:46.586+0000] {processor.py:161} INFO - Started process (PID=295) to work on /home/airflow/.local/lib/python3.8/site-packages/airflow/example_dags/example_branch_labels.py
[2025-12-21T07:13:46.588+0000] {processor.py:830} INFO - Processing file /home/airflow/.local/lib/python3.8/site-packages/airflow/example_dags/example_branch_labels.py for tasks to queue
[2025-12-21T07:13:46.591+0000] {logging_mixin.py:188} INFO - [2025-12-21T07:13:46.591+0000] {dagbag.py:540} INFO - Filling up the DagBag from /home/airflow/.local/lib/python3.8/site-packages/airflow/example_dags/example_branch_labels.py
[2025-12-21T07:13:46.608+0000] {processor.py:840} INFO - DAG(s) 'example_branch_labels' retrieved from /home/airflow/.local/lib/python3.8/site-packages/airflow/example_dags/example_branch_labels.py
[2025-12-21T07:13:46.647+0000] {logging_mixin.py:188} INFO - [2025-12-21T07:13:46.647+0000] {dag.py:3047} INFO - Sync 1 DAGs
[2025-12-21T07:13:46.681+0000] {logging_mixin.py:188} INFO - [2025-12-21T07:13:46.681+0000] {dag.py:3834} INFO - Setting next_dagrun for example_branch_labels to 2025-12-20 00:00:00+00:00, run_after=2025-12-21 00:00:00+00:00
[2025-12-21T07:13:46.710+0000] {processor.py:183} INFO - Processing /home/airflow/.local/lib/python3.8/site-packages/airflow/example_dags/example_branch_labels.py took 0.130 seconds
[2025-12-21T07:14:17.221+0000] {processor.py:161} INFO - Started process (PID=351) to work on /home/airflow/.local/lib/python3.8/site-packages/airflow/example_dags/example_branch_labels.py
[2025-12-21T07:14:17.223+0000] {processor.py:830} INFO - Processing file /home/airflow/.local/lib/python3.8/site-packages/airflow/example_dags/example_branch_labels.py for tasks to queue
[2025-12-21T07:14:17.228+0000] {logging_mixin.py:188} INFO - [2025-12-21T07:14:17.227+0000] {dagbag.py:540} INFO - Filling up the DagBag from /home/airflow/.local/lib/python3.8/site-packages/airflow/example_dags/example_branch_labels.py
[2025-12-21T07:14:17.240+0000] {processor.py:840} INFO - DAG(s) 'example_branch_labels' retrieved from /home/airflow/.local/lib/python3.8/site-packages/airflow/example_dags/example_branch_labels.py
[2025-12-21T07:14:17.275+0000] {logging_mixin.py:188} INFO - [2025-12-21T07:14:17.274+0000] {dag.py:3047} INFO - Sync 1 DAGs
[2025-12-21T07:14:17.305+0000] {logging_mixin.py:188} INFO - [2025-12-21T07:14:17.305+0000] {dag.py:3834} INFO - Setting next_dagrun for example_branch_labels to 2025-12-20 00:00:00+00:00, run_after=2025-12-21 00:00:00+00:00
[2025-12-21T07:14:17.333+0000] {processor.py:183} INFO - Processing /home/airflow/.local/lib/python3.8/site-packages/airflow/example_dags/example_branch_labels.py took 0.117 seconds
[2025-12-21T07:14:47.984+0000] {processor.py:161} INFO - Started process (PID=407) to work on /home/airflow/.local/lib/python3.8/site-packages/airflow/example_dags/example_branch_labels.py
[2025-12-21T07:14:47.986+0000] {processor.py:830} INFO - Processing file /home/airflow/.local/lib/python3.8/site-packages/airflow/example_dags/example_branch_labels.py for tasks to queue
[2025-12-21T07:14:47.989+0000] {logging_mixin.py:188} INFO - [2025-12-21T07:14:47.989+0000] {dagbag.py:540} INFO - Filling up the DagBag from /home/airflow/.local/lib/python3.8/site-packages/airflow/example_dags/example_branch_labels.py
[2025-12-21T07:14:48.002+0000] {processor.py:840} INFO - DAG(s) 'example_branch_labels' retrieved from /home/airflow/.local/lib/python3.8/site-packages/airflow/example_dags/example_branch_labels.py
[2025-12-21T07:14:48.035+0000] {logging_mixin.py:188} INFO - [2025-12-21T07:14:48.034+0000] {dag.py:3047} INFO - Sync 1 DAGs
[2025-12-21T07:14:48.066+0000] {logging_mixin.py:188} INFO - [2025-12-21T07:14:48.066+0000] {dag.py:3834} INFO - Setting next_dagrun for example_branch_labels to 2025-12-20 00:00:00+00:00, run_after=2025-12-21 00:00:00+00:00
[2025-12-21T07:14:48.098+0000] {processor.py:183} INFO - Processing /home/airflow/.local/lib/python3.8/site-packages/airflow/example_dags/example_branch_labels.py took 0.120 seconds
[2025-12-21T07:15:18.239+0000] {processor.py:161} INFO - Started process (PID=463) to work on /home/airflow/.local/lib/python3.8/site-packages/airflow/example_dags/example_branch_labels.py
[2025-12-21T07:15:18.240+0000] {processor.py:830} INFO - Processing file /home/airflow/.local/lib/python3.8/site-packages/airflow/example_dags/example_branch_labels.py for tasks to queue
[2025-12-21T07:15:18.243+0000] {logging_mixin.py:188} INFO - [2025-12-21T07:15:18.242+0000] {dagbag.py:540} INFO - Filling up the DagBag from /home/airflow/.local/lib/python3.8/site-packages/airflow/example_dags/example_branch_labels.py
[2025-12-21T07:15:18.253+0000] {processor.py:840} INFO - DAG(s) 'example_branch_labels' retrieved from /home/airflow/.local/lib/python3.8/site-packages/airflow/example_dags/example_branch_labels.py
[2025-12-21T07:15:18.288+0000] {logging_mixin.py:188} INFO - [2025-12-21T07:15:18.287+0000] {dag.py:3047} INFO - Sync 1 DAGs
[2025-12-21T07:15:18.332+0000] {logging_mixin.py:188} INFO - [2025-12-21T07:15:18.332+0000] {dag.py:3834} INFO - Setting next_dagrun for example_branch_labels to 2025-12-20 00:00:00+00:00, run_after=2025-12-21 00:00:00+00:00
[2025-12-21T07:15:18.363+0000] {processor.py:183} INFO - Processing /home/airflow/.local/lib/python3.8/site-packages/airflow/example_dags/example_branch_labels.py took 0.129 seconds
[2025-12-21T07:15:48.625+0000] {processor.py:161} INFO - Started process (PID=519) to work on /home/airflow/.local/lib/python3.8/site-packages/airflow/example_dags/example_branch_labels.py
[2025-12-21T07:15:48.626+0000] {processor.py:830} INFO - Processing file /home/airflow/.local/lib/python3.8/site-packages/airflow/example_dags/example_branch_labels.py for tasks to queue
[2025-12-21T07:15:48.629+0000] {logging_mixin.py:188} INFO - [2025-12-21T07:15:48.629+0000] {dagbag.py:540} INFO - Filling up the DagBag from /home/airflow/.local/lib/python3.8/site-packages/airflow/example_dags/example_branch_labels.py
[2025-12-21T07:15:48.636+0000] {processor.py:840} INFO - DAG(s) 'example_branch_labels' retrieved from /home/airflow/.local/lib/python3.8/site-packages/airflow/example_dags/example_branch_labels.py
[2025-12-21T07:15:48.660+0000] {logging_mixin.py:188} INFO - [2025-12-21T07:15:48.660+0000] {dag.py:3047} INFO - Sync 1 DAGs
[2025-12-21T07:15:48.684+0000] {logging_mixin.py:188} INFO - [2025-12-21T07:15:48.684+0000] {dag.py:3834} INFO - Setting next_dagrun for example_branch_labels to 2025-12-20 00:00:00+00:00, run_after=2025-12-21 00:00:00+00:00
[2025-12-21T07:15:48.705+0000] {processor.py:183} INFO - Processing /home/airflow/.local/lib/python3.8/site-packages/airflow/example_dags/example_branch_labels.py took 0.084 seconds
[2025-12-21T07:16:19.635+0000] {processor.py:161} INFO - Started process (PID=575) to work on /home/airflow/.local/lib/python3.8/site-packages/airflow/example_dags/example_branch_labels.py
[2025-12-21T07:16:19.636+0000] {processor.py:830} INFO - Processing file /home/airflow/.local/lib/python3.8/site-packages/airflow/example_dags/example_branch_labels.py for tasks to queue
[2025-12-21T07:16:19.639+0000] {logging_mixin.py:188} INFO - [2025-12-21T07:16:19.639+0000] {dagbag.py:540} INFO - Filling up the DagBag from /home/airflow/.local/lib/python3.8/site-packages/airflow/example_dags/example_branch_labels.py
[2025-12-21T07:16:19.649+0000] {processor.py:840} INFO - DAG(s) 'example_branch_labels' retrieved from /home/airflow/.local/lib/python3.8/site-packages/airflow/example_dags/example_branch_labels.py
[2025-12-21T07:16:19.686+0000] {logging_mixin.py:188} INFO - [2025-12-21T07:16:19.685+0000] {dag.py:3047} INFO - Sync 1 DAGs
[2025-12-21T07:16:19.720+0000] {logging_mixin.py:188} INFO - [2025-12-21T07:16:19.720+0000] {dag.py:3834} INFO - Setting next_dagrun for example_branch_labels to 2025-12-20 00:00:00+00:00, run_after=2025-12-21 00:00:00+00:00
[2025-12-21T07:16:19.749+0000] {processor.py:183} INFO - Processing /home/airflow/.local/lib/python3.8/site-packages/airflow/example_dags/example_branch_labels.py took 0.118 seconds
[2025-12-21T07:16:50.445+0000] {processor.py:161} INFO - Started process (PID=631) to work on /home/airflow/.local/lib/python3.8/site-packages/airflow/example_dags/example_branch_labels.py
[2025-12-21T07:16:50.447+0000] {processor.py:830} INFO - Processing file /home/airflow/.local/lib/python3.8/site-packages/airflow/example_dags/example_branch_labels.py for tasks to queue
[2025-12-21T07:16:50.449+0000] {logging_mixin.py:188} INFO - [2025-12-21T07:16:50.448+0000] {dagbag.py:540} INFO - Filling up the DagBag from /home/airflow/.local/lib/python3.8/site-packages/airflow/example_dags/example_branch_labels.py
[2025-12-21T07:16:50.457+0000] {processor.py:840} INFO - DAG(s) 'example_branch_labels' retrieved from /home/airflow/.local/lib/python3.8/site-packages/airflow/example_dags/example_branch_labels.py
[2025-12-21T07:16:50.481+0000] {logging_mixin.py:188} INFO - [2025-12-21T07:16:50.480+0000] {dag.py:3047} INFO - Sync 1 DAGs
[2025-12-21T07:16:50.503+0000] {logging_mixin.py:188} INFO - [2025-12-21T07:16:50.503+0000] {dag.py:3834} INFO - Setting next_dagrun for example_branch_labels to 2025-12-20 00:00:00+00:00, run_after=2025-12-21 00:00:00+00:00
[2025-12-21T07:16:50.522+0000] {processor.py:183} INFO - Processing /home/airflow/.local/lib/python3.8/site-packages/airflow/example_dags/example_branch_labels.py took 0.080 seconds
[2025-12-21T07:17:20.739+0000] {processor.py:161} INFO - Started process (PID=687) to work on /home/airflow/.local/lib/python3.8/site-packages/airflow/example_dags/example_branch_labels.py
[2025-12-21T07:17:20.740+0000] {processor.py:830} INFO - Processing file /home/airflow/.local/lib/python3.8/site-packages/airflow/example_dags/example_branch_labels.py for tasks to queue
[2025-12-21T07:17:20.743+0000] {logging_mixin.py:188} INFO - [2025-12-21T07:17:20.743+0000] {dagbag.py:540} INFO - Filling up the DagBag from /home/airflow/.local/lib/python3.8/site-packages/airflow/example_dags/example_branch_labels.py
[2025-12-21T07:17:20.755+0000] {processor.py:840} INFO - DAG(s) 'example_branch_labels' retrieved from /home/airflow/.local/lib/python3.8/site-packages/airflow/example_dags/example_branch_labels.py
[2025-12-21T07:17:20.781+0000] {logging_mixin.py:188} INFO - [2025-12-21T07:17:20.781+0000] {dag.py:3047} INFO - Sync 1 DAGs
[2025-12-21T07:17:20.805+0000] {logging_mixin.py:188} INFO - [2025-12-21T07:17:20.805+0000] {dag.py:3834} INFO - Setting next_dagrun for example_branch_labels to 2025-12-20 00:00:00+00:00, run_after=2025-12-21 00:00:00+00:00
[2025-12-21T07:17:20.826+0000] {processor.py:183} INFO - Processing /home/airflow/.local/lib/python3.8/site-packages/airflow/example_dags/example_branch_labels.py took 0.092 seconds
[2025-12-21T07:17:50.935+0000] {processor.py:161} INFO - Started process (PID=744) to work on /home/airflow/.local/lib/python3.8/site-packages/airflow/example_dags/example_branch_labels.py
[2025-12-21T07:17:50.936+0000] {processor.py:830} INFO - Processing file /home/airflow/.local/lib/python3.8/site-packages/airflow/example_dags/example_branch_labels.py for tasks to queue
[2025-12-21T07:17:50.938+0000] {logging_mixin.py:188} INFO - [2025-12-21T07:17:50.938+0000] {dagbag.py:540} INFO - Filling up the DagBag from /home/airflow/.local/lib/python3.8/site-packages/airflow/example_dags/example_branch_labels.py
[2025-12-21T07:17:50.946+0000] {processor.py:840} INFO - DAG(s) 'example_branch_labels' retrieved from /home/airflow/.local/lib/python3.8/site-packages/airflow/example_dags/example_branch_labels.py
[2025-12-21T07:17:50.970+0000] {logging_mixin.py:188} INFO - [2025-12-21T07:17:50.970+0000] {dag.py:3047} INFO - Sync 1 DAGs
[2025-12-21T07:17:50.992+0000] {logging_mixin.py:188} INFO - [2025-12-21T07:17:50.992+0000] {dag.py:3834} INFO - Setting next_dagrun for example_branch_labels to 2025-12-20 00:00:00+00:00, run_after=2025-12-21 00:00:00+00:00
[2025-12-21T07:17:51.010+0000] {processor.py:183} INFO - Processing /home/airflow/.local/lib/python3.8/site-packages/airflow/example_dags/example_branch_labels.py took 0.079 seconds
[2025-12-21T07:18:21.815+0000] {processor.py:161} INFO - Started process (PID=800) to work on /home/airflow/.local/lib/python3.8/site-packages/airflow/example_dags/example_branch_labels.py
[2025-12-21T07:18:21.817+0000] {processor.py:830} INFO - Processing file /home/airflow/.local/lib/python3.8/site-packages/airflow/example_dags/example_branch_labels.py for tasks to queue
[2025-12-21T07:18:21.821+0000] {logging_mixin.py:188} INFO - [2025-12-21T07:18:21.821+0000] {dagbag.py:540} INFO - Filling up the DagBag from /home/airflow/.local/lib/python3.8/site-packages/airflow/example_dags/example_branch_labels.py
[2025-12-21T07:18:21.831+0000] {processor.py:840} INFO - DAG(s) 'example_branch_labels' retrieved from /home/airflow/.local/lib/python3.8/site-packages/airflow/example_dags/example_branch_labels.py
[2025-12-21T07:18:21.858+0000] {logging_mixin.py:188} INFO - [2025-12-21T07:18:21.858+0000] {dag.py:3047} INFO - Sync 1 DAGs
[2025-12-21T07:18:21.887+0000] {logging_mixin.py:188} INFO - [2025-12-21T07:18:21.887+0000] {dag.py:3834} INFO - Setting next_dagrun for example_branch_labels to 2025-12-20 00:00:00+00:00, run_after=2025-12-21 00:00:00+00:00
[2025-12-21T07:18:21.912+0000] {processor.py:183} INFO - Processing /home/airflow/.local/lib/python3.8/site-packages/airflow/example_dags/example_branch_labels.py took 0.102 seconds
[2025-12-21T07:18:52.775+0000] {processor.py:161} INFO - Started process (PID=856) to work on /home/airflow/.local/lib/python3.8/site-packages/airflow/example_dags/example_branch_labels.py
[2025-12-21T07:18:52.776+0000] {processor.py:830} INFO - Processing file /home/airflow/.local/lib/python3.8/site-packages/airflow/example_dags/example_branch_labels.py for tasks to queue
[2025-12-21T07:18:52.778+0000] {logging_mixin.py:188} INFO - [2025-12-21T07:18:52.778+0000] {dagbag.py:540} INFO - Filling up the DagBag from /home/airflow/.local/lib/python3.8/site-packages/airflow/example_dags/example_branch_labels.py
[2025-12-21T07:18:52.787+0000] {processor.py:840} INFO - DAG(s) 'example_branch_labels' retrieved from /home/airflow/.local/lib/python3.8/site-packages/airflow/example_dags/example_branch_labels.py
[2025-12-21T07:18:52.810+0000] {logging_mixin.py:188} INFO - [2025-12-21T07:18:52.809+0000] {dag.py:3047} INFO - Sync 1 DAGs
[2025-12-21T07:18:52.834+0000] {logging_mixin.py:188} INFO - [2025-12-21T07:18:52.834+0000] {dag.py:3834} INFO - Setting next_dagrun for example_branch_labels to 2025-12-20 00:00:00+00:00, run_after=2025-12-21 00:00:00+00:00
[2025-12-21T07:18:52.853+0000] {processor.py:183} INFO - Processing /home/airflow/.local/lib/python3.8/site-packages/airflow/example_dags/example_branch_labels.py took 0.083 seconds
[2025-12-21T07:19:23.812+0000] {processor.py:161} INFO - Started process (PID=912) to work on /home/airflow/.local/lib/python3.8/site-packages/airflow/example_dags/example_branch_labels.py
[2025-12-21T07:19:23.822+0000] {processor.py:830} INFO - Processing file /home/airflow/.local/lib/python3.8/site-packages/airflow/example_dags/example_branch_labels.py for tasks to queue
[2025-12-21T07:19:23.832+0000] {logging_mixin.py:188} INFO - [2025-12-21T07:19:23.832+0000] {dagbag.py:540} INFO - Filling up the DagBag from /home/airflow/.local/lib/python3.8/site-packages/airflow/example_dags/example_branch_labels.py
[2025-12-21T07:19:23.849+0000] {processor.py:840} INFO - DAG(s) 'example_branch_labels' retrieved from /home/airflow/.local/lib/python3.8/site-packages/airflow/example_dags/example_branch_labels.py
[2025-12-21T07:19:23.990+0000] {logging_mixin.py:188} INFO - [2025-12-21T07:19:23.990+0000] {dag.py:3047} INFO - Sync 1 DAGs
[2025-12-21T07:19:24.080+0000] {logging_mixin.py:188} INFO - [2025-12-21T07:19:24.079+0000] {dag.py:3834} INFO - Setting next_dagrun for example_branch_labels to 2025-12-20 00:00:00+00:00, run_after=2025-12-21 00:00:00+00:00
[2025-12-21T07:19:24.135+0000] {processor.py:183} INFO - Processing /home/airflow/.local/lib/python3.8/site-packages/airflow/example_dags/example_branch_labels.py took 0.327 seconds
[2025-12-21T07:19:54.940+0000] {processor.py:161} INFO - Started process (PID=969) to work on /home/airflow/.local/lib/python3.8/site-packages/airflow/example_dags/example_branch_labels.py
[2025-12-21T07:19:54.941+0000] {processor.py:830} INFO - Processing file /home/airflow/.local/lib/python3.8/site-packages/airflow/example_dags/example_branch_labels.py for tasks to queue
[2025-12-21T07:19:54.945+0000] {logging_mixin.py:188} INFO - [2025-12-21T07:19:54.944+0000] {dagbag.py:540} INFO - Filling up the DagBag from /home/airflow/.local/lib/python3.8/site-packages/airflow/example_dags/example_branch_labels.py
[2025-12-21T07:19:54.953+0000] {processor.py:840} INFO - DAG(s) 'example_branch_labels' retrieved from /home/airflow/.local/lib/python3.8/site-packages/airflow/example_dags/example_branch_labels.py
[2025-12-21T07:19:54.975+0000] {logging_mixin.py:188} INFO - [2025-12-21T07:19:54.975+0000] {dag.py:3047} INFO - Sync 1 DAGs
[2025-12-21T07:19:54.999+0000] {logging_mixin.py:188} INFO - [2025-12-21T07:19:54.999+0000] {dag.py:3834} INFO - Setting next_dagrun for example_branch_labels to 2025-12-20 00:00:00+00:00, run_after=2025-12-21 00:00:00+00:00
[2025-12-21T07:19:55.021+0000] {processor.py:183} INFO - Processing /home/airflow/.local/lib/python3.8/site-packages/airflow/example_dags/example_branch_labels.py took 0.085 seconds
[2025-12-21T07:20:25.272+0000] {processor.py:161} INFO - Started process (PID=1025) to work on /home/airflow/.local/lib/python3.8/site-packages/airflow/example_dags/example_branch_labels.py
[2025-12-21T07:20:25.273+0000] {processor.py:830} INFO - Processing file /home/airflow/.local/lib/python3.8/site-packages/airflow/example_dags/example_branch_labels.py for tasks to queue
[2025-12-21T07:20:25.275+0000] {logging_mixin.py:188} INFO - [2025-12-21T07:20:25.275+0000] {dagbag.py:540} INFO - Filling up the DagBag from /home/airflow/.local/lib/python3.8/site-packages/airflow/example_dags/example_branch_labels.py
[2025-12-21T07:20:25.283+0000] {processor.py:840} INFO - DAG(s) 'example_branch_labels' retrieved from /home/airflow/.local/lib/python3.8/site-packages/airflow/example_dags/example_branch_labels.py
[2025-12-21T07:20:25.305+0000] {logging_mixin.py:188} INFO - [2025-12-21T07:20:25.305+0000] {dag.py:3047} INFO - Sync 1 DAGs
[2025-12-21T07:20:25.327+0000] {logging_mixin.py:188} INFO - [2025-12-21T07:20:25.327+0000] {dag.py:3834} INFO - Setting next_dagrun for example_branch_labels to 2025-12-20 00:00:00+00:00, run_after=2025-12-21 00:00:00+00:00
[2025-12-21T07:20:25.346+0000] {processor.py:183} INFO - Processing /home/airflow/.local/lib/python3.8/site-packages/airflow/example_dags/example_branch_labels.py took 0.077 seconds
[2025-12-21T07:20:39.731+0000] {processor.py:161} INFO - Started process (PID=60) to work on /home/airflow/.local/lib/python3.8/site-packages/airflow/example_dags/example_branch_labels.py
[2025-12-21T07:20:39.733+0000] {processor.py:830} INFO - Processing file /home/airflow/.local/lib/python3.8/site-packages/airflow/example_dags/example_branch_labels.py for tasks to queue
[2025-12-21T07:20:39.735+0000] {logging_mixin.py:188} INFO - [2025-12-21T07:20:39.735+0000] {dagbag.py:540} INFO - Filling up the DagBag from /home/airflow/.local/lib/python3.8/site-packages/airflow/example_dags/example_branch_labels.py
[2025-12-21T07:20:39.744+0000] {processor.py:840} INFO - DAG(s) 'example_branch_labels' retrieved from /home/airflow/.local/lib/python3.8/site-packages/airflow/example_dags/example_branch_labels.py
[2025-12-21T07:20:39.778+0000] {logging_mixin.py:188} INFO - [2025-12-21T07:20:39.778+0000] {dag.py:3047} INFO - Sync 1 DAGs
[2025-12-21T07:20:39.804+0000] {logging_mixin.py:188} INFO - [2025-12-21T07:20:39.803+0000] {dag.py:3834} INFO - Setting next_dagrun for example_branch_labels to 2025-12-20 00:00:00+00:00, run_after=2025-12-21 00:00:00+00:00
[2025-12-21T07:20:39.825+0000] {processor.py:183} INFO - Processing /home/airflow/.local/lib/python3.8/site-packages/airflow/example_dags/example_branch_labels.py took 0.098 seconds
[2025-12-21T07:21:10.738+0000] {processor.py:161} INFO - Started process (PID=116) to work on /home/airflow/.local/lib/python3.8/site-packages/airflow/example_dags/example_branch_labels.py
[2025-12-21T07:21:10.739+0000] {processor.py:830} INFO - Processing file /home/airflow/.local/lib/python3.8/site-packages/airflow/example_dags/example_branch_labels.py for tasks to queue
[2025-12-21T07:21:10.741+0000] {logging_mixin.py:188} INFO - [2025-12-21T07:21:10.741+0000] {dagbag.py:540} INFO - Filling up the DagBag from /home/airflow/.local/lib/python3.8/site-packages/airflow/example_dags/example_branch_labels.py
[2025-12-21T07:21:10.753+0000] {processor.py:840} INFO - DAG(s) 'example_branch_labels' retrieved from /home/airflow/.local/lib/python3.8/site-packages/airflow/example_dags/example_branch_labels.py
[2025-12-21T07:21:10.782+0000] {logging_mixin.py:188} INFO - [2025-12-21T07:21:10.781+0000] {dag.py:3047} INFO - Sync 1 DAGs
[2025-12-21T07:21:10.813+0000] {logging_mixin.py:188} INFO - [2025-12-21T07:21:10.813+0000] {dag.py:3834} INFO - Setting next_dagrun for example_branch_labels to 2025-12-20 00:00:00+00:00, run_after=2025-12-21 00:00:00+00:00
[2025-12-21T07:21:10.837+0000] {processor.py:183} INFO - Processing /home/airflow/.local/lib/python3.8/site-packages/airflow/example_dags/example_branch_labels.py took 0.102 seconds
[2025-12-21T07:22:20.409+0000] {processor.py:161} INFO - Started process (PID=67) to work on /home/airflow/.local/lib/python3.8/site-packages/airflow/example_dags/example_branch_labels.py
[2025-12-21T07:22:20.410+0000] {processor.py:830} INFO - Processing file /home/airflow/.local/lib/python3.8/site-packages/airflow/example_dags/example_branch_labels.py for tasks to queue
[2025-12-21T07:22:20.413+0000] {logging_mixin.py:188} INFO - [2025-12-21T07:22:20.413+0000] {dagbag.py:540} INFO - Filling up the DagBag from /home/airflow/.local/lib/python3.8/site-packages/airflow/example_dags/example_branch_labels.py
[2025-12-21T07:22:20.424+0000] {processor.py:840} INFO - DAG(s) 'example_branch_labels' retrieved from /home/airflow/.local/lib/python3.8/site-packages/airflow/example_dags/example_branch_labels.py
[2025-12-21T07:22:20.441+0000] {logging_mixin.py:188} INFO - [2025-12-21T07:22:20.441+0000] {dag.py:3047} INFO - Sync 1 DAGs
[2025-12-21T07:22:20.470+0000] {logging_mixin.py:188} INFO - [2025-12-21T07:22:20.470+0000] {dag.py:3834} INFO - Setting next_dagrun for example_branch_labels to 2025-12-20 00:00:00+00:00, run_after=2025-12-21 00:00:00+00:00
[2025-12-21T07:22:20.497+0000] {processor.py:183} INFO - Processing /home/airflow/.local/lib/python3.8/site-packages/airflow/example_dags/example_branch_labels.py took 0.092 seconds
[2025-12-21T07:22:51.879+0000] {processor.py:161} INFO - Started process (PID=123) to work on /home/airflow/.local/lib/python3.8/site-packages/airflow/example_dags/example_branch_labels.py
[2025-12-21T07:22:51.880+0000] {processor.py:830} INFO - Processing file /home/airflow/.local/lib/python3.8/site-packages/airflow/example_dags/example_branch_labels.py for tasks to queue
[2025-12-21T07:22:51.883+0000] {logging_mixin.py:188} INFO - [2025-12-21T07:22:51.882+0000] {dagbag.py:540} INFO - Filling up the DagBag from /home/airflow/.local/lib/python3.8/site-packages/airflow/example_dags/example_branch_labels.py
[2025-12-21T07:22:51.894+0000] {processor.py:840} INFO - DAG(s) 'example_branch_labels' retrieved from /home/airflow/.local/lib/python3.8/site-packages/airflow/example_dags/example_branch_labels.py
[2025-12-21T07:22:52.002+0000] {logging_mixin.py:188} INFO - [2025-12-21T07:22:52.002+0000] {dag.py:3047} INFO - Sync 1 DAGs
[2025-12-21T07:22:52.027+0000] {logging_mixin.py:188} INFO - [2025-12-21T07:22:52.026+0000] {dag.py:3834} INFO - Setting next_dagrun for example_branch_labels to 2025-12-20 00:00:00+00:00, run_after=2025-12-21 00:00:00+00:00
[2025-12-21T07:22:52.050+0000] {processor.py:183} INFO - Processing /home/airflow/.local/lib/python3.8/site-packages/airflow/example_dags/example_branch_labels.py took 0.176 seconds
[2025-12-21T07:28:30.761+0000] {processor.py:161} INFO - Started process (PID=68) to work on /home/airflow/.local/lib/python3.8/site-packages/airflow/example_dags/example_branch_labels.py
[2025-12-21T07:28:30.763+0000] {processor.py:830} INFO - Processing file /home/airflow/.local/lib/python3.8/site-packages/airflow/example_dags/example_branch_labels.py for tasks to queue
[2025-12-21T07:28:30.766+0000] {logging_mixin.py:188} INFO - [2025-12-21T07:28:30.766+0000] {dagbag.py:540} INFO - Filling up the DagBag from /home/airflow/.local/lib/python3.8/site-packages/airflow/example_dags/example_branch_labels.py
[2025-12-21T07:28:30.792+0000] {processor.py:840} INFO - DAG(s) 'example_branch_labels' retrieved from /home/airflow/.local/lib/python3.8/site-packages/airflow/example_dags/example_branch_labels.py
[2025-12-21T07:28:30.826+0000] {logging_mixin.py:188} INFO - [2025-12-21T07:28:30.825+0000] {dag.py:3047} INFO - Sync 1 DAGs
[2025-12-21T07:28:30.962+0000] {logging_mixin.py:188} INFO - [2025-12-21T07:28:30.947+0000] {dag.py:3834} INFO - Setting next_dagrun for example_branch_labels to 2025-12-20 00:00:00+00:00, run_after=2025-12-21 00:00:00+00:00
[2025-12-21T07:28:31.041+0000] {processor.py:183} INFO - Processing /home/airflow/.local/lib/python3.8/site-packages/airflow/example_dags/example_branch_labels.py took 0.284 seconds
[2025-12-21T07:29:01.506+0000] {processor.py:161} INFO - Started process (PID=131) to work on /home/airflow/.local/lib/python3.8/site-packages/airflow/example_dags/example_branch_labels.py
[2025-12-21T07:29:01.508+0000] {processor.py:830} INFO - Processing file /home/airflow/.local/lib/python3.8/site-packages/airflow/example_dags/example_branch_labels.py for tasks to queue
[2025-12-21T07:29:01.510+0000] {logging_mixin.py:188} INFO - [2025-12-21T07:29:01.510+0000] {dagbag.py:540} INFO - Filling up the DagBag from /home/airflow/.local/lib/python3.8/site-packages/airflow/example_dags/example_branch_labels.py
[2025-12-21T07:29:01.519+0000] {processor.py:840} INFO - DAG(s) 'example_branch_labels' retrieved from /home/airflow/.local/lib/python3.8/site-packages/airflow/example_dags/example_branch_labels.py
[2025-12-21T07:29:01.676+0000] {logging_mixin.py:188} INFO - [2025-12-21T07:29:01.676+0000] {dag.py:3047} INFO - Sync 1 DAGs
[2025-12-21T07:29:01.703+0000] {logging_mixin.py:188} INFO - [2025-12-21T07:29:01.702+0000] {dag.py:3834} INFO - Setting next_dagrun for example_branch_labels to 2025-12-20 00:00:00+00:00, run_after=2025-12-21 00:00:00+00:00
[2025-12-21T07:29:01.734+0000] {processor.py:183} INFO - Processing /home/airflow/.local/lib/python3.8/site-packages/airflow/example_dags/example_branch_labels.py took 0.233 seconds
[2025-12-21T07:29:32.579+0000] {processor.py:161} INFO - Started process (PID=187) to work on /home/airflow/.local/lib/python3.8/site-packages/airflow/example_dags/example_branch_labels.py
[2025-12-21T07:29:32.582+0000] {processor.py:830} INFO - Processing file /home/airflow/.local/lib/python3.8/site-packages/airflow/example_dags/example_branch_labels.py for tasks to queue
[2025-12-21T07:29:32.584+0000] {logging_mixin.py:188} INFO - [2025-12-21T07:29:32.584+0000] {dagbag.py:540} INFO - Filling up the DagBag from /home/airflow/.local/lib/python3.8/site-packages/airflow/example_dags/example_branch_labels.py
[2025-12-21T07:29:32.596+0000] {processor.py:840} INFO - DAG(s) 'example_branch_labels' retrieved from /home/airflow/.local/lib/python3.8/site-packages/airflow/example_dags/example_branch_labels.py
[2025-12-21T07:29:32.630+0000] {logging_mixin.py:188} INFO - [2025-12-21T07:29:32.629+0000] {dag.py:3047} INFO - Sync 1 DAGs
[2025-12-21T07:29:32.660+0000] {logging_mixin.py:188} INFO - [2025-12-21T07:29:32.660+0000] {dag.py:3834} INFO - Setting next_dagrun for example_branch_labels to 2025-12-20 00:00:00+00:00, run_after=2025-12-21 00:00:00+00:00
[2025-12-21T07:29:32.689+0000] {processor.py:183} INFO - Processing /home/airflow/.local/lib/python3.8/site-packages/airflow/example_dags/example_branch_labels.py took 0.115 seconds
[2025-12-21T07:30:03.061+0000] {processor.py:161} INFO - Started process (PID=242) to work on /home/airflow/.local/lib/python3.8/site-packages/airflow/example_dags/example_branch_labels.py
[2025-12-21T07:30:03.063+0000] {processor.py:830} INFO - Processing file /home/airflow/.local/lib/python3.8/site-packages/airflow/example_dags/example_branch_labels.py for tasks to queue
[2025-12-21T07:30:03.067+0000] {logging_mixin.py:188} INFO - [2025-12-21T07:30:03.067+0000] {dagbag.py:540} INFO - Filling up the DagBag from /home/airflow/.local/lib/python3.8/site-packages/airflow/example_dags/example_branch_labels.py
[2025-12-21T07:30:03.081+0000] {processor.py:840} INFO - DAG(s) 'example_branch_labels' retrieved from /home/airflow/.local/lib/python3.8/site-packages/airflow/example_dags/example_branch_labels.py
[2025-12-21T07:30:03.110+0000] {logging_mixin.py:188} INFO - [2025-12-21T07:30:03.110+0000] {dag.py:3047} INFO - Sync 1 DAGs
[2025-12-21T07:30:03.140+0000] {logging_mixin.py:188} INFO - [2025-12-21T07:30:03.140+0000] {dag.py:3834} INFO - Setting next_dagrun for example_branch_labels to 2025-12-20 00:00:00+00:00, run_after=2025-12-21 00:00:00+00:00
[2025-12-21T07:30:03.167+0000] {processor.py:183} INFO - Processing /home/airflow/.local/lib/python3.8/site-packages/airflow/example_dags/example_branch_labels.py took 0.112 seconds
[2025-12-21T07:30:33.318+0000] {processor.py:161} INFO - Started process (PID=298) to work on /home/airflow/.local/lib/python3.8/site-packages/airflow/example_dags/example_branch_labels.py
[2025-12-21T07:30:33.320+0000] {processor.py:830} INFO - Processing file /home/airflow/.local/lib/python3.8/site-packages/airflow/example_dags/example_branch_labels.py for tasks to queue
[2025-12-21T07:30:33.322+0000] {logging_mixin.py:188} INFO - [2025-12-21T07:30:33.322+0000] {dagbag.py:540} INFO - Filling up the DagBag from /home/airflow/.local/lib/python3.8/site-packages/airflow/example_dags/example_branch_labels.py
[2025-12-21T07:30:33.331+0000] {processor.py:840} INFO - DAG(s) 'example_branch_labels' retrieved from /home/airflow/.local/lib/python3.8/site-packages/airflow/example_dags/example_branch_labels.py
[2025-12-21T07:30:33.357+0000] {logging_mixin.py:188} INFO - [2025-12-21T07:30:33.357+0000] {dag.py:3047} INFO - Sync 1 DAGs
[2025-12-21T07:30:33.386+0000] {logging_mixin.py:188} INFO - [2025-12-21T07:30:33.386+0000] {dag.py:3834} INFO - Setting next_dagrun for example_branch_labels to 2025-12-20 00:00:00+00:00, run_after=2025-12-21 00:00:00+00:00
[2025-12-21T07:30:33.419+0000] {processor.py:183} INFO - Processing /home/airflow/.local/lib/python3.8/site-packages/airflow/example_dags/example_branch_labels.py took 0.104 seconds
[2025-12-21T07:31:03.591+0000] {processor.py:161} INFO - Started process (PID=354) to work on /home/airflow/.local/lib/python3.8/site-packages/airflow/example_dags/example_branch_labels.py
[2025-12-21T07:31:03.593+0000] {processor.py:830} INFO - Processing file /home/airflow/.local/lib/python3.8/site-packages/airflow/example_dags/example_branch_labels.py for tasks to queue
[2025-12-21T07:31:03.595+0000] {logging_mixin.py:188} INFO - [2025-12-21T07:31:03.595+0000] {dagbag.py:540} INFO - Filling up the DagBag from /home/airflow/.local/lib/python3.8/site-packages/airflow/example_dags/example_branch_labels.py
[2025-12-21T07:31:03.603+0000] {processor.py:840} INFO - DAG(s) 'example_branch_labels' retrieved from /home/airflow/.local/lib/python3.8/site-packages/airflow/example_dags/example_branch_labels.py
[2025-12-21T07:31:03.625+0000] {logging_mixin.py:188} INFO - [2025-12-21T07:31:03.625+0000] {dag.py:3047} INFO - Sync 1 DAGs
[2025-12-21T07:31:03.653+0000] {logging_mixin.py:188} INFO - [2025-12-21T07:31:03.653+0000] {dag.py:3834} INFO - Setting next_dagrun for example_branch_labels to 2025-12-20 00:00:00+00:00, run_after=2025-12-21 00:00:00+00:00
[2025-12-21T07:31:03.681+0000] {processor.py:183} INFO - Processing /home/airflow/.local/lib/python3.8/site-packages/airflow/example_dags/example_branch_labels.py took 0.093 seconds
[2025-12-21T07:31:33.812+0000] {processor.py:161} INFO - Started process (PID=410) to work on /home/airflow/.local/lib/python3.8/site-packages/airflow/example_dags/example_branch_labels.py
[2025-12-21T07:31:33.814+0000] {processor.py:830} INFO - Processing file /home/airflow/.local/lib/python3.8/site-packages/airflow/example_dags/example_branch_labels.py for tasks to queue
[2025-12-21T07:31:33.816+0000] {logging_mixin.py:188} INFO - [2025-12-21T07:31:33.816+0000] {dagbag.py:540} INFO - Filling up the DagBag from /home/airflow/.local/lib/python3.8/site-packages/airflow/example_dags/example_branch_labels.py
[2025-12-21T07:31:33.826+0000] {processor.py:840} INFO - DAG(s) 'example_branch_labels' retrieved from /home/airflow/.local/lib/python3.8/site-packages/airflow/example_dags/example_branch_labels.py
[2025-12-21T07:31:33.855+0000] {logging_mixin.py:188} INFO - [2025-12-21T07:31:33.855+0000] {dag.py:3047} INFO - Sync 1 DAGs
[2025-12-21T07:31:33.886+0000] {logging_mixin.py:188} INFO - [2025-12-21T07:31:33.885+0000] {dag.py:3834} INFO - Setting next_dagrun for example_branch_labels to 2025-12-20 00:00:00+00:00, run_after=2025-12-21 00:00:00+00:00
[2025-12-21T07:31:33.916+0000] {processor.py:183} INFO - Processing /home/airflow/.local/lib/python3.8/site-packages/airflow/example_dags/example_branch_labels.py took 0.108 seconds
