[2025-12-21T06:58:37.359+0000] {processor.py:161} INFO - Started process (PID=71) to work on /home/airflow/.local/lib/python3.8/site-packages/airflow/example_dags/example_sla_dag.py
[2025-12-21T06:58:37.361+0000] {processor.py:830} INFO - Processing file /home/airflow/.local/lib/python3.8/site-packages/airflow/example_dags/example_sla_dag.py for tasks to queue
[2025-12-21T06:58:37.365+0000] {logging_mixin.py:188} INFO - [2025-12-21T06:58:37.365+0000] {dagbag.py:540} INFO - Filling up the DagBag from /home/airflow/.local/lib/python3.8/site-packages/airflow/example_dags/example_sla_dag.py
[2025-12-21T06:58:37.411+0000] {processor.py:840} INFO - DAG(s) 'example_sla_dag' retrieved from /home/airflow/.local/lib/python3.8/site-packages/airflow/example_dags/example_sla_dag.py
[2025-12-21T06:58:37.461+0000] {logging_mixin.py:188} INFO - [2025-12-21T06:58:37.460+0000] {dag.py:3047} INFO - Sync 1 DAGs
[2025-12-21T06:58:37.531+0000] {logging_mixin.py:188} INFO - [2025-12-21T06:58:37.531+0000] {dag.py:3834} INFO - Setting next_dagrun for example_sla_dag to 2025-12-21 06:56:00+00:00, run_after=2025-12-21 06:58:00+00:00
[2025-12-21T06:58:37.590+0000] {processor.py:183} INFO - Processing /home/airflow/.local/lib/python3.8/site-packages/airflow/example_dags/example_sla_dag.py took 0.242 seconds
[2025-12-21T06:58:52.455+0000] {processor.py:161} INFO - Started process (PID=61) to work on /home/airflow/.local/lib/python3.8/site-packages/airflow/example_dags/example_sla_dag.py
[2025-12-21T06:58:52.456+0000] {processor.py:830} INFO - Processing file /home/airflow/.local/lib/python3.8/site-packages/airflow/example_dags/example_sla_dag.py for tasks to queue
[2025-12-21T06:58:52.458+0000] {logging_mixin.py:188} INFO - [2025-12-21T06:58:52.458+0000] {dagbag.py:540} INFO - Filling up the DagBag from /home/airflow/.local/lib/python3.8/site-packages/airflow/example_dags/example_sla_dag.py
[2025-12-21T06:58:52.467+0000] {processor.py:840} INFO - DAG(s) 'example_sla_dag' retrieved from /home/airflow/.local/lib/python3.8/site-packages/airflow/example_dags/example_sla_dag.py
[2025-12-21T06:58:52.580+0000] {logging_mixin.py:188} INFO - [2025-12-21T06:58:52.580+0000] {dag.py:3047} INFO - Sync 1 DAGs
[2025-12-21T06:58:52.603+0000] {logging_mixin.py:188} INFO - [2025-12-21T06:58:52.603+0000] {dag.py:3834} INFO - Setting next_dagrun for example_sla_dag to 2025-12-21 06:56:00+00:00, run_after=2025-12-21 06:58:00+00:00
[2025-12-21T06:58:52.625+0000] {processor.py:183} INFO - Processing /home/airflow/.local/lib/python3.8/site-packages/airflow/example_dags/example_sla_dag.py took 0.174 seconds
[2025-12-21T06:59:23.528+0000] {processor.py:161} INFO - Started process (PID=117) to work on /home/airflow/.local/lib/python3.8/site-packages/airflow/example_dags/example_sla_dag.py
[2025-12-21T06:59:23.529+0000] {processor.py:830} INFO - Processing file /home/airflow/.local/lib/python3.8/site-packages/airflow/example_dags/example_sla_dag.py for tasks to queue
[2025-12-21T06:59:23.533+0000] {logging_mixin.py:188} INFO - [2025-12-21T06:59:23.532+0000] {dagbag.py:540} INFO - Filling up the DagBag from /home/airflow/.local/lib/python3.8/site-packages/airflow/example_dags/example_sla_dag.py
[2025-12-21T06:59:23.542+0000] {processor.py:840} INFO - DAG(s) 'example_sla_dag' retrieved from /home/airflow/.local/lib/python3.8/site-packages/airflow/example_dags/example_sla_dag.py
[2025-12-21T06:59:23.567+0000] {logging_mixin.py:188} INFO - [2025-12-21T06:59:23.567+0000] {dag.py:3047} INFO - Sync 1 DAGs
[2025-12-21T06:59:23.592+0000] {logging_mixin.py:188} INFO - [2025-12-21T06:59:23.592+0000] {dag.py:3834} INFO - Setting next_dagrun for example_sla_dag to 2025-12-21 06:56:00+00:00, run_after=2025-12-21 06:58:00+00:00
[2025-12-21T06:59:23.614+0000] {processor.py:183} INFO - Processing /home/airflow/.local/lib/python3.8/site-packages/airflow/example_dags/example_sla_dag.py took 0.090 seconds
[2025-12-21T06:59:53.926+0000] {processor.py:161} INFO - Started process (PID=173) to work on /home/airflow/.local/lib/python3.8/site-packages/airflow/example_dags/example_sla_dag.py
[2025-12-21T06:59:53.928+0000] {processor.py:830} INFO - Processing file /home/airflow/.local/lib/python3.8/site-packages/airflow/example_dags/example_sla_dag.py for tasks to queue
[2025-12-21T06:59:53.930+0000] {logging_mixin.py:188} INFO - [2025-12-21T06:59:53.930+0000] {dagbag.py:540} INFO - Filling up the DagBag from /home/airflow/.local/lib/python3.8/site-packages/airflow/example_dags/example_sla_dag.py
[2025-12-21T06:59:53.940+0000] {processor.py:840} INFO - DAG(s) 'example_sla_dag' retrieved from /home/airflow/.local/lib/python3.8/site-packages/airflow/example_dags/example_sla_dag.py
[2025-12-21T06:59:53.966+0000] {logging_mixin.py:188} INFO - [2025-12-21T06:59:53.966+0000] {dag.py:3047} INFO - Sync 1 DAGs
[2025-12-21T06:59:53.997+0000] {logging_mixin.py:188} INFO - [2025-12-21T06:59:53.996+0000] {dag.py:3834} INFO - Setting next_dagrun for example_sla_dag to 2025-12-21 06:56:00+00:00, run_after=2025-12-21 06:58:00+00:00
[2025-12-21T06:59:54.020+0000] {processor.py:183} INFO - Processing /home/airflow/.local/lib/python3.8/site-packages/airflow/example_dags/example_sla_dag.py took 0.098 seconds
[2025-12-21T07:00:24.151+0000] {processor.py:161} INFO - Started process (PID=229) to work on /home/airflow/.local/lib/python3.8/site-packages/airflow/example_dags/example_sla_dag.py
[2025-12-21T07:00:24.153+0000] {processor.py:830} INFO - Processing file /home/airflow/.local/lib/python3.8/site-packages/airflow/example_dags/example_sla_dag.py for tasks to queue
[2025-12-21T07:00:24.155+0000] {logging_mixin.py:188} INFO - [2025-12-21T07:00:24.155+0000] {dagbag.py:540} INFO - Filling up the DagBag from /home/airflow/.local/lib/python3.8/site-packages/airflow/example_dags/example_sla_dag.py
[2025-12-21T07:00:24.166+0000] {processor.py:840} INFO - DAG(s) 'example_sla_dag' retrieved from /home/airflow/.local/lib/python3.8/site-packages/airflow/example_dags/example_sla_dag.py
[2025-12-21T07:00:24.193+0000] {logging_mixin.py:188} INFO - [2025-12-21T07:00:24.192+0000] {dag.py:3047} INFO - Sync 1 DAGs
[2025-12-21T07:00:24.219+0000] {logging_mixin.py:188} INFO - [2025-12-21T07:00:24.219+0000] {dag.py:3834} INFO - Setting next_dagrun for example_sla_dag to 2025-12-21 06:58:00+00:00, run_after=2025-12-21 07:00:00+00:00
[2025-12-21T07:00:24.244+0000] {processor.py:183} INFO - Processing /home/airflow/.local/lib/python3.8/site-packages/airflow/example_dags/example_sla_dag.py took 0.097 seconds
[2025-12-21T07:00:54.519+0000] {processor.py:161} INFO - Started process (PID=285) to work on /home/airflow/.local/lib/python3.8/site-packages/airflow/example_dags/example_sla_dag.py
[2025-12-21T07:00:54.521+0000] {processor.py:830} INFO - Processing file /home/airflow/.local/lib/python3.8/site-packages/airflow/example_dags/example_sla_dag.py for tasks to queue
[2025-12-21T07:00:54.523+0000] {logging_mixin.py:188} INFO - [2025-12-21T07:00:54.523+0000] {dagbag.py:540} INFO - Filling up the DagBag from /home/airflow/.local/lib/python3.8/site-packages/airflow/example_dags/example_sla_dag.py
[2025-12-21T07:00:54.533+0000] {processor.py:840} INFO - DAG(s) 'example_sla_dag' retrieved from /home/airflow/.local/lib/python3.8/site-packages/airflow/example_dags/example_sla_dag.py
[2025-12-21T07:00:54.558+0000] {logging_mixin.py:188} INFO - [2025-12-21T07:00:54.558+0000] {dag.py:3047} INFO - Sync 1 DAGs
[2025-12-21T07:00:54.584+0000] {logging_mixin.py:188} INFO - [2025-12-21T07:00:54.584+0000] {dag.py:3834} INFO - Setting next_dagrun for example_sla_dag to 2025-12-21 06:58:00+00:00, run_after=2025-12-21 07:00:00+00:00
[2025-12-21T07:00:54.605+0000] {processor.py:183} INFO - Processing /home/airflow/.local/lib/python3.8/site-packages/airflow/example_dags/example_sla_dag.py took 0.090 seconds
[2025-12-21T07:01:24.911+0000] {processor.py:161} INFO - Started process (PID=341) to work on /home/airflow/.local/lib/python3.8/site-packages/airflow/example_dags/example_sla_dag.py
[2025-12-21T07:01:24.913+0000] {processor.py:830} INFO - Processing file /home/airflow/.local/lib/python3.8/site-packages/airflow/example_dags/example_sla_dag.py for tasks to queue
[2025-12-21T07:01:24.916+0000] {logging_mixin.py:188} INFO - [2025-12-21T07:01:24.916+0000] {dagbag.py:540} INFO - Filling up the DagBag from /home/airflow/.local/lib/python3.8/site-packages/airflow/example_dags/example_sla_dag.py
[2025-12-21T07:01:24.928+0000] {processor.py:840} INFO - DAG(s) 'example_sla_dag' retrieved from /home/airflow/.local/lib/python3.8/site-packages/airflow/example_dags/example_sla_dag.py
[2025-12-21T07:01:24.953+0000] {logging_mixin.py:188} INFO - [2025-12-21T07:01:24.953+0000] {dag.py:3047} INFO - Sync 1 DAGs
[2025-12-21T07:01:24.987+0000] {logging_mixin.py:188} INFO - [2025-12-21T07:01:24.987+0000] {dag.py:3834} INFO - Setting next_dagrun for example_sla_dag to 2025-12-21 06:58:00+00:00, run_after=2025-12-21 07:00:00+00:00
[2025-12-21T07:01:25.020+0000] {processor.py:183} INFO - Processing /home/airflow/.local/lib/python3.8/site-packages/airflow/example_dags/example_sla_dag.py took 0.113 seconds
[2025-12-21T07:01:55.245+0000] {processor.py:161} INFO - Started process (PID=397) to work on /home/airflow/.local/lib/python3.8/site-packages/airflow/example_dags/example_sla_dag.py
[2025-12-21T07:01:55.246+0000] {processor.py:830} INFO - Processing file /home/airflow/.local/lib/python3.8/site-packages/airflow/example_dags/example_sla_dag.py for tasks to queue
[2025-12-21T07:01:55.249+0000] {logging_mixin.py:188} INFO - [2025-12-21T07:01:55.249+0000] {dagbag.py:540} INFO - Filling up the DagBag from /home/airflow/.local/lib/python3.8/site-packages/airflow/example_dags/example_sla_dag.py
[2025-12-21T07:01:55.258+0000] {processor.py:840} INFO - DAG(s) 'example_sla_dag' retrieved from /home/airflow/.local/lib/python3.8/site-packages/airflow/example_dags/example_sla_dag.py
[2025-12-21T07:01:55.293+0000] {logging_mixin.py:188} INFO - [2025-12-21T07:01:55.293+0000] {dag.py:3047} INFO - Sync 1 DAGs
[2025-12-21T07:01:55.325+0000] {logging_mixin.py:188} INFO - [2025-12-21T07:01:55.325+0000] {dag.py:3834} INFO - Setting next_dagrun for example_sla_dag to 2025-12-21 06:58:00+00:00, run_after=2025-12-21 07:00:00+00:00
[2025-12-21T07:01:55.351+0000] {processor.py:183} INFO - Processing /home/airflow/.local/lib/python3.8/site-packages/airflow/example_dags/example_sla_dag.py took 0.109 seconds
[2025-12-21T07:02:25.640+0000] {processor.py:161} INFO - Started process (PID=453) to work on /home/airflow/.local/lib/python3.8/site-packages/airflow/example_dags/example_sla_dag.py
[2025-12-21T07:02:25.642+0000] {processor.py:830} INFO - Processing file /home/airflow/.local/lib/python3.8/site-packages/airflow/example_dags/example_sla_dag.py for tasks to queue
[2025-12-21T07:02:25.644+0000] {logging_mixin.py:188} INFO - [2025-12-21T07:02:25.644+0000] {dagbag.py:540} INFO - Filling up the DagBag from /home/airflow/.local/lib/python3.8/site-packages/airflow/example_dags/example_sla_dag.py
[2025-12-21T07:02:25.654+0000] {processor.py:840} INFO - DAG(s) 'example_sla_dag' retrieved from /home/airflow/.local/lib/python3.8/site-packages/airflow/example_dags/example_sla_dag.py
[2025-12-21T07:02:25.681+0000] {logging_mixin.py:188} INFO - [2025-12-21T07:02:25.681+0000] {dag.py:3047} INFO - Sync 1 DAGs
[2025-12-21T07:02:25.708+0000] {logging_mixin.py:188} INFO - [2025-12-21T07:02:25.708+0000] {dag.py:3834} INFO - Setting next_dagrun for example_sla_dag to 2025-12-21 07:00:00+00:00, run_after=2025-12-21 07:02:00+00:00
[2025-12-21T07:02:25.731+0000] {processor.py:183} INFO - Processing /home/airflow/.local/lib/python3.8/site-packages/airflow/example_dags/example_sla_dag.py took 0.096 seconds
[2025-12-21T07:02:55.982+0000] {processor.py:161} INFO - Started process (PID=509) to work on /home/airflow/.local/lib/python3.8/site-packages/airflow/example_dags/example_sla_dag.py
[2025-12-21T07:02:55.984+0000] {processor.py:830} INFO - Processing file /home/airflow/.local/lib/python3.8/site-packages/airflow/example_dags/example_sla_dag.py for tasks to queue
[2025-12-21T07:02:55.987+0000] {logging_mixin.py:188} INFO - [2025-12-21T07:02:55.986+0000] {dagbag.py:540} INFO - Filling up the DagBag from /home/airflow/.local/lib/python3.8/site-packages/airflow/example_dags/example_sla_dag.py
[2025-12-21T07:02:56.000+0000] {processor.py:840} INFO - DAG(s) 'example_sla_dag' retrieved from /home/airflow/.local/lib/python3.8/site-packages/airflow/example_dags/example_sla_dag.py
[2025-12-21T07:02:56.032+0000] {logging_mixin.py:188} INFO - [2025-12-21T07:02:56.032+0000] {dag.py:3047} INFO - Sync 1 DAGs
[2025-12-21T07:02:56.068+0000] {logging_mixin.py:188} INFO - [2025-12-21T07:02:56.068+0000] {dag.py:3834} INFO - Setting next_dagrun for example_sla_dag to 2025-12-21 07:00:00+00:00, run_after=2025-12-21 07:02:00+00:00
[2025-12-21T07:02:56.096+0000] {processor.py:183} INFO - Processing /home/airflow/.local/lib/python3.8/site-packages/airflow/example_dags/example_sla_dag.py took 0.121 seconds
[2025-12-21T07:03:26.191+0000] {processor.py:161} INFO - Started process (PID=564) to work on /home/airflow/.local/lib/python3.8/site-packages/airflow/example_dags/example_sla_dag.py
[2025-12-21T07:03:26.193+0000] {processor.py:830} INFO - Processing file /home/airflow/.local/lib/python3.8/site-packages/airflow/example_dags/example_sla_dag.py for tasks to queue
[2025-12-21T07:03:26.196+0000] {logging_mixin.py:188} INFO - [2025-12-21T07:03:26.195+0000] {dagbag.py:540} INFO - Filling up the DagBag from /home/airflow/.local/lib/python3.8/site-packages/airflow/example_dags/example_sla_dag.py
[2025-12-21T07:03:26.206+0000] {processor.py:840} INFO - DAG(s) 'example_sla_dag' retrieved from /home/airflow/.local/lib/python3.8/site-packages/airflow/example_dags/example_sla_dag.py
[2025-12-21T07:03:26.230+0000] {logging_mixin.py:188} INFO - [2025-12-21T07:03:26.230+0000] {dag.py:3047} INFO - Sync 1 DAGs
[2025-12-21T07:03:26.256+0000] {logging_mixin.py:188} INFO - [2025-12-21T07:03:26.256+0000] {dag.py:3834} INFO - Setting next_dagrun for example_sla_dag to 2025-12-21 07:00:00+00:00, run_after=2025-12-21 07:02:00+00:00
[2025-12-21T07:03:26.276+0000] {processor.py:183} INFO - Processing /home/airflow/.local/lib/python3.8/site-packages/airflow/example_dags/example_sla_dag.py took 0.088 seconds
[2025-12-21T07:03:56.869+0000] {processor.py:161} INFO - Started process (PID=621) to work on /home/airflow/.local/lib/python3.8/site-packages/airflow/example_dags/example_sla_dag.py
[2025-12-21T07:03:56.870+0000] {processor.py:830} INFO - Processing file /home/airflow/.local/lib/python3.8/site-packages/airflow/example_dags/example_sla_dag.py for tasks to queue
[2025-12-21T07:03:56.873+0000] {logging_mixin.py:188} INFO - [2025-12-21T07:03:56.872+0000] {dagbag.py:540} INFO - Filling up the DagBag from /home/airflow/.local/lib/python3.8/site-packages/airflow/example_dags/example_sla_dag.py
[2025-12-21T07:03:56.883+0000] {processor.py:840} INFO - DAG(s) 'example_sla_dag' retrieved from /home/airflow/.local/lib/python3.8/site-packages/airflow/example_dags/example_sla_dag.py
[2025-12-21T07:03:56.905+0000] {logging_mixin.py:188} INFO - [2025-12-21T07:03:56.905+0000] {dag.py:3047} INFO - Sync 1 DAGs
[2025-12-21T07:03:56.933+0000] {logging_mixin.py:188} INFO - [2025-12-21T07:03:56.932+0000] {dag.py:3834} INFO - Setting next_dagrun for example_sla_dag to 2025-12-21 07:00:00+00:00, run_after=2025-12-21 07:02:00+00:00
[2025-12-21T07:03:56.955+0000] {processor.py:183} INFO - Processing /home/airflow/.local/lib/python3.8/site-packages/airflow/example_dags/example_sla_dag.py took 0.090 seconds
[2025-12-21T07:04:27.750+0000] {processor.py:161} INFO - Started process (PID=676) to work on /home/airflow/.local/lib/python3.8/site-packages/airflow/example_dags/example_sla_dag.py
[2025-12-21T07:04:27.752+0000] {processor.py:830} INFO - Processing file /home/airflow/.local/lib/python3.8/site-packages/airflow/example_dags/example_sla_dag.py for tasks to queue
[2025-12-21T07:04:27.755+0000] {logging_mixin.py:188} INFO - [2025-12-21T07:04:27.754+0000] {dagbag.py:540} INFO - Filling up the DagBag from /home/airflow/.local/lib/python3.8/site-packages/airflow/example_dags/example_sla_dag.py
[2025-12-21T07:04:27.766+0000] {processor.py:840} INFO - DAG(s) 'example_sla_dag' retrieved from /home/airflow/.local/lib/python3.8/site-packages/airflow/example_dags/example_sla_dag.py
[2025-12-21T07:04:27.797+0000] {logging_mixin.py:188} INFO - [2025-12-21T07:04:27.797+0000] {dag.py:3047} INFO - Sync 1 DAGs
[2025-12-21T07:04:27.835+0000] {logging_mixin.py:188} INFO - [2025-12-21T07:04:27.835+0000] {dag.py:3834} INFO - Setting next_dagrun for example_sla_dag to 2025-12-21 07:02:00+00:00, run_after=2025-12-21 07:04:00+00:00
[2025-12-21T07:04:27.868+0000] {processor.py:183} INFO - Processing /home/airflow/.local/lib/python3.8/site-packages/airflow/example_dags/example_sla_dag.py took 0.123 seconds
[2025-12-21T07:04:58.017+0000] {processor.py:161} INFO - Started process (PID=732) to work on /home/airflow/.local/lib/python3.8/site-packages/airflow/example_dags/example_sla_dag.py
[2025-12-21T07:04:58.019+0000] {processor.py:830} INFO - Processing file /home/airflow/.local/lib/python3.8/site-packages/airflow/example_dags/example_sla_dag.py for tasks to queue
[2025-12-21T07:04:58.022+0000] {logging_mixin.py:188} INFO - [2025-12-21T07:04:58.021+0000] {dagbag.py:540} INFO - Filling up the DagBag from /home/airflow/.local/lib/python3.8/site-packages/airflow/example_dags/example_sla_dag.py
[2025-12-21T07:04:58.032+0000] {processor.py:840} INFO - DAG(s) 'example_sla_dag' retrieved from /home/airflow/.local/lib/python3.8/site-packages/airflow/example_dags/example_sla_dag.py
[2025-12-21T07:04:58.060+0000] {logging_mixin.py:188} INFO - [2025-12-21T07:04:58.060+0000] {dag.py:3047} INFO - Sync 1 DAGs
[2025-12-21T07:04:58.090+0000] {logging_mixin.py:188} INFO - [2025-12-21T07:04:58.089+0000] {dag.py:3834} INFO - Setting next_dagrun for example_sla_dag to 2025-12-21 07:02:00+00:00, run_after=2025-12-21 07:04:00+00:00
[2025-12-21T07:04:58.116+0000] {processor.py:183} INFO - Processing /home/airflow/.local/lib/python3.8/site-packages/airflow/example_dags/example_sla_dag.py took 0.103 seconds
[2025-12-21T07:05:28.407+0000] {processor.py:161} INFO - Started process (PID=788) to work on /home/airflow/.local/lib/python3.8/site-packages/airflow/example_dags/example_sla_dag.py
[2025-12-21T07:05:28.409+0000] {processor.py:830} INFO - Processing file /home/airflow/.local/lib/python3.8/site-packages/airflow/example_dags/example_sla_dag.py for tasks to queue
[2025-12-21T07:05:28.411+0000] {logging_mixin.py:188} INFO - [2025-12-21T07:05:28.411+0000] {dagbag.py:540} INFO - Filling up the DagBag from /home/airflow/.local/lib/python3.8/site-packages/airflow/example_dags/example_sla_dag.py
[2025-12-21T07:05:28.421+0000] {processor.py:840} INFO - DAG(s) 'example_sla_dag' retrieved from /home/airflow/.local/lib/python3.8/site-packages/airflow/example_dags/example_sla_dag.py
[2025-12-21T07:05:28.449+0000] {logging_mixin.py:188} INFO - [2025-12-21T07:05:28.448+0000] {dag.py:3047} INFO - Sync 1 DAGs
[2025-12-21T07:05:28.485+0000] {logging_mixin.py:188} INFO - [2025-12-21T07:05:28.485+0000] {dag.py:3834} INFO - Setting next_dagrun for example_sla_dag to 2025-12-21 07:02:00+00:00, run_after=2025-12-21 07:04:00+00:00
[2025-12-21T07:05:28.525+0000] {processor.py:183} INFO - Processing /home/airflow/.local/lib/python3.8/site-packages/airflow/example_dags/example_sla_dag.py took 0.122 seconds
[2025-12-21T07:05:58.739+0000] {processor.py:161} INFO - Started process (PID=844) to work on /home/airflow/.local/lib/python3.8/site-packages/airflow/example_dags/example_sla_dag.py
[2025-12-21T07:05:58.742+0000] {processor.py:830} INFO - Processing file /home/airflow/.local/lib/python3.8/site-packages/airflow/example_dags/example_sla_dag.py for tasks to queue
[2025-12-21T07:05:58.745+0000] {logging_mixin.py:188} INFO - [2025-12-21T07:05:58.744+0000] {dagbag.py:540} INFO - Filling up the DagBag from /home/airflow/.local/lib/python3.8/site-packages/airflow/example_dags/example_sla_dag.py
[2025-12-21T07:05:58.756+0000] {processor.py:840} INFO - DAG(s) 'example_sla_dag' retrieved from /home/airflow/.local/lib/python3.8/site-packages/airflow/example_dags/example_sla_dag.py
[2025-12-21T07:05:58.784+0000] {logging_mixin.py:188} INFO - [2025-12-21T07:05:58.784+0000] {dag.py:3047} INFO - Sync 1 DAGs
[2025-12-21T07:05:58.813+0000] {logging_mixin.py:188} INFO - [2025-12-21T07:05:58.812+0000] {dag.py:3834} INFO - Setting next_dagrun for example_sla_dag to 2025-12-21 07:02:00+00:00, run_after=2025-12-21 07:04:00+00:00
[2025-12-21T07:05:58.838+0000] {processor.py:183} INFO - Processing /home/airflow/.local/lib/python3.8/site-packages/airflow/example_dags/example_sla_dag.py took 0.103 seconds
[2025-12-21T07:06:29.134+0000] {processor.py:161} INFO - Started process (PID=900) to work on /home/airflow/.local/lib/python3.8/site-packages/airflow/example_dags/example_sla_dag.py
[2025-12-21T07:06:29.135+0000] {processor.py:830} INFO - Processing file /home/airflow/.local/lib/python3.8/site-packages/airflow/example_dags/example_sla_dag.py for tasks to queue
[2025-12-21T07:06:29.138+0000] {logging_mixin.py:188} INFO - [2025-12-21T07:06:29.138+0000] {dagbag.py:540} INFO - Filling up the DagBag from /home/airflow/.local/lib/python3.8/site-packages/airflow/example_dags/example_sla_dag.py
[2025-12-21T07:06:29.148+0000] {processor.py:840} INFO - DAG(s) 'example_sla_dag' retrieved from /home/airflow/.local/lib/python3.8/site-packages/airflow/example_dags/example_sla_dag.py
[2025-12-21T07:06:29.176+0000] {logging_mixin.py:188} INFO - [2025-12-21T07:06:29.175+0000] {dag.py:3047} INFO - Sync 1 DAGs
[2025-12-21T07:06:29.208+0000] {logging_mixin.py:188} INFO - [2025-12-21T07:06:29.207+0000] {dag.py:3834} INFO - Setting next_dagrun for example_sla_dag to 2025-12-21 07:04:00+00:00, run_after=2025-12-21 07:06:00+00:00
[2025-12-21T07:06:29.234+0000] {processor.py:183} INFO - Processing /home/airflow/.local/lib/python3.8/site-packages/airflow/example_dags/example_sla_dag.py took 0.105 seconds
[2025-12-21T07:06:59.422+0000] {processor.py:161} INFO - Started process (PID=956) to work on /home/airflow/.local/lib/python3.8/site-packages/airflow/example_dags/example_sla_dag.py
[2025-12-21T07:06:59.424+0000] {processor.py:830} INFO - Processing file /home/airflow/.local/lib/python3.8/site-packages/airflow/example_dags/example_sla_dag.py for tasks to queue
[2025-12-21T07:06:59.426+0000] {logging_mixin.py:188} INFO - [2025-12-21T07:06:59.426+0000] {dagbag.py:540} INFO - Filling up the DagBag from /home/airflow/.local/lib/python3.8/site-packages/airflow/example_dags/example_sla_dag.py
[2025-12-21T07:06:59.435+0000] {processor.py:840} INFO - DAG(s) 'example_sla_dag' retrieved from /home/airflow/.local/lib/python3.8/site-packages/airflow/example_dags/example_sla_dag.py
[2025-12-21T07:06:59.459+0000] {logging_mixin.py:188} INFO - [2025-12-21T07:06:59.459+0000] {dag.py:3047} INFO - Sync 1 DAGs
[2025-12-21T07:06:59.484+0000] {logging_mixin.py:188} INFO - [2025-12-21T07:06:59.484+0000] {dag.py:3834} INFO - Setting next_dagrun for example_sla_dag to 2025-12-21 07:04:00+00:00, run_after=2025-12-21 07:06:00+00:00
[2025-12-21T07:06:59.504+0000] {processor.py:183} INFO - Processing /home/airflow/.local/lib/python3.8/site-packages/airflow/example_dags/example_sla_dag.py took 0.085 seconds
[2025-12-21T07:07:29.956+0000] {processor.py:161} INFO - Started process (PID=1012) to work on /home/airflow/.local/lib/python3.8/site-packages/airflow/example_dags/example_sla_dag.py
[2025-12-21T07:07:29.958+0000] {processor.py:830} INFO - Processing file /home/airflow/.local/lib/python3.8/site-packages/airflow/example_dags/example_sla_dag.py for tasks to queue
[2025-12-21T07:07:29.961+0000] {logging_mixin.py:188} INFO - [2025-12-21T07:07:29.961+0000] {dagbag.py:540} INFO - Filling up the DagBag from /home/airflow/.local/lib/python3.8/site-packages/airflow/example_dags/example_sla_dag.py
[2025-12-21T07:07:29.974+0000] {processor.py:840} INFO - DAG(s) 'example_sla_dag' retrieved from /home/airflow/.local/lib/python3.8/site-packages/airflow/example_dags/example_sla_dag.py
[2025-12-21T07:07:30.003+0000] {logging_mixin.py:188} INFO - [2025-12-21T07:07:30.003+0000] {dag.py:3047} INFO - Sync 1 DAGs
[2025-12-21T07:07:30.039+0000] {logging_mixin.py:188} INFO - [2025-12-21T07:07:30.038+0000] {dag.py:3834} INFO - Setting next_dagrun for example_sla_dag to 2025-12-21 07:04:00+00:00, run_after=2025-12-21 07:06:00+00:00
[2025-12-21T07:07:30.065+0000] {processor.py:183} INFO - Processing /home/airflow/.local/lib/python3.8/site-packages/airflow/example_dags/example_sla_dag.py took 0.116 seconds
[2025-12-21T07:08:00.710+0000] {processor.py:161} INFO - Started process (PID=1069) to work on /home/airflow/.local/lib/python3.8/site-packages/airflow/example_dags/example_sla_dag.py
[2025-12-21T07:08:00.712+0000] {processor.py:830} INFO - Processing file /home/airflow/.local/lib/python3.8/site-packages/airflow/example_dags/example_sla_dag.py for tasks to queue
[2025-12-21T07:08:00.714+0000] {logging_mixin.py:188} INFO - [2025-12-21T07:08:00.714+0000] {dagbag.py:540} INFO - Filling up the DagBag from /home/airflow/.local/lib/python3.8/site-packages/airflow/example_dags/example_sla_dag.py
[2025-12-21T07:08:00.725+0000] {processor.py:840} INFO - DAG(s) 'example_sla_dag' retrieved from /home/airflow/.local/lib/python3.8/site-packages/airflow/example_dags/example_sla_dag.py
[2025-12-21T07:08:00.749+0000] {logging_mixin.py:188} INFO - [2025-12-21T07:08:00.749+0000] {dag.py:3047} INFO - Sync 1 DAGs
[2025-12-21T07:08:00.779+0000] {logging_mixin.py:188} INFO - [2025-12-21T07:08:00.778+0000] {dag.py:3834} INFO - Setting next_dagrun for example_sla_dag to 2025-12-21 07:06:00+00:00, run_after=2025-12-21 07:08:00+00:00
[2025-12-21T07:08:00.804+0000] {processor.py:183} INFO - Processing /home/airflow/.local/lib/python3.8/site-packages/airflow/example_dags/example_sla_dag.py took 0.098 seconds
[2025-12-21T07:08:30.872+0000] {processor.py:161} INFO - Started process (PID=1124) to work on /home/airflow/.local/lib/python3.8/site-packages/airflow/example_dags/example_sla_dag.py
[2025-12-21T07:08:30.873+0000] {processor.py:830} INFO - Processing file /home/airflow/.local/lib/python3.8/site-packages/airflow/example_dags/example_sla_dag.py for tasks to queue
[2025-12-21T07:08:30.875+0000] {logging_mixin.py:188} INFO - [2025-12-21T07:08:30.874+0000] {dagbag.py:540} INFO - Filling up the DagBag from /home/airflow/.local/lib/python3.8/site-packages/airflow/example_dags/example_sla_dag.py
[2025-12-21T07:08:30.884+0000] {processor.py:840} INFO - DAG(s) 'example_sla_dag' retrieved from /home/airflow/.local/lib/python3.8/site-packages/airflow/example_dags/example_sla_dag.py
[2025-12-21T07:08:30.907+0000] {logging_mixin.py:188} INFO - [2025-12-21T07:08:30.907+0000] {dag.py:3047} INFO - Sync 1 DAGs
[2025-12-21T07:08:30.935+0000] {logging_mixin.py:188} INFO - [2025-12-21T07:08:30.934+0000] {dag.py:3834} INFO - Setting next_dagrun for example_sla_dag to 2025-12-21 07:06:00+00:00, run_after=2025-12-21 07:08:00+00:00
[2025-12-21T07:08:30.958+0000] {processor.py:183} INFO - Processing /home/airflow/.local/lib/python3.8/site-packages/airflow/example_dags/example_sla_dag.py took 0.090 seconds
[2025-12-21T07:11:42.654+0000] {processor.py:161} INFO - Started process (PID=67) to work on /home/airflow/.local/lib/python3.8/site-packages/airflow/example_dags/example_sla_dag.py
[2025-12-21T07:11:42.656+0000] {processor.py:830} INFO - Processing file /home/airflow/.local/lib/python3.8/site-packages/airflow/example_dags/example_sla_dag.py for tasks to queue
[2025-12-21T07:11:42.658+0000] {logging_mixin.py:188} INFO - [2025-12-21T07:11:42.658+0000] {dagbag.py:540} INFO - Filling up the DagBag from /home/airflow/.local/lib/python3.8/site-packages/airflow/example_dags/example_sla_dag.py
[2025-12-21T07:11:42.671+0000] {processor.py:840} INFO - DAG(s) 'example_sla_dag' retrieved from /home/airflow/.local/lib/python3.8/site-packages/airflow/example_dags/example_sla_dag.py
[2025-12-21T07:11:42.693+0000] {logging_mixin.py:188} INFO - [2025-12-21T07:11:42.692+0000] {dag.py:3047} INFO - Sync 1 DAGs
[2025-12-21T07:11:42.753+0000] {logging_mixin.py:188} INFO - [2025-12-21T07:11:42.752+0000] {dag.py:3834} INFO - Setting next_dagrun for example_sla_dag to 2025-12-21 07:08:00+00:00, run_after=2025-12-21 07:10:00+00:00
[2025-12-21T07:11:42.799+0000] {processor.py:183} INFO - Processing /home/airflow/.local/lib/python3.8/site-packages/airflow/example_dags/example_sla_dag.py took 0.150 seconds
[2025-12-21T07:12:14.328+0000] {processor.py:161} INFO - Started process (PID=128) to work on /home/airflow/.local/lib/python3.8/site-packages/airflow/example_dags/example_sla_dag.py
[2025-12-21T07:12:14.329+0000] {processor.py:830} INFO - Processing file /home/airflow/.local/lib/python3.8/site-packages/airflow/example_dags/example_sla_dag.py for tasks to queue
[2025-12-21T07:12:14.332+0000] {logging_mixin.py:188} INFO - [2025-12-21T07:12:14.331+0000] {dagbag.py:540} INFO - Filling up the DagBag from /home/airflow/.local/lib/python3.8/site-packages/airflow/example_dags/example_sla_dag.py
[2025-12-21T07:12:14.342+0000] {processor.py:840} INFO - DAG(s) 'example_sla_dag' retrieved from /home/airflow/.local/lib/python3.8/site-packages/airflow/example_dags/example_sla_dag.py
[2025-12-21T07:12:14.434+0000] {logging_mixin.py:188} INFO - [2025-12-21T07:12:14.434+0000] {dag.py:3047} INFO - Sync 1 DAGs
[2025-12-21T07:12:14.456+0000] {logging_mixin.py:188} INFO - [2025-12-21T07:12:14.455+0000] {dag.py:3834} INFO - Setting next_dagrun for example_sla_dag to 2025-12-21 07:10:00+00:00, run_after=2025-12-21 07:12:00+00:00
[2025-12-21T07:12:14.476+0000] {processor.py:183} INFO - Processing /home/airflow/.local/lib/python3.8/site-packages/airflow/example_dags/example_sla_dag.py took 0.152 seconds
[2025-12-21T07:12:44.863+0000] {processor.py:161} INFO - Started process (PID=184) to work on /home/airflow/.local/lib/python3.8/site-packages/airflow/example_dags/example_sla_dag.py
[2025-12-21T07:12:44.865+0000] {processor.py:830} INFO - Processing file /home/airflow/.local/lib/python3.8/site-packages/airflow/example_dags/example_sla_dag.py for tasks to queue
[2025-12-21T07:12:44.868+0000] {logging_mixin.py:188} INFO - [2025-12-21T07:12:44.867+0000] {dagbag.py:540} INFO - Filling up the DagBag from /home/airflow/.local/lib/python3.8/site-packages/airflow/example_dags/example_sla_dag.py
[2025-12-21T07:12:44.878+0000] {processor.py:840} INFO - DAG(s) 'example_sla_dag' retrieved from /home/airflow/.local/lib/python3.8/site-packages/airflow/example_dags/example_sla_dag.py
[2025-12-21T07:12:44.902+0000] {logging_mixin.py:188} INFO - [2025-12-21T07:12:44.902+0000] {dag.py:3047} INFO - Sync 1 DAGs
[2025-12-21T07:12:44.931+0000] {logging_mixin.py:188} INFO - [2025-12-21T07:12:44.930+0000] {dag.py:3834} INFO - Setting next_dagrun for example_sla_dag to 2025-12-21 07:10:00+00:00, run_after=2025-12-21 07:12:00+00:00
[2025-12-21T07:12:44.957+0000] {processor.py:183} INFO - Processing /home/airflow/.local/lib/python3.8/site-packages/airflow/example_dags/example_sla_dag.py took 0.097 seconds
[2025-12-21T07:13:15.644+0000] {processor.py:161} INFO - Started process (PID=240) to work on /home/airflow/.local/lib/python3.8/site-packages/airflow/example_dags/example_sla_dag.py
[2025-12-21T07:13:15.645+0000] {processor.py:830} INFO - Processing file /home/airflow/.local/lib/python3.8/site-packages/airflow/example_dags/example_sla_dag.py for tasks to queue
[2025-12-21T07:13:15.648+0000] {logging_mixin.py:188} INFO - [2025-12-21T07:13:15.648+0000] {dagbag.py:540} INFO - Filling up the DagBag from /home/airflow/.local/lib/python3.8/site-packages/airflow/example_dags/example_sla_dag.py
[2025-12-21T07:13:15.662+0000] {processor.py:840} INFO - DAG(s) 'example_sla_dag' retrieved from /home/airflow/.local/lib/python3.8/site-packages/airflow/example_dags/example_sla_dag.py
[2025-12-21T07:13:15.694+0000] {logging_mixin.py:188} INFO - [2025-12-21T07:13:15.694+0000] {dag.py:3047} INFO - Sync 1 DAGs
[2025-12-21T07:13:15.737+0000] {logging_mixin.py:188} INFO - [2025-12-21T07:13:15.737+0000] {dag.py:3834} INFO - Setting next_dagrun for example_sla_dag to 2025-12-21 07:10:00+00:00, run_after=2025-12-21 07:12:00+00:00
[2025-12-21T07:13:15.773+0000] {processor.py:183} INFO - Processing /home/airflow/.local/lib/python3.8/site-packages/airflow/example_dags/example_sla_dag.py took 0.136 seconds
[2025-12-21T07:13:46.652+0000] {processor.py:161} INFO - Started process (PID=296) to work on /home/airflow/.local/lib/python3.8/site-packages/airflow/example_dags/example_sla_dag.py
[2025-12-21T07:13:46.654+0000] {processor.py:830} INFO - Processing file /home/airflow/.local/lib/python3.8/site-packages/airflow/example_dags/example_sla_dag.py for tasks to queue
[2025-12-21T07:13:46.657+0000] {logging_mixin.py:188} INFO - [2025-12-21T07:13:46.656+0000] {dagbag.py:540} INFO - Filling up the DagBag from /home/airflow/.local/lib/python3.8/site-packages/airflow/example_dags/example_sla_dag.py
[2025-12-21T07:13:46.671+0000] {processor.py:840} INFO - DAG(s) 'example_sla_dag' retrieved from /home/airflow/.local/lib/python3.8/site-packages/airflow/example_dags/example_sla_dag.py
[2025-12-21T07:13:46.704+0000] {logging_mixin.py:188} INFO - [2025-12-21T07:13:46.703+0000] {dag.py:3047} INFO - Sync 1 DAGs
[2025-12-21T07:13:46.736+0000] {logging_mixin.py:188} INFO - [2025-12-21T07:13:46.735+0000] {dag.py:3834} INFO - Setting next_dagrun for example_sla_dag to 2025-12-21 07:10:00+00:00, run_after=2025-12-21 07:12:00+00:00
[2025-12-21T07:13:46.763+0000] {processor.py:183} INFO - Processing /home/airflow/.local/lib/python3.8/site-packages/airflow/example_dags/example_sla_dag.py took 0.116 seconds
[2025-12-21T07:14:17.321+0000] {processor.py:161} INFO - Started process (PID=352) to work on /home/airflow/.local/lib/python3.8/site-packages/airflow/example_dags/example_sla_dag.py
[2025-12-21T07:14:17.322+0000] {processor.py:830} INFO - Processing file /home/airflow/.local/lib/python3.8/site-packages/airflow/example_dags/example_sla_dag.py for tasks to queue
[2025-12-21T07:14:17.325+0000] {logging_mixin.py:188} INFO - [2025-12-21T07:14:17.324+0000] {dagbag.py:540} INFO - Filling up the DagBag from /home/airflow/.local/lib/python3.8/site-packages/airflow/example_dags/example_sla_dag.py
[2025-12-21T07:14:17.336+0000] {processor.py:840} INFO - DAG(s) 'example_sla_dag' retrieved from /home/airflow/.local/lib/python3.8/site-packages/airflow/example_dags/example_sla_dag.py
[2025-12-21T07:14:17.360+0000] {logging_mixin.py:188} INFO - [2025-12-21T07:14:17.360+0000] {dag.py:3047} INFO - Sync 1 DAGs
[2025-12-21T07:14:17.385+0000] {logging_mixin.py:188} INFO - [2025-12-21T07:14:17.385+0000] {dag.py:3834} INFO - Setting next_dagrun for example_sla_dag to 2025-12-21 07:12:00+00:00, run_after=2025-12-21 07:14:00+00:00
[2025-12-21T07:14:17.409+0000] {processor.py:183} INFO - Processing /home/airflow/.local/lib/python3.8/site-packages/airflow/example_dags/example_sla_dag.py took 0.093 seconds
[2025-12-21T07:14:48.076+0000] {processor.py:161} INFO - Started process (PID=408) to work on /home/airflow/.local/lib/python3.8/site-packages/airflow/example_dags/example_sla_dag.py
[2025-12-21T07:14:48.078+0000] {processor.py:830} INFO - Processing file /home/airflow/.local/lib/python3.8/site-packages/airflow/example_dags/example_sla_dag.py for tasks to queue
[2025-12-21T07:14:48.081+0000] {logging_mixin.py:188} INFO - [2025-12-21T07:14:48.080+0000] {dagbag.py:540} INFO - Filling up the DagBag from /home/airflow/.local/lib/python3.8/site-packages/airflow/example_dags/example_sla_dag.py
[2025-12-21T07:14:48.094+0000] {processor.py:840} INFO - DAG(s) 'example_sla_dag' retrieved from /home/airflow/.local/lib/python3.8/site-packages/airflow/example_dags/example_sla_dag.py
[2025-12-21T07:14:48.127+0000] {logging_mixin.py:188} INFO - [2025-12-21T07:14:48.126+0000] {dag.py:3047} INFO - Sync 1 DAGs
[2025-12-21T07:14:48.161+0000] {logging_mixin.py:188} INFO - [2025-12-21T07:14:48.160+0000] {dag.py:3834} INFO - Setting next_dagrun for example_sla_dag to 2025-12-21 07:12:00+00:00, run_after=2025-12-21 07:14:00+00:00
[2025-12-21T07:14:48.189+0000] {processor.py:183} INFO - Processing /home/airflow/.local/lib/python3.8/site-packages/airflow/example_dags/example_sla_dag.py took 0.118 seconds
[2025-12-21T07:15:18.363+0000] {processor.py:161} INFO - Started process (PID=464) to work on /home/airflow/.local/lib/python3.8/site-packages/airflow/example_dags/example_sla_dag.py
[2025-12-21T07:15:18.365+0000] {processor.py:830} INFO - Processing file /home/airflow/.local/lib/python3.8/site-packages/airflow/example_dags/example_sla_dag.py for tasks to queue
[2025-12-21T07:15:18.368+0000] {logging_mixin.py:188} INFO - [2025-12-21T07:15:18.367+0000] {dagbag.py:540} INFO - Filling up the DagBag from /home/airflow/.local/lib/python3.8/site-packages/airflow/example_dags/example_sla_dag.py
[2025-12-21T07:15:18.384+0000] {processor.py:840} INFO - DAG(s) 'example_sla_dag' retrieved from /home/airflow/.local/lib/python3.8/site-packages/airflow/example_dags/example_sla_dag.py
[2025-12-21T07:15:18.418+0000] {logging_mixin.py:188} INFO - [2025-12-21T07:15:18.418+0000] {dag.py:3047} INFO - Sync 1 DAGs
[2025-12-21T07:15:18.455+0000] {logging_mixin.py:188} INFO - [2025-12-21T07:15:18.455+0000] {dag.py:3834} INFO - Setting next_dagrun for example_sla_dag to 2025-12-21 07:12:00+00:00, run_after=2025-12-21 07:14:00+00:00
[2025-12-21T07:15:18.486+0000] {processor.py:183} INFO - Processing /home/airflow/.local/lib/python3.8/site-packages/airflow/example_dags/example_sla_dag.py took 0.129 seconds
[2025-12-21T07:15:48.695+0000] {processor.py:161} INFO - Started process (PID=520) to work on /home/airflow/.local/lib/python3.8/site-packages/airflow/example_dags/example_sla_dag.py
[2025-12-21T07:15:48.696+0000] {processor.py:830} INFO - Processing file /home/airflow/.local/lib/python3.8/site-packages/airflow/example_dags/example_sla_dag.py for tasks to queue
[2025-12-21T07:15:48.698+0000] {logging_mixin.py:188} INFO - [2025-12-21T07:15:48.698+0000] {dagbag.py:540} INFO - Filling up the DagBag from /home/airflow/.local/lib/python3.8/site-packages/airflow/example_dags/example_sla_dag.py
[2025-12-21T07:15:48.709+0000] {processor.py:840} INFO - DAG(s) 'example_sla_dag' retrieved from /home/airflow/.local/lib/python3.8/site-packages/airflow/example_dags/example_sla_dag.py
[2025-12-21T07:15:48.735+0000] {logging_mixin.py:188} INFO - [2025-12-21T07:15:48.735+0000] {dag.py:3047} INFO - Sync 1 DAGs
[2025-12-21T07:15:48.764+0000] {logging_mixin.py:188} INFO - [2025-12-21T07:15:48.764+0000] {dag.py:3834} INFO - Setting next_dagrun for example_sla_dag to 2025-12-21 07:12:00+00:00, run_after=2025-12-21 07:14:00+00:00
[2025-12-21T07:15:48.791+0000] {processor.py:183} INFO - Processing /home/airflow/.local/lib/python3.8/site-packages/airflow/example_dags/example_sla_dag.py took 0.100 seconds
[2025-12-21T07:16:19.642+0000] {processor.py:161} INFO - Started process (PID=576) to work on /home/airflow/.local/lib/python3.8/site-packages/airflow/example_dags/example_sla_dag.py
[2025-12-21T07:16:19.644+0000] {processor.py:830} INFO - Processing file /home/airflow/.local/lib/python3.8/site-packages/airflow/example_dags/example_sla_dag.py for tasks to queue
[2025-12-21T07:16:19.648+0000] {logging_mixin.py:188} INFO - [2025-12-21T07:16:19.647+0000] {dagbag.py:540} INFO - Filling up the DagBag from /home/airflow/.local/lib/python3.8/site-packages/airflow/example_dags/example_sla_dag.py
[2025-12-21T07:16:19.662+0000] {processor.py:840} INFO - DAG(s) 'example_sla_dag' retrieved from /home/airflow/.local/lib/python3.8/site-packages/airflow/example_dags/example_sla_dag.py
[2025-12-21T07:16:19.698+0000] {logging_mixin.py:188} INFO - [2025-12-21T07:16:19.698+0000] {dag.py:3047} INFO - Sync 1 DAGs
[2025-12-21T07:16:19.731+0000] {logging_mixin.py:188} INFO - [2025-12-21T07:16:19.730+0000] {dag.py:3834} INFO - Setting next_dagrun for example_sla_dag to 2025-12-21 07:14:00+00:00, run_after=2025-12-21 07:16:00+00:00
[2025-12-21T07:16:19.759+0000] {processor.py:183} INFO - Processing /home/airflow/.local/lib/python3.8/site-packages/airflow/example_dags/example_sla_dag.py took 0.123 seconds
[2025-12-21T07:16:50.468+0000] {processor.py:161} INFO - Started process (PID=632) to work on /home/airflow/.local/lib/python3.8/site-packages/airflow/example_dags/example_sla_dag.py
[2025-12-21T07:16:50.470+0000] {processor.py:830} INFO - Processing file /home/airflow/.local/lib/python3.8/site-packages/airflow/example_dags/example_sla_dag.py for tasks to queue
[2025-12-21T07:16:50.472+0000] {logging_mixin.py:188} INFO - [2025-12-21T07:16:50.472+0000] {dagbag.py:540} INFO - Filling up the DagBag from /home/airflow/.local/lib/python3.8/site-packages/airflow/example_dags/example_sla_dag.py
[2025-12-21T07:16:50.482+0000] {processor.py:840} INFO - DAG(s) 'example_sla_dag' retrieved from /home/airflow/.local/lib/python3.8/site-packages/airflow/example_dags/example_sla_dag.py
[2025-12-21T07:16:50.505+0000] {logging_mixin.py:188} INFO - [2025-12-21T07:16:50.505+0000] {dag.py:3047} INFO - Sync 1 DAGs
[2025-12-21T07:16:50.529+0000] {logging_mixin.py:188} INFO - [2025-12-21T07:16:50.529+0000] {dag.py:3834} INFO - Setting next_dagrun for example_sla_dag to 2025-12-21 07:14:00+00:00, run_after=2025-12-21 07:16:00+00:00
[2025-12-21T07:16:50.551+0000] {processor.py:183} INFO - Processing /home/airflow/.local/lib/python3.8/site-packages/airflow/example_dags/example_sla_dag.py took 0.086 seconds
[2025-12-21T07:17:20.777+0000] {processor.py:161} INFO - Started process (PID=688) to work on /home/airflow/.local/lib/python3.8/site-packages/airflow/example_dags/example_sla_dag.py
[2025-12-21T07:17:20.778+0000] {processor.py:830} INFO - Processing file /home/airflow/.local/lib/python3.8/site-packages/airflow/example_dags/example_sla_dag.py for tasks to queue
[2025-12-21T07:17:20.781+0000] {logging_mixin.py:188} INFO - [2025-12-21T07:17:20.781+0000] {dagbag.py:540} INFO - Filling up the DagBag from /home/airflow/.local/lib/python3.8/site-packages/airflow/example_dags/example_sla_dag.py
[2025-12-21T07:17:20.791+0000] {processor.py:840} INFO - DAG(s) 'example_sla_dag' retrieved from /home/airflow/.local/lib/python3.8/site-packages/airflow/example_dags/example_sla_dag.py
[2025-12-21T07:17:20.812+0000] {logging_mixin.py:188} INFO - [2025-12-21T07:17:20.812+0000] {dag.py:3047} INFO - Sync 1 DAGs
[2025-12-21T07:17:20.837+0000] {logging_mixin.py:188} INFO - [2025-12-21T07:17:20.837+0000] {dag.py:3834} INFO - Setting next_dagrun for example_sla_dag to 2025-12-21 07:14:00+00:00, run_after=2025-12-21 07:16:00+00:00
[2025-12-21T07:17:20.861+0000] {processor.py:183} INFO - Processing /home/airflow/.local/lib/python3.8/site-packages/airflow/example_dags/example_sla_dag.py took 0.088 seconds
[2025-12-21T07:17:51.048+0000] {processor.py:161} INFO - Started process (PID=745) to work on /home/airflow/.local/lib/python3.8/site-packages/airflow/example_dags/example_sla_dag.py
[2025-12-21T07:17:51.050+0000] {processor.py:830} INFO - Processing file /home/airflow/.local/lib/python3.8/site-packages/airflow/example_dags/example_sla_dag.py for tasks to queue
[2025-12-21T07:17:51.054+0000] {logging_mixin.py:188} INFO - [2025-12-21T07:17:51.054+0000] {dagbag.py:540} INFO - Filling up the DagBag from /home/airflow/.local/lib/python3.8/site-packages/airflow/example_dags/example_sla_dag.py
[2025-12-21T07:17:51.063+0000] {processor.py:840} INFO - DAG(s) 'example_sla_dag' retrieved from /home/airflow/.local/lib/python3.8/site-packages/airflow/example_dags/example_sla_dag.py
[2025-12-21T07:17:51.088+0000] {logging_mixin.py:188} INFO - [2025-12-21T07:17:51.087+0000] {dag.py:3047} INFO - Sync 1 DAGs
[2025-12-21T07:17:51.112+0000] {logging_mixin.py:188} INFO - [2025-12-21T07:17:51.112+0000] {dag.py:3834} INFO - Setting next_dagrun for example_sla_dag to 2025-12-21 07:14:00+00:00, run_after=2025-12-21 07:16:00+00:00
[2025-12-21T07:17:51.132+0000] {processor.py:183} INFO - Processing /home/airflow/.local/lib/python3.8/site-packages/airflow/example_dags/example_sla_dag.py took 0.088 seconds
[2025-12-21T07:18:21.844+0000] {processor.py:161} INFO - Started process (PID=801) to work on /home/airflow/.local/lib/python3.8/site-packages/airflow/example_dags/example_sla_dag.py
[2025-12-21T07:18:21.846+0000] {processor.py:830} INFO - Processing file /home/airflow/.local/lib/python3.8/site-packages/airflow/example_dags/example_sla_dag.py for tasks to queue
[2025-12-21T07:18:21.849+0000] {logging_mixin.py:188} INFO - [2025-12-21T07:18:21.848+0000] {dagbag.py:540} INFO - Filling up the DagBag from /home/airflow/.local/lib/python3.8/site-packages/airflow/example_dags/example_sla_dag.py
[2025-12-21T07:18:21.860+0000] {processor.py:840} INFO - DAG(s) 'example_sla_dag' retrieved from /home/airflow/.local/lib/python3.8/site-packages/airflow/example_dags/example_sla_dag.py
[2025-12-21T07:18:21.887+0000] {logging_mixin.py:188} INFO - [2025-12-21T07:18:21.887+0000] {dag.py:3047} INFO - Sync 1 DAGs
[2025-12-21T07:18:21.916+0000] {logging_mixin.py:188} INFO - [2025-12-21T07:18:21.915+0000] {dag.py:3834} INFO - Setting next_dagrun for example_sla_dag to 2025-12-21 07:16:00+00:00, run_after=2025-12-21 07:18:00+00:00
[2025-12-21T07:18:21.941+0000] {processor.py:183} INFO - Processing /home/airflow/.local/lib/python3.8/site-packages/airflow/example_dags/example_sla_dag.py took 0.102 seconds
[2025-12-21T07:18:52.807+0000] {processor.py:161} INFO - Started process (PID=857) to work on /home/airflow/.local/lib/python3.8/site-packages/airflow/example_dags/example_sla_dag.py
[2025-12-21T07:18:52.808+0000] {processor.py:830} INFO - Processing file /home/airflow/.local/lib/python3.8/site-packages/airflow/example_dags/example_sla_dag.py for tasks to queue
[2025-12-21T07:18:52.811+0000] {logging_mixin.py:188} INFO - [2025-12-21T07:18:52.810+0000] {dagbag.py:540} INFO - Filling up the DagBag from /home/airflow/.local/lib/python3.8/site-packages/airflow/example_dags/example_sla_dag.py
[2025-12-21T07:18:52.819+0000] {processor.py:840} INFO - DAG(s) 'example_sla_dag' retrieved from /home/airflow/.local/lib/python3.8/site-packages/airflow/example_dags/example_sla_dag.py
[2025-12-21T07:18:52.842+0000] {logging_mixin.py:188} INFO - [2025-12-21T07:18:52.842+0000] {dag.py:3047} INFO - Sync 1 DAGs
[2025-12-21T07:18:52.868+0000] {logging_mixin.py:188} INFO - [2025-12-21T07:18:52.868+0000] {dag.py:3834} INFO - Setting next_dagrun for example_sla_dag to 2025-12-21 07:16:00+00:00, run_after=2025-12-21 07:18:00+00:00
[2025-12-21T07:18:52.886+0000] {processor.py:183} INFO - Processing /home/airflow/.local/lib/python3.8/site-packages/airflow/example_dags/example_sla_dag.py took 0.083 seconds
[2025-12-21T07:19:24.133+0000] {processor.py:161} INFO - Started process (PID=913) to work on /home/airflow/.local/lib/python3.8/site-packages/airflow/example_dags/example_sla_dag.py
[2025-12-21T07:19:24.138+0000] {processor.py:830} INFO - Processing file /home/airflow/.local/lib/python3.8/site-packages/airflow/example_dags/example_sla_dag.py for tasks to queue
[2025-12-21T07:19:24.146+0000] {logging_mixin.py:188} INFO - [2025-12-21T07:19:24.145+0000] {dagbag.py:540} INFO - Filling up the DagBag from /home/airflow/.local/lib/python3.8/site-packages/airflow/example_dags/example_sla_dag.py
[2025-12-21T07:19:24.169+0000] {processor.py:840} INFO - DAG(s) 'example_sla_dag' retrieved from /home/airflow/.local/lib/python3.8/site-packages/airflow/example_dags/example_sla_dag.py
[2025-12-21T07:19:24.213+0000] {logging_mixin.py:188} INFO - [2025-12-21T07:19:24.212+0000] {dag.py:3047} INFO - Sync 1 DAGs
[2025-12-21T07:19:24.246+0000] {logging_mixin.py:188} INFO - [2025-12-21T07:19:24.246+0000] {dag.py:3834} INFO - Setting next_dagrun for example_sla_dag to 2025-12-21 07:16:00+00:00, run_after=2025-12-21 07:18:00+00:00
[2025-12-21T07:19:24.273+0000] {processor.py:183} INFO - Processing /home/airflow/.local/lib/python3.8/site-packages/airflow/example_dags/example_sla_dag.py took 0.146 seconds
[2025-12-21T07:19:55.071+0000] {processor.py:161} INFO - Started process (PID=970) to work on /home/airflow/.local/lib/python3.8/site-packages/airflow/example_dags/example_sla_dag.py
[2025-12-21T07:19:55.073+0000] {processor.py:830} INFO - Processing file /home/airflow/.local/lib/python3.8/site-packages/airflow/example_dags/example_sla_dag.py for tasks to queue
[2025-12-21T07:19:55.075+0000] {logging_mixin.py:188} INFO - [2025-12-21T07:19:55.074+0000] {dagbag.py:540} INFO - Filling up the DagBag from /home/airflow/.local/lib/python3.8/site-packages/airflow/example_dags/example_sla_dag.py
[2025-12-21T07:19:55.084+0000] {processor.py:840} INFO - DAG(s) 'example_sla_dag' retrieved from /home/airflow/.local/lib/python3.8/site-packages/airflow/example_dags/example_sla_dag.py
[2025-12-21T07:19:55.108+0000] {logging_mixin.py:188} INFO - [2025-12-21T07:19:55.107+0000] {dag.py:3047} INFO - Sync 1 DAGs
[2025-12-21T07:19:55.141+0000] {logging_mixin.py:188} INFO - [2025-12-21T07:19:55.141+0000] {dag.py:3834} INFO - Setting next_dagrun for example_sla_dag to 2025-12-21 07:16:00+00:00, run_after=2025-12-21 07:18:00+00:00
[2025-12-21T07:19:55.167+0000] {processor.py:183} INFO - Processing /home/airflow/.local/lib/python3.8/site-packages/airflow/example_dags/example_sla_dag.py took 0.100 seconds
[2025-12-21T07:20:25.391+0000] {processor.py:161} INFO - Started process (PID=1026) to work on /home/airflow/.local/lib/python3.8/site-packages/airflow/example_dags/example_sla_dag.py
[2025-12-21T07:20:25.392+0000] {processor.py:830} INFO - Processing file /home/airflow/.local/lib/python3.8/site-packages/airflow/example_dags/example_sla_dag.py for tasks to queue
[2025-12-21T07:20:25.395+0000] {logging_mixin.py:188} INFO - [2025-12-21T07:20:25.394+0000] {dagbag.py:540} INFO - Filling up the DagBag from /home/airflow/.local/lib/python3.8/site-packages/airflow/example_dags/example_sla_dag.py
[2025-12-21T07:20:25.404+0000] {processor.py:840} INFO - DAG(s) 'example_sla_dag' retrieved from /home/airflow/.local/lib/python3.8/site-packages/airflow/example_dags/example_sla_dag.py
[2025-12-21T07:20:25.426+0000] {logging_mixin.py:188} INFO - [2025-12-21T07:20:25.426+0000] {dag.py:3047} INFO - Sync 1 DAGs
[2025-12-21T07:20:25.450+0000] {logging_mixin.py:188} INFO - [2025-12-21T07:20:25.450+0000] {dag.py:3834} INFO - Setting next_dagrun for example_sla_dag to 2025-12-21 07:18:00+00:00, run_after=2025-12-21 07:20:00+00:00
[2025-12-21T07:20:25.469+0000] {processor.py:183} INFO - Processing /home/airflow/.local/lib/python3.8/site-packages/airflow/example_dags/example_sla_dag.py took 0.082 seconds
[2025-12-21T07:20:39.858+0000] {processor.py:161} INFO - Started process (PID=61) to work on /home/airflow/.local/lib/python3.8/site-packages/airflow/example_dags/example_sla_dag.py
[2025-12-21T07:20:39.859+0000] {processor.py:830} INFO - Processing file /home/airflow/.local/lib/python3.8/site-packages/airflow/example_dags/example_sla_dag.py for tasks to queue
[2025-12-21T07:20:39.861+0000] {logging_mixin.py:188} INFO - [2025-12-21T07:20:39.861+0000] {dagbag.py:540} INFO - Filling up the DagBag from /home/airflow/.local/lib/python3.8/site-packages/airflow/example_dags/example_sla_dag.py
[2025-12-21T07:20:39.870+0000] {processor.py:840} INFO - DAG(s) 'example_sla_dag' retrieved from /home/airflow/.local/lib/python3.8/site-packages/airflow/example_dags/example_sla_dag.py
[2025-12-21T07:20:39.896+0000] {logging_mixin.py:188} INFO - [2025-12-21T07:20:39.896+0000] {dag.py:3047} INFO - Sync 1 DAGs
[2025-12-21T07:20:39.918+0000] {logging_mixin.py:188} INFO - [2025-12-21T07:20:39.918+0000] {dag.py:3834} INFO - Setting next_dagrun for example_sla_dag to 2025-12-21 07:18:00+00:00, run_after=2025-12-21 07:20:00+00:00
[2025-12-21T07:20:39.935+0000] {processor.py:183} INFO - Processing /home/airflow/.local/lib/python3.8/site-packages/airflow/example_dags/example_sla_dag.py took 0.081 seconds
[2025-12-21T07:21:10.747+0000] {processor.py:161} INFO - Started process (PID=117) to work on /home/airflow/.local/lib/python3.8/site-packages/airflow/example_dags/example_sla_dag.py
[2025-12-21T07:21:10.748+0000] {processor.py:830} INFO - Processing file /home/airflow/.local/lib/python3.8/site-packages/airflow/example_dags/example_sla_dag.py for tasks to queue
[2025-12-21T07:21:10.752+0000] {logging_mixin.py:188} INFO - [2025-12-21T07:21:10.751+0000] {dagbag.py:540} INFO - Filling up the DagBag from /home/airflow/.local/lib/python3.8/site-packages/airflow/example_dags/example_sla_dag.py
[2025-12-21T07:21:10.764+0000] {processor.py:840} INFO - DAG(s) 'example_sla_dag' retrieved from /home/airflow/.local/lib/python3.8/site-packages/airflow/example_dags/example_sla_dag.py
[2025-12-21T07:21:10.791+0000] {logging_mixin.py:188} INFO - [2025-12-21T07:21:10.791+0000] {dag.py:3047} INFO - Sync 1 DAGs
[2025-12-21T07:21:10.822+0000] {logging_mixin.py:188} INFO - [2025-12-21T07:21:10.822+0000] {dag.py:3834} INFO - Setting next_dagrun for example_sla_dag to 2025-12-21 07:18:00+00:00, run_after=2025-12-21 07:20:00+00:00
[2025-12-21T07:21:10.847+0000] {processor.py:183} INFO - Processing /home/airflow/.local/lib/python3.8/site-packages/airflow/example_dags/example_sla_dag.py took 0.104 seconds
[2025-12-21T07:22:20.528+0000] {processor.py:161} INFO - Started process (PID=68) to work on /home/airflow/.local/lib/python3.8/site-packages/airflow/example_dags/example_sla_dag.py
[2025-12-21T07:22:20.529+0000] {processor.py:830} INFO - Processing file /home/airflow/.local/lib/python3.8/site-packages/airflow/example_dags/example_sla_dag.py for tasks to queue
[2025-12-21T07:22:20.532+0000] {logging_mixin.py:188} INFO - [2025-12-21T07:22:20.531+0000] {dagbag.py:540} INFO - Filling up the DagBag from /home/airflow/.local/lib/python3.8/site-packages/airflow/example_dags/example_sla_dag.py
[2025-12-21T07:22:20.544+0000] {processor.py:840} INFO - DAG(s) 'example_sla_dag' retrieved from /home/airflow/.local/lib/python3.8/site-packages/airflow/example_dags/example_sla_dag.py
[2025-12-21T07:22:20.572+0000] {logging_mixin.py:188} INFO - [2025-12-21T07:22:20.571+0000] {dag.py:3047} INFO - Sync 1 DAGs
[2025-12-21T07:22:20.614+0000] {logging_mixin.py:188} INFO - [2025-12-21T07:22:20.614+0000] {dag.py:3834} INFO - Setting next_dagrun for example_sla_dag to 2025-12-21 07:20:00+00:00, run_after=2025-12-21 07:22:00+00:00
[2025-12-21T07:22:20.660+0000] {processor.py:183} INFO - Processing /home/airflow/.local/lib/python3.8/site-packages/airflow/example_dags/example_sla_dag.py took 0.137 seconds
[2025-12-21T07:22:51.934+0000] {processor.py:161} INFO - Started process (PID=124) to work on /home/airflow/.local/lib/python3.8/site-packages/airflow/example_dags/example_sla_dag.py
[2025-12-21T07:22:51.936+0000] {processor.py:830} INFO - Processing file /home/airflow/.local/lib/python3.8/site-packages/airflow/example_dags/example_sla_dag.py for tasks to queue
[2025-12-21T07:22:51.938+0000] {logging_mixin.py:188} INFO - [2025-12-21T07:22:51.937+0000] {dagbag.py:540} INFO - Filling up the DagBag from /home/airflow/.local/lib/python3.8/site-packages/airflow/example_dags/example_sla_dag.py
[2025-12-21T07:22:51.947+0000] {processor.py:840} INFO - DAG(s) 'example_sla_dag' retrieved from /home/airflow/.local/lib/python3.8/site-packages/airflow/example_dags/example_sla_dag.py
[2025-12-21T07:22:52.054+0000] {logging_mixin.py:188} INFO - [2025-12-21T07:22:52.053+0000] {dag.py:3047} INFO - Sync 1 DAGs
[2025-12-21T07:22:52.079+0000] {logging_mixin.py:188} INFO - [2025-12-21T07:22:52.079+0000] {dag.py:3834} INFO - Setting next_dagrun for example_sla_dag to 2025-12-21 07:20:00+00:00, run_after=2025-12-21 07:22:00+00:00
[2025-12-21T07:22:52.110+0000] {processor.py:183} INFO - Processing /home/airflow/.local/lib/python3.8/site-packages/airflow/example_dags/example_sla_dag.py took 0.180 seconds
[2025-12-21T07:28:31.034+0000] {processor.py:161} INFO - Started process (PID=76) to work on /home/airflow/.local/lib/python3.8/site-packages/airflow/example_dags/example_sla_dag.py
[2025-12-21T07:28:31.037+0000] {processor.py:830} INFO - Processing file /home/airflow/.local/lib/python3.8/site-packages/airflow/example_dags/example_sla_dag.py for tasks to queue
[2025-12-21T07:28:31.044+0000] {logging_mixin.py:188} INFO - [2025-12-21T07:28:31.043+0000] {dagbag.py:540} INFO - Filling up the DagBag from /home/airflow/.local/lib/python3.8/site-packages/airflow/example_dags/example_sla_dag.py
[2025-12-21T07:28:31.070+0000] {processor.py:840} INFO - DAG(s) 'example_sla_dag' retrieved from /home/airflow/.local/lib/python3.8/site-packages/airflow/example_dags/example_sla_dag.py
[2025-12-21T07:28:31.089+0000] {logging_mixin.py:188} INFO - [2025-12-21T07:28:31.088+0000] {dag.py:3047} INFO - Sync 1 DAGs
[2025-12-21T07:28:31.128+0000] {logging_mixin.py:188} INFO - [2025-12-21T07:28:31.127+0000] {dag.py:3834} INFO - Setting next_dagrun for example_sla_dag to 2025-12-21 07:26:00+00:00, run_after=2025-12-21 07:28:00+00:00
[2025-12-21T07:28:31.158+0000] {processor.py:183} INFO - Processing /home/airflow/.local/lib/python3.8/site-packages/airflow/example_dags/example_sla_dag.py took 0.135 seconds
[2025-12-21T07:29:01.506+0000] {processor.py:161} INFO - Started process (PID=132) to work on /home/airflow/.local/lib/python3.8/site-packages/airflow/example_dags/example_sla_dag.py
[2025-12-21T07:29:01.508+0000] {processor.py:830} INFO - Processing file /home/airflow/.local/lib/python3.8/site-packages/airflow/example_dags/example_sla_dag.py for tasks to queue
[2025-12-21T07:29:01.510+0000] {logging_mixin.py:188} INFO - [2025-12-21T07:29:01.510+0000] {dagbag.py:540} INFO - Filling up the DagBag from /home/airflow/.local/lib/python3.8/site-packages/airflow/example_dags/example_sla_dag.py
[2025-12-21T07:29:01.520+0000] {processor.py:840} INFO - DAG(s) 'example_sla_dag' retrieved from /home/airflow/.local/lib/python3.8/site-packages/airflow/example_dags/example_sla_dag.py
[2025-12-21T07:29:01.675+0000] {logging_mixin.py:188} INFO - [2025-12-21T07:29:01.675+0000] {dag.py:3047} INFO - Sync 1 DAGs
[2025-12-21T07:29:01.705+0000] {logging_mixin.py:188} INFO - [2025-12-21T07:29:01.705+0000] {dag.py:3834} INFO - Setting next_dagrun for example_sla_dag to 2025-12-21 07:26:00+00:00, run_after=2025-12-21 07:28:00+00:00
[2025-12-21T07:29:01.734+0000] {processor.py:183} INFO - Processing /home/airflow/.local/lib/python3.8/site-packages/airflow/example_dags/example_sla_dag.py took 0.233 seconds
[2025-12-21T07:29:32.580+0000] {processor.py:161} INFO - Started process (PID=188) to work on /home/airflow/.local/lib/python3.8/site-packages/airflow/example_dags/example_sla_dag.py
[2025-12-21T07:29:32.583+0000] {processor.py:830} INFO - Processing file /home/airflow/.local/lib/python3.8/site-packages/airflow/example_dags/example_sla_dag.py for tasks to queue
[2025-12-21T07:29:32.587+0000] {logging_mixin.py:188} INFO - [2025-12-21T07:29:32.586+0000] {dagbag.py:540} INFO - Filling up the DagBag from /home/airflow/.local/lib/python3.8/site-packages/airflow/example_dags/example_sla_dag.py
[2025-12-21T07:29:32.603+0000] {processor.py:840} INFO - DAG(s) 'example_sla_dag' retrieved from /home/airflow/.local/lib/python3.8/site-packages/airflow/example_dags/example_sla_dag.py
[2025-12-21T07:29:32.635+0000] {logging_mixin.py:188} INFO - [2025-12-21T07:29:32.634+0000] {dag.py:3047} INFO - Sync 1 DAGs
[2025-12-21T07:29:32.669+0000] {logging_mixin.py:188} INFO - [2025-12-21T07:29:32.669+0000] {dag.py:3834} INFO - Setting next_dagrun for example_sla_dag to 2025-12-21 07:26:00+00:00, run_after=2025-12-21 07:28:00+00:00
[2025-12-21T07:29:32.702+0000] {processor.py:183} INFO - Processing /home/airflow/.local/lib/python3.8/site-packages/airflow/example_dags/example_sla_dag.py took 0.127 seconds
[2025-12-21T07:30:03.061+0000] {processor.py:161} INFO - Started process (PID=243) to work on /home/airflow/.local/lib/python3.8/site-packages/airflow/example_dags/example_sla_dag.py
[2025-12-21T07:30:03.063+0000] {processor.py:830} INFO - Processing file /home/airflow/.local/lib/python3.8/site-packages/airflow/example_dags/example_sla_dag.py for tasks to queue
[2025-12-21T07:30:03.068+0000] {logging_mixin.py:188} INFO - [2025-12-21T07:30:03.067+0000] {dagbag.py:540} INFO - Filling up the DagBag from /home/airflow/.local/lib/python3.8/site-packages/airflow/example_dags/example_sla_dag.py
[2025-12-21T07:30:03.081+0000] {processor.py:840} INFO - DAG(s) 'example_sla_dag' retrieved from /home/airflow/.local/lib/python3.8/site-packages/airflow/example_dags/example_sla_dag.py
[2025-12-21T07:30:03.109+0000] {logging_mixin.py:188} INFO - [2025-12-21T07:30:03.109+0000] {dag.py:3047} INFO - Sync 1 DAGs
[2025-12-21T07:30:03.143+0000] {logging_mixin.py:188} INFO - [2025-12-21T07:30:03.142+0000] {dag.py:3834} INFO - Setting next_dagrun for example_sla_dag to 2025-12-21 07:28:00+00:00, run_after=2025-12-21 07:30:00+00:00
[2025-12-21T07:30:03.167+0000] {processor.py:183} INFO - Processing /home/airflow/.local/lib/python3.8/site-packages/airflow/example_dags/example_sla_dag.py took 0.112 seconds
[2025-12-21T07:30:33.318+0000] {processor.py:161} INFO - Started process (PID=299) to work on /home/airflow/.local/lib/python3.8/site-packages/airflow/example_dags/example_sla_dag.py
[2025-12-21T07:30:33.320+0000] {processor.py:830} INFO - Processing file /home/airflow/.local/lib/python3.8/site-packages/airflow/example_dags/example_sla_dag.py for tasks to queue
[2025-12-21T07:30:33.323+0000] {logging_mixin.py:188} INFO - [2025-12-21T07:30:33.322+0000] {dagbag.py:540} INFO - Filling up the DagBag from /home/airflow/.local/lib/python3.8/site-packages/airflow/example_dags/example_sla_dag.py
[2025-12-21T07:30:33.331+0000] {processor.py:840} INFO - DAG(s) 'example_sla_dag' retrieved from /home/airflow/.local/lib/python3.8/site-packages/airflow/example_dags/example_sla_dag.py
[2025-12-21T07:30:33.356+0000] {logging_mixin.py:188} INFO - [2025-12-21T07:30:33.356+0000] {dag.py:3047} INFO - Sync 1 DAGs
[2025-12-21T07:30:33.389+0000] {logging_mixin.py:188} INFO - [2025-12-21T07:30:33.389+0000] {dag.py:3834} INFO - Setting next_dagrun for example_sla_dag to 2025-12-21 07:28:00+00:00, run_after=2025-12-21 07:30:00+00:00
[2025-12-21T07:30:33.422+0000] {processor.py:183} INFO - Processing /home/airflow/.local/lib/python3.8/site-packages/airflow/example_dags/example_sla_dag.py took 0.107 seconds
[2025-12-21T07:31:03.591+0000] {processor.py:161} INFO - Started process (PID=355) to work on /home/airflow/.local/lib/python3.8/site-packages/airflow/example_dags/example_sla_dag.py
[2025-12-21T07:31:03.593+0000] {processor.py:830} INFO - Processing file /home/airflow/.local/lib/python3.8/site-packages/airflow/example_dags/example_sla_dag.py for tasks to queue
[2025-12-21T07:31:03.596+0000] {logging_mixin.py:188} INFO - [2025-12-21T07:31:03.596+0000] {dagbag.py:540} INFO - Filling up the DagBag from /home/airflow/.local/lib/python3.8/site-packages/airflow/example_dags/example_sla_dag.py
[2025-12-21T07:31:03.604+0000] {processor.py:840} INFO - DAG(s) 'example_sla_dag' retrieved from /home/airflow/.local/lib/python3.8/site-packages/airflow/example_dags/example_sla_dag.py
[2025-12-21T07:31:03.625+0000] {logging_mixin.py:188} INFO - [2025-12-21T07:31:03.625+0000] {dag.py:3047} INFO - Sync 1 DAGs
[2025-12-21T07:31:03.654+0000] {logging_mixin.py:188} INFO - [2025-12-21T07:31:03.654+0000] {dag.py:3834} INFO - Setting next_dagrun for example_sla_dag to 2025-12-21 07:28:00+00:00, run_after=2025-12-21 07:30:00+00:00
[2025-12-21T07:31:03.681+0000] {processor.py:183} INFO - Processing /home/airflow/.local/lib/python3.8/site-packages/airflow/example_dags/example_sla_dag.py took 0.093 seconds
[2025-12-21T07:31:33.818+0000] {processor.py:161} INFO - Started process (PID=411) to work on /home/airflow/.local/lib/python3.8/site-packages/airflow/example_dags/example_sla_dag.py
[2025-12-21T07:31:33.820+0000] {processor.py:830} INFO - Processing file /home/airflow/.local/lib/python3.8/site-packages/airflow/example_dags/example_sla_dag.py for tasks to queue
[2025-12-21T07:31:33.822+0000] {logging_mixin.py:188} INFO - [2025-12-21T07:31:33.822+0000] {dagbag.py:540} INFO - Filling up the DagBag from /home/airflow/.local/lib/python3.8/site-packages/airflow/example_dags/example_sla_dag.py
[2025-12-21T07:31:33.833+0000] {processor.py:840} INFO - DAG(s) 'example_sla_dag' retrieved from /home/airflow/.local/lib/python3.8/site-packages/airflow/example_dags/example_sla_dag.py
[2025-12-21T07:31:33.860+0000] {logging_mixin.py:188} INFO - [2025-12-21T07:31:33.860+0000] {dag.py:3047} INFO - Sync 1 DAGs
[2025-12-21T07:31:33.892+0000] {logging_mixin.py:188} INFO - [2025-12-21T07:31:33.892+0000] {dag.py:3834} INFO - Setting next_dagrun for example_sla_dag to 2025-12-21 07:28:00+00:00, run_after=2025-12-21 07:30:00+00:00
[2025-12-21T07:31:33.923+0000] {processor.py:183} INFO - Processing /home/airflow/.local/lib/python3.8/site-packages/airflow/example_dags/example_sla_dag.py took 0.109 seconds
