[2025-12-21T06:58:55.243+0000] {processor.py:161} INFO - Started process (PID=84) to work on /home/airflow/.local/lib/python3.8/site-packages/airflow/example_dags/example_skip_dag.py
[2025-12-21T06:58:55.244+0000] {processor.py:830} INFO - Processing file /home/airflow/.local/lib/python3.8/site-packages/airflow/example_dags/example_skip_dag.py for tasks to queue
[2025-12-21T06:58:55.247+0000] {logging_mixin.py:188} INFO - [2025-12-21T06:58:55.246+0000] {dagbag.py:540} INFO - Filling up the DagBag from /home/airflow/.local/lib/python3.8/site-packages/airflow/example_dags/example_skip_dag.py
[2025-12-21T06:58:55.255+0000] {processor.py:840} INFO - DAG(s) 'example_skip_dag' retrieved from /home/airflow/.local/lib/python3.8/site-packages/airflow/example_dags/example_skip_dag.py
[2025-12-21T06:58:55.401+0000] {logging_mixin.py:188} INFO - [2025-12-21T06:58:55.400+0000] {dag.py:3047} INFO - Sync 1 DAGs
[2025-12-21T06:58:55.423+0000] {logging_mixin.py:188} INFO - [2025-12-21T06:58:55.423+0000] {dag.py:3834} INFO - Setting next_dagrun for example_skip_dag to 2025-12-20 00:00:00+00:00, run_after=2025-12-21 00:00:00+00:00
[2025-12-21T06:58:55.450+0000] {processor.py:183} INFO - Processing /home/airflow/.local/lib/python3.8/site-packages/airflow/example_dags/example_skip_dag.py took 0.212 seconds
[2025-12-21T06:59:26.464+0000] {processor.py:161} INFO - Started process (PID=140) to work on /home/airflow/.local/lib/python3.8/site-packages/airflow/example_dags/example_skip_dag.py
[2025-12-21T06:59:26.466+0000] {processor.py:830} INFO - Processing file /home/airflow/.local/lib/python3.8/site-packages/airflow/example_dags/example_skip_dag.py for tasks to queue
[2025-12-21T06:59:26.469+0000] {logging_mixin.py:188} INFO - [2025-12-21T06:59:26.468+0000] {dagbag.py:540} INFO - Filling up the DagBag from /home/airflow/.local/lib/python3.8/site-packages/airflow/example_dags/example_skip_dag.py
[2025-12-21T06:59:26.478+0000] {processor.py:840} INFO - DAG(s) 'example_skip_dag' retrieved from /home/airflow/.local/lib/python3.8/site-packages/airflow/example_dags/example_skip_dag.py
[2025-12-21T06:59:26.506+0000] {logging_mixin.py:188} INFO - [2025-12-21T06:59:26.506+0000] {dag.py:3047} INFO - Sync 1 DAGs
[2025-12-21T06:59:26.533+0000] {logging_mixin.py:188} INFO - [2025-12-21T06:59:26.533+0000] {dag.py:3834} INFO - Setting next_dagrun for example_skip_dag to 2025-12-20 00:00:00+00:00, run_after=2025-12-21 00:00:00+00:00
[2025-12-21T06:59:26.558+0000] {processor.py:183} INFO - Processing /home/airflow/.local/lib/python3.8/site-packages/airflow/example_dags/example_skip_dag.py took 0.097 seconds
[2025-12-21T06:59:56.748+0000] {processor.py:161} INFO - Started process (PID=196) to work on /home/airflow/.local/lib/python3.8/site-packages/airflow/example_dags/example_skip_dag.py
[2025-12-21T06:59:56.750+0000] {processor.py:830} INFO - Processing file /home/airflow/.local/lib/python3.8/site-packages/airflow/example_dags/example_skip_dag.py for tasks to queue
[2025-12-21T06:59:56.752+0000] {logging_mixin.py:188} INFO - [2025-12-21T06:59:56.752+0000] {dagbag.py:540} INFO - Filling up the DagBag from /home/airflow/.local/lib/python3.8/site-packages/airflow/example_dags/example_skip_dag.py
[2025-12-21T06:59:56.760+0000] {processor.py:840} INFO - DAG(s) 'example_skip_dag' retrieved from /home/airflow/.local/lib/python3.8/site-packages/airflow/example_dags/example_skip_dag.py
[2025-12-21T06:59:56.787+0000] {logging_mixin.py:188} INFO - [2025-12-21T06:59:56.787+0000] {dag.py:3047} INFO - Sync 1 DAGs
[2025-12-21T06:59:56.810+0000] {logging_mixin.py:188} INFO - [2025-12-21T06:59:56.809+0000] {dag.py:3834} INFO - Setting next_dagrun for example_skip_dag to 2025-12-20 00:00:00+00:00, run_after=2025-12-21 00:00:00+00:00
[2025-12-21T06:59:56.834+0000] {processor.py:183} INFO - Processing /home/airflow/.local/lib/python3.8/site-packages/airflow/example_dags/example_skip_dag.py took 0.090 seconds
[2025-12-21T07:00:27.058+0000] {processor.py:161} INFO - Started process (PID=252) to work on /home/airflow/.local/lib/python3.8/site-packages/airflow/example_dags/example_skip_dag.py
[2025-12-21T07:00:27.060+0000] {processor.py:830} INFO - Processing file /home/airflow/.local/lib/python3.8/site-packages/airflow/example_dags/example_skip_dag.py for tasks to queue
[2025-12-21T07:00:27.062+0000] {logging_mixin.py:188} INFO - [2025-12-21T07:00:27.062+0000] {dagbag.py:540} INFO - Filling up the DagBag from /home/airflow/.local/lib/python3.8/site-packages/airflow/example_dags/example_skip_dag.py
[2025-12-21T07:00:27.071+0000] {processor.py:840} INFO - DAG(s) 'example_skip_dag' retrieved from /home/airflow/.local/lib/python3.8/site-packages/airflow/example_dags/example_skip_dag.py
[2025-12-21T07:00:27.095+0000] {logging_mixin.py:188} INFO - [2025-12-21T07:00:27.094+0000] {dag.py:3047} INFO - Sync 1 DAGs
[2025-12-21T07:00:27.117+0000] {logging_mixin.py:188} INFO - [2025-12-21T07:00:27.117+0000] {dag.py:3834} INFO - Setting next_dagrun for example_skip_dag to 2025-12-20 00:00:00+00:00, run_after=2025-12-21 00:00:00+00:00
[2025-12-21T07:00:27.140+0000] {processor.py:183} INFO - Processing /home/airflow/.local/lib/python3.8/site-packages/airflow/example_dags/example_skip_dag.py took 0.085 seconds
[2025-12-21T07:00:57.338+0000] {processor.py:161} INFO - Started process (PID=308) to work on /home/airflow/.local/lib/python3.8/site-packages/airflow/example_dags/example_skip_dag.py
[2025-12-21T07:00:57.340+0000] {processor.py:830} INFO - Processing file /home/airflow/.local/lib/python3.8/site-packages/airflow/example_dags/example_skip_dag.py for tasks to queue
[2025-12-21T07:00:57.342+0000] {logging_mixin.py:188} INFO - [2025-12-21T07:00:57.342+0000] {dagbag.py:540} INFO - Filling up the DagBag from /home/airflow/.local/lib/python3.8/site-packages/airflow/example_dags/example_skip_dag.py
[2025-12-21T07:00:57.349+0000] {processor.py:840} INFO - DAG(s) 'example_skip_dag' retrieved from /home/airflow/.local/lib/python3.8/site-packages/airflow/example_dags/example_skip_dag.py
[2025-12-21T07:00:57.376+0000] {logging_mixin.py:188} INFO - [2025-12-21T07:00:57.375+0000] {dag.py:3047} INFO - Sync 1 DAGs
[2025-12-21T07:00:57.399+0000] {logging_mixin.py:188} INFO - [2025-12-21T07:00:57.398+0000] {dag.py:3834} INFO - Setting next_dagrun for example_skip_dag to 2025-12-20 00:00:00+00:00, run_after=2025-12-21 00:00:00+00:00
[2025-12-21T07:00:57.424+0000] {processor.py:183} INFO - Processing /home/airflow/.local/lib/python3.8/site-packages/airflow/example_dags/example_skip_dag.py took 0.090 seconds
[2025-12-21T07:01:27.992+0000] {processor.py:161} INFO - Started process (PID=364) to work on /home/airflow/.local/lib/python3.8/site-packages/airflow/example_dags/example_skip_dag.py
[2025-12-21T07:01:27.994+0000] {processor.py:830} INFO - Processing file /home/airflow/.local/lib/python3.8/site-packages/airflow/example_dags/example_skip_dag.py for tasks to queue
[2025-12-21T07:01:27.998+0000] {logging_mixin.py:188} INFO - [2025-12-21T07:01:27.997+0000] {dagbag.py:540} INFO - Filling up the DagBag from /home/airflow/.local/lib/python3.8/site-packages/airflow/example_dags/example_skip_dag.py
[2025-12-21T07:01:28.019+0000] {processor.py:840} INFO - DAG(s) 'example_skip_dag' retrieved from /home/airflow/.local/lib/python3.8/site-packages/airflow/example_dags/example_skip_dag.py
[2025-12-21T07:01:28.061+0000] {logging_mixin.py:188} INFO - [2025-12-21T07:01:28.061+0000] {dag.py:3047} INFO - Sync 1 DAGs
[2025-12-21T07:01:28.097+0000] {logging_mixin.py:188} INFO - [2025-12-21T07:01:28.096+0000] {dag.py:3834} INFO - Setting next_dagrun for example_skip_dag to 2025-12-20 00:00:00+00:00, run_after=2025-12-21 00:00:00+00:00
[2025-12-21T07:01:28.125+0000] {processor.py:183} INFO - Processing /home/airflow/.local/lib/python3.8/site-packages/airflow/example_dags/example_skip_dag.py took 0.139 seconds
[2025-12-21T07:01:58.325+0000] {processor.py:161} INFO - Started process (PID=420) to work on /home/airflow/.local/lib/python3.8/site-packages/airflow/example_dags/example_skip_dag.py
[2025-12-21T07:01:58.327+0000] {processor.py:830} INFO - Processing file /home/airflow/.local/lib/python3.8/site-packages/airflow/example_dags/example_skip_dag.py for tasks to queue
[2025-12-21T07:01:58.329+0000] {logging_mixin.py:188} INFO - [2025-12-21T07:01:58.329+0000] {dagbag.py:540} INFO - Filling up the DagBag from /home/airflow/.local/lib/python3.8/site-packages/airflow/example_dags/example_skip_dag.py
[2025-12-21T07:01:58.338+0000] {processor.py:840} INFO - DAG(s) 'example_skip_dag' retrieved from /home/airflow/.local/lib/python3.8/site-packages/airflow/example_dags/example_skip_dag.py
[2025-12-21T07:01:58.368+0000] {logging_mixin.py:188} INFO - [2025-12-21T07:01:58.368+0000] {dag.py:3047} INFO - Sync 1 DAGs
[2025-12-21T07:01:58.392+0000] {logging_mixin.py:188} INFO - [2025-12-21T07:01:58.392+0000] {dag.py:3834} INFO - Setting next_dagrun for example_skip_dag to 2025-12-20 00:00:00+00:00, run_after=2025-12-21 00:00:00+00:00
[2025-12-21T07:01:58.417+0000] {processor.py:183} INFO - Processing /home/airflow/.local/lib/python3.8/site-packages/airflow/example_dags/example_skip_dag.py took 0.096 seconds
[2025-12-21T07:02:28.483+0000] {processor.py:161} INFO - Started process (PID=476) to work on /home/airflow/.local/lib/python3.8/site-packages/airflow/example_dags/example_skip_dag.py
[2025-12-21T07:02:28.484+0000] {processor.py:830} INFO - Processing file /home/airflow/.local/lib/python3.8/site-packages/airflow/example_dags/example_skip_dag.py for tasks to queue
[2025-12-21T07:02:28.486+0000] {logging_mixin.py:188} INFO - [2025-12-21T07:02:28.486+0000] {dagbag.py:540} INFO - Filling up the DagBag from /home/airflow/.local/lib/python3.8/site-packages/airflow/example_dags/example_skip_dag.py
[2025-12-21T07:02:28.494+0000] {processor.py:840} INFO - DAG(s) 'example_skip_dag' retrieved from /home/airflow/.local/lib/python3.8/site-packages/airflow/example_dags/example_skip_dag.py
[2025-12-21T07:02:28.520+0000] {logging_mixin.py:188} INFO - [2025-12-21T07:02:28.520+0000] {dag.py:3047} INFO - Sync 1 DAGs
[2025-12-21T07:02:28.544+0000] {logging_mixin.py:188} INFO - [2025-12-21T07:02:28.543+0000] {dag.py:3834} INFO - Setting next_dagrun for example_skip_dag to 2025-12-20 00:00:00+00:00, run_after=2025-12-21 00:00:00+00:00
[2025-12-21T07:02:28.568+0000] {processor.py:183} INFO - Processing /home/airflow/.local/lib/python3.8/site-packages/airflow/example_dags/example_skip_dag.py took 0.089 seconds
[2025-12-21T07:02:59.428+0000] {processor.py:161} INFO - Started process (PID=532) to work on /home/airflow/.local/lib/python3.8/site-packages/airflow/example_dags/example_skip_dag.py
[2025-12-21T07:02:59.430+0000] {processor.py:830} INFO - Processing file /home/airflow/.local/lib/python3.8/site-packages/airflow/example_dags/example_skip_dag.py for tasks to queue
[2025-12-21T07:02:59.433+0000] {logging_mixin.py:188} INFO - [2025-12-21T07:02:59.432+0000] {dagbag.py:540} INFO - Filling up the DagBag from /home/airflow/.local/lib/python3.8/site-packages/airflow/example_dags/example_skip_dag.py
[2025-12-21T07:02:59.445+0000] {processor.py:840} INFO - DAG(s) 'example_skip_dag' retrieved from /home/airflow/.local/lib/python3.8/site-packages/airflow/example_dags/example_skip_dag.py
[2025-12-21T07:02:59.481+0000] {logging_mixin.py:188} INFO - [2025-12-21T07:02:59.481+0000] {dag.py:3047} INFO - Sync 1 DAGs
[2025-12-21T07:02:59.528+0000] {logging_mixin.py:188} INFO - [2025-12-21T07:02:59.528+0000] {dag.py:3834} INFO - Setting next_dagrun for example_skip_dag to 2025-12-20 00:00:00+00:00, run_after=2025-12-21 00:00:00+00:00
[2025-12-21T07:02:59.574+0000] {processor.py:183} INFO - Processing /home/airflow/.local/lib/python3.8/site-packages/airflow/example_dags/example_skip_dag.py took 0.154 seconds
[2025-12-21T07:03:30.386+0000] {processor.py:161} INFO - Started process (PID=588) to work on /home/airflow/.local/lib/python3.8/site-packages/airflow/example_dags/example_skip_dag.py
[2025-12-21T07:03:30.388+0000] {processor.py:830} INFO - Processing file /home/airflow/.local/lib/python3.8/site-packages/airflow/example_dags/example_skip_dag.py for tasks to queue
[2025-12-21T07:03:30.390+0000] {logging_mixin.py:188} INFO - [2025-12-21T07:03:30.390+0000] {dagbag.py:540} INFO - Filling up the DagBag from /home/airflow/.local/lib/python3.8/site-packages/airflow/example_dags/example_skip_dag.py
[2025-12-21T07:03:30.399+0000] {processor.py:840} INFO - DAG(s) 'example_skip_dag' retrieved from /home/airflow/.local/lib/python3.8/site-packages/airflow/example_dags/example_skip_dag.py
[2025-12-21T07:03:30.427+0000] {logging_mixin.py:188} INFO - [2025-12-21T07:03:30.427+0000] {dag.py:3047} INFO - Sync 1 DAGs
[2025-12-21T07:03:30.453+0000] {logging_mixin.py:188} INFO - [2025-12-21T07:03:30.453+0000] {dag.py:3834} INFO - Setting next_dagrun for example_skip_dag to 2025-12-20 00:00:00+00:00, run_after=2025-12-21 00:00:00+00:00
[2025-12-21T07:03:30.481+0000] {processor.py:183} INFO - Processing /home/airflow/.local/lib/python3.8/site-packages/airflow/example_dags/example_skip_dag.py took 0.099 seconds
[2025-12-21T07:04:00.976+0000] {processor.py:161} INFO - Started process (PID=644) to work on /home/airflow/.local/lib/python3.8/site-packages/airflow/example_dags/example_skip_dag.py
[2025-12-21T07:04:00.978+0000] {processor.py:830} INFO - Processing file /home/airflow/.local/lib/python3.8/site-packages/airflow/example_dags/example_skip_dag.py for tasks to queue
[2025-12-21T07:04:00.981+0000] {logging_mixin.py:188} INFO - [2025-12-21T07:04:00.981+0000] {dagbag.py:540} INFO - Filling up the DagBag from /home/airflow/.local/lib/python3.8/site-packages/airflow/example_dags/example_skip_dag.py
[2025-12-21T07:04:00.990+0000] {processor.py:840} INFO - DAG(s) 'example_skip_dag' retrieved from /home/airflow/.local/lib/python3.8/site-packages/airflow/example_dags/example_skip_dag.py
[2025-12-21T07:04:01.015+0000] {logging_mixin.py:188} INFO - [2025-12-21T07:04:01.014+0000] {dag.py:3047} INFO - Sync 1 DAGs
[2025-12-21T07:04:01.038+0000] {logging_mixin.py:188} INFO - [2025-12-21T07:04:01.037+0000] {dag.py:3834} INFO - Setting next_dagrun for example_skip_dag to 2025-12-20 00:00:00+00:00, run_after=2025-12-21 00:00:00+00:00
[2025-12-21T07:04:01.061+0000] {processor.py:183} INFO - Processing /home/airflow/.local/lib/python3.8/site-packages/airflow/example_dags/example_skip_dag.py took 0.090 seconds
[2025-12-21T07:04:31.855+0000] {processor.py:161} INFO - Started process (PID=700) to work on /home/airflow/.local/lib/python3.8/site-packages/airflow/example_dags/example_skip_dag.py
[2025-12-21T07:04:31.857+0000] {processor.py:830} INFO - Processing file /home/airflow/.local/lib/python3.8/site-packages/airflow/example_dags/example_skip_dag.py for tasks to queue
[2025-12-21T07:04:31.859+0000] {logging_mixin.py:188} INFO - [2025-12-21T07:04:31.859+0000] {dagbag.py:540} INFO - Filling up the DagBag from /home/airflow/.local/lib/python3.8/site-packages/airflow/example_dags/example_skip_dag.py
[2025-12-21T07:04:31.867+0000] {processor.py:840} INFO - DAG(s) 'example_skip_dag' retrieved from /home/airflow/.local/lib/python3.8/site-packages/airflow/example_dags/example_skip_dag.py
[2025-12-21T07:04:31.902+0000] {logging_mixin.py:188} INFO - [2025-12-21T07:04:31.901+0000] {dag.py:3047} INFO - Sync 1 DAGs
[2025-12-21T07:04:31.933+0000] {logging_mixin.py:188} INFO - [2025-12-21T07:04:31.933+0000] {dag.py:3834} INFO - Setting next_dagrun for example_skip_dag to 2025-12-20 00:00:00+00:00, run_after=2025-12-21 00:00:00+00:00
[2025-12-21T07:04:31.971+0000] {processor.py:183} INFO - Processing /home/airflow/.local/lib/python3.8/site-packages/airflow/example_dags/example_skip_dag.py took 0.119 seconds
[2025-12-21T07:05:02.901+0000] {processor.py:161} INFO - Started process (PID=756) to work on /home/airflow/.local/lib/python3.8/site-packages/airflow/example_dags/example_skip_dag.py
[2025-12-21T07:05:02.904+0000] {processor.py:830} INFO - Processing file /home/airflow/.local/lib/python3.8/site-packages/airflow/example_dags/example_skip_dag.py for tasks to queue
[2025-12-21T07:05:02.906+0000] {logging_mixin.py:188} INFO - [2025-12-21T07:05:02.906+0000] {dagbag.py:540} INFO - Filling up the DagBag from /home/airflow/.local/lib/python3.8/site-packages/airflow/example_dags/example_skip_dag.py
[2025-12-21T07:05:02.913+0000] {processor.py:840} INFO - DAG(s) 'example_skip_dag' retrieved from /home/airflow/.local/lib/python3.8/site-packages/airflow/example_dags/example_skip_dag.py
[2025-12-21T07:05:02.940+0000] {logging_mixin.py:188} INFO - [2025-12-21T07:05:02.940+0000] {dag.py:3047} INFO - Sync 1 DAGs
[2025-12-21T07:05:02.964+0000] {logging_mixin.py:188} INFO - [2025-12-21T07:05:02.963+0000] {dag.py:3834} INFO - Setting next_dagrun for example_skip_dag to 2025-12-20 00:00:00+00:00, run_after=2025-12-21 00:00:00+00:00
[2025-12-21T07:05:02.988+0000] {processor.py:183} INFO - Processing /home/airflow/.local/lib/python3.8/site-packages/airflow/example_dags/example_skip_dag.py took 0.093 seconds
[2025-12-21T07:05:33.357+0000] {processor.py:161} INFO - Started process (PID=812) to work on /home/airflow/.local/lib/python3.8/site-packages/airflow/example_dags/example_skip_dag.py
[2025-12-21T07:05:33.359+0000] {processor.py:830} INFO - Processing file /home/airflow/.local/lib/python3.8/site-packages/airflow/example_dags/example_skip_dag.py for tasks to queue
[2025-12-21T07:05:33.361+0000] {logging_mixin.py:188} INFO - [2025-12-21T07:05:33.361+0000] {dagbag.py:540} INFO - Filling up the DagBag from /home/airflow/.local/lib/python3.8/site-packages/airflow/example_dags/example_skip_dag.py
[2025-12-21T07:05:33.368+0000] {processor.py:840} INFO - DAG(s) 'example_skip_dag' retrieved from /home/airflow/.local/lib/python3.8/site-packages/airflow/example_dags/example_skip_dag.py
[2025-12-21T07:05:33.391+0000] {logging_mixin.py:188} INFO - [2025-12-21T07:05:33.390+0000] {dag.py:3047} INFO - Sync 1 DAGs
[2025-12-21T07:05:33.412+0000] {logging_mixin.py:188} INFO - [2025-12-21T07:05:33.411+0000] {dag.py:3834} INFO - Setting next_dagrun for example_skip_dag to 2025-12-20 00:00:00+00:00, run_after=2025-12-21 00:00:00+00:00
[2025-12-21T07:05:33.430+0000] {processor.py:183} INFO - Processing /home/airflow/.local/lib/python3.8/site-packages/airflow/example_dags/example_skip_dag.py took 0.076 seconds
[2025-12-21T07:06:03.605+0000] {processor.py:161} INFO - Started process (PID=868) to work on /home/airflow/.local/lib/python3.8/site-packages/airflow/example_dags/example_skip_dag.py
[2025-12-21T07:06:03.606+0000] {processor.py:830} INFO - Processing file /home/airflow/.local/lib/python3.8/site-packages/airflow/example_dags/example_skip_dag.py for tasks to queue
[2025-12-21T07:06:03.609+0000] {logging_mixin.py:188} INFO - [2025-12-21T07:06:03.608+0000] {dagbag.py:540} INFO - Filling up the DagBag from /home/airflow/.local/lib/python3.8/site-packages/airflow/example_dags/example_skip_dag.py
[2025-12-21T07:06:03.616+0000] {processor.py:840} INFO - DAG(s) 'example_skip_dag' retrieved from /home/airflow/.local/lib/python3.8/site-packages/airflow/example_dags/example_skip_dag.py
[2025-12-21T07:06:03.639+0000] {logging_mixin.py:188} INFO - [2025-12-21T07:06:03.639+0000] {dag.py:3047} INFO - Sync 1 DAGs
[2025-12-21T07:06:03.661+0000] {logging_mixin.py:188} INFO - [2025-12-21T07:06:03.661+0000] {dag.py:3834} INFO - Setting next_dagrun for example_skip_dag to 2025-12-20 00:00:00+00:00, run_after=2025-12-21 00:00:00+00:00
[2025-12-21T07:06:03.680+0000] {processor.py:183} INFO - Processing /home/airflow/.local/lib/python3.8/site-packages/airflow/example_dags/example_skip_dag.py took 0.079 seconds
[2025-12-21T07:06:34.586+0000] {processor.py:161} INFO - Started process (PID=924) to work on /home/airflow/.local/lib/python3.8/site-packages/airflow/example_dags/example_skip_dag.py
[2025-12-21T07:06:34.589+0000] {processor.py:830} INFO - Processing file /home/airflow/.local/lib/python3.8/site-packages/airflow/example_dags/example_skip_dag.py for tasks to queue
[2025-12-21T07:06:34.591+0000] {logging_mixin.py:188} INFO - [2025-12-21T07:06:34.591+0000] {dagbag.py:540} INFO - Filling up the DagBag from /home/airflow/.local/lib/python3.8/site-packages/airflow/example_dags/example_skip_dag.py
[2025-12-21T07:06:34.599+0000] {processor.py:840} INFO - DAG(s) 'example_skip_dag' retrieved from /home/airflow/.local/lib/python3.8/site-packages/airflow/example_dags/example_skip_dag.py
[2025-12-21T07:06:34.622+0000] {logging_mixin.py:188} INFO - [2025-12-21T07:06:34.622+0000] {dag.py:3047} INFO - Sync 1 DAGs
[2025-12-21T07:06:34.647+0000] {logging_mixin.py:188} INFO - [2025-12-21T07:06:34.646+0000] {dag.py:3834} INFO - Setting next_dagrun for example_skip_dag to 2025-12-20 00:00:00+00:00, run_after=2025-12-21 00:00:00+00:00
[2025-12-21T07:06:34.669+0000] {processor.py:183} INFO - Processing /home/airflow/.local/lib/python3.8/site-packages/airflow/example_dags/example_skip_dag.py took 0.088 seconds
[2025-12-21T07:07:05.092+0000] {processor.py:161} INFO - Started process (PID=980) to work on /home/airflow/.local/lib/python3.8/site-packages/airflow/example_dags/example_skip_dag.py
[2025-12-21T07:07:05.094+0000] {processor.py:830} INFO - Processing file /home/airflow/.local/lib/python3.8/site-packages/airflow/example_dags/example_skip_dag.py for tasks to queue
[2025-12-21T07:07:05.096+0000] {logging_mixin.py:188} INFO - [2025-12-21T07:07:05.095+0000] {dagbag.py:540} INFO - Filling up the DagBag from /home/airflow/.local/lib/python3.8/site-packages/airflow/example_dags/example_skip_dag.py
[2025-12-21T07:07:05.104+0000] {processor.py:840} INFO - DAG(s) 'example_skip_dag' retrieved from /home/airflow/.local/lib/python3.8/site-packages/airflow/example_dags/example_skip_dag.py
[2025-12-21T07:07:05.145+0000] {logging_mixin.py:188} INFO - [2025-12-21T07:07:05.145+0000] {dag.py:3047} INFO - Sync 1 DAGs
[2025-12-21T07:07:05.176+0000] {logging_mixin.py:188} INFO - [2025-12-21T07:07:05.176+0000] {dag.py:3834} INFO - Setting next_dagrun for example_skip_dag to 2025-12-20 00:00:00+00:00, run_after=2025-12-21 00:00:00+00:00
[2025-12-21T07:07:05.208+0000] {processor.py:183} INFO - Processing /home/airflow/.local/lib/python3.8/site-packages/airflow/example_dags/example_skip_dag.py took 0.120 seconds
[2025-12-21T07:07:35.446+0000] {processor.py:161} INFO - Started process (PID=1036) to work on /home/airflow/.local/lib/python3.8/site-packages/airflow/example_dags/example_skip_dag.py
[2025-12-21T07:07:35.449+0000] {processor.py:830} INFO - Processing file /home/airflow/.local/lib/python3.8/site-packages/airflow/example_dags/example_skip_dag.py for tasks to queue
[2025-12-21T07:07:35.453+0000] {logging_mixin.py:188} INFO - [2025-12-21T07:07:35.452+0000] {dagbag.py:540} INFO - Filling up the DagBag from /home/airflow/.local/lib/python3.8/site-packages/airflow/example_dags/example_skip_dag.py
[2025-12-21T07:07:35.465+0000] {processor.py:840} INFO - DAG(s) 'example_skip_dag' retrieved from /home/airflow/.local/lib/python3.8/site-packages/airflow/example_dags/example_skip_dag.py
[2025-12-21T07:07:35.502+0000] {logging_mixin.py:188} INFO - [2025-12-21T07:07:35.502+0000] {dag.py:3047} INFO - Sync 1 DAGs
[2025-12-21T07:07:35.554+0000] {logging_mixin.py:188} INFO - [2025-12-21T07:07:35.553+0000] {dag.py:3834} INFO - Setting next_dagrun for example_skip_dag to 2025-12-20 00:00:00+00:00, run_after=2025-12-21 00:00:00+00:00
[2025-12-21T07:07:35.629+0000] {processor.py:183} INFO - Processing /home/airflow/.local/lib/python3.8/site-packages/airflow/example_dags/example_skip_dag.py took 0.189 seconds
[2025-12-21T07:08:06.435+0000] {processor.py:161} INFO - Started process (PID=1092) to work on /home/airflow/.local/lib/python3.8/site-packages/airflow/example_dags/example_skip_dag.py
[2025-12-21T07:08:06.437+0000] {processor.py:830} INFO - Processing file /home/airflow/.local/lib/python3.8/site-packages/airflow/example_dags/example_skip_dag.py for tasks to queue
[2025-12-21T07:08:06.439+0000] {logging_mixin.py:188} INFO - [2025-12-21T07:08:06.438+0000] {dagbag.py:540} INFO - Filling up the DagBag from /home/airflow/.local/lib/python3.8/site-packages/airflow/example_dags/example_skip_dag.py
[2025-12-21T07:08:06.448+0000] {processor.py:840} INFO - DAG(s) 'example_skip_dag' retrieved from /home/airflow/.local/lib/python3.8/site-packages/airflow/example_dags/example_skip_dag.py
[2025-12-21T07:08:06.472+0000] {logging_mixin.py:188} INFO - [2025-12-21T07:08:06.472+0000] {dag.py:3047} INFO - Sync 1 DAGs
[2025-12-21T07:08:06.496+0000] {logging_mixin.py:188} INFO - [2025-12-21T07:08:06.496+0000] {dag.py:3834} INFO - Setting next_dagrun for example_skip_dag to 2025-12-20 00:00:00+00:00, run_after=2025-12-21 00:00:00+00:00
[2025-12-21T07:08:06.520+0000] {processor.py:183} INFO - Processing /home/airflow/.local/lib/python3.8/site-packages/airflow/example_dags/example_skip_dag.py took 0.089 seconds
[2025-12-21T07:08:36.681+0000] {processor.py:161} INFO - Started process (PID=1148) to work on /home/airflow/.local/lib/python3.8/site-packages/airflow/example_dags/example_skip_dag.py
[2025-12-21T07:08:36.683+0000] {processor.py:830} INFO - Processing file /home/airflow/.local/lib/python3.8/site-packages/airflow/example_dags/example_skip_dag.py for tasks to queue
[2025-12-21T07:08:36.686+0000] {logging_mixin.py:188} INFO - [2025-12-21T07:08:36.685+0000] {dagbag.py:540} INFO - Filling up the DagBag from /home/airflow/.local/lib/python3.8/site-packages/airflow/example_dags/example_skip_dag.py
[2025-12-21T07:08:36.694+0000] {processor.py:840} INFO - DAG(s) 'example_skip_dag' retrieved from /home/airflow/.local/lib/python3.8/site-packages/airflow/example_dags/example_skip_dag.py
[2025-12-21T07:08:36.722+0000] {logging_mixin.py:188} INFO - [2025-12-21T07:08:36.721+0000] {dag.py:3047} INFO - Sync 1 DAGs
[2025-12-21T07:08:36.748+0000] {logging_mixin.py:188} INFO - [2025-12-21T07:08:36.748+0000] {dag.py:3834} INFO - Setting next_dagrun for example_skip_dag to 2025-12-20 00:00:00+00:00, run_after=2025-12-21 00:00:00+00:00
[2025-12-21T07:08:36.774+0000] {processor.py:183} INFO - Processing /home/airflow/.local/lib/python3.8/site-packages/airflow/example_dags/example_skip_dag.py took 0.098 seconds
[2025-12-21T07:11:46.956+0000] {processor.py:161} INFO - Started process (PID=95) to work on /home/airflow/.local/lib/python3.8/site-packages/airflow/example_dags/example_skip_dag.py
[2025-12-21T07:11:46.958+0000] {processor.py:830} INFO - Processing file /home/airflow/.local/lib/python3.8/site-packages/airflow/example_dags/example_skip_dag.py for tasks to queue
[2025-12-21T07:11:46.976+0000] {logging_mixin.py:188} INFO - [2025-12-21T07:11:46.976+0000] {dagbag.py:540} INFO - Filling up the DagBag from /home/airflow/.local/lib/python3.8/site-packages/airflow/example_dags/example_skip_dag.py
[2025-12-21T07:11:47.003+0000] {processor.py:840} INFO - DAG(s) 'example_skip_dag' retrieved from /home/airflow/.local/lib/python3.8/site-packages/airflow/example_dags/example_skip_dag.py
[2025-12-21T07:11:47.241+0000] {logging_mixin.py:188} INFO - [2025-12-21T07:11:47.241+0000] {dag.py:3047} INFO - Sync 1 DAGs
[2025-12-21T07:11:47.280+0000] {logging_mixin.py:188} INFO - [2025-12-21T07:11:47.279+0000] {dag.py:3834} INFO - Setting next_dagrun for example_skip_dag to 2025-12-20 00:00:00+00:00, run_after=2025-12-21 00:00:00+00:00
[2025-12-21T07:11:47.312+0000] {processor.py:183} INFO - Processing /home/airflow/.local/lib/python3.8/site-packages/airflow/example_dags/example_skip_dag.py took 0.362 seconds
[2025-12-21T07:12:17.916+0000] {processor.py:161} INFO - Started process (PID=151) to work on /home/airflow/.local/lib/python3.8/site-packages/airflow/example_dags/example_skip_dag.py
[2025-12-21T07:12:17.918+0000] {processor.py:830} INFO - Processing file /home/airflow/.local/lib/python3.8/site-packages/airflow/example_dags/example_skip_dag.py for tasks to queue
[2025-12-21T07:12:17.921+0000] {logging_mixin.py:188} INFO - [2025-12-21T07:12:17.920+0000] {dagbag.py:540} INFO - Filling up the DagBag from /home/airflow/.local/lib/python3.8/site-packages/airflow/example_dags/example_skip_dag.py
[2025-12-21T07:12:17.929+0000] {processor.py:840} INFO - DAG(s) 'example_skip_dag' retrieved from /home/airflow/.local/lib/python3.8/site-packages/airflow/example_dags/example_skip_dag.py
[2025-12-21T07:12:17.960+0000] {logging_mixin.py:188} INFO - [2025-12-21T07:12:17.959+0000] {dag.py:3047} INFO - Sync 1 DAGs
[2025-12-21T07:12:17.994+0000] {logging_mixin.py:188} INFO - [2025-12-21T07:12:17.994+0000] {dag.py:3834} INFO - Setting next_dagrun for example_skip_dag to 2025-12-20 00:00:00+00:00, run_after=2025-12-21 00:00:00+00:00
[2025-12-21T07:12:18.022+0000] {processor.py:183} INFO - Processing /home/airflow/.local/lib/python3.8/site-packages/airflow/example_dags/example_skip_dag.py took 0.110 seconds
[2025-12-21T07:12:48.198+0000] {processor.py:161} INFO - Started process (PID=206) to work on /home/airflow/.local/lib/python3.8/site-packages/airflow/example_dags/example_skip_dag.py
[2025-12-21T07:12:48.199+0000] {processor.py:830} INFO - Processing file /home/airflow/.local/lib/python3.8/site-packages/airflow/example_dags/example_skip_dag.py for tasks to queue
[2025-12-21T07:12:48.202+0000] {logging_mixin.py:188} INFO - [2025-12-21T07:12:48.201+0000] {dagbag.py:540} INFO - Filling up the DagBag from /home/airflow/.local/lib/python3.8/site-packages/airflow/example_dags/example_skip_dag.py
[2025-12-21T07:12:48.209+0000] {processor.py:840} INFO - DAG(s) 'example_skip_dag' retrieved from /home/airflow/.local/lib/python3.8/site-packages/airflow/example_dags/example_skip_dag.py
[2025-12-21T07:12:48.240+0000] {logging_mixin.py:188} INFO - [2025-12-21T07:12:48.240+0000] {dag.py:3047} INFO - Sync 1 DAGs
[2025-12-21T07:12:48.268+0000] {logging_mixin.py:188} INFO - [2025-12-21T07:12:48.267+0000] {dag.py:3834} INFO - Setting next_dagrun for example_skip_dag to 2025-12-20 00:00:00+00:00, run_after=2025-12-21 00:00:00+00:00
[2025-12-21T07:12:48.293+0000] {processor.py:183} INFO - Processing /home/airflow/.local/lib/python3.8/site-packages/airflow/example_dags/example_skip_dag.py took 0.099 seconds
[2025-12-21T07:13:18.479+0000] {processor.py:161} INFO - Started process (PID=262) to work on /home/airflow/.local/lib/python3.8/site-packages/airflow/example_dags/example_skip_dag.py
[2025-12-21T07:13:18.482+0000] {processor.py:830} INFO - Processing file /home/airflow/.local/lib/python3.8/site-packages/airflow/example_dags/example_skip_dag.py for tasks to queue
[2025-12-21T07:13:18.485+0000] {logging_mixin.py:188} INFO - [2025-12-21T07:13:18.484+0000] {dagbag.py:540} INFO - Filling up the DagBag from /home/airflow/.local/lib/python3.8/site-packages/airflow/example_dags/example_skip_dag.py
[2025-12-21T07:13:18.497+0000] {processor.py:840} INFO - DAG(s) 'example_skip_dag' retrieved from /home/airflow/.local/lib/python3.8/site-packages/airflow/example_dags/example_skip_dag.py
[2025-12-21T07:13:18.532+0000] {logging_mixin.py:188} INFO - [2025-12-21T07:13:18.532+0000] {dag.py:3047} INFO - Sync 1 DAGs
[2025-12-21T07:13:18.570+0000] {logging_mixin.py:188} INFO - [2025-12-21T07:13:18.570+0000] {dag.py:3834} INFO - Setting next_dagrun for example_skip_dag to 2025-12-20 00:00:00+00:00, run_after=2025-12-21 00:00:00+00:00
[2025-12-21T07:13:18.598+0000] {processor.py:183} INFO - Processing /home/airflow/.local/lib/python3.8/site-packages/airflow/example_dags/example_skip_dag.py took 0.125 seconds
[2025-12-21T07:13:49.351+0000] {processor.py:161} INFO - Started process (PID=319) to work on /home/airflow/.local/lib/python3.8/site-packages/airflow/example_dags/example_skip_dag.py
[2025-12-21T07:13:49.352+0000] {processor.py:830} INFO - Processing file /home/airflow/.local/lib/python3.8/site-packages/airflow/example_dags/example_skip_dag.py for tasks to queue
[2025-12-21T07:13:49.356+0000] {logging_mixin.py:188} INFO - [2025-12-21T07:13:49.355+0000] {dagbag.py:540} INFO - Filling up the DagBag from /home/airflow/.local/lib/python3.8/site-packages/airflow/example_dags/example_skip_dag.py
[2025-12-21T07:13:49.366+0000] {processor.py:840} INFO - DAG(s) 'example_skip_dag' retrieved from /home/airflow/.local/lib/python3.8/site-packages/airflow/example_dags/example_skip_dag.py
[2025-12-21T07:13:49.394+0000] {logging_mixin.py:188} INFO - [2025-12-21T07:13:49.394+0000] {dag.py:3047} INFO - Sync 1 DAGs
[2025-12-21T07:13:49.419+0000] {logging_mixin.py:188} INFO - [2025-12-21T07:13:49.419+0000] {dag.py:3834} INFO - Setting next_dagrun for example_skip_dag to 2025-12-20 00:00:00+00:00, run_after=2025-12-21 00:00:00+00:00
[2025-12-21T07:13:49.441+0000] {processor.py:183} INFO - Processing /home/airflow/.local/lib/python3.8/site-packages/airflow/example_dags/example_skip_dag.py took 0.095 seconds
[2025-12-21T07:14:19.826+0000] {processor.py:161} INFO - Started process (PID=375) to work on /home/airflow/.local/lib/python3.8/site-packages/airflow/example_dags/example_skip_dag.py
[2025-12-21T07:14:19.828+0000] {processor.py:830} INFO - Processing file /home/airflow/.local/lib/python3.8/site-packages/airflow/example_dags/example_skip_dag.py for tasks to queue
[2025-12-21T07:14:19.830+0000] {logging_mixin.py:188} INFO - [2025-12-21T07:14:19.830+0000] {dagbag.py:540} INFO - Filling up the DagBag from /home/airflow/.local/lib/python3.8/site-packages/airflow/example_dags/example_skip_dag.py
[2025-12-21T07:14:19.837+0000] {processor.py:840} INFO - DAG(s) 'example_skip_dag' retrieved from /home/airflow/.local/lib/python3.8/site-packages/airflow/example_dags/example_skip_dag.py
[2025-12-21T07:14:19.860+0000] {logging_mixin.py:188} INFO - [2025-12-21T07:14:19.860+0000] {dag.py:3047} INFO - Sync 1 DAGs
[2025-12-21T07:14:19.881+0000] {logging_mixin.py:188} INFO - [2025-12-21T07:14:19.881+0000] {dag.py:3834} INFO - Setting next_dagrun for example_skip_dag to 2025-12-20 00:00:00+00:00, run_after=2025-12-21 00:00:00+00:00
[2025-12-21T07:14:19.901+0000] {processor.py:183} INFO - Processing /home/airflow/.local/lib/python3.8/site-packages/airflow/example_dags/example_skip_dag.py took 0.079 seconds
[2025-12-21T07:14:50.836+0000] {processor.py:161} INFO - Started process (PID=431) to work on /home/airflow/.local/lib/python3.8/site-packages/airflow/example_dags/example_skip_dag.py
[2025-12-21T07:14:50.837+0000] {processor.py:830} INFO - Processing file /home/airflow/.local/lib/python3.8/site-packages/airflow/example_dags/example_skip_dag.py for tasks to queue
[2025-12-21T07:14:50.840+0000] {logging_mixin.py:188} INFO - [2025-12-21T07:14:50.840+0000] {dagbag.py:540} INFO - Filling up the DagBag from /home/airflow/.local/lib/python3.8/site-packages/airflow/example_dags/example_skip_dag.py
[2025-12-21T07:14:50.848+0000] {processor.py:840} INFO - DAG(s) 'example_skip_dag' retrieved from /home/airflow/.local/lib/python3.8/site-packages/airflow/example_dags/example_skip_dag.py
[2025-12-21T07:14:50.874+0000] {logging_mixin.py:188} INFO - [2025-12-21T07:14:50.874+0000] {dag.py:3047} INFO - Sync 1 DAGs
[2025-12-21T07:14:50.900+0000] {logging_mixin.py:188} INFO - [2025-12-21T07:14:50.900+0000] {dag.py:3834} INFO - Setting next_dagrun for example_skip_dag to 2025-12-20 00:00:00+00:00, run_after=2025-12-21 00:00:00+00:00
[2025-12-21T07:14:50.922+0000] {processor.py:183} INFO - Processing /home/airflow/.local/lib/python3.8/site-packages/airflow/example_dags/example_skip_dag.py took 0.091 seconds
[2025-12-21T07:15:21.001+0000] {processor.py:161} INFO - Started process (PID=487) to work on /home/airflow/.local/lib/python3.8/site-packages/airflow/example_dags/example_skip_dag.py
[2025-12-21T07:15:21.002+0000] {processor.py:830} INFO - Processing file /home/airflow/.local/lib/python3.8/site-packages/airflow/example_dags/example_skip_dag.py for tasks to queue
[2025-12-21T07:15:21.004+0000] {logging_mixin.py:188} INFO - [2025-12-21T07:15:21.004+0000] {dagbag.py:540} INFO - Filling up the DagBag from /home/airflow/.local/lib/python3.8/site-packages/airflow/example_dags/example_skip_dag.py
[2025-12-21T07:15:21.011+0000] {processor.py:840} INFO - DAG(s) 'example_skip_dag' retrieved from /home/airflow/.local/lib/python3.8/site-packages/airflow/example_dags/example_skip_dag.py
[2025-12-21T07:15:21.035+0000] {logging_mixin.py:188} INFO - [2025-12-21T07:15:21.035+0000] {dag.py:3047} INFO - Sync 1 DAGs
[2025-12-21T07:15:21.055+0000] {logging_mixin.py:188} INFO - [2025-12-21T07:15:21.055+0000] {dag.py:3834} INFO - Setting next_dagrun for example_skip_dag to 2025-12-20 00:00:00+00:00, run_after=2025-12-21 00:00:00+00:00
[2025-12-21T07:15:21.076+0000] {processor.py:183} INFO - Processing /home/airflow/.local/lib/python3.8/site-packages/airflow/example_dags/example_skip_dag.py took 0.079 seconds
[2025-12-21T07:15:51.287+0000] {processor.py:161} INFO - Started process (PID=543) to work on /home/airflow/.local/lib/python3.8/site-packages/airflow/example_dags/example_skip_dag.py
[2025-12-21T07:15:51.290+0000] {processor.py:830} INFO - Processing file /home/airflow/.local/lib/python3.8/site-packages/airflow/example_dags/example_skip_dag.py for tasks to queue
[2025-12-21T07:15:51.292+0000] {logging_mixin.py:188} INFO - [2025-12-21T07:15:51.292+0000] {dagbag.py:540} INFO - Filling up the DagBag from /home/airflow/.local/lib/python3.8/site-packages/airflow/example_dags/example_skip_dag.py
[2025-12-21T07:15:51.299+0000] {processor.py:840} INFO - DAG(s) 'example_skip_dag' retrieved from /home/airflow/.local/lib/python3.8/site-packages/airflow/example_dags/example_skip_dag.py
[2025-12-21T07:15:51.324+0000] {logging_mixin.py:188} INFO - [2025-12-21T07:15:51.323+0000] {dag.py:3047} INFO - Sync 1 DAGs
[2025-12-21T07:15:51.347+0000] {logging_mixin.py:188} INFO - [2025-12-21T07:15:51.346+0000] {dag.py:3834} INFO - Setting next_dagrun for example_skip_dag to 2025-12-20 00:00:00+00:00, run_after=2025-12-21 00:00:00+00:00
[2025-12-21T07:15:51.368+0000] {processor.py:183} INFO - Processing /home/airflow/.local/lib/python3.8/site-packages/airflow/example_dags/example_skip_dag.py took 0.085 seconds
[2025-12-21T07:16:21.549+0000] {processor.py:161} INFO - Started process (PID=599) to work on /home/airflow/.local/lib/python3.8/site-packages/airflow/example_dags/example_skip_dag.py
[2025-12-21T07:16:21.550+0000] {processor.py:830} INFO - Processing file /home/airflow/.local/lib/python3.8/site-packages/airflow/example_dags/example_skip_dag.py for tasks to queue
[2025-12-21T07:16:21.553+0000] {logging_mixin.py:188} INFO - [2025-12-21T07:16:21.552+0000] {dagbag.py:540} INFO - Filling up the DagBag from /home/airflow/.local/lib/python3.8/site-packages/airflow/example_dags/example_skip_dag.py
[2025-12-21T07:16:21.561+0000] {processor.py:840} INFO - DAG(s) 'example_skip_dag' retrieved from /home/airflow/.local/lib/python3.8/site-packages/airflow/example_dags/example_skip_dag.py
[2025-12-21T07:16:21.591+0000] {logging_mixin.py:188} INFO - [2025-12-21T07:16:21.591+0000] {dag.py:3047} INFO - Sync 1 DAGs
[2025-12-21T07:16:21.617+0000] {logging_mixin.py:188} INFO - [2025-12-21T07:16:21.617+0000] {dag.py:3834} INFO - Setting next_dagrun for example_skip_dag to 2025-12-20 00:00:00+00:00, run_after=2025-12-21 00:00:00+00:00
[2025-12-21T07:16:21.641+0000] {processor.py:183} INFO - Processing /home/airflow/.local/lib/python3.8/site-packages/airflow/example_dags/example_skip_dag.py took 0.096 seconds
[2025-12-21T07:16:52.345+0000] {processor.py:161} INFO - Started process (PID=655) to work on /home/airflow/.local/lib/python3.8/site-packages/airflow/example_dags/example_skip_dag.py
[2025-12-21T07:16:52.346+0000] {processor.py:830} INFO - Processing file /home/airflow/.local/lib/python3.8/site-packages/airflow/example_dags/example_skip_dag.py for tasks to queue
[2025-12-21T07:16:52.349+0000] {logging_mixin.py:188} INFO - [2025-12-21T07:16:52.349+0000] {dagbag.py:540} INFO - Filling up the DagBag from /home/airflow/.local/lib/python3.8/site-packages/airflow/example_dags/example_skip_dag.py
[2025-12-21T07:16:52.357+0000] {processor.py:840} INFO - DAG(s) 'example_skip_dag' retrieved from /home/airflow/.local/lib/python3.8/site-packages/airflow/example_dags/example_skip_dag.py
[2025-12-21T07:16:52.384+0000] {logging_mixin.py:188} INFO - [2025-12-21T07:16:52.384+0000] {dag.py:3047} INFO - Sync 1 DAGs
[2025-12-21T07:16:52.406+0000] {logging_mixin.py:188} INFO - [2025-12-21T07:16:52.406+0000] {dag.py:3834} INFO - Setting next_dagrun for example_skip_dag to 2025-12-20 00:00:00+00:00, run_after=2025-12-21 00:00:00+00:00
[2025-12-21T07:16:52.431+0000] {processor.py:183} INFO - Processing /home/airflow/.local/lib/python3.8/site-packages/airflow/example_dags/example_skip_dag.py took 0.090 seconds
[2025-12-21T07:17:22.626+0000] {processor.py:161} INFO - Started process (PID=711) to work on /home/airflow/.local/lib/python3.8/site-packages/airflow/example_dags/example_skip_dag.py
[2025-12-21T07:17:22.627+0000] {processor.py:830} INFO - Processing file /home/airflow/.local/lib/python3.8/site-packages/airflow/example_dags/example_skip_dag.py for tasks to queue
[2025-12-21T07:17:22.629+0000] {logging_mixin.py:188} INFO - [2025-12-21T07:17:22.629+0000] {dagbag.py:540} INFO - Filling up the DagBag from /home/airflow/.local/lib/python3.8/site-packages/airflow/example_dags/example_skip_dag.py
[2025-12-21T07:17:22.637+0000] {processor.py:840} INFO - DAG(s) 'example_skip_dag' retrieved from /home/airflow/.local/lib/python3.8/site-packages/airflow/example_dags/example_skip_dag.py
[2025-12-21T07:17:22.661+0000] {logging_mixin.py:188} INFO - [2025-12-21T07:17:22.661+0000] {dag.py:3047} INFO - Sync 1 DAGs
[2025-12-21T07:17:22.685+0000] {logging_mixin.py:188} INFO - [2025-12-21T07:17:22.685+0000] {dag.py:3834} INFO - Setting next_dagrun for example_skip_dag to 2025-12-20 00:00:00+00:00, run_after=2025-12-21 00:00:00+00:00
[2025-12-21T07:17:22.707+0000] {processor.py:183} INFO - Processing /home/airflow/.local/lib/python3.8/site-packages/airflow/example_dags/example_skip_dag.py took 0.086 seconds
[2025-12-21T07:17:52.765+0000] {processor.py:161} INFO - Started process (PID=767) to work on /home/airflow/.local/lib/python3.8/site-packages/airflow/example_dags/example_skip_dag.py
[2025-12-21T07:17:52.767+0000] {processor.py:830} INFO - Processing file /home/airflow/.local/lib/python3.8/site-packages/airflow/example_dags/example_skip_dag.py for tasks to queue
[2025-12-21T07:17:52.769+0000] {logging_mixin.py:188} INFO - [2025-12-21T07:17:52.769+0000] {dagbag.py:540} INFO - Filling up the DagBag from /home/airflow/.local/lib/python3.8/site-packages/airflow/example_dags/example_skip_dag.py
[2025-12-21T07:17:52.776+0000] {processor.py:840} INFO - DAG(s) 'example_skip_dag' retrieved from /home/airflow/.local/lib/python3.8/site-packages/airflow/example_dags/example_skip_dag.py
[2025-12-21T07:17:52.798+0000] {logging_mixin.py:188} INFO - [2025-12-21T07:17:52.798+0000] {dag.py:3047} INFO - Sync 1 DAGs
[2025-12-21T07:17:52.818+0000] {logging_mixin.py:188} INFO - [2025-12-21T07:17:52.818+0000] {dag.py:3834} INFO - Setting next_dagrun for example_skip_dag to 2025-12-20 00:00:00+00:00, run_after=2025-12-21 00:00:00+00:00
[2025-12-21T07:17:52.837+0000] {processor.py:183} INFO - Processing /home/airflow/.local/lib/python3.8/site-packages/airflow/example_dags/example_skip_dag.py took 0.075 seconds
[2025-12-21T07:18:23.527+0000] {processor.py:161} INFO - Started process (PID=824) to work on /home/airflow/.local/lib/python3.8/site-packages/airflow/example_dags/example_skip_dag.py
[2025-12-21T07:18:23.528+0000] {processor.py:830} INFO - Processing file /home/airflow/.local/lib/python3.8/site-packages/airflow/example_dags/example_skip_dag.py for tasks to queue
[2025-12-21T07:18:23.531+0000] {logging_mixin.py:188} INFO - [2025-12-21T07:18:23.530+0000] {dagbag.py:540} INFO - Filling up the DagBag from /home/airflow/.local/lib/python3.8/site-packages/airflow/example_dags/example_skip_dag.py
[2025-12-21T07:18:23.539+0000] {processor.py:840} INFO - DAG(s) 'example_skip_dag' retrieved from /home/airflow/.local/lib/python3.8/site-packages/airflow/example_dags/example_skip_dag.py
[2025-12-21T07:18:23.563+0000] {logging_mixin.py:188} INFO - [2025-12-21T07:18:23.563+0000] {dag.py:3047} INFO - Sync 1 DAGs
[2025-12-21T07:18:23.587+0000] {logging_mixin.py:188} INFO - [2025-12-21T07:18:23.587+0000] {dag.py:3834} INFO - Setting next_dagrun for example_skip_dag to 2025-12-20 00:00:00+00:00, run_after=2025-12-21 00:00:00+00:00
[2025-12-21T07:18:23.609+0000] {processor.py:183} INFO - Processing /home/airflow/.local/lib/python3.8/site-packages/airflow/example_dags/example_skip_dag.py took 0.086 seconds
[2025-12-21T07:18:54.530+0000] {processor.py:161} INFO - Started process (PID=880) to work on /home/airflow/.local/lib/python3.8/site-packages/airflow/example_dags/example_skip_dag.py
[2025-12-21T07:18:54.531+0000] {processor.py:830} INFO - Processing file /home/airflow/.local/lib/python3.8/site-packages/airflow/example_dags/example_skip_dag.py for tasks to queue
[2025-12-21T07:18:54.534+0000] {logging_mixin.py:188} INFO - [2025-12-21T07:18:54.533+0000] {dagbag.py:540} INFO - Filling up the DagBag from /home/airflow/.local/lib/python3.8/site-packages/airflow/example_dags/example_skip_dag.py
[2025-12-21T07:18:54.542+0000] {processor.py:840} INFO - DAG(s) 'example_skip_dag' retrieved from /home/airflow/.local/lib/python3.8/site-packages/airflow/example_dags/example_skip_dag.py
[2025-12-21T07:18:54.566+0000] {logging_mixin.py:188} INFO - [2025-12-21T07:18:54.566+0000] {dag.py:3047} INFO - Sync 1 DAGs
[2025-12-21T07:18:54.589+0000] {logging_mixin.py:188} INFO - [2025-12-21T07:18:54.589+0000] {dag.py:3834} INFO - Setting next_dagrun for example_skip_dag to 2025-12-20 00:00:00+00:00, run_after=2025-12-21 00:00:00+00:00
[2025-12-21T07:18:54.611+0000] {processor.py:183} INFO - Processing /home/airflow/.local/lib/python3.8/site-packages/airflow/example_dags/example_skip_dag.py took 0.086 seconds
[2025-12-21T07:19:27.039+0000] {processor.py:161} INFO - Started process (PID=936) to work on /home/airflow/.local/lib/python3.8/site-packages/airflow/example_dags/example_skip_dag.py
[2025-12-21T07:19:27.040+0000] {processor.py:830} INFO - Processing file /home/airflow/.local/lib/python3.8/site-packages/airflow/example_dags/example_skip_dag.py for tasks to queue
[2025-12-21T07:19:27.044+0000] {logging_mixin.py:188} INFO - [2025-12-21T07:19:27.044+0000] {dagbag.py:540} INFO - Filling up the DagBag from /home/airflow/.local/lib/python3.8/site-packages/airflow/example_dags/example_skip_dag.py
[2025-12-21T07:19:27.054+0000] {processor.py:840} INFO - DAG(s) 'example_skip_dag' retrieved from /home/airflow/.local/lib/python3.8/site-packages/airflow/example_dags/example_skip_dag.py
[2025-12-21T07:19:27.086+0000] {logging_mixin.py:188} INFO - [2025-12-21T07:19:27.086+0000] {dag.py:3047} INFO - Sync 1 DAGs
[2025-12-21T07:19:27.111+0000] {logging_mixin.py:188} INFO - [2025-12-21T07:19:27.111+0000] {dag.py:3834} INFO - Setting next_dagrun for example_skip_dag to 2025-12-20 00:00:00+00:00, run_after=2025-12-21 00:00:00+00:00
[2025-12-21T07:19:27.134+0000] {processor.py:183} INFO - Processing /home/airflow/.local/lib/python3.8/site-packages/airflow/example_dags/example_skip_dag.py took 0.100 seconds
[2025-12-21T07:19:58.235+0000] {processor.py:161} INFO - Started process (PID=993) to work on /home/airflow/.local/lib/python3.8/site-packages/airflow/example_dags/example_skip_dag.py
[2025-12-21T07:19:58.245+0000] {processor.py:830} INFO - Processing file /home/airflow/.local/lib/python3.8/site-packages/airflow/example_dags/example_skip_dag.py for tasks to queue
[2025-12-21T07:19:58.254+0000] {logging_mixin.py:188} INFO - [2025-12-21T07:19:58.253+0000] {dagbag.py:540} INFO - Filling up the DagBag from /home/airflow/.local/lib/python3.8/site-packages/airflow/example_dags/example_skip_dag.py
[2025-12-21T07:19:58.282+0000] {processor.py:840} INFO - DAG(s) 'example_skip_dag' retrieved from /home/airflow/.local/lib/python3.8/site-packages/airflow/example_dags/example_skip_dag.py
[2025-12-21T07:19:58.322+0000] {logging_mixin.py:188} INFO - [2025-12-21T07:19:58.322+0000] {dag.py:3047} INFO - Sync 1 DAGs
[2025-12-21T07:19:58.363+0000] {logging_mixin.py:188} INFO - [2025-12-21T07:19:58.363+0000] {dag.py:3834} INFO - Setting next_dagrun for example_skip_dag to 2025-12-20 00:00:00+00:00, run_after=2025-12-21 00:00:00+00:00
[2025-12-21T07:19:58.425+0000] {processor.py:183} INFO - Processing /home/airflow/.local/lib/python3.8/site-packages/airflow/example_dags/example_skip_dag.py took 0.203 seconds
[2025-12-21T07:20:41.648+0000] {processor.py:161} INFO - Started process (PID=84) to work on /home/airflow/.local/lib/python3.8/site-packages/airflow/example_dags/example_skip_dag.py
[2025-12-21T07:20:41.649+0000] {processor.py:830} INFO - Processing file /home/airflow/.local/lib/python3.8/site-packages/airflow/example_dags/example_skip_dag.py for tasks to queue
[2025-12-21T07:20:41.652+0000] {logging_mixin.py:188} INFO - [2025-12-21T07:20:41.651+0000] {dagbag.py:540} INFO - Filling up the DagBag from /home/airflow/.local/lib/python3.8/site-packages/airflow/example_dags/example_skip_dag.py
[2025-12-21T07:20:41.659+0000] {processor.py:840} INFO - DAG(s) 'example_skip_dag' retrieved from /home/airflow/.local/lib/python3.8/site-packages/airflow/example_dags/example_skip_dag.py
[2025-12-21T07:20:41.682+0000] {logging_mixin.py:188} INFO - [2025-12-21T07:20:41.682+0000] {dag.py:3047} INFO - Sync 1 DAGs
[2025-12-21T07:20:41.707+0000] {logging_mixin.py:188} INFO - [2025-12-21T07:20:41.707+0000] {dag.py:3834} INFO - Setting next_dagrun for example_skip_dag to 2025-12-20 00:00:00+00:00, run_after=2025-12-21 00:00:00+00:00
[2025-12-21T07:20:41.729+0000] {processor.py:183} INFO - Processing /home/airflow/.local/lib/python3.8/site-packages/airflow/example_dags/example_skip_dag.py took 0.085 seconds
[2025-12-21T07:21:11.922+0000] {processor.py:161} INFO - Started process (PID=140) to work on /home/airflow/.local/lib/python3.8/site-packages/airflow/example_dags/example_skip_dag.py
[2025-12-21T07:21:11.924+0000] {processor.py:830} INFO - Processing file /home/airflow/.local/lib/python3.8/site-packages/airflow/example_dags/example_skip_dag.py for tasks to queue
[2025-12-21T07:21:11.926+0000] {logging_mixin.py:188} INFO - [2025-12-21T07:21:11.926+0000] {dagbag.py:540} INFO - Filling up the DagBag from /home/airflow/.local/lib/python3.8/site-packages/airflow/example_dags/example_skip_dag.py
[2025-12-21T07:21:11.934+0000] {processor.py:840} INFO - DAG(s) 'example_skip_dag' retrieved from /home/airflow/.local/lib/python3.8/site-packages/airflow/example_dags/example_skip_dag.py
[2025-12-21T07:21:11.962+0000] {logging_mixin.py:188} INFO - [2025-12-21T07:21:11.962+0000] {dag.py:3047} INFO - Sync 1 DAGs
[2025-12-21T07:21:11.992+0000] {logging_mixin.py:188} INFO - [2025-12-21T07:21:11.992+0000] {dag.py:3834} INFO - Setting next_dagrun for example_skip_dag to 2025-12-20 00:00:00+00:00, run_after=2025-12-21 00:00:00+00:00
[2025-12-21T07:21:12.018+0000] {processor.py:183} INFO - Processing /home/airflow/.local/lib/python3.8/site-packages/airflow/example_dags/example_skip_dag.py took 0.100 seconds
[2025-12-21T07:22:22.844+0000] {processor.py:161} INFO - Started process (PID=97) to work on /home/airflow/.local/lib/python3.8/site-packages/airflow/example_dags/example_skip_dag.py
[2025-12-21T07:22:22.846+0000] {processor.py:830} INFO - Processing file /home/airflow/.local/lib/python3.8/site-packages/airflow/example_dags/example_skip_dag.py for tasks to queue
[2025-12-21T07:22:22.849+0000] {logging_mixin.py:188} INFO - [2025-12-21T07:22:22.848+0000] {dagbag.py:540} INFO - Filling up the DagBag from /home/airflow/.local/lib/python3.8/site-packages/airflow/example_dags/example_skip_dag.py
[2025-12-21T07:22:22.862+0000] {processor.py:840} INFO - DAG(s) 'example_skip_dag' retrieved from /home/airflow/.local/lib/python3.8/site-packages/airflow/example_dags/example_skip_dag.py
[2025-12-21T07:22:22.895+0000] {logging_mixin.py:188} INFO - [2025-12-21T07:22:22.895+0000] {dag.py:3047} INFO - Sync 1 DAGs
[2025-12-21T07:22:22.936+0000] {logging_mixin.py:188} INFO - [2025-12-21T07:22:22.935+0000] {dag.py:3834} INFO - Setting next_dagrun for example_skip_dag to 2025-12-20 00:00:00+00:00, run_after=2025-12-21 00:00:00+00:00
[2025-12-21T07:22:22.963+0000] {processor.py:183} INFO - Processing /home/airflow/.local/lib/python3.8/site-packages/airflow/example_dags/example_skip_dag.py took 0.125 seconds
[2025-12-21T07:22:54.454+0000] {processor.py:161} INFO - Started process (PID=154) to work on /home/airflow/.local/lib/python3.8/site-packages/airflow/example_dags/example_skip_dag.py
[2025-12-21T07:22:54.456+0000] {processor.py:830} INFO - Processing file /home/airflow/.local/lib/python3.8/site-packages/airflow/example_dags/example_skip_dag.py for tasks to queue
[2025-12-21T07:22:54.458+0000] {logging_mixin.py:188} INFO - [2025-12-21T07:22:54.458+0000] {dagbag.py:540} INFO - Filling up the DagBag from /home/airflow/.local/lib/python3.8/site-packages/airflow/example_dags/example_skip_dag.py
[2025-12-21T07:22:54.465+0000] {processor.py:840} INFO - DAG(s) 'example_skip_dag' retrieved from /home/airflow/.local/lib/python3.8/site-packages/airflow/example_dags/example_skip_dag.py
[2025-12-21T07:22:54.569+0000] {logging_mixin.py:188} INFO - [2025-12-21T07:22:54.569+0000] {dag.py:3047} INFO - Sync 1 DAGs
[2025-12-21T07:22:54.587+0000] {logging_mixin.py:188} INFO - [2025-12-21T07:22:54.587+0000] {dag.py:3834} INFO - Setting next_dagrun for example_skip_dag to 2025-12-20 00:00:00+00:00, run_after=2025-12-21 00:00:00+00:00
[2025-12-21T07:22:54.613+0000] {processor.py:183} INFO - Processing /home/airflow/.local/lib/python3.8/site-packages/airflow/example_dags/example_skip_dag.py took 0.162 seconds
[2025-12-21T07:28:34.070+0000] {processor.py:161} INFO - Started process (PID=99) to work on /home/airflow/.local/lib/python3.8/site-packages/airflow/example_dags/example_skip_dag.py
[2025-12-21T07:28:34.073+0000] {processor.py:830} INFO - Processing file /home/airflow/.local/lib/python3.8/site-packages/airflow/example_dags/example_skip_dag.py for tasks to queue
[2025-12-21T07:28:34.078+0000] {logging_mixin.py:188} INFO - [2025-12-21T07:28:34.077+0000] {dagbag.py:540} INFO - Filling up the DagBag from /home/airflow/.local/lib/python3.8/site-packages/airflow/example_dags/example_skip_dag.py
[2025-12-21T07:28:34.094+0000] {processor.py:840} INFO - DAG(s) 'example_skip_dag' retrieved from /home/airflow/.local/lib/python3.8/site-packages/airflow/example_dags/example_skip_dag.py
[2025-12-21T07:28:34.117+0000] {logging_mixin.py:188} INFO - [2025-12-21T07:28:34.116+0000] {dag.py:3047} INFO - Sync 1 DAGs
[2025-12-21T07:28:34.152+0000] {logging_mixin.py:188} INFO - [2025-12-21T07:28:34.152+0000] {dag.py:3834} INFO - Setting next_dagrun for example_skip_dag to 2025-12-20 00:00:00+00:00, run_after=2025-12-21 00:00:00+00:00
[2025-12-21T07:28:34.180+0000] {processor.py:183} INFO - Processing /home/airflow/.local/lib/python3.8/site-packages/airflow/example_dags/example_skip_dag.py took 0.123 seconds
[2025-12-21T07:29:04.596+0000] {processor.py:161} INFO - Started process (PID=155) to work on /home/airflow/.local/lib/python3.8/site-packages/airflow/example_dags/example_skip_dag.py
[2025-12-21T07:29:04.597+0000] {processor.py:830} INFO - Processing file /home/airflow/.local/lib/python3.8/site-packages/airflow/example_dags/example_skip_dag.py for tasks to queue
[2025-12-21T07:29:04.600+0000] {logging_mixin.py:188} INFO - [2025-12-21T07:29:04.599+0000] {dagbag.py:540} INFO - Filling up the DagBag from /home/airflow/.local/lib/python3.8/site-packages/airflow/example_dags/example_skip_dag.py
[2025-12-21T07:29:04.609+0000] {processor.py:840} INFO - DAG(s) 'example_skip_dag' retrieved from /home/airflow/.local/lib/python3.8/site-packages/airflow/example_dags/example_skip_dag.py
[2025-12-21T07:29:04.729+0000] {logging_mixin.py:188} INFO - [2025-12-21T07:29:04.729+0000] {dag.py:3047} INFO - Sync 1 DAGs
[2025-12-21T07:29:04.754+0000] {logging_mixin.py:188} INFO - [2025-12-21T07:29:04.754+0000] {dag.py:3834} INFO - Setting next_dagrun for example_skip_dag to 2025-12-20 00:00:00+00:00, run_after=2025-12-21 00:00:00+00:00
[2025-12-21T07:29:04.786+0000] {processor.py:183} INFO - Processing /home/airflow/.local/lib/python3.8/site-packages/airflow/example_dags/example_skip_dag.py took 0.194 seconds
[2025-12-21T07:29:34.972+0000] {processor.py:161} INFO - Started process (PID=212) to work on /home/airflow/.local/lib/python3.8/site-packages/airflow/example_dags/example_skip_dag.py
[2025-12-21T07:29:34.973+0000] {processor.py:830} INFO - Processing file /home/airflow/.local/lib/python3.8/site-packages/airflow/example_dags/example_skip_dag.py for tasks to queue
[2025-12-21T07:29:34.976+0000] {logging_mixin.py:188} INFO - [2025-12-21T07:29:34.975+0000] {dagbag.py:540} INFO - Filling up the DagBag from /home/airflow/.local/lib/python3.8/site-packages/airflow/example_dags/example_skip_dag.py
[2025-12-21T07:29:34.983+0000] {processor.py:840} INFO - DAG(s) 'example_skip_dag' retrieved from /home/airflow/.local/lib/python3.8/site-packages/airflow/example_dags/example_skip_dag.py
[2025-12-21T07:29:35.010+0000] {logging_mixin.py:188} INFO - [2025-12-21T07:29:35.010+0000] {dag.py:3047} INFO - Sync 1 DAGs
[2025-12-21T07:29:35.038+0000] {logging_mixin.py:188} INFO - [2025-12-21T07:29:35.037+0000] {dag.py:3834} INFO - Setting next_dagrun for example_skip_dag to 2025-12-20 00:00:00+00:00, run_after=2025-12-21 00:00:00+00:00
[2025-12-21T07:29:35.064+0000] {processor.py:183} INFO - Processing /home/airflow/.local/lib/python3.8/site-packages/airflow/example_dags/example_skip_dag.py took 0.096 seconds
[2025-12-21T07:30:05.132+0000] {processor.py:161} INFO - Started process (PID=267) to work on /home/airflow/.local/lib/python3.8/site-packages/airflow/example_dags/example_skip_dag.py
[2025-12-21T07:30:05.133+0000] {processor.py:830} INFO - Processing file /home/airflow/.local/lib/python3.8/site-packages/airflow/example_dags/example_skip_dag.py for tasks to queue
[2025-12-21T07:30:05.136+0000] {logging_mixin.py:188} INFO - [2025-12-21T07:30:05.135+0000] {dagbag.py:540} INFO - Filling up the DagBag from /home/airflow/.local/lib/python3.8/site-packages/airflow/example_dags/example_skip_dag.py
[2025-12-21T07:30:05.143+0000] {processor.py:840} INFO - DAG(s) 'example_skip_dag' retrieved from /home/airflow/.local/lib/python3.8/site-packages/airflow/example_dags/example_skip_dag.py
[2025-12-21T07:30:05.169+0000] {logging_mixin.py:188} INFO - [2025-12-21T07:30:05.169+0000] {dag.py:3047} INFO - Sync 1 DAGs
[2025-12-21T07:30:05.196+0000] {logging_mixin.py:188} INFO - [2025-12-21T07:30:05.196+0000] {dag.py:3834} INFO - Setting next_dagrun for example_skip_dag to 2025-12-20 00:00:00+00:00, run_after=2025-12-21 00:00:00+00:00
[2025-12-21T07:30:05.218+0000] {processor.py:183} INFO - Processing /home/airflow/.local/lib/python3.8/site-packages/airflow/example_dags/example_skip_dag.py took 0.090 seconds
[2025-12-21T07:30:35.263+0000] {processor.py:161} INFO - Started process (PID=323) to work on /home/airflow/.local/lib/python3.8/site-packages/airflow/example_dags/example_skip_dag.py
[2025-12-21T07:30:35.265+0000] {processor.py:830} INFO - Processing file /home/airflow/.local/lib/python3.8/site-packages/airflow/example_dags/example_skip_dag.py for tasks to queue
[2025-12-21T07:30:35.267+0000] {logging_mixin.py:188} INFO - [2025-12-21T07:30:35.267+0000] {dagbag.py:540} INFO - Filling up the DagBag from /home/airflow/.local/lib/python3.8/site-packages/airflow/example_dags/example_skip_dag.py
[2025-12-21T07:30:35.275+0000] {processor.py:840} INFO - DAG(s) 'example_skip_dag' retrieved from /home/airflow/.local/lib/python3.8/site-packages/airflow/example_dags/example_skip_dag.py
[2025-12-21T07:30:35.299+0000] {logging_mixin.py:188} INFO - [2025-12-21T07:30:35.299+0000] {dag.py:3047} INFO - Sync 1 DAGs
[2025-12-21T07:30:35.326+0000] {logging_mixin.py:188} INFO - [2025-12-21T07:30:35.325+0000] {dag.py:3834} INFO - Setting next_dagrun for example_skip_dag to 2025-12-20 00:00:00+00:00, run_after=2025-12-21 00:00:00+00:00
[2025-12-21T07:30:35.352+0000] {processor.py:183} INFO - Processing /home/airflow/.local/lib/python3.8/site-packages/airflow/example_dags/example_skip_dag.py took 0.092 seconds
[2025-12-21T07:31:05.512+0000] {processor.py:161} INFO - Started process (PID=379) to work on /home/airflow/.local/lib/python3.8/site-packages/airflow/example_dags/example_skip_dag.py
[2025-12-21T07:31:05.513+0000] {processor.py:830} INFO - Processing file /home/airflow/.local/lib/python3.8/site-packages/airflow/example_dags/example_skip_dag.py for tasks to queue
[2025-12-21T07:31:05.516+0000] {logging_mixin.py:188} INFO - [2025-12-21T07:31:05.516+0000] {dagbag.py:540} INFO - Filling up the DagBag from /home/airflow/.local/lib/python3.8/site-packages/airflow/example_dags/example_skip_dag.py
[2025-12-21T07:31:05.525+0000] {processor.py:840} INFO - DAG(s) 'example_skip_dag' retrieved from /home/airflow/.local/lib/python3.8/site-packages/airflow/example_dags/example_skip_dag.py
[2025-12-21T07:31:05.554+0000] {logging_mixin.py:188} INFO - [2025-12-21T07:31:05.554+0000] {dag.py:3047} INFO - Sync 1 DAGs
[2025-12-21T07:31:05.583+0000] {logging_mixin.py:188} INFO - [2025-12-21T07:31:05.583+0000] {dag.py:3834} INFO - Setting next_dagrun for example_skip_dag to 2025-12-20 00:00:00+00:00, run_after=2025-12-21 00:00:00+00:00
[2025-12-21T07:31:05.609+0000] {processor.py:183} INFO - Processing /home/airflow/.local/lib/python3.8/site-packages/airflow/example_dags/example_skip_dag.py took 0.101 seconds
[2025-12-21T07:31:35.808+0000] {processor.py:161} INFO - Started process (PID=434) to work on /home/airflow/.local/lib/python3.8/site-packages/airflow/example_dags/example_skip_dag.py
[2025-12-21T07:31:35.809+0000] {processor.py:830} INFO - Processing file /home/airflow/.local/lib/python3.8/site-packages/airflow/example_dags/example_skip_dag.py for tasks to queue
[2025-12-21T07:31:35.812+0000] {logging_mixin.py:188} INFO - [2025-12-21T07:31:35.812+0000] {dagbag.py:540} INFO - Filling up the DagBag from /home/airflow/.local/lib/python3.8/site-packages/airflow/example_dags/example_skip_dag.py
[2025-12-21T07:31:35.820+0000] {processor.py:840} INFO - DAG(s) 'example_skip_dag' retrieved from /home/airflow/.local/lib/python3.8/site-packages/airflow/example_dags/example_skip_dag.py
[2025-12-21T07:31:35.843+0000] {logging_mixin.py:188} INFO - [2025-12-21T07:31:35.843+0000] {dag.py:3047} INFO - Sync 1 DAGs
[2025-12-21T07:31:35.865+0000] {logging_mixin.py:188} INFO - [2025-12-21T07:31:35.864+0000] {dag.py:3834} INFO - Setting next_dagrun for example_skip_dag to 2025-12-20 00:00:00+00:00, run_after=2025-12-21 00:00:00+00:00
[2025-12-21T07:31:35.885+0000] {processor.py:183} INFO - Processing /home/airflow/.local/lib/python3.8/site-packages/airflow/example_dags/example_skip_dag.py took 0.081 seconds
