[2025-12-21T06:58:36.125+0000] {processor.py:161} INFO - Started process (PID=59) to work on /home/airflow/.local/lib/python3.8/site-packages/airflow/example_dags/example_branch_day_of_week_operator.py
[2025-12-21T06:58:36.128+0000] {processor.py:830} INFO - Processing file /home/airflow/.local/lib/python3.8/site-packages/airflow/example_dags/example_branch_day_of_week_operator.py for tasks to queue
[2025-12-21T06:58:36.132+0000] {logging_mixin.py:188} INFO - [2025-12-21T06:58:36.131+0000] {dagbag.py:540} INFO - Filling up the DagBag from /home/airflow/.local/lib/python3.8/site-packages/airflow/example_dags/example_branch_day_of_week_operator.py
[2025-12-21T06:58:36.149+0000] {processor.py:840} INFO - DAG(s) 'example_weekday_branch_operator' retrieved from /home/airflow/.local/lib/python3.8/site-packages/airflow/example_dags/example_branch_day_of_week_operator.py
[2025-12-21T06:58:36.173+0000] {logging_mixin.py:188} INFO - [2025-12-21T06:58:36.173+0000] {dag.py:3047} INFO - Sync 1 DAGs
[2025-12-21T06:58:36.215+0000] {logging_mixin.py:188} INFO - [2025-12-21T06:58:36.214+0000] {dag.py:3834} INFO - Setting next_dagrun for example_weekday_branch_operator to 2025-12-20 00:00:00+00:00, run_after=2025-12-21 00:00:00+00:00
[2025-12-21T06:58:36.252+0000] {processor.py:183} INFO - Processing /home/airflow/.local/lib/python3.8/site-packages/airflow/example_dags/example_branch_day_of_week_operator.py took 0.139 seconds
[2025-12-21T06:58:51.791+0000] {processor.py:161} INFO - Started process (PID=55) to work on /home/airflow/.local/lib/python3.8/site-packages/airflow/example_dags/example_branch_day_of_week_operator.py
[2025-12-21T06:58:51.792+0000] {processor.py:830} INFO - Processing file /home/airflow/.local/lib/python3.8/site-packages/airflow/example_dags/example_branch_day_of_week_operator.py for tasks to queue
[2025-12-21T06:58:51.794+0000] {logging_mixin.py:188} INFO - [2025-12-21T06:58:51.794+0000] {dagbag.py:540} INFO - Filling up the DagBag from /home/airflow/.local/lib/python3.8/site-packages/airflow/example_dags/example_branch_day_of_week_operator.py
[2025-12-21T06:58:51.802+0000] {processor.py:840} INFO - DAG(s) 'example_weekday_branch_operator' retrieved from /home/airflow/.local/lib/python3.8/site-packages/airflow/example_dags/example_branch_day_of_week_operator.py
[2025-12-21T06:58:51.903+0000] {logging_mixin.py:188} INFO - [2025-12-21T06:58:51.903+0000] {dag.py:3047} INFO - Sync 1 DAGs
[2025-12-21T06:58:51.928+0000] {logging_mixin.py:188} INFO - [2025-12-21T06:58:51.928+0000] {dag.py:3834} INFO - Setting next_dagrun for example_weekday_branch_operator to 2025-12-20 00:00:00+00:00, run_after=2025-12-21 00:00:00+00:00
[2025-12-21T06:58:51.951+0000] {processor.py:183} INFO - Processing /home/airflow/.local/lib/python3.8/site-packages/airflow/example_dags/example_branch_day_of_week_operator.py took 0.164 seconds
[2025-12-21T06:59:22.960+0000] {processor.py:161} INFO - Started process (PID=111) to work on /home/airflow/.local/lib/python3.8/site-packages/airflow/example_dags/example_branch_day_of_week_operator.py
[2025-12-21T06:59:22.962+0000] {processor.py:830} INFO - Processing file /home/airflow/.local/lib/python3.8/site-packages/airflow/example_dags/example_branch_day_of_week_operator.py for tasks to queue
[2025-12-21T06:59:22.965+0000] {logging_mixin.py:188} INFO - [2025-12-21T06:59:22.965+0000] {dagbag.py:540} INFO - Filling up the DagBag from /home/airflow/.local/lib/python3.8/site-packages/airflow/example_dags/example_branch_day_of_week_operator.py
[2025-12-21T06:59:22.977+0000] {processor.py:840} INFO - DAG(s) 'example_weekday_branch_operator' retrieved from /home/airflow/.local/lib/python3.8/site-packages/airflow/example_dags/example_branch_day_of_week_operator.py
[2025-12-21T06:59:23.005+0000] {logging_mixin.py:188} INFO - [2025-12-21T06:59:23.005+0000] {dag.py:3047} INFO - Sync 1 DAGs
[2025-12-21T06:59:23.031+0000] {logging_mixin.py:188} INFO - [2025-12-21T06:59:23.030+0000] {dag.py:3834} INFO - Setting next_dagrun for example_weekday_branch_operator to 2025-12-20 00:00:00+00:00, run_after=2025-12-21 00:00:00+00:00
[2025-12-21T06:59:23.054+0000] {processor.py:183} INFO - Processing /home/airflow/.local/lib/python3.8/site-packages/airflow/example_dags/example_branch_day_of_week_operator.py took 0.098 seconds
[2025-12-21T06:59:53.236+0000] {processor.py:161} INFO - Started process (PID=166) to work on /home/airflow/.local/lib/python3.8/site-packages/airflow/example_dags/example_branch_day_of_week_operator.py
[2025-12-21T06:59:53.238+0000] {processor.py:830} INFO - Processing file /home/airflow/.local/lib/python3.8/site-packages/airflow/example_dags/example_branch_day_of_week_operator.py for tasks to queue
[2025-12-21T06:59:53.240+0000] {logging_mixin.py:188} INFO - [2025-12-21T06:59:53.239+0000] {dagbag.py:540} INFO - Filling up the DagBag from /home/airflow/.local/lib/python3.8/site-packages/airflow/example_dags/example_branch_day_of_week_operator.py
[2025-12-21T06:59:53.249+0000] {processor.py:840} INFO - DAG(s) 'example_weekday_branch_operator' retrieved from /home/airflow/.local/lib/python3.8/site-packages/airflow/example_dags/example_branch_day_of_week_operator.py
[2025-12-21T06:59:53.275+0000] {logging_mixin.py:188} INFO - [2025-12-21T06:59:53.274+0000] {dag.py:3047} INFO - Sync 1 DAGs
[2025-12-21T06:59:53.298+0000] {logging_mixin.py:188} INFO - [2025-12-21T06:59:53.298+0000] {dag.py:3834} INFO - Setting next_dagrun for example_weekday_branch_operator to 2025-12-20 00:00:00+00:00, run_after=2025-12-21 00:00:00+00:00
[2025-12-21T06:59:53.322+0000] {processor.py:183} INFO - Processing /home/airflow/.local/lib/python3.8/site-packages/airflow/example_dags/example_branch_day_of_week_operator.py took 0.090 seconds
[2025-12-21T07:00:23.451+0000] {processor.py:161} INFO - Started process (PID=222) to work on /home/airflow/.local/lib/python3.8/site-packages/airflow/example_dags/example_branch_day_of_week_operator.py
[2025-12-21T07:00:23.453+0000] {processor.py:830} INFO - Processing file /home/airflow/.local/lib/python3.8/site-packages/airflow/example_dags/example_branch_day_of_week_operator.py for tasks to queue
[2025-12-21T07:00:23.456+0000] {logging_mixin.py:188} INFO - [2025-12-21T07:00:23.456+0000] {dagbag.py:540} INFO - Filling up the DagBag from /home/airflow/.local/lib/python3.8/site-packages/airflow/example_dags/example_branch_day_of_week_operator.py
[2025-12-21T07:00:23.465+0000] {processor.py:840} INFO - DAG(s) 'example_weekday_branch_operator' retrieved from /home/airflow/.local/lib/python3.8/site-packages/airflow/example_dags/example_branch_day_of_week_operator.py
[2025-12-21T07:00:23.494+0000] {logging_mixin.py:188} INFO - [2025-12-21T07:00:23.493+0000] {dag.py:3047} INFO - Sync 1 DAGs
[2025-12-21T07:00:23.519+0000] {logging_mixin.py:188} INFO - [2025-12-21T07:00:23.518+0000] {dag.py:3834} INFO - Setting next_dagrun for example_weekday_branch_operator to 2025-12-20 00:00:00+00:00, run_after=2025-12-21 00:00:00+00:00
[2025-12-21T07:00:23.541+0000] {processor.py:183} INFO - Processing /home/airflow/.local/lib/python3.8/site-packages/airflow/example_dags/example_branch_day_of_week_operator.py took 0.094 seconds
[2025-12-21T07:00:53.939+0000] {processor.py:161} INFO - Started process (PID=278) to work on /home/airflow/.local/lib/python3.8/site-packages/airflow/example_dags/example_branch_day_of_week_operator.py
[2025-12-21T07:00:53.941+0000] {processor.py:830} INFO - Processing file /home/airflow/.local/lib/python3.8/site-packages/airflow/example_dags/example_branch_day_of_week_operator.py for tasks to queue
[2025-12-21T07:00:53.944+0000] {logging_mixin.py:188} INFO - [2025-12-21T07:00:53.944+0000] {dagbag.py:540} INFO - Filling up the DagBag from /home/airflow/.local/lib/python3.8/site-packages/airflow/example_dags/example_branch_day_of_week_operator.py
[2025-12-21T07:00:53.955+0000] {processor.py:840} INFO - DAG(s) 'example_weekday_branch_operator' retrieved from /home/airflow/.local/lib/python3.8/site-packages/airflow/example_dags/example_branch_day_of_week_operator.py
[2025-12-21T07:00:53.978+0000] {logging_mixin.py:188} INFO - [2025-12-21T07:00:53.978+0000] {dag.py:3047} INFO - Sync 1 DAGs
[2025-12-21T07:00:54.002+0000] {logging_mixin.py:188} INFO - [2025-12-21T07:00:54.002+0000] {dag.py:3834} INFO - Setting next_dagrun for example_weekday_branch_operator to 2025-12-20 00:00:00+00:00, run_after=2025-12-21 00:00:00+00:00
[2025-12-21T07:00:54.058+0000] {processor.py:183} INFO - Processing /home/airflow/.local/lib/python3.8/site-packages/airflow/example_dags/example_branch_day_of_week_operator.py took 0.122 seconds
[2025-12-21T07:01:24.278+0000] {processor.py:161} INFO - Started process (PID=334) to work on /home/airflow/.local/lib/python3.8/site-packages/airflow/example_dags/example_branch_day_of_week_operator.py
[2025-12-21T07:01:24.280+0000] {processor.py:830} INFO - Processing file /home/airflow/.local/lib/python3.8/site-packages/airflow/example_dags/example_branch_day_of_week_operator.py for tasks to queue
[2025-12-21T07:01:24.282+0000] {logging_mixin.py:188} INFO - [2025-12-21T07:01:24.282+0000] {dagbag.py:540} INFO - Filling up the DagBag from /home/airflow/.local/lib/python3.8/site-packages/airflow/example_dags/example_branch_day_of_week_operator.py
[2025-12-21T07:01:24.292+0000] {processor.py:840} INFO - DAG(s) 'example_weekday_branch_operator' retrieved from /home/airflow/.local/lib/python3.8/site-packages/airflow/example_dags/example_branch_day_of_week_operator.py
[2025-12-21T07:01:24.320+0000] {logging_mixin.py:188} INFO - [2025-12-21T07:01:24.320+0000] {dag.py:3047} INFO - Sync 1 DAGs
[2025-12-21T07:01:24.348+0000] {logging_mixin.py:188} INFO - [2025-12-21T07:01:24.348+0000] {dag.py:3834} INFO - Setting next_dagrun for example_weekday_branch_operator to 2025-12-20 00:00:00+00:00, run_after=2025-12-21 00:00:00+00:00
[2025-12-21T07:01:24.376+0000] {processor.py:183} INFO - Processing /home/airflow/.local/lib/python3.8/site-packages/airflow/example_dags/example_branch_day_of_week_operator.py took 0.104 seconds
[2025-12-21T07:01:54.518+0000] {processor.py:161} INFO - Started process (PID=390) to work on /home/airflow/.local/lib/python3.8/site-packages/airflow/example_dags/example_branch_day_of_week_operator.py
[2025-12-21T07:01:54.520+0000] {processor.py:830} INFO - Processing file /home/airflow/.local/lib/python3.8/site-packages/airflow/example_dags/example_branch_day_of_week_operator.py for tasks to queue
[2025-12-21T07:01:54.523+0000] {logging_mixin.py:188} INFO - [2025-12-21T07:01:54.522+0000] {dagbag.py:540} INFO - Filling up the DagBag from /home/airflow/.local/lib/python3.8/site-packages/airflow/example_dags/example_branch_day_of_week_operator.py
[2025-12-21T07:01:54.532+0000] {processor.py:840} INFO - DAG(s) 'example_weekday_branch_operator' retrieved from /home/airflow/.local/lib/python3.8/site-packages/airflow/example_dags/example_branch_day_of_week_operator.py
[2025-12-21T07:01:54.555+0000] {logging_mixin.py:188} INFO - [2025-12-21T07:01:54.555+0000] {dag.py:3047} INFO - Sync 1 DAGs
[2025-12-21T07:01:54.576+0000] {logging_mixin.py:188} INFO - [2025-12-21T07:01:54.575+0000] {dag.py:3834} INFO - Setting next_dagrun for example_weekday_branch_operator to 2025-12-20 00:00:00+00:00, run_after=2025-12-21 00:00:00+00:00
[2025-12-21T07:01:54.595+0000] {processor.py:183} INFO - Processing /home/airflow/.local/lib/python3.8/site-packages/airflow/example_dags/example_branch_day_of_week_operator.py took 0.080 seconds
[2025-12-21T07:02:24.758+0000] {processor.py:161} INFO - Started process (PID=446) to work on /home/airflow/.local/lib/python3.8/site-packages/airflow/example_dags/example_branch_day_of_week_operator.py
[2025-12-21T07:02:24.760+0000] {processor.py:830} INFO - Processing file /home/airflow/.local/lib/python3.8/site-packages/airflow/example_dags/example_branch_day_of_week_operator.py for tasks to queue
[2025-12-21T07:02:24.762+0000] {logging_mixin.py:188} INFO - [2025-12-21T07:02:24.762+0000] {dagbag.py:540} INFO - Filling up the DagBag from /home/airflow/.local/lib/python3.8/site-packages/airflow/example_dags/example_branch_day_of_week_operator.py
[2025-12-21T07:02:24.771+0000] {processor.py:840} INFO - DAG(s) 'example_weekday_branch_operator' retrieved from /home/airflow/.local/lib/python3.8/site-packages/airflow/example_dags/example_branch_day_of_week_operator.py
[2025-12-21T07:02:24.797+0000] {logging_mixin.py:188} INFO - [2025-12-21T07:02:24.797+0000] {dag.py:3047} INFO - Sync 1 DAGs
[2025-12-21T07:02:24.822+0000] {logging_mixin.py:188} INFO - [2025-12-21T07:02:24.822+0000] {dag.py:3834} INFO - Setting next_dagrun for example_weekday_branch_operator to 2025-12-20 00:00:00+00:00, run_after=2025-12-21 00:00:00+00:00
[2025-12-21T07:02:24.840+0000] {processor.py:183} INFO - Processing /home/airflow/.local/lib/python3.8/site-packages/airflow/example_dags/example_branch_day_of_week_operator.py took 0.085 seconds
[2025-12-21T07:02:55.113+0000] {processor.py:161} INFO - Started process (PID=502) to work on /home/airflow/.local/lib/python3.8/site-packages/airflow/example_dags/example_branch_day_of_week_operator.py
[2025-12-21T07:02:55.115+0000] {processor.py:830} INFO - Processing file /home/airflow/.local/lib/python3.8/site-packages/airflow/example_dags/example_branch_day_of_week_operator.py for tasks to queue
[2025-12-21T07:02:55.117+0000] {logging_mixin.py:188} INFO - [2025-12-21T07:02:55.117+0000] {dagbag.py:540} INFO - Filling up the DagBag from /home/airflow/.local/lib/python3.8/site-packages/airflow/example_dags/example_branch_day_of_week_operator.py
[2025-12-21T07:02:55.127+0000] {processor.py:840} INFO - DAG(s) 'example_weekday_branch_operator' retrieved from /home/airflow/.local/lib/python3.8/site-packages/airflow/example_dags/example_branch_day_of_week_operator.py
[2025-12-21T07:02:55.152+0000] {logging_mixin.py:188} INFO - [2025-12-21T07:02:55.151+0000] {dag.py:3047} INFO - Sync 1 DAGs
[2025-12-21T07:02:55.177+0000] {logging_mixin.py:188} INFO - [2025-12-21T07:02:55.177+0000] {dag.py:3834} INFO - Setting next_dagrun for example_weekday_branch_operator to 2025-12-20 00:00:00+00:00, run_after=2025-12-21 00:00:00+00:00
[2025-12-21T07:02:55.202+0000] {processor.py:183} INFO - Processing /home/airflow/.local/lib/python3.8/site-packages/airflow/example_dags/example_branch_day_of_week_operator.py took 0.093 seconds
[2025-12-21T07:03:25.629+0000] {processor.py:161} INFO - Started process (PID=558) to work on /home/airflow/.local/lib/python3.8/site-packages/airflow/example_dags/example_branch_day_of_week_operator.py
[2025-12-21T07:03:25.631+0000] {processor.py:830} INFO - Processing file /home/airflow/.local/lib/python3.8/site-packages/airflow/example_dags/example_branch_day_of_week_operator.py for tasks to queue
[2025-12-21T07:03:25.633+0000] {logging_mixin.py:188} INFO - [2025-12-21T07:03:25.633+0000] {dagbag.py:540} INFO - Filling up the DagBag from /home/airflow/.local/lib/python3.8/site-packages/airflow/example_dags/example_branch_day_of_week_operator.py
[2025-12-21T07:03:25.643+0000] {processor.py:840} INFO - DAG(s) 'example_weekday_branch_operator' retrieved from /home/airflow/.local/lib/python3.8/site-packages/airflow/example_dags/example_branch_day_of_week_operator.py
[2025-12-21T07:03:25.668+0000] {logging_mixin.py:188} INFO - [2025-12-21T07:03:25.667+0000] {dag.py:3047} INFO - Sync 1 DAGs
[2025-12-21T07:03:25.695+0000] {logging_mixin.py:188} INFO - [2025-12-21T07:03:25.695+0000] {dag.py:3834} INFO - Setting next_dagrun for example_weekday_branch_operator to 2025-12-20 00:00:00+00:00, run_after=2025-12-21 00:00:00+00:00
[2025-12-21T07:03:25.719+0000] {processor.py:183} INFO - Processing /home/airflow/.local/lib/python3.8/site-packages/airflow/example_dags/example_branch_day_of_week_operator.py took 0.099 seconds
[2025-12-21T07:03:56.321+0000] {processor.py:161} INFO - Started process (PID=614) to work on /home/airflow/.local/lib/python3.8/site-packages/airflow/example_dags/example_branch_day_of_week_operator.py
[2025-12-21T07:03:56.322+0000] {processor.py:830} INFO - Processing file /home/airflow/.local/lib/python3.8/site-packages/airflow/example_dags/example_branch_day_of_week_operator.py for tasks to queue
[2025-12-21T07:03:56.326+0000] {logging_mixin.py:188} INFO - [2025-12-21T07:03:56.326+0000] {dagbag.py:540} INFO - Filling up the DagBag from /home/airflow/.local/lib/python3.8/site-packages/airflow/example_dags/example_branch_day_of_week_operator.py
[2025-12-21T07:03:56.337+0000] {processor.py:840} INFO - DAG(s) 'example_weekday_branch_operator' retrieved from /home/airflow/.local/lib/python3.8/site-packages/airflow/example_dags/example_branch_day_of_week_operator.py
[2025-12-21T07:03:56.361+0000] {logging_mixin.py:188} INFO - [2025-12-21T07:03:56.360+0000] {dag.py:3047} INFO - Sync 1 DAGs
[2025-12-21T07:03:56.387+0000] {logging_mixin.py:188} INFO - [2025-12-21T07:03:56.387+0000] {dag.py:3834} INFO - Setting next_dagrun for example_weekday_branch_operator to 2025-12-20 00:00:00+00:00, run_after=2025-12-21 00:00:00+00:00
[2025-12-21T07:03:56.410+0000] {processor.py:183} INFO - Processing /home/airflow/.local/lib/python3.8/site-packages/airflow/example_dags/example_branch_day_of_week_operator.py took 0.093 seconds
[2025-12-21T07:04:27.124+0000] {processor.py:161} INFO - Started process (PID=670) to work on /home/airflow/.local/lib/python3.8/site-packages/airflow/example_dags/example_branch_day_of_week_operator.py
[2025-12-21T07:04:27.127+0000] {processor.py:830} INFO - Processing file /home/airflow/.local/lib/python3.8/site-packages/airflow/example_dags/example_branch_day_of_week_operator.py for tasks to queue
[2025-12-21T07:04:27.130+0000] {logging_mixin.py:188} INFO - [2025-12-21T07:04:27.129+0000] {dagbag.py:540} INFO - Filling up the DagBag from /home/airflow/.local/lib/python3.8/site-packages/airflow/example_dags/example_branch_day_of_week_operator.py
[2025-12-21T07:04:27.139+0000] {processor.py:840} INFO - DAG(s) 'example_weekday_branch_operator' retrieved from /home/airflow/.local/lib/python3.8/site-packages/airflow/example_dags/example_branch_day_of_week_operator.py
[2025-12-21T07:04:27.162+0000] {logging_mixin.py:188} INFO - [2025-12-21T07:04:27.161+0000] {dag.py:3047} INFO - Sync 1 DAGs
[2025-12-21T07:04:27.186+0000] {logging_mixin.py:188} INFO - [2025-12-21T07:04:27.185+0000] {dag.py:3834} INFO - Setting next_dagrun for example_weekday_branch_operator to 2025-12-20 00:00:00+00:00, run_after=2025-12-21 00:00:00+00:00
[2025-12-21T07:04:27.206+0000] {processor.py:183} INFO - Processing /home/airflow/.local/lib/python3.8/site-packages/airflow/example_dags/example_branch_day_of_week_operator.py took 0.085 seconds
[2025-12-21T07:04:57.491+0000] {processor.py:161} INFO - Started process (PID=726) to work on /home/airflow/.local/lib/python3.8/site-packages/airflow/example_dags/example_branch_day_of_week_operator.py
[2025-12-21T07:04:57.493+0000] {processor.py:830} INFO - Processing file /home/airflow/.local/lib/python3.8/site-packages/airflow/example_dags/example_branch_day_of_week_operator.py for tasks to queue
[2025-12-21T07:04:57.495+0000] {logging_mixin.py:188} INFO - [2025-12-21T07:04:57.495+0000] {dagbag.py:540} INFO - Filling up the DagBag from /home/airflow/.local/lib/python3.8/site-packages/airflow/example_dags/example_branch_day_of_week_operator.py
[2025-12-21T07:04:57.503+0000] {processor.py:840} INFO - DAG(s) 'example_weekday_branch_operator' retrieved from /home/airflow/.local/lib/python3.8/site-packages/airflow/example_dags/example_branch_day_of_week_operator.py
[2025-12-21T07:04:57.526+0000] {logging_mixin.py:188} INFO - [2025-12-21T07:04:57.526+0000] {dag.py:3047} INFO - Sync 1 DAGs
[2025-12-21T07:04:57.552+0000] {logging_mixin.py:188} INFO - [2025-12-21T07:04:57.552+0000] {dag.py:3834} INFO - Setting next_dagrun for example_weekday_branch_operator to 2025-12-20 00:00:00+00:00, run_after=2025-12-21 00:00:00+00:00
[2025-12-21T07:04:57.572+0000] {processor.py:183} INFO - Processing /home/airflow/.local/lib/python3.8/site-packages/airflow/example_dags/example_branch_day_of_week_operator.py took 0.085 seconds
[2025-12-21T07:05:27.930+0000] {processor.py:161} INFO - Started process (PID=782) to work on /home/airflow/.local/lib/python3.8/site-packages/airflow/example_dags/example_branch_day_of_week_operator.py
[2025-12-21T07:05:27.932+0000] {processor.py:830} INFO - Processing file /home/airflow/.local/lib/python3.8/site-packages/airflow/example_dags/example_branch_day_of_week_operator.py for tasks to queue
[2025-12-21T07:05:27.934+0000] {logging_mixin.py:188} INFO - [2025-12-21T07:05:27.934+0000] {dagbag.py:540} INFO - Filling up the DagBag from /home/airflow/.local/lib/python3.8/site-packages/airflow/example_dags/example_branch_day_of_week_operator.py
[2025-12-21T07:05:27.942+0000] {processor.py:840} INFO - DAG(s) 'example_weekday_branch_operator' retrieved from /home/airflow/.local/lib/python3.8/site-packages/airflow/example_dags/example_branch_day_of_week_operator.py
[2025-12-21T07:05:27.966+0000] {logging_mixin.py:188} INFO - [2025-12-21T07:05:27.966+0000] {dag.py:3047} INFO - Sync 1 DAGs
[2025-12-21T07:05:27.989+0000] {logging_mixin.py:188} INFO - [2025-12-21T07:05:27.989+0000] {dag.py:3834} INFO - Setting next_dagrun for example_weekday_branch_operator to 2025-12-20 00:00:00+00:00, run_after=2025-12-21 00:00:00+00:00
[2025-12-21T07:05:28.013+0000] {processor.py:183} INFO - Processing /home/airflow/.local/lib/python3.8/site-packages/airflow/example_dags/example_branch_day_of_week_operator.py took 0.087 seconds
[2025-12-21T07:05:58.138+0000] {processor.py:161} INFO - Started process (PID=838) to work on /home/airflow/.local/lib/python3.8/site-packages/airflow/example_dags/example_branch_day_of_week_operator.py
[2025-12-21T07:05:58.140+0000] {processor.py:830} INFO - Processing file /home/airflow/.local/lib/python3.8/site-packages/airflow/example_dags/example_branch_day_of_week_operator.py for tasks to queue
[2025-12-21T07:05:58.142+0000] {logging_mixin.py:188} INFO - [2025-12-21T07:05:58.142+0000] {dagbag.py:540} INFO - Filling up the DagBag from /home/airflow/.local/lib/python3.8/site-packages/airflow/example_dags/example_branch_day_of_week_operator.py
[2025-12-21T07:05:58.151+0000] {processor.py:840} INFO - DAG(s) 'example_weekday_branch_operator' retrieved from /home/airflow/.local/lib/python3.8/site-packages/airflow/example_dags/example_branch_day_of_week_operator.py
[2025-12-21T07:05:58.177+0000] {logging_mixin.py:188} INFO - [2025-12-21T07:05:58.177+0000] {dag.py:3047} INFO - Sync 1 DAGs
[2025-12-21T07:05:58.204+0000] {logging_mixin.py:188} INFO - [2025-12-21T07:05:58.203+0000] {dag.py:3834} INFO - Setting next_dagrun for example_weekday_branch_operator to 2025-12-20 00:00:00+00:00, run_after=2025-12-21 00:00:00+00:00
[2025-12-21T07:05:58.233+0000] {processor.py:183} INFO - Processing /home/airflow/.local/lib/python3.8/site-packages/airflow/example_dags/example_branch_day_of_week_operator.py took 0.099 seconds
[2025-12-21T07:06:28.414+0000] {processor.py:161} INFO - Started process (PID=894) to work on /home/airflow/.local/lib/python3.8/site-packages/airflow/example_dags/example_branch_day_of_week_operator.py
[2025-12-21T07:06:28.416+0000] {processor.py:830} INFO - Processing file /home/airflow/.local/lib/python3.8/site-packages/airflow/example_dags/example_branch_day_of_week_operator.py for tasks to queue
[2025-12-21T07:06:28.419+0000] {logging_mixin.py:188} INFO - [2025-12-21T07:06:28.418+0000] {dagbag.py:540} INFO - Filling up the DagBag from /home/airflow/.local/lib/python3.8/site-packages/airflow/example_dags/example_branch_day_of_week_operator.py
[2025-12-21T07:06:28.431+0000] {processor.py:840} INFO - DAG(s) 'example_weekday_branch_operator' retrieved from /home/airflow/.local/lib/python3.8/site-packages/airflow/example_dags/example_branch_day_of_week_operator.py
[2025-12-21T07:06:28.471+0000] {logging_mixin.py:188} INFO - [2025-12-21T07:06:28.471+0000] {dag.py:3047} INFO - Sync 1 DAGs
[2025-12-21T07:06:28.557+0000] {logging_mixin.py:188} INFO - [2025-12-21T07:06:28.556+0000] {dag.py:3834} INFO - Setting next_dagrun for example_weekday_branch_operator to 2025-12-20 00:00:00+00:00, run_after=2025-12-21 00:00:00+00:00
[2025-12-21T07:06:28.615+0000] {processor.py:183} INFO - Processing /home/airflow/.local/lib/python3.8/site-packages/airflow/example_dags/example_branch_day_of_week_operator.py took 0.207 seconds
[2025-12-21T07:06:58.855+0000] {processor.py:161} INFO - Started process (PID=950) to work on /home/airflow/.local/lib/python3.8/site-packages/airflow/example_dags/example_branch_day_of_week_operator.py
[2025-12-21T07:06:58.856+0000] {processor.py:830} INFO - Processing file /home/airflow/.local/lib/python3.8/site-packages/airflow/example_dags/example_branch_day_of_week_operator.py for tasks to queue
[2025-12-21T07:06:58.859+0000] {logging_mixin.py:188} INFO - [2025-12-21T07:06:58.858+0000] {dagbag.py:540} INFO - Filling up the DagBag from /home/airflow/.local/lib/python3.8/site-packages/airflow/example_dags/example_branch_day_of_week_operator.py
[2025-12-21T07:06:58.869+0000] {processor.py:840} INFO - DAG(s) 'example_weekday_branch_operator' retrieved from /home/airflow/.local/lib/python3.8/site-packages/airflow/example_dags/example_branch_day_of_week_operator.py
[2025-12-21T07:06:58.892+0000] {logging_mixin.py:188} INFO - [2025-12-21T07:06:58.891+0000] {dag.py:3047} INFO - Sync 1 DAGs
[2025-12-21T07:06:58.916+0000] {logging_mixin.py:188} INFO - [2025-12-21T07:06:58.915+0000] {dag.py:3834} INFO - Setting next_dagrun for example_weekday_branch_operator to 2025-12-20 00:00:00+00:00, run_after=2025-12-21 00:00:00+00:00
[2025-12-21T07:06:58.937+0000] {processor.py:183} INFO - Processing /home/airflow/.local/lib/python3.8/site-packages/airflow/example_dags/example_branch_day_of_week_operator.py took 0.086 seconds
[2025-12-21T07:07:29.395+0000] {processor.py:161} INFO - Started process (PID=1006) to work on /home/airflow/.local/lib/python3.8/site-packages/airflow/example_dags/example_branch_day_of_week_operator.py
[2025-12-21T07:07:29.396+0000] {processor.py:830} INFO - Processing file /home/airflow/.local/lib/python3.8/site-packages/airflow/example_dags/example_branch_day_of_week_operator.py for tasks to queue
[2025-12-21T07:07:29.398+0000] {logging_mixin.py:188} INFO - [2025-12-21T07:07:29.397+0000] {dagbag.py:540} INFO - Filling up the DagBag from /home/airflow/.local/lib/python3.8/site-packages/airflow/example_dags/example_branch_day_of_week_operator.py
[2025-12-21T07:07:29.405+0000] {processor.py:840} INFO - DAG(s) 'example_weekday_branch_operator' retrieved from /home/airflow/.local/lib/python3.8/site-packages/airflow/example_dags/example_branch_day_of_week_operator.py
[2025-12-21T07:07:29.428+0000] {logging_mixin.py:188} INFO - [2025-12-21T07:07:29.428+0000] {dag.py:3047} INFO - Sync 1 DAGs
[2025-12-21T07:07:29.453+0000] {logging_mixin.py:188} INFO - [2025-12-21T07:07:29.453+0000] {dag.py:3834} INFO - Setting next_dagrun for example_weekday_branch_operator to 2025-12-20 00:00:00+00:00, run_after=2025-12-21 00:00:00+00:00
[2025-12-21T07:07:29.477+0000] {processor.py:183} INFO - Processing /home/airflow/.local/lib/python3.8/site-packages/airflow/example_dags/example_branch_day_of_week_operator.py took 0.086 seconds
[2025-12-21T07:08:00.101+0000] {processor.py:161} INFO - Started process (PID=1062) to work on /home/airflow/.local/lib/python3.8/site-packages/airflow/example_dags/example_branch_day_of_week_operator.py
[2025-12-21T07:08:00.103+0000] {processor.py:830} INFO - Processing file /home/airflow/.local/lib/python3.8/site-packages/airflow/example_dags/example_branch_day_of_week_operator.py for tasks to queue
[2025-12-21T07:08:00.105+0000] {logging_mixin.py:188} INFO - [2025-12-21T07:08:00.105+0000] {dagbag.py:540} INFO - Filling up the DagBag from /home/airflow/.local/lib/python3.8/site-packages/airflow/example_dags/example_branch_day_of_week_operator.py
[2025-12-21T07:08:00.113+0000] {processor.py:840} INFO - DAG(s) 'example_weekday_branch_operator' retrieved from /home/airflow/.local/lib/python3.8/site-packages/airflow/example_dags/example_branch_day_of_week_operator.py
[2025-12-21T07:08:00.137+0000] {logging_mixin.py:188} INFO - [2025-12-21T07:08:00.137+0000] {dag.py:3047} INFO - Sync 1 DAGs
[2025-12-21T07:08:00.164+0000] {logging_mixin.py:188} INFO - [2025-12-21T07:08:00.164+0000] {dag.py:3834} INFO - Setting next_dagrun for example_weekday_branch_operator to 2025-12-20 00:00:00+00:00, run_after=2025-12-21 00:00:00+00:00
[2025-12-21T07:08:00.186+0000] {processor.py:183} INFO - Processing /home/airflow/.local/lib/python3.8/site-packages/airflow/example_dags/example_branch_day_of_week_operator.py took 0.089 seconds
[2025-12-21T07:08:30.281+0000] {processor.py:161} INFO - Started process (PID=1118) to work on /home/airflow/.local/lib/python3.8/site-packages/airflow/example_dags/example_branch_day_of_week_operator.py
[2025-12-21T07:08:30.283+0000] {processor.py:830} INFO - Processing file /home/airflow/.local/lib/python3.8/site-packages/airflow/example_dags/example_branch_day_of_week_operator.py for tasks to queue
[2025-12-21T07:08:30.284+0000] {logging_mixin.py:188} INFO - [2025-12-21T07:08:30.284+0000] {dagbag.py:540} INFO - Filling up the DagBag from /home/airflow/.local/lib/python3.8/site-packages/airflow/example_dags/example_branch_day_of_week_operator.py
[2025-12-21T07:08:30.294+0000] {processor.py:840} INFO - DAG(s) 'example_weekday_branch_operator' retrieved from /home/airflow/.local/lib/python3.8/site-packages/airflow/example_dags/example_branch_day_of_week_operator.py
[2025-12-21T07:08:30.319+0000] {logging_mixin.py:188} INFO - [2025-12-21T07:08:30.319+0000] {dag.py:3047} INFO - Sync 1 DAGs
[2025-12-21T07:08:30.343+0000] {logging_mixin.py:188} INFO - [2025-12-21T07:08:30.342+0000] {dag.py:3834} INFO - Setting next_dagrun for example_weekday_branch_operator to 2025-12-20 00:00:00+00:00, run_after=2025-12-21 00:00:00+00:00
[2025-12-21T07:08:30.366+0000] {processor.py:183} INFO - Processing /home/airflow/.local/lib/python3.8/site-packages/airflow/example_dags/example_branch_day_of_week_operator.py took 0.089 seconds
[2025-12-21T07:11:42.058+0000] {processor.py:161} INFO - Started process (PID=61) to work on /home/airflow/.local/lib/python3.8/site-packages/airflow/example_dags/example_branch_day_of_week_operator.py
[2025-12-21T07:11:42.061+0000] {processor.py:830} INFO - Processing file /home/airflow/.local/lib/python3.8/site-packages/airflow/example_dags/example_branch_day_of_week_operator.py for tasks to queue
[2025-12-21T07:11:42.064+0000] {logging_mixin.py:188} INFO - [2025-12-21T07:11:42.063+0000] {dagbag.py:540} INFO - Filling up the DagBag from /home/airflow/.local/lib/python3.8/site-packages/airflow/example_dags/example_branch_day_of_week_operator.py
[2025-12-21T07:11:42.079+0000] {processor.py:840} INFO - DAG(s) 'example_weekday_branch_operator' retrieved from /home/airflow/.local/lib/python3.8/site-packages/airflow/example_dags/example_branch_day_of_week_operator.py
[2025-12-21T07:11:42.100+0000] {logging_mixin.py:188} INFO - [2025-12-21T07:11:42.100+0000] {dag.py:3047} INFO - Sync 1 DAGs
[2025-12-21T07:11:42.132+0000] {logging_mixin.py:188} INFO - [2025-12-21T07:11:42.132+0000] {dag.py:3834} INFO - Setting next_dagrun for example_weekday_branch_operator to 2025-12-20 00:00:00+00:00, run_after=2025-12-21 00:00:00+00:00
[2025-12-21T07:11:42.161+0000] {processor.py:183} INFO - Processing /home/airflow/.local/lib/python3.8/site-packages/airflow/example_dags/example_branch_day_of_week_operator.py took 0.108 seconds
[2025-12-21T07:12:13.558+0000] {processor.py:161} INFO - Started process (PID=116) to work on /home/airflow/.local/lib/python3.8/site-packages/airflow/example_dags/example_branch_day_of_week_operator.py
[2025-12-21T07:12:13.560+0000] {processor.py:830} INFO - Processing file /home/airflow/.local/lib/python3.8/site-packages/airflow/example_dags/example_branch_day_of_week_operator.py for tasks to queue
[2025-12-21T07:12:13.562+0000] {logging_mixin.py:188} INFO - [2025-12-21T07:12:13.562+0000] {dagbag.py:540} INFO - Filling up the DagBag from /home/airflow/.local/lib/python3.8/site-packages/airflow/example_dags/example_branch_day_of_week_operator.py
[2025-12-21T07:12:13.573+0000] {processor.py:840} INFO - DAG(s) 'example_weekday_branch_operator' retrieved from /home/airflow/.local/lib/python3.8/site-packages/airflow/example_dags/example_branch_day_of_week_operator.py
[2025-12-21T07:12:13.670+0000] {logging_mixin.py:188} INFO - [2025-12-21T07:12:13.670+0000] {dag.py:3047} INFO - Sync 1 DAGs
[2025-12-21T07:12:13.691+0000] {logging_mixin.py:188} INFO - [2025-12-21T07:12:13.691+0000] {dag.py:3834} INFO - Setting next_dagrun for example_weekday_branch_operator to 2025-12-20 00:00:00+00:00, run_after=2025-12-21 00:00:00+00:00
[2025-12-21T07:12:13.711+0000] {processor.py:183} INFO - Processing /home/airflow/.local/lib/python3.8/site-packages/airflow/example_dags/example_branch_day_of_week_operator.py took 0.157 seconds
[2025-12-21T07:12:44.431+0000] {processor.py:161} INFO - Started process (PID=178) to work on /home/airflow/.local/lib/python3.8/site-packages/airflow/example_dags/example_branch_day_of_week_operator.py
[2025-12-21T07:12:44.433+0000] {processor.py:830} INFO - Processing file /home/airflow/.local/lib/python3.8/site-packages/airflow/example_dags/example_branch_day_of_week_operator.py for tasks to queue
[2025-12-21T07:12:44.435+0000] {logging_mixin.py:188} INFO - [2025-12-21T07:12:44.435+0000] {dagbag.py:540} INFO - Filling up the DagBag from /home/airflow/.local/lib/python3.8/site-packages/airflow/example_dags/example_branch_day_of_week_operator.py
[2025-12-21T07:12:44.445+0000] {processor.py:840} INFO - DAG(s) 'example_weekday_branch_operator' retrieved from /home/airflow/.local/lib/python3.8/site-packages/airflow/example_dags/example_branch_day_of_week_operator.py
[2025-12-21T07:12:44.469+0000] {logging_mixin.py:188} INFO - [2025-12-21T07:12:44.469+0000] {dag.py:3047} INFO - Sync 1 DAGs
[2025-12-21T07:12:44.493+0000] {logging_mixin.py:188} INFO - [2025-12-21T07:12:44.492+0000] {dag.py:3834} INFO - Setting next_dagrun for example_weekday_branch_operator to 2025-12-20 00:00:00+00:00, run_after=2025-12-21 00:00:00+00:00
[2025-12-21T07:12:44.515+0000] {processor.py:183} INFO - Processing /home/airflow/.local/lib/python3.8/site-packages/airflow/example_dags/example_branch_day_of_week_operator.py took 0.087 seconds
[2025-12-21T07:13:15.182+0000] {processor.py:161} INFO - Started process (PID=234) to work on /home/airflow/.local/lib/python3.8/site-packages/airflow/example_dags/example_branch_day_of_week_operator.py
[2025-12-21T07:13:15.183+0000] {processor.py:830} INFO - Processing file /home/airflow/.local/lib/python3.8/site-packages/airflow/example_dags/example_branch_day_of_week_operator.py for tasks to queue
[2025-12-21T07:13:15.186+0000] {logging_mixin.py:188} INFO - [2025-12-21T07:13:15.185+0000] {dagbag.py:540} INFO - Filling up the DagBag from /home/airflow/.local/lib/python3.8/site-packages/airflow/example_dags/example_branch_day_of_week_operator.py
[2025-12-21T07:13:15.195+0000] {processor.py:840} INFO - DAG(s) 'example_weekday_branch_operator' retrieved from /home/airflow/.local/lib/python3.8/site-packages/airflow/example_dags/example_branch_day_of_week_operator.py
[2025-12-21T07:13:15.218+0000] {logging_mixin.py:188} INFO - [2025-12-21T07:13:15.218+0000] {dag.py:3047} INFO - Sync 1 DAGs
[2025-12-21T07:13:15.242+0000] {logging_mixin.py:188} INFO - [2025-12-21T07:13:15.241+0000] {dag.py:3834} INFO - Setting next_dagrun for example_weekday_branch_operator to 2025-12-20 00:00:00+00:00, run_after=2025-12-21 00:00:00+00:00
[2025-12-21T07:13:15.261+0000] {processor.py:183} INFO - Processing /home/airflow/.local/lib/python3.8/site-packages/airflow/example_dags/example_branch_day_of_week_operator.py took 0.083 seconds
[2025-12-21T07:13:46.170+0000] {processor.py:161} INFO - Started process (PID=290) to work on /home/airflow/.local/lib/python3.8/site-packages/airflow/example_dags/example_branch_day_of_week_operator.py
[2025-12-21T07:13:46.176+0000] {processor.py:830} INFO - Processing file /home/airflow/.local/lib/python3.8/site-packages/airflow/example_dags/example_branch_day_of_week_operator.py for tasks to queue
[2025-12-21T07:13:46.178+0000] {logging_mixin.py:188} INFO - [2025-12-21T07:13:46.178+0000] {dagbag.py:540} INFO - Filling up the DagBag from /home/airflow/.local/lib/python3.8/site-packages/airflow/example_dags/example_branch_day_of_week_operator.py
[2025-12-21T07:13:46.186+0000] {processor.py:840} INFO - DAG(s) 'example_weekday_branch_operator' retrieved from /home/airflow/.local/lib/python3.8/site-packages/airflow/example_dags/example_branch_day_of_week_operator.py
[2025-12-21T07:13:46.211+0000] {logging_mixin.py:188} INFO - [2025-12-21T07:13:46.211+0000] {dag.py:3047} INFO - Sync 1 DAGs
[2025-12-21T07:13:46.234+0000] {logging_mixin.py:188} INFO - [2025-12-21T07:13:46.233+0000] {dag.py:3834} INFO - Setting next_dagrun for example_weekday_branch_operator to 2025-12-20 00:00:00+00:00, run_after=2025-12-21 00:00:00+00:00
[2025-12-21T07:13:46.255+0000] {processor.py:183} INFO - Processing /home/airflow/.local/lib/python3.8/site-packages/airflow/example_dags/example_branch_day_of_week_operator.py took 0.089 seconds
[2025-12-21T07:14:16.868+0000] {processor.py:161} INFO - Started process (PID=346) to work on /home/airflow/.local/lib/python3.8/site-packages/airflow/example_dags/example_branch_day_of_week_operator.py
[2025-12-21T07:14:16.870+0000] {processor.py:830} INFO - Processing file /home/airflow/.local/lib/python3.8/site-packages/airflow/example_dags/example_branch_day_of_week_operator.py for tasks to queue
[2025-12-21T07:14:16.872+0000] {logging_mixin.py:188} INFO - [2025-12-21T07:14:16.871+0000] {dagbag.py:540} INFO - Filling up the DagBag from /home/airflow/.local/lib/python3.8/site-packages/airflow/example_dags/example_branch_day_of_week_operator.py
[2025-12-21T07:14:16.880+0000] {processor.py:840} INFO - DAG(s) 'example_weekday_branch_operator' retrieved from /home/airflow/.local/lib/python3.8/site-packages/airflow/example_dags/example_branch_day_of_week_operator.py
[2025-12-21T07:14:16.903+0000] {logging_mixin.py:188} INFO - [2025-12-21T07:14:16.903+0000] {dag.py:3047} INFO - Sync 1 DAGs
[2025-12-21T07:14:16.929+0000] {logging_mixin.py:188} INFO - [2025-12-21T07:14:16.929+0000] {dag.py:3834} INFO - Setting next_dagrun for example_weekday_branch_operator to 2025-12-20 00:00:00+00:00, run_after=2025-12-21 00:00:00+00:00
[2025-12-21T07:14:16.952+0000] {processor.py:183} INFO - Processing /home/airflow/.local/lib/python3.8/site-packages/airflow/example_dags/example_branch_day_of_week_operator.py took 0.087 seconds
[2025-12-21T07:14:47.562+0000] {processor.py:161} INFO - Started process (PID=402) to work on /home/airflow/.local/lib/python3.8/site-packages/airflow/example_dags/example_branch_day_of_week_operator.py
[2025-12-21T07:14:47.564+0000] {processor.py:830} INFO - Processing file /home/airflow/.local/lib/python3.8/site-packages/airflow/example_dags/example_branch_day_of_week_operator.py for tasks to queue
[2025-12-21T07:14:47.566+0000] {logging_mixin.py:188} INFO - [2025-12-21T07:14:47.565+0000] {dagbag.py:540} INFO - Filling up the DagBag from /home/airflow/.local/lib/python3.8/site-packages/airflow/example_dags/example_branch_day_of_week_operator.py
[2025-12-21T07:14:47.574+0000] {processor.py:840} INFO - DAG(s) 'example_weekday_branch_operator' retrieved from /home/airflow/.local/lib/python3.8/site-packages/airflow/example_dags/example_branch_day_of_week_operator.py
[2025-12-21T07:14:47.600+0000] {logging_mixin.py:188} INFO - [2025-12-21T07:14:47.599+0000] {dag.py:3047} INFO - Sync 1 DAGs
[2025-12-21T07:14:47.626+0000] {logging_mixin.py:188} INFO - [2025-12-21T07:14:47.625+0000] {dag.py:3834} INFO - Setting next_dagrun for example_weekday_branch_operator to 2025-12-20 00:00:00+00:00, run_after=2025-12-21 00:00:00+00:00
[2025-12-21T07:14:47.652+0000] {processor.py:183} INFO - Processing /home/airflow/.local/lib/python3.8/site-packages/airflow/example_dags/example_branch_day_of_week_operator.py took 0.093 seconds
[2025-12-21T07:15:17.817+0000] {processor.py:161} INFO - Started process (PID=458) to work on /home/airflow/.local/lib/python3.8/site-packages/airflow/example_dags/example_branch_day_of_week_operator.py
[2025-12-21T07:15:17.818+0000] {processor.py:830} INFO - Processing file /home/airflow/.local/lib/python3.8/site-packages/airflow/example_dags/example_branch_day_of_week_operator.py for tasks to queue
[2025-12-21T07:15:17.821+0000] {logging_mixin.py:188} INFO - [2025-12-21T07:15:17.820+0000] {dagbag.py:540} INFO - Filling up the DagBag from /home/airflow/.local/lib/python3.8/site-packages/airflow/example_dags/example_branch_day_of_week_operator.py
[2025-12-21T07:15:17.829+0000] {processor.py:840} INFO - DAG(s) 'example_weekday_branch_operator' retrieved from /home/airflow/.local/lib/python3.8/site-packages/airflow/example_dags/example_branch_day_of_week_operator.py
[2025-12-21T07:15:17.853+0000] {logging_mixin.py:188} INFO - [2025-12-21T07:15:17.853+0000] {dag.py:3047} INFO - Sync 1 DAGs
[2025-12-21T07:15:17.875+0000] {logging_mixin.py:188} INFO - [2025-12-21T07:15:17.875+0000] {dag.py:3834} INFO - Setting next_dagrun for example_weekday_branch_operator to 2025-12-20 00:00:00+00:00, run_after=2025-12-21 00:00:00+00:00
[2025-12-21T07:15:17.895+0000] {processor.py:183} INFO - Processing /home/airflow/.local/lib/python3.8/site-packages/airflow/example_dags/example_branch_day_of_week_operator.py took 0.082 seconds
[2025-12-21T07:15:48.235+0000] {processor.py:161} INFO - Started process (PID=514) to work on /home/airflow/.local/lib/python3.8/site-packages/airflow/example_dags/example_branch_day_of_week_operator.py
[2025-12-21T07:15:48.237+0000] {processor.py:830} INFO - Processing file /home/airflow/.local/lib/python3.8/site-packages/airflow/example_dags/example_branch_day_of_week_operator.py for tasks to queue
[2025-12-21T07:15:48.239+0000] {logging_mixin.py:188} INFO - [2025-12-21T07:15:48.238+0000] {dagbag.py:540} INFO - Filling up the DagBag from /home/airflow/.local/lib/python3.8/site-packages/airflow/example_dags/example_branch_day_of_week_operator.py
[2025-12-21T07:15:48.248+0000] {processor.py:840} INFO - DAG(s) 'example_weekday_branch_operator' retrieved from /home/airflow/.local/lib/python3.8/site-packages/airflow/example_dags/example_branch_day_of_week_operator.py
[2025-12-21T07:15:48.277+0000] {logging_mixin.py:188} INFO - [2025-12-21T07:15:48.276+0000] {dag.py:3047} INFO - Sync 1 DAGs
[2025-12-21T07:15:48.310+0000] {logging_mixin.py:188} INFO - [2025-12-21T07:15:48.309+0000] {dag.py:3834} INFO - Setting next_dagrun for example_weekday_branch_operator to 2025-12-20 00:00:00+00:00, run_after=2025-12-21 00:00:00+00:00
[2025-12-21T07:15:48.339+0000] {processor.py:183} INFO - Processing /home/airflow/.local/lib/python3.8/site-packages/airflow/example_dags/example_branch_day_of_week_operator.py took 0.107 seconds
[2025-12-21T07:16:18.792+0000] {processor.py:161} INFO - Started process (PID=569) to work on /home/airflow/.local/lib/python3.8/site-packages/airflow/example_dags/example_branch_day_of_week_operator.py
[2025-12-21T07:16:18.794+0000] {processor.py:830} INFO - Processing file /home/airflow/.local/lib/python3.8/site-packages/airflow/example_dags/example_branch_day_of_week_operator.py for tasks to queue
[2025-12-21T07:16:18.797+0000] {logging_mixin.py:188} INFO - [2025-12-21T07:16:18.796+0000] {dagbag.py:540} INFO - Filling up the DagBag from /home/airflow/.local/lib/python3.8/site-packages/airflow/example_dags/example_branch_day_of_week_operator.py
[2025-12-21T07:16:18.806+0000] {processor.py:840} INFO - DAG(s) 'example_weekday_branch_operator' retrieved from /home/airflow/.local/lib/python3.8/site-packages/airflow/example_dags/example_branch_day_of_week_operator.py
[2025-12-21T07:16:18.835+0000] {logging_mixin.py:188} INFO - [2025-12-21T07:16:18.834+0000] {dag.py:3047} INFO - Sync 1 DAGs
[2025-12-21T07:16:18.862+0000] {logging_mixin.py:188} INFO - [2025-12-21T07:16:18.862+0000] {dag.py:3834} INFO - Setting next_dagrun for example_weekday_branch_operator to 2025-12-20 00:00:00+00:00, run_after=2025-12-21 00:00:00+00:00
[2025-12-21T07:16:18.886+0000] {processor.py:183} INFO - Processing /home/airflow/.local/lib/python3.8/site-packages/airflow/example_dags/example_branch_day_of_week_operator.py took 0.098 seconds
[2025-12-21T07:16:48.954+0000] {processor.py:161} INFO - Started process (PID=625) to work on /home/airflow/.local/lib/python3.8/site-packages/airflow/example_dags/example_branch_day_of_week_operator.py
[2025-12-21T07:16:48.955+0000] {processor.py:830} INFO - Processing file /home/airflow/.local/lib/python3.8/site-packages/airflow/example_dags/example_branch_day_of_week_operator.py for tasks to queue
[2025-12-21T07:16:48.957+0000] {logging_mixin.py:188} INFO - [2025-12-21T07:16:48.957+0000] {dagbag.py:540} INFO - Filling up the DagBag from /home/airflow/.local/lib/python3.8/site-packages/airflow/example_dags/example_branch_day_of_week_operator.py
[2025-12-21T07:16:48.966+0000] {processor.py:840} INFO - DAG(s) 'example_weekday_branch_operator' retrieved from /home/airflow/.local/lib/python3.8/site-packages/airflow/example_dags/example_branch_day_of_week_operator.py
[2025-12-21T07:16:48.989+0000] {logging_mixin.py:188} INFO - [2025-12-21T07:16:48.988+0000] {dag.py:3047} INFO - Sync 1 DAGs
[2025-12-21T07:16:49.013+0000] {logging_mixin.py:188} INFO - [2025-12-21T07:16:49.013+0000] {dag.py:3834} INFO - Setting next_dagrun for example_weekday_branch_operator to 2025-12-20 00:00:00+00:00, run_after=2025-12-21 00:00:00+00:00
[2025-12-21T07:16:49.034+0000] {processor.py:183} INFO - Processing /home/airflow/.local/lib/python3.8/site-packages/airflow/example_dags/example_branch_day_of_week_operator.py took 0.084 seconds
[2025-12-21T07:17:19.097+0000] {processor.py:161} INFO - Started process (PID=681) to work on /home/airflow/.local/lib/python3.8/site-packages/airflow/example_dags/example_branch_day_of_week_operator.py
[2025-12-21T07:17:19.098+0000] {processor.py:830} INFO - Processing file /home/airflow/.local/lib/python3.8/site-packages/airflow/example_dags/example_branch_day_of_week_operator.py for tasks to queue
[2025-12-21T07:17:19.100+0000] {logging_mixin.py:188} INFO - [2025-12-21T07:17:19.100+0000] {dagbag.py:540} INFO - Filling up the DagBag from /home/airflow/.local/lib/python3.8/site-packages/airflow/example_dags/example_branch_day_of_week_operator.py
[2025-12-21T07:17:19.109+0000] {processor.py:840} INFO - DAG(s) 'example_weekday_branch_operator' retrieved from /home/airflow/.local/lib/python3.8/site-packages/airflow/example_dags/example_branch_day_of_week_operator.py
[2025-12-21T07:17:19.131+0000] {logging_mixin.py:188} INFO - [2025-12-21T07:17:19.130+0000] {dag.py:3047} INFO - Sync 1 DAGs
[2025-12-21T07:17:19.151+0000] {logging_mixin.py:188} INFO - [2025-12-21T07:17:19.151+0000] {dag.py:3834} INFO - Setting next_dagrun for example_weekday_branch_operator to 2025-12-20 00:00:00+00:00, run_after=2025-12-21 00:00:00+00:00
[2025-12-21T07:17:19.174+0000] {processor.py:183} INFO - Processing /home/airflow/.local/lib/python3.8/site-packages/airflow/example_dags/example_branch_day_of_week_operator.py took 0.081 seconds
[2025-12-21T07:17:49.345+0000] {processor.py:161} INFO - Started process (PID=738) to work on /home/airflow/.local/lib/python3.8/site-packages/airflow/example_dags/example_branch_day_of_week_operator.py
[2025-12-21T07:17:49.346+0000] {processor.py:830} INFO - Processing file /home/airflow/.local/lib/python3.8/site-packages/airflow/example_dags/example_branch_day_of_week_operator.py for tasks to queue
[2025-12-21T07:17:49.348+0000] {logging_mixin.py:188} INFO - [2025-12-21T07:17:49.348+0000] {dagbag.py:540} INFO - Filling up the DagBag from /home/airflow/.local/lib/python3.8/site-packages/airflow/example_dags/example_branch_day_of_week_operator.py
[2025-12-21T07:17:49.356+0000] {processor.py:840} INFO - DAG(s) 'example_weekday_branch_operator' retrieved from /home/airflow/.local/lib/python3.8/site-packages/airflow/example_dags/example_branch_day_of_week_operator.py
[2025-12-21T07:17:49.377+0000] {logging_mixin.py:188} INFO - [2025-12-21T07:17:49.376+0000] {dag.py:3047} INFO - Sync 1 DAGs
[2025-12-21T07:17:49.398+0000] {logging_mixin.py:188} INFO - [2025-12-21T07:17:49.398+0000] {dag.py:3834} INFO - Setting next_dagrun for example_weekday_branch_operator to 2025-12-20 00:00:00+00:00, run_after=2025-12-21 00:00:00+00:00
[2025-12-21T07:17:49.419+0000] {processor.py:183} INFO - Processing /home/airflow/.local/lib/python3.8/site-packages/airflow/example_dags/example_branch_day_of_week_operator.py took 0.078 seconds
[2025-12-21T07:18:20.326+0000] {processor.py:161} INFO - Started process (PID=794) to work on /home/airflow/.local/lib/python3.8/site-packages/airflow/example_dags/example_branch_day_of_week_operator.py
[2025-12-21T07:18:20.327+0000] {processor.py:830} INFO - Processing file /home/airflow/.local/lib/python3.8/site-packages/airflow/example_dags/example_branch_day_of_week_operator.py for tasks to queue
[2025-12-21T07:18:20.329+0000] {logging_mixin.py:188} INFO - [2025-12-21T07:18:20.329+0000] {dagbag.py:540} INFO - Filling up the DagBag from /home/airflow/.local/lib/python3.8/site-packages/airflow/example_dags/example_branch_day_of_week_operator.py
[2025-12-21T07:18:20.338+0000] {processor.py:840} INFO - DAG(s) 'example_weekday_branch_operator' retrieved from /home/airflow/.local/lib/python3.8/site-packages/airflow/example_dags/example_branch_day_of_week_operator.py
[2025-12-21T07:18:20.359+0000] {logging_mixin.py:188} INFO - [2025-12-21T07:18:20.358+0000] {dag.py:3047} INFO - Sync 1 DAGs
[2025-12-21T07:18:20.381+0000] {logging_mixin.py:188} INFO - [2025-12-21T07:18:20.381+0000] {dag.py:3834} INFO - Setting next_dagrun for example_weekday_branch_operator to 2025-12-20 00:00:00+00:00, run_after=2025-12-21 00:00:00+00:00
[2025-12-21T07:18:20.402+0000] {processor.py:183} INFO - Processing /home/airflow/.local/lib/python3.8/site-packages/airflow/example_dags/example_branch_day_of_week_operator.py took 0.080 seconds
[2025-12-21T07:18:51.268+0000] {processor.py:161} INFO - Started process (PID=850) to work on /home/airflow/.local/lib/python3.8/site-packages/airflow/example_dags/example_branch_day_of_week_operator.py
[2025-12-21T07:18:51.272+0000] {processor.py:830} INFO - Processing file /home/airflow/.local/lib/python3.8/site-packages/airflow/example_dags/example_branch_day_of_week_operator.py for tasks to queue
[2025-12-21T07:18:51.276+0000] {logging_mixin.py:188} INFO - [2025-12-21T07:18:51.276+0000] {dagbag.py:540} INFO - Filling up the DagBag from /home/airflow/.local/lib/python3.8/site-packages/airflow/example_dags/example_branch_day_of_week_operator.py
[2025-12-21T07:18:51.293+0000] {processor.py:840} INFO - DAG(s) 'example_weekday_branch_operator' retrieved from /home/airflow/.local/lib/python3.8/site-packages/airflow/example_dags/example_branch_day_of_week_operator.py
[2025-12-21T07:18:51.323+0000] {logging_mixin.py:188} INFO - [2025-12-21T07:18:51.322+0000] {dag.py:3047} INFO - Sync 1 DAGs
[2025-12-21T07:18:51.346+0000] {logging_mixin.py:188} INFO - [2025-12-21T07:18:51.346+0000] {dag.py:3834} INFO - Setting next_dagrun for example_weekday_branch_operator to 2025-12-20 00:00:00+00:00, run_after=2025-12-21 00:00:00+00:00
[2025-12-21T07:18:51.373+0000] {processor.py:183} INFO - Processing /home/airflow/.local/lib/python3.8/site-packages/airflow/example_dags/example_branch_day_of_week_operator.py took 0.112 seconds
[2025-12-21T07:19:21.923+0000] {processor.py:161} INFO - Started process (PID=906) to work on /home/airflow/.local/lib/python3.8/site-packages/airflow/example_dags/example_branch_day_of_week_operator.py
[2025-12-21T07:19:21.927+0000] {processor.py:830} INFO - Processing file /home/airflow/.local/lib/python3.8/site-packages/airflow/example_dags/example_branch_day_of_week_operator.py for tasks to queue
[2025-12-21T07:19:21.929+0000] {logging_mixin.py:188} INFO - [2025-12-21T07:19:21.929+0000] {dagbag.py:540} INFO - Filling up the DagBag from /home/airflow/.local/lib/python3.8/site-packages/airflow/example_dags/example_branch_day_of_week_operator.py
[2025-12-21T07:19:21.941+0000] {processor.py:840} INFO - DAG(s) 'example_weekday_branch_operator' retrieved from /home/airflow/.local/lib/python3.8/site-packages/airflow/example_dags/example_branch_day_of_week_operator.py
[2025-12-21T07:19:21.965+0000] {logging_mixin.py:188} INFO - [2025-12-21T07:19:21.965+0000] {dag.py:3047} INFO - Sync 1 DAGs
[2025-12-21T07:19:21.990+0000] {logging_mixin.py:188} INFO - [2025-12-21T07:19:21.989+0000] {dag.py:3834} INFO - Setting next_dagrun for example_weekday_branch_operator to 2025-12-20 00:00:00+00:00, run_after=2025-12-21 00:00:00+00:00
[2025-12-21T07:19:22.022+0000] {processor.py:183} INFO - Processing /home/airflow/.local/lib/python3.8/site-packages/airflow/example_dags/example_branch_day_of_week_operator.py took 0.103 seconds
[2025-12-21T07:19:52.480+0000] {processor.py:161} INFO - Started process (PID=963) to work on /home/airflow/.local/lib/python3.8/site-packages/airflow/example_dags/example_branch_day_of_week_operator.py
[2025-12-21T07:19:52.481+0000] {processor.py:830} INFO - Processing file /home/airflow/.local/lib/python3.8/site-packages/airflow/example_dags/example_branch_day_of_week_operator.py for tasks to queue
[2025-12-21T07:19:52.483+0000] {logging_mixin.py:188} INFO - [2025-12-21T07:19:52.483+0000] {dagbag.py:540} INFO - Filling up the DagBag from /home/airflow/.local/lib/python3.8/site-packages/airflow/example_dags/example_branch_day_of_week_operator.py
[2025-12-21T07:19:52.491+0000] {processor.py:840} INFO - DAG(s) 'example_weekday_branch_operator' retrieved from /home/airflow/.local/lib/python3.8/site-packages/airflow/example_dags/example_branch_day_of_week_operator.py
[2025-12-21T07:19:52.512+0000] {logging_mixin.py:188} INFO - [2025-12-21T07:19:52.511+0000] {dag.py:3047} INFO - Sync 1 DAGs
[2025-12-21T07:19:52.533+0000] {logging_mixin.py:188} INFO - [2025-12-21T07:19:52.533+0000] {dag.py:3834} INFO - Setting next_dagrun for example_weekday_branch_operator to 2025-12-20 00:00:00+00:00, run_after=2025-12-21 00:00:00+00:00
[2025-12-21T07:19:52.550+0000] {processor.py:183} INFO - Processing /home/airflow/.local/lib/python3.8/site-packages/airflow/example_dags/example_branch_day_of_week_operator.py took 0.073 seconds
[2025-12-21T07:20:22.898+0000] {processor.py:161} INFO - Started process (PID=1019) to work on /home/airflow/.local/lib/python3.8/site-packages/airflow/example_dags/example_branch_day_of_week_operator.py
[2025-12-21T07:20:22.900+0000] {processor.py:830} INFO - Processing file /home/airflow/.local/lib/python3.8/site-packages/airflow/example_dags/example_branch_day_of_week_operator.py for tasks to queue
[2025-12-21T07:20:22.902+0000] {logging_mixin.py:188} INFO - [2025-12-21T07:20:22.902+0000] {dagbag.py:540} INFO - Filling up the DagBag from /home/airflow/.local/lib/python3.8/site-packages/airflow/example_dags/example_branch_day_of_week_operator.py
[2025-12-21T07:20:22.910+0000] {processor.py:840} INFO - DAG(s) 'example_weekday_branch_operator' retrieved from /home/airflow/.local/lib/python3.8/site-packages/airflow/example_dags/example_branch_day_of_week_operator.py
[2025-12-21T07:20:22.932+0000] {logging_mixin.py:188} INFO - [2025-12-21T07:20:22.932+0000] {dag.py:3047} INFO - Sync 1 DAGs
[2025-12-21T07:20:22.955+0000] {logging_mixin.py:188} INFO - [2025-12-21T07:20:22.955+0000] {dag.py:3834} INFO - Setting next_dagrun for example_weekday_branch_operator to 2025-12-20 00:00:00+00:00, run_after=2025-12-21 00:00:00+00:00
[2025-12-21T07:20:22.973+0000] {processor.py:183} INFO - Processing /home/airflow/.local/lib/python3.8/site-packages/airflow/example_dags/example_branch_day_of_week_operator.py took 0.078 seconds
[2025-12-21T07:20:39.333+0000] {processor.py:161} INFO - Started process (PID=55) to work on /home/airflow/.local/lib/python3.8/site-packages/airflow/example_dags/example_branch_day_of_week_operator.py
[2025-12-21T07:20:39.335+0000] {processor.py:830} INFO - Processing file /home/airflow/.local/lib/python3.8/site-packages/airflow/example_dags/example_branch_day_of_week_operator.py for tasks to queue
[2025-12-21T07:20:39.337+0000] {logging_mixin.py:188} INFO - [2025-12-21T07:20:39.337+0000] {dagbag.py:540} INFO - Filling up the DagBag from /home/airflow/.local/lib/python3.8/site-packages/airflow/example_dags/example_branch_day_of_week_operator.py
[2025-12-21T07:20:39.344+0000] {processor.py:840} INFO - DAG(s) 'example_weekday_branch_operator' retrieved from /home/airflow/.local/lib/python3.8/site-packages/airflow/example_dags/example_branch_day_of_week_operator.py
[2025-12-21T07:20:39.377+0000] {logging_mixin.py:188} INFO - [2025-12-21T07:20:39.376+0000] {dag.py:3047} INFO - Sync 1 DAGs
[2025-12-21T07:20:39.400+0000] {logging_mixin.py:188} INFO - [2025-12-21T07:20:39.400+0000] {dag.py:3834} INFO - Setting next_dagrun for example_weekday_branch_operator to 2025-12-20 00:00:00+00:00, run_after=2025-12-21 00:00:00+00:00
[2025-12-21T07:20:39.419+0000] {processor.py:183} INFO - Processing /home/airflow/.local/lib/python3.8/site-packages/airflow/example_dags/example_branch_day_of_week_operator.py took 0.089 seconds
[2025-12-21T07:21:10.254+0000] {processor.py:161} INFO - Started process (PID=111) to work on /home/airflow/.local/lib/python3.8/site-packages/airflow/example_dags/example_branch_day_of_week_operator.py
[2025-12-21T07:21:10.256+0000] {processor.py:830} INFO - Processing file /home/airflow/.local/lib/python3.8/site-packages/airflow/example_dags/example_branch_day_of_week_operator.py for tasks to queue
[2025-12-21T07:21:10.258+0000] {logging_mixin.py:188} INFO - [2025-12-21T07:21:10.258+0000] {dagbag.py:540} INFO - Filling up the DagBag from /home/airflow/.local/lib/python3.8/site-packages/airflow/example_dags/example_branch_day_of_week_operator.py
[2025-12-21T07:21:10.268+0000] {processor.py:840} INFO - DAG(s) 'example_weekday_branch_operator' retrieved from /home/airflow/.local/lib/python3.8/site-packages/airflow/example_dags/example_branch_day_of_week_operator.py
[2025-12-21T07:21:10.298+0000] {logging_mixin.py:188} INFO - [2025-12-21T07:21:10.297+0000] {dag.py:3047} INFO - Sync 1 DAGs
[2025-12-21T07:21:10.330+0000] {logging_mixin.py:188} INFO - [2025-12-21T07:21:10.329+0000] {dag.py:3834} INFO - Setting next_dagrun for example_weekday_branch_operator to 2025-12-20 00:00:00+00:00, run_after=2025-12-21 00:00:00+00:00
[2025-12-21T07:21:10.355+0000] {processor.py:183} INFO - Processing /home/airflow/.local/lib/python3.8/site-packages/airflow/example_dags/example_branch_day_of_week_operator.py took 0.105 seconds
[2025-12-21T07:22:19.979+0000] {processor.py:161} INFO - Started process (PID=62) to work on /home/airflow/.local/lib/python3.8/site-packages/airflow/example_dags/example_branch_day_of_week_operator.py
[2025-12-21T07:22:19.981+0000] {processor.py:830} INFO - Processing file /home/airflow/.local/lib/python3.8/site-packages/airflow/example_dags/example_branch_day_of_week_operator.py for tasks to queue
[2025-12-21T07:22:19.983+0000] {logging_mixin.py:188} INFO - [2025-12-21T07:22:19.983+0000] {dagbag.py:540} INFO - Filling up the DagBag from /home/airflow/.local/lib/python3.8/site-packages/airflow/example_dags/example_branch_day_of_week_operator.py
[2025-12-21T07:22:19.999+0000] {processor.py:840} INFO - DAG(s) 'example_weekday_branch_operator' retrieved from /home/airflow/.local/lib/python3.8/site-packages/airflow/example_dags/example_branch_day_of_week_operator.py
[2025-12-21T07:22:20.018+0000] {logging_mixin.py:188} INFO - [2025-12-21T07:22:20.018+0000] {dag.py:3047} INFO - Sync 1 DAGs
[2025-12-21T07:22:20.050+0000] {logging_mixin.py:188} INFO - [2025-12-21T07:22:20.049+0000] {dag.py:3834} INFO - Setting next_dagrun for example_weekday_branch_operator to 2025-12-20 00:00:00+00:00, run_after=2025-12-21 00:00:00+00:00
[2025-12-21T07:22:20.081+0000] {processor.py:183} INFO - Processing /home/airflow/.local/lib/python3.8/site-packages/airflow/example_dags/example_branch_day_of_week_operator.py took 0.106 seconds
[2025-12-21T07:22:51.270+0000] {processor.py:161} INFO - Started process (PID=118) to work on /home/airflow/.local/lib/python3.8/site-packages/airflow/example_dags/example_branch_day_of_week_operator.py
[2025-12-21T07:22:51.271+0000] {processor.py:830} INFO - Processing file /home/airflow/.local/lib/python3.8/site-packages/airflow/example_dags/example_branch_day_of_week_operator.py for tasks to queue
[2025-12-21T07:22:51.274+0000] {logging_mixin.py:188} INFO - [2025-12-21T07:22:51.274+0000] {dagbag.py:540} INFO - Filling up the DagBag from /home/airflow/.local/lib/python3.8/site-packages/airflow/example_dags/example_branch_day_of_week_operator.py
[2025-12-21T07:22:51.286+0000] {processor.py:840} INFO - DAG(s) 'example_weekday_branch_operator' retrieved from /home/airflow/.local/lib/python3.8/site-packages/airflow/example_dags/example_branch_day_of_week_operator.py
[2025-12-21T07:22:51.398+0000] {logging_mixin.py:188} INFO - [2025-12-21T07:22:51.398+0000] {dag.py:3047} INFO - Sync 1 DAGs
[2025-12-21T07:22:51.424+0000] {logging_mixin.py:188} INFO - [2025-12-21T07:22:51.424+0000] {dag.py:3834} INFO - Setting next_dagrun for example_weekday_branch_operator to 2025-12-20 00:00:00+00:00, run_after=2025-12-21 00:00:00+00:00
[2025-12-21T07:22:51.455+0000] {processor.py:183} INFO - Processing /home/airflow/.local/lib/python3.8/site-packages/airflow/example_dags/example_branch_day_of_week_operator.py took 0.190 seconds
[2025-12-21T07:28:30.220+0000] {processor.py:161} INFO - Started process (PID=63) to work on /home/airflow/.local/lib/python3.8/site-packages/airflow/example_dags/example_branch_day_of_week_operator.py
[2025-12-21T07:28:30.223+0000] {processor.py:830} INFO - Processing file /home/airflow/.local/lib/python3.8/site-packages/airflow/example_dags/example_branch_day_of_week_operator.py for tasks to queue
[2025-12-21T07:28:30.231+0000] {logging_mixin.py:188} INFO - [2025-12-21T07:28:30.230+0000] {dagbag.py:540} INFO - Filling up the DagBag from /home/airflow/.local/lib/python3.8/site-packages/airflow/example_dags/example_branch_day_of_week_operator.py
[2025-12-21T07:28:30.249+0000] {processor.py:840} INFO - DAG(s) 'example_weekday_branch_operator' retrieved from /home/airflow/.local/lib/python3.8/site-packages/airflow/example_dags/example_branch_day_of_week_operator.py
[2025-12-21T07:28:30.279+0000] {logging_mixin.py:188} INFO - [2025-12-21T07:28:30.279+0000] {dag.py:3047} INFO - Sync 1 DAGs
[2025-12-21T07:28:30.314+0000] {logging_mixin.py:188} INFO - [2025-12-21T07:28:30.314+0000] {dag.py:3834} INFO - Setting next_dagrun for example_weekday_branch_operator to 2025-12-20 00:00:00+00:00, run_after=2025-12-21 00:00:00+00:00
[2025-12-21T07:28:30.340+0000] {processor.py:183} INFO - Processing /home/airflow/.local/lib/python3.8/site-packages/airflow/example_dags/example_branch_day_of_week_operator.py took 0.131 seconds
[2025-12-21T07:29:00.492+0000] {processor.py:161} INFO - Started process (PID=119) to work on /home/airflow/.local/lib/python3.8/site-packages/airflow/example_dags/example_branch_day_of_week_operator.py
[2025-12-21T07:29:00.494+0000] {processor.py:830} INFO - Processing file /home/airflow/.local/lib/python3.8/site-packages/airflow/example_dags/example_branch_day_of_week_operator.py for tasks to queue
[2025-12-21T07:29:00.497+0000] {logging_mixin.py:188} INFO - [2025-12-21T07:29:00.496+0000] {dagbag.py:540} INFO - Filling up the DagBag from /home/airflow/.local/lib/python3.8/site-packages/airflow/example_dags/example_branch_day_of_week_operator.py
[2025-12-21T07:29:00.508+0000] {processor.py:840} INFO - DAG(s) 'example_weekday_branch_operator' retrieved from /home/airflow/.local/lib/python3.8/site-packages/airflow/example_dags/example_branch_day_of_week_operator.py
[2025-12-21T07:29:00.613+0000] {logging_mixin.py:188} INFO - [2025-12-21T07:29:00.613+0000] {dag.py:3047} INFO - Sync 1 DAGs
[2025-12-21T07:29:00.634+0000] {logging_mixin.py:188} INFO - [2025-12-21T07:29:00.634+0000] {dag.py:3834} INFO - Setting next_dagrun for example_weekday_branch_operator to 2025-12-20 00:00:00+00:00, run_after=2025-12-21 00:00:00+00:00
[2025-12-21T07:29:00.657+0000] {processor.py:183} INFO - Processing /home/airflow/.local/lib/python3.8/site-packages/airflow/example_dags/example_branch_day_of_week_operator.py took 0.168 seconds
[2025-12-21T07:29:31.037+0000] {processor.py:161} INFO - Started process (PID=181) to work on /home/airflow/.local/lib/python3.8/site-packages/airflow/example_dags/example_branch_day_of_week_operator.py
[2025-12-21T07:29:31.039+0000] {processor.py:830} INFO - Processing file /home/airflow/.local/lib/python3.8/site-packages/airflow/example_dags/example_branch_day_of_week_operator.py for tasks to queue
[2025-12-21T07:29:31.042+0000] {logging_mixin.py:188} INFO - [2025-12-21T07:29:31.041+0000] {dagbag.py:540} INFO - Filling up the DagBag from /home/airflow/.local/lib/python3.8/site-packages/airflow/example_dags/example_branch_day_of_week_operator.py
[2025-12-21T07:29:31.050+0000] {processor.py:840} INFO - DAG(s) 'example_weekday_branch_operator' retrieved from /home/airflow/.local/lib/python3.8/site-packages/airflow/example_dags/example_branch_day_of_week_operator.py
[2025-12-21T07:29:31.071+0000] {logging_mixin.py:188} INFO - [2025-12-21T07:29:31.071+0000] {dag.py:3047} INFO - Sync 1 DAGs
[2025-12-21T07:29:31.091+0000] {logging_mixin.py:188} INFO - [2025-12-21T07:29:31.091+0000] {dag.py:3834} INFO - Setting next_dagrun for example_weekday_branch_operator to 2025-12-20 00:00:00+00:00, run_after=2025-12-21 00:00:00+00:00
[2025-12-21T07:29:31.112+0000] {processor.py:183} INFO - Processing /home/airflow/.local/lib/python3.8/site-packages/airflow/example_dags/example_branch_day_of_week_operator.py took 0.081 seconds
[2025-12-21T07:30:01.484+0000] {processor.py:161} INFO - Started process (PID=236) to work on /home/airflow/.local/lib/python3.8/site-packages/airflow/example_dags/example_branch_day_of_week_operator.py
[2025-12-21T07:30:01.486+0000] {processor.py:830} INFO - Processing file /home/airflow/.local/lib/python3.8/site-packages/airflow/example_dags/example_branch_day_of_week_operator.py for tasks to queue
[2025-12-21T07:30:01.489+0000] {logging_mixin.py:188} INFO - [2025-12-21T07:30:01.488+0000] {dagbag.py:540} INFO - Filling up the DagBag from /home/airflow/.local/lib/python3.8/site-packages/airflow/example_dags/example_branch_day_of_week_operator.py
[2025-12-21T07:30:01.497+0000] {processor.py:840} INFO - DAG(s) 'example_weekday_branch_operator' retrieved from /home/airflow/.local/lib/python3.8/site-packages/airflow/example_dags/example_branch_day_of_week_operator.py
[2025-12-21T07:30:01.523+0000] {logging_mixin.py:188} INFO - [2025-12-21T07:30:01.522+0000] {dag.py:3047} INFO - Sync 1 DAGs
[2025-12-21T07:30:01.564+0000] {logging_mixin.py:188} INFO - [2025-12-21T07:30:01.564+0000] {dag.py:3834} INFO - Setting next_dagrun for example_weekday_branch_operator to 2025-12-20 00:00:00+00:00, run_after=2025-12-21 00:00:00+00:00
[2025-12-21T07:30:01.609+0000] {processor.py:183} INFO - Processing /home/airflow/.local/lib/python3.8/site-packages/airflow/example_dags/example_branch_day_of_week_operator.py took 0.128 seconds
[2025-12-21T07:30:31.798+0000] {processor.py:161} INFO - Started process (PID=292) to work on /home/airflow/.local/lib/python3.8/site-packages/airflow/example_dags/example_branch_day_of_week_operator.py
[2025-12-21T07:30:31.800+0000] {processor.py:830} INFO - Processing file /home/airflow/.local/lib/python3.8/site-packages/airflow/example_dags/example_branch_day_of_week_operator.py for tasks to queue
[2025-12-21T07:30:31.803+0000] {logging_mixin.py:188} INFO - [2025-12-21T07:30:31.803+0000] {dagbag.py:540} INFO - Filling up the DagBag from /home/airflow/.local/lib/python3.8/site-packages/airflow/example_dags/example_branch_day_of_week_operator.py
[2025-12-21T07:30:31.817+0000] {processor.py:840} INFO - DAG(s) 'example_weekday_branch_operator' retrieved from /home/airflow/.local/lib/python3.8/site-packages/airflow/example_dags/example_branch_day_of_week_operator.py
[2025-12-21T07:30:31.848+0000] {logging_mixin.py:188} INFO - [2025-12-21T07:30:31.848+0000] {dag.py:3047} INFO - Sync 1 DAGs
[2025-12-21T07:30:31.871+0000] {logging_mixin.py:188} INFO - [2025-12-21T07:30:31.871+0000] {dag.py:3834} INFO - Setting next_dagrun for example_weekday_branch_operator to 2025-12-20 00:00:00+00:00, run_after=2025-12-21 00:00:00+00:00
[2025-12-21T07:30:31.896+0000] {processor.py:183} INFO - Processing /home/airflow/.local/lib/python3.8/site-packages/airflow/example_dags/example_branch_day_of_week_operator.py took 0.102 seconds
[2025-12-21T07:31:01.942+0000] {processor.py:161} INFO - Started process (PID=348) to work on /home/airflow/.local/lib/python3.8/site-packages/airflow/example_dags/example_branch_day_of_week_operator.py
[2025-12-21T07:31:01.944+0000] {processor.py:830} INFO - Processing file /home/airflow/.local/lib/python3.8/site-packages/airflow/example_dags/example_branch_day_of_week_operator.py for tasks to queue
[2025-12-21T07:31:01.947+0000] {logging_mixin.py:188} INFO - [2025-12-21T07:31:01.946+0000] {dagbag.py:540} INFO - Filling up the DagBag from /home/airflow/.local/lib/python3.8/site-packages/airflow/example_dags/example_branch_day_of_week_operator.py
[2025-12-21T07:31:01.955+0000] {processor.py:840} INFO - DAG(s) 'example_weekday_branch_operator' retrieved from /home/airflow/.local/lib/python3.8/site-packages/airflow/example_dags/example_branch_day_of_week_operator.py
[2025-12-21T07:31:01.978+0000] {logging_mixin.py:188} INFO - [2025-12-21T07:31:01.978+0000] {dag.py:3047} INFO - Sync 1 DAGs
[2025-12-21T07:31:02.001+0000] {logging_mixin.py:188} INFO - [2025-12-21T07:31:02.001+0000] {dag.py:3834} INFO - Setting next_dagrun for example_weekday_branch_operator to 2025-12-20 00:00:00+00:00, run_after=2025-12-21 00:00:00+00:00
[2025-12-21T07:31:02.021+0000] {processor.py:183} INFO - Processing /home/airflow/.local/lib/python3.8/site-packages/airflow/example_dags/example_branch_day_of_week_operator.py took 0.083 seconds
[2025-12-21T07:31:32.284+0000] {processor.py:161} INFO - Started process (PID=404) to work on /home/airflow/.local/lib/python3.8/site-packages/airflow/example_dags/example_branch_day_of_week_operator.py
[2025-12-21T07:31:32.285+0000] {processor.py:830} INFO - Processing file /home/airflow/.local/lib/python3.8/site-packages/airflow/example_dags/example_branch_day_of_week_operator.py for tasks to queue
[2025-12-21T07:31:32.288+0000] {logging_mixin.py:188} INFO - [2025-12-21T07:31:32.288+0000] {dagbag.py:540} INFO - Filling up the DagBag from /home/airflow/.local/lib/python3.8/site-packages/airflow/example_dags/example_branch_day_of_week_operator.py
[2025-12-21T07:31:32.300+0000] {processor.py:840} INFO - DAG(s) 'example_weekday_branch_operator' retrieved from /home/airflow/.local/lib/python3.8/site-packages/airflow/example_dags/example_branch_day_of_week_operator.py
[2025-12-21T07:31:32.331+0000] {logging_mixin.py:188} INFO - [2025-12-21T07:31:32.331+0000] {dag.py:3047} INFO - Sync 1 DAGs
[2025-12-21T07:31:32.365+0000] {logging_mixin.py:188} INFO - [2025-12-21T07:31:32.365+0000] {dag.py:3834} INFO - Setting next_dagrun for example_weekday_branch_operator to 2025-12-20 00:00:00+00:00, run_after=2025-12-21 00:00:00+00:00
[2025-12-21T07:31:32.397+0000] {processor.py:183} INFO - Processing /home/airflow/.local/lib/python3.8/site-packages/airflow/example_dags/example_branch_day_of_week_operator.py took 0.118 seconds
