[2025-12-21T06:58:53.469+0000] {processor.py:161} INFO - Started process (PID=70) to work on /home/airflow/.local/lib/python3.8/site-packages/airflow/example_dags/example_python_operator.py
[2025-12-21T06:58:53.470+0000] {processor.py:830} INFO - Processing file /home/airflow/.local/lib/python3.8/site-packages/airflow/example_dags/example_python_operator.py for tasks to queue
[2025-12-21T06:58:53.473+0000] {logging_mixin.py:188} INFO - [2025-12-21T06:58:53.472+0000] {dagbag.py:540} INFO - Filling up the DagBag from /home/airflow/.local/lib/python3.8/site-packages/airflow/example_dags/example_python_operator.py
[2025-12-21T06:58:53.489+0000] {processor.py:840} INFO - DAG(s) 'example_python_operator' retrieved from /home/airflow/.local/lib/python3.8/site-packages/airflow/example_dags/example_python_operator.py
[2025-12-21T06:58:53.604+0000] {logging_mixin.py:188} INFO - [2025-12-21T06:58:53.604+0000] {dag.py:3047} INFO - Sync 1 DAGs
[2025-12-21T06:58:53.616+0000] {logging_mixin.py:188} INFO - [2025-12-21T06:58:53.616+0000] {dag.py:3834} INFO - Setting next_dagrun for example_python_operator to None, run_after=None
[2025-12-21T06:58:53.641+0000] {processor.py:183} INFO - Processing /home/airflow/.local/lib/python3.8/site-packages/airflow/example_dags/example_python_operator.py took 0.177 seconds
[2025-12-21T06:59:24.142+0000] {processor.py:161} INFO - Started process (PID=126) to work on /home/airflow/.local/lib/python3.8/site-packages/airflow/example_dags/example_python_operator.py
[2025-12-21T06:59:24.144+0000] {processor.py:830} INFO - Processing file /home/airflow/.local/lib/python3.8/site-packages/airflow/example_dags/example_python_operator.py for tasks to queue
[2025-12-21T06:59:24.147+0000] {logging_mixin.py:188} INFO - [2025-12-21T06:59:24.146+0000] {dagbag.py:540} INFO - Filling up the DagBag from /home/airflow/.local/lib/python3.8/site-packages/airflow/example_dags/example_python_operator.py
[2025-12-21T06:59:24.164+0000] {processor.py:840} INFO - DAG(s) 'example_python_operator' retrieved from /home/airflow/.local/lib/python3.8/site-packages/airflow/example_dags/example_python_operator.py
[2025-12-21T06:59:24.193+0000] {logging_mixin.py:188} INFO - [2025-12-21T06:59:24.192+0000] {dag.py:3047} INFO - Sync 1 DAGs
[2025-12-21T06:59:24.208+0000] {logging_mixin.py:188} INFO - [2025-12-21T06:59:24.207+0000] {dag.py:3834} INFO - Setting next_dagrun for example_python_operator to None, run_after=None
[2025-12-21T06:59:24.237+0000] {processor.py:183} INFO - Processing /home/airflow/.local/lib/python3.8/site-packages/airflow/example_dags/example_python_operator.py took 0.100 seconds
[2025-12-21T06:59:54.621+0000] {processor.py:161} INFO - Started process (PID=182) to work on /home/airflow/.local/lib/python3.8/site-packages/airflow/example_dags/example_python_operator.py
[2025-12-21T06:59:54.623+0000] {processor.py:830} INFO - Processing file /home/airflow/.local/lib/python3.8/site-packages/airflow/example_dags/example_python_operator.py for tasks to queue
[2025-12-21T06:59:54.626+0000] {logging_mixin.py:188} INFO - [2025-12-21T06:59:54.626+0000] {dagbag.py:540} INFO - Filling up the DagBag from /home/airflow/.local/lib/python3.8/site-packages/airflow/example_dags/example_python_operator.py
[2025-12-21T06:59:54.640+0000] {processor.py:840} INFO - DAG(s) 'example_python_operator' retrieved from /home/airflow/.local/lib/python3.8/site-packages/airflow/example_dags/example_python_operator.py
[2025-12-21T06:59:54.666+0000] {logging_mixin.py:188} INFO - [2025-12-21T06:59:54.665+0000] {dag.py:3047} INFO - Sync 1 DAGs
[2025-12-21T06:59:54.680+0000] {logging_mixin.py:188} INFO - [2025-12-21T06:59:54.680+0000] {dag.py:3834} INFO - Setting next_dagrun for example_python_operator to None, run_after=None
[2025-12-21T06:59:54.705+0000] {processor.py:183} INFO - Processing /home/airflow/.local/lib/python3.8/site-packages/airflow/example_dags/example_python_operator.py took 0.088 seconds
[2025-12-21T07:00:25.021+0000] {processor.py:161} INFO - Started process (PID=238) to work on /home/airflow/.local/lib/python3.8/site-packages/airflow/example_dags/example_python_operator.py
[2025-12-21T07:00:25.023+0000] {processor.py:830} INFO - Processing file /home/airflow/.local/lib/python3.8/site-packages/airflow/example_dags/example_python_operator.py for tasks to queue
[2025-12-21T07:00:25.027+0000] {logging_mixin.py:188} INFO - [2025-12-21T07:00:25.027+0000] {dagbag.py:540} INFO - Filling up the DagBag from /home/airflow/.local/lib/python3.8/site-packages/airflow/example_dags/example_python_operator.py
[2025-12-21T07:00:25.041+0000] {processor.py:840} INFO - DAG(s) 'example_python_operator' retrieved from /home/airflow/.local/lib/python3.8/site-packages/airflow/example_dags/example_python_operator.py
[2025-12-21T07:00:25.076+0000] {logging_mixin.py:188} INFO - [2025-12-21T07:00:25.075+0000] {dag.py:3047} INFO - Sync 1 DAGs
[2025-12-21T07:00:25.094+0000] {logging_mixin.py:188} INFO - [2025-12-21T07:00:25.094+0000] {dag.py:3834} INFO - Setting next_dagrun for example_python_operator to None, run_after=None
[2025-12-21T07:00:25.144+0000] {processor.py:183} INFO - Processing /home/airflow/.local/lib/python3.8/site-packages/airflow/example_dags/example_python_operator.py took 0.127 seconds
[2025-12-21T07:00:55.225+0000] {processor.py:161} INFO - Started process (PID=294) to work on /home/airflow/.local/lib/python3.8/site-packages/airflow/example_dags/example_python_operator.py
[2025-12-21T07:00:55.228+0000] {processor.py:830} INFO - Processing file /home/airflow/.local/lib/python3.8/site-packages/airflow/example_dags/example_python_operator.py for tasks to queue
[2025-12-21T07:00:55.233+0000] {logging_mixin.py:188} INFO - [2025-12-21T07:00:55.232+0000] {dagbag.py:540} INFO - Filling up the DagBag from /home/airflow/.local/lib/python3.8/site-packages/airflow/example_dags/example_python_operator.py
[2025-12-21T07:00:55.250+0000] {processor.py:840} INFO - DAG(s) 'example_python_operator' retrieved from /home/airflow/.local/lib/python3.8/site-packages/airflow/example_dags/example_python_operator.py
[2025-12-21T07:00:55.286+0000] {logging_mixin.py:188} INFO - [2025-12-21T07:00:55.285+0000] {dag.py:3047} INFO - Sync 1 DAGs
[2025-12-21T07:00:55.305+0000] {logging_mixin.py:188} INFO - [2025-12-21T07:00:55.305+0000] {dag.py:3834} INFO - Setting next_dagrun for example_python_operator to None, run_after=None
[2025-12-21T07:00:55.334+0000] {processor.py:183} INFO - Processing /home/airflow/.local/lib/python3.8/site-packages/airflow/example_dags/example_python_operator.py took 0.117 seconds
[2025-12-21T07:01:26.367+0000] {processor.py:161} INFO - Started process (PID=350) to work on /home/airflow/.local/lib/python3.8/site-packages/airflow/example_dags/example_python_operator.py
[2025-12-21T07:01:26.370+0000] {processor.py:830} INFO - Processing file /home/airflow/.local/lib/python3.8/site-packages/airflow/example_dags/example_python_operator.py for tasks to queue
[2025-12-21T07:01:26.373+0000] {logging_mixin.py:188} INFO - [2025-12-21T07:01:26.372+0000] {dagbag.py:540} INFO - Filling up the DagBag from /home/airflow/.local/lib/python3.8/site-packages/airflow/example_dags/example_python_operator.py
[2025-12-21T07:01:26.387+0000] {processor.py:840} INFO - DAG(s) 'example_python_operator' retrieved from /home/airflow/.local/lib/python3.8/site-packages/airflow/example_dags/example_python_operator.py
[2025-12-21T07:01:26.443+0000] {logging_mixin.py:188} INFO - [2025-12-21T07:01:26.443+0000] {dag.py:3047} INFO - Sync 1 DAGs
[2025-12-21T07:01:26.489+0000] {logging_mixin.py:188} INFO - [2025-12-21T07:01:26.489+0000] {dag.py:3834} INFO - Setting next_dagrun for example_python_operator to None, run_after=None
[2025-12-21T07:01:26.548+0000] {processor.py:183} INFO - Processing /home/airflow/.local/lib/python3.8/site-packages/airflow/example_dags/example_python_operator.py took 0.186 seconds
[2025-12-21T07:01:57.000+0000] {processor.py:161} INFO - Started process (PID=406) to work on /home/airflow/.local/lib/python3.8/site-packages/airflow/example_dags/example_python_operator.py
[2025-12-21T07:01:57.001+0000] {processor.py:830} INFO - Processing file /home/airflow/.local/lib/python3.8/site-packages/airflow/example_dags/example_python_operator.py for tasks to queue
[2025-12-21T07:01:57.004+0000] {logging_mixin.py:188} INFO - [2025-12-21T07:01:57.003+0000] {dagbag.py:540} INFO - Filling up the DagBag from /home/airflow/.local/lib/python3.8/site-packages/airflow/example_dags/example_python_operator.py
[2025-12-21T07:01:57.016+0000] {processor.py:840} INFO - DAG(s) 'example_python_operator' retrieved from /home/airflow/.local/lib/python3.8/site-packages/airflow/example_dags/example_python_operator.py
[2025-12-21T07:01:57.042+0000] {logging_mixin.py:188} INFO - [2025-12-21T07:01:57.041+0000] {dag.py:3047} INFO - Sync 1 DAGs
[2025-12-21T07:01:57.055+0000] {logging_mixin.py:188} INFO - [2025-12-21T07:01:57.054+0000] {dag.py:3834} INFO - Setting next_dagrun for example_python_operator to None, run_after=None
[2025-12-21T07:01:57.076+0000] {processor.py:183} INFO - Processing /home/airflow/.local/lib/python3.8/site-packages/airflow/example_dags/example_python_operator.py took 0.081 seconds
[2025-12-21T07:02:27.376+0000] {processor.py:161} INFO - Started process (PID=462) to work on /home/airflow/.local/lib/python3.8/site-packages/airflow/example_dags/example_python_operator.py
[2025-12-21T07:02:27.378+0000] {processor.py:830} INFO - Processing file /home/airflow/.local/lib/python3.8/site-packages/airflow/example_dags/example_python_operator.py for tasks to queue
[2025-12-21T07:02:27.380+0000] {logging_mixin.py:188} INFO - [2025-12-21T07:02:27.380+0000] {dagbag.py:540} INFO - Filling up the DagBag from /home/airflow/.local/lib/python3.8/site-packages/airflow/example_dags/example_python_operator.py
[2025-12-21T07:02:27.391+0000] {processor.py:840} INFO - DAG(s) 'example_python_operator' retrieved from /home/airflow/.local/lib/python3.8/site-packages/airflow/example_dags/example_python_operator.py
[2025-12-21T07:02:27.427+0000] {logging_mixin.py:188} INFO - [2025-12-21T07:02:27.426+0000] {dag.py:3047} INFO - Sync 1 DAGs
[2025-12-21T07:02:27.440+0000] {logging_mixin.py:188} INFO - [2025-12-21T07:02:27.440+0000] {dag.py:3834} INFO - Setting next_dagrun for example_python_operator to None, run_after=None
[2025-12-21T07:02:27.465+0000] {processor.py:183} INFO - Processing /home/airflow/.local/lib/python3.8/site-packages/airflow/example_dags/example_python_operator.py took 0.092 seconds
[2025-12-21T07:02:57.953+0000] {processor.py:161} INFO - Started process (PID=518) to work on /home/airflow/.local/lib/python3.8/site-packages/airflow/example_dags/example_python_operator.py
[2025-12-21T07:02:57.955+0000] {processor.py:830} INFO - Processing file /home/airflow/.local/lib/python3.8/site-packages/airflow/example_dags/example_python_operator.py for tasks to queue
[2025-12-21T07:02:57.960+0000] {logging_mixin.py:188} INFO - [2025-12-21T07:02:57.959+0000] {dagbag.py:540} INFO - Filling up the DagBag from /home/airflow/.local/lib/python3.8/site-packages/airflow/example_dags/example_python_operator.py
[2025-12-21T07:02:57.988+0000] {processor.py:840} INFO - DAG(s) 'example_python_operator' retrieved from /home/airflow/.local/lib/python3.8/site-packages/airflow/example_dags/example_python_operator.py
[2025-12-21T07:02:58.031+0000] {logging_mixin.py:188} INFO - [2025-12-21T07:02:58.031+0000] {dag.py:3047} INFO - Sync 1 DAGs
[2025-12-21T07:02:58.052+0000] {logging_mixin.py:188} INFO - [2025-12-21T07:02:58.051+0000] {dag.py:3834} INFO - Setting next_dagrun for example_python_operator to None, run_after=None
[2025-12-21T07:02:58.088+0000] {processor.py:183} INFO - Processing /home/airflow/.local/lib/python3.8/site-packages/airflow/example_dags/example_python_operator.py took 0.145 seconds
[2025-12-21T07:03:28.280+0000] {processor.py:161} INFO - Started process (PID=574) to work on /home/airflow/.local/lib/python3.8/site-packages/airflow/example_dags/example_python_operator.py
[2025-12-21T07:03:28.281+0000] {processor.py:830} INFO - Processing file /home/airflow/.local/lib/python3.8/site-packages/airflow/example_dags/example_python_operator.py for tasks to queue
[2025-12-21T07:03:28.283+0000] {logging_mixin.py:188} INFO - [2025-12-21T07:03:28.283+0000] {dagbag.py:540} INFO - Filling up the DagBag from /home/airflow/.local/lib/python3.8/site-packages/airflow/example_dags/example_python_operator.py
[2025-12-21T07:03:28.294+0000] {processor.py:840} INFO - DAG(s) 'example_python_operator' retrieved from /home/airflow/.local/lib/python3.8/site-packages/airflow/example_dags/example_python_operator.py
[2025-12-21T07:03:28.319+0000] {logging_mixin.py:188} INFO - [2025-12-21T07:03:28.318+0000] {dag.py:3047} INFO - Sync 1 DAGs
[2025-12-21T07:03:28.330+0000] {logging_mixin.py:188} INFO - [2025-12-21T07:03:28.330+0000] {dag.py:3834} INFO - Setting next_dagrun for example_python_operator to None, run_after=None
[2025-12-21T07:03:28.350+0000] {processor.py:183} INFO - Processing /home/airflow/.local/lib/python3.8/site-packages/airflow/example_dags/example_python_operator.py took 0.074 seconds
[2025-12-21T07:03:58.672+0000] {processor.py:161} INFO - Started process (PID=630) to work on /home/airflow/.local/lib/python3.8/site-packages/airflow/example_dags/example_python_operator.py
[2025-12-21T07:03:58.673+0000] {processor.py:830} INFO - Processing file /home/airflow/.local/lib/python3.8/site-packages/airflow/example_dags/example_python_operator.py for tasks to queue
[2025-12-21T07:03:58.676+0000] {logging_mixin.py:188} INFO - [2025-12-21T07:03:58.676+0000] {dagbag.py:540} INFO - Filling up the DagBag from /home/airflow/.local/lib/python3.8/site-packages/airflow/example_dags/example_python_operator.py
[2025-12-21T07:03:58.692+0000] {processor.py:840} INFO - DAG(s) 'example_python_operator' retrieved from /home/airflow/.local/lib/python3.8/site-packages/airflow/example_dags/example_python_operator.py
[2025-12-21T07:03:58.722+0000] {logging_mixin.py:188} INFO - [2025-12-21T07:03:58.722+0000] {dag.py:3047} INFO - Sync 1 DAGs
[2025-12-21T07:03:58.739+0000] {logging_mixin.py:188} INFO - [2025-12-21T07:03:58.739+0000] {dag.py:3834} INFO - Setting next_dagrun for example_python_operator to None, run_after=None
[2025-12-21T07:03:58.778+0000] {processor.py:183} INFO - Processing /home/airflow/.local/lib/python3.8/site-packages/airflow/example_dags/example_python_operator.py took 0.111 seconds
[2025-12-21T07:04:29.706+0000] {processor.py:161} INFO - Started process (PID=686) to work on /home/airflow/.local/lib/python3.8/site-packages/airflow/example_dags/example_python_operator.py
[2025-12-21T07:04:29.708+0000] {processor.py:830} INFO - Processing file /home/airflow/.local/lib/python3.8/site-packages/airflow/example_dags/example_python_operator.py for tasks to queue
[2025-12-21T07:04:29.710+0000] {logging_mixin.py:188} INFO - [2025-12-21T07:04:29.710+0000] {dagbag.py:540} INFO - Filling up the DagBag from /home/airflow/.local/lib/python3.8/site-packages/airflow/example_dags/example_python_operator.py
[2025-12-21T07:04:29.722+0000] {processor.py:840} INFO - DAG(s) 'example_python_operator' retrieved from /home/airflow/.local/lib/python3.8/site-packages/airflow/example_dags/example_python_operator.py
[2025-12-21T07:04:29.749+0000] {logging_mixin.py:188} INFO - [2025-12-21T07:04:29.749+0000] {dag.py:3047} INFO - Sync 1 DAGs
[2025-12-21T07:04:29.764+0000] {logging_mixin.py:188} INFO - [2025-12-21T07:04:29.763+0000] {dag.py:3834} INFO - Setting next_dagrun for example_python_operator to None, run_after=None
[2025-12-21T07:04:29.787+0000] {processor.py:183} INFO - Processing /home/airflow/.local/lib/python3.8/site-packages/airflow/example_dags/example_python_operator.py took 0.086 seconds
[2025-12-21T07:04:59.832+0000] {processor.py:161} INFO - Started process (PID=742) to work on /home/airflow/.local/lib/python3.8/site-packages/airflow/example_dags/example_python_operator.py
[2025-12-21T07:04:59.834+0000] {processor.py:830} INFO - Processing file /home/airflow/.local/lib/python3.8/site-packages/airflow/example_dags/example_python_operator.py for tasks to queue
[2025-12-21T07:04:59.836+0000] {logging_mixin.py:188} INFO - [2025-12-21T07:04:59.836+0000] {dagbag.py:540} INFO - Filling up the DagBag from /home/airflow/.local/lib/python3.8/site-packages/airflow/example_dags/example_python_operator.py
[2025-12-21T07:04:59.847+0000] {processor.py:840} INFO - DAG(s) 'example_python_operator' retrieved from /home/airflow/.local/lib/python3.8/site-packages/airflow/example_dags/example_python_operator.py
[2025-12-21T07:04:59.872+0000] {logging_mixin.py:188} INFO - [2025-12-21T07:04:59.872+0000] {dag.py:3047} INFO - Sync 1 DAGs
[2025-12-21T07:04:59.886+0000] {logging_mixin.py:188} INFO - [2025-12-21T07:04:59.885+0000] {dag.py:3834} INFO - Setting next_dagrun for example_python_operator to None, run_after=None
[2025-12-21T07:04:59.907+0000] {processor.py:183} INFO - Processing /home/airflow/.local/lib/python3.8/site-packages/airflow/example_dags/example_python_operator.py took 0.078 seconds
[2025-12-21T07:05:30.408+0000] {processor.py:161} INFO - Started process (PID=798) to work on /home/airflow/.local/lib/python3.8/site-packages/airflow/example_dags/example_python_operator.py
[2025-12-21T07:05:30.410+0000] {processor.py:830} INFO - Processing file /home/airflow/.local/lib/python3.8/site-packages/airflow/example_dags/example_python_operator.py for tasks to queue
[2025-12-21T07:05:30.412+0000] {logging_mixin.py:188} INFO - [2025-12-21T07:05:30.412+0000] {dagbag.py:540} INFO - Filling up the DagBag from /home/airflow/.local/lib/python3.8/site-packages/airflow/example_dags/example_python_operator.py
[2025-12-21T07:05:30.424+0000] {processor.py:840} INFO - DAG(s) 'example_python_operator' retrieved from /home/airflow/.local/lib/python3.8/site-packages/airflow/example_dags/example_python_operator.py
[2025-12-21T07:05:30.450+0000] {logging_mixin.py:188} INFO - [2025-12-21T07:05:30.450+0000] {dag.py:3047} INFO - Sync 1 DAGs
[2025-12-21T07:05:30.464+0000] {logging_mixin.py:188} INFO - [2025-12-21T07:05:30.464+0000] {dag.py:3834} INFO - Setting next_dagrun for example_python_operator to None, run_after=None
[2025-12-21T07:05:30.483+0000] {processor.py:183} INFO - Processing /home/airflow/.local/lib/python3.8/site-packages/airflow/example_dags/example_python_operator.py took 0.079 seconds
[2025-12-21T07:06:00.592+0000] {processor.py:161} INFO - Started process (PID=854) to work on /home/airflow/.local/lib/python3.8/site-packages/airflow/example_dags/example_python_operator.py
[2025-12-21T07:06:00.593+0000] {processor.py:830} INFO - Processing file /home/airflow/.local/lib/python3.8/site-packages/airflow/example_dags/example_python_operator.py for tasks to queue
[2025-12-21T07:06:00.596+0000] {logging_mixin.py:188} INFO - [2025-12-21T07:06:00.596+0000] {dagbag.py:540} INFO - Filling up the DagBag from /home/airflow/.local/lib/python3.8/site-packages/airflow/example_dags/example_python_operator.py
[2025-12-21T07:06:00.606+0000] {processor.py:840} INFO - DAG(s) 'example_python_operator' retrieved from /home/airflow/.local/lib/python3.8/site-packages/airflow/example_dags/example_python_operator.py
[2025-12-21T07:06:00.630+0000] {logging_mixin.py:188} INFO - [2025-12-21T07:06:00.630+0000] {dag.py:3047} INFO - Sync 1 DAGs
[2025-12-21T07:06:00.644+0000] {logging_mixin.py:188} INFO - [2025-12-21T07:06:00.644+0000] {dag.py:3834} INFO - Setting next_dagrun for example_python_operator to None, run_after=None
[2025-12-21T07:06:00.665+0000] {processor.py:183} INFO - Processing /home/airflow/.local/lib/python3.8/site-packages/airflow/example_dags/example_python_operator.py took 0.076 seconds
[2025-12-21T07:06:30.841+0000] {processor.py:161} INFO - Started process (PID=910) to work on /home/airflow/.local/lib/python3.8/site-packages/airflow/example_dags/example_python_operator.py
[2025-12-21T07:06:30.843+0000] {processor.py:830} INFO - Processing file /home/airflow/.local/lib/python3.8/site-packages/airflow/example_dags/example_python_operator.py for tasks to queue
[2025-12-21T07:06:30.845+0000] {logging_mixin.py:188} INFO - [2025-12-21T07:06:30.845+0000] {dagbag.py:540} INFO - Filling up the DagBag from /home/airflow/.local/lib/python3.8/site-packages/airflow/example_dags/example_python_operator.py
[2025-12-21T07:06:30.859+0000] {processor.py:840} INFO - DAG(s) 'example_python_operator' retrieved from /home/airflow/.local/lib/python3.8/site-packages/airflow/example_dags/example_python_operator.py
[2025-12-21T07:06:30.883+0000] {logging_mixin.py:188} INFO - [2025-12-21T07:06:30.882+0000] {dag.py:3047} INFO - Sync 1 DAGs
[2025-12-21T07:06:30.895+0000] {logging_mixin.py:188} INFO - [2025-12-21T07:06:30.895+0000] {dag.py:3834} INFO - Setting next_dagrun for example_python_operator to None, run_after=None
[2025-12-21T07:06:30.916+0000] {processor.py:183} INFO - Processing /home/airflow/.local/lib/python3.8/site-packages/airflow/example_dags/example_python_operator.py took 0.078 seconds
[2025-12-21T07:07:01.231+0000] {processor.py:161} INFO - Started process (PID=966) to work on /home/airflow/.local/lib/python3.8/site-packages/airflow/example_dags/example_python_operator.py
[2025-12-21T07:07:01.233+0000] {processor.py:830} INFO - Processing file /home/airflow/.local/lib/python3.8/site-packages/airflow/example_dags/example_python_operator.py for tasks to queue
[2025-12-21T07:07:01.236+0000] {logging_mixin.py:188} INFO - [2025-12-21T07:07:01.235+0000] {dagbag.py:540} INFO - Filling up the DagBag from /home/airflow/.local/lib/python3.8/site-packages/airflow/example_dags/example_python_operator.py
[2025-12-21T07:07:01.255+0000] {processor.py:840} INFO - DAG(s) 'example_python_operator' retrieved from /home/airflow/.local/lib/python3.8/site-packages/airflow/example_dags/example_python_operator.py
[2025-12-21T07:07:01.281+0000] {logging_mixin.py:188} INFO - [2025-12-21T07:07:01.281+0000] {dag.py:3047} INFO - Sync 1 DAGs
[2025-12-21T07:07:01.293+0000] {logging_mixin.py:188} INFO - [2025-12-21T07:07:01.293+0000] {dag.py:3834} INFO - Setting next_dagrun for example_python_operator to None, run_after=None
[2025-12-21T07:07:01.315+0000] {processor.py:183} INFO - Processing /home/airflow/.local/lib/python3.8/site-packages/airflow/example_dags/example_python_operator.py took 0.088 seconds
[2025-12-21T07:07:31.698+0000] {processor.py:161} INFO - Started process (PID=1022) to work on /home/airflow/.local/lib/python3.8/site-packages/airflow/example_dags/example_python_operator.py
[2025-12-21T07:07:31.700+0000] {processor.py:830} INFO - Processing file /home/airflow/.local/lib/python3.8/site-packages/airflow/example_dags/example_python_operator.py for tasks to queue
[2025-12-21T07:07:31.702+0000] {logging_mixin.py:188} INFO - [2025-12-21T07:07:31.702+0000] {dagbag.py:540} INFO - Filling up the DagBag from /home/airflow/.local/lib/python3.8/site-packages/airflow/example_dags/example_python_operator.py
[2025-12-21T07:07:31.714+0000] {processor.py:840} INFO - DAG(s) 'example_python_operator' retrieved from /home/airflow/.local/lib/python3.8/site-packages/airflow/example_dags/example_python_operator.py
[2025-12-21T07:07:31.741+0000] {logging_mixin.py:188} INFO - [2025-12-21T07:07:31.740+0000] {dag.py:3047} INFO - Sync 1 DAGs
[2025-12-21T07:07:31.754+0000] {logging_mixin.py:188} INFO - [2025-12-21T07:07:31.754+0000] {dag.py:3834} INFO - Setting next_dagrun for example_python_operator to None, run_after=None
[2025-12-21T07:07:31.777+0000] {processor.py:183} INFO - Processing /home/airflow/.local/lib/python3.8/site-packages/airflow/example_dags/example_python_operator.py took 0.083 seconds
[2025-12-21T07:08:02.545+0000] {processor.py:161} INFO - Started process (PID=1078) to work on /home/airflow/.local/lib/python3.8/site-packages/airflow/example_dags/example_python_operator.py
[2025-12-21T07:08:02.547+0000] {processor.py:830} INFO - Processing file /home/airflow/.local/lib/python3.8/site-packages/airflow/example_dags/example_python_operator.py for tasks to queue
[2025-12-21T07:08:02.552+0000] {logging_mixin.py:188} INFO - [2025-12-21T07:08:02.551+0000] {dagbag.py:540} INFO - Filling up the DagBag from /home/airflow/.local/lib/python3.8/site-packages/airflow/example_dags/example_python_operator.py
[2025-12-21T07:08:02.570+0000] {processor.py:840} INFO - DAG(s) 'example_python_operator' retrieved from /home/airflow/.local/lib/python3.8/site-packages/airflow/example_dags/example_python_operator.py
[2025-12-21T07:08:02.597+0000] {logging_mixin.py:188} INFO - [2025-12-21T07:08:02.597+0000] {dag.py:3047} INFO - Sync 1 DAGs
[2025-12-21T07:08:02.610+0000] {logging_mixin.py:188} INFO - [2025-12-21T07:08:02.609+0000] {dag.py:3834} INFO - Setting next_dagrun for example_python_operator to None, run_after=None
[2025-12-21T07:08:02.633+0000] {processor.py:183} INFO - Processing /home/airflow/.local/lib/python3.8/site-packages/airflow/example_dags/example_python_operator.py took 0.091 seconds
[2025-12-21T07:08:33.479+0000] {processor.py:161} INFO - Started process (PID=1134) to work on /home/airflow/.local/lib/python3.8/site-packages/airflow/example_dags/example_python_operator.py
[2025-12-21T07:08:33.480+0000] {processor.py:830} INFO - Processing file /home/airflow/.local/lib/python3.8/site-packages/airflow/example_dags/example_python_operator.py for tasks to queue
[2025-12-21T07:08:33.483+0000] {logging_mixin.py:188} INFO - [2025-12-21T07:08:33.483+0000] {dagbag.py:540} INFO - Filling up the DagBag from /home/airflow/.local/lib/python3.8/site-packages/airflow/example_dags/example_python_operator.py
[2025-12-21T07:08:33.495+0000] {processor.py:840} INFO - DAG(s) 'example_python_operator' retrieved from /home/airflow/.local/lib/python3.8/site-packages/airflow/example_dags/example_python_operator.py
[2025-12-21T07:08:33.521+0000] {logging_mixin.py:188} INFO - [2025-12-21T07:08:33.520+0000] {dag.py:3047} INFO - Sync 1 DAGs
[2025-12-21T07:08:33.535+0000] {logging_mixin.py:188} INFO - [2025-12-21T07:08:33.535+0000] {dag.py:3834} INFO - Setting next_dagrun for example_python_operator to None, run_after=None
[2025-12-21T07:08:33.558+0000] {processor.py:183} INFO - Processing /home/airflow/.local/lib/python3.8/site-packages/airflow/example_dags/example_python_operator.py took 0.083 seconds
[2025-12-21T07:11:43.612+0000] {processor.py:161} INFO - Started process (PID=76) to work on /home/airflow/.local/lib/python3.8/site-packages/airflow/example_dags/example_python_operator.py
[2025-12-21T07:11:43.614+0000] {processor.py:830} INFO - Processing file /home/airflow/.local/lib/python3.8/site-packages/airflow/example_dags/example_python_operator.py for tasks to queue
[2025-12-21T07:11:43.619+0000] {logging_mixin.py:188} INFO - [2025-12-21T07:11:43.618+0000] {dagbag.py:540} INFO - Filling up the DagBag from /home/airflow/.local/lib/python3.8/site-packages/airflow/example_dags/example_python_operator.py
[2025-12-21T07:11:43.642+0000] {processor.py:840} INFO - DAG(s) 'example_python_operator' retrieved from /home/airflow/.local/lib/python3.8/site-packages/airflow/example_dags/example_python_operator.py
[2025-12-21T07:11:43.689+0000] {logging_mixin.py:188} INFO - [2025-12-21T07:11:43.688+0000] {dag.py:3047} INFO - Sync 1 DAGs
[2025-12-21T07:11:43.727+0000] {logging_mixin.py:188} INFO - [2025-12-21T07:11:43.727+0000] {dag.py:3834} INFO - Setting next_dagrun for example_python_operator to None, run_after=None
[2025-12-21T07:11:43.849+0000] {processor.py:183} INFO - Processing /home/airflow/.local/lib/python3.8/site-packages/airflow/example_dags/example_python_operator.py took 0.248 seconds
[2025-12-21T07:12:15.193+0000] {processor.py:161} INFO - Started process (PID=137) to work on /home/airflow/.local/lib/python3.8/site-packages/airflow/example_dags/example_python_operator.py
[2025-12-21T07:12:15.195+0000] {processor.py:830} INFO - Processing file /home/airflow/.local/lib/python3.8/site-packages/airflow/example_dags/example_python_operator.py for tasks to queue
[2025-12-21T07:12:15.197+0000] {logging_mixin.py:188} INFO - [2025-12-21T07:12:15.197+0000] {dagbag.py:540} INFO - Filling up the DagBag from /home/airflow/.local/lib/python3.8/site-packages/airflow/example_dags/example_python_operator.py
[2025-12-21T07:12:15.209+0000] {processor.py:840} INFO - DAG(s) 'example_python_operator' retrieved from /home/airflow/.local/lib/python3.8/site-packages/airflow/example_dags/example_python_operator.py
[2025-12-21T07:12:15.305+0000] {logging_mixin.py:188} INFO - [2025-12-21T07:12:15.305+0000] {dag.py:3047} INFO - Sync 1 DAGs
[2025-12-21T07:12:15.315+0000] {logging_mixin.py:188} INFO - [2025-12-21T07:12:15.315+0000] {dag.py:3834} INFO - Setting next_dagrun for example_python_operator to None, run_after=None
[2025-12-21T07:12:15.336+0000] {processor.py:183} INFO - Processing /home/airflow/.local/lib/python3.8/site-packages/airflow/example_dags/example_python_operator.py took 0.146 seconds
[2025-12-21T07:12:45.933+0000] {processor.py:161} INFO - Started process (PID=193) to work on /home/airflow/.local/lib/python3.8/site-packages/airflow/example_dags/example_python_operator.py
[2025-12-21T07:12:45.936+0000] {processor.py:830} INFO - Processing file /home/airflow/.local/lib/python3.8/site-packages/airflow/example_dags/example_python_operator.py for tasks to queue
[2025-12-21T07:12:45.939+0000] {logging_mixin.py:188} INFO - [2025-12-21T07:12:45.939+0000] {dagbag.py:540} INFO - Filling up the DagBag from /home/airflow/.local/lib/python3.8/site-packages/airflow/example_dags/example_python_operator.py
[2025-12-21T07:12:45.958+0000] {processor.py:840} INFO - DAG(s) 'example_python_operator' retrieved from /home/airflow/.local/lib/python3.8/site-packages/airflow/example_dags/example_python_operator.py
[2025-12-21T07:12:46.017+0000] {logging_mixin.py:188} INFO - [2025-12-21T07:12:46.016+0000] {dag.py:3047} INFO - Sync 1 DAGs
[2025-12-21T07:12:46.047+0000] {logging_mixin.py:188} INFO - [2025-12-21T07:12:46.046+0000] {dag.py:3834} INFO - Setting next_dagrun for example_python_operator to None, run_after=None
[2025-12-21T07:12:46.087+0000] {processor.py:183} INFO - Processing /home/airflow/.local/lib/python3.8/site-packages/airflow/example_dags/example_python_operator.py took 0.161 seconds
[2025-12-21T07:13:16.499+0000] {processor.py:161} INFO - Started process (PID=249) to work on /home/airflow/.local/lib/python3.8/site-packages/airflow/example_dags/example_python_operator.py
[2025-12-21T07:13:16.501+0000] {processor.py:830} INFO - Processing file /home/airflow/.local/lib/python3.8/site-packages/airflow/example_dags/example_python_operator.py for tasks to queue
[2025-12-21T07:13:16.504+0000] {logging_mixin.py:188} INFO - [2025-12-21T07:13:16.504+0000] {dagbag.py:540} INFO - Filling up the DagBag from /home/airflow/.local/lib/python3.8/site-packages/airflow/example_dags/example_python_operator.py
[2025-12-21T07:13:16.517+0000] {processor.py:840} INFO - DAG(s) 'example_python_operator' retrieved from /home/airflow/.local/lib/python3.8/site-packages/airflow/example_dags/example_python_operator.py
[2025-12-21T07:13:16.542+0000] {logging_mixin.py:188} INFO - [2025-12-21T07:13:16.541+0000] {dag.py:3047} INFO - Sync 1 DAGs
[2025-12-21T07:13:16.557+0000] {logging_mixin.py:188} INFO - [2025-12-21T07:13:16.557+0000] {dag.py:3834} INFO - Setting next_dagrun for example_python_operator to None, run_after=None
[2025-12-21T07:13:16.578+0000] {processor.py:183} INFO - Processing /home/airflow/.local/lib/python3.8/site-packages/airflow/example_dags/example_python_operator.py took 0.083 seconds
[2025-12-21T07:13:47.314+0000] {processor.py:161} INFO - Started process (PID=305) to work on /home/airflow/.local/lib/python3.8/site-packages/airflow/example_dags/example_python_operator.py
[2025-12-21T07:13:47.316+0000] {processor.py:830} INFO - Processing file /home/airflow/.local/lib/python3.8/site-packages/airflow/example_dags/example_python_operator.py for tasks to queue
[2025-12-21T07:13:47.318+0000] {logging_mixin.py:188} INFO - [2025-12-21T07:13:47.318+0000] {dagbag.py:540} INFO - Filling up the DagBag from /home/airflow/.local/lib/python3.8/site-packages/airflow/example_dags/example_python_operator.py
[2025-12-21T07:13:47.332+0000] {processor.py:840} INFO - DAG(s) 'example_python_operator' retrieved from /home/airflow/.local/lib/python3.8/site-packages/airflow/example_dags/example_python_operator.py
[2025-12-21T07:13:47.363+0000] {logging_mixin.py:188} INFO - [2025-12-21T07:13:47.362+0000] {dag.py:3047} INFO - Sync 1 DAGs
[2025-12-21T07:13:47.378+0000] {logging_mixin.py:188} INFO - [2025-12-21T07:13:47.377+0000] {dag.py:3834} INFO - Setting next_dagrun for example_python_operator to None, run_after=None
[2025-12-21T07:13:47.403+0000] {processor.py:183} INFO - Processing /home/airflow/.local/lib/python3.8/site-packages/airflow/example_dags/example_python_operator.py took 0.092 seconds
[2025-12-21T07:14:17.963+0000] {processor.py:161} INFO - Started process (PID=361) to work on /home/airflow/.local/lib/python3.8/site-packages/airflow/example_dags/example_python_operator.py
[2025-12-21T07:14:17.965+0000] {processor.py:830} INFO - Processing file /home/airflow/.local/lib/python3.8/site-packages/airflow/example_dags/example_python_operator.py for tasks to queue
[2025-12-21T07:14:17.967+0000] {logging_mixin.py:188} INFO - [2025-12-21T07:14:17.967+0000] {dagbag.py:540} INFO - Filling up the DagBag from /home/airflow/.local/lib/python3.8/site-packages/airflow/example_dags/example_python_operator.py
[2025-12-21T07:14:17.981+0000] {processor.py:840} INFO - DAG(s) 'example_python_operator' retrieved from /home/airflow/.local/lib/python3.8/site-packages/airflow/example_dags/example_python_operator.py
[2025-12-21T07:14:18.008+0000] {logging_mixin.py:188} INFO - [2025-12-21T07:14:18.008+0000] {dag.py:3047} INFO - Sync 1 DAGs
[2025-12-21T07:14:18.024+0000] {logging_mixin.py:188} INFO - [2025-12-21T07:14:18.024+0000] {dag.py:3834} INFO - Setting next_dagrun for example_python_operator to None, run_after=None
[2025-12-21T07:14:18.047+0000] {processor.py:183} INFO - Processing /home/airflow/.local/lib/python3.8/site-packages/airflow/example_dags/example_python_operator.py took 0.088 seconds
[2025-12-21T07:14:48.759+0000] {processor.py:161} INFO - Started process (PID=417) to work on /home/airflow/.local/lib/python3.8/site-packages/airflow/example_dags/example_python_operator.py
[2025-12-21T07:14:48.761+0000] {processor.py:830} INFO - Processing file /home/airflow/.local/lib/python3.8/site-packages/airflow/example_dags/example_python_operator.py for tasks to queue
[2025-12-21T07:14:48.764+0000] {logging_mixin.py:188} INFO - [2025-12-21T07:14:48.764+0000] {dagbag.py:540} INFO - Filling up the DagBag from /home/airflow/.local/lib/python3.8/site-packages/airflow/example_dags/example_python_operator.py
[2025-12-21T07:14:48.779+0000] {processor.py:840} INFO - DAG(s) 'example_python_operator' retrieved from /home/airflow/.local/lib/python3.8/site-packages/airflow/example_dags/example_python_operator.py
[2025-12-21T07:14:48.805+0000] {logging_mixin.py:188} INFO - [2025-12-21T07:14:48.805+0000] {dag.py:3047} INFO - Sync 1 DAGs
[2025-12-21T07:14:48.823+0000] {logging_mixin.py:188} INFO - [2025-12-21T07:14:48.823+0000] {dag.py:3834} INFO - Setting next_dagrun for example_python_operator to None, run_after=None
[2025-12-21T07:14:48.851+0000] {processor.py:183} INFO - Processing /home/airflow/.local/lib/python3.8/site-packages/airflow/example_dags/example_python_operator.py took 0.097 seconds
[2025-12-21T07:15:18.975+0000] {processor.py:161} INFO - Started process (PID=473) to work on /home/airflow/.local/lib/python3.8/site-packages/airflow/example_dags/example_python_operator.py
[2025-12-21T07:15:18.977+0000] {processor.py:830} INFO - Processing file /home/airflow/.local/lib/python3.8/site-packages/airflow/example_dags/example_python_operator.py for tasks to queue
[2025-12-21T07:15:18.979+0000] {logging_mixin.py:188} INFO - [2025-12-21T07:15:18.979+0000] {dagbag.py:540} INFO - Filling up the DagBag from /home/airflow/.local/lib/python3.8/site-packages/airflow/example_dags/example_python_operator.py
[2025-12-21T07:15:18.993+0000] {processor.py:840} INFO - DAG(s) 'example_python_operator' retrieved from /home/airflow/.local/lib/python3.8/site-packages/airflow/example_dags/example_python_operator.py
[2025-12-21T07:15:19.021+0000] {logging_mixin.py:188} INFO - [2025-12-21T07:15:19.020+0000] {dag.py:3047} INFO - Sync 1 DAGs
[2025-12-21T07:15:19.037+0000] {logging_mixin.py:188} INFO - [2025-12-21T07:15:19.036+0000] {dag.py:3834} INFO - Setting next_dagrun for example_python_operator to None, run_after=None
[2025-12-21T07:15:19.063+0000] {processor.py:183} INFO - Processing /home/airflow/.local/lib/python3.8/site-packages/airflow/example_dags/example_python_operator.py took 0.094 seconds
[2025-12-21T07:15:49.302+0000] {processor.py:161} INFO - Started process (PID=529) to work on /home/airflow/.local/lib/python3.8/site-packages/airflow/example_dags/example_python_operator.py
[2025-12-21T07:15:49.304+0000] {processor.py:830} INFO - Processing file /home/airflow/.local/lib/python3.8/site-packages/airflow/example_dags/example_python_operator.py for tasks to queue
[2025-12-21T07:15:49.308+0000] {logging_mixin.py:188} INFO - [2025-12-21T07:15:49.307+0000] {dagbag.py:540} INFO - Filling up the DagBag from /home/airflow/.local/lib/python3.8/site-packages/airflow/example_dags/example_python_operator.py
[2025-12-21T07:15:49.321+0000] {processor.py:840} INFO - DAG(s) 'example_python_operator' retrieved from /home/airflow/.local/lib/python3.8/site-packages/airflow/example_dags/example_python_operator.py
[2025-12-21T07:15:49.348+0000] {logging_mixin.py:188} INFO - [2025-12-21T07:15:49.348+0000] {dag.py:3047} INFO - Sync 1 DAGs
[2025-12-21T07:15:49.361+0000] {logging_mixin.py:188} INFO - [2025-12-21T07:15:49.361+0000] {dag.py:3834} INFO - Setting next_dagrun for example_python_operator to None, run_after=None
[2025-12-21T07:15:49.383+0000] {processor.py:183} INFO - Processing /home/airflow/.local/lib/python3.8/site-packages/airflow/example_dags/example_python_operator.py took 0.086 seconds
[2025-12-21T07:16:20.507+0000] {processor.py:161} INFO - Started process (PID=585) to work on /home/airflow/.local/lib/python3.8/site-packages/airflow/example_dags/example_python_operator.py
[2025-12-21T07:16:20.509+0000] {processor.py:830} INFO - Processing file /home/airflow/.local/lib/python3.8/site-packages/airflow/example_dags/example_python_operator.py for tasks to queue
[2025-12-21T07:16:20.512+0000] {logging_mixin.py:188} INFO - [2025-12-21T07:16:20.512+0000] {dagbag.py:540} INFO - Filling up the DagBag from /home/airflow/.local/lib/python3.8/site-packages/airflow/example_dags/example_python_operator.py
[2025-12-21T07:16:20.525+0000] {processor.py:840} INFO - DAG(s) 'example_python_operator' retrieved from /home/airflow/.local/lib/python3.8/site-packages/airflow/example_dags/example_python_operator.py
[2025-12-21T07:16:20.551+0000] {logging_mixin.py:188} INFO - [2025-12-21T07:16:20.551+0000] {dag.py:3047} INFO - Sync 1 DAGs
[2025-12-21T07:16:20.565+0000] {logging_mixin.py:188} INFO - [2025-12-21T07:16:20.564+0000] {dag.py:3834} INFO - Setting next_dagrun for example_python_operator to None, run_after=None
[2025-12-21T07:16:20.587+0000] {processor.py:183} INFO - Processing /home/airflow/.local/lib/python3.8/site-packages/airflow/example_dags/example_python_operator.py took 0.085 seconds
[2025-12-21T07:16:51.092+0000] {processor.py:161} INFO - Started process (PID=641) to work on /home/airflow/.local/lib/python3.8/site-packages/airflow/example_dags/example_python_operator.py
[2025-12-21T07:16:51.094+0000] {processor.py:830} INFO - Processing file /home/airflow/.local/lib/python3.8/site-packages/airflow/example_dags/example_python_operator.py for tasks to queue
[2025-12-21T07:16:51.097+0000] {logging_mixin.py:188} INFO - [2025-12-21T07:16:51.096+0000] {dagbag.py:540} INFO - Filling up the DagBag from /home/airflow/.local/lib/python3.8/site-packages/airflow/example_dags/example_python_operator.py
[2025-12-21T07:16:51.113+0000] {processor.py:840} INFO - DAG(s) 'example_python_operator' retrieved from /home/airflow/.local/lib/python3.8/site-packages/airflow/example_dags/example_python_operator.py
[2025-12-21T07:16:51.147+0000] {logging_mixin.py:188} INFO - [2025-12-21T07:16:51.147+0000] {dag.py:3047} INFO - Sync 1 DAGs
[2025-12-21T07:16:51.162+0000] {logging_mixin.py:188} INFO - [2025-12-21T07:16:51.162+0000] {dag.py:3834} INFO - Setting next_dagrun for example_python_operator to None, run_after=None
[2025-12-21T07:16:51.185+0000] {processor.py:183} INFO - Processing /home/airflow/.local/lib/python3.8/site-packages/airflow/example_dags/example_python_operator.py took 0.097 seconds
[2025-12-21T07:17:21.395+0000] {processor.py:161} INFO - Started process (PID=697) to work on /home/airflow/.local/lib/python3.8/site-packages/airflow/example_dags/example_python_operator.py
[2025-12-21T07:17:21.397+0000] {processor.py:830} INFO - Processing file /home/airflow/.local/lib/python3.8/site-packages/airflow/example_dags/example_python_operator.py for tasks to queue
[2025-12-21T07:17:21.399+0000] {logging_mixin.py:188} INFO - [2025-12-21T07:17:21.399+0000] {dagbag.py:540} INFO - Filling up the DagBag from /home/airflow/.local/lib/python3.8/site-packages/airflow/example_dags/example_python_operator.py
[2025-12-21T07:17:21.410+0000] {processor.py:840} INFO - DAG(s) 'example_python_operator' retrieved from /home/airflow/.local/lib/python3.8/site-packages/airflow/example_dags/example_python_operator.py
[2025-12-21T07:17:21.433+0000] {logging_mixin.py:188} INFO - [2025-12-21T07:17:21.433+0000] {dag.py:3047} INFO - Sync 1 DAGs
[2025-12-21T07:17:21.445+0000] {logging_mixin.py:188} INFO - [2025-12-21T07:17:21.445+0000] {dag.py:3834} INFO - Setting next_dagrun for example_python_operator to None, run_after=None
[2025-12-21T07:17:21.466+0000] {processor.py:183} INFO - Processing /home/airflow/.local/lib/python3.8/site-packages/airflow/example_dags/example_python_operator.py took 0.074 seconds
[2025-12-21T07:17:51.596+0000] {processor.py:161} INFO - Started process (PID=754) to work on /home/airflow/.local/lib/python3.8/site-packages/airflow/example_dags/example_python_operator.py
[2025-12-21T07:17:51.597+0000] {processor.py:830} INFO - Processing file /home/airflow/.local/lib/python3.8/site-packages/airflow/example_dags/example_python_operator.py for tasks to queue
[2025-12-21T07:17:51.599+0000] {logging_mixin.py:188} INFO - [2025-12-21T07:17:51.599+0000] {dagbag.py:540} INFO - Filling up the DagBag from /home/airflow/.local/lib/python3.8/site-packages/airflow/example_dags/example_python_operator.py
[2025-12-21T07:17:51.609+0000] {processor.py:840} INFO - DAG(s) 'example_python_operator' retrieved from /home/airflow/.local/lib/python3.8/site-packages/airflow/example_dags/example_python_operator.py
[2025-12-21T07:17:51.633+0000] {logging_mixin.py:188} INFO - [2025-12-21T07:17:51.633+0000] {dag.py:3047} INFO - Sync 1 DAGs
[2025-12-21T07:17:51.646+0000] {logging_mixin.py:188} INFO - [2025-12-21T07:17:51.646+0000] {dag.py:3834} INFO - Setting next_dagrun for example_python_operator to None, run_after=None
[2025-12-21T07:17:51.668+0000] {processor.py:183} INFO - Processing /home/airflow/.local/lib/python3.8/site-packages/airflow/example_dags/example_python_operator.py took 0.076 seconds
[2025-12-21T07:18:22.566+0000] {processor.py:161} INFO - Started process (PID=810) to work on /home/airflow/.local/lib/python3.8/site-packages/airflow/example_dags/example_python_operator.py
[2025-12-21T07:18:22.567+0000] {processor.py:830} INFO - Processing file /home/airflow/.local/lib/python3.8/site-packages/airflow/example_dags/example_python_operator.py for tasks to queue
[2025-12-21T07:18:22.570+0000] {logging_mixin.py:188} INFO - [2025-12-21T07:18:22.569+0000] {dagbag.py:540} INFO - Filling up the DagBag from /home/airflow/.local/lib/python3.8/site-packages/airflow/example_dags/example_python_operator.py
[2025-12-21T07:18:22.581+0000] {processor.py:840} INFO - DAG(s) 'example_python_operator' retrieved from /home/airflow/.local/lib/python3.8/site-packages/airflow/example_dags/example_python_operator.py
[2025-12-21T07:18:22.606+0000] {logging_mixin.py:188} INFO - [2025-12-21T07:18:22.605+0000] {dag.py:3047} INFO - Sync 1 DAGs
[2025-12-21T07:18:22.618+0000] {logging_mixin.py:188} INFO - [2025-12-21T07:18:22.617+0000] {dag.py:3834} INFO - Setting next_dagrun for example_python_operator to None, run_after=None
[2025-12-21T07:18:22.640+0000] {processor.py:183} INFO - Processing /home/airflow/.local/lib/python3.8/site-packages/airflow/example_dags/example_python_operator.py took 0.078 seconds
[2025-12-21T07:18:53.404+0000] {processor.py:161} INFO - Started process (PID=866) to work on /home/airflow/.local/lib/python3.8/site-packages/airflow/example_dags/example_python_operator.py
[2025-12-21T07:18:53.406+0000] {processor.py:830} INFO - Processing file /home/airflow/.local/lib/python3.8/site-packages/airflow/example_dags/example_python_operator.py for tasks to queue
[2025-12-21T07:18:53.408+0000] {logging_mixin.py:188} INFO - [2025-12-21T07:18:53.407+0000] {dagbag.py:540} INFO - Filling up the DagBag from /home/airflow/.local/lib/python3.8/site-packages/airflow/example_dags/example_python_operator.py
[2025-12-21T07:18:53.419+0000] {processor.py:840} INFO - DAG(s) 'example_python_operator' retrieved from /home/airflow/.local/lib/python3.8/site-packages/airflow/example_dags/example_python_operator.py
[2025-12-21T07:18:53.441+0000] {logging_mixin.py:188} INFO - [2025-12-21T07:18:53.440+0000] {dag.py:3047} INFO - Sync 1 DAGs
[2025-12-21T07:18:53.453+0000] {logging_mixin.py:188} INFO - [2025-12-21T07:18:53.453+0000] {dag.py:3834} INFO - Setting next_dagrun for example_python_operator to None, run_after=None
[2025-12-21T07:18:53.474+0000] {processor.py:183} INFO - Processing /home/airflow/.local/lib/python3.8/site-packages/airflow/example_dags/example_python_operator.py took 0.074 seconds
[2025-12-21T07:19:25.207+0000] {processor.py:161} INFO - Started process (PID=922) to work on /home/airflow/.local/lib/python3.8/site-packages/airflow/example_dags/example_python_operator.py
[2025-12-21T07:19:25.213+0000] {processor.py:830} INFO - Processing file /home/airflow/.local/lib/python3.8/site-packages/airflow/example_dags/example_python_operator.py for tasks to queue
[2025-12-21T07:19:25.217+0000] {logging_mixin.py:188} INFO - [2025-12-21T07:19:25.216+0000] {dagbag.py:540} INFO - Filling up the DagBag from /home/airflow/.local/lib/python3.8/site-packages/airflow/example_dags/example_python_operator.py
[2025-12-21T07:19:25.239+0000] {processor.py:840} INFO - DAG(s) 'example_python_operator' retrieved from /home/airflow/.local/lib/python3.8/site-packages/airflow/example_dags/example_python_operator.py
[2025-12-21T07:19:25.278+0000] {logging_mixin.py:188} INFO - [2025-12-21T07:19:25.278+0000] {dag.py:3047} INFO - Sync 1 DAGs
[2025-12-21T07:19:25.301+0000] {logging_mixin.py:188} INFO - [2025-12-21T07:19:25.301+0000] {dag.py:3834} INFO - Setting next_dagrun for example_python_operator to None, run_after=None
[2025-12-21T07:19:25.368+0000] {processor.py:183} INFO - Processing /home/airflow/.local/lib/python3.8/site-packages/airflow/example_dags/example_python_operator.py took 0.166 seconds
[2025-12-21T07:19:55.652+0000] {processor.py:161} INFO - Started process (PID=979) to work on /home/airflow/.local/lib/python3.8/site-packages/airflow/example_dags/example_python_operator.py
[2025-12-21T07:19:55.653+0000] {processor.py:830} INFO - Processing file /home/airflow/.local/lib/python3.8/site-packages/airflow/example_dags/example_python_operator.py for tasks to queue
[2025-12-21T07:19:55.656+0000] {logging_mixin.py:188} INFO - [2025-12-21T07:19:55.655+0000] {dagbag.py:540} INFO - Filling up the DagBag from /home/airflow/.local/lib/python3.8/site-packages/airflow/example_dags/example_python_operator.py
[2025-12-21T07:19:55.669+0000] {processor.py:840} INFO - DAG(s) 'example_python_operator' retrieved from /home/airflow/.local/lib/python3.8/site-packages/airflow/example_dags/example_python_operator.py
[2025-12-21T07:19:55.693+0000] {logging_mixin.py:188} INFO - [2025-12-21T07:19:55.693+0000] {dag.py:3047} INFO - Sync 1 DAGs
[2025-12-21T07:19:55.705+0000] {logging_mixin.py:188} INFO - [2025-12-21T07:19:55.705+0000] {dag.py:3834} INFO - Setting next_dagrun for example_python_operator to None, run_after=None
[2025-12-21T07:19:55.727+0000] {processor.py:183} INFO - Processing /home/airflow/.local/lib/python3.8/site-packages/airflow/example_dags/example_python_operator.py took 0.079 seconds
[2025-12-21T07:20:26.301+0000] {processor.py:161} INFO - Started process (PID=1035) to work on /home/airflow/.local/lib/python3.8/site-packages/airflow/example_dags/example_python_operator.py
[2025-12-21T07:20:26.303+0000] {processor.py:830} INFO - Processing file /home/airflow/.local/lib/python3.8/site-packages/airflow/example_dags/example_python_operator.py for tasks to queue
[2025-12-21T07:20:26.307+0000] {logging_mixin.py:188} INFO - [2025-12-21T07:20:26.307+0000] {dagbag.py:540} INFO - Filling up the DagBag from /home/airflow/.local/lib/python3.8/site-packages/airflow/example_dags/example_python_operator.py
[2025-12-21T07:20:26.323+0000] {processor.py:840} INFO - DAG(s) 'example_python_operator' retrieved from /home/airflow/.local/lib/python3.8/site-packages/airflow/example_dags/example_python_operator.py
[2025-12-21T07:20:26.354+0000] {logging_mixin.py:188} INFO - [2025-12-21T07:20:26.354+0000] {dag.py:3047} INFO - Sync 1 DAGs
[2025-12-21T07:20:26.368+0000] {logging_mixin.py:188} INFO - [2025-12-21T07:20:26.368+0000] {dag.py:3834} INFO - Setting next_dagrun for example_python_operator to None, run_after=None
[2025-12-21T07:20:26.395+0000] {processor.py:183} INFO - Processing /home/airflow/.local/lib/python3.8/site-packages/airflow/example_dags/example_python_operator.py took 0.099 seconds
[2025-12-21T07:20:40.486+0000] {processor.py:161} INFO - Started process (PID=70) to work on /home/airflow/.local/lib/python3.8/site-packages/airflow/example_dags/example_python_operator.py
[2025-12-21T07:20:40.487+0000] {processor.py:830} INFO - Processing file /home/airflow/.local/lib/python3.8/site-packages/airflow/example_dags/example_python_operator.py for tasks to queue
[2025-12-21T07:20:40.489+0000] {logging_mixin.py:188} INFO - [2025-12-21T07:20:40.489+0000] {dagbag.py:540} INFO - Filling up the DagBag from /home/airflow/.local/lib/python3.8/site-packages/airflow/example_dags/example_python_operator.py
[2025-12-21T07:20:40.503+0000] {processor.py:840} INFO - DAG(s) 'example_python_operator' retrieved from /home/airflow/.local/lib/python3.8/site-packages/airflow/example_dags/example_python_operator.py
[2025-12-21T07:20:40.640+0000] {logging_mixin.py:188} INFO - [2025-12-21T07:20:40.639+0000] {dag.py:3047} INFO - Sync 1 DAGs
[2025-12-21T07:20:40.657+0000] {logging_mixin.py:188} INFO - [2025-12-21T07:20:40.656+0000] {dag.py:3834} INFO - Setting next_dagrun for example_python_operator to None, run_after=None
[2025-12-21T07:20:40.686+0000] {processor.py:183} INFO - Processing /home/airflow/.local/lib/python3.8/site-packages/airflow/example_dags/example_python_operator.py took 0.204 seconds
[2025-12-21T07:21:11.665+0000] {processor.py:161} INFO - Started process (PID=126) to work on /home/airflow/.local/lib/python3.8/site-packages/airflow/example_dags/example_python_operator.py
[2025-12-21T07:21:11.667+0000] {processor.py:830} INFO - Processing file /home/airflow/.local/lib/python3.8/site-packages/airflow/example_dags/example_python_operator.py for tasks to queue
[2025-12-21T07:21:11.670+0000] {logging_mixin.py:188} INFO - [2025-12-21T07:21:11.670+0000] {dagbag.py:540} INFO - Filling up the DagBag from /home/airflow/.local/lib/python3.8/site-packages/airflow/example_dags/example_python_operator.py
[2025-12-21T07:21:11.686+0000] {processor.py:840} INFO - DAG(s) 'example_python_operator' retrieved from /home/airflow/.local/lib/python3.8/site-packages/airflow/example_dags/example_python_operator.py
[2025-12-21T07:21:11.716+0000] {logging_mixin.py:188} INFO - [2025-12-21T07:21:11.716+0000] {dag.py:3047} INFO - Sync 1 DAGs
[2025-12-21T07:21:11.732+0000] {logging_mixin.py:188} INFO - [2025-12-21T07:21:11.732+0000] {dag.py:3834} INFO - Setting next_dagrun for example_python_operator to None, run_after=None
[2025-12-21T07:21:11.761+0000] {processor.py:183} INFO - Processing /home/airflow/.local/lib/python3.8/site-packages/airflow/example_dags/example_python_operator.py took 0.100 seconds
[2025-12-21T07:22:21.428+0000] {processor.py:161} INFO - Started process (PID=77) to work on /home/airflow/.local/lib/python3.8/site-packages/airflow/example_dags/example_python_operator.py
[2025-12-21T07:22:21.430+0000] {processor.py:830} INFO - Processing file /home/airflow/.local/lib/python3.8/site-packages/airflow/example_dags/example_python_operator.py for tasks to queue
[2025-12-21T07:22:21.433+0000] {logging_mixin.py:188} INFO - [2025-12-21T07:22:21.432+0000] {dagbag.py:540} INFO - Filling up the DagBag from /home/airflow/.local/lib/python3.8/site-packages/airflow/example_dags/example_python_operator.py
[2025-12-21T07:22:21.445+0000] {processor.py:840} INFO - DAG(s) 'example_python_operator' retrieved from /home/airflow/.local/lib/python3.8/site-packages/airflow/example_dags/example_python_operator.py
[2025-12-21T07:22:21.465+0000] {logging_mixin.py:188} INFO - [2025-12-21T07:22:21.465+0000] {dag.py:3047} INFO - Sync 1 DAGs
[2025-12-21T07:22:21.485+0000] {logging_mixin.py:188} INFO - [2025-12-21T07:22:21.484+0000] {dag.py:3834} INFO - Setting next_dagrun for example_python_operator to None, run_after=None
[2025-12-21T07:22:21.519+0000] {processor.py:183} INFO - Processing /home/airflow/.local/lib/python3.8/site-packages/airflow/example_dags/example_python_operator.py took 0.095 seconds
[2025-12-21T07:22:52.954+0000] {processor.py:161} INFO - Started process (PID=140) to work on /home/airflow/.local/lib/python3.8/site-packages/airflow/example_dags/example_python_operator.py
[2025-12-21T07:22:52.955+0000] {processor.py:830} INFO - Processing file /home/airflow/.local/lib/python3.8/site-packages/airflow/example_dags/example_python_operator.py for tasks to queue
[2025-12-21T07:22:52.958+0000] {logging_mixin.py:188} INFO - [2025-12-21T07:22:52.957+0000] {dagbag.py:540} INFO - Filling up the DagBag from /home/airflow/.local/lib/python3.8/site-packages/airflow/example_dags/example_python_operator.py
[2025-12-21T07:22:52.969+0000] {processor.py:840} INFO - DAG(s) 'example_python_operator' retrieved from /home/airflow/.local/lib/python3.8/site-packages/airflow/example_dags/example_python_operator.py
[2025-12-21T07:22:53.088+0000] {logging_mixin.py:188} INFO - [2025-12-21T07:22:53.087+0000] {dag.py:3047} INFO - Sync 1 DAGs
[2025-12-21T07:22:53.099+0000] {logging_mixin.py:188} INFO - [2025-12-21T07:22:53.098+0000] {dag.py:3834} INFO - Setting next_dagrun for example_python_operator to None, run_after=None
[2025-12-21T07:22:53.125+0000] {processor.py:183} INFO - Processing /home/airflow/.local/lib/python3.8/site-packages/airflow/example_dags/example_python_operator.py took 0.176 seconds
[2025-12-21T07:28:32.085+0000] {processor.py:161} INFO - Started process (PID=85) to work on /home/airflow/.local/lib/python3.8/site-packages/airflow/example_dags/example_python_operator.py
[2025-12-21T07:28:32.092+0000] {processor.py:830} INFO - Processing file /home/airflow/.local/lib/python3.8/site-packages/airflow/example_dags/example_python_operator.py for tasks to queue
[2025-12-21T07:28:32.097+0000] {logging_mixin.py:188} INFO - [2025-12-21T07:28:32.097+0000] {dagbag.py:540} INFO - Filling up the DagBag from /home/airflow/.local/lib/python3.8/site-packages/airflow/example_dags/example_python_operator.py
[2025-12-21T07:28:32.147+0000] {processor.py:840} INFO - DAG(s) 'example_python_operator' retrieved from /home/airflow/.local/lib/python3.8/site-packages/airflow/example_dags/example_python_operator.py
[2025-12-21T07:28:32.169+0000] {logging_mixin.py:188} INFO - [2025-12-21T07:28:32.169+0000] {dag.py:3047} INFO - Sync 1 DAGs
[2025-12-21T07:28:32.205+0000] {logging_mixin.py:188} INFO - [2025-12-21T07:28:32.205+0000] {dag.py:3834} INFO - Setting next_dagrun for example_python_operator to None, run_after=None
[2025-12-21T07:28:32.238+0000] {processor.py:183} INFO - Processing /home/airflow/.local/lib/python3.8/site-packages/airflow/example_dags/example_python_operator.py took 0.163 seconds
[2025-12-21T07:29:02.616+0000] {processor.py:161} INFO - Started process (PID=141) to work on /home/airflow/.local/lib/python3.8/site-packages/airflow/example_dags/example_python_operator.py
[2025-12-21T07:29:02.618+0000] {processor.py:830} INFO - Processing file /home/airflow/.local/lib/python3.8/site-packages/airflow/example_dags/example_python_operator.py for tasks to queue
[2025-12-21T07:29:02.620+0000] {logging_mixin.py:188} INFO - [2025-12-21T07:29:02.620+0000] {dagbag.py:540} INFO - Filling up the DagBag from /home/airflow/.local/lib/python3.8/site-packages/airflow/example_dags/example_python_operator.py
[2025-12-21T07:29:02.634+0000] {processor.py:840} INFO - DAG(s) 'example_python_operator' retrieved from /home/airflow/.local/lib/python3.8/site-packages/airflow/example_dags/example_python_operator.py
[2025-12-21T07:29:02.753+0000] {logging_mixin.py:188} INFO - [2025-12-21T07:29:02.752+0000] {dag.py:3047} INFO - Sync 1 DAGs
[2025-12-21T07:29:02.765+0000] {logging_mixin.py:188} INFO - [2025-12-21T07:29:02.765+0000] {dag.py:3834} INFO - Setting next_dagrun for example_python_operator to None, run_after=None
[2025-12-21T07:29:02.790+0000] {processor.py:183} INFO - Processing /home/airflow/.local/lib/python3.8/site-packages/airflow/example_dags/example_python_operator.py took 0.178 seconds
[2025-12-21T07:29:33.559+0000] {processor.py:161} INFO - Started process (PID=197) to work on /home/airflow/.local/lib/python3.8/site-packages/airflow/example_dags/example_python_operator.py
[2025-12-21T07:29:33.561+0000] {processor.py:830} INFO - Processing file /home/airflow/.local/lib/python3.8/site-packages/airflow/example_dags/example_python_operator.py for tasks to queue
[2025-12-21T07:29:33.563+0000] {logging_mixin.py:188} INFO - [2025-12-21T07:29:33.563+0000] {dagbag.py:540} INFO - Filling up the DagBag from /home/airflow/.local/lib/python3.8/site-packages/airflow/example_dags/example_python_operator.py
[2025-12-21T07:29:33.577+0000] {processor.py:840} INFO - DAG(s) 'example_python_operator' retrieved from /home/airflow/.local/lib/python3.8/site-packages/airflow/example_dags/example_python_operator.py
[2025-12-21T07:29:33.604+0000] {logging_mixin.py:188} INFO - [2025-12-21T07:29:33.604+0000] {dag.py:3047} INFO - Sync 1 DAGs
[2025-12-21T07:29:33.618+0000] {logging_mixin.py:188} INFO - [2025-12-21T07:29:33.618+0000] {dag.py:3834} INFO - Setting next_dagrun for example_python_operator to None, run_after=None
[2025-12-21T07:29:33.641+0000] {processor.py:183} INFO - Processing /home/airflow/.local/lib/python3.8/site-packages/airflow/example_dags/example_python_operator.py took 0.086 seconds
[2025-12-21T07:30:03.932+0000] {processor.py:161} INFO - Started process (PID=252) to work on /home/airflow/.local/lib/python3.8/site-packages/airflow/example_dags/example_python_operator.py
[2025-12-21T07:30:03.933+0000] {processor.py:830} INFO - Processing file /home/airflow/.local/lib/python3.8/site-packages/airflow/example_dags/example_python_operator.py for tasks to queue
[2025-12-21T07:30:03.935+0000] {logging_mixin.py:188} INFO - [2025-12-21T07:30:03.935+0000] {dagbag.py:540} INFO - Filling up the DagBag from /home/airflow/.local/lib/python3.8/site-packages/airflow/example_dags/example_python_operator.py
[2025-12-21T07:30:03.948+0000] {processor.py:840} INFO - DAG(s) 'example_python_operator' retrieved from /home/airflow/.local/lib/python3.8/site-packages/airflow/example_dags/example_python_operator.py
[2025-12-21T07:30:03.977+0000] {logging_mixin.py:188} INFO - [2025-12-21T07:30:03.976+0000] {dag.py:3047} INFO - Sync 1 DAGs
[2025-12-21T07:30:03.990+0000] {logging_mixin.py:188} INFO - [2025-12-21T07:30:03.990+0000] {dag.py:3834} INFO - Setting next_dagrun for example_python_operator to None, run_after=None
[2025-12-21T07:30:04.016+0000] {processor.py:183} INFO - Processing /home/airflow/.local/lib/python3.8/site-packages/airflow/example_dags/example_python_operator.py took 0.089 seconds
[2025-12-21T07:30:34.208+0000] {processor.py:161} INFO - Started process (PID=308) to work on /home/airflow/.local/lib/python3.8/site-packages/airflow/example_dags/example_python_operator.py
[2025-12-21T07:30:34.210+0000] {processor.py:830} INFO - Processing file /home/airflow/.local/lib/python3.8/site-packages/airflow/example_dags/example_python_operator.py for tasks to queue
[2025-12-21T07:30:34.213+0000] {logging_mixin.py:188} INFO - [2025-12-21T07:30:34.213+0000] {dagbag.py:540} INFO - Filling up the DagBag from /home/airflow/.local/lib/python3.8/site-packages/airflow/example_dags/example_python_operator.py
[2025-12-21T07:30:34.226+0000] {processor.py:840} INFO - DAG(s) 'example_python_operator' retrieved from /home/airflow/.local/lib/python3.8/site-packages/airflow/example_dags/example_python_operator.py
[2025-12-21T07:30:34.252+0000] {logging_mixin.py:188} INFO - [2025-12-21T07:30:34.252+0000] {dag.py:3047} INFO - Sync 1 DAGs
[2025-12-21T07:30:34.265+0000] {logging_mixin.py:188} INFO - [2025-12-21T07:30:34.265+0000] {dag.py:3834} INFO - Setting next_dagrun for example_python_operator to None, run_after=None
[2025-12-21T07:30:34.290+0000] {processor.py:183} INFO - Processing /home/airflow/.local/lib/python3.8/site-packages/airflow/example_dags/example_python_operator.py took 0.085 seconds
[2025-12-21T07:31:04.522+0000] {processor.py:161} INFO - Started process (PID=364) to work on /home/airflow/.local/lib/python3.8/site-packages/airflow/example_dags/example_python_operator.py
[2025-12-21T07:31:04.524+0000] {processor.py:830} INFO - Processing file /home/airflow/.local/lib/python3.8/site-packages/airflow/example_dags/example_python_operator.py for tasks to queue
[2025-12-21T07:31:04.527+0000] {logging_mixin.py:188} INFO - [2025-12-21T07:31:04.526+0000] {dagbag.py:540} INFO - Filling up the DagBag from /home/airflow/.local/lib/python3.8/site-packages/airflow/example_dags/example_python_operator.py
[2025-12-21T07:31:04.541+0000] {processor.py:840} INFO - DAG(s) 'example_python_operator' retrieved from /home/airflow/.local/lib/python3.8/site-packages/airflow/example_dags/example_python_operator.py
[2025-12-21T07:31:04.574+0000] {logging_mixin.py:188} INFO - [2025-12-21T07:31:04.574+0000] {dag.py:3047} INFO - Sync 1 DAGs
[2025-12-21T07:31:04.594+0000] {logging_mixin.py:188} INFO - [2025-12-21T07:31:04.594+0000] {dag.py:3834} INFO - Setting next_dagrun for example_python_operator to None, run_after=None
[2025-12-21T07:31:04.618+0000] {processor.py:183} INFO - Processing /home/airflow/.local/lib/python3.8/site-packages/airflow/example_dags/example_python_operator.py took 0.100 seconds
[2025-12-21T07:31:34.742+0000] {processor.py:161} INFO - Started process (PID=420) to work on /home/airflow/.local/lib/python3.8/site-packages/airflow/example_dags/example_python_operator.py
[2025-12-21T07:31:34.745+0000] {processor.py:830} INFO - Processing file /home/airflow/.local/lib/python3.8/site-packages/airflow/example_dags/example_python_operator.py for tasks to queue
[2025-12-21T07:31:34.748+0000] {logging_mixin.py:188} INFO - [2025-12-21T07:31:34.747+0000] {dagbag.py:540} INFO - Filling up the DagBag from /home/airflow/.local/lib/python3.8/site-packages/airflow/example_dags/example_python_operator.py
[2025-12-21T07:31:34.764+0000] {processor.py:840} INFO - DAG(s) 'example_python_operator' retrieved from /home/airflow/.local/lib/python3.8/site-packages/airflow/example_dags/example_python_operator.py
[2025-12-21T07:31:34.795+0000] {logging_mixin.py:188} INFO - [2025-12-21T07:31:34.794+0000] {dag.py:3047} INFO - Sync 1 DAGs
[2025-12-21T07:31:34.812+0000] {logging_mixin.py:188} INFO - [2025-12-21T07:31:34.812+0000] {dag.py:3834} INFO - Setting next_dagrun for example_python_operator to None, run_after=None
[2025-12-21T07:31:34.836+0000] {processor.py:183} INFO - Processing /home/airflow/.local/lib/python3.8/site-packages/airflow/example_dags/example_python_operator.py took 0.099 seconds
