[2025-12-21T06:58:35.231+0000] {processor.py:161} INFO - Started process (PID=54) to work on /home/airflow/.local/lib/python3.8/site-packages/airflow/example_dags/example_setup_teardown.py
[2025-12-21T06:58:35.235+0000] {processor.py:830} INFO - Processing file /home/airflow/.local/lib/python3.8/site-packages/airflow/example_dags/example_setup_teardown.py for tasks to queue
[2025-12-21T06:58:35.246+0000] {logging_mixin.py:188} INFO - [2025-12-21T06:58:35.241+0000] {dagbag.py:540} INFO - Filling up the DagBag from /home/airflow/.local/lib/python3.8/site-packages/airflow/example_dags/example_setup_teardown.py
[2025-12-21T06:58:35.292+0000] {processor.py:840} INFO - DAG(s) 'example_setup_teardown' retrieved from /home/airflow/.local/lib/python3.8/site-packages/airflow/example_dags/example_setup_teardown.py
[2025-12-21T06:58:35.366+0000] {logging_mixin.py:188} INFO - [2025-12-21T06:58:35.365+0000] {dag.py:3047} INFO - Sync 1 DAGs
[2025-12-21T06:58:35.474+0000] {logging_mixin.py:188} INFO - [2025-12-21T06:58:35.473+0000] {dag.py:3834} INFO - Setting next_dagrun for example_setup_teardown to 2025-12-20 00:00:00+00:00, run_after=2025-12-21 00:00:00+00:00
[2025-12-21T06:58:35.606+0000] {processor.py:183} INFO - Processing /home/airflow/.local/lib/python3.8/site-packages/airflow/example_dags/example_setup_teardown.py took 0.392 seconds
[2025-12-21T06:58:51.285+0000] {processor.py:161} INFO - Started process (PID=50) to work on /home/airflow/.local/lib/python3.8/site-packages/airflow/example_dags/example_setup_teardown.py
[2025-12-21T06:58:51.287+0000] {processor.py:830} INFO - Processing file /home/airflow/.local/lib/python3.8/site-packages/airflow/example_dags/example_setup_teardown.py for tasks to queue
[2025-12-21T06:58:51.289+0000] {logging_mixin.py:188} INFO - [2025-12-21T06:58:51.289+0000] {dagbag.py:540} INFO - Filling up the DagBag from /home/airflow/.local/lib/python3.8/site-packages/airflow/example_dags/example_setup_teardown.py
[2025-12-21T06:58:51.300+0000] {processor.py:840} INFO - DAG(s) 'example_setup_teardown' retrieved from /home/airflow/.local/lib/python3.8/site-packages/airflow/example_dags/example_setup_teardown.py
[2025-12-21T06:58:51.399+0000] {logging_mixin.py:188} INFO - [2025-12-21T06:58:51.399+0000] {dag.py:3047} INFO - Sync 1 DAGs
[2025-12-21T06:58:51.419+0000] {logging_mixin.py:188} INFO - [2025-12-21T06:58:51.419+0000] {dag.py:3834} INFO - Setting next_dagrun for example_setup_teardown to 2025-12-20 00:00:00+00:00, run_after=2025-12-21 00:00:00+00:00
[2025-12-21T06:58:51.442+0000] {processor.py:183} INFO - Processing /home/airflow/.local/lib/python3.8/site-packages/airflow/example_dags/example_setup_teardown.py took 0.160 seconds
[2025-12-21T06:59:21.638+0000] {processor.py:161} INFO - Started process (PID=106) to work on /home/airflow/.local/lib/python3.8/site-packages/airflow/example_dags/example_setup_teardown.py
[2025-12-21T06:59:21.640+0000] {processor.py:830} INFO - Processing file /home/airflow/.local/lib/python3.8/site-packages/airflow/example_dags/example_setup_teardown.py for tasks to queue
[2025-12-21T06:59:21.645+0000] {logging_mixin.py:188} INFO - [2025-12-21T06:59:21.644+0000] {dagbag.py:540} INFO - Filling up the DagBag from /home/airflow/.local/lib/python3.8/site-packages/airflow/example_dags/example_setup_teardown.py
[2025-12-21T06:59:21.656+0000] {processor.py:840} INFO - DAG(s) 'example_setup_teardown' retrieved from /home/airflow/.local/lib/python3.8/site-packages/airflow/example_dags/example_setup_teardown.py
[2025-12-21T06:59:21.689+0000] {logging_mixin.py:188} INFO - [2025-12-21T06:59:21.689+0000] {dag.py:3047} INFO - Sync 1 DAGs
[2025-12-21T06:59:21.716+0000] {logging_mixin.py:188} INFO - [2025-12-21T06:59:21.716+0000] {dag.py:3834} INFO - Setting next_dagrun for example_setup_teardown to 2025-12-20 00:00:00+00:00, run_after=2025-12-21 00:00:00+00:00
[2025-12-21T06:59:21.737+0000] {processor.py:183} INFO - Processing /home/airflow/.local/lib/python3.8/site-packages/airflow/example_dags/example_setup_teardown.py took 0.102 seconds
[2025-12-21T06:59:51.909+0000] {processor.py:161} INFO - Started process (PID=162) to work on /home/airflow/.local/lib/python3.8/site-packages/airflow/example_dags/example_setup_teardown.py
[2025-12-21T06:59:51.912+0000] {processor.py:830} INFO - Processing file /home/airflow/.local/lib/python3.8/site-packages/airflow/example_dags/example_setup_teardown.py for tasks to queue
[2025-12-21T06:59:51.915+0000] {logging_mixin.py:188} INFO - [2025-12-21T06:59:51.914+0000] {dagbag.py:540} INFO - Filling up the DagBag from /home/airflow/.local/lib/python3.8/site-packages/airflow/example_dags/example_setup_teardown.py
[2025-12-21T06:59:51.923+0000] {processor.py:840} INFO - DAG(s) 'example_setup_teardown' retrieved from /home/airflow/.local/lib/python3.8/site-packages/airflow/example_dags/example_setup_teardown.py
[2025-12-21T06:59:51.949+0000] {logging_mixin.py:188} INFO - [2025-12-21T06:59:51.949+0000] {dag.py:3047} INFO - Sync 1 DAGs
[2025-12-21T06:59:51.973+0000] {logging_mixin.py:188} INFO - [2025-12-21T06:59:51.973+0000] {dag.py:3834} INFO - Setting next_dagrun for example_setup_teardown to 2025-12-20 00:00:00+00:00, run_after=2025-12-21 00:00:00+00:00
[2025-12-21T06:59:51.997+0000] {processor.py:183} INFO - Processing /home/airflow/.local/lib/python3.8/site-packages/airflow/example_dags/example_setup_teardown.py took 0.092 seconds
[2025-12-21T07:00:22.255+0000] {processor.py:161} INFO - Started process (PID=218) to work on /home/airflow/.local/lib/python3.8/site-packages/airflow/example_dags/example_setup_teardown.py
[2025-12-21T07:00:22.256+0000] {processor.py:830} INFO - Processing file /home/airflow/.local/lib/python3.8/site-packages/airflow/example_dags/example_setup_teardown.py for tasks to queue
[2025-12-21T07:00:22.260+0000] {logging_mixin.py:188} INFO - [2025-12-21T07:00:22.259+0000] {dagbag.py:540} INFO - Filling up the DagBag from /home/airflow/.local/lib/python3.8/site-packages/airflow/example_dags/example_setup_teardown.py
[2025-12-21T07:00:22.268+0000] {processor.py:840} INFO - DAG(s) 'example_setup_teardown' retrieved from /home/airflow/.local/lib/python3.8/site-packages/airflow/example_dags/example_setup_teardown.py
[2025-12-21T07:00:22.293+0000] {logging_mixin.py:188} INFO - [2025-12-21T07:00:22.293+0000] {dag.py:3047} INFO - Sync 1 DAGs
[2025-12-21T07:00:22.318+0000] {logging_mixin.py:188} INFO - [2025-12-21T07:00:22.318+0000] {dag.py:3834} INFO - Setting next_dagrun for example_setup_teardown to 2025-12-20 00:00:00+00:00, run_after=2025-12-21 00:00:00+00:00
[2025-12-21T07:00:22.338+0000] {processor.py:183} INFO - Processing /home/airflow/.local/lib/python3.8/site-packages/airflow/example_dags/example_setup_teardown.py took 0.086 seconds
[2025-12-21T07:00:52.619+0000] {processor.py:161} INFO - Started process (PID=274) to work on /home/airflow/.local/lib/python3.8/site-packages/airflow/example_dags/example_setup_teardown.py
[2025-12-21T07:00:52.620+0000] {processor.py:830} INFO - Processing file /home/airflow/.local/lib/python3.8/site-packages/airflow/example_dags/example_setup_teardown.py for tasks to queue
[2025-12-21T07:00:52.623+0000] {logging_mixin.py:188} INFO - [2025-12-21T07:00:52.622+0000] {dagbag.py:540} INFO - Filling up the DagBag from /home/airflow/.local/lib/python3.8/site-packages/airflow/example_dags/example_setup_teardown.py
[2025-12-21T07:00:52.632+0000] {processor.py:840} INFO - DAG(s) 'example_setup_teardown' retrieved from /home/airflow/.local/lib/python3.8/site-packages/airflow/example_dags/example_setup_teardown.py
[2025-12-21T07:00:52.656+0000] {logging_mixin.py:188} INFO - [2025-12-21T07:00:52.655+0000] {dag.py:3047} INFO - Sync 1 DAGs
[2025-12-21T07:00:52.680+0000] {logging_mixin.py:188} INFO - [2025-12-21T07:00:52.679+0000] {dag.py:3834} INFO - Setting next_dagrun for example_setup_teardown to 2025-12-20 00:00:00+00:00, run_after=2025-12-21 00:00:00+00:00
[2025-12-21T07:00:52.702+0000] {processor.py:183} INFO - Processing /home/airflow/.local/lib/python3.8/site-packages/airflow/example_dags/example_setup_teardown.py took 0.087 seconds
[2025-12-21T07:01:22.969+0000] {processor.py:161} INFO - Started process (PID=330) to work on /home/airflow/.local/lib/python3.8/site-packages/airflow/example_dags/example_setup_teardown.py
[2025-12-21T07:01:22.971+0000] {processor.py:830} INFO - Processing file /home/airflow/.local/lib/python3.8/site-packages/airflow/example_dags/example_setup_teardown.py for tasks to queue
[2025-12-21T07:01:22.973+0000] {logging_mixin.py:188} INFO - [2025-12-21T07:01:22.973+0000] {dagbag.py:540} INFO - Filling up the DagBag from /home/airflow/.local/lib/python3.8/site-packages/airflow/example_dags/example_setup_teardown.py
[2025-12-21T07:01:22.981+0000] {processor.py:840} INFO - DAG(s) 'example_setup_teardown' retrieved from /home/airflow/.local/lib/python3.8/site-packages/airflow/example_dags/example_setup_teardown.py
[2025-12-21T07:01:23.006+0000] {logging_mixin.py:188} INFO - [2025-12-21T07:01:23.005+0000] {dag.py:3047} INFO - Sync 1 DAGs
[2025-12-21T07:01:23.028+0000] {logging_mixin.py:188} INFO - [2025-12-21T07:01:23.028+0000] {dag.py:3834} INFO - Setting next_dagrun for example_setup_teardown to 2025-12-20 00:00:00+00:00, run_after=2025-12-21 00:00:00+00:00
[2025-12-21T07:01:23.051+0000] {processor.py:183} INFO - Processing /home/airflow/.local/lib/python3.8/site-packages/airflow/example_dags/example_setup_teardown.py took 0.085 seconds
[2025-12-21T07:01:53.206+0000] {processor.py:161} INFO - Started process (PID=386) to work on /home/airflow/.local/lib/python3.8/site-packages/airflow/example_dags/example_setup_teardown.py
[2025-12-21T07:01:53.207+0000] {processor.py:830} INFO - Processing file /home/airflow/.local/lib/python3.8/site-packages/airflow/example_dags/example_setup_teardown.py for tasks to queue
[2025-12-21T07:01:53.210+0000] {logging_mixin.py:188} INFO - [2025-12-21T07:01:53.210+0000] {dagbag.py:540} INFO - Filling up the DagBag from /home/airflow/.local/lib/python3.8/site-packages/airflow/example_dags/example_setup_teardown.py
[2025-12-21T07:01:53.219+0000] {processor.py:840} INFO - DAG(s) 'example_setup_teardown' retrieved from /home/airflow/.local/lib/python3.8/site-packages/airflow/example_dags/example_setup_teardown.py
[2025-12-21T07:01:53.244+0000] {logging_mixin.py:188} INFO - [2025-12-21T07:01:53.243+0000] {dag.py:3047} INFO - Sync 1 DAGs
[2025-12-21T07:01:53.273+0000] {logging_mixin.py:188} INFO - [2025-12-21T07:01:53.273+0000] {dag.py:3834} INFO - Setting next_dagrun for example_setup_teardown to 2025-12-20 00:00:00+00:00, run_after=2025-12-21 00:00:00+00:00
[2025-12-21T07:01:53.299+0000] {processor.py:183} INFO - Processing /home/airflow/.local/lib/python3.8/site-packages/airflow/example_dags/example_setup_teardown.py took 0.098 seconds
[2025-12-21T07:02:23.570+0000] {processor.py:161} INFO - Started process (PID=442) to work on /home/airflow/.local/lib/python3.8/site-packages/airflow/example_dags/example_setup_teardown.py
[2025-12-21T07:02:23.572+0000] {processor.py:830} INFO - Processing file /home/airflow/.local/lib/python3.8/site-packages/airflow/example_dags/example_setup_teardown.py for tasks to queue
[2025-12-21T07:02:23.574+0000] {logging_mixin.py:188} INFO - [2025-12-21T07:02:23.574+0000] {dagbag.py:540} INFO - Filling up the DagBag from /home/airflow/.local/lib/python3.8/site-packages/airflow/example_dags/example_setup_teardown.py
[2025-12-21T07:02:23.583+0000] {processor.py:840} INFO - DAG(s) 'example_setup_teardown' retrieved from /home/airflow/.local/lib/python3.8/site-packages/airflow/example_dags/example_setup_teardown.py
[2025-12-21T07:02:23.610+0000] {logging_mixin.py:188} INFO - [2025-12-21T07:02:23.609+0000] {dag.py:3047} INFO - Sync 1 DAGs
[2025-12-21T07:02:23.631+0000] {logging_mixin.py:188} INFO - [2025-12-21T07:02:23.630+0000] {dag.py:3834} INFO - Setting next_dagrun for example_setup_teardown to 2025-12-20 00:00:00+00:00, run_after=2025-12-21 00:00:00+00:00
[2025-12-21T07:02:23.653+0000] {processor.py:183} INFO - Processing /home/airflow/.local/lib/python3.8/site-packages/airflow/example_dags/example_setup_teardown.py took 0.087 seconds
[2025-12-21T07:02:53.903+0000] {processor.py:161} INFO - Started process (PID=498) to work on /home/airflow/.local/lib/python3.8/site-packages/airflow/example_dags/example_setup_teardown.py
[2025-12-21T07:02:53.904+0000] {processor.py:830} INFO - Processing file /home/airflow/.local/lib/python3.8/site-packages/airflow/example_dags/example_setup_teardown.py for tasks to queue
[2025-12-21T07:02:53.906+0000] {logging_mixin.py:188} INFO - [2025-12-21T07:02:53.906+0000] {dagbag.py:540} INFO - Filling up the DagBag from /home/airflow/.local/lib/python3.8/site-packages/airflow/example_dags/example_setup_teardown.py
[2025-12-21T07:02:53.914+0000] {processor.py:840} INFO - DAG(s) 'example_setup_teardown' retrieved from /home/airflow/.local/lib/python3.8/site-packages/airflow/example_dags/example_setup_teardown.py
[2025-12-21T07:02:53.941+0000] {logging_mixin.py:188} INFO - [2025-12-21T07:02:53.940+0000] {dag.py:3047} INFO - Sync 1 DAGs
[2025-12-21T07:02:53.965+0000] {logging_mixin.py:188} INFO - [2025-12-21T07:02:53.964+0000] {dag.py:3834} INFO - Setting next_dagrun for example_setup_teardown to 2025-12-20 00:00:00+00:00, run_after=2025-12-21 00:00:00+00:00
[2025-12-21T07:02:53.989+0000] {processor.py:183} INFO - Processing /home/airflow/.local/lib/python3.8/site-packages/airflow/example_dags/example_setup_teardown.py took 0.090 seconds
[2025-12-21T07:03:24.281+0000] {processor.py:161} INFO - Started process (PID=554) to work on /home/airflow/.local/lib/python3.8/site-packages/airflow/example_dags/example_setup_teardown.py
[2025-12-21T07:03:24.283+0000] {processor.py:830} INFO - Processing file /home/airflow/.local/lib/python3.8/site-packages/airflow/example_dags/example_setup_teardown.py for tasks to queue
[2025-12-21T07:03:24.286+0000] {logging_mixin.py:188} INFO - [2025-12-21T07:03:24.286+0000] {dagbag.py:540} INFO - Filling up the DagBag from /home/airflow/.local/lib/python3.8/site-packages/airflow/example_dags/example_setup_teardown.py
[2025-12-21T07:03:24.297+0000] {processor.py:840} INFO - DAG(s) 'example_setup_teardown' retrieved from /home/airflow/.local/lib/python3.8/site-packages/airflow/example_dags/example_setup_teardown.py
[2025-12-21T07:03:24.323+0000] {logging_mixin.py:188} INFO - [2025-12-21T07:03:24.323+0000] {dag.py:3047} INFO - Sync 1 DAGs
[2025-12-21T07:03:24.349+0000] {logging_mixin.py:188} INFO - [2025-12-21T07:03:24.349+0000] {dag.py:3834} INFO - Setting next_dagrun for example_setup_teardown to 2025-12-20 00:00:00+00:00, run_after=2025-12-21 00:00:00+00:00
[2025-12-21T07:03:24.375+0000] {processor.py:183} INFO - Processing /home/airflow/.local/lib/python3.8/site-packages/airflow/example_dags/example_setup_teardown.py took 0.098 seconds
[2025-12-21T07:03:55.086+0000] {processor.py:161} INFO - Started process (PID=610) to work on /home/airflow/.local/lib/python3.8/site-packages/airflow/example_dags/example_setup_teardown.py
[2025-12-21T07:03:55.087+0000] {processor.py:830} INFO - Processing file /home/airflow/.local/lib/python3.8/site-packages/airflow/example_dags/example_setup_teardown.py for tasks to queue
[2025-12-21T07:03:55.090+0000] {logging_mixin.py:188} INFO - [2025-12-21T07:03:55.089+0000] {dagbag.py:540} INFO - Filling up the DagBag from /home/airflow/.local/lib/python3.8/site-packages/airflow/example_dags/example_setup_teardown.py
[2025-12-21T07:03:55.097+0000] {processor.py:840} INFO - DAG(s) 'example_setup_teardown' retrieved from /home/airflow/.local/lib/python3.8/site-packages/airflow/example_dags/example_setup_teardown.py
[2025-12-21T07:03:55.124+0000] {logging_mixin.py:188} INFO - [2025-12-21T07:03:55.123+0000] {dag.py:3047} INFO - Sync 1 DAGs
[2025-12-21T07:03:55.151+0000] {logging_mixin.py:188} INFO - [2025-12-21T07:03:55.151+0000] {dag.py:3834} INFO - Setting next_dagrun for example_setup_teardown to 2025-12-20 00:00:00+00:00, run_after=2025-12-21 00:00:00+00:00
[2025-12-21T07:03:55.175+0000] {processor.py:183} INFO - Processing /home/airflow/.local/lib/python3.8/site-packages/airflow/example_dags/example_setup_teardown.py took 0.094 seconds
[2025-12-21T07:04:25.921+0000] {processor.py:161} INFO - Started process (PID=666) to work on /home/airflow/.local/lib/python3.8/site-packages/airflow/example_dags/example_setup_teardown.py
[2025-12-21T07:04:25.923+0000] {processor.py:830} INFO - Processing file /home/airflow/.local/lib/python3.8/site-packages/airflow/example_dags/example_setup_teardown.py for tasks to queue
[2025-12-21T07:04:25.926+0000] {logging_mixin.py:188} INFO - [2025-12-21T07:04:25.926+0000] {dagbag.py:540} INFO - Filling up the DagBag from /home/airflow/.local/lib/python3.8/site-packages/airflow/example_dags/example_setup_teardown.py
[2025-12-21T07:04:25.937+0000] {processor.py:840} INFO - DAG(s) 'example_setup_teardown' retrieved from /home/airflow/.local/lib/python3.8/site-packages/airflow/example_dags/example_setup_teardown.py
[2025-12-21T07:04:25.965+0000] {logging_mixin.py:188} INFO - [2025-12-21T07:04:25.964+0000] {dag.py:3047} INFO - Sync 1 DAGs
[2025-12-21T07:04:25.994+0000] {logging_mixin.py:188} INFO - [2025-12-21T07:04:25.993+0000] {dag.py:3834} INFO - Setting next_dagrun for example_setup_teardown to 2025-12-20 00:00:00+00:00, run_after=2025-12-21 00:00:00+00:00
[2025-12-21T07:04:26.017+0000] {processor.py:183} INFO - Processing /home/airflow/.local/lib/python3.8/site-packages/airflow/example_dags/example_setup_teardown.py took 0.101 seconds
[2025-12-21T07:04:56.194+0000] {processor.py:161} INFO - Started process (PID=722) to work on /home/airflow/.local/lib/python3.8/site-packages/airflow/example_dags/example_setup_teardown.py
[2025-12-21T07:04:56.196+0000] {processor.py:830} INFO - Processing file /home/airflow/.local/lib/python3.8/site-packages/airflow/example_dags/example_setup_teardown.py for tasks to queue
[2025-12-21T07:04:56.199+0000] {logging_mixin.py:188} INFO - [2025-12-21T07:04:56.198+0000] {dagbag.py:540} INFO - Filling up the DagBag from /home/airflow/.local/lib/python3.8/site-packages/airflow/example_dags/example_setup_teardown.py
[2025-12-21T07:04:56.207+0000] {processor.py:840} INFO - DAG(s) 'example_setup_teardown' retrieved from /home/airflow/.local/lib/python3.8/site-packages/airflow/example_dags/example_setup_teardown.py
[2025-12-21T07:04:56.230+0000] {logging_mixin.py:188} INFO - [2025-12-21T07:04:56.230+0000] {dag.py:3047} INFO - Sync 1 DAGs
[2025-12-21T07:04:56.254+0000] {logging_mixin.py:188} INFO - [2025-12-21T07:04:56.254+0000] {dag.py:3834} INFO - Setting next_dagrun for example_setup_teardown to 2025-12-20 00:00:00+00:00, run_after=2025-12-21 00:00:00+00:00
[2025-12-21T07:04:56.275+0000] {processor.py:183} INFO - Processing /home/airflow/.local/lib/python3.8/site-packages/airflow/example_dags/example_setup_teardown.py took 0.085 seconds
[2025-12-21T07:05:26.612+0000] {processor.py:161} INFO - Started process (PID=778) to work on /home/airflow/.local/lib/python3.8/site-packages/airflow/example_dags/example_setup_teardown.py
[2025-12-21T07:05:26.614+0000] {processor.py:830} INFO - Processing file /home/airflow/.local/lib/python3.8/site-packages/airflow/example_dags/example_setup_teardown.py for tasks to queue
[2025-12-21T07:05:26.617+0000] {logging_mixin.py:188} INFO - [2025-12-21T07:05:26.617+0000] {dagbag.py:540} INFO - Filling up the DagBag from /home/airflow/.local/lib/python3.8/site-packages/airflow/example_dags/example_setup_teardown.py
[2025-12-21T07:05:26.631+0000] {processor.py:840} INFO - DAG(s) 'example_setup_teardown' retrieved from /home/airflow/.local/lib/python3.8/site-packages/airflow/example_dags/example_setup_teardown.py
[2025-12-21T07:05:26.660+0000] {logging_mixin.py:188} INFO - [2025-12-21T07:05:26.659+0000] {dag.py:3047} INFO - Sync 1 DAGs
[2025-12-21T07:05:26.683+0000] {logging_mixin.py:188} INFO - [2025-12-21T07:05:26.683+0000] {dag.py:3834} INFO - Setting next_dagrun for example_setup_teardown to 2025-12-20 00:00:00+00:00, run_after=2025-12-21 00:00:00+00:00
[2025-12-21T07:05:26.709+0000] {processor.py:183} INFO - Processing /home/airflow/.local/lib/python3.8/site-packages/airflow/example_dags/example_setup_teardown.py took 0.102 seconds
[2025-12-21T07:05:56.871+0000] {processor.py:161} INFO - Started process (PID=834) to work on /home/airflow/.local/lib/python3.8/site-packages/airflow/example_dags/example_setup_teardown.py
[2025-12-21T07:05:56.873+0000] {processor.py:830} INFO - Processing file /home/airflow/.local/lib/python3.8/site-packages/airflow/example_dags/example_setup_teardown.py for tasks to queue
[2025-12-21T07:05:56.877+0000] {logging_mixin.py:188} INFO - [2025-12-21T07:05:56.876+0000] {dagbag.py:540} INFO - Filling up the DagBag from /home/airflow/.local/lib/python3.8/site-packages/airflow/example_dags/example_setup_teardown.py
[2025-12-21T07:05:56.884+0000] {processor.py:840} INFO - DAG(s) 'example_setup_teardown' retrieved from /home/airflow/.local/lib/python3.8/site-packages/airflow/example_dags/example_setup_teardown.py
[2025-12-21T07:05:56.908+0000] {logging_mixin.py:188} INFO - [2025-12-21T07:05:56.908+0000] {dag.py:3047} INFO - Sync 1 DAGs
[2025-12-21T07:05:56.932+0000] {logging_mixin.py:188} INFO - [2025-12-21T07:05:56.931+0000] {dag.py:3834} INFO - Setting next_dagrun for example_setup_teardown to 2025-12-20 00:00:00+00:00, run_after=2025-12-21 00:00:00+00:00
[2025-12-21T07:05:56.956+0000] {processor.py:183} INFO - Processing /home/airflow/.local/lib/python3.8/site-packages/airflow/example_dags/example_setup_teardown.py took 0.088 seconds
[2025-12-21T07:06:27.181+0000] {processor.py:161} INFO - Started process (PID=890) to work on /home/airflow/.local/lib/python3.8/site-packages/airflow/example_dags/example_setup_teardown.py
[2025-12-21T07:06:27.183+0000] {processor.py:830} INFO - Processing file /home/airflow/.local/lib/python3.8/site-packages/airflow/example_dags/example_setup_teardown.py for tasks to queue
[2025-12-21T07:06:27.185+0000] {logging_mixin.py:188} INFO - [2025-12-21T07:06:27.185+0000] {dagbag.py:540} INFO - Filling up the DagBag from /home/airflow/.local/lib/python3.8/site-packages/airflow/example_dags/example_setup_teardown.py
[2025-12-21T07:06:27.194+0000] {processor.py:840} INFO - DAG(s) 'example_setup_teardown' retrieved from /home/airflow/.local/lib/python3.8/site-packages/airflow/example_dags/example_setup_teardown.py
[2025-12-21T07:06:27.223+0000] {logging_mixin.py:188} INFO - [2025-12-21T07:06:27.223+0000] {dag.py:3047} INFO - Sync 1 DAGs
[2025-12-21T07:06:27.254+0000] {logging_mixin.py:188} INFO - [2025-12-21T07:06:27.254+0000] {dag.py:3834} INFO - Setting next_dagrun for example_setup_teardown to 2025-12-20 00:00:00+00:00, run_after=2025-12-21 00:00:00+00:00
[2025-12-21T07:06:27.282+0000] {processor.py:183} INFO - Processing /home/airflow/.local/lib/python3.8/site-packages/airflow/example_dags/example_setup_teardown.py took 0.106 seconds
[2025-12-21T07:06:57.529+0000] {processor.py:161} INFO - Started process (PID=946) to work on /home/airflow/.local/lib/python3.8/site-packages/airflow/example_dags/example_setup_teardown.py
[2025-12-21T07:06:57.531+0000] {processor.py:830} INFO - Processing file /home/airflow/.local/lib/python3.8/site-packages/airflow/example_dags/example_setup_teardown.py for tasks to queue
[2025-12-21T07:06:57.533+0000] {logging_mixin.py:188} INFO - [2025-12-21T07:06:57.533+0000] {dagbag.py:540} INFO - Filling up the DagBag from /home/airflow/.local/lib/python3.8/site-packages/airflow/example_dags/example_setup_teardown.py
[2025-12-21T07:06:57.541+0000] {processor.py:840} INFO - DAG(s) 'example_setup_teardown' retrieved from /home/airflow/.local/lib/python3.8/site-packages/airflow/example_dags/example_setup_teardown.py
[2025-12-21T07:06:57.566+0000] {logging_mixin.py:188} INFO - [2025-12-21T07:06:57.566+0000] {dag.py:3047} INFO - Sync 1 DAGs
[2025-12-21T07:06:57.606+0000] {logging_mixin.py:188} INFO - [2025-12-21T07:06:57.605+0000] {dag.py:3834} INFO - Setting next_dagrun for example_setup_teardown to 2025-12-20 00:00:00+00:00, run_after=2025-12-21 00:00:00+00:00
[2025-12-21T07:06:57.639+0000] {processor.py:183} INFO - Processing /home/airflow/.local/lib/python3.8/site-packages/airflow/example_dags/example_setup_teardown.py took 0.114 seconds
[2025-12-21T07:07:28.109+0000] {processor.py:161} INFO - Started process (PID=1002) to work on /home/airflow/.local/lib/python3.8/site-packages/airflow/example_dags/example_setup_teardown.py
[2025-12-21T07:07:28.110+0000] {processor.py:830} INFO - Processing file /home/airflow/.local/lib/python3.8/site-packages/airflow/example_dags/example_setup_teardown.py for tasks to queue
[2025-12-21T07:07:28.116+0000] {logging_mixin.py:188} INFO - [2025-12-21T07:07:28.115+0000] {dagbag.py:540} INFO - Filling up the DagBag from /home/airflow/.local/lib/python3.8/site-packages/airflow/example_dags/example_setup_teardown.py
[2025-12-21T07:07:28.124+0000] {processor.py:840} INFO - DAG(s) 'example_setup_teardown' retrieved from /home/airflow/.local/lib/python3.8/site-packages/airflow/example_dags/example_setup_teardown.py
[2025-12-21T07:07:28.152+0000] {logging_mixin.py:188} INFO - [2025-12-21T07:07:28.152+0000] {dag.py:3047} INFO - Sync 1 DAGs
[2025-12-21T07:07:28.181+0000] {logging_mixin.py:188} INFO - [2025-12-21T07:07:28.181+0000] {dag.py:3834} INFO - Setting next_dagrun for example_setup_teardown to 2025-12-20 00:00:00+00:00, run_after=2025-12-21 00:00:00+00:00
[2025-12-21T07:07:28.207+0000] {processor.py:183} INFO - Processing /home/airflow/.local/lib/python3.8/site-packages/airflow/example_dags/example_setup_teardown.py took 0.101 seconds
[2025-12-21T07:07:58.757+0000] {processor.py:161} INFO - Started process (PID=1058) to work on /home/airflow/.local/lib/python3.8/site-packages/airflow/example_dags/example_setup_teardown.py
[2025-12-21T07:07:58.759+0000] {processor.py:830} INFO - Processing file /home/airflow/.local/lib/python3.8/site-packages/airflow/example_dags/example_setup_teardown.py for tasks to queue
[2025-12-21T07:07:58.762+0000] {logging_mixin.py:188} INFO - [2025-12-21T07:07:58.762+0000] {dagbag.py:540} INFO - Filling up the DagBag from /home/airflow/.local/lib/python3.8/site-packages/airflow/example_dags/example_setup_teardown.py
[2025-12-21T07:07:58.771+0000] {processor.py:840} INFO - DAG(s) 'example_setup_teardown' retrieved from /home/airflow/.local/lib/python3.8/site-packages/airflow/example_dags/example_setup_teardown.py
[2025-12-21T07:07:58.798+0000] {logging_mixin.py:188} INFO - [2025-12-21T07:07:58.798+0000] {dag.py:3047} INFO - Sync 1 DAGs
[2025-12-21T07:07:58.826+0000] {logging_mixin.py:188} INFO - [2025-12-21T07:07:58.825+0000] {dag.py:3834} INFO - Setting next_dagrun for example_setup_teardown to 2025-12-20 00:00:00+00:00, run_after=2025-12-21 00:00:00+00:00
[2025-12-21T07:07:58.850+0000] {processor.py:183} INFO - Processing /home/airflow/.local/lib/python3.8/site-packages/airflow/example_dags/example_setup_teardown.py took 0.099 seconds
[2025-12-21T07:08:29.064+0000] {processor.py:161} INFO - Started process (PID=1114) to work on /home/airflow/.local/lib/python3.8/site-packages/airflow/example_dags/example_setup_teardown.py
[2025-12-21T07:08:29.066+0000] {processor.py:830} INFO - Processing file /home/airflow/.local/lib/python3.8/site-packages/airflow/example_dags/example_setup_teardown.py for tasks to queue
[2025-12-21T07:08:29.069+0000] {logging_mixin.py:188} INFO - [2025-12-21T07:08:29.068+0000] {dagbag.py:540} INFO - Filling up the DagBag from /home/airflow/.local/lib/python3.8/site-packages/airflow/example_dags/example_setup_teardown.py
[2025-12-21T07:08:29.082+0000] {processor.py:840} INFO - DAG(s) 'example_setup_teardown' retrieved from /home/airflow/.local/lib/python3.8/site-packages/airflow/example_dags/example_setup_teardown.py
[2025-12-21T07:08:29.110+0000] {logging_mixin.py:188} INFO - [2025-12-21T07:08:29.110+0000] {dag.py:3047} INFO - Sync 1 DAGs
[2025-12-21T07:08:29.140+0000] {logging_mixin.py:188} INFO - [2025-12-21T07:08:29.140+0000] {dag.py:3834} INFO - Setting next_dagrun for example_setup_teardown to 2025-12-20 00:00:00+00:00, run_after=2025-12-21 00:00:00+00:00
[2025-12-21T07:08:29.170+0000] {processor.py:183} INFO - Processing /home/airflow/.local/lib/python3.8/site-packages/airflow/example_dags/example_setup_teardown.py took 0.111 seconds
[2025-12-21T07:11:41.716+0000] {processor.py:161} INFO - Started process (PID=56) to work on /home/airflow/.local/lib/python3.8/site-packages/airflow/example_dags/example_setup_teardown.py
[2025-12-21T07:11:41.719+0000] {processor.py:830} INFO - Processing file /home/airflow/.local/lib/python3.8/site-packages/airflow/example_dags/example_setup_teardown.py for tasks to queue
[2025-12-21T07:11:41.723+0000] {logging_mixin.py:188} INFO - [2025-12-21T07:11:41.723+0000] {dagbag.py:540} INFO - Filling up the DagBag from /home/airflow/.local/lib/python3.8/site-packages/airflow/example_dags/example_setup_teardown.py
[2025-12-21T07:11:41.739+0000] {processor.py:840} INFO - DAG(s) 'example_setup_teardown' retrieved from /home/airflow/.local/lib/python3.8/site-packages/airflow/example_dags/example_setup_teardown.py
[2025-12-21T07:11:41.758+0000] {logging_mixin.py:188} INFO - [2025-12-21T07:11:41.758+0000] {dag.py:3047} INFO - Sync 1 DAGs
[2025-12-21T07:11:41.788+0000] {logging_mixin.py:188} INFO - [2025-12-21T07:11:41.787+0000] {dag.py:3834} INFO - Setting next_dagrun for example_setup_teardown to 2025-12-20 00:00:00+00:00, run_after=2025-12-21 00:00:00+00:00
[2025-12-21T07:11:41.813+0000] {processor.py:183} INFO - Processing /home/airflow/.local/lib/python3.8/site-packages/airflow/example_dags/example_setup_teardown.py took 0.102 seconds
[2025-12-21T07:12:12.797+0000] {processor.py:161} INFO - Started process (PID=111) to work on /home/airflow/.local/lib/python3.8/site-packages/airflow/example_dags/example_setup_teardown.py
[2025-12-21T07:12:12.799+0000] {processor.py:830} INFO - Processing file /home/airflow/.local/lib/python3.8/site-packages/airflow/example_dags/example_setup_teardown.py for tasks to queue
[2025-12-21T07:12:12.801+0000] {logging_mixin.py:188} INFO - [2025-12-21T07:12:12.801+0000] {dagbag.py:540} INFO - Filling up the DagBag from /home/airflow/.local/lib/python3.8/site-packages/airflow/example_dags/example_setup_teardown.py
[2025-12-21T07:12:12.810+0000] {processor.py:840} INFO - DAG(s) 'example_setup_teardown' retrieved from /home/airflow/.local/lib/python3.8/site-packages/airflow/example_dags/example_setup_teardown.py
[2025-12-21T07:12:12.922+0000] {logging_mixin.py:188} INFO - [2025-12-21T07:12:12.922+0000] {dag.py:3047} INFO - Sync 1 DAGs
[2025-12-21T07:12:12.944+0000] {logging_mixin.py:188} INFO - [2025-12-21T07:12:12.943+0000] {dag.py:3834} INFO - Setting next_dagrun for example_setup_teardown to 2025-12-20 00:00:00+00:00, run_after=2025-12-21 00:00:00+00:00
[2025-12-21T07:12:12.965+0000] {processor.py:183} INFO - Processing /home/airflow/.local/lib/python3.8/site-packages/airflow/example_dags/example_setup_teardown.py took 0.173 seconds
[2025-12-21T07:12:44.000+0000] {processor.py:161} INFO - Started process (PID=173) to work on /home/airflow/.local/lib/python3.8/site-packages/airflow/example_dags/example_setup_teardown.py
[2025-12-21T07:12:44.002+0000] {processor.py:830} INFO - Processing file /home/airflow/.local/lib/python3.8/site-packages/airflow/example_dags/example_setup_teardown.py for tasks to queue
[2025-12-21T07:12:44.004+0000] {logging_mixin.py:188} INFO - [2025-12-21T07:12:44.004+0000] {dagbag.py:540} INFO - Filling up the DagBag from /home/airflow/.local/lib/python3.8/site-packages/airflow/example_dags/example_setup_teardown.py
[2025-12-21T07:12:44.012+0000] {processor.py:840} INFO - DAG(s) 'example_setup_teardown' retrieved from /home/airflow/.local/lib/python3.8/site-packages/airflow/example_dags/example_setup_teardown.py
[2025-12-21T07:12:44.039+0000] {logging_mixin.py:188} INFO - [2025-12-21T07:12:44.039+0000] {dag.py:3047} INFO - Sync 1 DAGs
[2025-12-21T07:12:44.066+0000] {logging_mixin.py:188} INFO - [2025-12-21T07:12:44.066+0000] {dag.py:3834} INFO - Setting next_dagrun for example_setup_teardown to 2025-12-20 00:00:00+00:00, run_after=2025-12-21 00:00:00+00:00
[2025-12-21T07:12:44.088+0000] {processor.py:183} INFO - Processing /home/airflow/.local/lib/python3.8/site-packages/airflow/example_dags/example_setup_teardown.py took 0.092 seconds
[2025-12-21T07:13:14.815+0000] {processor.py:161} INFO - Started process (PID=229) to work on /home/airflow/.local/lib/python3.8/site-packages/airflow/example_dags/example_setup_teardown.py
[2025-12-21T07:13:14.816+0000] {processor.py:830} INFO - Processing file /home/airflow/.local/lib/python3.8/site-packages/airflow/example_dags/example_setup_teardown.py for tasks to queue
[2025-12-21T07:13:14.819+0000] {logging_mixin.py:188} INFO - [2025-12-21T07:13:14.818+0000] {dagbag.py:540} INFO - Filling up the DagBag from /home/airflow/.local/lib/python3.8/site-packages/airflow/example_dags/example_setup_teardown.py
[2025-12-21T07:13:14.826+0000] {processor.py:840} INFO - DAG(s) 'example_setup_teardown' retrieved from /home/airflow/.local/lib/python3.8/site-packages/airflow/example_dags/example_setup_teardown.py
[2025-12-21T07:13:14.848+0000] {logging_mixin.py:188} INFO - [2025-12-21T07:13:14.848+0000] {dag.py:3047} INFO - Sync 1 DAGs
[2025-12-21T07:13:14.869+0000] {logging_mixin.py:188} INFO - [2025-12-21T07:13:14.869+0000] {dag.py:3834} INFO - Setting next_dagrun for example_setup_teardown to 2025-12-20 00:00:00+00:00, run_after=2025-12-21 00:00:00+00:00
[2025-12-21T07:13:14.888+0000] {processor.py:183} INFO - Processing /home/airflow/.local/lib/python3.8/site-packages/airflow/example_dags/example_setup_teardown.py took 0.077 seconds
[2025-12-21T07:13:45.707+0000] {processor.py:161} INFO - Started process (PID=285) to work on /home/airflow/.local/lib/python3.8/site-packages/airflow/example_dags/example_setup_teardown.py
[2025-12-21T07:13:45.708+0000] {processor.py:830} INFO - Processing file /home/airflow/.local/lib/python3.8/site-packages/airflow/example_dags/example_setup_teardown.py for tasks to queue
[2025-12-21T07:13:45.710+0000] {logging_mixin.py:188} INFO - [2025-12-21T07:13:45.710+0000] {dagbag.py:540} INFO - Filling up the DagBag from /home/airflow/.local/lib/python3.8/site-packages/airflow/example_dags/example_setup_teardown.py
[2025-12-21T07:13:45.719+0000] {processor.py:840} INFO - DAG(s) 'example_setup_teardown' retrieved from /home/airflow/.local/lib/python3.8/site-packages/airflow/example_dags/example_setup_teardown.py
[2025-12-21T07:13:45.744+0000] {logging_mixin.py:188} INFO - [2025-12-21T07:13:45.743+0000] {dag.py:3047} INFO - Sync 1 DAGs
[2025-12-21T07:13:45.769+0000] {logging_mixin.py:188} INFO - [2025-12-21T07:13:45.769+0000] {dag.py:3834} INFO - Setting next_dagrun for example_setup_teardown to 2025-12-20 00:00:00+00:00, run_after=2025-12-21 00:00:00+00:00
[2025-12-21T07:13:45.798+0000] {processor.py:183} INFO - Processing /home/airflow/.local/lib/python3.8/site-packages/airflow/example_dags/example_setup_teardown.py took 0.096 seconds
[2025-12-21T07:14:16.517+0000] {processor.py:161} INFO - Started process (PID=341) to work on /home/airflow/.local/lib/python3.8/site-packages/airflow/example_dags/example_setup_teardown.py
[2025-12-21T07:14:16.519+0000] {processor.py:830} INFO - Processing file /home/airflow/.local/lib/python3.8/site-packages/airflow/example_dags/example_setup_teardown.py for tasks to queue
[2025-12-21T07:14:16.521+0000] {logging_mixin.py:188} INFO - [2025-12-21T07:14:16.520+0000] {dagbag.py:540} INFO - Filling up the DagBag from /home/airflow/.local/lib/python3.8/site-packages/airflow/example_dags/example_setup_teardown.py
[2025-12-21T07:14:16.527+0000] {processor.py:840} INFO - DAG(s) 'example_setup_teardown' retrieved from /home/airflow/.local/lib/python3.8/site-packages/airflow/example_dags/example_setup_teardown.py
[2025-12-21T07:14:16.548+0000] {logging_mixin.py:188} INFO - [2025-12-21T07:14:16.548+0000] {dag.py:3047} INFO - Sync 1 DAGs
[2025-12-21T07:14:16.568+0000] {logging_mixin.py:188} INFO - [2025-12-21T07:14:16.568+0000] {dag.py:3834} INFO - Setting next_dagrun for example_setup_teardown to 2025-12-20 00:00:00+00:00, run_after=2025-12-21 00:00:00+00:00
[2025-12-21T07:14:16.587+0000] {processor.py:183} INFO - Processing /home/airflow/.local/lib/python3.8/site-packages/airflow/example_dags/example_setup_teardown.py took 0.073 seconds
[2025-12-21T07:14:47.173+0000] {processor.py:161} INFO - Started process (PID=397) to work on /home/airflow/.local/lib/python3.8/site-packages/airflow/example_dags/example_setup_teardown.py
[2025-12-21T07:14:47.175+0000] {processor.py:830} INFO - Processing file /home/airflow/.local/lib/python3.8/site-packages/airflow/example_dags/example_setup_teardown.py for tasks to queue
[2025-12-21T07:14:47.177+0000] {logging_mixin.py:188} INFO - [2025-12-21T07:14:47.176+0000] {dagbag.py:540} INFO - Filling up the DagBag from /home/airflow/.local/lib/python3.8/site-packages/airflow/example_dags/example_setup_teardown.py
[2025-12-21T07:14:47.184+0000] {processor.py:840} INFO - DAG(s) 'example_setup_teardown' retrieved from /home/airflow/.local/lib/python3.8/site-packages/airflow/example_dags/example_setup_teardown.py
[2025-12-21T07:14:47.207+0000] {logging_mixin.py:188} INFO - [2025-12-21T07:14:47.207+0000] {dag.py:3047} INFO - Sync 1 DAGs
[2025-12-21T07:14:47.230+0000] {logging_mixin.py:188} INFO - [2025-12-21T07:14:47.229+0000] {dag.py:3834} INFO - Setting next_dagrun for example_setup_teardown to 2025-12-20 00:00:00+00:00, run_after=2025-12-21 00:00:00+00:00
[2025-12-21T07:14:47.251+0000] {processor.py:183} INFO - Processing /home/airflow/.local/lib/python3.8/site-packages/airflow/example_dags/example_setup_teardown.py took 0.081 seconds
[2025-12-21T07:15:17.401+0000] {processor.py:161} INFO - Started process (PID=453) to work on /home/airflow/.local/lib/python3.8/site-packages/airflow/example_dags/example_setup_teardown.py
[2025-12-21T07:15:17.403+0000] {processor.py:830} INFO - Processing file /home/airflow/.local/lib/python3.8/site-packages/airflow/example_dags/example_setup_teardown.py for tasks to queue
[2025-12-21T07:15:17.406+0000] {logging_mixin.py:188} INFO - [2025-12-21T07:15:17.405+0000] {dagbag.py:540} INFO - Filling up the DagBag from /home/airflow/.local/lib/python3.8/site-packages/airflow/example_dags/example_setup_teardown.py
[2025-12-21T07:15:17.415+0000] {processor.py:840} INFO - DAG(s) 'example_setup_teardown' retrieved from /home/airflow/.local/lib/python3.8/site-packages/airflow/example_dags/example_setup_teardown.py
[2025-12-21T07:15:17.441+0000] {logging_mixin.py:188} INFO - [2025-12-21T07:15:17.441+0000] {dag.py:3047} INFO - Sync 1 DAGs
[2025-12-21T07:15:17.465+0000] {logging_mixin.py:188} INFO - [2025-12-21T07:15:17.465+0000] {dag.py:3834} INFO - Setting next_dagrun for example_setup_teardown to 2025-12-20 00:00:00+00:00, run_after=2025-12-21 00:00:00+00:00
[2025-12-21T07:15:17.488+0000] {processor.py:183} INFO - Processing /home/airflow/.local/lib/python3.8/site-packages/airflow/example_dags/example_setup_teardown.py took 0.091 seconds
[2025-12-21T07:15:47.795+0000] {processor.py:161} INFO - Started process (PID=509) to work on /home/airflow/.local/lib/python3.8/site-packages/airflow/example_dags/example_setup_teardown.py
[2025-12-21T07:15:47.796+0000] {processor.py:830} INFO - Processing file /home/airflow/.local/lib/python3.8/site-packages/airflow/example_dags/example_setup_teardown.py for tasks to queue
[2025-12-21T07:15:47.798+0000] {logging_mixin.py:188} INFO - [2025-12-21T07:15:47.798+0000] {dagbag.py:540} INFO - Filling up the DagBag from /home/airflow/.local/lib/python3.8/site-packages/airflow/example_dags/example_setup_teardown.py
[2025-12-21T07:15:47.807+0000] {processor.py:840} INFO - DAG(s) 'example_setup_teardown' retrieved from /home/airflow/.local/lib/python3.8/site-packages/airflow/example_dags/example_setup_teardown.py
[2025-12-21T07:15:47.832+0000] {logging_mixin.py:188} INFO - [2025-12-21T07:15:47.832+0000] {dag.py:3047} INFO - Sync 1 DAGs
[2025-12-21T07:15:47.870+0000] {logging_mixin.py:188} INFO - [2025-12-21T07:15:47.869+0000] {dag.py:3834} INFO - Setting next_dagrun for example_setup_teardown to 2025-12-20 00:00:00+00:00, run_after=2025-12-21 00:00:00+00:00
[2025-12-21T07:15:47.899+0000] {processor.py:183} INFO - Processing /home/airflow/.local/lib/python3.8/site-packages/airflow/example_dags/example_setup_teardown.py took 0.109 seconds
[2025-12-21T07:16:18.433+0000] {processor.py:161} INFO - Started process (PID=565) to work on /home/airflow/.local/lib/python3.8/site-packages/airflow/example_dags/example_setup_teardown.py
[2025-12-21T07:16:18.435+0000] {processor.py:830} INFO - Processing file /home/airflow/.local/lib/python3.8/site-packages/airflow/example_dags/example_setup_teardown.py for tasks to queue
[2025-12-21T07:16:18.438+0000] {logging_mixin.py:188} INFO - [2025-12-21T07:16:18.438+0000] {dagbag.py:540} INFO - Filling up the DagBag from /home/airflow/.local/lib/python3.8/site-packages/airflow/example_dags/example_setup_teardown.py
[2025-12-21T07:16:18.447+0000] {processor.py:840} INFO - DAG(s) 'example_setup_teardown' retrieved from /home/airflow/.local/lib/python3.8/site-packages/airflow/example_dags/example_setup_teardown.py
[2025-12-21T07:16:18.476+0000] {logging_mixin.py:188} INFO - [2025-12-21T07:16:18.475+0000] {dag.py:3047} INFO - Sync 1 DAGs
[2025-12-21T07:16:18.501+0000] {logging_mixin.py:188} INFO - [2025-12-21T07:16:18.501+0000] {dag.py:3834} INFO - Setting next_dagrun for example_setup_teardown to 2025-12-20 00:00:00+00:00, run_after=2025-12-21 00:00:00+00:00
[2025-12-21T07:16:18.526+0000] {processor.py:183} INFO - Processing /home/airflow/.local/lib/python3.8/site-packages/airflow/example_dags/example_setup_teardown.py took 0.097 seconds
[2025-12-21T07:16:48.682+0000] {processor.py:161} INFO - Started process (PID=621) to work on /home/airflow/.local/lib/python3.8/site-packages/airflow/example_dags/example_setup_teardown.py
[2025-12-21T07:16:48.684+0000] {processor.py:830} INFO - Processing file /home/airflow/.local/lib/python3.8/site-packages/airflow/example_dags/example_setup_teardown.py for tasks to queue
[2025-12-21T07:16:48.686+0000] {logging_mixin.py:188} INFO - [2025-12-21T07:16:48.686+0000] {dagbag.py:540} INFO - Filling up the DagBag from /home/airflow/.local/lib/python3.8/site-packages/airflow/example_dags/example_setup_teardown.py
[2025-12-21T07:16:48.693+0000] {processor.py:840} INFO - DAG(s) 'example_setup_teardown' retrieved from /home/airflow/.local/lib/python3.8/site-packages/airflow/example_dags/example_setup_teardown.py
[2025-12-21T07:16:48.715+0000] {logging_mixin.py:188} INFO - [2025-12-21T07:16:48.715+0000] {dag.py:3047} INFO - Sync 1 DAGs
[2025-12-21T07:16:48.737+0000] {logging_mixin.py:188} INFO - [2025-12-21T07:16:48.737+0000] {dag.py:3834} INFO - Setting next_dagrun for example_setup_teardown to 2025-12-20 00:00:00+00:00, run_after=2025-12-21 00:00:00+00:00
[2025-12-21T07:16:48.755+0000] {processor.py:183} INFO - Processing /home/airflow/.local/lib/python3.8/site-packages/airflow/example_dags/example_setup_teardown.py took 0.077 seconds
[2025-12-21T07:17:18.838+0000] {processor.py:161} INFO - Started process (PID=677) to work on /home/airflow/.local/lib/python3.8/site-packages/airflow/example_dags/example_setup_teardown.py
[2025-12-21T07:17:18.840+0000] {processor.py:830} INFO - Processing file /home/airflow/.local/lib/python3.8/site-packages/airflow/example_dags/example_setup_teardown.py for tasks to queue
[2025-12-21T07:17:18.842+0000] {logging_mixin.py:188} INFO - [2025-12-21T07:17:18.841+0000] {dagbag.py:540} INFO - Filling up the DagBag from /home/airflow/.local/lib/python3.8/site-packages/airflow/example_dags/example_setup_teardown.py
[2025-12-21T07:17:18.848+0000] {processor.py:840} INFO - DAG(s) 'example_setup_teardown' retrieved from /home/airflow/.local/lib/python3.8/site-packages/airflow/example_dags/example_setup_teardown.py
[2025-12-21T07:17:18.870+0000] {logging_mixin.py:188} INFO - [2025-12-21T07:17:18.870+0000] {dag.py:3047} INFO - Sync 1 DAGs
[2025-12-21T07:17:18.890+0000] {logging_mixin.py:188} INFO - [2025-12-21T07:17:18.889+0000] {dag.py:3834} INFO - Setting next_dagrun for example_setup_teardown to 2025-12-20 00:00:00+00:00, run_after=2025-12-21 00:00:00+00:00
[2025-12-21T07:17:18.908+0000] {processor.py:183} INFO - Processing /home/airflow/.local/lib/python3.8/site-packages/airflow/example_dags/example_setup_teardown.py took 0.074 seconds
[2025-12-21T07:17:49.089+0000] {processor.py:161} INFO - Started process (PID=734) to work on /home/airflow/.local/lib/python3.8/site-packages/airflow/example_dags/example_setup_teardown.py
[2025-12-21T07:17:49.090+0000] {processor.py:830} INFO - Processing file /home/airflow/.local/lib/python3.8/site-packages/airflow/example_dags/example_setup_teardown.py for tasks to queue
[2025-12-21T07:17:49.093+0000] {logging_mixin.py:188} INFO - [2025-12-21T07:17:49.093+0000] {dagbag.py:540} INFO - Filling up the DagBag from /home/airflow/.local/lib/python3.8/site-packages/airflow/example_dags/example_setup_teardown.py
[2025-12-21T07:17:49.100+0000] {processor.py:840} INFO - DAG(s) 'example_setup_teardown' retrieved from /home/airflow/.local/lib/python3.8/site-packages/airflow/example_dags/example_setup_teardown.py
[2025-12-21T07:17:49.121+0000] {logging_mixin.py:188} INFO - [2025-12-21T07:17:49.120+0000] {dag.py:3047} INFO - Sync 1 DAGs
[2025-12-21T07:17:49.141+0000] {logging_mixin.py:188} INFO - [2025-12-21T07:17:49.141+0000] {dag.py:3834} INFO - Setting next_dagrun for example_setup_teardown to 2025-12-20 00:00:00+00:00, run_after=2025-12-21 00:00:00+00:00
[2025-12-21T07:17:49.159+0000] {processor.py:183} INFO - Processing /home/airflow/.local/lib/python3.8/site-packages/airflow/example_dags/example_setup_teardown.py took 0.074 seconds
[2025-12-21T07:18:20.046+0000] {processor.py:161} INFO - Started process (PID=790) to work on /home/airflow/.local/lib/python3.8/site-packages/airflow/example_dags/example_setup_teardown.py
[2025-12-21T07:18:20.047+0000] {processor.py:830} INFO - Processing file /home/airflow/.local/lib/python3.8/site-packages/airflow/example_dags/example_setup_teardown.py for tasks to queue
[2025-12-21T07:18:20.051+0000] {logging_mixin.py:188} INFO - [2025-12-21T07:18:20.051+0000] {dagbag.py:540} INFO - Filling up the DagBag from /home/airflow/.local/lib/python3.8/site-packages/airflow/example_dags/example_setup_teardown.py
[2025-12-21T07:18:20.060+0000] {processor.py:840} INFO - DAG(s) 'example_setup_teardown' retrieved from /home/airflow/.local/lib/python3.8/site-packages/airflow/example_dags/example_setup_teardown.py
[2025-12-21T07:18:20.083+0000] {logging_mixin.py:188} INFO - [2025-12-21T07:18:20.082+0000] {dag.py:3047} INFO - Sync 1 DAGs
[2025-12-21T07:18:20.107+0000] {logging_mixin.py:188} INFO - [2025-12-21T07:18:20.106+0000] {dag.py:3834} INFO - Setting next_dagrun for example_setup_teardown to 2025-12-20 00:00:00+00:00, run_after=2025-12-21 00:00:00+00:00
[2025-12-21T07:18:20.129+0000] {processor.py:183} INFO - Processing /home/airflow/.local/lib/python3.8/site-packages/airflow/example_dags/example_setup_teardown.py took 0.088 seconds
[2025-12-21T07:18:50.827+0000] {processor.py:161} INFO - Started process (PID=846) to work on /home/airflow/.local/lib/python3.8/site-packages/airflow/example_dags/example_setup_teardown.py
[2025-12-21T07:18:50.830+0000] {processor.py:830} INFO - Processing file /home/airflow/.local/lib/python3.8/site-packages/airflow/example_dags/example_setup_teardown.py for tasks to queue
[2025-12-21T07:18:50.832+0000] {logging_mixin.py:188} INFO - [2025-12-21T07:18:50.832+0000] {dagbag.py:540} INFO - Filling up the DagBag from /home/airflow/.local/lib/python3.8/site-packages/airflow/example_dags/example_setup_teardown.py
[2025-12-21T07:18:50.849+0000] {processor.py:840} INFO - DAG(s) 'example_setup_teardown' retrieved from /home/airflow/.local/lib/python3.8/site-packages/airflow/example_dags/example_setup_teardown.py
[2025-12-21T07:18:50.884+0000] {logging_mixin.py:188} INFO - [2025-12-21T07:18:50.884+0000] {dag.py:3047} INFO - Sync 1 DAGs
[2025-12-21T07:18:50.952+0000] {logging_mixin.py:188} INFO - [2025-12-21T07:18:50.951+0000] {dag.py:3834} INFO - Setting next_dagrun for example_setup_teardown to 2025-12-20 00:00:00+00:00, run_after=2025-12-21 00:00:00+00:00
[2025-12-21T07:18:50.997+0000] {processor.py:183} INFO - Processing /home/airflow/.local/lib/python3.8/site-packages/airflow/example_dags/example_setup_teardown.py took 0.186 seconds
[2025-12-21T07:19:21.636+0000] {processor.py:161} INFO - Started process (PID=902) to work on /home/airflow/.local/lib/python3.8/site-packages/airflow/example_dags/example_setup_teardown.py
[2025-12-21T07:19:21.637+0000] {processor.py:830} INFO - Processing file /home/airflow/.local/lib/python3.8/site-packages/airflow/example_dags/example_setup_teardown.py for tasks to queue
[2025-12-21T07:19:21.641+0000] {logging_mixin.py:188} INFO - [2025-12-21T07:19:21.640+0000] {dagbag.py:540} INFO - Filling up the DagBag from /home/airflow/.local/lib/python3.8/site-packages/airflow/example_dags/example_setup_teardown.py
[2025-12-21T07:19:21.650+0000] {processor.py:840} INFO - DAG(s) 'example_setup_teardown' retrieved from /home/airflow/.local/lib/python3.8/site-packages/airflow/example_dags/example_setup_teardown.py
[2025-12-21T07:19:21.679+0000] {logging_mixin.py:188} INFO - [2025-12-21T07:19:21.678+0000] {dag.py:3047} INFO - Sync 1 DAGs
[2025-12-21T07:19:21.707+0000] {logging_mixin.py:188} INFO - [2025-12-21T07:19:21.706+0000] {dag.py:3834} INFO - Setting next_dagrun for example_setup_teardown to 2025-12-20 00:00:00+00:00, run_after=2025-12-21 00:00:00+00:00
[2025-12-21T07:19:21.740+0000] {processor.py:183} INFO - Processing /home/airflow/.local/lib/python3.8/site-packages/airflow/example_dags/example_setup_teardown.py took 0.110 seconds
[2025-12-21T07:19:52.113+0000] {processor.py:161} INFO - Started process (PID=959) to work on /home/airflow/.local/lib/python3.8/site-packages/airflow/example_dags/example_setup_teardown.py
[2025-12-21T07:19:52.114+0000] {processor.py:830} INFO - Processing file /home/airflow/.local/lib/python3.8/site-packages/airflow/example_dags/example_setup_teardown.py for tasks to queue
[2025-12-21T07:19:52.117+0000] {logging_mixin.py:188} INFO - [2025-12-21T07:19:52.117+0000] {dagbag.py:540} INFO - Filling up the DagBag from /home/airflow/.local/lib/python3.8/site-packages/airflow/example_dags/example_setup_teardown.py
[2025-12-21T07:19:52.128+0000] {processor.py:840} INFO - DAG(s) 'example_setup_teardown' retrieved from /home/airflow/.local/lib/python3.8/site-packages/airflow/example_dags/example_setup_teardown.py
[2025-12-21T07:19:52.153+0000] {logging_mixin.py:188} INFO - [2025-12-21T07:19:52.153+0000] {dag.py:3047} INFO - Sync 1 DAGs
[2025-12-21T07:19:52.177+0000] {logging_mixin.py:188} INFO - [2025-12-21T07:19:52.177+0000] {dag.py:3834} INFO - Setting next_dagrun for example_setup_teardown to 2025-12-20 00:00:00+00:00, run_after=2025-12-21 00:00:00+00:00
[2025-12-21T07:19:52.200+0000] {processor.py:183} INFO - Processing /home/airflow/.local/lib/python3.8/site-packages/airflow/example_dags/example_setup_teardown.py took 0.090 seconds
[2025-12-21T07:20:22.642+0000] {processor.py:161} INFO - Started process (PID=1015) to work on /home/airflow/.local/lib/python3.8/site-packages/airflow/example_dags/example_setup_teardown.py
[2025-12-21T07:20:22.643+0000] {processor.py:830} INFO - Processing file /home/airflow/.local/lib/python3.8/site-packages/airflow/example_dags/example_setup_teardown.py for tasks to queue
[2025-12-21T07:20:22.646+0000] {logging_mixin.py:188} INFO - [2025-12-21T07:20:22.645+0000] {dagbag.py:540} INFO - Filling up the DagBag from /home/airflow/.local/lib/python3.8/site-packages/airflow/example_dags/example_setup_teardown.py
[2025-12-21T07:20:22.652+0000] {processor.py:840} INFO - DAG(s) 'example_setup_teardown' retrieved from /home/airflow/.local/lib/python3.8/site-packages/airflow/example_dags/example_setup_teardown.py
[2025-12-21T07:20:22.673+0000] {logging_mixin.py:188} INFO - [2025-12-21T07:20:22.673+0000] {dag.py:3047} INFO - Sync 1 DAGs
[2025-12-21T07:20:22.693+0000] {logging_mixin.py:188} INFO - [2025-12-21T07:20:22.693+0000] {dag.py:3834} INFO - Setting next_dagrun for example_setup_teardown to 2025-12-20 00:00:00+00:00, run_after=2025-12-21 00:00:00+00:00
[2025-12-21T07:20:22.712+0000] {processor.py:183} INFO - Processing /home/airflow/.local/lib/python3.8/site-packages/airflow/example_dags/example_setup_teardown.py took 0.073 seconds
[2025-12-21T07:20:38.990+0000] {processor.py:161} INFO - Started process (PID=50) to work on /home/airflow/.local/lib/python3.8/site-packages/airflow/example_dags/example_setup_teardown.py
[2025-12-21T07:20:38.992+0000] {processor.py:830} INFO - Processing file /home/airflow/.local/lib/python3.8/site-packages/airflow/example_dags/example_setup_teardown.py for tasks to queue
[2025-12-21T07:20:38.995+0000] {logging_mixin.py:188} INFO - [2025-12-21T07:20:38.994+0000] {dagbag.py:540} INFO - Filling up the DagBag from /home/airflow/.local/lib/python3.8/site-packages/airflow/example_dags/example_setup_teardown.py
[2025-12-21T07:20:39.006+0000] {processor.py:840} INFO - DAG(s) 'example_setup_teardown' retrieved from /home/airflow/.local/lib/python3.8/site-packages/airflow/example_dags/example_setup_teardown.py
[2025-12-21T07:20:39.036+0000] {logging_mixin.py:188} INFO - [2025-12-21T07:20:39.035+0000] {dag.py:3047} INFO - Sync 1 DAGs
[2025-12-21T07:20:39.059+0000] {logging_mixin.py:188} INFO - [2025-12-21T07:20:39.058+0000] {dag.py:3834} INFO - Setting next_dagrun for example_setup_teardown to 2025-12-20 00:00:00+00:00, run_after=2025-12-21 00:00:00+00:00
[2025-12-21T07:20:39.079+0000] {processor.py:183} INFO - Processing /home/airflow/.local/lib/python3.8/site-packages/airflow/example_dags/example_setup_teardown.py took 0.093 seconds
[2025-12-21T07:21:09.515+0000] {processor.py:161} INFO - Started process (PID=106) to work on /home/airflow/.local/lib/python3.8/site-packages/airflow/example_dags/example_setup_teardown.py
[2025-12-21T07:21:09.517+0000] {processor.py:830} INFO - Processing file /home/airflow/.local/lib/python3.8/site-packages/airflow/example_dags/example_setup_teardown.py for tasks to queue
[2025-12-21T07:21:09.522+0000] {logging_mixin.py:188} INFO - [2025-12-21T07:21:09.521+0000] {dagbag.py:540} INFO - Filling up the DagBag from /home/airflow/.local/lib/python3.8/site-packages/airflow/example_dags/example_setup_teardown.py
[2025-12-21T07:21:09.537+0000] {processor.py:840} INFO - DAG(s) 'example_setup_teardown' retrieved from /home/airflow/.local/lib/python3.8/site-packages/airflow/example_dags/example_setup_teardown.py
[2025-12-21T07:21:09.588+0000] {logging_mixin.py:188} INFO - [2025-12-21T07:21:09.587+0000] {dag.py:3047} INFO - Sync 1 DAGs
[2025-12-21T07:21:09.633+0000] {logging_mixin.py:188} INFO - [2025-12-21T07:21:09.633+0000] {dag.py:3834} INFO - Setting next_dagrun for example_setup_teardown to 2025-12-20 00:00:00+00:00, run_after=2025-12-21 00:00:00+00:00
[2025-12-21T07:21:09.665+0000] {processor.py:183} INFO - Processing /home/airflow/.local/lib/python3.8/site-packages/airflow/example_dags/example_setup_teardown.py took 0.156 seconds
[2025-12-21T07:22:19.491+0000] {processor.py:161} INFO - Started process (PID=57) to work on /home/airflow/.local/lib/python3.8/site-packages/airflow/example_dags/example_setup_teardown.py
[2025-12-21T07:22:19.493+0000] {processor.py:830} INFO - Processing file /home/airflow/.local/lib/python3.8/site-packages/airflow/example_dags/example_setup_teardown.py for tasks to queue
[2025-12-21T07:22:19.496+0000] {logging_mixin.py:188} INFO - [2025-12-21T07:22:19.495+0000] {dagbag.py:540} INFO - Filling up the DagBag from /home/airflow/.local/lib/python3.8/site-packages/airflow/example_dags/example_setup_teardown.py
[2025-12-21T07:22:19.508+0000] {processor.py:840} INFO - DAG(s) 'example_setup_teardown' retrieved from /home/airflow/.local/lib/python3.8/site-packages/airflow/example_dags/example_setup_teardown.py
[2025-12-21T07:22:19.522+0000] {logging_mixin.py:188} INFO - [2025-12-21T07:22:19.522+0000] {dag.py:3047} INFO - Sync 1 DAGs
[2025-12-21T07:22:19.585+0000] {logging_mixin.py:188} INFO - [2025-12-21T07:22:19.585+0000] {dag.py:3834} INFO - Setting next_dagrun for example_setup_teardown to 2025-12-20 00:00:00+00:00, run_after=2025-12-21 00:00:00+00:00
[2025-12-21T07:22:19.612+0000] {processor.py:183} INFO - Processing /home/airflow/.local/lib/python3.8/site-packages/airflow/example_dags/example_setup_teardown.py took 0.125 seconds
[2025-12-21T07:22:50.600+0000] {processor.py:161} INFO - Started process (PID=113) to work on /home/airflow/.local/lib/python3.8/site-packages/airflow/example_dags/example_setup_teardown.py
[2025-12-21T07:22:50.601+0000] {processor.py:830} INFO - Processing file /home/airflow/.local/lib/python3.8/site-packages/airflow/example_dags/example_setup_teardown.py for tasks to queue
[2025-12-21T07:22:50.603+0000] {logging_mixin.py:188} INFO - [2025-12-21T07:22:50.603+0000] {dagbag.py:540} INFO - Filling up the DagBag from /home/airflow/.local/lib/python3.8/site-packages/airflow/example_dags/example_setup_teardown.py
[2025-12-21T07:22:50.611+0000] {processor.py:840} INFO - DAG(s) 'example_setup_teardown' retrieved from /home/airflow/.local/lib/python3.8/site-packages/airflow/example_dags/example_setup_teardown.py
[2025-12-21T07:22:50.742+0000] {logging_mixin.py:188} INFO - [2025-12-21T07:22:50.741+0000] {dag.py:3047} INFO - Sync 1 DAGs
[2025-12-21T07:22:50.768+0000] {logging_mixin.py:188} INFO - [2025-12-21T07:22:50.767+0000] {dag.py:3834} INFO - Setting next_dagrun for example_setup_teardown to 2025-12-20 00:00:00+00:00, run_after=2025-12-21 00:00:00+00:00
[2025-12-21T07:22:50.793+0000] {processor.py:183} INFO - Processing /home/airflow/.local/lib/python3.8/site-packages/airflow/example_dags/example_setup_teardown.py took 0.198 seconds
[2025-12-21T07:28:29.691+0000] {processor.py:161} INFO - Started process (PID=58) to work on /home/airflow/.local/lib/python3.8/site-packages/airflow/example_dags/example_setup_teardown.py
[2025-12-21T07:28:29.694+0000] {processor.py:830} INFO - Processing file /home/airflow/.local/lib/python3.8/site-packages/airflow/example_dags/example_setup_teardown.py for tasks to queue
[2025-12-21T07:28:29.698+0000] {logging_mixin.py:188} INFO - [2025-12-21T07:28:29.698+0000] {dagbag.py:540} INFO - Filling up the DagBag from /home/airflow/.local/lib/python3.8/site-packages/airflow/example_dags/example_setup_teardown.py
[2025-12-21T07:28:29.718+0000] {processor.py:840} INFO - DAG(s) 'example_setup_teardown' retrieved from /home/airflow/.local/lib/python3.8/site-packages/airflow/example_dags/example_setup_teardown.py
[2025-12-21T07:28:29.740+0000] {logging_mixin.py:188} INFO - [2025-12-21T07:28:29.740+0000] {dag.py:3047} INFO - Sync 1 DAGs
[2025-12-21T07:28:29.773+0000] {logging_mixin.py:188} INFO - [2025-12-21T07:28:29.773+0000] {dag.py:3834} INFO - Setting next_dagrun for example_setup_teardown to 2025-12-20 00:00:00+00:00, run_after=2025-12-21 00:00:00+00:00
[2025-12-21T07:28:29.804+0000] {processor.py:183} INFO - Processing /home/airflow/.local/lib/python3.8/site-packages/airflow/example_dags/example_setup_teardown.py took 0.118 seconds
[2025-12-21T07:28:59.969+0000] {processor.py:161} INFO - Started process (PID=115) to work on /home/airflow/.local/lib/python3.8/site-packages/airflow/example_dags/example_setup_teardown.py
[2025-12-21T07:28:59.970+0000] {processor.py:830} INFO - Processing file /home/airflow/.local/lib/python3.8/site-packages/airflow/example_dags/example_setup_teardown.py for tasks to queue
[2025-12-21T07:28:59.973+0000] {logging_mixin.py:188} INFO - [2025-12-21T07:28:59.972+0000] {dagbag.py:540} INFO - Filling up the DagBag from /home/airflow/.local/lib/python3.8/site-packages/airflow/example_dags/example_setup_teardown.py
[2025-12-21T07:28:59.981+0000] {processor.py:840} INFO - DAG(s) 'example_setup_teardown' retrieved from /home/airflow/.local/lib/python3.8/site-packages/airflow/example_dags/example_setup_teardown.py
[2025-12-21T07:29:00.117+0000] {logging_mixin.py:188} INFO - [2025-12-21T07:29:00.117+0000] {dag.py:3047} INFO - Sync 1 DAGs
[2025-12-21T07:29:00.139+0000] {logging_mixin.py:188} INFO - [2025-12-21T07:29:00.138+0000] {dag.py:3834} INFO - Setting next_dagrun for example_setup_teardown to 2025-12-20 00:00:00+00:00, run_after=2025-12-21 00:00:00+00:00
[2025-12-21T07:29:00.168+0000] {processor.py:183} INFO - Processing /home/airflow/.local/lib/python3.8/site-packages/airflow/example_dags/example_setup_teardown.py took 0.202 seconds
[2025-12-21T07:29:30.773+0000] {processor.py:161} INFO - Started process (PID=171) to work on /home/airflow/.local/lib/python3.8/site-packages/airflow/example_dags/example_setup_teardown.py
[2025-12-21T07:29:30.774+0000] {processor.py:830} INFO - Processing file /home/airflow/.local/lib/python3.8/site-packages/airflow/example_dags/example_setup_teardown.py for tasks to queue
[2025-12-21T07:29:30.777+0000] {logging_mixin.py:188} INFO - [2025-12-21T07:29:30.776+0000] {dagbag.py:540} INFO - Filling up the DagBag from /home/airflow/.local/lib/python3.8/site-packages/airflow/example_dags/example_setup_teardown.py
[2025-12-21T07:29:30.784+0000] {processor.py:840} INFO - DAG(s) 'example_setup_teardown' retrieved from /home/airflow/.local/lib/python3.8/site-packages/airflow/example_dags/example_setup_teardown.py
[2025-12-21T07:29:30.807+0000] {logging_mixin.py:188} INFO - [2025-12-21T07:29:30.807+0000] {dag.py:3047} INFO - Sync 1 DAGs
[2025-12-21T07:29:30.829+0000] {logging_mixin.py:188} INFO - [2025-12-21T07:29:30.828+0000] {dag.py:3834} INFO - Setting next_dagrun for example_setup_teardown to 2025-12-20 00:00:00+00:00, run_after=2025-12-21 00:00:00+00:00
[2025-12-21T07:29:30.848+0000] {processor.py:183} INFO - Processing /home/airflow/.local/lib/python3.8/site-packages/airflow/example_dags/example_setup_teardown.py took 0.079 seconds
[2025-12-21T07:30:01.209+0000] {processor.py:161} INFO - Started process (PID=232) to work on /home/airflow/.local/lib/python3.8/site-packages/airflow/example_dags/example_setup_teardown.py
[2025-12-21T07:30:01.210+0000] {processor.py:830} INFO - Processing file /home/airflow/.local/lib/python3.8/site-packages/airflow/example_dags/example_setup_teardown.py for tasks to queue
[2025-12-21T07:30:01.213+0000] {logging_mixin.py:188} INFO - [2025-12-21T07:30:01.213+0000] {dagbag.py:540} INFO - Filling up the DagBag from /home/airflow/.local/lib/python3.8/site-packages/airflow/example_dags/example_setup_teardown.py
[2025-12-21T07:30:01.223+0000] {processor.py:840} INFO - DAG(s) 'example_setup_teardown' retrieved from /home/airflow/.local/lib/python3.8/site-packages/airflow/example_dags/example_setup_teardown.py
[2025-12-21T07:30:01.248+0000] {logging_mixin.py:188} INFO - [2025-12-21T07:30:01.248+0000] {dag.py:3047} INFO - Sync 1 DAGs
[2025-12-21T07:30:01.272+0000] {logging_mixin.py:188} INFO - [2025-12-21T07:30:01.271+0000] {dag.py:3834} INFO - Setting next_dagrun for example_setup_teardown to 2025-12-20 00:00:00+00:00, run_after=2025-12-21 00:00:00+00:00
[2025-12-21T07:30:01.293+0000] {processor.py:183} INFO - Processing /home/airflow/.local/lib/python3.8/site-packages/airflow/example_dags/example_setup_teardown.py took 0.089 seconds
[2025-12-21T07:30:31.509+0000] {processor.py:161} INFO - Started process (PID=288) to work on /home/airflow/.local/lib/python3.8/site-packages/airflow/example_dags/example_setup_teardown.py
[2025-12-21T07:30:31.511+0000] {processor.py:830} INFO - Processing file /home/airflow/.local/lib/python3.8/site-packages/airflow/example_dags/example_setup_teardown.py for tasks to queue
[2025-12-21T07:30:31.513+0000] {logging_mixin.py:188} INFO - [2025-12-21T07:30:31.513+0000] {dagbag.py:540} INFO - Filling up the DagBag from /home/airflow/.local/lib/python3.8/site-packages/airflow/example_dags/example_setup_teardown.py
[2025-12-21T07:30:31.520+0000] {processor.py:840} INFO - DAG(s) 'example_setup_teardown' retrieved from /home/airflow/.local/lib/python3.8/site-packages/airflow/example_dags/example_setup_teardown.py
[2025-12-21T07:30:31.547+0000] {logging_mixin.py:188} INFO - [2025-12-21T07:30:31.547+0000] {dag.py:3047} INFO - Sync 1 DAGs
[2025-12-21T07:30:31.569+0000] {logging_mixin.py:188} INFO - [2025-12-21T07:30:31.569+0000] {dag.py:3834} INFO - Setting next_dagrun for example_setup_teardown to 2025-12-20 00:00:00+00:00, run_after=2025-12-21 00:00:00+00:00
[2025-12-21T07:30:31.592+0000] {processor.py:183} INFO - Processing /home/airflow/.local/lib/python3.8/site-packages/airflow/example_dags/example_setup_teardown.py took 0.086 seconds
[2025-12-21T07:31:01.686+0000] {processor.py:161} INFO - Started process (PID=344) to work on /home/airflow/.local/lib/python3.8/site-packages/airflow/example_dags/example_setup_teardown.py
[2025-12-21T07:31:01.687+0000] {processor.py:830} INFO - Processing file /home/airflow/.local/lib/python3.8/site-packages/airflow/example_dags/example_setup_teardown.py for tasks to queue
[2025-12-21T07:31:01.689+0000] {logging_mixin.py:188} INFO - [2025-12-21T07:31:01.689+0000] {dagbag.py:540} INFO - Filling up the DagBag from /home/airflow/.local/lib/python3.8/site-packages/airflow/example_dags/example_setup_teardown.py
[2025-12-21T07:31:01.696+0000] {processor.py:840} INFO - DAG(s) 'example_setup_teardown' retrieved from /home/airflow/.local/lib/python3.8/site-packages/airflow/example_dags/example_setup_teardown.py
[2025-12-21T07:31:01.719+0000] {logging_mixin.py:188} INFO - [2025-12-21T07:31:01.718+0000] {dag.py:3047} INFO - Sync 1 DAGs
[2025-12-21T07:31:01.741+0000] {logging_mixin.py:188} INFO - [2025-12-21T07:31:01.741+0000] {dag.py:3834} INFO - Setting next_dagrun for example_setup_teardown to 2025-12-20 00:00:00+00:00, run_after=2025-12-21 00:00:00+00:00
[2025-12-21T07:31:01.760+0000] {processor.py:183} INFO - Processing /home/airflow/.local/lib/python3.8/site-packages/airflow/example_dags/example_setup_teardown.py took 0.078 seconds
[2025-12-21T07:31:31.999+0000] {processor.py:161} INFO - Started process (PID=400) to work on /home/airflow/.local/lib/python3.8/site-packages/airflow/example_dags/example_setup_teardown.py
[2025-12-21T07:31:32.000+0000] {processor.py:830} INFO - Processing file /home/airflow/.local/lib/python3.8/site-packages/airflow/example_dags/example_setup_teardown.py for tasks to queue
[2025-12-21T07:31:32.002+0000] {logging_mixin.py:188} INFO - [2025-12-21T07:31:32.002+0000] {dagbag.py:540} INFO - Filling up the DagBag from /home/airflow/.local/lib/python3.8/site-packages/airflow/example_dags/example_setup_teardown.py
[2025-12-21T07:31:32.010+0000] {processor.py:840} INFO - DAG(s) 'example_setup_teardown' retrieved from /home/airflow/.local/lib/python3.8/site-packages/airflow/example_dags/example_setup_teardown.py
[2025-12-21T07:31:32.035+0000] {logging_mixin.py:188} INFO - [2025-12-21T07:31:32.034+0000] {dag.py:3047} INFO - Sync 1 DAGs
[2025-12-21T07:31:32.061+0000] {logging_mixin.py:188} INFO - [2025-12-21T07:31:32.061+0000] {dag.py:3834} INFO - Setting next_dagrun for example_setup_teardown to 2025-12-20 00:00:00+00:00, run_after=2025-12-21 00:00:00+00:00
[2025-12-21T07:31:32.085+0000] {processor.py:183} INFO - Processing /home/airflow/.local/lib/python3.8/site-packages/airflow/example_dags/example_setup_teardown.py took 0.090 seconds
