[2025-12-21T06:58:53.650+0000] {processor.py:161} INFO - Started process (PID=71) to work on /home/airflow/.local/lib/python3.8/site-packages/airflow/example_dags/tutorial_objectstorage.py
[2025-12-21T06:58:53.651+0000] {processor.py:830} INFO - Processing file /home/airflow/.local/lib/python3.8/site-packages/airflow/example_dags/tutorial_objectstorage.py for tasks to queue
[2025-12-21T06:58:53.654+0000] {logging_mixin.py:188} INFO - [2025-12-21T06:58:53.653+0000] {dagbag.py:540} INFO - Filling up the DagBag from /home/airflow/.local/lib/python3.8/site-packages/airflow/example_dags/tutorial_objectstorage.py
[2025-12-21T06:58:53.664+0000] {processor.py:840} INFO - DAG(s) 'tutorial_objectstorage' retrieved from /home/airflow/.local/lib/python3.8/site-packages/airflow/example_dags/tutorial_objectstorage.py
[2025-12-21T06:58:53.791+0000] {logging_mixin.py:188} INFO - [2025-12-21T06:58:53.791+0000] {dag.py:3047} INFO - Sync 1 DAGs
[2025-12-21T06:58:53.805+0000] {logging_mixin.py:188} INFO - [2025-12-21T06:58:53.805+0000] {dag.py:3834} INFO - Setting next_dagrun for tutorial_objectstorage to None, run_after=None
[2025-12-21T06:58:53.833+0000] {processor.py:183} INFO - Processing /home/airflow/.local/lib/python3.8/site-packages/airflow/example_dags/tutorial_objectstorage.py took 0.187 seconds
[2025-12-21T06:59:24.202+0000] {processor.py:161} INFO - Started process (PID=127) to work on /home/airflow/.local/lib/python3.8/site-packages/airflow/example_dags/tutorial_objectstorage.py
[2025-12-21T06:59:24.205+0000] {processor.py:830} INFO - Processing file /home/airflow/.local/lib/python3.8/site-packages/airflow/example_dags/tutorial_objectstorage.py for tasks to queue
[2025-12-21T06:59:24.209+0000] {logging_mixin.py:188} INFO - [2025-12-21T06:59:24.208+0000] {dagbag.py:540} INFO - Filling up the DagBag from /home/airflow/.local/lib/python3.8/site-packages/airflow/example_dags/tutorial_objectstorage.py
[2025-12-21T06:59:24.218+0000] {processor.py:840} INFO - DAG(s) 'tutorial_objectstorage' retrieved from /home/airflow/.local/lib/python3.8/site-packages/airflow/example_dags/tutorial_objectstorage.py
[2025-12-21T06:59:24.245+0000] {logging_mixin.py:188} INFO - [2025-12-21T06:59:24.245+0000] {dag.py:3047} INFO - Sync 1 DAGs
[2025-12-21T06:59:24.260+0000] {logging_mixin.py:188} INFO - [2025-12-21T06:59:24.260+0000] {dag.py:3834} INFO - Setting next_dagrun for tutorial_objectstorage to None, run_after=None
[2025-12-21T06:59:24.288+0000] {processor.py:183} INFO - Processing /home/airflow/.local/lib/python3.8/site-packages/airflow/example_dags/tutorial_objectstorage.py took 0.089 seconds
[2025-12-21T06:59:54.672+0000] {processor.py:161} INFO - Started process (PID=183) to work on /home/airflow/.local/lib/python3.8/site-packages/airflow/example_dags/tutorial_objectstorage.py
[2025-12-21T06:59:54.674+0000] {processor.py:830} INFO - Processing file /home/airflow/.local/lib/python3.8/site-packages/airflow/example_dags/tutorial_objectstorage.py for tasks to queue
[2025-12-21T06:59:54.676+0000] {logging_mixin.py:188} INFO - [2025-12-21T06:59:54.676+0000] {dagbag.py:540} INFO - Filling up the DagBag from /home/airflow/.local/lib/python3.8/site-packages/airflow/example_dags/tutorial_objectstorage.py
[2025-12-21T06:59:54.685+0000] {processor.py:840} INFO - DAG(s) 'tutorial_objectstorage' retrieved from /home/airflow/.local/lib/python3.8/site-packages/airflow/example_dags/tutorial_objectstorage.py
[2025-12-21T06:59:54.711+0000] {logging_mixin.py:188} INFO - [2025-12-21T06:59:54.711+0000] {dag.py:3047} INFO - Sync 1 DAGs
[2025-12-21T06:59:54.727+0000] {logging_mixin.py:188} INFO - [2025-12-21T06:59:54.726+0000] {dag.py:3834} INFO - Setting next_dagrun for tutorial_objectstorage to None, run_after=None
[2025-12-21T06:59:54.751+0000] {processor.py:183} INFO - Processing /home/airflow/.local/lib/python3.8/site-packages/airflow/example_dags/tutorial_objectstorage.py took 0.083 seconds
[2025-12-21T07:00:25.085+0000] {processor.py:161} INFO - Started process (PID=239) to work on /home/airflow/.local/lib/python3.8/site-packages/airflow/example_dags/tutorial_objectstorage.py
[2025-12-21T07:00:25.088+0000] {processor.py:830} INFO - Processing file /home/airflow/.local/lib/python3.8/site-packages/airflow/example_dags/tutorial_objectstorage.py for tasks to queue
[2025-12-21T07:00:25.091+0000] {logging_mixin.py:188} INFO - [2025-12-21T07:00:25.090+0000] {dagbag.py:540} INFO - Filling up the DagBag from /home/airflow/.local/lib/python3.8/site-packages/airflow/example_dags/tutorial_objectstorage.py
[2025-12-21T07:00:25.104+0000] {processor.py:840} INFO - DAG(s) 'tutorial_objectstorage' retrieved from /home/airflow/.local/lib/python3.8/site-packages/airflow/example_dags/tutorial_objectstorage.py
[2025-12-21T07:00:25.160+0000] {logging_mixin.py:188} INFO - [2025-12-21T07:00:25.160+0000] {dag.py:3047} INFO - Sync 1 DAGs
[2025-12-21T07:00:25.181+0000] {logging_mixin.py:188} INFO - [2025-12-21T07:00:25.180+0000] {dag.py:3834} INFO - Setting next_dagrun for tutorial_objectstorage to None, run_after=None
[2025-12-21T07:00:25.217+0000] {processor.py:183} INFO - Processing /home/airflow/.local/lib/python3.8/site-packages/airflow/example_dags/tutorial_objectstorage.py took 0.137 seconds
[2025-12-21T07:00:55.322+0000] {processor.py:161} INFO - Started process (PID=295) to work on /home/airflow/.local/lib/python3.8/site-packages/airflow/example_dags/tutorial_objectstorage.py
[2025-12-21T07:00:55.324+0000] {processor.py:830} INFO - Processing file /home/airflow/.local/lib/python3.8/site-packages/airflow/example_dags/tutorial_objectstorage.py for tasks to queue
[2025-12-21T07:00:55.328+0000] {logging_mixin.py:188} INFO - [2025-12-21T07:00:55.327+0000] {dagbag.py:540} INFO - Filling up the DagBag from /home/airflow/.local/lib/python3.8/site-packages/airflow/example_dags/tutorial_objectstorage.py
[2025-12-21T07:00:55.340+0000] {processor.py:840} INFO - DAG(s) 'tutorial_objectstorage' retrieved from /home/airflow/.local/lib/python3.8/site-packages/airflow/example_dags/tutorial_objectstorage.py
[2025-12-21T07:00:55.378+0000] {logging_mixin.py:188} INFO - [2025-12-21T07:00:55.377+0000] {dag.py:3047} INFO - Sync 1 DAGs
[2025-12-21T07:00:55.415+0000] {logging_mixin.py:188} INFO - [2025-12-21T07:00:55.414+0000] {dag.py:3834} INFO - Setting next_dagrun for tutorial_objectstorage to None, run_after=None
[2025-12-21T07:00:55.475+0000] {processor.py:183} INFO - Processing /home/airflow/.local/lib/python3.8/site-packages/airflow/example_dags/tutorial_objectstorage.py took 0.160 seconds
[2025-12-21T07:01:26.368+0000] {processor.py:161} INFO - Started process (PID=351) to work on /home/airflow/.local/lib/python3.8/site-packages/airflow/example_dags/tutorial_objectstorage.py
[2025-12-21T07:01:26.370+0000] {processor.py:830} INFO - Processing file /home/airflow/.local/lib/python3.8/site-packages/airflow/example_dags/tutorial_objectstorage.py for tasks to queue
[2025-12-21T07:01:26.373+0000] {logging_mixin.py:188} INFO - [2025-12-21T07:01:26.372+0000] {dagbag.py:540} INFO - Filling up the DagBag from /home/airflow/.local/lib/python3.8/site-packages/airflow/example_dags/tutorial_objectstorage.py
[2025-12-21T07:01:26.382+0000] {processor.py:840} INFO - DAG(s) 'tutorial_objectstorage' retrieved from /home/airflow/.local/lib/python3.8/site-packages/airflow/example_dags/tutorial_objectstorage.py
[2025-12-21T07:01:26.418+0000] {logging_mixin.py:188} INFO - [2025-12-21T07:01:26.418+0000] {dag.py:3047} INFO - Sync 1 DAGs
[2025-12-21T07:01:26.457+0000] {logging_mixin.py:188} INFO - [2025-12-21T07:01:26.456+0000] {dag.py:3834} INFO - Setting next_dagrun for tutorial_objectstorage to None, run_after=None
[2025-12-21T07:01:26.526+0000] {processor.py:183} INFO - Processing /home/airflow/.local/lib/python3.8/site-packages/airflow/example_dags/tutorial_objectstorage.py took 0.163 seconds
[2025-12-21T07:01:56.994+0000] {processor.py:161} INFO - Started process (PID=407) to work on /home/airflow/.local/lib/python3.8/site-packages/airflow/example_dags/tutorial_objectstorage.py
[2025-12-21T07:01:56.995+0000] {processor.py:830} INFO - Processing file /home/airflow/.local/lib/python3.8/site-packages/airflow/example_dags/tutorial_objectstorage.py for tasks to queue
[2025-12-21T07:01:56.998+0000] {logging_mixin.py:188} INFO - [2025-12-21T07:01:56.997+0000] {dagbag.py:540} INFO - Filling up the DagBag from /home/airflow/.local/lib/python3.8/site-packages/airflow/example_dags/tutorial_objectstorage.py
[2025-12-21T07:01:57.006+0000] {processor.py:840} INFO - DAG(s) 'tutorial_objectstorage' retrieved from /home/airflow/.local/lib/python3.8/site-packages/airflow/example_dags/tutorial_objectstorage.py
[2025-12-21T07:01:57.029+0000] {logging_mixin.py:188} INFO - [2025-12-21T07:01:57.029+0000] {dag.py:3047} INFO - Sync 1 DAGs
[2025-12-21T07:01:57.044+0000] {logging_mixin.py:188} INFO - [2025-12-21T07:01:57.044+0000] {dag.py:3834} INFO - Setting next_dagrun for tutorial_objectstorage to None, run_after=None
[2025-12-21T07:01:57.069+0000] {processor.py:183} INFO - Processing /home/airflow/.local/lib/python3.8/site-packages/airflow/example_dags/tutorial_objectstorage.py took 0.080 seconds
[2025-12-21T07:02:27.376+0000] {processor.py:161} INFO - Started process (PID=463) to work on /home/airflow/.local/lib/python3.8/site-packages/airflow/example_dags/tutorial_objectstorage.py
[2025-12-21T07:02:27.378+0000] {processor.py:830} INFO - Processing file /home/airflow/.local/lib/python3.8/site-packages/airflow/example_dags/tutorial_objectstorage.py for tasks to queue
[2025-12-21T07:02:27.380+0000] {logging_mixin.py:188} INFO - [2025-12-21T07:02:27.380+0000] {dagbag.py:540} INFO - Filling up the DagBag from /home/airflow/.local/lib/python3.8/site-packages/airflow/example_dags/tutorial_objectstorage.py
[2025-12-21T07:02:27.387+0000] {processor.py:840} INFO - DAG(s) 'tutorial_objectstorage' retrieved from /home/airflow/.local/lib/python3.8/site-packages/airflow/example_dags/tutorial_objectstorage.py
[2025-12-21T07:02:27.422+0000] {logging_mixin.py:188} INFO - [2025-12-21T07:02:27.421+0000] {dag.py:3047} INFO - Sync 1 DAGs
[2025-12-21T07:02:27.441+0000] {logging_mixin.py:188} INFO - [2025-12-21T07:02:27.440+0000] {dag.py:3834} INFO - Setting next_dagrun for tutorial_objectstorage to None, run_after=None
[2025-12-21T07:02:27.466+0000] {processor.py:183} INFO - Processing /home/airflow/.local/lib/python3.8/site-packages/airflow/example_dags/tutorial_objectstorage.py took 0.094 seconds
[2025-12-21T07:02:58.129+0000] {processor.py:161} INFO - Started process (PID=519) to work on /home/airflow/.local/lib/python3.8/site-packages/airflow/example_dags/tutorial_objectstorage.py
[2025-12-21T07:02:58.132+0000] {processor.py:830} INFO - Processing file /home/airflow/.local/lib/python3.8/site-packages/airflow/example_dags/tutorial_objectstorage.py for tasks to queue
[2025-12-21T07:02:58.136+0000] {logging_mixin.py:188} INFO - [2025-12-21T07:02:58.135+0000] {dagbag.py:540} INFO - Filling up the DagBag from /home/airflow/.local/lib/python3.8/site-packages/airflow/example_dags/tutorial_objectstorage.py
[2025-12-21T07:02:58.150+0000] {processor.py:840} INFO - DAG(s) 'tutorial_objectstorage' retrieved from /home/airflow/.local/lib/python3.8/site-packages/airflow/example_dags/tutorial_objectstorage.py
[2025-12-21T07:02:58.195+0000] {logging_mixin.py:188} INFO - [2025-12-21T07:02:58.194+0000] {dag.py:3047} INFO - Sync 1 DAGs
[2025-12-21T07:02:58.225+0000] {logging_mixin.py:188} INFO - [2025-12-21T07:02:58.224+0000] {dag.py:3834} INFO - Setting next_dagrun for tutorial_objectstorage to None, run_after=None
[2025-12-21T07:02:58.275+0000] {processor.py:183} INFO - Processing /home/airflow/.local/lib/python3.8/site-packages/airflow/example_dags/tutorial_objectstorage.py took 0.151 seconds
[2025-12-21T07:03:28.399+0000] {processor.py:161} INFO - Started process (PID=575) to work on /home/airflow/.local/lib/python3.8/site-packages/airflow/example_dags/tutorial_objectstorage.py
[2025-12-21T07:03:28.400+0000] {processor.py:830} INFO - Processing file /home/airflow/.local/lib/python3.8/site-packages/airflow/example_dags/tutorial_objectstorage.py for tasks to queue
[2025-12-21T07:03:28.403+0000] {logging_mixin.py:188} INFO - [2025-12-21T07:03:28.402+0000] {dagbag.py:540} INFO - Filling up the DagBag from /home/airflow/.local/lib/python3.8/site-packages/airflow/example_dags/tutorial_objectstorage.py
[2025-12-21T07:03:28.410+0000] {processor.py:840} INFO - DAG(s) 'tutorial_objectstorage' retrieved from /home/airflow/.local/lib/python3.8/site-packages/airflow/example_dags/tutorial_objectstorage.py
[2025-12-21T07:03:28.432+0000] {logging_mixin.py:188} INFO - [2025-12-21T07:03:28.431+0000] {dag.py:3047} INFO - Sync 1 DAGs
[2025-12-21T07:03:28.446+0000] {logging_mixin.py:188} INFO - [2025-12-21T07:03:28.445+0000] {dag.py:3834} INFO - Setting next_dagrun for tutorial_objectstorage to None, run_after=None
[2025-12-21T07:03:28.466+0000] {processor.py:183} INFO - Processing /home/airflow/.local/lib/python3.8/site-packages/airflow/example_dags/tutorial_objectstorage.py took 0.071 seconds
[2025-12-21T07:03:58.805+0000] {processor.py:161} INFO - Started process (PID=631) to work on /home/airflow/.local/lib/python3.8/site-packages/airflow/example_dags/tutorial_objectstorage.py
[2025-12-21T07:03:58.807+0000] {processor.py:830} INFO - Processing file /home/airflow/.local/lib/python3.8/site-packages/airflow/example_dags/tutorial_objectstorage.py for tasks to queue
[2025-12-21T07:03:58.814+0000] {logging_mixin.py:188} INFO - [2025-12-21T07:03:58.813+0000] {dagbag.py:540} INFO - Filling up the DagBag from /home/airflow/.local/lib/python3.8/site-packages/airflow/example_dags/tutorial_objectstorage.py
[2025-12-21T07:03:58.823+0000] {processor.py:840} INFO - DAG(s) 'tutorial_objectstorage' retrieved from /home/airflow/.local/lib/python3.8/site-packages/airflow/example_dags/tutorial_objectstorage.py
[2025-12-21T07:03:58.847+0000] {logging_mixin.py:188} INFO - [2025-12-21T07:03:58.847+0000] {dag.py:3047} INFO - Sync 1 DAGs
[2025-12-21T07:03:58.862+0000] {logging_mixin.py:188} INFO - [2025-12-21T07:03:58.862+0000] {dag.py:3834} INFO - Setting next_dagrun for tutorial_objectstorage to None, run_after=None
[2025-12-21T07:03:58.890+0000] {processor.py:183} INFO - Processing /home/airflow/.local/lib/python3.8/site-packages/airflow/example_dags/tutorial_objectstorage.py took 0.089 seconds
[2025-12-21T07:04:29.706+0000] {processor.py:161} INFO - Started process (PID=687) to work on /home/airflow/.local/lib/python3.8/site-packages/airflow/example_dags/tutorial_objectstorage.py
[2025-12-21T07:04:29.708+0000] {processor.py:830} INFO - Processing file /home/airflow/.local/lib/python3.8/site-packages/airflow/example_dags/tutorial_objectstorage.py for tasks to queue
[2025-12-21T07:04:29.710+0000] {logging_mixin.py:188} INFO - [2025-12-21T07:04:29.710+0000] {dagbag.py:540} INFO - Filling up the DagBag from /home/airflow/.local/lib/python3.8/site-packages/airflow/example_dags/tutorial_objectstorage.py
[2025-12-21T07:04:29.719+0000] {processor.py:840} INFO - DAG(s) 'tutorial_objectstorage' retrieved from /home/airflow/.local/lib/python3.8/site-packages/airflow/example_dags/tutorial_objectstorage.py
[2025-12-21T07:04:29.742+0000] {logging_mixin.py:188} INFO - [2025-12-21T07:04:29.742+0000] {dag.py:3047} INFO - Sync 1 DAGs
[2025-12-21T07:04:29.757+0000] {logging_mixin.py:188} INFO - [2025-12-21T07:04:29.757+0000] {dag.py:3834} INFO - Setting next_dagrun for tutorial_objectstorage to None, run_after=None
[2025-12-21T07:04:29.784+0000] {processor.py:183} INFO - Processing /home/airflow/.local/lib/python3.8/site-packages/airflow/example_dags/tutorial_objectstorage.py took 0.082 seconds
[2025-12-21T07:04:59.951+0000] {processor.py:161} INFO - Started process (PID=743) to work on /home/airflow/.local/lib/python3.8/site-packages/airflow/example_dags/tutorial_objectstorage.py
[2025-12-21T07:04:59.952+0000] {processor.py:830} INFO - Processing file /home/airflow/.local/lib/python3.8/site-packages/airflow/example_dags/tutorial_objectstorage.py for tasks to queue
[2025-12-21T07:04:59.954+0000] {logging_mixin.py:188} INFO - [2025-12-21T07:04:59.954+0000] {dagbag.py:540} INFO - Filling up the DagBag from /home/airflow/.local/lib/python3.8/site-packages/airflow/example_dags/tutorial_objectstorage.py
[2025-12-21T07:04:59.961+0000] {processor.py:840} INFO - DAG(s) 'tutorial_objectstorage' retrieved from /home/airflow/.local/lib/python3.8/site-packages/airflow/example_dags/tutorial_objectstorage.py
[2025-12-21T07:04:59.984+0000] {logging_mixin.py:188} INFO - [2025-12-21T07:04:59.983+0000] {dag.py:3047} INFO - Sync 1 DAGs
[2025-12-21T07:04:59.996+0000] {logging_mixin.py:188} INFO - [2025-12-21T07:04:59.996+0000] {dag.py:3834} INFO - Setting next_dagrun for tutorial_objectstorage to None, run_after=None
[2025-12-21T07:05:00.020+0000] {processor.py:183} INFO - Processing /home/airflow/.local/lib/python3.8/site-packages/airflow/example_dags/tutorial_objectstorage.py took 0.073 seconds
[2025-12-21T07:05:30.532+0000] {processor.py:161} INFO - Started process (PID=799) to work on /home/airflow/.local/lib/python3.8/site-packages/airflow/example_dags/tutorial_objectstorage.py
[2025-12-21T07:05:30.533+0000] {processor.py:830} INFO - Processing file /home/airflow/.local/lib/python3.8/site-packages/airflow/example_dags/tutorial_objectstorage.py for tasks to queue
[2025-12-21T07:05:30.536+0000] {logging_mixin.py:188} INFO - [2025-12-21T07:05:30.536+0000] {dagbag.py:540} INFO - Filling up the DagBag from /home/airflow/.local/lib/python3.8/site-packages/airflow/example_dags/tutorial_objectstorage.py
[2025-12-21T07:05:30.544+0000] {processor.py:840} INFO - DAG(s) 'tutorial_objectstorage' retrieved from /home/airflow/.local/lib/python3.8/site-packages/airflow/example_dags/tutorial_objectstorage.py
[2025-12-21T07:05:30.564+0000] {logging_mixin.py:188} INFO - [2025-12-21T07:05:30.563+0000] {dag.py:3047} INFO - Sync 1 DAGs
[2025-12-21T07:05:30.575+0000] {logging_mixin.py:188} INFO - [2025-12-21T07:05:30.575+0000] {dag.py:3834} INFO - Setting next_dagrun for tutorial_objectstorage to None, run_after=None
[2025-12-21T07:05:30.594+0000] {processor.py:183} INFO - Processing /home/airflow/.local/lib/python3.8/site-packages/airflow/example_dags/tutorial_objectstorage.py took 0.066 seconds
[2025-12-21T07:06:00.713+0000] {processor.py:161} INFO - Started process (PID=855) to work on /home/airflow/.local/lib/python3.8/site-packages/airflow/example_dags/tutorial_objectstorage.py
[2025-12-21T07:06:00.714+0000] {processor.py:830} INFO - Processing file /home/airflow/.local/lib/python3.8/site-packages/airflow/example_dags/tutorial_objectstorage.py for tasks to queue
[2025-12-21T07:06:00.717+0000] {logging_mixin.py:188} INFO - [2025-12-21T07:06:00.716+0000] {dagbag.py:540} INFO - Filling up the DagBag from /home/airflow/.local/lib/python3.8/site-packages/airflow/example_dags/tutorial_objectstorage.py
[2025-12-21T07:06:00.724+0000] {processor.py:840} INFO - DAG(s) 'tutorial_objectstorage' retrieved from /home/airflow/.local/lib/python3.8/site-packages/airflow/example_dags/tutorial_objectstorage.py
[2025-12-21T07:06:00.746+0000] {logging_mixin.py:188} INFO - [2025-12-21T07:06:00.745+0000] {dag.py:3047} INFO - Sync 1 DAGs
[2025-12-21T07:06:00.758+0000] {logging_mixin.py:188} INFO - [2025-12-21T07:06:00.757+0000] {dag.py:3834} INFO - Setting next_dagrun for tutorial_objectstorage to None, run_after=None
[2025-12-21T07:06:00.777+0000] {processor.py:183} INFO - Processing /home/airflow/.local/lib/python3.8/site-packages/airflow/example_dags/tutorial_objectstorage.py took 0.068 seconds
[2025-12-21T07:06:30.887+0000] {processor.py:161} INFO - Started process (PID=911) to work on /home/airflow/.local/lib/python3.8/site-packages/airflow/example_dags/tutorial_objectstorage.py
[2025-12-21T07:06:30.888+0000] {processor.py:830} INFO - Processing file /home/airflow/.local/lib/python3.8/site-packages/airflow/example_dags/tutorial_objectstorage.py for tasks to queue
[2025-12-21T07:06:30.892+0000] {logging_mixin.py:188} INFO - [2025-12-21T07:06:30.891+0000] {dagbag.py:540} INFO - Filling up the DagBag from /home/airflow/.local/lib/python3.8/site-packages/airflow/example_dags/tutorial_objectstorage.py
[2025-12-21T07:06:30.900+0000] {processor.py:840} INFO - DAG(s) 'tutorial_objectstorage' retrieved from /home/airflow/.local/lib/python3.8/site-packages/airflow/example_dags/tutorial_objectstorage.py
[2025-12-21T07:06:30.922+0000] {logging_mixin.py:188} INFO - [2025-12-21T07:06:30.922+0000] {dag.py:3047} INFO - Sync 1 DAGs
[2025-12-21T07:06:30.935+0000] {logging_mixin.py:188} INFO - [2025-12-21T07:06:30.935+0000] {dag.py:3834} INFO - Setting next_dagrun for tutorial_objectstorage to None, run_after=None
[2025-12-21T07:06:30.956+0000] {processor.py:183} INFO - Processing /home/airflow/.local/lib/python3.8/site-packages/airflow/example_dags/tutorial_objectstorage.py took 0.073 seconds
[2025-12-21T07:07:01.363+0000] {processor.py:161} INFO - Started process (PID=967) to work on /home/airflow/.local/lib/python3.8/site-packages/airflow/example_dags/tutorial_objectstorage.py
[2025-12-21T07:07:01.365+0000] {processor.py:830} INFO - Processing file /home/airflow/.local/lib/python3.8/site-packages/airflow/example_dags/tutorial_objectstorage.py for tasks to queue
[2025-12-21T07:07:01.367+0000] {logging_mixin.py:188} INFO - [2025-12-21T07:07:01.367+0000] {dagbag.py:540} INFO - Filling up the DagBag from /home/airflow/.local/lib/python3.8/site-packages/airflow/example_dags/tutorial_objectstorage.py
[2025-12-21T07:07:01.375+0000] {processor.py:840} INFO - DAG(s) 'tutorial_objectstorage' retrieved from /home/airflow/.local/lib/python3.8/site-packages/airflow/example_dags/tutorial_objectstorage.py
[2025-12-21T07:07:01.398+0000] {logging_mixin.py:188} INFO - [2025-12-21T07:07:01.397+0000] {dag.py:3047} INFO - Sync 1 DAGs
[2025-12-21T07:07:01.414+0000] {logging_mixin.py:188} INFO - [2025-12-21T07:07:01.414+0000] {dag.py:3834} INFO - Setting next_dagrun for tutorial_objectstorage to None, run_after=None
[2025-12-21T07:07:01.440+0000] {processor.py:183} INFO - Processing /home/airflow/.local/lib/python3.8/site-packages/airflow/example_dags/tutorial_objectstorage.py took 0.081 seconds
[2025-12-21T07:07:31.699+0000] {processor.py:161} INFO - Started process (PID=1023) to work on /home/airflow/.local/lib/python3.8/site-packages/airflow/example_dags/tutorial_objectstorage.py
[2025-12-21T07:07:31.700+0000] {processor.py:830} INFO - Processing file /home/airflow/.local/lib/python3.8/site-packages/airflow/example_dags/tutorial_objectstorage.py for tasks to queue
[2025-12-21T07:07:31.702+0000] {logging_mixin.py:188} INFO - [2025-12-21T07:07:31.702+0000] {dagbag.py:540} INFO - Filling up the DagBag from /home/airflow/.local/lib/python3.8/site-packages/airflow/example_dags/tutorial_objectstorage.py
[2025-12-21T07:07:31.710+0000] {processor.py:840} INFO - DAG(s) 'tutorial_objectstorage' retrieved from /home/airflow/.local/lib/python3.8/site-packages/airflow/example_dags/tutorial_objectstorage.py
[2025-12-21T07:07:31.734+0000] {logging_mixin.py:188} INFO - [2025-12-21T07:07:31.734+0000] {dag.py:3047} INFO - Sync 1 DAGs
[2025-12-21T07:07:31.748+0000] {logging_mixin.py:188} INFO - [2025-12-21T07:07:31.748+0000] {dag.py:3834} INFO - Setting next_dagrun for tutorial_objectstorage to None, run_after=None
[2025-12-21T07:07:31.770+0000] {processor.py:183} INFO - Processing /home/airflow/.local/lib/python3.8/site-packages/airflow/example_dags/tutorial_objectstorage.py took 0.076 seconds
[2025-12-21T07:08:02.671+0000] {processor.py:161} INFO - Started process (PID=1079) to work on /home/airflow/.local/lib/python3.8/site-packages/airflow/example_dags/tutorial_objectstorage.py
[2025-12-21T07:08:02.673+0000] {processor.py:830} INFO - Processing file /home/airflow/.local/lib/python3.8/site-packages/airflow/example_dags/tutorial_objectstorage.py for tasks to queue
[2025-12-21T07:08:02.675+0000] {logging_mixin.py:188} INFO - [2025-12-21T07:08:02.675+0000] {dagbag.py:540} INFO - Filling up the DagBag from /home/airflow/.local/lib/python3.8/site-packages/airflow/example_dags/tutorial_objectstorage.py
[2025-12-21T07:08:02.683+0000] {processor.py:840} INFO - DAG(s) 'tutorial_objectstorage' retrieved from /home/airflow/.local/lib/python3.8/site-packages/airflow/example_dags/tutorial_objectstorage.py
[2025-12-21T07:08:02.707+0000] {logging_mixin.py:188} INFO - [2025-12-21T07:08:02.706+0000] {dag.py:3047} INFO - Sync 1 DAGs
[2025-12-21T07:08:02.719+0000] {logging_mixin.py:188} INFO - [2025-12-21T07:08:02.719+0000] {dag.py:3834} INFO - Setting next_dagrun for tutorial_objectstorage to None, run_after=None
[2025-12-21T07:08:02.740+0000] {processor.py:183} INFO - Processing /home/airflow/.local/lib/python3.8/site-packages/airflow/example_dags/tutorial_objectstorage.py took 0.073 seconds
[2025-12-21T07:08:33.613+0000] {processor.py:161} INFO - Started process (PID=1135) to work on /home/airflow/.local/lib/python3.8/site-packages/airflow/example_dags/tutorial_objectstorage.py
[2025-12-21T07:08:33.615+0000] {processor.py:830} INFO - Processing file /home/airflow/.local/lib/python3.8/site-packages/airflow/example_dags/tutorial_objectstorage.py for tasks to queue
[2025-12-21T07:08:33.618+0000] {logging_mixin.py:188} INFO - [2025-12-21T07:08:33.617+0000] {dagbag.py:540} INFO - Filling up the DagBag from /home/airflow/.local/lib/python3.8/site-packages/airflow/example_dags/tutorial_objectstorage.py
[2025-12-21T07:08:33.627+0000] {processor.py:840} INFO - DAG(s) 'tutorial_objectstorage' retrieved from /home/airflow/.local/lib/python3.8/site-packages/airflow/example_dags/tutorial_objectstorage.py
[2025-12-21T07:08:33.655+0000] {logging_mixin.py:188} INFO - [2025-12-21T07:08:33.654+0000] {dag.py:3047} INFO - Sync 1 DAGs
[2025-12-21T07:08:33.669+0000] {logging_mixin.py:188} INFO - [2025-12-21T07:08:33.668+0000] {dag.py:3834} INFO - Setting next_dagrun for tutorial_objectstorage to None, run_after=None
[2025-12-21T07:08:33.689+0000] {processor.py:183} INFO - Processing /home/airflow/.local/lib/python3.8/site-packages/airflow/example_dags/tutorial_objectstorage.py took 0.081 seconds
[2025-12-21T07:11:44.242+0000] {processor.py:161} INFO - Started process (PID=82) to work on /home/airflow/.local/lib/python3.8/site-packages/airflow/example_dags/tutorial_objectstorage.py
[2025-12-21T07:11:44.244+0000] {processor.py:830} INFO - Processing file /home/airflow/.local/lib/python3.8/site-packages/airflow/example_dags/tutorial_objectstorage.py for tasks to queue
[2025-12-21T07:11:44.253+0000] {logging_mixin.py:188} INFO - [2025-12-21T07:11:44.252+0000] {dagbag.py:540} INFO - Filling up the DagBag from /home/airflow/.local/lib/python3.8/site-packages/airflow/example_dags/tutorial_objectstorage.py
[2025-12-21T07:11:44.275+0000] {processor.py:840} INFO - DAG(s) 'tutorial_objectstorage' retrieved from /home/airflow/.local/lib/python3.8/site-packages/airflow/example_dags/tutorial_objectstorage.py
[2025-12-21T07:11:44.296+0000] {logging_mixin.py:188} INFO - [2025-12-21T07:11:44.296+0000] {dag.py:3047} INFO - Sync 1 DAGs
[2025-12-21T07:11:44.326+0000] {logging_mixin.py:188} INFO - [2025-12-21T07:11:44.326+0000] {dag.py:3834} INFO - Setting next_dagrun for tutorial_objectstorage to None, run_after=None
[2025-12-21T07:11:44.369+0000] {processor.py:183} INFO - Processing /home/airflow/.local/lib/python3.8/site-packages/airflow/example_dags/tutorial_objectstorage.py took 0.144 seconds
[2025-12-21T07:12:15.362+0000] {processor.py:161} INFO - Started process (PID=138) to work on /home/airflow/.local/lib/python3.8/site-packages/airflow/example_dags/tutorial_objectstorage.py
[2025-12-21T07:12:15.363+0000] {processor.py:830} INFO - Processing file /home/airflow/.local/lib/python3.8/site-packages/airflow/example_dags/tutorial_objectstorage.py for tasks to queue
[2025-12-21T07:12:15.365+0000] {logging_mixin.py:188} INFO - [2025-12-21T07:12:15.365+0000] {dagbag.py:540} INFO - Filling up the DagBag from /home/airflow/.local/lib/python3.8/site-packages/airflow/example_dags/tutorial_objectstorage.py
[2025-12-21T07:12:15.372+0000] {processor.py:840} INFO - DAG(s) 'tutorial_objectstorage' retrieved from /home/airflow/.local/lib/python3.8/site-packages/airflow/example_dags/tutorial_objectstorage.py
[2025-12-21T07:12:15.480+0000] {logging_mixin.py:188} INFO - [2025-12-21T07:12:15.480+0000] {dag.py:3047} INFO - Sync 1 DAGs
[2025-12-21T07:12:15.497+0000] {logging_mixin.py:188} INFO - [2025-12-21T07:12:15.497+0000] {dag.py:3834} INFO - Setting next_dagrun for tutorial_objectstorage to None, run_after=None
[2025-12-21T07:12:15.530+0000] {processor.py:183} INFO - Processing /home/airflow/.local/lib/python3.8/site-packages/airflow/example_dags/tutorial_objectstorage.py took 0.171 seconds
[2025-12-21T07:12:46.152+0000] {processor.py:161} INFO - Started process (PID=194) to work on /home/airflow/.local/lib/python3.8/site-packages/airflow/example_dags/tutorial_objectstorage.py
[2025-12-21T07:12:46.154+0000] {processor.py:830} INFO - Processing file /home/airflow/.local/lib/python3.8/site-packages/airflow/example_dags/tutorial_objectstorage.py for tasks to queue
[2025-12-21T07:12:46.158+0000] {logging_mixin.py:188} INFO - [2025-12-21T07:12:46.157+0000] {dagbag.py:540} INFO - Filling up the DagBag from /home/airflow/.local/lib/python3.8/site-packages/airflow/example_dags/tutorial_objectstorage.py
[2025-12-21T07:12:46.167+0000] {processor.py:840} INFO - DAG(s) 'tutorial_objectstorage' retrieved from /home/airflow/.local/lib/python3.8/site-packages/airflow/example_dags/tutorial_objectstorage.py
[2025-12-21T07:12:46.195+0000] {logging_mixin.py:188} INFO - [2025-12-21T07:12:46.195+0000] {dag.py:3047} INFO - Sync 1 DAGs
[2025-12-21T07:12:46.217+0000] {logging_mixin.py:188} INFO - [2025-12-21T07:12:46.216+0000] {dag.py:3834} INFO - Setting next_dagrun for tutorial_objectstorage to None, run_after=None
[2025-12-21T07:12:46.252+0000] {processor.py:183} INFO - Processing /home/airflow/.local/lib/python3.8/site-packages/airflow/example_dags/tutorial_objectstorage.py took 0.104 seconds
[2025-12-21T07:13:16.543+0000] {processor.py:161} INFO - Started process (PID=250) to work on /home/airflow/.local/lib/python3.8/site-packages/airflow/example_dags/tutorial_objectstorage.py
[2025-12-21T07:13:16.545+0000] {processor.py:830} INFO - Processing file /home/airflow/.local/lib/python3.8/site-packages/airflow/example_dags/tutorial_objectstorage.py for tasks to queue
[2025-12-21T07:13:16.548+0000] {logging_mixin.py:188} INFO - [2025-12-21T07:13:16.547+0000] {dagbag.py:540} INFO - Filling up the DagBag from /home/airflow/.local/lib/python3.8/site-packages/airflow/example_dags/tutorial_objectstorage.py
[2025-12-21T07:13:16.556+0000] {processor.py:840} INFO - DAG(s) 'tutorial_objectstorage' retrieved from /home/airflow/.local/lib/python3.8/site-packages/airflow/example_dags/tutorial_objectstorage.py
[2025-12-21T07:13:16.581+0000] {logging_mixin.py:188} INFO - [2025-12-21T07:13:16.580+0000] {dag.py:3047} INFO - Sync 1 DAGs
[2025-12-21T07:13:16.598+0000] {logging_mixin.py:188} INFO - [2025-12-21T07:13:16.598+0000] {dag.py:3834} INFO - Setting next_dagrun for tutorial_objectstorage to None, run_after=None
[2025-12-21T07:13:16.622+0000] {processor.py:183} INFO - Processing /home/airflow/.local/lib/python3.8/site-packages/airflow/example_dags/tutorial_objectstorage.py took 0.085 seconds
[2025-12-21T07:13:47.358+0000] {processor.py:161} INFO - Started process (PID=306) to work on /home/airflow/.local/lib/python3.8/site-packages/airflow/example_dags/tutorial_objectstorage.py
[2025-12-21T07:13:47.360+0000] {processor.py:830} INFO - Processing file /home/airflow/.local/lib/python3.8/site-packages/airflow/example_dags/tutorial_objectstorage.py for tasks to queue
[2025-12-21T07:13:47.363+0000] {logging_mixin.py:188} INFO - [2025-12-21T07:13:47.362+0000] {dagbag.py:540} INFO - Filling up the DagBag from /home/airflow/.local/lib/python3.8/site-packages/airflow/example_dags/tutorial_objectstorage.py
[2025-12-21T07:13:47.371+0000] {processor.py:840} INFO - DAG(s) 'tutorial_objectstorage' retrieved from /home/airflow/.local/lib/python3.8/site-packages/airflow/example_dags/tutorial_objectstorage.py
[2025-12-21T07:13:47.397+0000] {logging_mixin.py:188} INFO - [2025-12-21T07:13:47.397+0000] {dag.py:3047} INFO - Sync 1 DAGs
[2025-12-21T07:13:47.414+0000] {logging_mixin.py:188} INFO - [2025-12-21T07:13:47.414+0000] {dag.py:3834} INFO - Setting next_dagrun for tutorial_objectstorage to None, run_after=None
[2025-12-21T07:13:47.441+0000] {processor.py:183} INFO - Processing /home/airflow/.local/lib/python3.8/site-packages/airflow/example_dags/tutorial_objectstorage.py took 0.087 seconds
[2025-12-21T07:14:18.049+0000] {processor.py:161} INFO - Started process (PID=362) to work on /home/airflow/.local/lib/python3.8/site-packages/airflow/example_dags/tutorial_objectstorage.py
[2025-12-21T07:14:18.050+0000] {processor.py:830} INFO - Processing file /home/airflow/.local/lib/python3.8/site-packages/airflow/example_dags/tutorial_objectstorage.py for tasks to queue
[2025-12-21T07:14:18.053+0000] {logging_mixin.py:188} INFO - [2025-12-21T07:14:18.052+0000] {dagbag.py:540} INFO - Filling up the DagBag from /home/airflow/.local/lib/python3.8/site-packages/airflow/example_dags/tutorial_objectstorage.py
[2025-12-21T07:14:18.062+0000] {processor.py:840} INFO - DAG(s) 'tutorial_objectstorage' retrieved from /home/airflow/.local/lib/python3.8/site-packages/airflow/example_dags/tutorial_objectstorage.py
[2025-12-21T07:14:18.083+0000] {logging_mixin.py:188} INFO - [2025-12-21T07:14:18.083+0000] {dag.py:3047} INFO - Sync 1 DAGs
[2025-12-21T07:14:18.096+0000] {logging_mixin.py:188} INFO - [2025-12-21T07:14:18.096+0000] {dag.py:3834} INFO - Setting next_dagrun for tutorial_objectstorage to None, run_after=None
[2025-12-21T07:14:18.119+0000] {processor.py:183} INFO - Processing /home/airflow/.local/lib/python3.8/site-packages/airflow/example_dags/tutorial_objectstorage.py took 0.074 seconds
[2025-12-21T07:14:48.845+0000] {processor.py:161} INFO - Started process (PID=418) to work on /home/airflow/.local/lib/python3.8/site-packages/airflow/example_dags/tutorial_objectstorage.py
[2025-12-21T07:14:48.847+0000] {processor.py:830} INFO - Processing file /home/airflow/.local/lib/python3.8/site-packages/airflow/example_dags/tutorial_objectstorage.py for tasks to queue
[2025-12-21T07:14:48.850+0000] {logging_mixin.py:188} INFO - [2025-12-21T07:14:48.849+0000] {dagbag.py:540} INFO - Filling up the DagBag from /home/airflow/.local/lib/python3.8/site-packages/airflow/example_dags/tutorial_objectstorage.py
[2025-12-21T07:14:48.861+0000] {processor.py:840} INFO - DAG(s) 'tutorial_objectstorage' retrieved from /home/airflow/.local/lib/python3.8/site-packages/airflow/example_dags/tutorial_objectstorage.py
[2025-12-21T07:14:48.889+0000] {logging_mixin.py:188} INFO - [2025-12-21T07:14:48.889+0000] {dag.py:3047} INFO - Sync 1 DAGs
[2025-12-21T07:14:48.904+0000] {logging_mixin.py:188} INFO - [2025-12-21T07:14:48.904+0000] {dag.py:3834} INFO - Setting next_dagrun for tutorial_objectstorage to None, run_after=None
[2025-12-21T07:14:48.930+0000] {processor.py:183} INFO - Processing /home/airflow/.local/lib/python3.8/site-packages/airflow/example_dags/tutorial_objectstorage.py took 0.090 seconds
[2025-12-21T07:15:19.070+0000] {processor.py:161} INFO - Started process (PID=474) to work on /home/airflow/.local/lib/python3.8/site-packages/airflow/example_dags/tutorial_objectstorage.py
[2025-12-21T07:15:19.072+0000] {processor.py:830} INFO - Processing file /home/airflow/.local/lib/python3.8/site-packages/airflow/example_dags/tutorial_objectstorage.py for tasks to queue
[2025-12-21T07:15:19.078+0000] {logging_mixin.py:188} INFO - [2025-12-21T07:15:19.078+0000] {dagbag.py:540} INFO - Filling up the DagBag from /home/airflow/.local/lib/python3.8/site-packages/airflow/example_dags/tutorial_objectstorage.py
[2025-12-21T07:15:19.087+0000] {processor.py:840} INFO - DAG(s) 'tutorial_objectstorage' retrieved from /home/airflow/.local/lib/python3.8/site-packages/airflow/example_dags/tutorial_objectstorage.py
[2025-12-21T07:15:19.110+0000] {logging_mixin.py:188} INFO - [2025-12-21T07:15:19.110+0000] {dag.py:3047} INFO - Sync 1 DAGs
[2025-12-21T07:15:19.122+0000] {logging_mixin.py:188} INFO - [2025-12-21T07:15:19.122+0000] {dag.py:3834} INFO - Setting next_dagrun for tutorial_objectstorage to None, run_after=None
[2025-12-21T07:15:19.143+0000] {processor.py:183} INFO - Processing /home/airflow/.local/lib/python3.8/site-packages/airflow/example_dags/tutorial_objectstorage.py took 0.078 seconds
[2025-12-21T07:15:49.352+0000] {processor.py:161} INFO - Started process (PID=530) to work on /home/airflow/.local/lib/python3.8/site-packages/airflow/example_dags/tutorial_objectstorage.py
[2025-12-21T07:15:49.353+0000] {processor.py:830} INFO - Processing file /home/airflow/.local/lib/python3.8/site-packages/airflow/example_dags/tutorial_objectstorage.py for tasks to queue
[2025-12-21T07:15:49.356+0000] {logging_mixin.py:188} INFO - [2025-12-21T07:15:49.356+0000] {dagbag.py:540} INFO - Filling up the DagBag from /home/airflow/.local/lib/python3.8/site-packages/airflow/example_dags/tutorial_objectstorage.py
[2025-12-21T07:15:49.364+0000] {processor.py:840} INFO - DAG(s) 'tutorial_objectstorage' retrieved from /home/airflow/.local/lib/python3.8/site-packages/airflow/example_dags/tutorial_objectstorage.py
[2025-12-21T07:15:49.387+0000] {logging_mixin.py:188} INFO - [2025-12-21T07:15:49.386+0000] {dag.py:3047} INFO - Sync 1 DAGs
[2025-12-21T07:15:49.400+0000] {logging_mixin.py:188} INFO - [2025-12-21T07:15:49.399+0000] {dag.py:3834} INFO - Setting next_dagrun for tutorial_objectstorage to None, run_after=None
[2025-12-21T07:15:49.421+0000] {processor.py:183} INFO - Processing /home/airflow/.local/lib/python3.8/site-packages/airflow/example_dags/tutorial_objectstorage.py took 0.073 seconds
[2025-12-21T07:16:20.557+0000] {processor.py:161} INFO - Started process (PID=586) to work on /home/airflow/.local/lib/python3.8/site-packages/airflow/example_dags/tutorial_objectstorage.py
[2025-12-21T07:16:20.558+0000] {processor.py:830} INFO - Processing file /home/airflow/.local/lib/python3.8/site-packages/airflow/example_dags/tutorial_objectstorage.py for tasks to queue
[2025-12-21T07:16:20.560+0000] {logging_mixin.py:188} INFO - [2025-12-21T07:16:20.560+0000] {dagbag.py:540} INFO - Filling up the DagBag from /home/airflow/.local/lib/python3.8/site-packages/airflow/example_dags/tutorial_objectstorage.py
[2025-12-21T07:16:20.569+0000] {processor.py:840} INFO - DAG(s) 'tutorial_objectstorage' retrieved from /home/airflow/.local/lib/python3.8/site-packages/airflow/example_dags/tutorial_objectstorage.py
[2025-12-21T07:16:20.594+0000] {logging_mixin.py:188} INFO - [2025-12-21T07:16:20.594+0000] {dag.py:3047} INFO - Sync 1 DAGs
[2025-12-21T07:16:20.609+0000] {logging_mixin.py:188} INFO - [2025-12-21T07:16:20.608+0000] {dag.py:3834} INFO - Setting next_dagrun for tutorial_objectstorage to None, run_after=None
[2025-12-21T07:16:20.634+0000] {processor.py:183} INFO - Processing /home/airflow/.local/lib/python3.8/site-packages/airflow/example_dags/tutorial_objectstorage.py took 0.081 seconds
[2025-12-21T07:16:51.239+0000] {processor.py:161} INFO - Started process (PID=642) to work on /home/airflow/.local/lib/python3.8/site-packages/airflow/example_dags/tutorial_objectstorage.py
[2025-12-21T07:16:51.240+0000] {processor.py:830} INFO - Processing file /home/airflow/.local/lib/python3.8/site-packages/airflow/example_dags/tutorial_objectstorage.py for tasks to queue
[2025-12-21T07:16:51.244+0000] {logging_mixin.py:188} INFO - [2025-12-21T07:16:51.243+0000] {dagbag.py:540} INFO - Filling up the DagBag from /home/airflow/.local/lib/python3.8/site-packages/airflow/example_dags/tutorial_objectstorage.py
[2025-12-21T07:16:51.252+0000] {processor.py:840} INFO - DAG(s) 'tutorial_objectstorage' retrieved from /home/airflow/.local/lib/python3.8/site-packages/airflow/example_dags/tutorial_objectstorage.py
[2025-12-21T07:16:51.278+0000] {logging_mixin.py:188} INFO - [2025-12-21T07:16:51.278+0000] {dag.py:3047} INFO - Sync 1 DAGs
[2025-12-21T07:16:51.293+0000] {logging_mixin.py:188} INFO - [2025-12-21T07:16:51.293+0000] {dag.py:3834} INFO - Setting next_dagrun for tutorial_objectstorage to None, run_after=None
[2025-12-21T07:16:51.316+0000] {processor.py:183} INFO - Processing /home/airflow/.local/lib/python3.8/site-packages/airflow/example_dags/tutorial_objectstorage.py took 0.081 seconds
[2025-12-21T07:17:21.507+0000] {processor.py:161} INFO - Started process (PID=698) to work on /home/airflow/.local/lib/python3.8/site-packages/airflow/example_dags/tutorial_objectstorage.py
[2025-12-21T07:17:21.508+0000] {processor.py:830} INFO - Processing file /home/airflow/.local/lib/python3.8/site-packages/airflow/example_dags/tutorial_objectstorage.py for tasks to queue
[2025-12-21T07:17:21.511+0000] {logging_mixin.py:188} INFO - [2025-12-21T07:17:21.510+0000] {dagbag.py:540} INFO - Filling up the DagBag from /home/airflow/.local/lib/python3.8/site-packages/airflow/example_dags/tutorial_objectstorage.py
[2025-12-21T07:17:21.519+0000] {processor.py:840} INFO - DAG(s) 'tutorial_objectstorage' retrieved from /home/airflow/.local/lib/python3.8/site-packages/airflow/example_dags/tutorial_objectstorage.py
[2025-12-21T07:17:21.541+0000] {logging_mixin.py:188} INFO - [2025-12-21T07:17:21.541+0000] {dag.py:3047} INFO - Sync 1 DAGs
[2025-12-21T07:17:21.553+0000] {logging_mixin.py:188} INFO - [2025-12-21T07:17:21.553+0000] {dag.py:3834} INFO - Setting next_dagrun for tutorial_objectstorage to None, run_after=None
[2025-12-21T07:17:21.572+0000] {processor.py:183} INFO - Processing /home/airflow/.local/lib/python3.8/site-packages/airflow/example_dags/tutorial_objectstorage.py took 0.069 seconds
[2025-12-21T07:17:51.667+0000] {processor.py:161} INFO - Started process (PID=755) to work on /home/airflow/.local/lib/python3.8/site-packages/airflow/example_dags/tutorial_objectstorage.py
[2025-12-21T07:17:51.668+0000] {processor.py:830} INFO - Processing file /home/airflow/.local/lib/python3.8/site-packages/airflow/example_dags/tutorial_objectstorage.py for tasks to queue
[2025-12-21T07:17:51.670+0000] {logging_mixin.py:188} INFO - [2025-12-21T07:17:51.670+0000] {dagbag.py:540} INFO - Filling up the DagBag from /home/airflow/.local/lib/python3.8/site-packages/airflow/example_dags/tutorial_objectstorage.py
[2025-12-21T07:17:51.678+0000] {processor.py:840} INFO - DAG(s) 'tutorial_objectstorage' retrieved from /home/airflow/.local/lib/python3.8/site-packages/airflow/example_dags/tutorial_objectstorage.py
[2025-12-21T07:17:51.701+0000] {logging_mixin.py:188} INFO - [2025-12-21T07:17:51.700+0000] {dag.py:3047} INFO - Sync 1 DAGs
[2025-12-21T07:17:51.713+0000] {logging_mixin.py:188} INFO - [2025-12-21T07:17:51.713+0000] {dag.py:3834} INFO - Setting next_dagrun for tutorial_objectstorage to None, run_after=None
[2025-12-21T07:17:51.734+0000] {processor.py:183} INFO - Processing /home/airflow/.local/lib/python3.8/site-packages/airflow/example_dags/tutorial_objectstorage.py took 0.071 seconds
[2025-12-21T07:18:22.610+0000] {processor.py:161} INFO - Started process (PID=811) to work on /home/airflow/.local/lib/python3.8/site-packages/airflow/example_dags/tutorial_objectstorage.py
[2025-12-21T07:18:22.611+0000] {processor.py:830} INFO - Processing file /home/airflow/.local/lib/python3.8/site-packages/airflow/example_dags/tutorial_objectstorage.py for tasks to queue
[2025-12-21T07:18:22.614+0000] {logging_mixin.py:188} INFO - [2025-12-21T07:18:22.613+0000] {dagbag.py:540} INFO - Filling up the DagBag from /home/airflow/.local/lib/python3.8/site-packages/airflow/example_dags/tutorial_objectstorage.py
[2025-12-21T07:18:22.621+0000] {processor.py:840} INFO - DAG(s) 'tutorial_objectstorage' retrieved from /home/airflow/.local/lib/python3.8/site-packages/airflow/example_dags/tutorial_objectstorage.py
[2025-12-21T07:18:22.644+0000] {logging_mixin.py:188} INFO - [2025-12-21T07:18:22.644+0000] {dag.py:3047} INFO - Sync 1 DAGs
[2025-12-21T07:18:22.657+0000] {logging_mixin.py:188} INFO - [2025-12-21T07:18:22.656+0000] {dag.py:3834} INFO - Setting next_dagrun for tutorial_objectstorage to None, run_after=None
[2025-12-21T07:18:22.681+0000] {processor.py:183} INFO - Processing /home/airflow/.local/lib/python3.8/site-packages/airflow/example_dags/tutorial_objectstorage.py took 0.075 seconds
[2025-12-21T07:18:53.531+0000] {processor.py:161} INFO - Started process (PID=867) to work on /home/airflow/.local/lib/python3.8/site-packages/airflow/example_dags/tutorial_objectstorage.py
[2025-12-21T07:18:53.532+0000] {processor.py:830} INFO - Processing file /home/airflow/.local/lib/python3.8/site-packages/airflow/example_dags/tutorial_objectstorage.py for tasks to queue
[2025-12-21T07:18:53.535+0000] {logging_mixin.py:188} INFO - [2025-12-21T07:18:53.534+0000] {dagbag.py:540} INFO - Filling up the DagBag from /home/airflow/.local/lib/python3.8/site-packages/airflow/example_dags/tutorial_objectstorage.py
[2025-12-21T07:18:53.543+0000] {processor.py:840} INFO - DAG(s) 'tutorial_objectstorage' retrieved from /home/airflow/.local/lib/python3.8/site-packages/airflow/example_dags/tutorial_objectstorage.py
[2025-12-21T07:18:53.567+0000] {logging_mixin.py:188} INFO - [2025-12-21T07:18:53.567+0000] {dag.py:3047} INFO - Sync 1 DAGs
[2025-12-21T07:18:53.581+0000] {logging_mixin.py:188} INFO - [2025-12-21T07:18:53.581+0000] {dag.py:3834} INFO - Setting next_dagrun for tutorial_objectstorage to None, run_after=None
[2025-12-21T07:18:53.606+0000] {processor.py:183} INFO - Processing /home/airflow/.local/lib/python3.8/site-packages/airflow/example_dags/tutorial_objectstorage.py took 0.079 seconds
[2025-12-21T07:19:25.281+0000] {processor.py:161} INFO - Started process (PID=923) to work on /home/airflow/.local/lib/python3.8/site-packages/airflow/example_dags/tutorial_objectstorage.py
[2025-12-21T07:19:25.289+0000] {processor.py:830} INFO - Processing file /home/airflow/.local/lib/python3.8/site-packages/airflow/example_dags/tutorial_objectstorage.py for tasks to queue
[2025-12-21T07:19:25.291+0000] {logging_mixin.py:188} INFO - [2025-12-21T07:19:25.291+0000] {dagbag.py:540} INFO - Filling up the DagBag from /home/airflow/.local/lib/python3.8/site-packages/airflow/example_dags/tutorial_objectstorage.py
[2025-12-21T07:19:25.305+0000] {processor.py:840} INFO - DAG(s) 'tutorial_objectstorage' retrieved from /home/airflow/.local/lib/python3.8/site-packages/airflow/example_dags/tutorial_objectstorage.py
[2025-12-21T07:19:25.411+0000] {logging_mixin.py:188} INFO - [2025-12-21T07:19:25.410+0000] {dag.py:3047} INFO - Sync 1 DAGs
[2025-12-21T07:19:25.427+0000] {logging_mixin.py:188} INFO - [2025-12-21T07:19:25.426+0000] {dag.py:3834} INFO - Setting next_dagrun for tutorial_objectstorage to None, run_after=None
[2025-12-21T07:19:25.493+0000] {processor.py:183} INFO - Processing /home/airflow/.local/lib/python3.8/site-packages/airflow/example_dags/tutorial_objectstorage.py took 0.219 seconds
[2025-12-21T07:19:55.756+0000] {processor.py:161} INFO - Started process (PID=980) to work on /home/airflow/.local/lib/python3.8/site-packages/airflow/example_dags/tutorial_objectstorage.py
[2025-12-21T07:19:55.758+0000] {processor.py:830} INFO - Processing file /home/airflow/.local/lib/python3.8/site-packages/airflow/example_dags/tutorial_objectstorage.py for tasks to queue
[2025-12-21T07:19:55.760+0000] {logging_mixin.py:188} INFO - [2025-12-21T07:19:55.760+0000] {dagbag.py:540} INFO - Filling up the DagBag from /home/airflow/.local/lib/python3.8/site-packages/airflow/example_dags/tutorial_objectstorage.py
[2025-12-21T07:19:55.768+0000] {processor.py:840} INFO - DAG(s) 'tutorial_objectstorage' retrieved from /home/airflow/.local/lib/python3.8/site-packages/airflow/example_dags/tutorial_objectstorage.py
[2025-12-21T07:19:55.791+0000] {logging_mixin.py:188} INFO - [2025-12-21T07:19:55.791+0000] {dag.py:3047} INFO - Sync 1 DAGs
[2025-12-21T07:19:55.804+0000] {logging_mixin.py:188} INFO - [2025-12-21T07:19:55.804+0000] {dag.py:3834} INFO - Setting next_dagrun for tutorial_objectstorage to None, run_after=None
[2025-12-21T07:19:55.831+0000] {processor.py:183} INFO - Processing /home/airflow/.local/lib/python3.8/site-packages/airflow/example_dags/tutorial_objectstorage.py took 0.078 seconds
[2025-12-21T07:20:26.353+0000] {processor.py:161} INFO - Started process (PID=1036) to work on /home/airflow/.local/lib/python3.8/site-packages/airflow/example_dags/tutorial_objectstorage.py
[2025-12-21T07:20:26.355+0000] {processor.py:830} INFO - Processing file /home/airflow/.local/lib/python3.8/site-packages/airflow/example_dags/tutorial_objectstorage.py for tasks to queue
[2025-12-21T07:20:26.357+0000] {logging_mixin.py:188} INFO - [2025-12-21T07:20:26.357+0000] {dagbag.py:540} INFO - Filling up the DagBag from /home/airflow/.local/lib/python3.8/site-packages/airflow/example_dags/tutorial_objectstorage.py
[2025-12-21T07:20:26.367+0000] {processor.py:840} INFO - DAG(s) 'tutorial_objectstorage' retrieved from /home/airflow/.local/lib/python3.8/site-packages/airflow/example_dags/tutorial_objectstorage.py
[2025-12-21T07:20:26.399+0000] {logging_mixin.py:188} INFO - [2025-12-21T07:20:26.398+0000] {dag.py:3047} INFO - Sync 1 DAGs
[2025-12-21T07:20:26.424+0000] {logging_mixin.py:188} INFO - [2025-12-21T07:20:26.423+0000] {dag.py:3834} INFO - Setting next_dagrun for tutorial_objectstorage to None, run_after=None
[2025-12-21T07:20:26.456+0000] {processor.py:183} INFO - Processing /home/airflow/.local/lib/python3.8/site-packages/airflow/example_dags/tutorial_objectstorage.py took 0.106 seconds
[2025-12-21T07:20:40.596+0000] {processor.py:161} INFO - Started process (PID=71) to work on /home/airflow/.local/lib/python3.8/site-packages/airflow/example_dags/tutorial_objectstorage.py
[2025-12-21T07:20:40.597+0000] {processor.py:830} INFO - Processing file /home/airflow/.local/lib/python3.8/site-packages/airflow/example_dags/tutorial_objectstorage.py for tasks to queue
[2025-12-21T07:20:40.600+0000] {logging_mixin.py:188} INFO - [2025-12-21T07:20:40.600+0000] {dagbag.py:540} INFO - Filling up the DagBag from /home/airflow/.local/lib/python3.8/site-packages/airflow/example_dags/tutorial_objectstorage.py
[2025-12-21T07:20:40.609+0000] {processor.py:840} INFO - DAG(s) 'tutorial_objectstorage' retrieved from /home/airflow/.local/lib/python3.8/site-packages/airflow/example_dags/tutorial_objectstorage.py
[2025-12-21T07:20:40.649+0000] {logging_mixin.py:188} INFO - [2025-12-21T07:20:40.648+0000] {dag.py:3047} INFO - Sync 1 DAGs
[2025-12-21T07:20:40.669+0000] {logging_mixin.py:188} INFO - [2025-12-21T07:20:40.669+0000] {dag.py:3834} INFO - Setting next_dagrun for tutorial_objectstorage to None, run_after=None
[2025-12-21T07:20:40.694+0000] {processor.py:183} INFO - Processing /home/airflow/.local/lib/python3.8/site-packages/airflow/example_dags/tutorial_objectstorage.py took 0.102 seconds
[2025-12-21T07:21:11.714+0000] {processor.py:161} INFO - Started process (PID=127) to work on /home/airflow/.local/lib/python3.8/site-packages/airflow/example_dags/tutorial_objectstorage.py
[2025-12-21T07:21:11.716+0000] {processor.py:830} INFO - Processing file /home/airflow/.local/lib/python3.8/site-packages/airflow/example_dags/tutorial_objectstorage.py for tasks to queue
[2025-12-21T07:21:11.719+0000] {logging_mixin.py:188} INFO - [2025-12-21T07:21:11.718+0000] {dagbag.py:540} INFO - Filling up the DagBag from /home/airflow/.local/lib/python3.8/site-packages/airflow/example_dags/tutorial_objectstorage.py
[2025-12-21T07:21:11.729+0000] {processor.py:840} INFO - DAG(s) 'tutorial_objectstorage' retrieved from /home/airflow/.local/lib/python3.8/site-packages/airflow/example_dags/tutorial_objectstorage.py
[2025-12-21T07:21:11.758+0000] {logging_mixin.py:188} INFO - [2025-12-21T07:21:11.757+0000] {dag.py:3047} INFO - Sync 1 DAGs
[2025-12-21T07:21:11.780+0000] {logging_mixin.py:188} INFO - [2025-12-21T07:21:11.780+0000] {dag.py:3834} INFO - Setting next_dagrun for tutorial_objectstorage to None, run_after=None
[2025-12-21T07:21:11.809+0000] {processor.py:183} INFO - Processing /home/airflow/.local/lib/python3.8/site-packages/airflow/example_dags/tutorial_objectstorage.py took 0.100 seconds
[2025-12-21T07:22:21.578+0000] {processor.py:161} INFO - Started process (PID=78) to work on /home/airflow/.local/lib/python3.8/site-packages/airflow/example_dags/tutorial_objectstorage.py
[2025-12-21T07:22:21.580+0000] {processor.py:830} INFO - Processing file /home/airflow/.local/lib/python3.8/site-packages/airflow/example_dags/tutorial_objectstorage.py for tasks to queue
[2025-12-21T07:22:21.583+0000] {logging_mixin.py:188} INFO - [2025-12-21T07:22:21.583+0000] {dagbag.py:540} INFO - Filling up the DagBag from /home/airflow/.local/lib/python3.8/site-packages/airflow/example_dags/tutorial_objectstorage.py
[2025-12-21T07:22:21.595+0000] {processor.py:840} INFO - DAG(s) 'tutorial_objectstorage' retrieved from /home/airflow/.local/lib/python3.8/site-packages/airflow/example_dags/tutorial_objectstorage.py
[2025-12-21T07:22:21.615+0000] {logging_mixin.py:188} INFO - [2025-12-21T07:22:21.614+0000] {dag.py:3047} INFO - Sync 1 DAGs
[2025-12-21T07:22:21.632+0000] {logging_mixin.py:188} INFO - [2025-12-21T07:22:21.632+0000] {dag.py:3834} INFO - Setting next_dagrun for tutorial_objectstorage to None, run_after=None
[2025-12-21T07:22:21.659+0000] {processor.py:183} INFO - Processing /home/airflow/.local/lib/python3.8/site-packages/airflow/example_dags/tutorial_objectstorage.py took 0.086 seconds
[2025-12-21T07:22:53.035+0000] {processor.py:161} INFO - Started process (PID=141) to work on /home/airflow/.local/lib/python3.8/site-packages/airflow/example_dags/tutorial_objectstorage.py
[2025-12-21T07:22:53.037+0000] {processor.py:830} INFO - Processing file /home/airflow/.local/lib/python3.8/site-packages/airflow/example_dags/tutorial_objectstorage.py for tasks to queue
[2025-12-21T07:22:53.039+0000] {logging_mixin.py:188} INFO - [2025-12-21T07:22:53.039+0000] {dagbag.py:540} INFO - Filling up the DagBag from /home/airflow/.local/lib/python3.8/site-packages/airflow/example_dags/tutorial_objectstorage.py
[2025-12-21T07:22:53.049+0000] {processor.py:840} INFO - DAG(s) 'tutorial_objectstorage' retrieved from /home/airflow/.local/lib/python3.8/site-packages/airflow/example_dags/tutorial_objectstorage.py
[2025-12-21T07:22:53.159+0000] {logging_mixin.py:188} INFO - [2025-12-21T07:22:53.158+0000] {dag.py:3047} INFO - Sync 1 DAGs
[2025-12-21T07:22:53.170+0000] {logging_mixin.py:188} INFO - [2025-12-21T07:22:53.170+0000] {dag.py:3834} INFO - Setting next_dagrun for tutorial_objectstorage to None, run_after=None
[2025-12-21T07:22:53.194+0000] {processor.py:183} INFO - Processing /home/airflow/.local/lib/python3.8/site-packages/airflow/example_dags/tutorial_objectstorage.py took 0.163 seconds
[2025-12-21T07:28:32.399+0000] {processor.py:161} INFO - Started process (PID=86) to work on /home/airflow/.local/lib/python3.8/site-packages/airflow/example_dags/tutorial_objectstorage.py
[2025-12-21T07:28:32.401+0000] {processor.py:830} INFO - Processing file /home/airflow/.local/lib/python3.8/site-packages/airflow/example_dags/tutorial_objectstorage.py for tasks to queue
[2025-12-21T07:28:32.405+0000] {logging_mixin.py:188} INFO - [2025-12-21T07:28:32.404+0000] {dagbag.py:540} INFO - Filling up the DagBag from /home/airflow/.local/lib/python3.8/site-packages/airflow/example_dags/tutorial_objectstorage.py
[2025-12-21T07:28:32.417+0000] {processor.py:840} INFO - DAG(s) 'tutorial_objectstorage' retrieved from /home/airflow/.local/lib/python3.8/site-packages/airflow/example_dags/tutorial_objectstorage.py
[2025-12-21T07:28:32.439+0000] {logging_mixin.py:188} INFO - [2025-12-21T07:28:32.439+0000] {dag.py:3047} INFO - Sync 1 DAGs
[2025-12-21T07:28:32.465+0000] {logging_mixin.py:188} INFO - [2025-12-21T07:28:32.464+0000] {dag.py:3834} INFO - Setting next_dagrun for tutorial_objectstorage to None, run_after=None
[2025-12-21T07:28:32.502+0000] {processor.py:183} INFO - Processing /home/airflow/.local/lib/python3.8/site-packages/airflow/example_dags/tutorial_objectstorage.py took 0.109 seconds
[2025-12-21T07:29:02.680+0000] {processor.py:161} INFO - Started process (PID=142) to work on /home/airflow/.local/lib/python3.8/site-packages/airflow/example_dags/tutorial_objectstorage.py
[2025-12-21T07:29:02.681+0000] {processor.py:830} INFO - Processing file /home/airflow/.local/lib/python3.8/site-packages/airflow/example_dags/tutorial_objectstorage.py for tasks to queue
[2025-12-21T07:29:02.683+0000] {logging_mixin.py:188} INFO - [2025-12-21T07:29:02.683+0000] {dagbag.py:540} INFO - Filling up the DagBag from /home/airflow/.local/lib/python3.8/site-packages/airflow/example_dags/tutorial_objectstorage.py
[2025-12-21T07:29:02.691+0000] {processor.py:840} INFO - DAG(s) 'tutorial_objectstorage' retrieved from /home/airflow/.local/lib/python3.8/site-packages/airflow/example_dags/tutorial_objectstorage.py
[2025-12-21T07:29:02.815+0000] {logging_mixin.py:188} INFO - [2025-12-21T07:29:02.815+0000] {dag.py:3047} INFO - Sync 1 DAGs
[2025-12-21T07:29:02.829+0000] {logging_mixin.py:188} INFO - [2025-12-21T07:29:02.829+0000] {dag.py:3834} INFO - Setting next_dagrun for tutorial_objectstorage to None, run_after=None
[2025-12-21T07:29:02.857+0000] {processor.py:183} INFO - Processing /home/airflow/.local/lib/python3.8/site-packages/airflow/example_dags/tutorial_objectstorage.py took 0.181 seconds
[2025-12-21T07:29:33.609+0000] {processor.py:161} INFO - Started process (PID=198) to work on /home/airflow/.local/lib/python3.8/site-packages/airflow/example_dags/tutorial_objectstorage.py
[2025-12-21T07:29:33.611+0000] {processor.py:830} INFO - Processing file /home/airflow/.local/lib/python3.8/site-packages/airflow/example_dags/tutorial_objectstorage.py for tasks to queue
[2025-12-21T07:29:33.614+0000] {logging_mixin.py:188} INFO - [2025-12-21T07:29:33.613+0000] {dagbag.py:540} INFO - Filling up the DagBag from /home/airflow/.local/lib/python3.8/site-packages/airflow/example_dags/tutorial_objectstorage.py
[2025-12-21T07:29:33.623+0000] {processor.py:840} INFO - DAG(s) 'tutorial_objectstorage' retrieved from /home/airflow/.local/lib/python3.8/site-packages/airflow/example_dags/tutorial_objectstorage.py
[2025-12-21T07:29:33.650+0000] {logging_mixin.py:188} INFO - [2025-12-21T07:29:33.649+0000] {dag.py:3047} INFO - Sync 1 DAGs
[2025-12-21T07:29:33.669+0000] {logging_mixin.py:188} INFO - [2025-12-21T07:29:33.668+0000] {dag.py:3834} INFO - Setting next_dagrun for tutorial_objectstorage to None, run_after=None
[2025-12-21T07:29:33.692+0000] {processor.py:183} INFO - Processing /home/airflow/.local/lib/python3.8/site-packages/airflow/example_dags/tutorial_objectstorage.py took 0.087 seconds
[2025-12-21T07:30:03.988+0000] {processor.py:161} INFO - Started process (PID=253) to work on /home/airflow/.local/lib/python3.8/site-packages/airflow/example_dags/tutorial_objectstorage.py
[2025-12-21T07:30:03.989+0000] {processor.py:830} INFO - Processing file /home/airflow/.local/lib/python3.8/site-packages/airflow/example_dags/tutorial_objectstorage.py for tasks to queue
[2025-12-21T07:30:03.991+0000] {logging_mixin.py:188} INFO - [2025-12-21T07:30:03.991+0000] {dagbag.py:540} INFO - Filling up the DagBag from /home/airflow/.local/lib/python3.8/site-packages/airflow/example_dags/tutorial_objectstorage.py
[2025-12-21T07:30:04.001+0000] {processor.py:840} INFO - DAG(s) 'tutorial_objectstorage' retrieved from /home/airflow/.local/lib/python3.8/site-packages/airflow/example_dags/tutorial_objectstorage.py
[2025-12-21T07:30:04.026+0000] {logging_mixin.py:188} INFO - [2025-12-21T07:30:04.025+0000] {dag.py:3047} INFO - Sync 1 DAGs
[2025-12-21T07:30:04.043+0000] {logging_mixin.py:188} INFO - [2025-12-21T07:30:04.042+0000] {dag.py:3834} INFO - Setting next_dagrun for tutorial_objectstorage to None, run_after=None
[2025-12-21T07:30:04.069+0000] {processor.py:183} INFO - Processing /home/airflow/.local/lib/python3.8/site-packages/airflow/example_dags/tutorial_objectstorage.py took 0.085 seconds
[2025-12-21T07:30:34.257+0000] {processor.py:161} INFO - Started process (PID=309) to work on /home/airflow/.local/lib/python3.8/site-packages/airflow/example_dags/tutorial_objectstorage.py
[2025-12-21T07:30:34.259+0000] {processor.py:830} INFO - Processing file /home/airflow/.local/lib/python3.8/site-packages/airflow/example_dags/tutorial_objectstorage.py for tasks to queue
[2025-12-21T07:30:34.262+0000] {logging_mixin.py:188} INFO - [2025-12-21T07:30:34.261+0000] {dagbag.py:540} INFO - Filling up the DagBag from /home/airflow/.local/lib/python3.8/site-packages/airflow/example_dags/tutorial_objectstorage.py
[2025-12-21T07:30:34.269+0000] {processor.py:840} INFO - DAG(s) 'tutorial_objectstorage' retrieved from /home/airflow/.local/lib/python3.8/site-packages/airflow/example_dags/tutorial_objectstorage.py
[2025-12-21T07:30:34.295+0000] {logging_mixin.py:188} INFO - [2025-12-21T07:30:34.294+0000] {dag.py:3047} INFO - Sync 1 DAGs
[2025-12-21T07:30:34.310+0000] {logging_mixin.py:188} INFO - [2025-12-21T07:30:34.310+0000] {dag.py:3834} INFO - Setting next_dagrun for tutorial_objectstorage to None, run_after=None
[2025-12-21T07:30:34.338+0000] {processor.py:183} INFO - Processing /home/airflow/.local/lib/python3.8/site-packages/airflow/example_dags/tutorial_objectstorage.py took 0.084 seconds
[2025-12-21T07:31:04.574+0000] {processor.py:161} INFO - Started process (PID=365) to work on /home/airflow/.local/lib/python3.8/site-packages/airflow/example_dags/tutorial_objectstorage.py
[2025-12-21T07:31:04.576+0000] {processor.py:830} INFO - Processing file /home/airflow/.local/lib/python3.8/site-packages/airflow/example_dags/tutorial_objectstorage.py for tasks to queue
[2025-12-21T07:31:04.578+0000] {logging_mixin.py:188} INFO - [2025-12-21T07:31:04.578+0000] {dagbag.py:540} INFO - Filling up the DagBag from /home/airflow/.local/lib/python3.8/site-packages/airflow/example_dags/tutorial_objectstorage.py
[2025-12-21T07:31:04.590+0000] {processor.py:840} INFO - DAG(s) 'tutorial_objectstorage' retrieved from /home/airflow/.local/lib/python3.8/site-packages/airflow/example_dags/tutorial_objectstorage.py
[2025-12-21T07:31:04.615+0000] {logging_mixin.py:188} INFO - [2025-12-21T07:31:04.614+0000] {dag.py:3047} INFO - Sync 1 DAGs
[2025-12-21T07:31:04.630+0000] {logging_mixin.py:188} INFO - [2025-12-21T07:31:04.630+0000] {dag.py:3834} INFO - Setting next_dagrun for tutorial_objectstorage to None, run_after=None
[2025-12-21T07:31:04.661+0000] {processor.py:183} INFO - Processing /home/airflow/.local/lib/python3.8/site-packages/airflow/example_dags/tutorial_objectstorage.py took 0.091 seconds
[2025-12-21T07:31:34.799+0000] {processor.py:161} INFO - Started process (PID=421) to work on /home/airflow/.local/lib/python3.8/site-packages/airflow/example_dags/tutorial_objectstorage.py
[2025-12-21T07:31:34.801+0000] {processor.py:830} INFO - Processing file /home/airflow/.local/lib/python3.8/site-packages/airflow/example_dags/tutorial_objectstorage.py for tasks to queue
[2025-12-21T07:31:34.804+0000] {logging_mixin.py:188} INFO - [2025-12-21T07:31:34.804+0000] {dagbag.py:540} INFO - Filling up the DagBag from /home/airflow/.local/lib/python3.8/site-packages/airflow/example_dags/tutorial_objectstorage.py
[2025-12-21T07:31:34.813+0000] {processor.py:840} INFO - DAG(s) 'tutorial_objectstorage' retrieved from /home/airflow/.local/lib/python3.8/site-packages/airflow/example_dags/tutorial_objectstorage.py
[2025-12-21T07:31:34.836+0000] {logging_mixin.py:188} INFO - [2025-12-21T07:31:34.836+0000] {dag.py:3047} INFO - Sync 1 DAGs
[2025-12-21T07:31:34.851+0000] {logging_mixin.py:188} INFO - [2025-12-21T07:31:34.851+0000] {dag.py:3834} INFO - Setting next_dagrun for tutorial_objectstorage to None, run_after=None
[2025-12-21T07:31:34.876+0000] {processor.py:183} INFO - Processing /home/airflow/.local/lib/python3.8/site-packages/airflow/example_dags/tutorial_objectstorage.py took 0.082 seconds
