[2025-12-21T06:58:53.273+0000] {processor.py:161} INFO - Started process (PID=68) to work on /home/airflow/.local/lib/python3.8/site-packages/airflow/example_dags/tutorial_dag.py
[2025-12-21T06:58:53.275+0000] {processor.py:830} INFO - Processing file /home/airflow/.local/lib/python3.8/site-packages/airflow/example_dags/tutorial_dag.py for tasks to queue
[2025-12-21T06:58:53.278+0000] {logging_mixin.py:188} INFO - [2025-12-21T06:58:53.277+0000] {dagbag.py:540} INFO - Filling up the DagBag from /home/airflow/.local/lib/python3.8/site-packages/airflow/example_dags/tutorial_dag.py
[2025-12-21T06:58:53.285+0000] {processor.py:840} INFO - DAG(s) 'tutorial_dag' retrieved from /home/airflow/.local/lib/python3.8/site-packages/airflow/example_dags/tutorial_dag.py
[2025-12-21T06:58:53.385+0000] {logging_mixin.py:188} INFO - [2025-12-21T06:58:53.385+0000] {dag.py:3047} INFO - Sync 1 DAGs
[2025-12-21T06:58:53.396+0000] {logging_mixin.py:188} INFO - [2025-12-21T06:58:53.395+0000] {dag.py:3834} INFO - Setting next_dagrun for tutorial_dag to None, run_after=None
[2025-12-21T06:58:53.419+0000] {processor.py:183} INFO - Processing /home/airflow/.local/lib/python3.8/site-packages/airflow/example_dags/tutorial_dag.py took 0.150 seconds
[2025-12-21T06:59:24.023+0000] {processor.py:161} INFO - Started process (PID=124) to work on /home/airflow/.local/lib/python3.8/site-packages/airflow/example_dags/tutorial_dag.py
[2025-12-21T06:59:24.025+0000] {processor.py:830} INFO - Processing file /home/airflow/.local/lib/python3.8/site-packages/airflow/example_dags/tutorial_dag.py for tasks to queue
[2025-12-21T06:59:24.027+0000] {logging_mixin.py:188} INFO - [2025-12-21T06:59:24.027+0000] {dagbag.py:540} INFO - Filling up the DagBag from /home/airflow/.local/lib/python3.8/site-packages/airflow/example_dags/tutorial_dag.py
[2025-12-21T06:59:24.035+0000] {processor.py:840} INFO - DAG(s) 'tutorial_dag' retrieved from /home/airflow/.local/lib/python3.8/site-packages/airflow/example_dags/tutorial_dag.py
[2025-12-21T06:59:24.060+0000] {logging_mixin.py:188} INFO - [2025-12-21T06:59:24.059+0000] {dag.py:3047} INFO - Sync 1 DAGs
[2025-12-21T06:59:24.073+0000] {logging_mixin.py:188} INFO - [2025-12-21T06:59:24.072+0000] {dag.py:3834} INFO - Setting next_dagrun for tutorial_dag to None, run_after=None
[2025-12-21T06:59:24.097+0000] {processor.py:183} INFO - Processing /home/airflow/.local/lib/python3.8/site-packages/airflow/example_dags/tutorial_dag.py took 0.079 seconds
[2025-12-21T06:59:54.499+0000] {processor.py:161} INFO - Started process (PID=180) to work on /home/airflow/.local/lib/python3.8/site-packages/airflow/example_dags/tutorial_dag.py
[2025-12-21T06:59:54.500+0000] {processor.py:830} INFO - Processing file /home/airflow/.local/lib/python3.8/site-packages/airflow/example_dags/tutorial_dag.py for tasks to queue
[2025-12-21T06:59:54.504+0000] {logging_mixin.py:188} INFO - [2025-12-21T06:59:54.503+0000] {dagbag.py:540} INFO - Filling up the DagBag from /home/airflow/.local/lib/python3.8/site-packages/airflow/example_dags/tutorial_dag.py
[2025-12-21T06:59:54.512+0000] {processor.py:840} INFO - DAG(s) 'tutorial_dag' retrieved from /home/airflow/.local/lib/python3.8/site-packages/airflow/example_dags/tutorial_dag.py
[2025-12-21T06:59:54.539+0000] {logging_mixin.py:188} INFO - [2025-12-21T06:59:54.538+0000] {dag.py:3047} INFO - Sync 1 DAGs
[2025-12-21T06:59:54.553+0000] {logging_mixin.py:188} INFO - [2025-12-21T06:59:54.553+0000] {dag.py:3834} INFO - Setting next_dagrun for tutorial_dag to None, run_after=None
[2025-12-21T06:59:54.578+0000] {processor.py:183} INFO - Processing /home/airflow/.local/lib/python3.8/site-packages/airflow/example_dags/tutorial_dag.py took 0.083 seconds
[2025-12-21T07:00:24.894+0000] {processor.py:161} INFO - Started process (PID=236) to work on /home/airflow/.local/lib/python3.8/site-packages/airflow/example_dags/tutorial_dag.py
[2025-12-21T07:00:24.895+0000] {processor.py:830} INFO - Processing file /home/airflow/.local/lib/python3.8/site-packages/airflow/example_dags/tutorial_dag.py for tasks to queue
[2025-12-21T07:00:24.898+0000] {logging_mixin.py:188} INFO - [2025-12-21T07:00:24.898+0000] {dagbag.py:540} INFO - Filling up the DagBag from /home/airflow/.local/lib/python3.8/site-packages/airflow/example_dags/tutorial_dag.py
[2025-12-21T07:00:24.906+0000] {processor.py:840} INFO - DAG(s) 'tutorial_dag' retrieved from /home/airflow/.local/lib/python3.8/site-packages/airflow/example_dags/tutorial_dag.py
[2025-12-21T07:00:24.934+0000] {logging_mixin.py:188} INFO - [2025-12-21T07:00:24.934+0000] {dag.py:3047} INFO - Sync 1 DAGs
[2025-12-21T07:00:24.951+0000] {logging_mixin.py:188} INFO - [2025-12-21T07:00:24.951+0000] {dag.py:3834} INFO - Setting next_dagrun for tutorial_dag to None, run_after=None
[2025-12-21T07:00:24.974+0000] {processor.py:183} INFO - Processing /home/airflow/.local/lib/python3.8/site-packages/airflow/example_dags/tutorial_dag.py took 0.085 seconds
[2025-12-21T07:00:55.082+0000] {processor.py:161} INFO - Started process (PID=292) to work on /home/airflow/.local/lib/python3.8/site-packages/airflow/example_dags/tutorial_dag.py
[2025-12-21T07:00:55.083+0000] {processor.py:830} INFO - Processing file /home/airflow/.local/lib/python3.8/site-packages/airflow/example_dags/tutorial_dag.py for tasks to queue
[2025-12-21T07:00:55.085+0000] {logging_mixin.py:188} INFO - [2025-12-21T07:00:55.085+0000] {dagbag.py:540} INFO - Filling up the DagBag from /home/airflow/.local/lib/python3.8/site-packages/airflow/example_dags/tutorial_dag.py
[2025-12-21T07:00:55.092+0000] {processor.py:840} INFO - DAG(s) 'tutorial_dag' retrieved from /home/airflow/.local/lib/python3.8/site-packages/airflow/example_dags/tutorial_dag.py
[2025-12-21T07:00:55.119+0000] {logging_mixin.py:188} INFO - [2025-12-21T07:00:55.118+0000] {dag.py:3047} INFO - Sync 1 DAGs
[2025-12-21T07:00:55.133+0000] {logging_mixin.py:188} INFO - [2025-12-21T07:00:55.133+0000] {dag.py:3834} INFO - Setting next_dagrun for tutorial_dag to None, run_after=None
[2025-12-21T07:00:55.157+0000] {processor.py:183} INFO - Processing /home/airflow/.local/lib/python3.8/site-packages/airflow/example_dags/tutorial_dag.py took 0.080 seconds
[2025-12-21T07:01:25.960+0000] {processor.py:161} INFO - Started process (PID=348) to work on /home/airflow/.local/lib/python3.8/site-packages/airflow/example_dags/tutorial_dag.py
[2025-12-21T07:01:25.963+0000] {processor.py:830} INFO - Processing file /home/airflow/.local/lib/python3.8/site-packages/airflow/example_dags/tutorial_dag.py for tasks to queue
[2025-12-21T07:01:25.969+0000] {logging_mixin.py:188} INFO - [2025-12-21T07:01:25.967+0000] {dagbag.py:540} INFO - Filling up the DagBag from /home/airflow/.local/lib/python3.8/site-packages/airflow/example_dags/tutorial_dag.py
[2025-12-21T07:01:25.980+0000] {processor.py:840} INFO - DAG(s) 'tutorial_dag' retrieved from /home/airflow/.local/lib/python3.8/site-packages/airflow/example_dags/tutorial_dag.py
[2025-12-21T07:01:26.027+0000] {logging_mixin.py:188} INFO - [2025-12-21T07:01:26.027+0000] {dag.py:3047} INFO - Sync 1 DAGs
[2025-12-21T07:01:26.054+0000] {logging_mixin.py:188} INFO - [2025-12-21T07:01:26.053+0000] {dag.py:3834} INFO - Setting next_dagrun for tutorial_dag to None, run_after=None
[2025-12-21T07:01:26.099+0000] {processor.py:183} INFO - Processing /home/airflow/.local/lib/python3.8/site-packages/airflow/example_dags/tutorial_dag.py took 0.146 seconds
[2025-12-21T07:01:56.721+0000] {processor.py:161} INFO - Started process (PID=404) to work on /home/airflow/.local/lib/python3.8/site-packages/airflow/example_dags/tutorial_dag.py
[2025-12-21T07:01:56.723+0000] {processor.py:830} INFO - Processing file /home/airflow/.local/lib/python3.8/site-packages/airflow/example_dags/tutorial_dag.py for tasks to queue
[2025-12-21T07:01:56.725+0000] {logging_mixin.py:188} INFO - [2025-12-21T07:01:56.725+0000] {dagbag.py:540} INFO - Filling up the DagBag from /home/airflow/.local/lib/python3.8/site-packages/airflow/example_dags/tutorial_dag.py
[2025-12-21T07:01:56.731+0000] {processor.py:840} INFO - DAG(s) 'tutorial_dag' retrieved from /home/airflow/.local/lib/python3.8/site-packages/airflow/example_dags/tutorial_dag.py
[2025-12-21T07:01:56.753+0000] {logging_mixin.py:188} INFO - [2025-12-21T07:01:56.752+0000] {dag.py:3047} INFO - Sync 1 DAGs
[2025-12-21T07:01:56.765+0000] {logging_mixin.py:188} INFO - [2025-12-21T07:01:56.765+0000] {dag.py:3834} INFO - Setting next_dagrun for tutorial_dag to None, run_after=None
[2025-12-21T07:01:56.788+0000] {processor.py:183} INFO - Processing /home/airflow/.local/lib/python3.8/site-packages/airflow/example_dags/tutorial_dag.py took 0.070 seconds
[2025-12-21T07:02:27.106+0000] {processor.py:161} INFO - Started process (PID=460) to work on /home/airflow/.local/lib/python3.8/site-packages/airflow/example_dags/tutorial_dag.py
[2025-12-21T07:02:27.108+0000] {processor.py:830} INFO - Processing file /home/airflow/.local/lib/python3.8/site-packages/airflow/example_dags/tutorial_dag.py for tasks to queue
[2025-12-21T07:02:27.110+0000] {logging_mixin.py:188} INFO - [2025-12-21T07:02:27.110+0000] {dagbag.py:540} INFO - Filling up the DagBag from /home/airflow/.local/lib/python3.8/site-packages/airflow/example_dags/tutorial_dag.py
[2025-12-21T07:02:27.116+0000] {processor.py:840} INFO - DAG(s) 'tutorial_dag' retrieved from /home/airflow/.local/lib/python3.8/site-packages/airflow/example_dags/tutorial_dag.py
[2025-12-21T07:02:27.144+0000] {logging_mixin.py:188} INFO - [2025-12-21T07:02:27.144+0000] {dag.py:3047} INFO - Sync 1 DAGs
[2025-12-21T07:02:27.157+0000] {logging_mixin.py:188} INFO - [2025-12-21T07:02:27.157+0000] {dag.py:3834} INFO - Setting next_dagrun for tutorial_dag to None, run_after=None
[2025-12-21T07:02:27.178+0000] {processor.py:183} INFO - Processing /home/airflow/.local/lib/python3.8/site-packages/airflow/example_dags/tutorial_dag.py took 0.076 seconds
[2025-12-21T07:02:57.755+0000] {processor.py:161} INFO - Started process (PID=516) to work on /home/airflow/.local/lib/python3.8/site-packages/airflow/example_dags/tutorial_dag.py
[2025-12-21T07:02:57.758+0000] {processor.py:830} INFO - Processing file /home/airflow/.local/lib/python3.8/site-packages/airflow/example_dags/tutorial_dag.py for tasks to queue
[2025-12-21T07:02:57.767+0000] {logging_mixin.py:188} INFO - [2025-12-21T07:02:57.766+0000] {dagbag.py:540} INFO - Filling up the DagBag from /home/airflow/.local/lib/python3.8/site-packages/airflow/example_dags/tutorial_dag.py
[2025-12-21T07:02:57.778+0000] {processor.py:840} INFO - DAG(s) 'tutorial_dag' retrieved from /home/airflow/.local/lib/python3.8/site-packages/airflow/example_dags/tutorial_dag.py
[2025-12-21T07:02:57.816+0000] {logging_mixin.py:188} INFO - [2025-12-21T07:02:57.816+0000] {dag.py:3047} INFO - Sync 1 DAGs
[2025-12-21T07:02:57.838+0000] {logging_mixin.py:188} INFO - [2025-12-21T07:02:57.837+0000] {dag.py:3834} INFO - Setting next_dagrun for tutorial_dag to None, run_after=None
[2025-12-21T07:02:57.874+0000] {processor.py:183} INFO - Processing /home/airflow/.local/lib/python3.8/site-packages/airflow/example_dags/tutorial_dag.py took 0.127 seconds
[2025-12-21T07:03:28.036+0000] {processor.py:161} INFO - Started process (PID=572) to work on /home/airflow/.local/lib/python3.8/site-packages/airflow/example_dags/tutorial_dag.py
[2025-12-21T07:03:28.038+0000] {processor.py:830} INFO - Processing file /home/airflow/.local/lib/python3.8/site-packages/airflow/example_dags/tutorial_dag.py for tasks to queue
[2025-12-21T07:03:28.041+0000] {logging_mixin.py:188} INFO - [2025-12-21T07:03:28.040+0000] {dagbag.py:540} INFO - Filling up the DagBag from /home/airflow/.local/lib/python3.8/site-packages/airflow/example_dags/tutorial_dag.py
[2025-12-21T07:03:28.047+0000] {processor.py:840} INFO - DAG(s) 'tutorial_dag' retrieved from /home/airflow/.local/lib/python3.8/site-packages/airflow/example_dags/tutorial_dag.py
[2025-12-21T07:03:28.072+0000] {logging_mixin.py:188} INFO - [2025-12-21T07:03:28.072+0000] {dag.py:3047} INFO - Sync 1 DAGs
[2025-12-21T07:03:28.086+0000] {logging_mixin.py:188} INFO - [2025-12-21T07:03:28.085+0000] {dag.py:3834} INFO - Setting next_dagrun for tutorial_dag to None, run_after=None
[2025-12-21T07:03:28.108+0000] {processor.py:183} INFO - Processing /home/airflow/.local/lib/python3.8/site-packages/airflow/example_dags/tutorial_dag.py took 0.076 seconds
[2025-12-21T07:03:58.541+0000] {processor.py:161} INFO - Started process (PID=628) to work on /home/airflow/.local/lib/python3.8/site-packages/airflow/example_dags/tutorial_dag.py
[2025-12-21T07:03:58.543+0000] {processor.py:830} INFO - Processing file /home/airflow/.local/lib/python3.8/site-packages/airflow/example_dags/tutorial_dag.py for tasks to queue
[2025-12-21T07:03:58.546+0000] {logging_mixin.py:188} INFO - [2025-12-21T07:03:58.546+0000] {dagbag.py:540} INFO - Filling up the DagBag from /home/airflow/.local/lib/python3.8/site-packages/airflow/example_dags/tutorial_dag.py
[2025-12-21T07:03:58.554+0000] {processor.py:840} INFO - DAG(s) 'tutorial_dag' retrieved from /home/airflow/.local/lib/python3.8/site-packages/airflow/example_dags/tutorial_dag.py
[2025-12-21T07:03:58.581+0000] {logging_mixin.py:188} INFO - [2025-12-21T07:03:58.581+0000] {dag.py:3047} INFO - Sync 1 DAGs
[2025-12-21T07:03:58.598+0000] {logging_mixin.py:188} INFO - [2025-12-21T07:03:58.597+0000] {dag.py:3834} INFO - Setting next_dagrun for tutorial_dag to None, run_after=None
[2025-12-21T07:03:58.624+0000] {processor.py:183} INFO - Processing /home/airflow/.local/lib/python3.8/site-packages/airflow/example_dags/tutorial_dag.py took 0.087 seconds
[2025-12-21T07:04:29.457+0000] {processor.py:161} INFO - Started process (PID=684) to work on /home/airflow/.local/lib/python3.8/site-packages/airflow/example_dags/tutorial_dag.py
[2025-12-21T07:04:29.459+0000] {processor.py:830} INFO - Processing file /home/airflow/.local/lib/python3.8/site-packages/airflow/example_dags/tutorial_dag.py for tasks to queue
[2025-12-21T07:04:29.462+0000] {logging_mixin.py:188} INFO - [2025-12-21T07:04:29.461+0000] {dagbag.py:540} INFO - Filling up the DagBag from /home/airflow/.local/lib/python3.8/site-packages/airflow/example_dags/tutorial_dag.py
[2025-12-21T07:04:29.468+0000] {processor.py:840} INFO - DAG(s) 'tutorial_dag' retrieved from /home/airflow/.local/lib/python3.8/site-packages/airflow/example_dags/tutorial_dag.py
[2025-12-21T07:04:29.494+0000] {logging_mixin.py:188} INFO - [2025-12-21T07:04:29.494+0000] {dag.py:3047} INFO - Sync 1 DAGs
[2025-12-21T07:04:29.507+0000] {logging_mixin.py:188} INFO - [2025-12-21T07:04:29.507+0000] {dag.py:3834} INFO - Setting next_dagrun for tutorial_dag to None, run_after=None
[2025-12-21T07:04:29.527+0000] {processor.py:183} INFO - Processing /home/airflow/.local/lib/python3.8/site-packages/airflow/example_dags/tutorial_dag.py took 0.075 seconds
[2025-12-21T07:04:59.719+0000] {processor.py:161} INFO - Started process (PID=740) to work on /home/airflow/.local/lib/python3.8/site-packages/airflow/example_dags/tutorial_dag.py
[2025-12-21T07:04:59.721+0000] {processor.py:830} INFO - Processing file /home/airflow/.local/lib/python3.8/site-packages/airflow/example_dags/tutorial_dag.py for tasks to queue
[2025-12-21T07:04:59.723+0000] {logging_mixin.py:188} INFO - [2025-12-21T07:04:59.723+0000] {dagbag.py:540} INFO - Filling up the DagBag from /home/airflow/.local/lib/python3.8/site-packages/airflow/example_dags/tutorial_dag.py
[2025-12-21T07:04:59.729+0000] {processor.py:840} INFO - DAG(s) 'tutorial_dag' retrieved from /home/airflow/.local/lib/python3.8/site-packages/airflow/example_dags/tutorial_dag.py
[2025-12-21T07:04:59.755+0000] {logging_mixin.py:188} INFO - [2025-12-21T07:04:59.755+0000] {dag.py:3047} INFO - Sync 1 DAGs
[2025-12-21T07:04:59.768+0000] {logging_mixin.py:188} INFO - [2025-12-21T07:04:59.767+0000] {dag.py:3834} INFO - Setting next_dagrun for tutorial_dag to None, run_after=None
[2025-12-21T07:04:59.790+0000] {processor.py:183} INFO - Processing /home/airflow/.local/lib/python3.8/site-packages/airflow/example_dags/tutorial_dag.py took 0.075 seconds
[2025-12-21T07:05:30.150+0000] {processor.py:161} INFO - Started process (PID=796) to work on /home/airflow/.local/lib/python3.8/site-packages/airflow/example_dags/tutorial_dag.py
[2025-12-21T07:05:30.152+0000] {processor.py:830} INFO - Processing file /home/airflow/.local/lib/python3.8/site-packages/airflow/example_dags/tutorial_dag.py for tasks to queue
[2025-12-21T07:05:30.154+0000] {logging_mixin.py:188} INFO - [2025-12-21T07:05:30.154+0000] {dagbag.py:540} INFO - Filling up the DagBag from /home/airflow/.local/lib/python3.8/site-packages/airflow/example_dags/tutorial_dag.py
[2025-12-21T07:05:30.161+0000] {processor.py:840} INFO - DAG(s) 'tutorial_dag' retrieved from /home/airflow/.local/lib/python3.8/site-packages/airflow/example_dags/tutorial_dag.py
[2025-12-21T07:05:30.184+0000] {logging_mixin.py:188} INFO - [2025-12-21T07:05:30.184+0000] {dag.py:3047} INFO - Sync 1 DAGs
[2025-12-21T07:05:30.196+0000] {logging_mixin.py:188} INFO - [2025-12-21T07:05:30.196+0000] {dag.py:3834} INFO - Setting next_dagrun for tutorial_dag to None, run_after=None
[2025-12-21T07:05:30.218+0000] {processor.py:183} INFO - Processing /home/airflow/.local/lib/python3.8/site-packages/airflow/example_dags/tutorial_dag.py took 0.071 seconds
[2025-12-21T07:06:00.483+0000] {processor.py:161} INFO - Started process (PID=852) to work on /home/airflow/.local/lib/python3.8/site-packages/airflow/example_dags/tutorial_dag.py
[2025-12-21T07:06:00.484+0000] {processor.py:830} INFO - Processing file /home/airflow/.local/lib/python3.8/site-packages/airflow/example_dags/tutorial_dag.py for tasks to queue
[2025-12-21T07:06:00.487+0000] {logging_mixin.py:188} INFO - [2025-12-21T07:06:00.486+0000] {dagbag.py:540} INFO - Filling up the DagBag from /home/airflow/.local/lib/python3.8/site-packages/airflow/example_dags/tutorial_dag.py
[2025-12-21T07:06:00.493+0000] {processor.py:840} INFO - DAG(s) 'tutorial_dag' retrieved from /home/airflow/.local/lib/python3.8/site-packages/airflow/example_dags/tutorial_dag.py
[2025-12-21T07:06:00.515+0000] {logging_mixin.py:188} INFO - [2025-12-21T07:06:00.515+0000] {dag.py:3047} INFO - Sync 1 DAGs
[2025-12-21T07:06:00.526+0000] {logging_mixin.py:188} INFO - [2025-12-21T07:06:00.526+0000] {dag.py:3834} INFO - Setting next_dagrun for tutorial_dag to None, run_after=None
[2025-12-21T07:06:00.545+0000] {processor.py:183} INFO - Processing /home/airflow/.local/lib/python3.8/site-packages/airflow/example_dags/tutorial_dag.py took 0.066 seconds
[2025-12-21T07:06:30.739+0000] {processor.py:161} INFO - Started process (PID=908) to work on /home/airflow/.local/lib/python3.8/site-packages/airflow/example_dags/tutorial_dag.py
[2025-12-21T07:06:30.740+0000] {processor.py:830} INFO - Processing file /home/airflow/.local/lib/python3.8/site-packages/airflow/example_dags/tutorial_dag.py for tasks to queue
[2025-12-21T07:06:30.742+0000] {logging_mixin.py:188} INFO - [2025-12-21T07:06:30.742+0000] {dagbag.py:540} INFO - Filling up the DagBag from /home/airflow/.local/lib/python3.8/site-packages/airflow/example_dags/tutorial_dag.py
[2025-12-21T07:06:30.748+0000] {processor.py:840} INFO - DAG(s) 'tutorial_dag' retrieved from /home/airflow/.local/lib/python3.8/site-packages/airflow/example_dags/tutorial_dag.py
[2025-12-21T07:06:30.771+0000] {logging_mixin.py:188} INFO - [2025-12-21T07:06:30.771+0000] {dag.py:3047} INFO - Sync 1 DAGs
[2025-12-21T07:06:30.783+0000] {logging_mixin.py:188} INFO - [2025-12-21T07:06:30.783+0000] {dag.py:3834} INFO - Setting next_dagrun for tutorial_dag to None, run_after=None
[2025-12-21T07:06:30.802+0000] {processor.py:183} INFO - Processing /home/airflow/.local/lib/python3.8/site-packages/airflow/example_dags/tutorial_dag.py took 0.068 seconds
[2025-12-21T07:07:00.987+0000] {processor.py:161} INFO - Started process (PID=964) to work on /home/airflow/.local/lib/python3.8/site-packages/airflow/example_dags/tutorial_dag.py
[2025-12-21T07:07:00.989+0000] {processor.py:830} INFO - Processing file /home/airflow/.local/lib/python3.8/site-packages/airflow/example_dags/tutorial_dag.py for tasks to queue
[2025-12-21T07:07:00.992+0000] {logging_mixin.py:188} INFO - [2025-12-21T07:07:00.991+0000] {dagbag.py:540} INFO - Filling up the DagBag from /home/airflow/.local/lib/python3.8/site-packages/airflow/example_dags/tutorial_dag.py
[2025-12-21T07:07:00.998+0000] {processor.py:840} INFO - DAG(s) 'tutorial_dag' retrieved from /home/airflow/.local/lib/python3.8/site-packages/airflow/example_dags/tutorial_dag.py
[2025-12-21T07:07:01.021+0000] {logging_mixin.py:188} INFO - [2025-12-21T07:07:01.020+0000] {dag.py:3047} INFO - Sync 1 DAGs
[2025-12-21T07:07:01.033+0000] {logging_mixin.py:188} INFO - [2025-12-21T07:07:01.033+0000] {dag.py:3834} INFO - Setting next_dagrun for tutorial_dag to None, run_after=None
[2025-12-21T07:07:01.055+0000] {processor.py:183} INFO - Processing /home/airflow/.local/lib/python3.8/site-packages/airflow/example_dags/tutorial_dag.py took 0.073 seconds
[2025-12-21T07:07:31.427+0000] {processor.py:161} INFO - Started process (PID=1020) to work on /home/airflow/.local/lib/python3.8/site-packages/airflow/example_dags/tutorial_dag.py
[2025-12-21T07:07:31.429+0000] {processor.py:830} INFO - Processing file /home/airflow/.local/lib/python3.8/site-packages/airflow/example_dags/tutorial_dag.py for tasks to queue
[2025-12-21T07:07:31.431+0000] {logging_mixin.py:188} INFO - [2025-12-21T07:07:31.430+0000] {dagbag.py:540} INFO - Filling up the DagBag from /home/airflow/.local/lib/python3.8/site-packages/airflow/example_dags/tutorial_dag.py
[2025-12-21T07:07:31.438+0000] {processor.py:840} INFO - DAG(s) 'tutorial_dag' retrieved from /home/airflow/.local/lib/python3.8/site-packages/airflow/example_dags/tutorial_dag.py
[2025-12-21T07:07:31.465+0000] {logging_mixin.py:188} INFO - [2025-12-21T07:07:31.464+0000] {dag.py:3047} INFO - Sync 1 DAGs
[2025-12-21T07:07:31.480+0000] {logging_mixin.py:188} INFO - [2025-12-21T07:07:31.480+0000] {dag.py:3834} INFO - Setting next_dagrun for tutorial_dag to None, run_after=None
[2025-12-21T07:07:31.503+0000] {processor.py:183} INFO - Processing /home/airflow/.local/lib/python3.8/site-packages/airflow/example_dags/tutorial_dag.py took 0.080 seconds
[2025-12-21T07:08:02.403+0000] {processor.py:161} INFO - Started process (PID=1076) to work on /home/airflow/.local/lib/python3.8/site-packages/airflow/example_dags/tutorial_dag.py
[2025-12-21T07:08:02.405+0000] {processor.py:830} INFO - Processing file /home/airflow/.local/lib/python3.8/site-packages/airflow/example_dags/tutorial_dag.py for tasks to queue
[2025-12-21T07:08:02.407+0000] {logging_mixin.py:188} INFO - [2025-12-21T07:08:02.406+0000] {dagbag.py:540} INFO - Filling up the DagBag from /home/airflow/.local/lib/python3.8/site-packages/airflow/example_dags/tutorial_dag.py
[2025-12-21T07:08:02.415+0000] {processor.py:840} INFO - DAG(s) 'tutorial_dag' retrieved from /home/airflow/.local/lib/python3.8/site-packages/airflow/example_dags/tutorial_dag.py
[2025-12-21T07:08:02.442+0000] {logging_mixin.py:188} INFO - [2025-12-21T07:08:02.442+0000] {dag.py:3047} INFO - Sync 1 DAGs
[2025-12-21T07:08:02.456+0000] {logging_mixin.py:188} INFO - [2025-12-21T07:08:02.456+0000] {dag.py:3834} INFO - Setting next_dagrun for tutorial_dag to None, run_after=None
[2025-12-21T07:08:02.486+0000] {processor.py:183} INFO - Processing /home/airflow/.local/lib/python3.8/site-packages/airflow/example_dags/tutorial_dag.py took 0.089 seconds
[2025-12-21T07:08:33.356+0000] {processor.py:161} INFO - Started process (PID=1132) to work on /home/airflow/.local/lib/python3.8/site-packages/airflow/example_dags/tutorial_dag.py
[2025-12-21T07:08:33.358+0000] {processor.py:830} INFO - Processing file /home/airflow/.local/lib/python3.8/site-packages/airflow/example_dags/tutorial_dag.py for tasks to queue
[2025-12-21T07:08:33.362+0000] {logging_mixin.py:188} INFO - [2025-12-21T07:08:33.362+0000] {dagbag.py:540} INFO - Filling up the DagBag from /home/airflow/.local/lib/python3.8/site-packages/airflow/example_dags/tutorial_dag.py
[2025-12-21T07:08:33.370+0000] {processor.py:840} INFO - DAG(s) 'tutorial_dag' retrieved from /home/airflow/.local/lib/python3.8/site-packages/airflow/example_dags/tutorial_dag.py
[2025-12-21T07:08:33.396+0000] {logging_mixin.py:188} INFO - [2025-12-21T07:08:33.395+0000] {dag.py:3047} INFO - Sync 1 DAGs
[2025-12-21T07:08:33.410+0000] {logging_mixin.py:188} INFO - [2025-12-21T07:08:33.410+0000] {dag.py:3834} INFO - Setting next_dagrun for tutorial_dag to None, run_after=None
[2025-12-21T07:08:33.435+0000] {processor.py:183} INFO - Processing /home/airflow/.local/lib/python3.8/site-packages/airflow/example_dags/tutorial_dag.py took 0.083 seconds
[2025-12-21T07:11:43.431+0000] {processor.py:161} INFO - Started process (PID=74) to work on /home/airflow/.local/lib/python3.8/site-packages/airflow/example_dags/tutorial_dag.py
[2025-12-21T07:11:43.433+0000] {processor.py:830} INFO - Processing file /home/airflow/.local/lib/python3.8/site-packages/airflow/example_dags/tutorial_dag.py for tasks to queue
[2025-12-21T07:11:43.436+0000] {logging_mixin.py:188} INFO - [2025-12-21T07:11:43.436+0000] {dagbag.py:540} INFO - Filling up the DagBag from /home/airflow/.local/lib/python3.8/site-packages/airflow/example_dags/tutorial_dag.py
[2025-12-21T07:11:43.446+0000] {processor.py:840} INFO - DAG(s) 'tutorial_dag' retrieved from /home/airflow/.local/lib/python3.8/site-packages/airflow/example_dags/tutorial_dag.py
[2025-12-21T07:11:43.467+0000] {logging_mixin.py:188} INFO - [2025-12-21T07:11:43.467+0000] {dag.py:3047} INFO - Sync 1 DAGs
[2025-12-21T07:11:43.492+0000] {logging_mixin.py:188} INFO - [2025-12-21T07:11:43.491+0000] {dag.py:3834} INFO - Setting next_dagrun for tutorial_dag to None, run_after=None
[2025-12-21T07:11:43.530+0000] {processor.py:183} INFO - Processing /home/airflow/.local/lib/python3.8/site-packages/airflow/example_dags/tutorial_dag.py took 0.103 seconds
[2025-12-21T07:12:14.990+0000] {processor.py:161} INFO - Started process (PID=135) to work on /home/airflow/.local/lib/python3.8/site-packages/airflow/example_dags/tutorial_dag.py
[2025-12-21T07:12:14.992+0000] {processor.py:830} INFO - Processing file /home/airflow/.local/lib/python3.8/site-packages/airflow/example_dags/tutorial_dag.py for tasks to queue
[2025-12-21T07:12:14.995+0000] {logging_mixin.py:188} INFO - [2025-12-21T07:12:14.994+0000] {dagbag.py:540} INFO - Filling up the DagBag from /home/airflow/.local/lib/python3.8/site-packages/airflow/example_dags/tutorial_dag.py
[2025-12-21T07:12:15.002+0000] {processor.py:840} INFO - DAG(s) 'tutorial_dag' retrieved from /home/airflow/.local/lib/python3.8/site-packages/airflow/example_dags/tutorial_dag.py
[2025-12-21T07:12:15.112+0000] {logging_mixin.py:188} INFO - [2025-12-21T07:12:15.112+0000] {dag.py:3047} INFO - Sync 1 DAGs
[2025-12-21T07:12:15.124+0000] {logging_mixin.py:188} INFO - [2025-12-21T07:12:15.124+0000] {dag.py:3834} INFO - Setting next_dagrun for tutorial_dag to None, run_after=None
[2025-12-21T07:12:15.150+0000] {processor.py:183} INFO - Processing /home/airflow/.local/lib/python3.8/site-packages/airflow/example_dags/tutorial_dag.py took 0.164 seconds
[2025-12-21T07:12:45.464+0000] {processor.py:161} INFO - Started process (PID=191) to work on /home/airflow/.local/lib/python3.8/site-packages/airflow/example_dags/tutorial_dag.py
[2025-12-21T07:12:45.466+0000] {processor.py:830} INFO - Processing file /home/airflow/.local/lib/python3.8/site-packages/airflow/example_dags/tutorial_dag.py for tasks to queue
[2025-12-21T07:12:45.469+0000] {logging_mixin.py:188} INFO - [2025-12-21T07:12:45.469+0000] {dagbag.py:540} INFO - Filling up the DagBag from /home/airflow/.local/lib/python3.8/site-packages/airflow/example_dags/tutorial_dag.py
[2025-12-21T07:12:45.478+0000] {processor.py:840} INFO - DAG(s) 'tutorial_dag' retrieved from /home/airflow/.local/lib/python3.8/site-packages/airflow/example_dags/tutorial_dag.py
[2025-12-21T07:12:45.505+0000] {logging_mixin.py:188} INFO - [2025-12-21T07:12:45.505+0000] {dag.py:3047} INFO - Sync 1 DAGs
[2025-12-21T07:12:45.520+0000] {logging_mixin.py:188} INFO - [2025-12-21T07:12:45.520+0000] {dag.py:3834} INFO - Setting next_dagrun for tutorial_dag to None, run_after=None
[2025-12-21T07:12:45.548+0000] {processor.py:183} INFO - Processing /home/airflow/.local/lib/python3.8/site-packages/airflow/example_dags/tutorial_dag.py took 0.088 seconds
[2025-12-21T07:13:16.359+0000] {processor.py:161} INFO - Started process (PID=247) to work on /home/airflow/.local/lib/python3.8/site-packages/airflow/example_dags/tutorial_dag.py
[2025-12-21T07:13:16.360+0000] {processor.py:830} INFO - Processing file /home/airflow/.local/lib/python3.8/site-packages/airflow/example_dags/tutorial_dag.py for tasks to queue
[2025-12-21T07:13:16.363+0000] {logging_mixin.py:188} INFO - [2025-12-21T07:13:16.362+0000] {dagbag.py:540} INFO - Filling up the DagBag from /home/airflow/.local/lib/python3.8/site-packages/airflow/example_dags/tutorial_dag.py
[2025-12-21T07:13:16.369+0000] {processor.py:840} INFO - DAG(s) 'tutorial_dag' retrieved from /home/airflow/.local/lib/python3.8/site-packages/airflow/example_dags/tutorial_dag.py
[2025-12-21T07:13:16.405+0000] {logging_mixin.py:188} INFO - [2025-12-21T07:13:16.404+0000] {dag.py:3047} INFO - Sync 1 DAGs
[2025-12-21T07:13:16.421+0000] {logging_mixin.py:188} INFO - [2025-12-21T07:13:16.421+0000] {dag.py:3834} INFO - Setting next_dagrun for tutorial_dag to None, run_after=None
[2025-12-21T07:13:16.444+0000] {processor.py:183} INFO - Processing /home/airflow/.local/lib/python3.8/site-packages/airflow/example_dags/tutorial_dag.py took 0.089 seconds
[2025-12-21T07:13:47.192+0000] {processor.py:161} INFO - Started process (PID=303) to work on /home/airflow/.local/lib/python3.8/site-packages/airflow/example_dags/tutorial_dag.py
[2025-12-21T07:13:47.193+0000] {processor.py:830} INFO - Processing file /home/airflow/.local/lib/python3.8/site-packages/airflow/example_dags/tutorial_dag.py for tasks to queue
[2025-12-21T07:13:47.196+0000] {logging_mixin.py:188} INFO - [2025-12-21T07:13:47.195+0000] {dagbag.py:540} INFO - Filling up the DagBag from /home/airflow/.local/lib/python3.8/site-packages/airflow/example_dags/tutorial_dag.py
[2025-12-21T07:13:47.204+0000] {processor.py:840} INFO - DAG(s) 'tutorial_dag' retrieved from /home/airflow/.local/lib/python3.8/site-packages/airflow/example_dags/tutorial_dag.py
[2025-12-21T07:13:47.232+0000] {logging_mixin.py:188} INFO - [2025-12-21T07:13:47.231+0000] {dag.py:3047} INFO - Sync 1 DAGs
[2025-12-21T07:13:47.246+0000] {logging_mixin.py:188} INFO - [2025-12-21T07:13:47.246+0000] {dag.py:3834} INFO - Setting next_dagrun for tutorial_dag to None, run_after=None
[2025-12-21T07:13:47.271+0000] {processor.py:183} INFO - Processing /home/airflow/.local/lib/python3.8/site-packages/airflow/example_dags/tutorial_dag.py took 0.084 seconds
[2025-12-21T07:14:17.822+0000] {processor.py:161} INFO - Started process (PID=359) to work on /home/airflow/.local/lib/python3.8/site-packages/airflow/example_dags/tutorial_dag.py
[2025-12-21T07:14:17.824+0000] {processor.py:830} INFO - Processing file /home/airflow/.local/lib/python3.8/site-packages/airflow/example_dags/tutorial_dag.py for tasks to queue
[2025-12-21T07:14:17.827+0000] {logging_mixin.py:188} INFO - [2025-12-21T07:14:17.826+0000] {dagbag.py:540} INFO - Filling up the DagBag from /home/airflow/.local/lib/python3.8/site-packages/airflow/example_dags/tutorial_dag.py
[2025-12-21T07:14:17.835+0000] {processor.py:840} INFO - DAG(s) 'tutorial_dag' retrieved from /home/airflow/.local/lib/python3.8/site-packages/airflow/example_dags/tutorial_dag.py
[2025-12-21T07:14:17.867+0000] {logging_mixin.py:188} INFO - [2025-12-21T07:14:17.867+0000] {dag.py:3047} INFO - Sync 1 DAGs
[2025-12-21T07:14:17.886+0000] {logging_mixin.py:188} INFO - [2025-12-21T07:14:17.886+0000] {dag.py:3834} INFO - Setting next_dagrun for tutorial_dag to None, run_after=None
[2025-12-21T07:14:17.917+0000] {processor.py:183} INFO - Processing /home/airflow/.local/lib/python3.8/site-packages/airflow/example_dags/tutorial_dag.py took 0.101 seconds
[2025-12-21T07:14:48.643+0000] {processor.py:161} INFO - Started process (PID=415) to work on /home/airflow/.local/lib/python3.8/site-packages/airflow/example_dags/tutorial_dag.py
[2025-12-21T07:14:48.644+0000] {processor.py:830} INFO - Processing file /home/airflow/.local/lib/python3.8/site-packages/airflow/example_dags/tutorial_dag.py for tasks to queue
[2025-12-21T07:14:48.647+0000] {logging_mixin.py:188} INFO - [2025-12-21T07:14:48.647+0000] {dagbag.py:540} INFO - Filling up the DagBag from /home/airflow/.local/lib/python3.8/site-packages/airflow/example_dags/tutorial_dag.py
[2025-12-21T07:14:48.654+0000] {processor.py:840} INFO - DAG(s) 'tutorial_dag' retrieved from /home/airflow/.local/lib/python3.8/site-packages/airflow/example_dags/tutorial_dag.py
[2025-12-21T07:14:48.680+0000] {logging_mixin.py:188} INFO - [2025-12-21T07:14:48.680+0000] {dag.py:3047} INFO - Sync 1 DAGs
[2025-12-21T07:14:48.695+0000] {logging_mixin.py:188} INFO - [2025-12-21T07:14:48.694+0000] {dag.py:3834} INFO - Setting next_dagrun for tutorial_dag to None, run_after=None
[2025-12-21T07:14:48.717+0000] {processor.py:183} INFO - Processing /home/airflow/.local/lib/python3.8/site-packages/airflow/example_dags/tutorial_dag.py took 0.078 seconds
[2025-12-21T07:15:18.860+0000] {processor.py:161} INFO - Started process (PID=471) to work on /home/airflow/.local/lib/python3.8/site-packages/airflow/example_dags/tutorial_dag.py
[2025-12-21T07:15:18.861+0000] {processor.py:830} INFO - Processing file /home/airflow/.local/lib/python3.8/site-packages/airflow/example_dags/tutorial_dag.py for tasks to queue
[2025-12-21T07:15:18.863+0000] {logging_mixin.py:188} INFO - [2025-12-21T07:15:18.863+0000] {dagbag.py:540} INFO - Filling up the DagBag from /home/airflow/.local/lib/python3.8/site-packages/airflow/example_dags/tutorial_dag.py
[2025-12-21T07:15:18.870+0000] {processor.py:840} INFO - DAG(s) 'tutorial_dag' retrieved from /home/airflow/.local/lib/python3.8/site-packages/airflow/example_dags/tutorial_dag.py
[2025-12-21T07:15:18.894+0000] {logging_mixin.py:188} INFO - [2025-12-21T07:15:18.893+0000] {dag.py:3047} INFO - Sync 1 DAGs
[2025-12-21T07:15:18.907+0000] {logging_mixin.py:188} INFO - [2025-12-21T07:15:18.907+0000] {dag.py:3834} INFO - Setting next_dagrun for tutorial_dag to None, run_after=None
[2025-12-21T07:15:18.929+0000] {processor.py:183} INFO - Processing /home/airflow/.local/lib/python3.8/site-packages/airflow/example_dags/tutorial_dag.py took 0.073 seconds
[2025-12-21T07:15:49.190+0000] {processor.py:161} INFO - Started process (PID=527) to work on /home/airflow/.local/lib/python3.8/site-packages/airflow/example_dags/tutorial_dag.py
[2025-12-21T07:15:49.191+0000] {processor.py:830} INFO - Processing file /home/airflow/.local/lib/python3.8/site-packages/airflow/example_dags/tutorial_dag.py for tasks to queue
[2025-12-21T07:15:49.194+0000] {logging_mixin.py:188} INFO - [2025-12-21T07:15:49.193+0000] {dagbag.py:540} INFO - Filling up the DagBag from /home/airflow/.local/lib/python3.8/site-packages/airflow/example_dags/tutorial_dag.py
[2025-12-21T07:15:49.200+0000] {processor.py:840} INFO - DAG(s) 'tutorial_dag' retrieved from /home/airflow/.local/lib/python3.8/site-packages/airflow/example_dags/tutorial_dag.py
[2025-12-21T07:15:49.225+0000] {logging_mixin.py:188} INFO - [2025-12-21T07:15:49.224+0000] {dag.py:3047} INFO - Sync 1 DAGs
[2025-12-21T07:15:49.238+0000] {logging_mixin.py:188} INFO - [2025-12-21T07:15:49.238+0000] {dag.py:3834} INFO - Setting next_dagrun for tutorial_dag to None, run_after=None
[2025-12-21T07:15:49.258+0000] {processor.py:183} INFO - Processing /home/airflow/.local/lib/python3.8/site-packages/airflow/example_dags/tutorial_dag.py took 0.073 seconds
[2025-12-21T07:16:20.374+0000] {processor.py:161} INFO - Started process (PID=583) to work on /home/airflow/.local/lib/python3.8/site-packages/airflow/example_dags/tutorial_dag.py
[2025-12-21T07:16:20.376+0000] {processor.py:830} INFO - Processing file /home/airflow/.local/lib/python3.8/site-packages/airflow/example_dags/tutorial_dag.py for tasks to queue
[2025-12-21T07:16:20.378+0000] {logging_mixin.py:188} INFO - [2025-12-21T07:16:20.378+0000] {dagbag.py:540} INFO - Filling up the DagBag from /home/airflow/.local/lib/python3.8/site-packages/airflow/example_dags/tutorial_dag.py
[2025-12-21T07:16:20.385+0000] {processor.py:840} INFO - DAG(s) 'tutorial_dag' retrieved from /home/airflow/.local/lib/python3.8/site-packages/airflow/example_dags/tutorial_dag.py
[2025-12-21T07:16:20.413+0000] {logging_mixin.py:188} INFO - [2025-12-21T07:16:20.412+0000] {dag.py:3047} INFO - Sync 1 DAGs
[2025-12-21T07:16:20.426+0000] {logging_mixin.py:188} INFO - [2025-12-21T07:16:20.426+0000] {dag.py:3834} INFO - Setting next_dagrun for tutorial_dag to None, run_after=None
[2025-12-21T07:16:20.454+0000] {processor.py:183} INFO - Processing /home/airflow/.local/lib/python3.8/site-packages/airflow/example_dags/tutorial_dag.py took 0.085 seconds
[2025-12-21T07:16:50.969+0000] {processor.py:161} INFO - Started process (PID=639) to work on /home/airflow/.local/lib/python3.8/site-packages/airflow/example_dags/tutorial_dag.py
[2025-12-21T07:16:50.970+0000] {processor.py:830} INFO - Processing file /home/airflow/.local/lib/python3.8/site-packages/airflow/example_dags/tutorial_dag.py for tasks to queue
[2025-12-21T07:16:50.973+0000] {logging_mixin.py:188} INFO - [2025-12-21T07:16:50.972+0000] {dagbag.py:540} INFO - Filling up the DagBag from /home/airflow/.local/lib/python3.8/site-packages/airflow/example_dags/tutorial_dag.py
[2025-12-21T07:16:50.979+0000] {processor.py:840} INFO - DAG(s) 'tutorial_dag' retrieved from /home/airflow/.local/lib/python3.8/site-packages/airflow/example_dags/tutorial_dag.py
[2025-12-21T07:16:51.003+0000] {logging_mixin.py:188} INFO - [2025-12-21T07:16:51.002+0000] {dag.py:3047} INFO - Sync 1 DAGs
[2025-12-21T07:16:51.014+0000] {logging_mixin.py:188} INFO - [2025-12-21T07:16:51.014+0000] {dag.py:3834} INFO - Setting next_dagrun for tutorial_dag to None, run_after=None
[2025-12-21T07:16:51.037+0000] {processor.py:183} INFO - Processing /home/airflow/.local/lib/python3.8/site-packages/airflow/example_dags/tutorial_dag.py took 0.073 seconds
[2025-12-21T07:17:21.277+0000] {processor.py:161} INFO - Started process (PID=695) to work on /home/airflow/.local/lib/python3.8/site-packages/airflow/example_dags/tutorial_dag.py
[2025-12-21T07:17:21.279+0000] {processor.py:830} INFO - Processing file /home/airflow/.local/lib/python3.8/site-packages/airflow/example_dags/tutorial_dag.py for tasks to queue
[2025-12-21T07:17:21.281+0000] {logging_mixin.py:188} INFO - [2025-12-21T07:17:21.281+0000] {dagbag.py:540} INFO - Filling up the DagBag from /home/airflow/.local/lib/python3.8/site-packages/airflow/example_dags/tutorial_dag.py
[2025-12-21T07:17:21.287+0000] {processor.py:840} INFO - DAG(s) 'tutorial_dag' retrieved from /home/airflow/.local/lib/python3.8/site-packages/airflow/example_dags/tutorial_dag.py
[2025-12-21T07:17:21.309+0000] {logging_mixin.py:188} INFO - [2025-12-21T07:17:21.309+0000] {dag.py:3047} INFO - Sync 1 DAGs
[2025-12-21T07:17:21.322+0000] {logging_mixin.py:188} INFO - [2025-12-21T07:17:21.322+0000] {dag.py:3834} INFO - Setting next_dagrun for tutorial_dag to None, run_after=None
[2025-12-21T07:17:21.342+0000] {processor.py:183} INFO - Processing /home/airflow/.local/lib/python3.8/site-packages/airflow/example_dags/tutorial_dag.py took 0.068 seconds
[2025-12-21T07:17:51.491+0000] {processor.py:161} INFO - Started process (PID=752) to work on /home/airflow/.local/lib/python3.8/site-packages/airflow/example_dags/tutorial_dag.py
[2025-12-21T07:17:51.493+0000] {processor.py:830} INFO - Processing file /home/airflow/.local/lib/python3.8/site-packages/airflow/example_dags/tutorial_dag.py for tasks to queue
[2025-12-21T07:17:51.495+0000] {logging_mixin.py:188} INFO - [2025-12-21T07:17:51.495+0000] {dagbag.py:540} INFO - Filling up the DagBag from /home/airflow/.local/lib/python3.8/site-packages/airflow/example_dags/tutorial_dag.py
[2025-12-21T07:17:51.502+0000] {processor.py:840} INFO - DAG(s) 'tutorial_dag' retrieved from /home/airflow/.local/lib/python3.8/site-packages/airflow/example_dags/tutorial_dag.py
[2025-12-21T07:17:51.527+0000] {logging_mixin.py:188} INFO - [2025-12-21T07:17:51.527+0000] {dag.py:3047} INFO - Sync 1 DAGs
[2025-12-21T07:17:51.540+0000] {logging_mixin.py:188} INFO - [2025-12-21T07:17:51.539+0000] {dag.py:3834} INFO - Setting next_dagrun for tutorial_dag to None, run_after=None
[2025-12-21T07:17:51.560+0000] {processor.py:183} INFO - Processing /home/airflow/.local/lib/python3.8/site-packages/airflow/example_dags/tutorial_dag.py took 0.073 seconds
[2025-12-21T07:18:22.461+0000] {processor.py:161} INFO - Started process (PID=808) to work on /home/airflow/.local/lib/python3.8/site-packages/airflow/example_dags/tutorial_dag.py
[2025-12-21T07:18:22.463+0000] {processor.py:830} INFO - Processing file /home/airflow/.local/lib/python3.8/site-packages/airflow/example_dags/tutorial_dag.py for tasks to queue
[2025-12-21T07:18:22.465+0000] {logging_mixin.py:188} INFO - [2025-12-21T07:18:22.465+0000] {dagbag.py:540} INFO - Filling up the DagBag from /home/airflow/.local/lib/python3.8/site-packages/airflow/example_dags/tutorial_dag.py
[2025-12-21T07:18:22.471+0000] {processor.py:840} INFO - DAG(s) 'tutorial_dag' retrieved from /home/airflow/.local/lib/python3.8/site-packages/airflow/example_dags/tutorial_dag.py
[2025-12-21T07:18:22.494+0000] {logging_mixin.py:188} INFO - [2025-12-21T07:18:22.494+0000] {dag.py:3047} INFO - Sync 1 DAGs
[2025-12-21T07:18:22.507+0000] {logging_mixin.py:188} INFO - [2025-12-21T07:18:22.507+0000] {dag.py:3834} INFO - Setting next_dagrun for tutorial_dag to None, run_after=None
[2025-12-21T07:18:22.527+0000] {processor.py:183} INFO - Processing /home/airflow/.local/lib/python3.8/site-packages/airflow/example_dags/tutorial_dag.py took 0.069 seconds
[2025-12-21T07:18:53.297+0000] {processor.py:161} INFO - Started process (PID=864) to work on /home/airflow/.local/lib/python3.8/site-packages/airflow/example_dags/tutorial_dag.py
[2025-12-21T07:18:53.299+0000] {processor.py:830} INFO - Processing file /home/airflow/.local/lib/python3.8/site-packages/airflow/example_dags/tutorial_dag.py for tasks to queue
[2025-12-21T07:18:53.302+0000] {logging_mixin.py:188} INFO - [2025-12-21T07:18:53.301+0000] {dagbag.py:540} INFO - Filling up the DagBag from /home/airflow/.local/lib/python3.8/site-packages/airflow/example_dags/tutorial_dag.py
[2025-12-21T07:18:53.309+0000] {processor.py:840} INFO - DAG(s) 'tutorial_dag' retrieved from /home/airflow/.local/lib/python3.8/site-packages/airflow/example_dags/tutorial_dag.py
[2025-12-21T07:18:53.331+0000] {logging_mixin.py:188} INFO - [2025-12-21T07:18:53.331+0000] {dag.py:3047} INFO - Sync 1 DAGs
[2025-12-21T07:18:53.342+0000] {logging_mixin.py:188} INFO - [2025-12-21T07:18:53.342+0000] {dag.py:3834} INFO - Setting next_dagrun for tutorial_dag to None, run_after=None
[2025-12-21T07:18:53.361+0000] {processor.py:183} INFO - Processing /home/airflow/.local/lib/python3.8/site-packages/airflow/example_dags/tutorial_dag.py took 0.067 seconds
[2025-12-21T07:19:25.021+0000] {processor.py:161} INFO - Started process (PID=920) to work on /home/airflow/.local/lib/python3.8/site-packages/airflow/example_dags/tutorial_dag.py
[2025-12-21T07:19:25.025+0000] {processor.py:830} INFO - Processing file /home/airflow/.local/lib/python3.8/site-packages/airflow/example_dags/tutorial_dag.py for tasks to queue
[2025-12-21T07:19:25.029+0000] {logging_mixin.py:188} INFO - [2025-12-21T07:19:25.029+0000] {dagbag.py:540} INFO - Filling up the DagBag from /home/airflow/.local/lib/python3.8/site-packages/airflow/example_dags/tutorial_dag.py
[2025-12-21T07:19:25.038+0000] {processor.py:840} INFO - DAG(s) 'tutorial_dag' retrieved from /home/airflow/.local/lib/python3.8/site-packages/airflow/example_dags/tutorial_dag.py
[2025-12-21T07:19:25.065+0000] {logging_mixin.py:188} INFO - [2025-12-21T07:19:25.065+0000] {dag.py:3047} INFO - Sync 1 DAGs
[2025-12-21T07:19:25.086+0000] {logging_mixin.py:188} INFO - [2025-12-21T07:19:25.085+0000] {dag.py:3834} INFO - Setting next_dagrun for tutorial_dag to None, run_after=None
[2025-12-21T07:19:25.124+0000] {processor.py:183} INFO - Processing /home/airflow/.local/lib/python3.8/site-packages/airflow/example_dags/tutorial_dag.py took 0.107 seconds
[2025-12-21T07:19:55.526+0000] {processor.py:161} INFO - Started process (PID=977) to work on /home/airflow/.local/lib/python3.8/site-packages/airflow/example_dags/tutorial_dag.py
[2025-12-21T07:19:55.528+0000] {processor.py:830} INFO - Processing file /home/airflow/.local/lib/python3.8/site-packages/airflow/example_dags/tutorial_dag.py for tasks to queue
[2025-12-21T07:19:55.533+0000] {logging_mixin.py:188} INFO - [2025-12-21T07:19:55.532+0000] {dagbag.py:540} INFO - Filling up the DagBag from /home/airflow/.local/lib/python3.8/site-packages/airflow/example_dags/tutorial_dag.py
[2025-12-21T07:19:55.542+0000] {processor.py:840} INFO - DAG(s) 'tutorial_dag' retrieved from /home/airflow/.local/lib/python3.8/site-packages/airflow/example_dags/tutorial_dag.py
[2025-12-21T07:19:55.570+0000] {logging_mixin.py:188} INFO - [2025-12-21T07:19:55.570+0000] {dag.py:3047} INFO - Sync 1 DAGs
[2025-12-21T07:19:55.583+0000] {logging_mixin.py:188} INFO - [2025-12-21T07:19:55.583+0000] {dag.py:3834} INFO - Setting next_dagrun for tutorial_dag to None, run_after=None
[2025-12-21T07:19:55.607+0000] {processor.py:183} INFO - Processing /home/airflow/.local/lib/python3.8/site-packages/airflow/example_dags/tutorial_dag.py took 0.087 seconds
[2025-12-21T07:20:26.134+0000] {processor.py:161} INFO - Started process (PID=1033) to work on /home/airflow/.local/lib/python3.8/site-packages/airflow/example_dags/tutorial_dag.py
[2025-12-21T07:20:26.136+0000] {processor.py:830} INFO - Processing file /home/airflow/.local/lib/python3.8/site-packages/airflow/example_dags/tutorial_dag.py for tasks to queue
[2025-12-21T07:20:26.138+0000] {logging_mixin.py:188} INFO - [2025-12-21T07:20:26.138+0000] {dagbag.py:540} INFO - Filling up the DagBag from /home/airflow/.local/lib/python3.8/site-packages/airflow/example_dags/tutorial_dag.py
[2025-12-21T07:20:26.151+0000] {processor.py:840} INFO - DAG(s) 'tutorial_dag' retrieved from /home/airflow/.local/lib/python3.8/site-packages/airflow/example_dags/tutorial_dag.py
[2025-12-21T07:20:26.179+0000] {logging_mixin.py:188} INFO - [2025-12-21T07:20:26.179+0000] {dag.py:3047} INFO - Sync 1 DAGs
[2025-12-21T07:20:26.211+0000] {logging_mixin.py:188} INFO - [2025-12-21T07:20:26.211+0000] {dag.py:3834} INFO - Setting next_dagrun for tutorial_dag to None, run_after=None
[2025-12-21T07:20:26.242+0000] {processor.py:183} INFO - Processing /home/airflow/.local/lib/python3.8/site-packages/airflow/example_dags/tutorial_dag.py took 0.113 seconds
[2025-12-21T07:20:40.365+0000] {processor.py:161} INFO - Started process (PID=68) to work on /home/airflow/.local/lib/python3.8/site-packages/airflow/example_dags/tutorial_dag.py
[2025-12-21T07:20:40.366+0000] {processor.py:830} INFO - Processing file /home/airflow/.local/lib/python3.8/site-packages/airflow/example_dags/tutorial_dag.py for tasks to queue
[2025-12-21T07:20:40.369+0000] {logging_mixin.py:188} INFO - [2025-12-21T07:20:40.368+0000] {dagbag.py:540} INFO - Filling up the DagBag from /home/airflow/.local/lib/python3.8/site-packages/airflow/example_dags/tutorial_dag.py
[2025-12-21T07:20:40.376+0000] {processor.py:840} INFO - DAG(s) 'tutorial_dag' retrieved from /home/airflow/.local/lib/python3.8/site-packages/airflow/example_dags/tutorial_dag.py
[2025-12-21T07:20:40.404+0000] {logging_mixin.py:188} INFO - [2025-12-21T07:20:40.404+0000] {dag.py:3047} INFO - Sync 1 DAGs
[2025-12-21T07:20:40.416+0000] {logging_mixin.py:188} INFO - [2025-12-21T07:20:40.416+0000] {dag.py:3834} INFO - Setting next_dagrun for tutorial_dag to None, run_after=None
[2025-12-21T07:20:40.442+0000] {processor.py:183} INFO - Processing /home/airflow/.local/lib/python3.8/site-packages/airflow/example_dags/tutorial_dag.py took 0.080 seconds
[2025-12-21T07:21:11.538+0000] {processor.py:161} INFO - Started process (PID=124) to work on /home/airflow/.local/lib/python3.8/site-packages/airflow/example_dags/tutorial_dag.py
[2025-12-21T07:21:11.539+0000] {processor.py:830} INFO - Processing file /home/airflow/.local/lib/python3.8/site-packages/airflow/example_dags/tutorial_dag.py for tasks to queue
[2025-12-21T07:21:11.543+0000] {logging_mixin.py:188} INFO - [2025-12-21T07:21:11.542+0000] {dagbag.py:540} INFO - Filling up the DagBag from /home/airflow/.local/lib/python3.8/site-packages/airflow/example_dags/tutorial_dag.py
[2025-12-21T07:21:11.549+0000] {processor.py:840} INFO - DAG(s) 'tutorial_dag' retrieved from /home/airflow/.local/lib/python3.8/site-packages/airflow/example_dags/tutorial_dag.py
[2025-12-21T07:21:11.576+0000] {logging_mixin.py:188} INFO - [2025-12-21T07:21:11.575+0000] {dag.py:3047} INFO - Sync 1 DAGs
[2025-12-21T07:21:11.589+0000] {logging_mixin.py:188} INFO - [2025-12-21T07:21:11.589+0000] {dag.py:3834} INFO - Setting next_dagrun for tutorial_dag to None, run_after=None
[2025-12-21T07:21:11.612+0000] {processor.py:183} INFO - Processing /home/airflow/.local/lib/python3.8/site-packages/airflow/example_dags/tutorial_dag.py took 0.078 seconds
[2025-12-21T07:22:21.298+0000] {processor.py:161} INFO - Started process (PID=75) to work on /home/airflow/.local/lib/python3.8/site-packages/airflow/example_dags/tutorial_dag.py
[2025-12-21T07:22:21.300+0000] {processor.py:830} INFO - Processing file /home/airflow/.local/lib/python3.8/site-packages/airflow/example_dags/tutorial_dag.py for tasks to queue
[2025-12-21T07:22:21.303+0000] {logging_mixin.py:188} INFO - [2025-12-21T07:22:21.303+0000] {dagbag.py:540} INFO - Filling up the DagBag from /home/airflow/.local/lib/python3.8/site-packages/airflow/example_dags/tutorial_dag.py
[2025-12-21T07:22:21.312+0000] {processor.py:840} INFO - DAG(s) 'tutorial_dag' retrieved from /home/airflow/.local/lib/python3.8/site-packages/airflow/example_dags/tutorial_dag.py
[2025-12-21T07:22:21.331+0000] {logging_mixin.py:188} INFO - [2025-12-21T07:22:21.331+0000] {dag.py:3047} INFO - Sync 1 DAGs
[2025-12-21T07:22:21.348+0000] {logging_mixin.py:188} INFO - [2025-12-21T07:22:21.348+0000] {dag.py:3834} INFO - Setting next_dagrun for tutorial_dag to None, run_after=None
[2025-12-21T07:22:21.375+0000] {processor.py:183} INFO - Processing /home/airflow/.local/lib/python3.8/site-packages/airflow/example_dags/tutorial_dag.py took 0.082 seconds
[2025-12-21T07:22:52.766+0000] {processor.py:161} INFO - Started process (PID=138) to work on /home/airflow/.local/lib/python3.8/site-packages/airflow/example_dags/tutorial_dag.py
[2025-12-21T07:22:52.767+0000] {processor.py:830} INFO - Processing file /home/airflow/.local/lib/python3.8/site-packages/airflow/example_dags/tutorial_dag.py for tasks to queue
[2025-12-21T07:22:52.770+0000] {logging_mixin.py:188} INFO - [2025-12-21T07:22:52.769+0000] {dagbag.py:540} INFO - Filling up the DagBag from /home/airflow/.local/lib/python3.8/site-packages/airflow/example_dags/tutorial_dag.py
[2025-12-21T07:22:52.778+0000] {processor.py:840} INFO - DAG(s) 'tutorial_dag' retrieved from /home/airflow/.local/lib/python3.8/site-packages/airflow/example_dags/tutorial_dag.py
[2025-12-21T07:22:52.878+0000] {logging_mixin.py:188} INFO - [2025-12-21T07:22:52.878+0000] {dag.py:3047} INFO - Sync 1 DAGs
[2025-12-21T07:22:52.889+0000] {logging_mixin.py:188} INFO - [2025-12-21T07:22:52.889+0000] {dag.py:3834} INFO - Setting next_dagrun for tutorial_dag to None, run_after=None
[2025-12-21T07:22:52.911+0000] {processor.py:183} INFO - Processing /home/airflow/.local/lib/python3.8/site-packages/airflow/example_dags/tutorial_dag.py took 0.150 seconds
[2025-12-21T07:28:31.889+0000] {processor.py:161} INFO - Started process (PID=83) to work on /home/airflow/.local/lib/python3.8/site-packages/airflow/example_dags/tutorial_dag.py
[2025-12-21T07:28:31.895+0000] {processor.py:830} INFO - Processing file /home/airflow/.local/lib/python3.8/site-packages/airflow/example_dags/tutorial_dag.py for tasks to queue
[2025-12-21T07:28:31.902+0000] {logging_mixin.py:188} INFO - [2025-12-21T07:28:31.902+0000] {dagbag.py:540} INFO - Filling up the DagBag from /home/airflow/.local/lib/python3.8/site-packages/airflow/example_dags/tutorial_dag.py
[2025-12-21T07:28:31.918+0000] {processor.py:840} INFO - DAG(s) 'tutorial_dag' retrieved from /home/airflow/.local/lib/python3.8/site-packages/airflow/example_dags/tutorial_dag.py
[2025-12-21T07:28:31.952+0000] {logging_mixin.py:188} INFO - [2025-12-21T07:28:31.952+0000] {dag.py:3047} INFO - Sync 1 DAGs
[2025-12-21T07:28:31.972+0000] {logging_mixin.py:188} INFO - [2025-12-21T07:28:31.972+0000] {dag.py:3834} INFO - Setting next_dagrun for tutorial_dag to None, run_after=None
[2025-12-21T07:28:32.004+0000] {processor.py:183} INFO - Processing /home/airflow/.local/lib/python3.8/site-packages/airflow/example_dags/tutorial_dag.py took 0.130 seconds
[2025-12-21T07:29:02.429+0000] {processor.py:161} INFO - Started process (PID=139) to work on /home/airflow/.local/lib/python3.8/site-packages/airflow/example_dags/tutorial_dag.py
[2025-12-21T07:29:02.431+0000] {processor.py:830} INFO - Processing file /home/airflow/.local/lib/python3.8/site-packages/airflow/example_dags/tutorial_dag.py for tasks to queue
[2025-12-21T07:29:02.433+0000] {logging_mixin.py:188} INFO - [2025-12-21T07:29:02.432+0000] {dagbag.py:540} INFO - Filling up the DagBag from /home/airflow/.local/lib/python3.8/site-packages/airflow/example_dags/tutorial_dag.py
[2025-12-21T07:29:02.440+0000] {processor.py:840} INFO - DAG(s) 'tutorial_dag' retrieved from /home/airflow/.local/lib/python3.8/site-packages/airflow/example_dags/tutorial_dag.py
[2025-12-21T07:29:02.541+0000] {logging_mixin.py:188} INFO - [2025-12-21T07:29:02.541+0000] {dag.py:3047} INFO - Sync 1 DAGs
[2025-12-21T07:29:02.553+0000] {logging_mixin.py:188} INFO - [2025-12-21T07:29:02.553+0000] {dag.py:3834} INFO - Setting next_dagrun for tutorial_dag to None, run_after=None
[2025-12-21T07:29:02.575+0000] {processor.py:183} INFO - Processing /home/airflow/.local/lib/python3.8/site-packages/airflow/example_dags/tutorial_dag.py took 0.151 seconds
[2025-12-21T07:29:33.433+0000] {processor.py:161} INFO - Started process (PID=195) to work on /home/airflow/.local/lib/python3.8/site-packages/airflow/example_dags/tutorial_dag.py
[2025-12-21T07:29:33.435+0000] {processor.py:830} INFO - Processing file /home/airflow/.local/lib/python3.8/site-packages/airflow/example_dags/tutorial_dag.py for tasks to queue
[2025-12-21T07:29:33.437+0000] {logging_mixin.py:188} INFO - [2025-12-21T07:29:33.437+0000] {dagbag.py:540} INFO - Filling up the DagBag from /home/airflow/.local/lib/python3.8/site-packages/airflow/example_dags/tutorial_dag.py
[2025-12-21T07:29:33.444+0000] {processor.py:840} INFO - DAG(s) 'tutorial_dag' retrieved from /home/airflow/.local/lib/python3.8/site-packages/airflow/example_dags/tutorial_dag.py
[2025-12-21T07:29:33.473+0000] {logging_mixin.py:188} INFO - [2025-12-21T07:29:33.473+0000] {dag.py:3047} INFO - Sync 1 DAGs
[2025-12-21T07:29:33.487+0000] {logging_mixin.py:188} INFO - [2025-12-21T07:29:33.487+0000] {dag.py:3834} INFO - Setting next_dagrun for tutorial_dag to None, run_after=None
[2025-12-21T07:29:33.514+0000] {processor.py:183} INFO - Processing /home/airflow/.local/lib/python3.8/site-packages/airflow/example_dags/tutorial_dag.py took 0.086 seconds
[2025-12-21T07:30:03.813+0000] {processor.py:161} INFO - Started process (PID=250) to work on /home/airflow/.local/lib/python3.8/site-packages/airflow/example_dags/tutorial_dag.py
[2025-12-21T07:30:03.815+0000] {processor.py:830} INFO - Processing file /home/airflow/.local/lib/python3.8/site-packages/airflow/example_dags/tutorial_dag.py for tasks to queue
[2025-12-21T07:30:03.820+0000] {logging_mixin.py:188} INFO - [2025-12-21T07:30:03.819+0000] {dagbag.py:540} INFO - Filling up the DagBag from /home/airflow/.local/lib/python3.8/site-packages/airflow/example_dags/tutorial_dag.py
[2025-12-21T07:30:03.827+0000] {processor.py:840} INFO - DAG(s) 'tutorial_dag' retrieved from /home/airflow/.local/lib/python3.8/site-packages/airflow/example_dags/tutorial_dag.py
[2025-12-21T07:30:03.851+0000] {logging_mixin.py:188} INFO - [2025-12-21T07:30:03.851+0000] {dag.py:3047} INFO - Sync 1 DAGs
[2025-12-21T07:30:03.864+0000] {logging_mixin.py:188} INFO - [2025-12-21T07:30:03.864+0000] {dag.py:3834} INFO - Setting next_dagrun for tutorial_dag to None, run_after=None
[2025-12-21T07:30:03.889+0000] {processor.py:183} INFO - Processing /home/airflow/.local/lib/python3.8/site-packages/airflow/example_dags/tutorial_dag.py took 0.080 seconds
[2025-12-21T07:30:34.095+0000] {processor.py:161} INFO - Started process (PID=306) to work on /home/airflow/.local/lib/python3.8/site-packages/airflow/example_dags/tutorial_dag.py
[2025-12-21T07:30:34.096+0000] {processor.py:830} INFO - Processing file /home/airflow/.local/lib/python3.8/site-packages/airflow/example_dags/tutorial_dag.py for tasks to queue
[2025-12-21T07:30:34.098+0000] {logging_mixin.py:188} INFO - [2025-12-21T07:30:34.098+0000] {dagbag.py:540} INFO - Filling up the DagBag from /home/airflow/.local/lib/python3.8/site-packages/airflow/example_dags/tutorial_dag.py
[2025-12-21T07:30:34.104+0000] {processor.py:840} INFO - DAG(s) 'tutorial_dag' retrieved from /home/airflow/.local/lib/python3.8/site-packages/airflow/example_dags/tutorial_dag.py
[2025-12-21T07:30:34.127+0000] {logging_mixin.py:188} INFO - [2025-12-21T07:30:34.127+0000] {dag.py:3047} INFO - Sync 1 DAGs
[2025-12-21T07:30:34.140+0000] {logging_mixin.py:188} INFO - [2025-12-21T07:30:34.139+0000] {dag.py:3834} INFO - Setting next_dagrun for tutorial_dag to None, run_after=None
[2025-12-21T07:30:34.160+0000] {processor.py:183} INFO - Processing /home/airflow/.local/lib/python3.8/site-packages/airflow/example_dags/tutorial_dag.py took 0.069 seconds
[2025-12-21T07:31:04.394+0000] {processor.py:161} INFO - Started process (PID=362) to work on /home/airflow/.local/lib/python3.8/site-packages/airflow/example_dags/tutorial_dag.py
[2025-12-21T07:31:04.396+0000] {processor.py:830} INFO - Processing file /home/airflow/.local/lib/python3.8/site-packages/airflow/example_dags/tutorial_dag.py for tasks to queue
[2025-12-21T07:31:04.399+0000] {logging_mixin.py:188} INFO - [2025-12-21T07:31:04.398+0000] {dagbag.py:540} INFO - Filling up the DagBag from /home/airflow/.local/lib/python3.8/site-packages/airflow/example_dags/tutorial_dag.py
[2025-12-21T07:31:04.406+0000] {processor.py:840} INFO - DAG(s) 'tutorial_dag' retrieved from /home/airflow/.local/lib/python3.8/site-packages/airflow/example_dags/tutorial_dag.py
[2025-12-21T07:31:04.432+0000] {logging_mixin.py:188} INFO - [2025-12-21T07:31:04.431+0000] {dag.py:3047} INFO - Sync 1 DAGs
[2025-12-21T07:31:04.446+0000] {logging_mixin.py:188} INFO - [2025-12-21T07:31:04.445+0000] {dag.py:3834} INFO - Setting next_dagrun for tutorial_dag to None, run_after=None
[2025-12-21T07:31:04.472+0000] {processor.py:183} INFO - Processing /home/airflow/.local/lib/python3.8/site-packages/airflow/example_dags/tutorial_dag.py took 0.083 seconds
[2025-12-21T07:31:34.611+0000] {processor.py:161} INFO - Started process (PID=418) to work on /home/airflow/.local/lib/python3.8/site-packages/airflow/example_dags/tutorial_dag.py
[2025-12-21T07:31:34.612+0000] {processor.py:830} INFO - Processing file /home/airflow/.local/lib/python3.8/site-packages/airflow/example_dags/tutorial_dag.py for tasks to queue
[2025-12-21T07:31:34.616+0000] {logging_mixin.py:188} INFO - [2025-12-21T07:31:34.615+0000] {dagbag.py:540} INFO - Filling up the DagBag from /home/airflow/.local/lib/python3.8/site-packages/airflow/example_dags/tutorial_dag.py
[2025-12-21T07:31:34.623+0000] {processor.py:840} INFO - DAG(s) 'tutorial_dag' retrieved from /home/airflow/.local/lib/python3.8/site-packages/airflow/example_dags/tutorial_dag.py
[2025-12-21T07:31:34.650+0000] {logging_mixin.py:188} INFO - [2025-12-21T07:31:34.650+0000] {dag.py:3047} INFO - Sync 1 DAGs
[2025-12-21T07:31:34.666+0000] {logging_mixin.py:188} INFO - [2025-12-21T07:31:34.666+0000] {dag.py:3834} INFO - Setting next_dagrun for tutorial_dag to None, run_after=None
[2025-12-21T07:31:34.692+0000] {processor.py:183} INFO - Processing /home/airflow/.local/lib/python3.8/site-packages/airflow/example_dags/tutorial_dag.py took 0.085 seconds
