[2025-12-21T06:58:38.332+0000] {processor.py:161} INFO - Started process (PID=77) to work on /home/airflow/.local/lib/python3.8/site-packages/airflow/example_dags/tutorial.py
[2025-12-21T06:58:38.860+0000] {logging_mixin.py:188} INFO - [2025-12-21T06:58:38.860+0000] {process_utils.py:262} INFO - Waiting up to 5 seconds for processes to exit...
[2025-12-21T06:58:53.102+0000] {processor.py:161} INFO - Started process (PID=67) to work on /home/airflow/.local/lib/python3.8/site-packages/airflow/example_dags/tutorial.py
[2025-12-21T06:58:53.104+0000] {processor.py:830} INFO - Processing file /home/airflow/.local/lib/python3.8/site-packages/airflow/example_dags/tutorial.py for tasks to queue
[2025-12-21T06:58:53.107+0000] {logging_mixin.py:188} INFO - [2025-12-21T06:58:53.107+0000] {dagbag.py:540} INFO - Filling up the DagBag from /home/airflow/.local/lib/python3.8/site-packages/airflow/example_dags/tutorial.py
[2025-12-21T06:58:53.115+0000] {processor.py:840} INFO - DAG(s) 'tutorial' retrieved from /home/airflow/.local/lib/python3.8/site-packages/airflow/example_dags/tutorial.py
[2025-12-21T06:58:53.216+0000] {logging_mixin.py:188} INFO - [2025-12-21T06:58:53.215+0000] {dag.py:3047} INFO - Sync 1 DAGs
[2025-12-21T06:58:53.238+0000] {logging_mixin.py:188} INFO - [2025-12-21T06:58:53.238+0000] {dag.py:3834} INFO - Setting next_dagrun for tutorial to 2025-12-20 00:00:00+00:00, run_after=2025-12-21 00:00:00+00:00
[2025-12-21T06:58:53.260+0000] {processor.py:183} INFO - Processing /home/airflow/.local/lib/python3.8/site-packages/airflow/example_dags/tutorial.py took 0.162 seconds
[2025-12-21T06:59:23.921+0000] {processor.py:161} INFO - Started process (PID=123) to work on /home/airflow/.local/lib/python3.8/site-packages/airflow/example_dags/tutorial.py
[2025-12-21T06:59:23.922+0000] {processor.py:830} INFO - Processing file /home/airflow/.local/lib/python3.8/site-packages/airflow/example_dags/tutorial.py for tasks to queue
[2025-12-21T06:59:23.925+0000] {logging_mixin.py:188} INFO - [2025-12-21T06:59:23.925+0000] {dagbag.py:540} INFO - Filling up the DagBag from /home/airflow/.local/lib/python3.8/site-packages/airflow/example_dags/tutorial.py
[2025-12-21T06:59:23.934+0000] {processor.py:840} INFO - DAG(s) 'tutorial' retrieved from /home/airflow/.local/lib/python3.8/site-packages/airflow/example_dags/tutorial.py
[2025-12-21T06:59:23.959+0000] {logging_mixin.py:188} INFO - [2025-12-21T06:59:23.959+0000] {dag.py:3047} INFO - Sync 1 DAGs
[2025-12-21T06:59:23.983+0000] {logging_mixin.py:188} INFO - [2025-12-21T06:59:23.983+0000] {dag.py:3834} INFO - Setting next_dagrun for tutorial to 2025-12-20 00:00:00+00:00, run_after=2025-12-21 00:00:00+00:00
[2025-12-21T06:59:24.007+0000] {processor.py:183} INFO - Processing /home/airflow/.local/lib/python3.8/site-packages/airflow/example_dags/tutorial.py took 0.090 seconds
[2025-12-21T06:59:54.360+0000] {processor.py:161} INFO - Started process (PID=179) to work on /home/airflow/.local/lib/python3.8/site-packages/airflow/example_dags/tutorial.py
[2025-12-21T06:59:54.362+0000] {processor.py:830} INFO - Processing file /home/airflow/.local/lib/python3.8/site-packages/airflow/example_dags/tutorial.py for tasks to queue
[2025-12-21T06:59:54.364+0000] {logging_mixin.py:188} INFO - [2025-12-21T06:59:54.364+0000] {dagbag.py:540} INFO - Filling up the DagBag from /home/airflow/.local/lib/python3.8/site-packages/airflow/example_dags/tutorial.py
[2025-12-21T06:59:54.371+0000] {processor.py:840} INFO - DAG(s) 'tutorial' retrieved from /home/airflow/.local/lib/python3.8/site-packages/airflow/example_dags/tutorial.py
[2025-12-21T06:59:54.398+0000] {logging_mixin.py:188} INFO - [2025-12-21T06:59:54.397+0000] {dag.py:3047} INFO - Sync 1 DAGs
[2025-12-21T06:59:54.422+0000] {logging_mixin.py:188} INFO - [2025-12-21T06:59:54.422+0000] {dag.py:3834} INFO - Setting next_dagrun for tutorial to 2025-12-20 00:00:00+00:00, run_after=2025-12-21 00:00:00+00:00
[2025-12-21T06:59:54.447+0000] {processor.py:183} INFO - Processing /home/airflow/.local/lib/python3.8/site-packages/airflow/example_dags/tutorial.py took 0.091 seconds
[2025-12-21T07:00:24.744+0000] {processor.py:161} INFO - Started process (PID=235) to work on /home/airflow/.local/lib/python3.8/site-packages/airflow/example_dags/tutorial.py
[2025-12-21T07:00:24.746+0000] {processor.py:830} INFO - Processing file /home/airflow/.local/lib/python3.8/site-packages/airflow/example_dags/tutorial.py for tasks to queue
[2025-12-21T07:00:24.749+0000] {logging_mixin.py:188} INFO - [2025-12-21T07:00:24.749+0000] {dagbag.py:540} INFO - Filling up the DagBag from /home/airflow/.local/lib/python3.8/site-packages/airflow/example_dags/tutorial.py
[2025-12-21T07:00:24.759+0000] {processor.py:840} INFO - DAG(s) 'tutorial' retrieved from /home/airflow/.local/lib/python3.8/site-packages/airflow/example_dags/tutorial.py
[2025-12-21T07:00:24.790+0000] {logging_mixin.py:188} INFO - [2025-12-21T07:00:24.790+0000] {dag.py:3047} INFO - Sync 1 DAGs
[2025-12-21T07:00:24.819+0000] {logging_mixin.py:188} INFO - [2025-12-21T07:00:24.819+0000] {dag.py:3834} INFO - Setting next_dagrun for tutorial to 2025-12-20 00:00:00+00:00, run_after=2025-12-21 00:00:00+00:00
[2025-12-21T07:00:24.848+0000] {processor.py:183} INFO - Processing /home/airflow/.local/lib/python3.8/site-packages/airflow/example_dags/tutorial.py took 0.109 seconds
[2025-12-21T07:00:54.939+0000] {processor.py:161} INFO - Started process (PID=291) to work on /home/airflow/.local/lib/python3.8/site-packages/airflow/example_dags/tutorial.py
[2025-12-21T07:00:54.940+0000] {processor.py:830} INFO - Processing file /home/airflow/.local/lib/python3.8/site-packages/airflow/example_dags/tutorial.py for tasks to queue
[2025-12-21T07:00:54.943+0000] {logging_mixin.py:188} INFO - [2025-12-21T07:00:54.943+0000] {dagbag.py:540} INFO - Filling up the DagBag from /home/airflow/.local/lib/python3.8/site-packages/airflow/example_dags/tutorial.py
[2025-12-21T07:00:54.952+0000] {processor.py:840} INFO - DAG(s) 'tutorial' retrieved from /home/airflow/.local/lib/python3.8/site-packages/airflow/example_dags/tutorial.py
[2025-12-21T07:00:54.980+0000] {logging_mixin.py:188} INFO - [2025-12-21T07:00:54.980+0000] {dag.py:3047} INFO - Sync 1 DAGs
[2025-12-21T07:00:55.008+0000] {logging_mixin.py:188} INFO - [2025-12-21T07:00:55.008+0000] {dag.py:3834} INFO - Setting next_dagrun for tutorial to 2025-12-20 00:00:00+00:00, run_after=2025-12-21 00:00:00+00:00
[2025-12-21T07:00:55.035+0000] {processor.py:183} INFO - Processing /home/airflow/.local/lib/python3.8/site-packages/airflow/example_dags/tutorial.py took 0.100 seconds
[2025-12-21T07:01:25.726+0000] {processor.py:161} INFO - Started process (PID=347) to work on /home/airflow/.local/lib/python3.8/site-packages/airflow/example_dags/tutorial.py
[2025-12-21T07:01:25.729+0000] {processor.py:830} INFO - Processing file /home/airflow/.local/lib/python3.8/site-packages/airflow/example_dags/tutorial.py for tasks to queue
[2025-12-21T07:01:25.732+0000] {logging_mixin.py:188} INFO - [2025-12-21T07:01:25.732+0000] {dagbag.py:540} INFO - Filling up the DagBag from /home/airflow/.local/lib/python3.8/site-packages/airflow/example_dags/tutorial.py
[2025-12-21T07:01:25.742+0000] {processor.py:840} INFO - DAG(s) 'tutorial' retrieved from /home/airflow/.local/lib/python3.8/site-packages/airflow/example_dags/tutorial.py
[2025-12-21T07:01:25.798+0000] {logging_mixin.py:188} INFO - [2025-12-21T07:01:25.798+0000] {dag.py:3047} INFO - Sync 1 DAGs
[2025-12-21T07:01:25.844+0000] {logging_mixin.py:188} INFO - [2025-12-21T07:01:25.843+0000] {dag.py:3834} INFO - Setting next_dagrun for tutorial to 2025-12-20 00:00:00+00:00, run_after=2025-12-21 00:00:00+00:00
[2025-12-21T07:01:25.887+0000] {processor.py:183} INFO - Processing /home/airflow/.local/lib/python3.8/site-packages/airflow/example_dags/tutorial.py took 0.166 seconds
[2025-12-21T07:01:56.706+0000] {processor.py:161} INFO - Started process (PID=403) to work on /home/airflow/.local/lib/python3.8/site-packages/airflow/example_dags/tutorial.py
[2025-12-21T07:01:56.708+0000] {processor.py:830} INFO - Processing file /home/airflow/.local/lib/python3.8/site-packages/airflow/example_dags/tutorial.py for tasks to queue
[2025-12-21T07:01:56.710+0000] {logging_mixin.py:188} INFO - [2025-12-21T07:01:56.710+0000] {dagbag.py:540} INFO - Filling up the DagBag from /home/airflow/.local/lib/python3.8/site-packages/airflow/example_dags/tutorial.py
[2025-12-21T07:01:56.717+0000] {processor.py:840} INFO - DAG(s) 'tutorial' retrieved from /home/airflow/.local/lib/python3.8/site-packages/airflow/example_dags/tutorial.py
[2025-12-21T07:01:56.739+0000] {logging_mixin.py:188} INFO - [2025-12-21T07:01:56.738+0000] {dag.py:3047} INFO - Sync 1 DAGs
[2025-12-21T07:01:56.761+0000] {logging_mixin.py:188} INFO - [2025-12-21T07:01:56.761+0000] {dag.py:3834} INFO - Setting next_dagrun for tutorial to 2025-12-20 00:00:00+00:00, run_after=2025-12-21 00:00:00+00:00
[2025-12-21T07:01:56.788+0000] {processor.py:183} INFO - Processing /home/airflow/.local/lib/python3.8/site-packages/airflow/example_dags/tutorial.py took 0.085 seconds
[2025-12-21T07:02:27.095+0000] {processor.py:161} INFO - Started process (PID=459) to work on /home/airflow/.local/lib/python3.8/site-packages/airflow/example_dags/tutorial.py
[2025-12-21T07:02:27.097+0000] {processor.py:830} INFO - Processing file /home/airflow/.local/lib/python3.8/site-packages/airflow/example_dags/tutorial.py for tasks to queue
[2025-12-21T07:02:27.099+0000] {logging_mixin.py:188} INFO - [2025-12-21T07:02:27.098+0000] {dagbag.py:540} INFO - Filling up the DagBag from /home/airflow/.local/lib/python3.8/site-packages/airflow/example_dags/tutorial.py
[2025-12-21T07:02:27.106+0000] {processor.py:840} INFO - DAG(s) 'tutorial' retrieved from /home/airflow/.local/lib/python3.8/site-packages/airflow/example_dags/tutorial.py
[2025-12-21T07:02:27.135+0000] {logging_mixin.py:188} INFO - [2025-12-21T07:02:27.134+0000] {dag.py:3047} INFO - Sync 1 DAGs
[2025-12-21T07:02:27.158+0000] {logging_mixin.py:188} INFO - [2025-12-21T07:02:27.157+0000] {dag.py:3834} INFO - Setting next_dagrun for tutorial to 2025-12-20 00:00:00+00:00, run_after=2025-12-21 00:00:00+00:00
[2025-12-21T07:02:27.179+0000] {processor.py:183} INFO - Processing /home/airflow/.local/lib/python3.8/site-packages/airflow/example_dags/tutorial.py took 0.088 seconds
[2025-12-21T07:02:57.713+0000] {processor.py:161} INFO - Started process (PID=515) to work on /home/airflow/.local/lib/python3.8/site-packages/airflow/example_dags/tutorial.py
[2025-12-21T07:02:57.716+0000] {processor.py:830} INFO - Processing file /home/airflow/.local/lib/python3.8/site-packages/airflow/example_dags/tutorial.py for tasks to queue
[2025-12-21T07:02:57.720+0000] {logging_mixin.py:188} INFO - [2025-12-21T07:02:57.720+0000] {dagbag.py:540} INFO - Filling up the DagBag from /home/airflow/.local/lib/python3.8/site-packages/airflow/example_dags/tutorial.py
[2025-12-21T07:02:57.730+0000] {processor.py:840} INFO - DAG(s) 'tutorial' retrieved from /home/airflow/.local/lib/python3.8/site-packages/airflow/example_dags/tutorial.py
[2025-12-21T07:02:57.767+0000] {logging_mixin.py:188} INFO - [2025-12-21T07:02:57.766+0000] {dag.py:3047} INFO - Sync 1 DAGs
[2025-12-21T07:02:57.806+0000] {logging_mixin.py:188} INFO - [2025-12-21T07:02:57.806+0000] {dag.py:3834} INFO - Setting next_dagrun for tutorial to 2025-12-20 00:00:00+00:00, run_after=2025-12-21 00:00:00+00:00
[2025-12-21T07:02:57.840+0000] {processor.py:183} INFO - Processing /home/airflow/.local/lib/python3.8/site-packages/airflow/example_dags/tutorial.py took 0.133 seconds
[2025-12-21T07:03:28.018+0000] {processor.py:161} INFO - Started process (PID=571) to work on /home/airflow/.local/lib/python3.8/site-packages/airflow/example_dags/tutorial.py
[2025-12-21T07:03:28.020+0000] {processor.py:830} INFO - Processing file /home/airflow/.local/lib/python3.8/site-packages/airflow/example_dags/tutorial.py for tasks to queue
[2025-12-21T07:03:28.022+0000] {logging_mixin.py:188} INFO - [2025-12-21T07:03:28.022+0000] {dagbag.py:540} INFO - Filling up the DagBag from /home/airflow/.local/lib/python3.8/site-packages/airflow/example_dags/tutorial.py
[2025-12-21T07:03:28.032+0000] {processor.py:840} INFO - DAG(s) 'tutorial' retrieved from /home/airflow/.local/lib/python3.8/site-packages/airflow/example_dags/tutorial.py
[2025-12-21T07:03:28.055+0000] {logging_mixin.py:188} INFO - [2025-12-21T07:03:28.055+0000] {dag.py:3047} INFO - Sync 1 DAGs
[2025-12-21T07:03:28.078+0000] {logging_mixin.py:188} INFO - [2025-12-21T07:03:28.078+0000] {dag.py:3834} INFO - Setting next_dagrun for tutorial to 2025-12-20 00:00:00+00:00, run_after=2025-12-21 00:00:00+00:00
[2025-12-21T07:03:28.101+0000] {processor.py:183} INFO - Processing /home/airflow/.local/lib/python3.8/site-packages/airflow/example_dags/tutorial.py took 0.086 seconds
[2025-12-21T07:03:58.509+0000] {processor.py:161} INFO - Started process (PID=627) to work on /home/airflow/.local/lib/python3.8/site-packages/airflow/example_dags/tutorial.py
[2025-12-21T07:03:58.511+0000] {processor.py:830} INFO - Processing file /home/airflow/.local/lib/python3.8/site-packages/airflow/example_dags/tutorial.py for tasks to queue
[2025-12-21T07:03:58.513+0000] {logging_mixin.py:188} INFO - [2025-12-21T07:03:58.513+0000] {dagbag.py:540} INFO - Filling up the DagBag from /home/airflow/.local/lib/python3.8/site-packages/airflow/example_dags/tutorial.py
[2025-12-21T07:03:58.521+0000] {processor.py:840} INFO - DAG(s) 'tutorial' retrieved from /home/airflow/.local/lib/python3.8/site-packages/airflow/example_dags/tutorial.py
[2025-12-21T07:03:58.549+0000] {logging_mixin.py:188} INFO - [2025-12-21T07:03:58.549+0000] {dag.py:3047} INFO - Sync 1 DAGs
[2025-12-21T07:03:58.576+0000] {logging_mixin.py:188} INFO - [2025-12-21T07:03:58.575+0000] {dag.py:3834} INFO - Setting next_dagrun for tutorial to 2025-12-20 00:00:00+00:00, run_after=2025-12-21 00:00:00+00:00
[2025-12-21T07:03:58.603+0000] {processor.py:183} INFO - Processing /home/airflow/.local/lib/python3.8/site-packages/airflow/example_dags/tutorial.py took 0.098 seconds
[2025-12-21T07:04:29.442+0000] {processor.py:161} INFO - Started process (PID=683) to work on /home/airflow/.local/lib/python3.8/site-packages/airflow/example_dags/tutorial.py
[2025-12-21T07:04:29.443+0000] {processor.py:830} INFO - Processing file /home/airflow/.local/lib/python3.8/site-packages/airflow/example_dags/tutorial.py for tasks to queue
[2025-12-21T07:04:29.446+0000] {logging_mixin.py:188} INFO - [2025-12-21T07:04:29.445+0000] {dagbag.py:540} INFO - Filling up the DagBag from /home/airflow/.local/lib/python3.8/site-packages/airflow/example_dags/tutorial.py
[2025-12-21T07:04:29.452+0000] {processor.py:840} INFO - DAG(s) 'tutorial' retrieved from /home/airflow/.local/lib/python3.8/site-packages/airflow/example_dags/tutorial.py
[2025-12-21T07:04:29.477+0000] {logging_mixin.py:188} INFO - [2025-12-21T07:04:29.476+0000] {dag.py:3047} INFO - Sync 1 DAGs
[2025-12-21T07:04:29.499+0000] {logging_mixin.py:188} INFO - [2025-12-21T07:04:29.499+0000] {dag.py:3834} INFO - Setting next_dagrun for tutorial to 2025-12-20 00:00:00+00:00, run_after=2025-12-21 00:00:00+00:00
[2025-12-21T07:04:29.519+0000] {processor.py:183} INFO - Processing /home/airflow/.local/lib/python3.8/site-packages/airflow/example_dags/tutorial.py took 0.082 seconds
[2025-12-21T07:04:59.697+0000] {processor.py:161} INFO - Started process (PID=739) to work on /home/airflow/.local/lib/python3.8/site-packages/airflow/example_dags/tutorial.py
[2025-12-21T07:04:59.698+0000] {processor.py:830} INFO - Processing file /home/airflow/.local/lib/python3.8/site-packages/airflow/example_dags/tutorial.py for tasks to queue
[2025-12-21T07:04:59.701+0000] {logging_mixin.py:188} INFO - [2025-12-21T07:04:59.700+0000] {dagbag.py:540} INFO - Filling up the DagBag from /home/airflow/.local/lib/python3.8/site-packages/airflow/example_dags/tutorial.py
[2025-12-21T07:04:59.708+0000] {processor.py:840} INFO - DAG(s) 'tutorial' retrieved from /home/airflow/.local/lib/python3.8/site-packages/airflow/example_dags/tutorial.py
[2025-12-21T07:04:59.730+0000] {logging_mixin.py:188} INFO - [2025-12-21T07:04:59.730+0000] {dag.py:3047} INFO - Sync 1 DAGs
[2025-12-21T07:04:59.753+0000] {logging_mixin.py:188} INFO - [2025-12-21T07:04:59.753+0000] {dag.py:3834} INFO - Setting next_dagrun for tutorial to 2025-12-20 00:00:00+00:00, run_after=2025-12-21 00:00:00+00:00
[2025-12-21T07:04:59.774+0000] {processor.py:183} INFO - Processing /home/airflow/.local/lib/python3.8/site-packages/airflow/example_dags/tutorial.py took 0.080 seconds
[2025-12-21T07:05:30.142+0000] {processor.py:161} INFO - Started process (PID=795) to work on /home/airflow/.local/lib/python3.8/site-packages/airflow/example_dags/tutorial.py
[2025-12-21T07:05:30.143+0000] {processor.py:830} INFO - Processing file /home/airflow/.local/lib/python3.8/site-packages/airflow/example_dags/tutorial.py for tasks to queue
[2025-12-21T07:05:30.145+0000] {logging_mixin.py:188} INFO - [2025-12-21T07:05:30.145+0000] {dagbag.py:540} INFO - Filling up the DagBag from /home/airflow/.local/lib/python3.8/site-packages/airflow/example_dags/tutorial.py
[2025-12-21T07:05:30.152+0000] {processor.py:840} INFO - DAG(s) 'tutorial' retrieved from /home/airflow/.local/lib/python3.8/site-packages/airflow/example_dags/tutorial.py
[2025-12-21T07:05:30.175+0000] {logging_mixin.py:188} INFO - [2025-12-21T07:05:30.174+0000] {dag.py:3047} INFO - Sync 1 DAGs
[2025-12-21T07:05:30.197+0000] {logging_mixin.py:188} INFO - [2025-12-21T07:05:30.196+0000] {dag.py:3834} INFO - Setting next_dagrun for tutorial to 2025-12-20 00:00:00+00:00, run_after=2025-12-21 00:00:00+00:00
[2025-12-21T07:05:30.218+0000] {processor.py:183} INFO - Processing /home/airflow/.local/lib/python3.8/site-packages/airflow/example_dags/tutorial.py took 0.079 seconds
[2025-12-21T07:06:00.291+0000] {processor.py:161} INFO - Started process (PID=851) to work on /home/airflow/.local/lib/python3.8/site-packages/airflow/example_dags/tutorial.py
[2025-12-21T07:06:00.293+0000] {processor.py:830} INFO - Processing file /home/airflow/.local/lib/python3.8/site-packages/airflow/example_dags/tutorial.py for tasks to queue
[2025-12-21T07:06:00.296+0000] {logging_mixin.py:188} INFO - [2025-12-21T07:06:00.295+0000] {dagbag.py:540} INFO - Filling up the DagBag from /home/airflow/.local/lib/python3.8/site-packages/airflow/example_dags/tutorial.py
[2025-12-21T07:06:00.310+0000] {processor.py:840} INFO - DAG(s) 'tutorial' retrieved from /home/airflow/.local/lib/python3.8/site-packages/airflow/example_dags/tutorial.py
[2025-12-21T07:06:00.357+0000] {logging_mixin.py:188} INFO - [2025-12-21T07:06:00.356+0000] {dag.py:3047} INFO - Sync 1 DAGs
[2025-12-21T07:06:00.410+0000] {logging_mixin.py:188} INFO - [2025-12-21T07:06:00.410+0000] {dag.py:3834} INFO - Setting next_dagrun for tutorial to 2025-12-20 00:00:00+00:00, run_after=2025-12-21 00:00:00+00:00
[2025-12-21T07:06:00.434+0000] {processor.py:183} INFO - Processing /home/airflow/.local/lib/python3.8/site-packages/airflow/example_dags/tutorial.py took 0.147 seconds
[2025-12-21T07:06:30.617+0000] {processor.py:161} INFO - Started process (PID=907) to work on /home/airflow/.local/lib/python3.8/site-packages/airflow/example_dags/tutorial.py
[2025-12-21T07:06:30.618+0000] {processor.py:830} INFO - Processing file /home/airflow/.local/lib/python3.8/site-packages/airflow/example_dags/tutorial.py for tasks to queue
[2025-12-21T07:06:30.621+0000] {logging_mixin.py:188} INFO - [2025-12-21T07:06:30.620+0000] {dagbag.py:540} INFO - Filling up the DagBag from /home/airflow/.local/lib/python3.8/site-packages/airflow/example_dags/tutorial.py
[2025-12-21T07:06:30.629+0000] {processor.py:840} INFO - DAG(s) 'tutorial' retrieved from /home/airflow/.local/lib/python3.8/site-packages/airflow/example_dags/tutorial.py
[2025-12-21T07:06:30.653+0000] {logging_mixin.py:188} INFO - [2025-12-21T07:06:30.653+0000] {dag.py:3047} INFO - Sync 1 DAGs
[2025-12-21T07:06:30.678+0000] {logging_mixin.py:188} INFO - [2025-12-21T07:06:30.678+0000] {dag.py:3834} INFO - Setting next_dagrun for tutorial to 2025-12-20 00:00:00+00:00, run_after=2025-12-21 00:00:00+00:00
[2025-12-21T07:06:30.700+0000] {processor.py:183} INFO - Processing /home/airflow/.local/lib/python3.8/site-packages/airflow/example_dags/tutorial.py took 0.087 seconds
[2025-12-21T07:07:00.964+0000] {processor.py:161} INFO - Started process (PID=963) to work on /home/airflow/.local/lib/python3.8/site-packages/airflow/example_dags/tutorial.py
[2025-12-21T07:07:00.966+0000] {processor.py:830} INFO - Processing file /home/airflow/.local/lib/python3.8/site-packages/airflow/example_dags/tutorial.py for tasks to queue
[2025-12-21T07:07:00.968+0000] {logging_mixin.py:188} INFO - [2025-12-21T07:07:00.968+0000] {dagbag.py:540} INFO - Filling up the DagBag from /home/airflow/.local/lib/python3.8/site-packages/airflow/example_dags/tutorial.py
[2025-12-21T07:07:00.975+0000] {processor.py:840} INFO - DAG(s) 'tutorial' retrieved from /home/airflow/.local/lib/python3.8/site-packages/airflow/example_dags/tutorial.py
[2025-12-21T07:07:01.001+0000] {logging_mixin.py:188} INFO - [2025-12-21T07:07:01.001+0000] {dag.py:3047} INFO - Sync 1 DAGs
[2025-12-21T07:07:01.023+0000] {logging_mixin.py:188} INFO - [2025-12-21T07:07:01.023+0000] {dag.py:3834} INFO - Setting next_dagrun for tutorial to 2025-12-20 00:00:00+00:00, run_after=2025-12-21 00:00:00+00:00
[2025-12-21T07:07:01.045+0000] {processor.py:183} INFO - Processing /home/airflow/.local/lib/python3.8/site-packages/airflow/example_dags/tutorial.py took 0.085 seconds
[2025-12-21T07:07:31.413+0000] {processor.py:161} INFO - Started process (PID=1019) to work on /home/airflow/.local/lib/python3.8/site-packages/airflow/example_dags/tutorial.py
[2025-12-21T07:07:31.414+0000] {processor.py:830} INFO - Processing file /home/airflow/.local/lib/python3.8/site-packages/airflow/example_dags/tutorial.py for tasks to queue
[2025-12-21T07:07:31.416+0000] {logging_mixin.py:188} INFO - [2025-12-21T07:07:31.416+0000] {dagbag.py:540} INFO - Filling up the DagBag from /home/airflow/.local/lib/python3.8/site-packages/airflow/example_dags/tutorial.py
[2025-12-21T07:07:31.423+0000] {processor.py:840} INFO - DAG(s) 'tutorial' retrieved from /home/airflow/.local/lib/python3.8/site-packages/airflow/example_dags/tutorial.py
[2025-12-21T07:07:31.449+0000] {logging_mixin.py:188} INFO - [2025-12-21T07:07:31.448+0000] {dag.py:3047} INFO - Sync 1 DAGs
[2025-12-21T07:07:31.475+0000] {logging_mixin.py:188} INFO - [2025-12-21T07:07:31.474+0000] {dag.py:3834} INFO - Setting next_dagrun for tutorial to 2025-12-20 00:00:00+00:00, run_after=2025-12-21 00:00:00+00:00
[2025-12-21T07:07:31.497+0000] {processor.py:183} INFO - Processing /home/airflow/.local/lib/python3.8/site-packages/airflow/example_dags/tutorial.py took 0.088 seconds
[2025-12-21T07:08:02.361+0000] {processor.py:161} INFO - Started process (PID=1075) to work on /home/airflow/.local/lib/python3.8/site-packages/airflow/example_dags/tutorial.py
[2025-12-21T07:08:02.363+0000] {processor.py:830} INFO - Processing file /home/airflow/.local/lib/python3.8/site-packages/airflow/example_dags/tutorial.py for tasks to queue
[2025-12-21T07:08:02.367+0000] {logging_mixin.py:188} INFO - [2025-12-21T07:08:02.366+0000] {dagbag.py:540} INFO - Filling up the DagBag from /home/airflow/.local/lib/python3.8/site-packages/airflow/example_dags/tutorial.py
[2025-12-21T07:08:02.374+0000] {processor.py:840} INFO - DAG(s) 'tutorial' retrieved from /home/airflow/.local/lib/python3.8/site-packages/airflow/example_dags/tutorial.py
[2025-12-21T07:08:02.406+0000] {logging_mixin.py:188} INFO - [2025-12-21T07:08:02.406+0000] {dag.py:3047} INFO - Sync 1 DAGs
[2025-12-21T07:08:02.437+0000] {logging_mixin.py:188} INFO - [2025-12-21T07:08:02.437+0000] {dag.py:3834} INFO - Setting next_dagrun for tutorial to 2025-12-20 00:00:00+00:00, run_after=2025-12-21 00:00:00+00:00
[2025-12-21T07:08:02.462+0000] {processor.py:183} INFO - Processing /home/airflow/.local/lib/python3.8/site-packages/airflow/example_dags/tutorial.py took 0.105 seconds
[2025-12-21T07:08:33.329+0000] {processor.py:161} INFO - Started process (PID=1131) to work on /home/airflow/.local/lib/python3.8/site-packages/airflow/example_dags/tutorial.py
[2025-12-21T07:08:33.331+0000] {processor.py:830} INFO - Processing file /home/airflow/.local/lib/python3.8/site-packages/airflow/example_dags/tutorial.py for tasks to queue
[2025-12-21T07:08:33.333+0000] {logging_mixin.py:188} INFO - [2025-12-21T07:08:33.332+0000] {dagbag.py:540} INFO - Filling up the DagBag from /home/airflow/.local/lib/python3.8/site-packages/airflow/example_dags/tutorial.py
[2025-12-21T07:08:33.341+0000] {processor.py:840} INFO - DAG(s) 'tutorial' retrieved from /home/airflow/.local/lib/python3.8/site-packages/airflow/example_dags/tutorial.py
[2025-12-21T07:08:33.369+0000] {logging_mixin.py:188} INFO - [2025-12-21T07:08:33.368+0000] {dag.py:3047} INFO - Sync 1 DAGs
[2025-12-21T07:08:33.395+0000] {logging_mixin.py:188} INFO - [2025-12-21T07:08:33.395+0000] {dag.py:3834} INFO - Setting next_dagrun for tutorial to 2025-12-20 00:00:00+00:00, run_after=2025-12-21 00:00:00+00:00
[2025-12-21T07:08:33.418+0000] {processor.py:183} INFO - Processing /home/airflow/.local/lib/python3.8/site-packages/airflow/example_dags/tutorial.py took 0.093 seconds
[2025-12-21T07:11:43.263+0000] {processor.py:161} INFO - Started process (PID=73) to work on /home/airflow/.local/lib/python3.8/site-packages/airflow/example_dags/tutorial.py
[2025-12-21T07:11:43.266+0000] {processor.py:830} INFO - Processing file /home/airflow/.local/lib/python3.8/site-packages/airflow/example_dags/tutorial.py for tasks to queue
[2025-12-21T07:11:43.271+0000] {logging_mixin.py:188} INFO - [2025-12-21T07:11:43.270+0000] {dagbag.py:540} INFO - Filling up the DagBag from /home/airflow/.local/lib/python3.8/site-packages/airflow/example_dags/tutorial.py
[2025-12-21T07:11:43.284+0000] {processor.py:840} INFO - DAG(s) 'tutorial' retrieved from /home/airflow/.local/lib/python3.8/site-packages/airflow/example_dags/tutorial.py
[2025-12-21T07:11:43.314+0000] {logging_mixin.py:188} INFO - [2025-12-21T07:11:43.313+0000] {dag.py:3047} INFO - Sync 1 DAGs
[2025-12-21T07:11:43.354+0000] {logging_mixin.py:188} INFO - [2025-12-21T07:11:43.354+0000] {dag.py:3834} INFO - Setting next_dagrun for tutorial to 2025-12-20 00:00:00+00:00, run_after=2025-12-21 00:00:00+00:00
[2025-12-21T07:11:43.383+0000] {processor.py:183} INFO - Processing /home/airflow/.local/lib/python3.8/site-packages/airflow/example_dags/tutorial.py took 0.129 seconds
[2025-12-21T07:12:14.947+0000] {processor.py:161} INFO - Started process (PID=134) to work on /home/airflow/.local/lib/python3.8/site-packages/airflow/example_dags/tutorial.py
[2025-12-21T07:12:14.951+0000] {processor.py:830} INFO - Processing file /home/airflow/.local/lib/python3.8/site-packages/airflow/example_dags/tutorial.py for tasks to queue
[2025-12-21T07:12:14.954+0000] {logging_mixin.py:188} INFO - [2025-12-21T07:12:14.954+0000] {dagbag.py:540} INFO - Filling up the DagBag from /home/airflow/.local/lib/python3.8/site-packages/airflow/example_dags/tutorial.py
[2025-12-21T07:12:14.962+0000] {processor.py:840} INFO - DAG(s) 'tutorial' retrieved from /home/airflow/.local/lib/python3.8/site-packages/airflow/example_dags/tutorial.py
[2025-12-21T07:12:15.075+0000] {logging_mixin.py:188} INFO - [2025-12-21T07:12:15.074+0000] {dag.py:3047} INFO - Sync 1 DAGs
[2025-12-21T07:12:15.098+0000] {logging_mixin.py:188} INFO - [2025-12-21T07:12:15.098+0000] {dag.py:3834} INFO - Setting next_dagrun for tutorial to 2025-12-20 00:00:00+00:00, run_after=2025-12-21 00:00:00+00:00
[2025-12-21T07:12:15.119+0000] {processor.py:183} INFO - Processing /home/airflow/.local/lib/python3.8/site-packages/airflow/example_dags/tutorial.py took 0.177 seconds
[2025-12-21T07:12:45.444+0000] {processor.py:161} INFO - Started process (PID=190) to work on /home/airflow/.local/lib/python3.8/site-packages/airflow/example_dags/tutorial.py
[2025-12-21T07:12:45.445+0000] {processor.py:830} INFO - Processing file /home/airflow/.local/lib/python3.8/site-packages/airflow/example_dags/tutorial.py for tasks to queue
[2025-12-21T07:12:45.448+0000] {logging_mixin.py:188} INFO - [2025-12-21T07:12:45.448+0000] {dagbag.py:540} INFO - Filling up the DagBag from /home/airflow/.local/lib/python3.8/site-packages/airflow/example_dags/tutorial.py
[2025-12-21T07:12:45.455+0000] {processor.py:840} INFO - DAG(s) 'tutorial' retrieved from /home/airflow/.local/lib/python3.8/site-packages/airflow/example_dags/tutorial.py
[2025-12-21T07:12:45.482+0000] {logging_mixin.py:188} INFO - [2025-12-21T07:12:45.482+0000] {dag.py:3047} INFO - Sync 1 DAGs
[2025-12-21T07:12:45.510+0000] {logging_mixin.py:188} INFO - [2025-12-21T07:12:45.510+0000] {dag.py:3834} INFO - Setting next_dagrun for tutorial to 2025-12-20 00:00:00+00:00, run_after=2025-12-21 00:00:00+00:00
[2025-12-21T07:12:45.536+0000] {processor.py:183} INFO - Processing /home/airflow/.local/lib/python3.8/site-packages/airflow/example_dags/tutorial.py took 0.096 seconds
[2025-12-21T07:13:16.260+0000] {processor.py:161} INFO - Started process (PID=246) to work on /home/airflow/.local/lib/python3.8/site-packages/airflow/example_dags/tutorial.py
[2025-12-21T07:13:16.262+0000] {processor.py:830} INFO - Processing file /home/airflow/.local/lib/python3.8/site-packages/airflow/example_dags/tutorial.py for tasks to queue
[2025-12-21T07:13:16.264+0000] {logging_mixin.py:188} INFO - [2025-12-21T07:13:16.264+0000] {dagbag.py:540} INFO - Filling up the DagBag from /home/airflow/.local/lib/python3.8/site-packages/airflow/example_dags/tutorial.py
[2025-12-21T07:13:16.271+0000] {processor.py:840} INFO - DAG(s) 'tutorial' retrieved from /home/airflow/.local/lib/python3.8/site-packages/airflow/example_dags/tutorial.py
[2025-12-21T07:13:16.297+0000] {logging_mixin.py:188} INFO - [2025-12-21T07:13:16.297+0000] {dag.py:3047} INFO - Sync 1 DAGs
[2025-12-21T07:13:16.323+0000] {logging_mixin.py:188} INFO - [2025-12-21T07:13:16.322+0000] {dag.py:3834} INFO - Setting next_dagrun for tutorial to 2025-12-20 00:00:00+00:00, run_after=2025-12-21 00:00:00+00:00
[2025-12-21T07:13:16.348+0000] {processor.py:183} INFO - Processing /home/airflow/.local/lib/python3.8/site-packages/airflow/example_dags/tutorial.py took 0.092 seconds
[2025-12-21T07:13:47.081+0000] {processor.py:161} INFO - Started process (PID=302) to work on /home/airflow/.local/lib/python3.8/site-packages/airflow/example_dags/tutorial.py
[2025-12-21T07:13:47.083+0000] {processor.py:830} INFO - Processing file /home/airflow/.local/lib/python3.8/site-packages/airflow/example_dags/tutorial.py for tasks to queue
[2025-12-21T07:13:47.085+0000] {logging_mixin.py:188} INFO - [2025-12-21T07:13:47.084+0000] {dagbag.py:540} INFO - Filling up the DagBag from /home/airflow/.local/lib/python3.8/site-packages/airflow/example_dags/tutorial.py
[2025-12-21T07:13:47.092+0000] {processor.py:840} INFO - DAG(s) 'tutorial' retrieved from /home/airflow/.local/lib/python3.8/site-packages/airflow/example_dags/tutorial.py
[2025-12-21T07:13:47.118+0000] {logging_mixin.py:188} INFO - [2025-12-21T07:13:47.118+0000] {dag.py:3047} INFO - Sync 1 DAGs
[2025-12-21T07:13:47.144+0000] {logging_mixin.py:188} INFO - [2025-12-21T07:13:47.144+0000] {dag.py:3834} INFO - Setting next_dagrun for tutorial to 2025-12-20 00:00:00+00:00, run_after=2025-12-21 00:00:00+00:00
[2025-12-21T07:13:47.173+0000] {processor.py:183} INFO - Processing /home/airflow/.local/lib/python3.8/site-packages/airflow/example_dags/tutorial.py took 0.095 seconds
[2025-12-21T07:14:17.724+0000] {processor.py:161} INFO - Started process (PID=358) to work on /home/airflow/.local/lib/python3.8/site-packages/airflow/example_dags/tutorial.py
[2025-12-21T07:14:17.727+0000] {processor.py:830} INFO - Processing file /home/airflow/.local/lib/python3.8/site-packages/airflow/example_dags/tutorial.py for tasks to queue
[2025-12-21T07:14:17.730+0000] {logging_mixin.py:188} INFO - [2025-12-21T07:14:17.729+0000] {dagbag.py:540} INFO - Filling up the DagBag from /home/airflow/.local/lib/python3.8/site-packages/airflow/example_dags/tutorial.py
[2025-12-21T07:14:17.740+0000] {processor.py:840} INFO - DAG(s) 'tutorial' retrieved from /home/airflow/.local/lib/python3.8/site-packages/airflow/example_dags/tutorial.py
[2025-12-21T07:14:17.769+0000] {logging_mixin.py:188} INFO - [2025-12-21T07:14:17.769+0000] {dag.py:3047} INFO - Sync 1 DAGs
[2025-12-21T07:14:17.812+0000] {logging_mixin.py:188} INFO - [2025-12-21T07:14:17.811+0000] {dag.py:3834} INFO - Setting next_dagrun for tutorial to 2025-12-20 00:00:00+00:00, run_after=2025-12-21 00:00:00+00:00
[2025-12-21T07:14:17.844+0000] {processor.py:183} INFO - Processing /home/airflow/.local/lib/python3.8/site-packages/airflow/example_dags/tutorial.py took 0.129 seconds
[2025-12-21T07:14:48.556+0000] {processor.py:161} INFO - Started process (PID=414) to work on /home/airflow/.local/lib/python3.8/site-packages/airflow/example_dags/tutorial.py
[2025-12-21T07:14:48.557+0000] {processor.py:830} INFO - Processing file /home/airflow/.local/lib/python3.8/site-packages/airflow/example_dags/tutorial.py for tasks to queue
[2025-12-21T07:14:48.560+0000] {logging_mixin.py:188} INFO - [2025-12-21T07:14:48.559+0000] {dagbag.py:540} INFO - Filling up the DagBag from /home/airflow/.local/lib/python3.8/site-packages/airflow/example_dags/tutorial.py
[2025-12-21T07:14:48.567+0000] {processor.py:840} INFO - DAG(s) 'tutorial' retrieved from /home/airflow/.local/lib/python3.8/site-packages/airflow/example_dags/tutorial.py
[2025-12-21T07:14:48.595+0000] {logging_mixin.py:188} INFO - [2025-12-21T07:14:48.595+0000] {dag.py:3047} INFO - Sync 1 DAGs
[2025-12-21T07:14:48.620+0000] {logging_mixin.py:188} INFO - [2025-12-21T07:14:48.620+0000] {dag.py:3834} INFO - Setting next_dagrun for tutorial to 2025-12-20 00:00:00+00:00, run_after=2025-12-21 00:00:00+00:00
[2025-12-21T07:14:48.646+0000] {processor.py:183} INFO - Processing /home/airflow/.local/lib/python3.8/site-packages/airflow/example_dags/tutorial.py took 0.094 seconds
[2025-12-21T07:15:18.803+0000] {processor.py:161} INFO - Started process (PID=470) to work on /home/airflow/.local/lib/python3.8/site-packages/airflow/example_dags/tutorial.py
[2025-12-21T07:15:18.804+0000] {processor.py:830} INFO - Processing file /home/airflow/.local/lib/python3.8/site-packages/airflow/example_dags/tutorial.py for tasks to queue
[2025-12-21T07:15:18.807+0000] {logging_mixin.py:188} INFO - [2025-12-21T07:15:18.806+0000] {dagbag.py:540} INFO - Filling up the DagBag from /home/airflow/.local/lib/python3.8/site-packages/airflow/example_dags/tutorial.py
[2025-12-21T07:15:18.813+0000] {processor.py:840} INFO - DAG(s) 'tutorial' retrieved from /home/airflow/.local/lib/python3.8/site-packages/airflow/example_dags/tutorial.py
[2025-12-21T07:15:18.838+0000] {logging_mixin.py:188} INFO - [2025-12-21T07:15:18.838+0000] {dag.py:3047} INFO - Sync 1 DAGs
[2025-12-21T07:15:18.861+0000] {logging_mixin.py:188} INFO - [2025-12-21T07:15:18.861+0000] {dag.py:3834} INFO - Setting next_dagrun for tutorial to 2025-12-20 00:00:00+00:00, run_after=2025-12-21 00:00:00+00:00
[2025-12-21T07:15:18.882+0000] {processor.py:183} INFO - Processing /home/airflow/.local/lib/python3.8/site-packages/airflow/example_dags/tutorial.py took 0.082 seconds
[2025-12-21T07:15:49.102+0000] {processor.py:161} INFO - Started process (PID=526) to work on /home/airflow/.local/lib/python3.8/site-packages/airflow/example_dags/tutorial.py
[2025-12-21T07:15:49.103+0000] {processor.py:830} INFO - Processing file /home/airflow/.local/lib/python3.8/site-packages/airflow/example_dags/tutorial.py for tasks to queue
[2025-12-21T07:15:49.106+0000] {logging_mixin.py:188} INFO - [2025-12-21T07:15:49.105+0000] {dagbag.py:540} INFO - Filling up the DagBag from /home/airflow/.local/lib/python3.8/site-packages/airflow/example_dags/tutorial.py
[2025-12-21T07:15:49.114+0000] {processor.py:840} INFO - DAG(s) 'tutorial' retrieved from /home/airflow/.local/lib/python3.8/site-packages/airflow/example_dags/tutorial.py
[2025-12-21T07:15:49.138+0000] {logging_mixin.py:188} INFO - [2025-12-21T07:15:49.138+0000] {dag.py:3047} INFO - Sync 1 DAGs
[2025-12-21T07:15:49.162+0000] {logging_mixin.py:188} INFO - [2025-12-21T07:15:49.162+0000] {dag.py:3834} INFO - Setting next_dagrun for tutorial to 2025-12-20 00:00:00+00:00, run_after=2025-12-21 00:00:00+00:00
[2025-12-21T07:15:49.184+0000] {processor.py:183} INFO - Processing /home/airflow/.local/lib/python3.8/site-packages/airflow/example_dags/tutorial.py took 0.086 seconds
[2025-12-21T07:16:20.241+0000] {processor.py:161} INFO - Started process (PID=582) to work on /home/airflow/.local/lib/python3.8/site-packages/airflow/example_dags/tutorial.py
[2025-12-21T07:16:20.242+0000] {processor.py:830} INFO - Processing file /home/airflow/.local/lib/python3.8/site-packages/airflow/example_dags/tutorial.py for tasks to queue
[2025-12-21T07:16:20.245+0000] {logging_mixin.py:188} INFO - [2025-12-21T07:16:20.245+0000] {dagbag.py:540} INFO - Filling up the DagBag from /home/airflow/.local/lib/python3.8/site-packages/airflow/example_dags/tutorial.py
[2025-12-21T07:16:20.252+0000] {processor.py:840} INFO - DAG(s) 'tutorial' retrieved from /home/airflow/.local/lib/python3.8/site-packages/airflow/example_dags/tutorial.py
[2025-12-21T07:16:20.281+0000] {logging_mixin.py:188} INFO - [2025-12-21T07:16:20.281+0000] {dag.py:3047} INFO - Sync 1 DAGs
[2025-12-21T07:16:20.308+0000] {logging_mixin.py:188} INFO - [2025-12-21T07:16:20.307+0000] {dag.py:3834} INFO - Setting next_dagrun for tutorial to 2025-12-20 00:00:00+00:00, run_after=2025-12-21 00:00:00+00:00
[2025-12-21T07:16:20.332+0000] {processor.py:183} INFO - Processing /home/airflow/.local/lib/python3.8/site-packages/airflow/example_dags/tutorial.py took 0.095 seconds
[2025-12-21T07:16:50.941+0000] {processor.py:161} INFO - Started process (PID=638) to work on /home/airflow/.local/lib/python3.8/site-packages/airflow/example_dags/tutorial.py
[2025-12-21T07:16:50.942+0000] {processor.py:830} INFO - Processing file /home/airflow/.local/lib/python3.8/site-packages/airflow/example_dags/tutorial.py for tasks to queue
[2025-12-21T07:16:50.945+0000] {logging_mixin.py:188} INFO - [2025-12-21T07:16:50.944+0000] {dagbag.py:540} INFO - Filling up the DagBag from /home/airflow/.local/lib/python3.8/site-packages/airflow/example_dags/tutorial.py
[2025-12-21T07:16:50.951+0000] {processor.py:840} INFO - DAG(s) 'tutorial' retrieved from /home/airflow/.local/lib/python3.8/site-packages/airflow/example_dags/tutorial.py
[2025-12-21T07:16:50.973+0000] {logging_mixin.py:188} INFO - [2025-12-21T07:16:50.973+0000] {dag.py:3047} INFO - Sync 1 DAGs
[2025-12-21T07:16:50.994+0000] {logging_mixin.py:188} INFO - [2025-12-21T07:16:50.994+0000] {dag.py:3834} INFO - Setting next_dagrun for tutorial to 2025-12-20 00:00:00+00:00, run_after=2025-12-21 00:00:00+00:00
[2025-12-21T07:16:51.020+0000] {processor.py:183} INFO - Processing /home/airflow/.local/lib/python3.8/site-packages/airflow/example_dags/tutorial.py took 0.082 seconds
[2025-12-21T07:17:21.152+0000] {processor.py:161} INFO - Started process (PID=694) to work on /home/airflow/.local/lib/python3.8/site-packages/airflow/example_dags/tutorial.py
[2025-12-21T07:17:21.153+0000] {processor.py:830} INFO - Processing file /home/airflow/.local/lib/python3.8/site-packages/airflow/example_dags/tutorial.py for tasks to queue
[2025-12-21T07:17:21.155+0000] {logging_mixin.py:188} INFO - [2025-12-21T07:17:21.155+0000] {dagbag.py:540} INFO - Filling up the DagBag from /home/airflow/.local/lib/python3.8/site-packages/airflow/example_dags/tutorial.py
[2025-12-21T07:17:21.162+0000] {processor.py:840} INFO - DAG(s) 'tutorial' retrieved from /home/airflow/.local/lib/python3.8/site-packages/airflow/example_dags/tutorial.py
[2025-12-21T07:17:21.186+0000] {logging_mixin.py:188} INFO - [2025-12-21T07:17:21.186+0000] {dag.py:3047} INFO - Sync 1 DAGs
[2025-12-21T07:17:21.208+0000] {logging_mixin.py:188} INFO - [2025-12-21T07:17:21.208+0000] {dag.py:3834} INFO - Setting next_dagrun for tutorial to 2025-12-20 00:00:00+00:00, run_after=2025-12-21 00:00:00+00:00
[2025-12-21T07:17:21.228+0000] {processor.py:183} INFO - Processing /home/airflow/.local/lib/python3.8/site-packages/airflow/example_dags/tutorial.py took 0.080 seconds
[2025-12-21T07:17:51.427+0000] {processor.py:161} INFO - Started process (PID=751) to work on /home/airflow/.local/lib/python3.8/site-packages/airflow/example_dags/tutorial.py
[2025-12-21T07:17:51.429+0000] {processor.py:830} INFO - Processing file /home/airflow/.local/lib/python3.8/site-packages/airflow/example_dags/tutorial.py for tasks to queue
[2025-12-21T07:17:51.431+0000] {logging_mixin.py:188} INFO - [2025-12-21T07:17:51.430+0000] {dagbag.py:540} INFO - Filling up the DagBag from /home/airflow/.local/lib/python3.8/site-packages/airflow/example_dags/tutorial.py
[2025-12-21T07:17:51.437+0000] {processor.py:840} INFO - DAG(s) 'tutorial' retrieved from /home/airflow/.local/lib/python3.8/site-packages/airflow/example_dags/tutorial.py
[2025-12-21T07:17:51.461+0000] {logging_mixin.py:188} INFO - [2025-12-21T07:17:51.461+0000] {dag.py:3047} INFO - Sync 1 DAGs
[2025-12-21T07:17:51.484+0000] {logging_mixin.py:188} INFO - [2025-12-21T07:17:51.484+0000] {dag.py:3834} INFO - Setting next_dagrun for tutorial to 2025-12-20 00:00:00+00:00, run_after=2025-12-21 00:00:00+00:00
[2025-12-21T07:17:51.503+0000] {processor.py:183} INFO - Processing /home/airflow/.local/lib/python3.8/site-packages/airflow/example_dags/tutorial.py took 0.080 seconds
[2025-12-21T07:18:22.351+0000] {processor.py:161} INFO - Started process (PID=807) to work on /home/airflow/.local/lib/python3.8/site-packages/airflow/example_dags/tutorial.py
[2025-12-21T07:18:22.352+0000] {processor.py:830} INFO - Processing file /home/airflow/.local/lib/python3.8/site-packages/airflow/example_dags/tutorial.py for tasks to queue
[2025-12-21T07:18:22.355+0000] {logging_mixin.py:188} INFO - [2025-12-21T07:18:22.354+0000] {dagbag.py:540} INFO - Filling up the DagBag from /home/airflow/.local/lib/python3.8/site-packages/airflow/example_dags/tutorial.py
[2025-12-21T07:18:22.360+0000] {processor.py:840} INFO - DAG(s) 'tutorial' retrieved from /home/airflow/.local/lib/python3.8/site-packages/airflow/example_dags/tutorial.py
[2025-12-21T07:18:22.383+0000] {logging_mixin.py:188} INFO - [2025-12-21T07:18:22.383+0000] {dag.py:3047} INFO - Sync 1 DAGs
[2025-12-21T07:18:22.405+0000] {logging_mixin.py:188} INFO - [2025-12-21T07:18:22.404+0000] {dag.py:3834} INFO - Setting next_dagrun for tutorial to 2025-12-20 00:00:00+00:00, run_after=2025-12-21 00:00:00+00:00
[2025-12-21T07:18:22.424+0000] {processor.py:183} INFO - Processing /home/airflow/.local/lib/python3.8/site-packages/airflow/example_dags/tutorial.py took 0.077 seconds
[2025-12-21T07:18:53.172+0000] {processor.py:161} INFO - Started process (PID=863) to work on /home/airflow/.local/lib/python3.8/site-packages/airflow/example_dags/tutorial.py
[2025-12-21T07:18:53.173+0000] {processor.py:830} INFO - Processing file /home/airflow/.local/lib/python3.8/site-packages/airflow/example_dags/tutorial.py for tasks to queue
[2025-12-21T07:18:53.175+0000] {logging_mixin.py:188} INFO - [2025-12-21T07:18:53.175+0000] {dagbag.py:540} INFO - Filling up the DagBag from /home/airflow/.local/lib/python3.8/site-packages/airflow/example_dags/tutorial.py
[2025-12-21T07:18:53.182+0000] {processor.py:840} INFO - DAG(s) 'tutorial' retrieved from /home/airflow/.local/lib/python3.8/site-packages/airflow/example_dags/tutorial.py
[2025-12-21T07:18:53.209+0000] {logging_mixin.py:188} INFO - [2025-12-21T07:18:53.208+0000] {dag.py:3047} INFO - Sync 1 DAGs
[2025-12-21T07:18:53.231+0000] {logging_mixin.py:188} INFO - [2025-12-21T07:18:53.231+0000] {dag.py:3834} INFO - Setting next_dagrun for tutorial to 2025-12-20 00:00:00+00:00, run_after=2025-12-21 00:00:00+00:00
[2025-12-21T07:18:53.251+0000] {processor.py:183} INFO - Processing /home/airflow/.local/lib/python3.8/site-packages/airflow/example_dags/tutorial.py took 0.083 seconds
[2025-12-21T07:19:24.824+0000] {processor.py:161} INFO - Started process (PID=919) to work on /home/airflow/.local/lib/python3.8/site-packages/airflow/example_dags/tutorial.py
[2025-12-21T07:19:24.827+0000] {processor.py:830} INFO - Processing file /home/airflow/.local/lib/python3.8/site-packages/airflow/example_dags/tutorial.py for tasks to queue
[2025-12-21T07:19:24.830+0000] {logging_mixin.py:188} INFO - [2025-12-21T07:19:24.830+0000] {dagbag.py:540} INFO - Filling up the DagBag from /home/airflow/.local/lib/python3.8/site-packages/airflow/example_dags/tutorial.py
[2025-12-21T07:19:24.841+0000] {processor.py:840} INFO - DAG(s) 'tutorial' retrieved from /home/airflow/.local/lib/python3.8/site-packages/airflow/example_dags/tutorial.py
[2025-12-21T07:19:24.890+0000] {logging_mixin.py:188} INFO - [2025-12-21T07:19:24.890+0000] {dag.py:3047} INFO - Sync 1 DAGs
[2025-12-21T07:19:24.940+0000] {logging_mixin.py:188} INFO - [2025-12-21T07:19:24.939+0000] {dag.py:3834} INFO - Setting next_dagrun for tutorial to 2025-12-20 00:00:00+00:00, run_after=2025-12-21 00:00:00+00:00
[2025-12-21T07:19:24.995+0000] {processor.py:183} INFO - Processing /home/airflow/.local/lib/python3.8/site-packages/airflow/example_dags/tutorial.py took 0.177 seconds
[2025-12-21T07:19:55.483+0000] {processor.py:161} INFO - Started process (PID=976) to work on /home/airflow/.local/lib/python3.8/site-packages/airflow/example_dags/tutorial.py
[2025-12-21T07:19:55.485+0000] {processor.py:830} INFO - Processing file /home/airflow/.local/lib/python3.8/site-packages/airflow/example_dags/tutorial.py for tasks to queue
[2025-12-21T07:19:55.488+0000] {logging_mixin.py:188} INFO - [2025-12-21T07:19:55.487+0000] {dagbag.py:540} INFO - Filling up the DagBag from /home/airflow/.local/lib/python3.8/site-packages/airflow/example_dags/tutorial.py
[2025-12-21T07:19:55.495+0000] {processor.py:840} INFO - DAG(s) 'tutorial' retrieved from /home/airflow/.local/lib/python3.8/site-packages/airflow/example_dags/tutorial.py
[2025-12-21T07:19:55.527+0000] {logging_mixin.py:188} INFO - [2025-12-21T07:19:55.527+0000] {dag.py:3047} INFO - Sync 1 DAGs
[2025-12-21T07:19:55.561+0000] {logging_mixin.py:188} INFO - [2025-12-21T07:19:55.561+0000] {dag.py:3834} INFO - Setting next_dagrun for tutorial to 2025-12-20 00:00:00+00:00, run_after=2025-12-21 00:00:00+00:00
[2025-12-21T07:19:55.585+0000] {processor.py:183} INFO - Processing /home/airflow/.local/lib/python3.8/site-packages/airflow/example_dags/tutorial.py took 0.107 seconds
[2025-12-21T07:20:25.930+0000] {processor.py:161} INFO - Started process (PID=1032) to work on /home/airflow/.local/lib/python3.8/site-packages/airflow/example_dags/tutorial.py
[2025-12-21T07:20:25.933+0000] {processor.py:830} INFO - Processing file /home/airflow/.local/lib/python3.8/site-packages/airflow/example_dags/tutorial.py for tasks to queue
[2025-12-21T07:20:25.936+0000] {logging_mixin.py:188} INFO - [2025-12-21T07:20:25.935+0000] {dagbag.py:540} INFO - Filling up the DagBag from /home/airflow/.local/lib/python3.8/site-packages/airflow/example_dags/tutorial.py
[2025-12-21T07:20:25.944+0000] {processor.py:840} INFO - DAG(s) 'tutorial' retrieved from /home/airflow/.local/lib/python3.8/site-packages/airflow/example_dags/tutorial.py
[2025-12-21T07:20:25.974+0000] {logging_mixin.py:188} INFO - [2025-12-21T07:20:25.974+0000] {dag.py:3047} INFO - Sync 1 DAGs
[2025-12-21T07:20:26.012+0000] {logging_mixin.py:188} INFO - [2025-12-21T07:20:26.011+0000] {dag.py:3834} INFO - Setting next_dagrun for tutorial to 2025-12-20 00:00:00+00:00, run_after=2025-12-21 00:00:00+00:00
[2025-12-21T07:20:26.062+0000] {processor.py:183} INFO - Processing /home/airflow/.local/lib/python3.8/site-packages/airflow/example_dags/tutorial.py took 0.136 seconds
[2025-12-21T07:20:40.261+0000] {processor.py:161} INFO - Started process (PID=67) to work on /home/airflow/.local/lib/python3.8/site-packages/airflow/example_dags/tutorial.py
[2025-12-21T07:20:40.262+0000] {processor.py:830} INFO - Processing file /home/airflow/.local/lib/python3.8/site-packages/airflow/example_dags/tutorial.py for tasks to queue
[2025-12-21T07:20:40.264+0000] {logging_mixin.py:188} INFO - [2025-12-21T07:20:40.264+0000] {dagbag.py:540} INFO - Filling up the DagBag from /home/airflow/.local/lib/python3.8/site-packages/airflow/example_dags/tutorial.py
[2025-12-21T07:20:40.271+0000] {processor.py:840} INFO - DAG(s) 'tutorial' retrieved from /home/airflow/.local/lib/python3.8/site-packages/airflow/example_dags/tutorial.py
[2025-12-21T07:20:40.301+0000] {logging_mixin.py:188} INFO - [2025-12-21T07:20:40.301+0000] {dag.py:3047} INFO - Sync 1 DAGs
[2025-12-21T07:20:40.327+0000] {logging_mixin.py:188} INFO - [2025-12-21T07:20:40.326+0000] {dag.py:3834} INFO - Setting next_dagrun for tutorial to 2025-12-20 00:00:00+00:00, run_after=2025-12-21 00:00:00+00:00
[2025-12-21T07:20:40.348+0000] {processor.py:183} INFO - Processing /home/airflow/.local/lib/python3.8/site-packages/airflow/example_dags/tutorial.py took 0.091 seconds
[2025-12-21T07:21:11.381+0000] {processor.py:161} INFO - Started process (PID=123) to work on /home/airflow/.local/lib/python3.8/site-packages/airflow/example_dags/tutorial.py
[2025-12-21T07:21:11.382+0000] {processor.py:830} INFO - Processing file /home/airflow/.local/lib/python3.8/site-packages/airflow/example_dags/tutorial.py for tasks to queue
[2025-12-21T07:21:11.386+0000] {logging_mixin.py:188} INFO - [2025-12-21T07:21:11.386+0000] {dagbag.py:540} INFO - Filling up the DagBag from /home/airflow/.local/lib/python3.8/site-packages/airflow/example_dags/tutorial.py
[2025-12-21T07:21:11.397+0000] {processor.py:840} INFO - DAG(s) 'tutorial' retrieved from /home/airflow/.local/lib/python3.8/site-packages/airflow/example_dags/tutorial.py
[2025-12-21T07:21:11.432+0000] {logging_mixin.py:188} INFO - [2025-12-21T07:21:11.432+0000] {dag.py:3047} INFO - Sync 1 DAGs
[2025-12-21T07:21:11.464+0000] {logging_mixin.py:188} INFO - [2025-12-21T07:21:11.464+0000] {dag.py:3834} INFO - Setting next_dagrun for tutorial to 2025-12-20 00:00:00+00:00, run_after=2025-12-21 00:00:00+00:00
[2025-12-21T07:21:11.490+0000] {processor.py:183} INFO - Processing /home/airflow/.local/lib/python3.8/site-packages/airflow/example_dags/tutorial.py took 0.114 seconds
[2025-12-21T07:22:21.164+0000] {processor.py:161} INFO - Started process (PID=74) to work on /home/airflow/.local/lib/python3.8/site-packages/airflow/example_dags/tutorial.py
[2025-12-21T07:22:21.166+0000] {processor.py:830} INFO - Processing file /home/airflow/.local/lib/python3.8/site-packages/airflow/example_dags/tutorial.py for tasks to queue
[2025-12-21T07:22:21.169+0000] {logging_mixin.py:188} INFO - [2025-12-21T07:22:21.168+0000] {dagbag.py:540} INFO - Filling up the DagBag from /home/airflow/.local/lib/python3.8/site-packages/airflow/example_dags/tutorial.py
[2025-12-21T07:22:21.177+0000] {processor.py:840} INFO - DAG(s) 'tutorial' retrieved from /home/airflow/.local/lib/python3.8/site-packages/airflow/example_dags/tutorial.py
[2025-12-21T07:22:21.194+0000] {logging_mixin.py:188} INFO - [2025-12-21T07:22:21.194+0000] {dag.py:3047} INFO - Sync 1 DAGs
[2025-12-21T07:22:21.226+0000] {logging_mixin.py:188} INFO - [2025-12-21T07:22:21.226+0000] {dag.py:3834} INFO - Setting next_dagrun for tutorial to 2025-12-20 00:00:00+00:00, run_after=2025-12-21 00:00:00+00:00
[2025-12-21T07:22:21.249+0000] {processor.py:183} INFO - Processing /home/airflow/.local/lib/python3.8/site-packages/airflow/example_dags/tutorial.py took 0.088 seconds
[2025-12-21T07:22:52.597+0000] {processor.py:161} INFO - Started process (PID=137) to work on /home/airflow/.local/lib/python3.8/site-packages/airflow/example_dags/tutorial.py
[2025-12-21T07:22:52.600+0000] {processor.py:830} INFO - Processing file /home/airflow/.local/lib/python3.8/site-packages/airflow/example_dags/tutorial.py for tasks to queue
[2025-12-21T07:22:52.604+0000] {logging_mixin.py:188} INFO - [2025-12-21T07:22:52.602+0000] {dagbag.py:540} INFO - Filling up the DagBag from /home/airflow/.local/lib/python3.8/site-packages/airflow/example_dags/tutorial.py
[2025-12-21T07:22:52.612+0000] {processor.py:840} INFO - DAG(s) 'tutorial' retrieved from /home/airflow/.local/lib/python3.8/site-packages/airflow/example_dags/tutorial.py
[2025-12-21T07:22:52.718+0000] {logging_mixin.py:188} INFO - [2025-12-21T07:22:52.717+0000] {dag.py:3047} INFO - Sync 1 DAGs
[2025-12-21T07:22:52.744+0000] {logging_mixin.py:188} INFO - [2025-12-21T07:22:52.743+0000] {dag.py:3834} INFO - Setting next_dagrun for tutorial to 2025-12-20 00:00:00+00:00, run_after=2025-12-21 00:00:00+00:00
[2025-12-21T07:22:52.767+0000] {processor.py:183} INFO - Processing /home/airflow/.local/lib/python3.8/site-packages/airflow/example_dags/tutorial.py took 0.173 seconds
[2025-12-21T07:28:31.770+0000] {processor.py:161} INFO - Started process (PID=82) to work on /home/airflow/.local/lib/python3.8/site-packages/airflow/example_dags/tutorial.py
[2025-12-21T07:28:31.773+0000] {processor.py:830} INFO - Processing file /home/airflow/.local/lib/python3.8/site-packages/airflow/example_dags/tutorial.py for tasks to queue
[2025-12-21T07:28:31.779+0000] {logging_mixin.py:188} INFO - [2025-12-21T07:28:31.778+0000] {dagbag.py:540} INFO - Filling up the DagBag from /home/airflow/.local/lib/python3.8/site-packages/airflow/example_dags/tutorial.py
[2025-12-21T07:28:31.804+0000] {processor.py:840} INFO - DAG(s) 'tutorial' retrieved from /home/airflow/.local/lib/python3.8/site-packages/airflow/example_dags/tutorial.py
[2025-12-21T07:28:31.842+0000] {logging_mixin.py:188} INFO - [2025-12-21T07:28:31.842+0000] {dag.py:3047} INFO - Sync 1 DAGs
[2025-12-21T07:28:31.890+0000] {logging_mixin.py:188} INFO - [2025-12-21T07:28:31.890+0000] {dag.py:3834} INFO - Setting next_dagrun for tutorial to 2025-12-20 00:00:00+00:00, run_after=2025-12-21 00:00:00+00:00
[2025-12-21T07:28:31.940+0000] {processor.py:183} INFO - Processing /home/airflow/.local/lib/python3.8/site-packages/airflow/example_dags/tutorial.py took 0.178 seconds
[2025-12-21T07:29:02.247+0000] {processor.py:161} INFO - Started process (PID=138) to work on /home/airflow/.local/lib/python3.8/site-packages/airflow/example_dags/tutorial.py
[2025-12-21T07:29:02.249+0000] {processor.py:830} INFO - Processing file /home/airflow/.local/lib/python3.8/site-packages/airflow/example_dags/tutorial.py for tasks to queue
[2025-12-21T07:29:02.251+0000] {logging_mixin.py:188} INFO - [2025-12-21T07:29:02.251+0000] {dagbag.py:540} INFO - Filling up the DagBag from /home/airflow/.local/lib/python3.8/site-packages/airflow/example_dags/tutorial.py
[2025-12-21T07:29:02.257+0000] {processor.py:840} INFO - DAG(s) 'tutorial' retrieved from /home/airflow/.local/lib/python3.8/site-packages/airflow/example_dags/tutorial.py
[2025-12-21T07:29:02.373+0000] {logging_mixin.py:188} INFO - [2025-12-21T07:29:02.373+0000] {dag.py:3047} INFO - Sync 1 DAGs
[2025-12-21T07:29:02.391+0000] {logging_mixin.py:188} INFO - [2025-12-21T07:29:02.391+0000] {dag.py:3834} INFO - Setting next_dagrun for tutorial to 2025-12-20 00:00:00+00:00, run_after=2025-12-21 00:00:00+00:00
[2025-12-21T07:29:02.415+0000] {processor.py:183} INFO - Processing /home/airflow/.local/lib/python3.8/site-packages/airflow/example_dags/tutorial.py took 0.172 seconds
[2025-12-21T07:29:33.287+0000] {processor.py:161} INFO - Started process (PID=194) to work on /home/airflow/.local/lib/python3.8/site-packages/airflow/example_dags/tutorial.py
[2025-12-21T07:29:33.289+0000] {processor.py:830} INFO - Processing file /home/airflow/.local/lib/python3.8/site-packages/airflow/example_dags/tutorial.py for tasks to queue
[2025-12-21T07:29:33.292+0000] {logging_mixin.py:188} INFO - [2025-12-21T07:29:33.291+0000] {dagbag.py:540} INFO - Filling up the DagBag from /home/airflow/.local/lib/python3.8/site-packages/airflow/example_dags/tutorial.py
[2025-12-21T07:29:33.300+0000] {processor.py:840} INFO - DAG(s) 'tutorial' retrieved from /home/airflow/.local/lib/python3.8/site-packages/airflow/example_dags/tutorial.py
[2025-12-21T07:29:33.329+0000] {logging_mixin.py:188} INFO - [2025-12-21T07:29:33.329+0000] {dag.py:3047} INFO - Sync 1 DAGs
[2025-12-21T07:29:33.361+0000] {logging_mixin.py:188} INFO - [2025-12-21T07:29:33.361+0000] {dag.py:3834} INFO - Setting next_dagrun for tutorial to 2025-12-20 00:00:00+00:00, run_after=2025-12-21 00:00:00+00:00
[2025-12-21T07:29:33.390+0000] {processor.py:183} INFO - Processing /home/airflow/.local/lib/python3.8/site-packages/airflow/example_dags/tutorial.py took 0.108 seconds
[2025-12-21T07:30:03.690+0000] {processor.py:161} INFO - Started process (PID=249) to work on /home/airflow/.local/lib/python3.8/site-packages/airflow/example_dags/tutorial.py
[2025-12-21T07:30:03.692+0000] {processor.py:830} INFO - Processing file /home/airflow/.local/lib/python3.8/site-packages/airflow/example_dags/tutorial.py for tasks to queue
[2025-12-21T07:30:03.694+0000] {logging_mixin.py:188} INFO - [2025-12-21T07:30:03.694+0000] {dagbag.py:540} INFO - Filling up the DagBag from /home/airflow/.local/lib/python3.8/site-packages/airflow/example_dags/tutorial.py
[2025-12-21T07:30:03.701+0000] {processor.py:840} INFO - DAG(s) 'tutorial' retrieved from /home/airflow/.local/lib/python3.8/site-packages/airflow/example_dags/tutorial.py
[2025-12-21T07:30:03.727+0000] {logging_mixin.py:188} INFO - [2025-12-21T07:30:03.726+0000] {dag.py:3047} INFO - Sync 1 DAGs
[2025-12-21T07:30:03.752+0000] {logging_mixin.py:188} INFO - [2025-12-21T07:30:03.751+0000] {dag.py:3834} INFO - Setting next_dagrun for tutorial to 2025-12-20 00:00:00+00:00, run_after=2025-12-21 00:00:00+00:00
[2025-12-21T07:30:03.775+0000] {processor.py:183} INFO - Processing /home/airflow/.local/lib/python3.8/site-packages/airflow/example_dags/tutorial.py took 0.088 seconds
[2025-12-21T07:30:33.975+0000] {processor.py:161} INFO - Started process (PID=305) to work on /home/airflow/.local/lib/python3.8/site-packages/airflow/example_dags/tutorial.py
[2025-12-21T07:30:33.977+0000] {processor.py:830} INFO - Processing file /home/airflow/.local/lib/python3.8/site-packages/airflow/example_dags/tutorial.py for tasks to queue
[2025-12-21T07:30:33.979+0000] {logging_mixin.py:188} INFO - [2025-12-21T07:30:33.978+0000] {dagbag.py:540} INFO - Filling up the DagBag from /home/airflow/.local/lib/python3.8/site-packages/airflow/example_dags/tutorial.py
[2025-12-21T07:30:33.986+0000] {processor.py:840} INFO - DAG(s) 'tutorial' retrieved from /home/airflow/.local/lib/python3.8/site-packages/airflow/example_dags/tutorial.py
[2025-12-21T07:30:34.011+0000] {logging_mixin.py:188} INFO - [2025-12-21T07:30:34.011+0000] {dag.py:3047} INFO - Sync 1 DAGs
[2025-12-21T07:30:34.035+0000] {logging_mixin.py:188} INFO - [2025-12-21T07:30:34.035+0000] {dag.py:3834} INFO - Setting next_dagrun for tutorial to 2025-12-20 00:00:00+00:00, run_after=2025-12-21 00:00:00+00:00
[2025-12-21T07:30:34.054+0000] {processor.py:183} INFO - Processing /home/airflow/.local/lib/python3.8/site-packages/airflow/example_dags/tutorial.py took 0.083 seconds
[2025-12-21T07:31:04.248+0000] {processor.py:161} INFO - Started process (PID=361) to work on /home/airflow/.local/lib/python3.8/site-packages/airflow/example_dags/tutorial.py
[2025-12-21T07:31:04.249+0000] {processor.py:830} INFO - Processing file /home/airflow/.local/lib/python3.8/site-packages/airflow/example_dags/tutorial.py for tasks to queue
[2025-12-21T07:31:04.252+0000] {logging_mixin.py:188} INFO - [2025-12-21T07:31:04.252+0000] {dagbag.py:540} INFO - Filling up the DagBag from /home/airflow/.local/lib/python3.8/site-packages/airflow/example_dags/tutorial.py
[2025-12-21T07:31:04.261+0000] {processor.py:840} INFO - DAG(s) 'tutorial' retrieved from /home/airflow/.local/lib/python3.8/site-packages/airflow/example_dags/tutorial.py
[2025-12-21T07:31:04.289+0000] {logging_mixin.py:188} INFO - [2025-12-21T07:31:04.289+0000] {dag.py:3047} INFO - Sync 1 DAGs
[2025-12-21T07:31:04.318+0000] {logging_mixin.py:188} INFO - [2025-12-21T07:31:04.318+0000] {dag.py:3834} INFO - Setting next_dagrun for tutorial to 2025-12-20 00:00:00+00:00, run_after=2025-12-21 00:00:00+00:00
[2025-12-21T07:31:04.344+0000] {processor.py:183} INFO - Processing /home/airflow/.local/lib/python3.8/site-packages/airflow/example_dags/tutorial.py took 0.100 seconds
[2025-12-21T07:31:34.492+0000] {processor.py:161} INFO - Started process (PID=417) to work on /home/airflow/.local/lib/python3.8/site-packages/airflow/example_dags/tutorial.py
[2025-12-21T07:31:34.493+0000] {processor.py:830} INFO - Processing file /home/airflow/.local/lib/python3.8/site-packages/airflow/example_dags/tutorial.py for tasks to queue
[2025-12-21T07:31:34.496+0000] {logging_mixin.py:188} INFO - [2025-12-21T07:31:34.495+0000] {dagbag.py:540} INFO - Filling up the DagBag from /home/airflow/.local/lib/python3.8/site-packages/airflow/example_dags/tutorial.py
[2025-12-21T07:31:34.502+0000] {processor.py:840} INFO - DAG(s) 'tutorial' retrieved from /home/airflow/.local/lib/python3.8/site-packages/airflow/example_dags/tutorial.py
[2025-12-21T07:31:34.526+0000] {logging_mixin.py:188} INFO - [2025-12-21T07:31:34.526+0000] {dag.py:3047} INFO - Sync 1 DAGs
[2025-12-21T07:31:34.550+0000] {logging_mixin.py:188} INFO - [2025-12-21T07:31:34.549+0000] {dag.py:3834} INFO - Setting next_dagrun for tutorial to 2025-12-20 00:00:00+00:00, run_after=2025-12-21 00:00:00+00:00
[2025-12-21T07:31:34.572+0000] {processor.py:183} INFO - Processing /home/airflow/.local/lib/python3.8/site-packages/airflow/example_dags/tutorial.py took 0.084 seconds
