[2025-12-21T06:58:38.019+0000] {processor.py:161} INFO - Started process (PID=74) to work on /home/airflow/.local/lib/python3.8/site-packages/airflow/example_dags/tutorial_taskflow_api.py
[2025-12-21T06:58:38.023+0000] {processor.py:830} INFO - Processing file /home/airflow/.local/lib/python3.8/site-packages/airflow/example_dags/tutorial_taskflow_api.py for tasks to queue
[2025-12-21T06:58:38.028+0000] {logging_mixin.py:188} INFO - [2025-12-21T06:58:38.027+0000] {dagbag.py:540} INFO - Filling up the DagBag from /home/airflow/.local/lib/python3.8/site-packages/airflow/example_dags/tutorial_taskflow_api.py
[2025-12-21T06:58:38.055+0000] {processor.py:840} INFO - DAG(s) 'tutorial_taskflow_api' retrieved from /home/airflow/.local/lib/python3.8/site-packages/airflow/example_dags/tutorial_taskflow_api.py
[2025-12-21T06:58:38.084+0000] {logging_mixin.py:188} INFO - [2025-12-21T06:58:38.084+0000] {dag.py:3047} INFO - Sync 1 DAGs
[2025-12-21T06:58:38.117+0000] {logging_mixin.py:188} INFO - [2025-12-21T06:58:38.116+0000] {dag.py:3834} INFO - Setting next_dagrun for tutorial_taskflow_api to None, run_after=None
[2025-12-21T06:58:38.155+0000] {processor.py:183} INFO - Processing /home/airflow/.local/lib/python3.8/site-packages/airflow/example_dags/tutorial_taskflow_api.py took 0.148 seconds
[2025-12-21T06:58:52.847+0000] {processor.py:161} INFO - Started process (PID=64) to work on /home/airflow/.local/lib/python3.8/site-packages/airflow/example_dags/tutorial_taskflow_api.py
[2025-12-21T06:58:52.848+0000] {processor.py:830} INFO - Processing file /home/airflow/.local/lib/python3.8/site-packages/airflow/example_dags/tutorial_taskflow_api.py for tasks to queue
[2025-12-21T06:58:52.851+0000] {logging_mixin.py:188} INFO - [2025-12-21T06:58:52.850+0000] {dagbag.py:540} INFO - Filling up the DagBag from /home/airflow/.local/lib/python3.8/site-packages/airflow/example_dags/tutorial_taskflow_api.py
[2025-12-21T06:58:52.858+0000] {processor.py:840} INFO - DAG(s) 'tutorial_taskflow_api' retrieved from /home/airflow/.local/lib/python3.8/site-packages/airflow/example_dags/tutorial_taskflow_api.py
[2025-12-21T06:58:52.955+0000] {logging_mixin.py:188} INFO - [2025-12-21T06:58:52.955+0000] {dag.py:3047} INFO - Sync 1 DAGs
[2025-12-21T06:58:52.969+0000] {logging_mixin.py:188} INFO - [2025-12-21T06:58:52.969+0000] {dag.py:3834} INFO - Setting next_dagrun for tutorial_taskflow_api to None, run_after=None
[2025-12-21T06:58:52.996+0000] {processor.py:183} INFO - Processing /home/airflow/.local/lib/python3.8/site-packages/airflow/example_dags/tutorial_taskflow_api.py took 0.153 seconds
[2025-12-21T06:59:23.751+0000] {processor.py:161} INFO - Started process (PID=120) to work on /home/airflow/.local/lib/python3.8/site-packages/airflow/example_dags/tutorial_taskflow_api.py
[2025-12-21T06:59:23.753+0000] {processor.py:830} INFO - Processing file /home/airflow/.local/lib/python3.8/site-packages/airflow/example_dags/tutorial_taskflow_api.py for tasks to queue
[2025-12-21T06:59:23.756+0000] {logging_mixin.py:188} INFO - [2025-12-21T06:59:23.755+0000] {dagbag.py:540} INFO - Filling up the DagBag from /home/airflow/.local/lib/python3.8/site-packages/airflow/example_dags/tutorial_taskflow_api.py
[2025-12-21T06:59:23.763+0000] {processor.py:840} INFO - DAG(s) 'tutorial_taskflow_api' retrieved from /home/airflow/.local/lib/python3.8/site-packages/airflow/example_dags/tutorial_taskflow_api.py
[2025-12-21T06:59:23.789+0000] {logging_mixin.py:188} INFO - [2025-12-21T06:59:23.789+0000] {dag.py:3047} INFO - Sync 1 DAGs
[2025-12-21T06:59:23.802+0000] {logging_mixin.py:188} INFO - [2025-12-21T06:59:23.802+0000] {dag.py:3834} INFO - Setting next_dagrun for tutorial_taskflow_api to None, run_after=None
[2025-12-21T06:59:23.827+0000] {processor.py:183} INFO - Processing /home/airflow/.local/lib/python3.8/site-packages/airflow/example_dags/tutorial_taskflow_api.py took 0.080 seconds
[2025-12-21T06:59:54.079+0000] {processor.py:161} INFO - Started process (PID=176) to work on /home/airflow/.local/lib/python3.8/site-packages/airflow/example_dags/tutorial_taskflow_api.py
[2025-12-21T06:59:54.080+0000] {processor.py:830} INFO - Processing file /home/airflow/.local/lib/python3.8/site-packages/airflow/example_dags/tutorial_taskflow_api.py for tasks to queue
[2025-12-21T06:59:54.084+0000] {logging_mixin.py:188} INFO - [2025-12-21T06:59:54.083+0000] {dagbag.py:540} INFO - Filling up the DagBag from /home/airflow/.local/lib/python3.8/site-packages/airflow/example_dags/tutorial_taskflow_api.py
[2025-12-21T06:59:54.092+0000] {processor.py:840} INFO - DAG(s) 'tutorial_taskflow_api' retrieved from /home/airflow/.local/lib/python3.8/site-packages/airflow/example_dags/tutorial_taskflow_api.py
[2025-12-21T06:59:54.116+0000] {logging_mixin.py:188} INFO - [2025-12-21T06:59:54.116+0000] {dag.py:3047} INFO - Sync 1 DAGs
[2025-12-21T06:59:54.130+0000] {logging_mixin.py:188} INFO - [2025-12-21T06:59:54.129+0000] {dag.py:3834} INFO - Setting next_dagrun for tutorial_taskflow_api to None, run_after=None
[2025-12-21T06:59:54.156+0000] {processor.py:183} INFO - Processing /home/airflow/.local/lib/python3.8/site-packages/airflow/example_dags/tutorial_taskflow_api.py took 0.081 seconds
[2025-12-21T07:00:24.458+0000] {processor.py:161} INFO - Started process (PID=232) to work on /home/airflow/.local/lib/python3.8/site-packages/airflow/example_dags/tutorial_taskflow_api.py
[2025-12-21T07:00:24.459+0000] {processor.py:830} INFO - Processing file /home/airflow/.local/lib/python3.8/site-packages/airflow/example_dags/tutorial_taskflow_api.py for tasks to queue
[2025-12-21T07:00:24.462+0000] {logging_mixin.py:188} INFO - [2025-12-21T07:00:24.461+0000] {dagbag.py:540} INFO - Filling up the DagBag from /home/airflow/.local/lib/python3.8/site-packages/airflow/example_dags/tutorial_taskflow_api.py
[2025-12-21T07:00:24.469+0000] {processor.py:840} INFO - DAG(s) 'tutorial_taskflow_api' retrieved from /home/airflow/.local/lib/python3.8/site-packages/airflow/example_dags/tutorial_taskflow_api.py
[2025-12-21T07:00:24.501+0000] {logging_mixin.py:188} INFO - [2025-12-21T07:00:24.501+0000] {dag.py:3047} INFO - Sync 1 DAGs
[2025-12-21T07:00:24.514+0000] {logging_mixin.py:188} INFO - [2025-12-21T07:00:24.513+0000] {dag.py:3834} INFO - Setting next_dagrun for tutorial_taskflow_api to None, run_after=None
[2025-12-21T07:00:24.536+0000] {processor.py:183} INFO - Processing /home/airflow/.local/lib/python3.8/site-packages/airflow/example_dags/tutorial_taskflow_api.py took 0.082 seconds
[2025-12-21T07:00:54.725+0000] {processor.py:161} INFO - Started process (PID=288) to work on /home/airflow/.local/lib/python3.8/site-packages/airflow/example_dags/tutorial_taskflow_api.py
[2025-12-21T07:00:54.727+0000] {processor.py:830} INFO - Processing file /home/airflow/.local/lib/python3.8/site-packages/airflow/example_dags/tutorial_taskflow_api.py for tasks to queue
[2025-12-21T07:00:54.729+0000] {logging_mixin.py:188} INFO - [2025-12-21T07:00:54.729+0000] {dagbag.py:540} INFO - Filling up the DagBag from /home/airflow/.local/lib/python3.8/site-packages/airflow/example_dags/tutorial_taskflow_api.py
[2025-12-21T07:00:54.736+0000] {processor.py:840} INFO - DAG(s) 'tutorial_taskflow_api' retrieved from /home/airflow/.local/lib/python3.8/site-packages/airflow/example_dags/tutorial_taskflow_api.py
[2025-12-21T07:00:54.764+0000] {logging_mixin.py:188} INFO - [2025-12-21T07:00:54.763+0000] {dag.py:3047} INFO - Sync 1 DAGs
[2025-12-21T07:00:54.780+0000] {logging_mixin.py:188} INFO - [2025-12-21T07:00:54.780+0000] {dag.py:3834} INFO - Setting next_dagrun for tutorial_taskflow_api to None, run_after=None
[2025-12-21T07:00:54.806+0000] {processor.py:183} INFO - Processing /home/airflow/.local/lib/python3.8/site-packages/airflow/example_dags/tutorial_taskflow_api.py took 0.085 seconds
[2025-12-21T07:01:25.248+0000] {processor.py:161} INFO - Started process (PID=344) to work on /home/airflow/.local/lib/python3.8/site-packages/airflow/example_dags/tutorial_taskflow_api.py
[2025-12-21T07:01:25.252+0000] {processor.py:830} INFO - Processing file /home/airflow/.local/lib/python3.8/site-packages/airflow/example_dags/tutorial_taskflow_api.py for tasks to queue
[2025-12-21T07:01:25.266+0000] {logging_mixin.py:188} INFO - [2025-12-21T07:01:25.265+0000] {dagbag.py:540} INFO - Filling up the DagBag from /home/airflow/.local/lib/python3.8/site-packages/airflow/example_dags/tutorial_taskflow_api.py
[2025-12-21T07:01:25.289+0000] {processor.py:840} INFO - DAG(s) 'tutorial_taskflow_api' retrieved from /home/airflow/.local/lib/python3.8/site-packages/airflow/example_dags/tutorial_taskflow_api.py
[2025-12-21T07:01:25.365+0000] {logging_mixin.py:188} INFO - [2025-12-21T07:01:25.365+0000] {dag.py:3047} INFO - Sync 1 DAGs
[2025-12-21T07:01:25.400+0000] {logging_mixin.py:188} INFO - [2025-12-21T07:01:25.399+0000] {dag.py:3834} INFO - Setting next_dagrun for tutorial_taskflow_api to None, run_after=None
[2025-12-21T07:01:25.479+0000] {processor.py:183} INFO - Processing /home/airflow/.local/lib/python3.8/site-packages/airflow/example_dags/tutorial_taskflow_api.py took 0.250 seconds
[2025-12-21T07:01:55.559+0000] {processor.py:161} INFO - Started process (PID=400) to work on /home/airflow/.local/lib/python3.8/site-packages/airflow/example_dags/tutorial_taskflow_api.py
[2025-12-21T07:01:55.561+0000] {processor.py:830} INFO - Processing file /home/airflow/.local/lib/python3.8/site-packages/airflow/example_dags/tutorial_taskflow_api.py for tasks to queue
[2025-12-21T07:01:55.563+0000] {logging_mixin.py:188} INFO - [2025-12-21T07:01:55.563+0000] {dagbag.py:540} INFO - Filling up the DagBag from /home/airflow/.local/lib/python3.8/site-packages/airflow/example_dags/tutorial_taskflow_api.py
[2025-12-21T07:01:55.571+0000] {processor.py:840} INFO - DAG(s) 'tutorial_taskflow_api' retrieved from /home/airflow/.local/lib/python3.8/site-packages/airflow/example_dags/tutorial_taskflow_api.py
[2025-12-21T07:01:55.595+0000] {logging_mixin.py:188} INFO - [2025-12-21T07:01:55.594+0000] {dag.py:3047} INFO - Sync 1 DAGs
[2025-12-21T07:01:55.607+0000] {logging_mixin.py:188} INFO - [2025-12-21T07:01:55.607+0000] {dag.py:3834} INFO - Setting next_dagrun for tutorial_taskflow_api to None, run_after=None
[2025-12-21T07:01:55.628+0000] {processor.py:183} INFO - Processing /home/airflow/.local/lib/python3.8/site-packages/airflow/example_dags/tutorial_taskflow_api.py took 0.073 seconds
[2025-12-21T07:02:25.938+0000] {processor.py:161} INFO - Started process (PID=456) to work on /home/airflow/.local/lib/python3.8/site-packages/airflow/example_dags/tutorial_taskflow_api.py
[2025-12-21T07:02:25.939+0000] {processor.py:830} INFO - Processing file /home/airflow/.local/lib/python3.8/site-packages/airflow/example_dags/tutorial_taskflow_api.py for tasks to queue
[2025-12-21T07:02:25.942+0000] {logging_mixin.py:188} INFO - [2025-12-21T07:02:25.942+0000] {dagbag.py:540} INFO - Filling up the DagBag from /home/airflow/.local/lib/python3.8/site-packages/airflow/example_dags/tutorial_taskflow_api.py
[2025-12-21T07:02:25.950+0000] {processor.py:840} INFO - DAG(s) 'tutorial_taskflow_api' retrieved from /home/airflow/.local/lib/python3.8/site-packages/airflow/example_dags/tutorial_taskflow_api.py
[2025-12-21T07:02:25.977+0000] {logging_mixin.py:188} INFO - [2025-12-21T07:02:25.976+0000] {dag.py:3047} INFO - Sync 1 DAGs
[2025-12-21T07:02:25.993+0000] {logging_mixin.py:188} INFO - [2025-12-21T07:02:25.992+0000] {dag.py:3834} INFO - Setting next_dagrun for tutorial_taskflow_api to None, run_after=None
[2025-12-21T07:02:26.016+0000] {processor.py:183} INFO - Processing /home/airflow/.local/lib/python3.8/site-packages/airflow/example_dags/tutorial_taskflow_api.py took 0.082 seconds
[2025-12-21T07:02:56.343+0000] {processor.py:161} INFO - Started process (PID=512) to work on /home/airflow/.local/lib/python3.8/site-packages/airflow/example_dags/tutorial_taskflow_api.py
[2025-12-21T07:02:56.344+0000] {processor.py:830} INFO - Processing file /home/airflow/.local/lib/python3.8/site-packages/airflow/example_dags/tutorial_taskflow_api.py for tasks to queue
[2025-12-21T07:02:56.348+0000] {logging_mixin.py:188} INFO - [2025-12-21T07:02:56.347+0000] {dagbag.py:540} INFO - Filling up the DagBag from /home/airflow/.local/lib/python3.8/site-packages/airflow/example_dags/tutorial_taskflow_api.py
[2025-12-21T07:02:56.358+0000] {processor.py:840} INFO - DAG(s) 'tutorial_taskflow_api' retrieved from /home/airflow/.local/lib/python3.8/site-packages/airflow/example_dags/tutorial_taskflow_api.py
[2025-12-21T07:02:56.391+0000] {logging_mixin.py:188} INFO - [2025-12-21T07:02:56.390+0000] {dag.py:3047} INFO - Sync 1 DAGs
[2025-12-21T07:02:56.410+0000] {logging_mixin.py:188} INFO - [2025-12-21T07:02:56.409+0000] {dag.py:3834} INFO - Setting next_dagrun for tutorial_taskflow_api to None, run_after=None
[2025-12-21T07:02:56.437+0000] {processor.py:183} INFO - Processing /home/airflow/.local/lib/python3.8/site-packages/airflow/example_dags/tutorial_taskflow_api.py took 0.100 seconds
[2025-12-21T07:03:26.830+0000] {processor.py:161} INFO - Started process (PID=568) to work on /home/airflow/.local/lib/python3.8/site-packages/airflow/example_dags/tutorial_taskflow_api.py
[2025-12-21T07:03:26.832+0000] {processor.py:830} INFO - Processing file /home/airflow/.local/lib/python3.8/site-packages/airflow/example_dags/tutorial_taskflow_api.py for tasks to queue
[2025-12-21T07:03:26.834+0000] {logging_mixin.py:188} INFO - [2025-12-21T07:03:26.834+0000] {dagbag.py:540} INFO - Filling up the DagBag from /home/airflow/.local/lib/python3.8/site-packages/airflow/example_dags/tutorial_taskflow_api.py
[2025-12-21T07:03:26.842+0000] {processor.py:840} INFO - DAG(s) 'tutorial_taskflow_api' retrieved from /home/airflow/.local/lib/python3.8/site-packages/airflow/example_dags/tutorial_taskflow_api.py
[2025-12-21T07:03:26.866+0000] {logging_mixin.py:188} INFO - [2025-12-21T07:03:26.865+0000] {dag.py:3047} INFO - Sync 1 DAGs
[2025-12-21T07:03:26.882+0000] {logging_mixin.py:188} INFO - [2025-12-21T07:03:26.882+0000] {dag.py:3834} INFO - Setting next_dagrun for tutorial_taskflow_api to None, run_after=None
[2025-12-21T07:03:26.905+0000] {processor.py:183} INFO - Processing /home/airflow/.local/lib/python3.8/site-packages/airflow/example_dags/tutorial_taskflow_api.py took 0.079 seconds
[2025-12-21T07:03:57.176+0000] {processor.py:161} INFO - Started process (PID=624) to work on /home/airflow/.local/lib/python3.8/site-packages/airflow/example_dags/tutorial_taskflow_api.py
[2025-12-21T07:03:57.178+0000] {processor.py:830} INFO - Processing file /home/airflow/.local/lib/python3.8/site-packages/airflow/example_dags/tutorial_taskflow_api.py for tasks to queue
[2025-12-21T07:03:57.181+0000] {logging_mixin.py:188} INFO - [2025-12-21T07:03:57.181+0000] {dagbag.py:540} INFO - Filling up the DagBag from /home/airflow/.local/lib/python3.8/site-packages/airflow/example_dags/tutorial_taskflow_api.py
[2025-12-21T07:03:57.189+0000] {processor.py:840} INFO - DAG(s) 'tutorial_taskflow_api' retrieved from /home/airflow/.local/lib/python3.8/site-packages/airflow/example_dags/tutorial_taskflow_api.py
[2025-12-21T07:03:57.216+0000] {logging_mixin.py:188} INFO - [2025-12-21T07:03:57.216+0000] {dag.py:3047} INFO - Sync 1 DAGs
[2025-12-21T07:03:57.235+0000] {logging_mixin.py:188} INFO - [2025-12-21T07:03:57.234+0000] {dag.py:3834} INFO - Setting next_dagrun for tutorial_taskflow_api to None, run_after=None
[2025-12-21T07:03:57.265+0000] {processor.py:183} INFO - Processing /home/airflow/.local/lib/python3.8/site-packages/airflow/example_dags/tutorial_taskflow_api.py took 0.092 seconds
[2025-12-21T07:04:28.260+0000] {processor.py:161} INFO - Started process (PID=680) to work on /home/airflow/.local/lib/python3.8/site-packages/airflow/example_dags/tutorial_taskflow_api.py
[2025-12-21T07:04:28.262+0000] {processor.py:830} INFO - Processing file /home/airflow/.local/lib/python3.8/site-packages/airflow/example_dags/tutorial_taskflow_api.py for tasks to queue
[2025-12-21T07:04:28.264+0000] {logging_mixin.py:188} INFO - [2025-12-21T07:04:28.264+0000] {dagbag.py:540} INFO - Filling up the DagBag from /home/airflow/.local/lib/python3.8/site-packages/airflow/example_dags/tutorial_taskflow_api.py
[2025-12-21T07:04:28.272+0000] {processor.py:840} INFO - DAG(s) 'tutorial_taskflow_api' retrieved from /home/airflow/.local/lib/python3.8/site-packages/airflow/example_dags/tutorial_taskflow_api.py
[2025-12-21T07:04:28.299+0000] {logging_mixin.py:188} INFO - [2025-12-21T07:04:28.299+0000] {dag.py:3047} INFO - Sync 1 DAGs
[2025-12-21T07:04:28.313+0000] {logging_mixin.py:188} INFO - [2025-12-21T07:04:28.313+0000] {dag.py:3834} INFO - Setting next_dagrun for tutorial_taskflow_api to None, run_after=None
[2025-12-21T07:04:28.340+0000] {processor.py:183} INFO - Processing /home/airflow/.local/lib/python3.8/site-packages/airflow/example_dags/tutorial_taskflow_api.py took 0.085 seconds
[2025-12-21T07:04:58.446+0000] {processor.py:161} INFO - Started process (PID=736) to work on /home/airflow/.local/lib/python3.8/site-packages/airflow/example_dags/tutorial_taskflow_api.py
[2025-12-21T07:04:58.447+0000] {processor.py:830} INFO - Processing file /home/airflow/.local/lib/python3.8/site-packages/airflow/example_dags/tutorial_taskflow_api.py for tasks to queue
[2025-12-21T07:04:58.449+0000] {logging_mixin.py:188} INFO - [2025-12-21T07:04:58.449+0000] {dagbag.py:540} INFO - Filling up the DagBag from /home/airflow/.local/lib/python3.8/site-packages/airflow/example_dags/tutorial_taskflow_api.py
[2025-12-21T07:04:58.457+0000] {processor.py:840} INFO - DAG(s) 'tutorial_taskflow_api' retrieved from /home/airflow/.local/lib/python3.8/site-packages/airflow/example_dags/tutorial_taskflow_api.py
[2025-12-21T07:04:58.482+0000] {logging_mixin.py:188} INFO - [2025-12-21T07:04:58.481+0000] {dag.py:3047} INFO - Sync 1 DAGs
[2025-12-21T07:04:58.495+0000] {logging_mixin.py:188} INFO - [2025-12-21T07:04:58.495+0000] {dag.py:3834} INFO - Setting next_dagrun for tutorial_taskflow_api to None, run_after=None
[2025-12-21T07:04:58.518+0000] {processor.py:183} INFO - Processing /home/airflow/.local/lib/python3.8/site-packages/airflow/example_dags/tutorial_taskflow_api.py took 0.076 seconds
[2025-12-21T07:05:28.883+0000] {processor.py:161} INFO - Started process (PID=792) to work on /home/airflow/.local/lib/python3.8/site-packages/airflow/example_dags/tutorial_taskflow_api.py
[2025-12-21T07:05:28.885+0000] {processor.py:830} INFO - Processing file /home/airflow/.local/lib/python3.8/site-packages/airflow/example_dags/tutorial_taskflow_api.py for tasks to queue
[2025-12-21T07:05:28.887+0000] {logging_mixin.py:188} INFO - [2025-12-21T07:05:28.887+0000] {dagbag.py:540} INFO - Filling up the DagBag from /home/airflow/.local/lib/python3.8/site-packages/airflow/example_dags/tutorial_taskflow_api.py
[2025-12-21T07:05:28.894+0000] {processor.py:840} INFO - DAG(s) 'tutorial_taskflow_api' retrieved from /home/airflow/.local/lib/python3.8/site-packages/airflow/example_dags/tutorial_taskflow_api.py
[2025-12-21T07:05:28.917+0000] {logging_mixin.py:188} INFO - [2025-12-21T07:05:28.917+0000] {dag.py:3047} INFO - Sync 1 DAGs
[2025-12-21T07:05:28.931+0000] {logging_mixin.py:188} INFO - [2025-12-21T07:05:28.930+0000] {dag.py:3834} INFO - Setting next_dagrun for tutorial_taskflow_api to None, run_after=None
[2025-12-21T07:05:28.951+0000] {processor.py:183} INFO - Processing /home/airflow/.local/lib/python3.8/site-packages/airflow/example_dags/tutorial_taskflow_api.py took 0.071 seconds
[2025-12-21T07:05:59.012+0000] {processor.py:161} INFO - Started process (PID=847) to work on /home/airflow/.local/lib/python3.8/site-packages/airflow/example_dags/tutorial_taskflow_api.py
[2025-12-21T07:05:59.013+0000] {processor.py:830} INFO - Processing file /home/airflow/.local/lib/python3.8/site-packages/airflow/example_dags/tutorial_taskflow_api.py for tasks to queue
[2025-12-21T07:05:59.016+0000] {logging_mixin.py:188} INFO - [2025-12-21T07:05:59.015+0000] {dagbag.py:540} INFO - Filling up the DagBag from /home/airflow/.local/lib/python3.8/site-packages/airflow/example_dags/tutorial_taskflow_api.py
[2025-12-21T07:05:59.025+0000] {processor.py:840} INFO - DAG(s) 'tutorial_taskflow_api' retrieved from /home/airflow/.local/lib/python3.8/site-packages/airflow/example_dags/tutorial_taskflow_api.py
[2025-12-21T07:05:59.053+0000] {logging_mixin.py:188} INFO - [2025-12-21T07:05:59.052+0000] {dag.py:3047} INFO - Sync 1 DAGs
[2025-12-21T07:05:59.068+0000] {logging_mixin.py:188} INFO - [2025-12-21T07:05:59.067+0000] {dag.py:3834} INFO - Setting next_dagrun for tutorial_taskflow_api to None, run_after=None
[2025-12-21T07:05:59.091+0000] {processor.py:183} INFO - Processing /home/airflow/.local/lib/python3.8/site-packages/airflow/example_dags/tutorial_taskflow_api.py took 0.083 seconds
[2025-12-21T07:06:29.302+0000] {processor.py:161} INFO - Started process (PID=903) to work on /home/airflow/.local/lib/python3.8/site-packages/airflow/example_dags/tutorial_taskflow_api.py
[2025-12-21T07:06:29.304+0000] {processor.py:830} INFO - Processing file /home/airflow/.local/lib/python3.8/site-packages/airflow/example_dags/tutorial_taskflow_api.py for tasks to queue
[2025-12-21T07:06:29.306+0000] {logging_mixin.py:188} INFO - [2025-12-21T07:06:29.306+0000] {dagbag.py:540} INFO - Filling up the DagBag from /home/airflow/.local/lib/python3.8/site-packages/airflow/example_dags/tutorial_taskflow_api.py
[2025-12-21T07:06:29.316+0000] {processor.py:840} INFO - DAG(s) 'tutorial_taskflow_api' retrieved from /home/airflow/.local/lib/python3.8/site-packages/airflow/example_dags/tutorial_taskflow_api.py
[2025-12-21T07:06:29.347+0000] {logging_mixin.py:188} INFO - [2025-12-21T07:06:29.347+0000] {dag.py:3047} INFO - Sync 1 DAGs
[2025-12-21T07:06:29.365+0000] {logging_mixin.py:188} INFO - [2025-12-21T07:06:29.364+0000] {dag.py:3834} INFO - Setting next_dagrun for tutorial_taskflow_api to None, run_after=None
[2025-12-21T07:06:29.397+0000] {processor.py:183} INFO - Processing /home/airflow/.local/lib/python3.8/site-packages/airflow/example_dags/tutorial_taskflow_api.py took 0.099 seconds
[2025-12-21T07:06:59.672+0000] {processor.py:161} INFO - Started process (PID=959) to work on /home/airflow/.local/lib/python3.8/site-packages/airflow/example_dags/tutorial_taskflow_api.py
[2025-12-21T07:06:59.674+0000] {processor.py:830} INFO - Processing file /home/airflow/.local/lib/python3.8/site-packages/airflow/example_dags/tutorial_taskflow_api.py for tasks to queue
[2025-12-21T07:06:59.676+0000] {logging_mixin.py:188} INFO - [2025-12-21T07:06:59.676+0000] {dagbag.py:540} INFO - Filling up the DagBag from /home/airflow/.local/lib/python3.8/site-packages/airflow/example_dags/tutorial_taskflow_api.py
[2025-12-21T07:06:59.683+0000] {processor.py:840} INFO - DAG(s) 'tutorial_taskflow_api' retrieved from /home/airflow/.local/lib/python3.8/site-packages/airflow/example_dags/tutorial_taskflow_api.py
[2025-12-21T07:06:59.706+0000] {logging_mixin.py:188} INFO - [2025-12-21T07:06:59.706+0000] {dag.py:3047} INFO - Sync 1 DAGs
[2025-12-21T07:06:59.719+0000] {logging_mixin.py:188} INFO - [2025-12-21T07:06:59.718+0000] {dag.py:3834} INFO - Setting next_dagrun for tutorial_taskflow_api to None, run_after=None
[2025-12-21T07:06:59.741+0000] {processor.py:183} INFO - Processing /home/airflow/.local/lib/python3.8/site-packages/airflow/example_dags/tutorial_taskflow_api.py took 0.073 seconds
[2025-12-21T07:07:30.138+0000] {processor.py:161} INFO - Started process (PID=1015) to work on /home/airflow/.local/lib/python3.8/site-packages/airflow/example_dags/tutorial_taskflow_api.py
[2025-12-21T07:07:30.140+0000] {processor.py:830} INFO - Processing file /home/airflow/.local/lib/python3.8/site-packages/airflow/example_dags/tutorial_taskflow_api.py for tasks to queue
[2025-12-21T07:07:30.142+0000] {logging_mixin.py:188} INFO - [2025-12-21T07:07:30.142+0000] {dagbag.py:540} INFO - Filling up the DagBag from /home/airflow/.local/lib/python3.8/site-packages/airflow/example_dags/tutorial_taskflow_api.py
[2025-12-21T07:07:30.149+0000] {processor.py:840} INFO - DAG(s) 'tutorial_taskflow_api' retrieved from /home/airflow/.local/lib/python3.8/site-packages/airflow/example_dags/tutorial_taskflow_api.py
[2025-12-21T07:07:30.175+0000] {logging_mixin.py:188} INFO - [2025-12-21T07:07:30.175+0000] {dag.py:3047} INFO - Sync 1 DAGs
[2025-12-21T07:07:30.189+0000] {logging_mixin.py:188} INFO - [2025-12-21T07:07:30.188+0000] {dag.py:3834} INFO - Setting next_dagrun for tutorial_taskflow_api to None, run_after=None
[2025-12-21T07:07:30.211+0000] {processor.py:183} INFO - Processing /home/airflow/.local/lib/python3.8/site-packages/airflow/example_dags/tutorial_taskflow_api.py took 0.077 seconds
[2025-12-21T07:08:01.076+0000] {processor.py:161} INFO - Started process (PID=1072) to work on /home/airflow/.local/lib/python3.8/site-packages/airflow/example_dags/tutorial_taskflow_api.py
[2025-12-21T07:08:01.077+0000] {processor.py:830} INFO - Processing file /home/airflow/.local/lib/python3.8/site-packages/airflow/example_dags/tutorial_taskflow_api.py for tasks to queue
[2025-12-21T07:08:01.081+0000] {logging_mixin.py:188} INFO - [2025-12-21T07:08:01.080+0000] {dagbag.py:540} INFO - Filling up the DagBag from /home/airflow/.local/lib/python3.8/site-packages/airflow/example_dags/tutorial_taskflow_api.py
[2025-12-21T07:08:01.095+0000] {processor.py:840} INFO - DAG(s) 'tutorial_taskflow_api' retrieved from /home/airflow/.local/lib/python3.8/site-packages/airflow/example_dags/tutorial_taskflow_api.py
[2025-12-21T07:08:01.123+0000] {logging_mixin.py:188} INFO - [2025-12-21T07:08:01.123+0000] {dag.py:3047} INFO - Sync 1 DAGs
[2025-12-21T07:08:01.140+0000] {logging_mixin.py:188} INFO - [2025-12-21T07:08:01.140+0000] {dag.py:3834} INFO - Setting next_dagrun for tutorial_taskflow_api to None, run_after=None
[2025-12-21T07:08:01.165+0000] {processor.py:183} INFO - Processing /home/airflow/.local/lib/python3.8/site-packages/airflow/example_dags/tutorial_taskflow_api.py took 0.094 seconds
[2025-12-21T07:08:32.137+0000] {processor.py:161} INFO - Started process (PID=1128) to work on /home/airflow/.local/lib/python3.8/site-packages/airflow/example_dags/tutorial_taskflow_api.py
[2025-12-21T07:08:32.139+0000] {processor.py:830} INFO - Processing file /home/airflow/.local/lib/python3.8/site-packages/airflow/example_dags/tutorial_taskflow_api.py for tasks to queue
[2025-12-21T07:08:32.141+0000] {logging_mixin.py:188} INFO - [2025-12-21T07:08:32.141+0000] {dagbag.py:540} INFO - Filling up the DagBag from /home/airflow/.local/lib/python3.8/site-packages/airflow/example_dags/tutorial_taskflow_api.py
[2025-12-21T07:08:32.148+0000] {processor.py:840} INFO - DAG(s) 'tutorial_taskflow_api' retrieved from /home/airflow/.local/lib/python3.8/site-packages/airflow/example_dags/tutorial_taskflow_api.py
[2025-12-21T07:08:32.169+0000] {logging_mixin.py:188} INFO - [2025-12-21T07:08:32.169+0000] {dag.py:3047} INFO - Sync 1 DAGs
[2025-12-21T07:08:32.181+0000] {logging_mixin.py:188} INFO - [2025-12-21T07:08:32.181+0000] {dag.py:3834} INFO - Setting next_dagrun for tutorial_taskflow_api to None, run_after=None
[2025-12-21T07:08:32.203+0000] {processor.py:183} INFO - Processing /home/airflow/.local/lib/python3.8/site-packages/airflow/example_dags/tutorial_taskflow_api.py took 0.070 seconds
[2025-12-21T07:11:42.920+0000] {processor.py:161} INFO - Started process (PID=70) to work on /home/airflow/.local/lib/python3.8/site-packages/airflow/example_dags/tutorial_taskflow_api.py
[2025-12-21T07:11:42.922+0000] {processor.py:830} INFO - Processing file /home/airflow/.local/lib/python3.8/site-packages/airflow/example_dags/tutorial_taskflow_api.py for tasks to queue
[2025-12-21T07:11:42.925+0000] {logging_mixin.py:188} INFO - [2025-12-21T07:11:42.925+0000] {dagbag.py:540} INFO - Filling up the DagBag from /home/airflow/.local/lib/python3.8/site-packages/airflow/example_dags/tutorial_taskflow_api.py
[2025-12-21T07:11:42.937+0000] {processor.py:840} INFO - DAG(s) 'tutorial_taskflow_api' retrieved from /home/airflow/.local/lib/python3.8/site-packages/airflow/example_dags/tutorial_taskflow_api.py
[2025-12-21T07:11:42.960+0000] {logging_mixin.py:188} INFO - [2025-12-21T07:11:42.960+0000] {dag.py:3047} INFO - Sync 1 DAGs
[2025-12-21T07:11:42.980+0000] {logging_mixin.py:188} INFO - [2025-12-21T07:11:42.979+0000] {dag.py:3834} INFO - Setting next_dagrun for tutorial_taskflow_api to None, run_after=None
[2025-12-21T07:11:43.007+0000] {processor.py:183} INFO - Processing /home/airflow/.local/lib/python3.8/site-packages/airflow/example_dags/tutorial_taskflow_api.py took 0.095 seconds
[2025-12-21T07:12:14.540+0000] {processor.py:161} INFO - Started process (PID=131) to work on /home/airflow/.local/lib/python3.8/site-packages/airflow/example_dags/tutorial_taskflow_api.py
[2025-12-21T07:12:14.543+0000] {processor.py:830} INFO - Processing file /home/airflow/.local/lib/python3.8/site-packages/airflow/example_dags/tutorial_taskflow_api.py for tasks to queue
[2025-12-21T07:12:14.545+0000] {logging_mixin.py:188} INFO - [2025-12-21T07:12:14.545+0000] {dagbag.py:540} INFO - Filling up the DagBag from /home/airflow/.local/lib/python3.8/site-packages/airflow/example_dags/tutorial_taskflow_api.py
[2025-12-21T07:12:14.556+0000] {processor.py:840} INFO - DAG(s) 'tutorial_taskflow_api' retrieved from /home/airflow/.local/lib/python3.8/site-packages/airflow/example_dags/tutorial_taskflow_api.py
[2025-12-21T07:12:14.665+0000] {logging_mixin.py:188} INFO - [2025-12-21T07:12:14.665+0000] {dag.py:3047} INFO - Sync 1 DAGs
[2025-12-21T07:12:14.677+0000] {logging_mixin.py:188} INFO - [2025-12-21T07:12:14.677+0000] {dag.py:3834} INFO - Setting next_dagrun for tutorial_taskflow_api to None, run_after=None
[2025-12-21T07:12:14.703+0000] {processor.py:183} INFO - Processing /home/airflow/.local/lib/python3.8/site-packages/airflow/example_dags/tutorial_taskflow_api.py took 0.166 seconds
[2025-12-21T07:12:45.165+0000] {processor.py:161} INFO - Started process (PID=187) to work on /home/airflow/.local/lib/python3.8/site-packages/airflow/example_dags/tutorial_taskflow_api.py
[2025-12-21T07:12:45.166+0000] {processor.py:830} INFO - Processing file /home/airflow/.local/lib/python3.8/site-packages/airflow/example_dags/tutorial_taskflow_api.py for tasks to queue
[2025-12-21T07:12:45.170+0000] {logging_mixin.py:188} INFO - [2025-12-21T07:12:45.169+0000] {dagbag.py:540} INFO - Filling up the DagBag from /home/airflow/.local/lib/python3.8/site-packages/airflow/example_dags/tutorial_taskflow_api.py
[2025-12-21T07:12:45.178+0000] {processor.py:840} INFO - DAG(s) 'tutorial_taskflow_api' retrieved from /home/airflow/.local/lib/python3.8/site-packages/airflow/example_dags/tutorial_taskflow_api.py
[2025-12-21T07:12:45.205+0000] {logging_mixin.py:188} INFO - [2025-12-21T07:12:45.205+0000] {dag.py:3047} INFO - Sync 1 DAGs
[2025-12-21T07:12:45.219+0000] {logging_mixin.py:188} INFO - [2025-12-21T07:12:45.219+0000] {dag.py:3834} INFO - Setting next_dagrun for tutorial_taskflow_api to None, run_after=None
[2025-12-21T07:12:45.242+0000] {processor.py:183} INFO - Processing /home/airflow/.local/lib/python3.8/site-packages/airflow/example_dags/tutorial_taskflow_api.py took 0.081 seconds
[2025-12-21T07:13:15.983+0000] {processor.py:161} INFO - Started process (PID=243) to work on /home/airflow/.local/lib/python3.8/site-packages/airflow/example_dags/tutorial_taskflow_api.py
[2025-12-21T07:13:15.991+0000] {processor.py:830} INFO - Processing file /home/airflow/.local/lib/python3.8/site-packages/airflow/example_dags/tutorial_taskflow_api.py for tasks to queue
[2025-12-21T07:13:16.000+0000] {logging_mixin.py:188} INFO - [2025-12-21T07:13:15.999+0000] {dagbag.py:540} INFO - Filling up the DagBag from /home/airflow/.local/lib/python3.8/site-packages/airflow/example_dags/tutorial_taskflow_api.py
[2025-12-21T07:13:16.022+0000] {processor.py:840} INFO - DAG(s) 'tutorial_taskflow_api' retrieved from /home/airflow/.local/lib/python3.8/site-packages/airflow/example_dags/tutorial_taskflow_api.py
[2025-12-21T07:13:16.065+0000] {logging_mixin.py:188} INFO - [2025-12-21T07:13:16.065+0000] {dag.py:3047} INFO - Sync 1 DAGs
[2025-12-21T07:13:16.097+0000] {logging_mixin.py:188} INFO - [2025-12-21T07:13:16.096+0000] {dag.py:3834} INFO - Setting next_dagrun for tutorial_taskflow_api to None, run_after=None
[2025-12-21T07:13:16.135+0000] {processor.py:183} INFO - Processing /home/airflow/.local/lib/python3.8/site-packages/airflow/example_dags/tutorial_taskflow_api.py took 0.162 seconds
[2025-12-21T07:13:46.919+0000] {processor.py:161} INFO - Started process (PID=299) to work on /home/airflow/.local/lib/python3.8/site-packages/airflow/example_dags/tutorial_taskflow_api.py
[2025-12-21T07:13:46.921+0000] {processor.py:830} INFO - Processing file /home/airflow/.local/lib/python3.8/site-packages/airflow/example_dags/tutorial_taskflow_api.py for tasks to queue
[2025-12-21T07:13:46.923+0000] {logging_mixin.py:188} INFO - [2025-12-21T07:13:46.923+0000] {dagbag.py:540} INFO - Filling up the DagBag from /home/airflow/.local/lib/python3.8/site-packages/airflow/example_dags/tutorial_taskflow_api.py
[2025-12-21T07:13:46.930+0000] {processor.py:840} INFO - DAG(s) 'tutorial_taskflow_api' retrieved from /home/airflow/.local/lib/python3.8/site-packages/airflow/example_dags/tutorial_taskflow_api.py
[2025-12-21T07:13:46.957+0000] {logging_mixin.py:188} INFO - [2025-12-21T07:13:46.956+0000] {dag.py:3047} INFO - Sync 1 DAGs
[2025-12-21T07:13:46.969+0000] {logging_mixin.py:188} INFO - [2025-12-21T07:13:46.969+0000] {dag.py:3834} INFO - Setting next_dagrun for tutorial_taskflow_api to None, run_after=None
[2025-12-21T07:13:46.991+0000] {processor.py:183} INFO - Processing /home/airflow/.local/lib/python3.8/site-packages/airflow/example_dags/tutorial_taskflow_api.py took 0.076 seconds
[2025-12-21T07:14:17.514+0000] {processor.py:161} INFO - Started process (PID=355) to work on /home/airflow/.local/lib/python3.8/site-packages/airflow/example_dags/tutorial_taskflow_api.py
[2025-12-21T07:14:17.516+0000] {processor.py:830} INFO - Processing file /home/airflow/.local/lib/python3.8/site-packages/airflow/example_dags/tutorial_taskflow_api.py for tasks to queue
[2025-12-21T07:14:17.518+0000] {logging_mixin.py:188} INFO - [2025-12-21T07:14:17.517+0000] {dagbag.py:540} INFO - Filling up the DagBag from /home/airflow/.local/lib/python3.8/site-packages/airflow/example_dags/tutorial_taskflow_api.py
[2025-12-21T07:14:17.525+0000] {processor.py:840} INFO - DAG(s) 'tutorial_taskflow_api' retrieved from /home/airflow/.local/lib/python3.8/site-packages/airflow/example_dags/tutorial_taskflow_api.py
[2025-12-21T07:14:17.550+0000] {logging_mixin.py:188} INFO - [2025-12-21T07:14:17.549+0000] {dag.py:3047} INFO - Sync 1 DAGs
[2025-12-21T07:14:17.563+0000] {logging_mixin.py:188} INFO - [2025-12-21T07:14:17.563+0000] {dag.py:3834} INFO - Setting next_dagrun for tutorial_taskflow_api to None, run_after=None
[2025-12-21T07:14:17.585+0000] {processor.py:183} INFO - Processing /home/airflow/.local/lib/python3.8/site-packages/airflow/example_dags/tutorial_taskflow_api.py took 0.075 seconds
[2025-12-21T07:14:48.331+0000] {processor.py:161} INFO - Started process (PID=411) to work on /home/airflow/.local/lib/python3.8/site-packages/airflow/example_dags/tutorial_taskflow_api.py
[2025-12-21T07:14:48.334+0000] {processor.py:830} INFO - Processing file /home/airflow/.local/lib/python3.8/site-packages/airflow/example_dags/tutorial_taskflow_api.py for tasks to queue
[2025-12-21T07:14:48.336+0000] {logging_mixin.py:188} INFO - [2025-12-21T07:14:48.336+0000] {dagbag.py:540} INFO - Filling up the DagBag from /home/airflow/.local/lib/python3.8/site-packages/airflow/example_dags/tutorial_taskflow_api.py
[2025-12-21T07:14:48.346+0000] {processor.py:840} INFO - DAG(s) 'tutorial_taskflow_api' retrieved from /home/airflow/.local/lib/python3.8/site-packages/airflow/example_dags/tutorial_taskflow_api.py
[2025-12-21T07:14:48.380+0000] {logging_mixin.py:188} INFO - [2025-12-21T07:14:48.379+0000] {dag.py:3047} INFO - Sync 1 DAGs
[2025-12-21T07:14:48.398+0000] {logging_mixin.py:188} INFO - [2025-12-21T07:14:48.398+0000] {dag.py:3834} INFO - Setting next_dagrun for tutorial_taskflow_api to None, run_after=None
[2025-12-21T07:14:48.431+0000] {processor.py:183} INFO - Processing /home/airflow/.local/lib/python3.8/site-packages/airflow/example_dags/tutorial_taskflow_api.py took 0.105 seconds
[2025-12-21T07:15:18.598+0000] {processor.py:161} INFO - Started process (PID=467) to work on /home/airflow/.local/lib/python3.8/site-packages/airflow/example_dags/tutorial_taskflow_api.py
[2025-12-21T07:15:18.600+0000] {processor.py:830} INFO - Processing file /home/airflow/.local/lib/python3.8/site-packages/airflow/example_dags/tutorial_taskflow_api.py for tasks to queue
[2025-12-21T07:15:18.602+0000] {logging_mixin.py:188} INFO - [2025-12-21T07:15:18.602+0000] {dagbag.py:540} INFO - Filling up the DagBag from /home/airflow/.local/lib/python3.8/site-packages/airflow/example_dags/tutorial_taskflow_api.py
[2025-12-21T07:15:18.610+0000] {processor.py:840} INFO - DAG(s) 'tutorial_taskflow_api' retrieved from /home/airflow/.local/lib/python3.8/site-packages/airflow/example_dags/tutorial_taskflow_api.py
[2025-12-21T07:15:18.634+0000] {logging_mixin.py:188} INFO - [2025-12-21T07:15:18.634+0000] {dag.py:3047} INFO - Sync 1 DAGs
[2025-12-21T07:15:18.651+0000] {logging_mixin.py:188} INFO - [2025-12-21T07:15:18.650+0000] {dag.py:3834} INFO - Setting next_dagrun for tutorial_taskflow_api to None, run_after=None
[2025-12-21T07:15:18.672+0000] {processor.py:183} INFO - Processing /home/airflow/.local/lib/python3.8/site-packages/airflow/example_dags/tutorial_taskflow_api.py took 0.077 seconds
[2025-12-21T07:15:48.926+0000] {processor.py:161} INFO - Started process (PID=523) to work on /home/airflow/.local/lib/python3.8/site-packages/airflow/example_dags/tutorial_taskflow_api.py
[2025-12-21T07:15:48.927+0000] {processor.py:830} INFO - Processing file /home/airflow/.local/lib/python3.8/site-packages/airflow/example_dags/tutorial_taskflow_api.py for tasks to queue
[2025-12-21T07:15:48.930+0000] {logging_mixin.py:188} INFO - [2025-12-21T07:15:48.929+0000] {dagbag.py:540} INFO - Filling up the DagBag from /home/airflow/.local/lib/python3.8/site-packages/airflow/example_dags/tutorial_taskflow_api.py
[2025-12-21T07:15:48.937+0000] {processor.py:840} INFO - DAG(s) 'tutorial_taskflow_api' retrieved from /home/airflow/.local/lib/python3.8/site-packages/airflow/example_dags/tutorial_taskflow_api.py
[2025-12-21T07:15:48.963+0000] {logging_mixin.py:188} INFO - [2025-12-21T07:15:48.963+0000] {dag.py:3047} INFO - Sync 1 DAGs
[2025-12-21T07:15:48.976+0000] {logging_mixin.py:188} INFO - [2025-12-21T07:15:48.975+0000] {dag.py:3834} INFO - Setting next_dagrun for tutorial_taskflow_api to None, run_after=None
[2025-12-21T07:15:48.997+0000] {processor.py:183} INFO - Processing /home/airflow/.local/lib/python3.8/site-packages/airflow/example_dags/tutorial_taskflow_api.py took 0.076 seconds
[2025-12-21T07:16:19.956+0000] {processor.py:161} INFO - Started process (PID=579) to work on /home/airflow/.local/lib/python3.8/site-packages/airflow/example_dags/tutorial_taskflow_api.py
[2025-12-21T07:16:19.957+0000] {processor.py:830} INFO - Processing file /home/airflow/.local/lib/python3.8/site-packages/airflow/example_dags/tutorial_taskflow_api.py for tasks to queue
[2025-12-21T07:16:19.960+0000] {logging_mixin.py:188} INFO - [2025-12-21T07:16:19.959+0000] {dagbag.py:540} INFO - Filling up the DagBag from /home/airflow/.local/lib/python3.8/site-packages/airflow/example_dags/tutorial_taskflow_api.py
[2025-12-21T07:16:19.968+0000] {processor.py:840} INFO - DAG(s) 'tutorial_taskflow_api' retrieved from /home/airflow/.local/lib/python3.8/site-packages/airflow/example_dags/tutorial_taskflow_api.py
[2025-12-21T07:16:19.993+0000] {logging_mixin.py:188} INFO - [2025-12-21T07:16:19.993+0000] {dag.py:3047} INFO - Sync 1 DAGs
[2025-12-21T07:16:20.006+0000] {logging_mixin.py:188} INFO - [2025-12-21T07:16:20.006+0000] {dag.py:3834} INFO - Setting next_dagrun for tutorial_taskflow_api to None, run_after=None
[2025-12-21T07:16:20.033+0000] {processor.py:183} INFO - Processing /home/airflow/.local/lib/python3.8/site-packages/airflow/example_dags/tutorial_taskflow_api.py took 0.081 seconds
[2025-12-21T07:16:50.709+0000] {processor.py:161} INFO - Started process (PID=635) to work on /home/airflow/.local/lib/python3.8/site-packages/airflow/example_dags/tutorial_taskflow_api.py
[2025-12-21T07:16:50.710+0000] {processor.py:830} INFO - Processing file /home/airflow/.local/lib/python3.8/site-packages/airflow/example_dags/tutorial_taskflow_api.py for tasks to queue
[2025-12-21T07:16:50.713+0000] {logging_mixin.py:188} INFO - [2025-12-21T07:16:50.713+0000] {dagbag.py:540} INFO - Filling up the DagBag from /home/airflow/.local/lib/python3.8/site-packages/airflow/example_dags/tutorial_taskflow_api.py
[2025-12-21T07:16:50.721+0000] {processor.py:840} INFO - DAG(s) 'tutorial_taskflow_api' retrieved from /home/airflow/.local/lib/python3.8/site-packages/airflow/example_dags/tutorial_taskflow_api.py
[2025-12-21T07:16:50.743+0000] {logging_mixin.py:188} INFO - [2025-12-21T07:16:50.742+0000] {dag.py:3047} INFO - Sync 1 DAGs
[2025-12-21T07:16:50.755+0000] {logging_mixin.py:188} INFO - [2025-12-21T07:16:50.754+0000] {dag.py:3834} INFO - Setting next_dagrun for tutorial_taskflow_api to None, run_after=None
[2025-12-21T07:16:50.774+0000] {processor.py:183} INFO - Processing /home/airflow/.local/lib/python3.8/site-packages/airflow/example_dags/tutorial_taskflow_api.py took 0.068 seconds
[2025-12-21T07:17:21.019+0000] {processor.py:161} INFO - Started process (PID=691) to work on /home/airflow/.local/lib/python3.8/site-packages/airflow/example_dags/tutorial_taskflow_api.py
[2025-12-21T07:17:21.020+0000] {processor.py:830} INFO - Processing file /home/airflow/.local/lib/python3.8/site-packages/airflow/example_dags/tutorial_taskflow_api.py for tasks to queue
[2025-12-21T07:17:21.023+0000] {logging_mixin.py:188} INFO - [2025-12-21T07:17:21.022+0000] {dagbag.py:540} INFO - Filling up the DagBag from /home/airflow/.local/lib/python3.8/site-packages/airflow/example_dags/tutorial_taskflow_api.py
[2025-12-21T07:17:21.030+0000] {processor.py:840} INFO - DAG(s) 'tutorial_taskflow_api' retrieved from /home/airflow/.local/lib/python3.8/site-packages/airflow/example_dags/tutorial_taskflow_api.py
[2025-12-21T07:17:21.053+0000] {logging_mixin.py:188} INFO - [2025-12-21T07:17:21.053+0000] {dag.py:3047} INFO - Sync 1 DAGs
[2025-12-21T07:17:21.065+0000] {logging_mixin.py:188} INFO - [2025-12-21T07:17:21.065+0000] {dag.py:3834} INFO - Setting next_dagrun for tutorial_taskflow_api to None, run_after=None
[2025-12-21T07:17:21.087+0000] {processor.py:183} INFO - Processing /home/airflow/.local/lib/python3.8/site-packages/airflow/example_dags/tutorial_taskflow_api.py took 0.071 seconds
[2025-12-21T07:17:51.220+0000] {processor.py:161} INFO - Started process (PID=748) to work on /home/airflow/.local/lib/python3.8/site-packages/airflow/example_dags/tutorial_taskflow_api.py
[2025-12-21T07:17:51.222+0000] {processor.py:830} INFO - Processing file /home/airflow/.local/lib/python3.8/site-packages/airflow/example_dags/tutorial_taskflow_api.py for tasks to queue
[2025-12-21T07:17:51.225+0000] {logging_mixin.py:188} INFO - [2025-12-21T07:17:51.224+0000] {dagbag.py:540} INFO - Filling up the DagBag from /home/airflow/.local/lib/python3.8/site-packages/airflow/example_dags/tutorial_taskflow_api.py
[2025-12-21T07:17:51.232+0000] {processor.py:840} INFO - DAG(s) 'tutorial_taskflow_api' retrieved from /home/airflow/.local/lib/python3.8/site-packages/airflow/example_dags/tutorial_taskflow_api.py
[2025-12-21T07:17:51.255+0000] {logging_mixin.py:188} INFO - [2025-12-21T07:17:51.254+0000] {dag.py:3047} INFO - Sync 1 DAGs
[2025-12-21T07:17:51.269+0000] {logging_mixin.py:188} INFO - [2025-12-21T07:17:51.268+0000] {dag.py:3834} INFO - Setting next_dagrun for tutorial_taskflow_api to None, run_after=None
[2025-12-21T07:17:51.290+0000] {processor.py:183} INFO - Processing /home/airflow/.local/lib/python3.8/site-packages/airflow/example_dags/tutorial_taskflow_api.py took 0.073 seconds
[2025-12-21T07:18:22.111+0000] {processor.py:161} INFO - Started process (PID=804) to work on /home/airflow/.local/lib/python3.8/site-packages/airflow/example_dags/tutorial_taskflow_api.py
[2025-12-21T07:18:22.112+0000] {processor.py:830} INFO - Processing file /home/airflow/.local/lib/python3.8/site-packages/airflow/example_dags/tutorial_taskflow_api.py for tasks to queue
[2025-12-21T07:18:22.114+0000] {logging_mixin.py:188} INFO - [2025-12-21T07:18:22.114+0000] {dagbag.py:540} INFO - Filling up the DagBag from /home/airflow/.local/lib/python3.8/site-packages/airflow/example_dags/tutorial_taskflow_api.py
[2025-12-21T07:18:22.122+0000] {processor.py:840} INFO - DAG(s) 'tutorial_taskflow_api' retrieved from /home/airflow/.local/lib/python3.8/site-packages/airflow/example_dags/tutorial_taskflow_api.py
[2025-12-21T07:18:22.145+0000] {logging_mixin.py:188} INFO - [2025-12-21T07:18:22.144+0000] {dag.py:3047} INFO - Sync 1 DAGs
[2025-12-21T07:18:22.156+0000] {logging_mixin.py:188} INFO - [2025-12-21T07:18:22.156+0000] {dag.py:3834} INFO - Setting next_dagrun for tutorial_taskflow_api to None, run_after=None
[2025-12-21T07:18:22.175+0000] {processor.py:183} INFO - Processing /home/airflow/.local/lib/python3.8/site-packages/airflow/example_dags/tutorial_taskflow_api.py took 0.068 seconds
[2025-12-21T07:18:53.042+0000] {processor.py:161} INFO - Started process (PID=860) to work on /home/airflow/.local/lib/python3.8/site-packages/airflow/example_dags/tutorial_taskflow_api.py
[2025-12-21T07:18:53.043+0000] {processor.py:830} INFO - Processing file /home/airflow/.local/lib/python3.8/site-packages/airflow/example_dags/tutorial_taskflow_api.py for tasks to queue
[2025-12-21T07:18:53.046+0000] {logging_mixin.py:188} INFO - [2025-12-21T07:18:53.045+0000] {dagbag.py:540} INFO - Filling up the DagBag from /home/airflow/.local/lib/python3.8/site-packages/airflow/example_dags/tutorial_taskflow_api.py
[2025-12-21T07:18:53.053+0000] {processor.py:840} INFO - DAG(s) 'tutorial_taskflow_api' retrieved from /home/airflow/.local/lib/python3.8/site-packages/airflow/example_dags/tutorial_taskflow_api.py
[2025-12-21T07:18:53.074+0000] {logging_mixin.py:188} INFO - [2025-12-21T07:18:53.074+0000] {dag.py:3047} INFO - Sync 1 DAGs
[2025-12-21T07:18:53.086+0000] {logging_mixin.py:188} INFO - [2025-12-21T07:18:53.086+0000] {dag.py:3834} INFO - Setting next_dagrun for tutorial_taskflow_api to None, run_after=None
[2025-12-21T07:18:53.107+0000] {processor.py:183} INFO - Processing /home/airflow/.local/lib/python3.8/site-packages/airflow/example_dags/tutorial_taskflow_api.py took 0.068 seconds
[2025-12-21T07:19:24.488+0000] {processor.py:161} INFO - Started process (PID=916) to work on /home/airflow/.local/lib/python3.8/site-packages/airflow/example_dags/tutorial_taskflow_api.py
[2025-12-21T07:19:24.490+0000] {processor.py:830} INFO - Processing file /home/airflow/.local/lib/python3.8/site-packages/airflow/example_dags/tutorial_taskflow_api.py for tasks to queue
[2025-12-21T07:19:24.496+0000] {logging_mixin.py:188} INFO - [2025-12-21T07:19:24.496+0000] {dagbag.py:540} INFO - Filling up the DagBag from /home/airflow/.local/lib/python3.8/site-packages/airflow/example_dags/tutorial_taskflow_api.py
[2025-12-21T07:19:24.507+0000] {processor.py:840} INFO - DAG(s) 'tutorial_taskflow_api' retrieved from /home/airflow/.local/lib/python3.8/site-packages/airflow/example_dags/tutorial_taskflow_api.py
[2025-12-21T07:19:24.539+0000] {logging_mixin.py:188} INFO - [2025-12-21T07:19:24.539+0000] {dag.py:3047} INFO - Sync 1 DAGs
[2025-12-21T07:19:24.571+0000] {logging_mixin.py:188} INFO - [2025-12-21T07:19:24.571+0000] {dag.py:3834} INFO - Setting next_dagrun for tutorial_taskflow_api to None, run_after=None
[2025-12-21T07:19:24.618+0000] {processor.py:183} INFO - Processing /home/airflow/.local/lib/python3.8/site-packages/airflow/example_dags/tutorial_taskflow_api.py took 0.135 seconds
[2025-12-21T07:19:55.227+0000] {processor.py:161} INFO - Started process (PID=973) to work on /home/airflow/.local/lib/python3.8/site-packages/airflow/example_dags/tutorial_taskflow_api.py
[2025-12-21T07:19:55.229+0000] {processor.py:830} INFO - Processing file /home/airflow/.local/lib/python3.8/site-packages/airflow/example_dags/tutorial_taskflow_api.py for tasks to queue
[2025-12-21T07:19:55.232+0000] {logging_mixin.py:188} INFO - [2025-12-21T07:19:55.231+0000] {dagbag.py:540} INFO - Filling up the DagBag from /home/airflow/.local/lib/python3.8/site-packages/airflow/example_dags/tutorial_taskflow_api.py
[2025-12-21T07:19:55.241+0000] {processor.py:840} INFO - DAG(s) 'tutorial_taskflow_api' retrieved from /home/airflow/.local/lib/python3.8/site-packages/airflow/example_dags/tutorial_taskflow_api.py
[2025-12-21T07:19:55.266+0000] {logging_mixin.py:188} INFO - [2025-12-21T07:19:55.266+0000] {dag.py:3047} INFO - Sync 1 DAGs
[2025-12-21T07:19:55.282+0000] {logging_mixin.py:188} INFO - [2025-12-21T07:19:55.281+0000] {dag.py:3834} INFO - Setting next_dagrun for tutorial_taskflow_api to None, run_after=None
[2025-12-21T07:19:55.306+0000] {processor.py:183} INFO - Processing /home/airflow/.local/lib/python3.8/site-packages/airflow/example_dags/tutorial_taskflow_api.py took 0.083 seconds
[2025-12-21T07:20:25.650+0000] {processor.py:161} INFO - Started process (PID=1029) to work on /home/airflow/.local/lib/python3.8/site-packages/airflow/example_dags/tutorial_taskflow_api.py
[2025-12-21T07:20:25.652+0000] {processor.py:830} INFO - Processing file /home/airflow/.local/lib/python3.8/site-packages/airflow/example_dags/tutorial_taskflow_api.py for tasks to queue
[2025-12-21T07:20:25.654+0000] {logging_mixin.py:188} INFO - [2025-12-21T07:20:25.654+0000] {dagbag.py:540} INFO - Filling up the DagBag from /home/airflow/.local/lib/python3.8/site-packages/airflow/example_dags/tutorial_taskflow_api.py
[2025-12-21T07:20:25.660+0000] {processor.py:840} INFO - DAG(s) 'tutorial_taskflow_api' retrieved from /home/airflow/.local/lib/python3.8/site-packages/airflow/example_dags/tutorial_taskflow_api.py
[2025-12-21T07:20:25.682+0000] {logging_mixin.py:188} INFO - [2025-12-21T07:20:25.682+0000] {dag.py:3047} INFO - Sync 1 DAGs
[2025-12-21T07:20:25.693+0000] {logging_mixin.py:188} INFO - [2025-12-21T07:20:25.693+0000] {dag.py:3834} INFO - Setting next_dagrun for tutorial_taskflow_api to None, run_after=None
[2025-12-21T07:20:25.712+0000] {processor.py:183} INFO - Processing /home/airflow/.local/lib/python3.8/site-packages/airflow/example_dags/tutorial_taskflow_api.py took 0.065 seconds
[2025-12-21T07:20:40.103+0000] {processor.py:161} INFO - Started process (PID=64) to work on /home/airflow/.local/lib/python3.8/site-packages/airflow/example_dags/tutorial_taskflow_api.py
[2025-12-21T07:20:40.104+0000] {processor.py:830} INFO - Processing file /home/airflow/.local/lib/python3.8/site-packages/airflow/example_dags/tutorial_taskflow_api.py for tasks to queue
[2025-12-21T07:20:40.107+0000] {logging_mixin.py:188} INFO - [2025-12-21T07:20:40.106+0000] {dagbag.py:540} INFO - Filling up the DagBag from /home/airflow/.local/lib/python3.8/site-packages/airflow/example_dags/tutorial_taskflow_api.py
[2025-12-21T07:20:40.113+0000] {processor.py:840} INFO - DAG(s) 'tutorial_taskflow_api' retrieved from /home/airflow/.local/lib/python3.8/site-packages/airflow/example_dags/tutorial_taskflow_api.py
[2025-12-21T07:20:40.141+0000] {logging_mixin.py:188} INFO - [2025-12-21T07:20:40.141+0000] {dag.py:3047} INFO - Sync 1 DAGs
[2025-12-21T07:20:40.154+0000] {logging_mixin.py:188} INFO - [2025-12-21T07:20:40.154+0000] {dag.py:3834} INFO - Setting next_dagrun for tutorial_taskflow_api to None, run_after=None
[2025-12-21T07:20:40.175+0000] {processor.py:183} INFO - Processing /home/airflow/.local/lib/python3.8/site-packages/airflow/example_dags/tutorial_taskflow_api.py took 0.075 seconds
[2025-12-21T07:21:11.041+0000] {processor.py:161} INFO - Started process (PID=120) to work on /home/airflow/.local/lib/python3.8/site-packages/airflow/example_dags/tutorial_taskflow_api.py
[2025-12-21T07:21:11.043+0000] {processor.py:830} INFO - Processing file /home/airflow/.local/lib/python3.8/site-packages/airflow/example_dags/tutorial_taskflow_api.py for tasks to queue
[2025-12-21T07:21:11.045+0000] {logging_mixin.py:188} INFO - [2025-12-21T07:21:11.044+0000] {dagbag.py:540} INFO - Filling up the DagBag from /home/airflow/.local/lib/python3.8/site-packages/airflow/example_dags/tutorial_taskflow_api.py
[2025-12-21T07:21:11.051+0000] {processor.py:840} INFO - DAG(s) 'tutorial_taskflow_api' retrieved from /home/airflow/.local/lib/python3.8/site-packages/airflow/example_dags/tutorial_taskflow_api.py
[2025-12-21T07:21:11.077+0000] {logging_mixin.py:188} INFO - [2025-12-21T07:21:11.076+0000] {dag.py:3047} INFO - Sync 1 DAGs
[2025-12-21T07:21:11.092+0000] {logging_mixin.py:188} INFO - [2025-12-21T07:21:11.092+0000] {dag.py:3834} INFO - Setting next_dagrun for tutorial_taskflow_api to None, run_after=None
[2025-12-21T07:21:11.115+0000] {processor.py:183} INFO - Processing /home/airflow/.local/lib/python3.8/site-packages/airflow/example_dags/tutorial_taskflow_api.py took 0.078 seconds
[2025-12-21T07:22:20.901+0000] {processor.py:161} INFO - Started process (PID=71) to work on /home/airflow/.local/lib/python3.8/site-packages/airflow/example_dags/tutorial_taskflow_api.py
[2025-12-21T07:22:20.903+0000] {processor.py:830} INFO - Processing file /home/airflow/.local/lib/python3.8/site-packages/airflow/example_dags/tutorial_taskflow_api.py for tasks to queue
[2025-12-21T07:22:20.906+0000] {logging_mixin.py:188} INFO - [2025-12-21T07:22:20.905+0000] {dagbag.py:540} INFO - Filling up the DagBag from /home/airflow/.local/lib/python3.8/site-packages/airflow/example_dags/tutorial_taskflow_api.py
[2025-12-21T07:22:20.915+0000] {processor.py:840} INFO - DAG(s) 'tutorial_taskflow_api' retrieved from /home/airflow/.local/lib/python3.8/site-packages/airflow/example_dags/tutorial_taskflow_api.py
[2025-12-21T07:22:20.933+0000] {logging_mixin.py:188} INFO - [2025-12-21T07:22:20.933+0000] {dag.py:3047} INFO - Sync 1 DAGs
[2025-12-21T07:22:20.949+0000] {logging_mixin.py:188} INFO - [2025-12-21T07:22:20.949+0000] {dag.py:3834} INFO - Setting next_dagrun for tutorial_taskflow_api to None, run_after=None
[2025-12-21T07:22:20.974+0000] {processor.py:183} INFO - Processing /home/airflow/.local/lib/python3.8/site-packages/airflow/example_dags/tutorial_taskflow_api.py took 0.077 seconds
[2025-12-21T07:22:52.318+0000] {processor.py:161} INFO - Started process (PID=134) to work on /home/airflow/.local/lib/python3.8/site-packages/airflow/example_dags/tutorial_taskflow_api.py
[2025-12-21T07:22:52.320+0000] {processor.py:830} INFO - Processing file /home/airflow/.local/lib/python3.8/site-packages/airflow/example_dags/tutorial_taskflow_api.py for tasks to queue
[2025-12-21T07:22:52.323+0000] {logging_mixin.py:188} INFO - [2025-12-21T07:22:52.322+0000] {dagbag.py:540} INFO - Filling up the DagBag from /home/airflow/.local/lib/python3.8/site-packages/airflow/example_dags/tutorial_taskflow_api.py
[2025-12-21T07:22:52.330+0000] {processor.py:840} INFO - DAG(s) 'tutorial_taskflow_api' retrieved from /home/airflow/.local/lib/python3.8/site-packages/airflow/example_dags/tutorial_taskflow_api.py
[2025-12-21T07:22:52.443+0000] {logging_mixin.py:188} INFO - [2025-12-21T07:22:52.442+0000] {dag.py:3047} INFO - Sync 1 DAGs
[2025-12-21T07:22:52.454+0000] {logging_mixin.py:188} INFO - [2025-12-21T07:22:52.454+0000] {dag.py:3834} INFO - Setting next_dagrun for tutorial_taskflow_api to None, run_after=None
[2025-12-21T07:22:52.479+0000] {processor.py:183} INFO - Processing /home/airflow/.local/lib/python3.8/site-packages/airflow/example_dags/tutorial_taskflow_api.py took 0.164 seconds
[2025-12-21T07:28:31.433+0000] {processor.py:161} INFO - Started process (PID=79) to work on /home/airflow/.local/lib/python3.8/site-packages/airflow/example_dags/tutorial_taskflow_api.py
[2025-12-21T07:28:31.439+0000] {processor.py:830} INFO - Processing file /home/airflow/.local/lib/python3.8/site-packages/airflow/example_dags/tutorial_taskflow_api.py for tasks to queue
[2025-12-21T07:28:31.449+0000] {logging_mixin.py:188} INFO - [2025-12-21T07:28:31.448+0000] {dagbag.py:540} INFO - Filling up the DagBag from /home/airflow/.local/lib/python3.8/site-packages/airflow/example_dags/tutorial_taskflow_api.py
[2025-12-21T07:28:31.470+0000] {processor.py:840} INFO - DAG(s) 'tutorial_taskflow_api' retrieved from /home/airflow/.local/lib/python3.8/site-packages/airflow/example_dags/tutorial_taskflow_api.py
[2025-12-21T07:28:31.499+0000] {logging_mixin.py:188} INFO - [2025-12-21T07:28:31.499+0000] {dag.py:3047} INFO - Sync 1 DAGs
[2025-12-21T07:28:31.527+0000] {logging_mixin.py:188} INFO - [2025-12-21T07:28:31.526+0000] {dag.py:3834} INFO - Setting next_dagrun for tutorial_taskflow_api to None, run_after=None
[2025-12-21T07:28:31.591+0000] {processor.py:183} INFO - Processing /home/airflow/.local/lib/python3.8/site-packages/airflow/example_dags/tutorial_taskflow_api.py took 0.172 seconds
[2025-12-21T07:29:02.010+0000] {processor.py:161} INFO - Started process (PID=135) to work on /home/airflow/.local/lib/python3.8/site-packages/airflow/example_dags/tutorial_taskflow_api.py
[2025-12-21T07:29:02.011+0000] {processor.py:830} INFO - Processing file /home/airflow/.local/lib/python3.8/site-packages/airflow/example_dags/tutorial_taskflow_api.py for tasks to queue
[2025-12-21T07:29:02.015+0000] {logging_mixin.py:188} INFO - [2025-12-21T07:29:02.014+0000] {dagbag.py:540} INFO - Filling up the DagBag from /home/airflow/.local/lib/python3.8/site-packages/airflow/example_dags/tutorial_taskflow_api.py
[2025-12-21T07:29:02.022+0000] {processor.py:840} INFO - DAG(s) 'tutorial_taskflow_api' retrieved from /home/airflow/.local/lib/python3.8/site-packages/airflow/example_dags/tutorial_taskflow_api.py
[2025-12-21T07:29:02.123+0000] {logging_mixin.py:188} INFO - [2025-12-21T07:29:02.122+0000] {dag.py:3047} INFO - Sync 1 DAGs
[2025-12-21T07:29:02.133+0000] {logging_mixin.py:188} INFO - [2025-12-21T07:29:02.133+0000] {dag.py:3834} INFO - Setting next_dagrun for tutorial_taskflow_api to None, run_after=None
[2025-12-21T07:29:02.156+0000] {processor.py:183} INFO - Processing /home/airflow/.local/lib/python3.8/site-packages/airflow/example_dags/tutorial_taskflow_api.py took 0.150 seconds
[2025-12-21T07:29:32.945+0000] {processor.py:161} INFO - Started process (PID=191) to work on /home/airflow/.local/lib/python3.8/site-packages/airflow/example_dags/tutorial_taskflow_api.py
[2025-12-21T07:29:32.947+0000] {processor.py:830} INFO - Processing file /home/airflow/.local/lib/python3.8/site-packages/airflow/example_dags/tutorial_taskflow_api.py for tasks to queue
[2025-12-21T07:29:32.950+0000] {logging_mixin.py:188} INFO - [2025-12-21T07:29:32.949+0000] {dagbag.py:540} INFO - Filling up the DagBag from /home/airflow/.local/lib/python3.8/site-packages/airflow/example_dags/tutorial_taskflow_api.py
[2025-12-21T07:29:32.958+0000] {processor.py:840} INFO - DAG(s) 'tutorial_taskflow_api' retrieved from /home/airflow/.local/lib/python3.8/site-packages/airflow/example_dags/tutorial_taskflow_api.py
[2025-12-21T07:29:32.989+0000] {logging_mixin.py:188} INFO - [2025-12-21T07:29:32.989+0000] {dag.py:3047} INFO - Sync 1 DAGs
[2025-12-21T07:29:33.007+0000] {logging_mixin.py:188} INFO - [2025-12-21T07:29:33.006+0000] {dag.py:3834} INFO - Setting next_dagrun for tutorial_taskflow_api to None, run_after=None
[2025-12-21T07:29:33.038+0000] {processor.py:183} INFO - Processing /home/airflow/.local/lib/python3.8/site-packages/airflow/example_dags/tutorial_taskflow_api.py took 0.098 seconds
[2025-12-21T07:30:03.400+0000] {processor.py:161} INFO - Started process (PID=246) to work on /home/airflow/.local/lib/python3.8/site-packages/airflow/example_dags/tutorial_taskflow_api.py
[2025-12-21T07:30:03.402+0000] {processor.py:830} INFO - Processing file /home/airflow/.local/lib/python3.8/site-packages/airflow/example_dags/tutorial_taskflow_api.py for tasks to queue
[2025-12-21T07:30:03.405+0000] {logging_mixin.py:188} INFO - [2025-12-21T07:30:03.404+0000] {dagbag.py:540} INFO - Filling up the DagBag from /home/airflow/.local/lib/python3.8/site-packages/airflow/example_dags/tutorial_taskflow_api.py
[2025-12-21T07:30:03.416+0000] {processor.py:840} INFO - DAG(s) 'tutorial_taskflow_api' retrieved from /home/airflow/.local/lib/python3.8/site-packages/airflow/example_dags/tutorial_taskflow_api.py
[2025-12-21T07:30:03.447+0000] {logging_mixin.py:188} INFO - [2025-12-21T07:30:03.447+0000] {dag.py:3047} INFO - Sync 1 DAGs
[2025-12-21T07:30:03.462+0000] {logging_mixin.py:188} INFO - [2025-12-21T07:30:03.462+0000] {dag.py:3834} INFO - Setting next_dagrun for tutorial_taskflow_api to None, run_after=None
[2025-12-21T07:30:03.487+0000] {processor.py:183} INFO - Processing /home/airflow/.local/lib/python3.8/site-packages/airflow/example_dags/tutorial_taskflow_api.py took 0.092 seconds
[2025-12-21T07:30:33.669+0000] {processor.py:161} INFO - Started process (PID=302) to work on /home/airflow/.local/lib/python3.8/site-packages/airflow/example_dags/tutorial_taskflow_api.py
[2025-12-21T07:30:33.671+0000] {processor.py:830} INFO - Processing file /home/airflow/.local/lib/python3.8/site-packages/airflow/example_dags/tutorial_taskflow_api.py for tasks to queue
[2025-12-21T07:30:33.674+0000] {logging_mixin.py:188} INFO - [2025-12-21T07:30:33.673+0000] {dagbag.py:540} INFO - Filling up the DagBag from /home/airflow/.local/lib/python3.8/site-packages/airflow/example_dags/tutorial_taskflow_api.py
[2025-12-21T07:30:33.684+0000] {processor.py:840} INFO - DAG(s) 'tutorial_taskflow_api' retrieved from /home/airflow/.local/lib/python3.8/site-packages/airflow/example_dags/tutorial_taskflow_api.py
[2025-12-21T07:30:33.718+0000] {logging_mixin.py:188} INFO - [2025-12-21T07:30:33.718+0000] {dag.py:3047} INFO - Sync 1 DAGs
[2025-12-21T07:30:33.738+0000] {logging_mixin.py:188} INFO - [2025-12-21T07:30:33.737+0000] {dag.py:3834} INFO - Setting next_dagrun for tutorial_taskflow_api to None, run_after=None
[2025-12-21T07:30:33.765+0000] {processor.py:183} INFO - Processing /home/airflow/.local/lib/python3.8/site-packages/airflow/example_dags/tutorial_taskflow_api.py took 0.100 seconds
[2025-12-21T07:31:03.954+0000] {processor.py:161} INFO - Started process (PID=358) to work on /home/airflow/.local/lib/python3.8/site-packages/airflow/example_dags/tutorial_taskflow_api.py
[2025-12-21T07:31:03.955+0000] {processor.py:830} INFO - Processing file /home/airflow/.local/lib/python3.8/site-packages/airflow/example_dags/tutorial_taskflow_api.py for tasks to queue
[2025-12-21T07:31:03.958+0000] {logging_mixin.py:188} INFO - [2025-12-21T07:31:03.957+0000] {dagbag.py:540} INFO - Filling up the DagBag from /home/airflow/.local/lib/python3.8/site-packages/airflow/example_dags/tutorial_taskflow_api.py
[2025-12-21T07:31:03.965+0000] {processor.py:840} INFO - DAG(s) 'tutorial_taskflow_api' retrieved from /home/airflow/.local/lib/python3.8/site-packages/airflow/example_dags/tutorial_taskflow_api.py
[2025-12-21T07:31:03.992+0000] {logging_mixin.py:188} INFO - [2025-12-21T07:31:03.991+0000] {dag.py:3047} INFO - Sync 1 DAGs
[2025-12-21T07:31:04.006+0000] {logging_mixin.py:188} INFO - [2025-12-21T07:31:04.006+0000] {dag.py:3834} INFO - Setting next_dagrun for tutorial_taskflow_api to None, run_after=None
[2025-12-21T07:31:04.028+0000] {processor.py:183} INFO - Processing /home/airflow/.local/lib/python3.8/site-packages/airflow/example_dags/tutorial_taskflow_api.py took 0.079 seconds
[2025-12-21T07:31:34.202+0000] {processor.py:161} INFO - Started process (PID=414) to work on /home/airflow/.local/lib/python3.8/site-packages/airflow/example_dags/tutorial_taskflow_api.py
[2025-12-21T07:31:34.204+0000] {processor.py:830} INFO - Processing file /home/airflow/.local/lib/python3.8/site-packages/airflow/example_dags/tutorial_taskflow_api.py for tasks to queue
[2025-12-21T07:31:34.207+0000] {logging_mixin.py:188} INFO - [2025-12-21T07:31:34.206+0000] {dagbag.py:540} INFO - Filling up the DagBag from /home/airflow/.local/lib/python3.8/site-packages/airflow/example_dags/tutorial_taskflow_api.py
[2025-12-21T07:31:34.221+0000] {processor.py:840} INFO - DAG(s) 'tutorial_taskflow_api' retrieved from /home/airflow/.local/lib/python3.8/site-packages/airflow/example_dags/tutorial_taskflow_api.py
[2025-12-21T07:31:34.261+0000] {logging_mixin.py:188} INFO - [2025-12-21T07:31:34.260+0000] {dag.py:3047} INFO - Sync 1 DAGs
[2025-12-21T07:31:34.279+0000] {logging_mixin.py:188} INFO - [2025-12-21T07:31:34.279+0000] {dag.py:3834} INFO - Setting next_dagrun for tutorial_taskflow_api to None, run_after=None
[2025-12-21T07:31:34.309+0000] {processor.py:183} INFO - Processing /home/airflow/.local/lib/python3.8/site-packages/airflow/example_dags/tutorial_taskflow_api.py took 0.113 seconds
