[2025-12-21T07:36:18.170+0000] {taskinstance.py:1979} INFO - Dependencies all met for dep_context=non-requeueable deps ti=<TaskInstance: air_pollution_pipeline.merge_raw_data manual__2025-12-21T07:36:17.276556+00:00 [queued]>
[2025-12-21T07:36:18.180+0000] {taskinstance.py:1979} INFO - Dependencies all met for dep_context=requeueable deps ti=<TaskInstance: air_pollution_pipeline.merge_raw_data manual__2025-12-21T07:36:17.276556+00:00 [queued]>
[2025-12-21T07:36:18.181+0000] {taskinstance.py:2193} INFO - Starting attempt 1 of 2
[2025-12-21T07:36:18.193+0000] {taskinstance.py:2217} INFO - Executing <Task(BashOperator): merge_raw_data> on 2025-12-21 07:36:17.276556+00:00
[2025-12-21T07:36:18.200+0000] {standard_task_runner.py:60} INFO - Started process 127 to run task
[2025-12-21T07:36:18.205+0000] {standard_task_runner.py:87} INFO - Running: ['***', 'tasks', 'run', 'air_pollution_pipeline', 'merge_raw_data', 'manual__2025-12-21T07:36:17.276556+00:00', '--job-id', '13', '--raw', '--subdir', 'DAGS_FOLDER/air_pollution_dag.py', '--cfg-path', '/tmp/tmp19z9l63j']
[2025-12-21T07:36:18.207+0000] {standard_task_runner.py:88} INFO - Job 13: Subtask merge_raw_data
[2025-12-21T07:36:18.283+0000] {task_command.py:423} INFO - Running <TaskInstance: air_pollution_pipeline.merge_raw_data manual__2025-12-21T07:36:17.276556+00:00 [running]> on host c6e9502c0e09
[2025-12-21T07:36:18.364+0000] {taskinstance.py:2513} INFO - Exporting env vars: AIRFLOW_CTX_DAG_OWNER='***' AIRFLOW_CTX_DAG_ID='air_pollution_pipeline' AIRFLOW_CTX_TASK_ID='merge_raw_data' AIRFLOW_CTX_EXECUTION_DATE='2025-12-21T07:36:17.276556+00:00' AIRFLOW_CTX_TRY_NUMBER='1' AIRFLOW_CTX_DAG_RUN_ID='manual__2025-12-21T07:36:17.276556+00:00'
[2025-12-21T07:36:18.366+0000] {subprocess.py:63} INFO - Tmp dir root location: /tmp
[2025-12-21T07:36:18.368+0000] {subprocess.py:75} INFO - Running command: ['/usr/bin/bash', '-c', 'python /opt/***/spark/merge.py']
[2025-12-21T07:36:18.383+0000] {subprocess.py:86} INFO - Output:
[2025-12-21T07:36:18.411+0000] {subprocess.py:93} INFO - python: can't open file '/opt/***/spark/merge.py': [Errno 2] No such file or directory
[2025-12-21T07:36:18.415+0000] {subprocess.py:97} INFO - Command exited with return code 2
[2025-12-21T07:36:18.428+0000] {taskinstance.py:2731} ERROR - Task failed with exception
Traceback (most recent call last):
  File "/home/airflow/.local/lib/python3.8/site-packages/airflow/models/taskinstance.py", line 444, in _execute_task
    result = _execute_callable(context=context, **execute_callable_kwargs)
  File "/home/airflow/.local/lib/python3.8/site-packages/airflow/models/taskinstance.py", line 414, in _execute_callable
    return execute_callable(context=context, **execute_callable_kwargs)
  File "/home/airflow/.local/lib/python3.8/site-packages/airflow/operators/bash.py", line 212, in execute
    raise AirflowException(
airflow.exceptions.AirflowException: Bash command failed. The command returned a non-zero exit code 2.
[2025-12-21T07:36:18.432+0000] {taskinstance.py:1149} INFO - Marking task as UP_FOR_RETRY. dag_id=air_pollution_pipeline, task_id=merge_raw_data, execution_date=20251221T073617, start_date=20251221T073618, end_date=20251221T073618
[2025-12-21T07:36:18.446+0000] {standard_task_runner.py:107} ERROR - Failed to execute job 13 for task merge_raw_data (Bash command failed. The command returned a non-zero exit code 2.; 127)
[2025-12-21T07:36:18.460+0000] {local_task_job_runner.py:234} INFO - Task exited with return code 1
[2025-12-21T07:36:18.486+0000] {taskinstance.py:3312} INFO - 0 downstream tasks scheduled from follow-on schedule check
